STARTING AT Mon Nov 28 12:46:09 CET 2022
Random seed: 1000
6 14
Reading dataset
Shuffling and extracting from dataset (length: 105092)
Shuffling and extraction done
Calculating power spectrum
Expansion coefficients done
Computing training kernel
     Calculating kernels for center species 79
Training kernel done
Computing test kernel
     Calculating kernels for center species 79
Test kernel done
Calculating composition features
Composition features done
-8.0 54772256056377.97
-7.8 31622776754587.973
-7.6 31622776772814.402
-7.4 31622776661353.418
-7.2 31622782668595.582
-7.0 31622776745469.043
-6.8 44721359569180.08
-6.6 31622776716828.152
-6.4 31622776719750.273
-6.2 44721360078630.85
-6.0 291377.778355344
-5.8 523783.4506918751
-5.6 12550.971001799024
-5.4 27931.597013847953
-5.199999999999999 84404601.05552354
-5.0 9700.766234478593
-4.8 151458.36144535567
-4.6 30980.019825945885
-4.4 48302.00595685442
-4.199999999999999 6755.209049614971
-4.0 18417.100080414395
-3.8 346.6060717875554
-3.5999999999999996 322.6849640128898
-3.3999999999999995 317.80080475039705
-3.1999999999999993 318.3143257850642
-3.0 320.8778178684217
-2.8 326.78242608806244
-2.5999999999999996 333.9862452257578
-2.3999999999999995 343.5011411916997
-2.1999999999999993 356.39007982826905
-2.0 372.9454035110233
-1.7999999999999998 394.16742381886405
-1.5999999999999996 420.80632718627226
-1.3999999999999995 453.45332615386116
-1.1999999999999993 492.45973236397714
-1.0 537.7827702706735
-0.7999999999999998 589.6273704637531
-0.5999999999999996 648.1064603905751
-0.39999999999999947 712.9941177877978
-0.1999999999999993 783.5799971923734
0.0 858.924455350993
0.20000000000000107 937.916955812187
0.40000000000000036 1019.411422341343
0.5999999999999996 1103.0254430429065
0.8000000000000007 1190.244210235866
1.0 1285.182972187229
1.200000000000001 1394.8038543107054
1.4000000000000004 1528.0629463474336
1.6000000000000014 1693.3861603308326
1.8000000000000007 1894.8766883362093
2.0 2128.15069391244
2.200000000000001 2377.8670576800546
2.4000000000000004 2621.187138683539
2.6000000000000014 2837.5245662372686
2.8000000000000007 3017.6706036279043
3.0 3166.744983733297
3.200000000000001 3302.274726306096
3.4000000000000004 3450.0490987810595
3.6000000000000014 3636.289555027212
3.8000000000000007 3874.257259398245
4.0 4152.68093067599
Result sigma optimization:  -3.3999999999999995 317.80080475039705
E_max_2 =  400
Cutoff Radius =  4.5
Selected Radial Transform =  3.0
factor =  0.8
displacement =  0.4
dataset =  datasets/gold.xyz
n_train =  1000
n_test =  1000
Train RMSE: 266.0174560546875 [Train MAE: 203.60574340820312]
Test RMSE: 316.85821533203125 [Test MAE: 234.97994995117188]
FINISHED at Mon Nov 28 13:47:47 CET 2022
