STARTING AT Thu Jan 12 02:00:35 CET 2023
Random seed: 1000
6 14
Reading dataset
Shuffling and extracting from dataset (length: 133885)
Shuffling and extraction done
Calculating power spectrum
Expansion coefficients done
Computing training kernel
     Calculating kernels for center species 1
     Calculating kernels for center species 1
Beginning first index add...
Beginning second index add...
     Calculating kernels for center species 6
     Calculating kernels for center species 6
Beginning first index add...
Beginning second index add...
     Calculating kernels for center species 7
     Calculating kernels for center species 7
Beginning first index add...
Beginning second index add...
     Calculating kernels for center species 8
     Calculating kernels for center species 8
Beginning first index add...
Beginning second index add...
     Calculating kernels for center species 9
     Calculating kernels for center species 9
Beginning first index add...
Beginning second index add...
Training kernel done
Computing test kernel
     Calculating kernels for center species 1
     Calculating kernels for center species 1
Beginning first index add...
Beginning second index add...
     Calculating kernels for center species 6
     Calculating kernels for center species 6
Beginning first index add...
Beginning second index add...
     Calculating kernels for center species 7
     Calculating kernels for center species 7
Beginning first index add...
Beginning second index add...
     Calculating kernels for center species 8
     Calculating kernels for center species 8
Beginning first index add...
Beginning second index add...
     Calculating kernels for center species 9
     Calculating kernels for center species 9
Beginning first index add...
Beginning second index add...
Test kernel done
Calculating composition features
Composition features done
-8.0 0.5911743818334763
-7.8 0.5955187285851942
-7.6 0.6024840937303517
-7.4 0.6123842071844868
-7.2 0.625427356746405
-7.0 0.6414221118458568
-6.8 0.6609164737383566
-6.6 0.6838920559257873
-6.4 0.7108273506775403
-6.2 0.7415076404435291
-6.0 0.7760035117519285
-5.8 0.8136263173907435
-5.6 0.8569448216193203
-5.4 0.905720675898462
-5.199999999999999 0.9589321294889108
-5.0 1.017075711807279
-4.8 1.0818347431726834
-4.6 1.1551000261983915
-4.4 1.2377631838140275
-4.199999999999999 1.3302226096758467
-4.0 1.433588812071384
-3.8 1.5450814429026396
-3.5999999999999996 1.662737736972019
-3.3999999999999995 1.7884904883949766
-3.1999999999999993 1.9266238331820251
-3.0 2.0795428674256913
-2.8 2.2521186713397117
-2.5999999999999996 2.4515249225682356
-2.3999999999999995 2.693741276655968
-2.1999999999999993 3.0002514251661965
-2.0 3.3882389876237378
-1.7999999999999998 3.8675451294631333
-1.5999999999999996 4.432956275940629
-1.3999999999999995 5.071719678359511
-1.1999999999999993 5.770608382629656
-1.0 6.537082395890119
-0.7999999999999998 7.378065289786135
-0.5999999999999996 8.327409966490203
-0.39999999999999947 9.39173584600248
-0.1999999999999993 10.548270154604488
0.0 11.762342519500129
0.20000000000000107 12.974205425496054
0.40000000000000036 14.132112462680984
0.5999999999999996 15.204164123914484
0.8000000000000007 16.177269387386925
1.0 17.044754665552052
1.200000000000001 17.803915641343583
1.4000000000000004 18.44053178825191
1.6000000000000014 18.9475617618533
1.8000000000000007 19.328099164581026
2.0 19.602795503752503
2.200000000000001 19.793955009166663
2.4000000000000004 19.924939541275975
2.6000000000000014 20.01323470406667
2.8000000000000007 20.072720648908184
3.0 20.112180990704264
3.200000000000001 20.138087968002136
3.4000000000000004 20.154916281595895
3.6000000000000014 20.165706077724252
3.8000000000000007 20.172538788068675
4.0 20.176803405217694
Result sigma optimization:  -8.0 0.5911743818334763
E_max_2 =  400
Cutoff Radius =  6.0
Selected Radial Transform =  14.0
factor =  1.7
displacement =  0.0
dataset =  datasets/qm9.xyz
n_train =  10000
n_test =  2000
Train RMSE: 0.25936258790366784 [Train MAE: 0.19547819803529928]
Test RMSE: 1.143250655541023 [Test MAE: 0.5755565260505427]
FINISHED at Thu Jan 12 02:14:36 CET 2023
