STARTING AT Thu Jan 12 03:22:20 CET 2023
Random seed: 1000
6 14
Reading dataset
Shuffling and extracting from dataset (length: 105092)
Shuffling and extraction done
Calculating power spectrum
Expansion coefficients done
Computing training kernel
     Calculating kernels for center species 79
     Calculating kernels for center species 79
Beginning first index add...
Beginning second index add...
Training kernel done
Computing test kernel
     Calculating kernels for center species 79
     Calculating kernels for center species 79
Beginning first index add...
Beginning second index add...
Test kernel done
Calculating composition features
Composition features done
-8.0 70.20269672032822
-7.8 70.64450246449242
-7.6 71.19472587161329
-7.4 71.84376912932228
-7.2 72.57153912408891
-7.0 73.35477325477753
-6.8 74.17349150699889
-6.6 75.01354253298409
-6.4 75.86319414207767
-6.2 76.70960089624799
-6.0 77.54107770400174
-5.8 78.355478387696
-5.6 79.16928335828695
-5.4 80.01918134966557
-5.199999999999999 80.95086953425181
-5.0 81.99932124880533
-4.8 83.1740085380209
-4.6 84.45996522384677
-4.4 85.8312392515749
-4.199999999999999 87.26520256830887
-4.0 88.75266378476886
-3.8 90.30477239974863
-3.5999999999999996 91.95564247213902
-3.3999999999999995 93.7603340954381
-3.1999999999999993 95.79459390855564
-3.0 98.16096083856993
-2.8 100.9888205523727
-2.5999999999999996 104.4034561998824
-2.3999999999999995 108.45801854026575
-2.1999999999999993 113.0738222658177
-2.0 118.05912061816956
-1.7999999999999998 123.2078890910064
-1.5999999999999996 128.38892620304276
-1.3999999999999995 133.56258219188845
-1.1999999999999993 138.77997824570662
-1.0 144.26315367814715
-0.7999999999999998 150.5619627005947
-0.5999999999999996 158.62050494934508
-0.39999999999999947 169.50816548763143
-0.1999999999999993 183.75684861687816
0.0 200.7547099179041
0.20000000000000107 218.8864747761859
0.40000000000000036 236.44810705836875
0.5999999999999996 252.58242908888136
0.8000000000000007 267.62310757459903
1.0 282.842171360248
1.200000000000001 299.84476513863297
1.4000000000000004 319.8735590858553
1.6000000000000014 343.38441367737994
1.8000000000000007 370.0606105039938
2.0 398.9748323957136
2.200000000000001 428.7962938020659
2.4000000000000004 458.4643675723652
2.6000000000000014 488.2720488682763
2.8000000000000007 520.3507447973275
3.0 557.5721087417411
3.200000000000001 601.0959975354638
3.4000000000000004 648.563125442783
3.6000000000000014 695.0052648947438
3.8000000000000007 735.6892476068706
4.0 768.1905719746705
Result sigma optimization:  -8.0 70.20269672032822
E_max_2 =  400
Cutoff Radius =  6.0
Selected Radial Transform =  14.0
factor =  0.7
displacement =  0.0
dataset =  datasets/gold.xyz
n_train =  10000
n_test =  2000
Train RMSE: 64.1758031159056 [Train MAE: 43.47762003445625]
Test RMSE: 74.53410399674954 [Test MAE: 48.16008554005623]
FINISHED at Thu Jan 12 03:30:52 CET 2023
