STARTING AT Thu Jan 12 03:21:13 CET 2023
Random seed: 1000
6 14
Reading dataset
Shuffling and extracting from dataset (length: 105092)
Shuffling and extraction done
Calculating power spectrum
Expansion coefficients done
Computing training kernel
     Calculating kernels for center species 79
     Calculating kernels for center species 79
Beginning first index add...
Beginning second index add...
Training kernel done
Computing test kernel
     Calculating kernels for center species 79
     Calculating kernels for center species 79
Beginning first index add...
Beginning second index add...
Test kernel done
Calculating composition features
Composition features done
-8.0 71.13666300885053
-7.8 70.60201311803254
-7.6 69.99370586477667
-7.4 69.31183422844248
-7.2 68.56043245655648
-7.0 67.74809212988787
-6.8 66.88635912691757
-6.6 65.9853911436672
-6.4 65.04919846123423
-6.2 64.07453893806193
-6.0 63.05544395136045
-5.8 61.992223946370984
-5.6 60.90175049539101
-5.4 59.82204446908368
-5.199999999999999 58.806697157551305
-5.0 57.91262389075572
-4.8 57.186992435702855
-4.6 56.65600559408275
-4.4 56.32070072474031
-4.199999999999999 56.16552538015459
-4.0 56.174272896826345
-3.8 56.340393728279906
-3.5999999999999996 56.66773939574776
-3.3999999999999995 57.16907717469788
-3.1999999999999993 57.86659231986421
-3.0 58.78942360775686
-2.8 59.96564896064026
-2.5999999999999996 61.415581015913524
-2.3999999999999995 63.15182523952981
-2.1999999999999993 65.18127617986005
-2.0 67.50422723671029
-1.7999999999999998 70.11636626636584
-1.5999999999999996 73.02172356308064
-1.3999999999999995 76.25443489271002
-1.1999999999999993 79.89822846950055
-1.0 84.09072999406715
-0.7999999999999998 88.99998012794725
-0.5999999999999996 94.77051501935057
-0.39999999999999947 101.46405321646222
-0.1999999999999993 109.04653629643511
0.0 117.45905789038665
0.20000000000000107 126.71848289330315
0.40000000000000036 136.91464581317382
0.5999999999999996 148.0883323210245
0.8000000000000007 160.17991348152626
1.0 173.18723271875888
1.200000000000001 187.3910492763765
1.4000000000000004 203.37568989244747
1.6000000000000014 221.74812268351857
1.8000000000000007 242.81244493532753
2.0 266.67250758580315
2.200000000000001 293.85546212979125
2.4000000000000004 325.6877584738144
2.6000000000000014 363.453435375606
2.8000000000000007 406.70696949647225
3.0 452.69926668646787
3.200000000000001 498.0137500714677
3.4000000000000004 540.867819613985
3.6000000000000014 581.818423923938
3.8000000000000007 622.3280466083929
4.0 662.6124902456972
Result sigma optimization:  -4.199999999999999 56.16552538015459
E_max_2 =  400
Cutoff Radius =  6.0
Selected Radial Transform =  14.0
factor =  0.3
displacement =  0.0
dataset =  datasets/gold.xyz
n_train =  10000
n_test =  2000
Train RMSE: 42.538786599301616 [Train MAE: 26.439429457447304]
Test RMSE: 56.023851542869714 [Test MAE: 32.528755031522365]
FINISHED at Thu Jan 12 03:48:33 CET 2023
