STARTING AT Thu Jan 12 03:23:01 CET 2023
Random seed: 1000
7 18
Reading dataset
Shuffling and extracting from dataset (length: 105092)
Shuffling and extraction done
Calculating power spectrum
Expansion coefficients done
Computing training kernel
     Calculating kernels for center species 79
     Calculating kernels for center species 79
Beginning first index add...
Beginning second index add...
Training kernel done
Computing test kernel
     Calculating kernels for center species 79
     Calculating kernels for center species 79
Beginning first index add...
Beginning second index add...
Test kernel done
Calculating composition features
Composition features done
-8.0 72.0360195746007
-7.8 72.34253360366057
-7.6 72.72449723831795
-7.4 73.15956860024815
-7.2 73.62929365370825
-7.0 74.12307880918313
-6.8 74.6416896067224
-6.6 75.19233162747015
-6.4 75.78170787122166
-6.2 76.4094674300088
-6.0 77.0693667252042
-5.8 77.75872259771722
-5.6 78.49022004277671
-5.4 79.29642370918276
-5.199999999999999 80.22104960597346
-5.0 81.2979630829366
-4.8 82.53015152179297
-4.6 83.88587856950635
-4.4 85.31669125126047
-4.199999999999999 86.78344590206481
-4.0 88.27164527817892
-3.8 89.78993216961346
-3.5999999999999996 91.36134374895786
-3.3999999999999995 93.01642602184927
-3.1999999999999993 94.78668001319677
-3.0 96.69739017906674
-2.8 98.76799994460853
-2.5999999999999996 101.02600308509487
-2.3999999999999995 103.52290457244217
-2.1999999999999993 106.32646130698569
-2.0 109.47593563942345
-1.7999999999999998 112.9312806735391
-1.5999999999999996 116.57532423876269
-1.3999999999999995 120.27892643236494
-1.1999999999999993 123.9680256992197
-1.0 127.64959739067146
-0.7999999999999998 131.43506422057817
-0.5999999999999996 135.62389877605372
-0.39999999999999947 140.8327970481255
-0.1999999999999993 148.03130128293813
0.0 158.25601691152787
0.20000000000000107 171.9326517057429
0.40000000000000036 188.28498171818765
0.5999999999999996 205.5561860812841
0.8000000000000007 221.9810232144598
1.0 236.66309164867278
1.200000000000001 249.83052420374582
1.4000000000000004 262.6093453858847
1.6000000000000014 276.5401888638591
1.8000000000000007 292.8692976678869
2.0 311.86432717392825
2.200000000000001 332.7882799299475
2.4000000000000004 354.6867904392471
2.6000000000000014 377.14978267262563
2.8000000000000007 400.30582706766216
3.0 424.4736757500816
3.200000000000001 450.39519395619385
3.4000000000000004 479.95009680790616
3.6000000000000014 516.0306890078468
3.8000000000000007 560.61925525641
4.0 612.2775676362925
Result sigma optimization:  -8.0 72.0360195746007
E_max_2 =  600
Cutoff Radius =  6.0
Selected Radial Transform =  14.0
factor =  0.8
displacement =  0.0
dataset =  datasets/gold.xyz
n_train =  10000
n_test =  2000
Train RMSE: 62.80996897961039 [Train MAE: 42.96763555245399]
Test RMSE: 75.60980027425006 [Test MAE: 49.07689377808571]
FINISHED at Thu Jan 12 03:32:01 CET 2023
