STARTING AT Thu Jan 12 03:58:30 CET 2023
Random seed: 1000
7 18
Reading dataset
Shuffling and extracting from dataset (length: 105092)
Shuffling and extraction done
Calculating power spectrum
Expansion coefficients done
Computing training kernel
     Calculating kernels for center species 79
     Calculating kernels for center species 79
Beginning first index add...
Beginning second index add...
Training kernel done
Computing test kernel
     Calculating kernels for center species 79
     Calculating kernels for center species 79
Beginning first index add...
Beginning second index add...
Test kernel done
Calculating composition features
Composition features done
-8.0 114.47306155591521
-7.8 109.61466543478406
-7.6 104.99744262811728
-7.4 100.61162626815818
-7.2 96.46352888753478
-7.0 92.55901727927761
-6.8 88.89377667844724
-6.6 85.44612157288596
-6.4 82.193841885953
-6.2 79.12531375958098
-6.0 76.2359240188699
-5.8 73.5167120791517
-5.6 70.9512631327748
-5.4 68.52324553909216
-5.199999999999999 66.22841393552801
-5.0 64.08009120800357
-4.8 62.10460135233453
-4.6 60.33220658131763
-4.4 58.78911800811945
-4.199999999999999 57.49048522061728
-4.0 56.43434986332489
-3.8 55.60153662848463
-3.5999999999999996 54.96500187850605
-3.3999999999999995 54.50336137690266
-3.1999999999999993 54.20934366611874
-3.0 54.08969558588898
-2.8 54.159297394297504
-2.5999999999999996 54.43324678186431
-2.3999999999999995 54.92130113910479
-2.1999999999999993 55.62858674743955
-2.0 56.560369509534176
-1.7999999999999998 57.725785269602255
-1.5999999999999996 59.14186151373932
-1.3999999999999995 60.83990968612073
-1.1999999999999993 62.86521765026691
-1.0 65.26038290525989
-0.7999999999999998 68.04421324096295
-0.5999999999999996 71.21362744441345
-0.39999999999999947 74.7777503215001
-0.1999999999999993 78.7980165707571
0.0 83.39660013077014
0.20000000000000107 88.7234061560742
0.40000000000000036 94.9087161050605
0.5999999999999996 102.03225300697426
0.8000000000000007 110.11982918201235
1.0 119.16887831217643
1.200000000000001 129.1721396734446
1.4000000000000004 140.08179264377767
1.6000000000000014 151.75369309786558
1.8000000000000007 164.01902103775518
2.0 176.90920514242327
2.200000000000001 190.8422751636592
2.4000000000000004 206.55151161719013
2.6000000000000014 224.7207304106117
2.8000000000000007 245.60275707852801
3.0 269.10341957721107
3.200000000000001 295.4567171906028
3.4000000000000004 325.77553032746755
3.6000000000000014 361.467451665527
3.8000000000000007 402.62861884867255
4.0 447.1492372720526
Result sigma optimization:  -3.0 54.08969558588898
E_max_2 =  600
Cutoff Radius =  6.0
Selected Radial Transform =  24.0
factor =  0.2
displacement =  0.0
dataset =  datasets/gold.xyz
n_train =  10000
n_test =  2000
Train RMSE: 40.259567067443946 [Train MAE: 24.688376322883926]
Test RMSE: 53.468425338165844 [Test MAE: 30.476531910053453]
FINISHED at Thu Jan 12 04:19:22 CET 2023
