STARTING AT Thu Jan 12 02:54:46 CET 2023
Random seed: 1000
7 18
Reading dataset
Shuffling and extracting from dataset (length: 133885)
Shuffling and extraction done
Calculating power spectrum
Expansion coefficients done
Computing training kernel
     Calculating kernels for center species 1
     Calculating kernels for center species 1
Beginning first index add...
Beginning second index add...
     Calculating kernels for center species 6
     Calculating kernels for center species 6
Beginning first index add...
Beginning second index add...
     Calculating kernels for center species 7
     Calculating kernels for center species 7
Beginning first index add...
Beginning second index add...
     Calculating kernels for center species 8
     Calculating kernels for center species 8
Beginning first index add...
Beginning second index add...
     Calculating kernels for center species 9
     Calculating kernels for center species 9
Beginning first index add...
Beginning second index add...
Training kernel done
Computing test kernel
     Calculating kernels for center species 1
     Calculating kernels for center species 1
Beginning first index add...
Beginning second index add...
     Calculating kernels for center species 6
     Calculating kernels for center species 6
Beginning first index add...
Beginning second index add...
     Calculating kernels for center species 7
     Calculating kernels for center species 7
Beginning first index add...
Beginning second index add...
     Calculating kernels for center species 8
     Calculating kernels for center species 8
Beginning first index add...
Beginning second index add...
     Calculating kernels for center species 9
     Calculating kernels for center species 9
Beginning first index add...
Beginning second index add...
Test kernel done
Calculating composition features
Composition features done
-8.0 0.6065178549803669
-7.8 0.6022237064083799
-7.6 0.6007794987936846
-7.4 0.6027933962507952
-7.2 0.6081290936717145
-7.0 0.6167218026332987
-6.8 0.6285648365851688
-6.6 0.6441332960789521
-6.4 0.6635495287391874
-6.2 0.6862179640147479
-6.0 0.712424173867696
-5.8 0.741426483075873
-5.6 0.7728140564494235
-5.4 0.8072320884894397
-5.199999999999999 0.8446012929615092
-5.0 0.8856957615467916
-4.8 0.9311466680486709
-4.6 0.982407378834104
-4.4 1.0396883431099726
-4.199999999999999 1.1035253466663555
-4.0 1.1755735770683815
-3.8 1.2567647739827772
-3.5999999999999996 1.3462261491915728
-3.3999999999999995 1.4419615276213902
-3.1999999999999993 1.543260684117712
-3.0 1.6520898637996928
-2.8 1.7669252427044928
-2.5999999999999996 1.8928763205092116
-2.3999999999999995 2.035339558940311
-2.1999999999999993 2.1995129701597578
-2.0 2.3932469499943747
-1.7999999999999998 2.6258822571989944
-1.5999999999999996 2.9156009054330156
-1.3999999999999995 3.2784720931876685
-1.1999999999999993 3.7195410308600882
-1.0 4.235374896974652
-0.7999999999999998 4.818440371221068
-0.5999999999999996 5.464489560149902
-0.39999999999999947 6.172885875871219
-0.1999999999999993 6.953792847939173
0.0 7.822429087324623
0.20000000000000107 8.791360761475623
0.40000000000000036 9.869996606872425
0.5999999999999996 11.02171201301692
0.8000000000000007 12.204336626480432
1.0 13.371965742233785
1.200000000000001 14.477034932005932
1.4000000000000004 15.488899243200919
1.6000000000000014 16.41026412121545
1.8000000000000007 17.232409581803708
2.0 17.950937092950646
2.200000000000001 18.553757526580466
2.4000000000000004 19.03284394106654
2.6000000000000014 19.391180259437128
2.8000000000000007 19.649460879242397
3.0 19.828282007759004
3.200000000000001 19.949356266925694
3.4000000000000004 20.03026661685887
3.6000000000000014 20.084049144521963
3.8000000000000007 20.119456314325372
4.0 20.1426795018836
Result sigma optimization:  -7.6 0.6007794987936846
E_max_2 =  600
Cutoff Radius =  6.0
Selected Radial Transform =  24.0
factor =  1.8
displacement =  0.0
dataset =  datasets/qm9.xyz
n_train =  10000
n_test =  2000
Train RMSE: 0.19450514859266155 [Train MAE: 0.14756189126479075]
Test RMSE: 1.1556304656729162 [Test MAE: 0.5708835536295847]
FINISHED at Thu Jan 12 03:06:53 CET 2023
