STARTING AT Thu Jan 12 04:06:07 CET 2023
Random seed: 1000
6 14
Reading dataset
Shuffling and extracting from dataset (length: 105092)
Shuffling and extraction done
Calculating power spectrum
Expansion coefficients done
Computing training kernel
     Calculating kernels for center species 79
     Calculating kernels for center species 79
Beginning first index add...
Beginning second index add...
Training kernel done
Computing test kernel
     Calculating kernels for center species 79
     Calculating kernels for center species 79
Beginning first index add...
Beginning second index add...
Test kernel done
Calculating composition features
Composition features done
-8.0 91.49059451874302
-7.8 92.42217492341727
-7.6 93.32674176911392
-7.4 94.20263587729985
-7.2 95.0556934184856
-7.0 95.90495725800795
-6.8 96.77241443609284
-6.6 97.66733795821204
-6.4 98.58661411770457
-6.2 99.53213860078306
-6.0 100.52242607746459
-5.8 101.58380402215647
-5.6 102.73377877860797
-5.4 103.973553427276
-5.199999999999999 105.28920201468038
-5.0 106.65576609597356
-4.8 108.04638455783267
-4.6 109.44788393508098
-4.4 110.87790266965996
-4.199999999999999 112.39880646882432
-4.0 114.12588938917955
-3.8 116.22706206487078
-3.5999999999999996 118.91529470398409
-3.3999999999999995 122.43059833740678
-3.1999999999999993 126.98407980447658
-3.0 132.65830291820978
-2.8 139.36978963509827
-2.5999999999999996 147.02182477300738
-2.3999999999999995 155.7610331794666
-2.1999999999999993 166.04067870514976
-2.0 178.26458638376087
-1.7999999999999998 192.19254731059274
-1.5999999999999996 206.7344764686332
-1.3999999999999995 220.48701750841622
-1.1999999999999993 232.5115187825524
-1.0 242.67126793812952
-0.7999999999999998 251.4509549744962
-0.5999999999999996 259.62676392837056
-0.39999999999999947 268.1056405709714
-0.1999999999999993 277.9281055239307
0.0 290.15043816368814
0.20000000000000107 305.43479727571116
0.40000000000000036 323.63773816503704
0.5999999999999996 343.8282537880009
0.8000000000000007 364.67375223490967
1.0 384.8840072528419
1.200000000000001 403.7391943204102
1.4000000000000004 421.7538981122292
1.6000000000000014 441.2082040639981
1.8000000000000007 466.0995391120795
2.0 500.8633508784846
2.200000000000001 547.6037442874473
2.4000000000000004 603.6104741420131
2.6000000000000014 662.0403293502216
2.8000000000000007 715.5547578366587
3.0 759.5411079901709
3.200000000000001 792.8188652602548
3.4000000000000004 816.5356511170219
3.6000000000000014 832.7685202623335
3.8000000000000007 843.6093785005936
4.0 850.7744665335188
Result sigma optimization:  -8.0 91.49059451874302
E_max_2 =  400
Cutoff Radius =  6.0
Selected Radial Transform =  26.0
factor =  1.0
displacement =  0.0
dataset =  datasets/gold.xyz
n_train =  10000
n_test =  2000
Train RMSE: 89.34796345329538 [Train MAE: 66.29707538700104]
Test RMSE: 94.44900943839141 [Test MAE: 68.20485717320442]
FINISHED at Thu Jan 12 04:13:36 CET 2023
