STARTING AT Thu Jan 12 01:14:44 CET 2023
Random seed: 1000
6 14
Reading dataset
Shuffling and extracting from dataset (length: 133885)
Shuffling and extraction done
Calculating power spectrum
Expansion coefficients done
Computing training kernel
     Calculating kernels for center species 1
     Calculating kernels for center species 1
Beginning first index add...
Beginning second index add...
     Calculating kernels for center species 6
     Calculating kernels for center species 6
Beginning first index add...
Beginning second index add...
     Calculating kernels for center species 7
     Calculating kernels for center species 7
Beginning first index add...
Beginning second index add...
     Calculating kernels for center species 8
     Calculating kernels for center species 8
Beginning first index add...
Beginning second index add...
     Calculating kernels for center species 9
     Calculating kernels for center species 9
Beginning first index add...
Beginning second index add...
Training kernel done
Computing test kernel
     Calculating kernels for center species 1
     Calculating kernels for center species 1
Beginning first index add...
Beginning second index add...
     Calculating kernels for center species 6
     Calculating kernels for center species 6
Beginning first index add...
Beginning second index add...
     Calculating kernels for center species 7
     Calculating kernels for center species 7
Beginning first index add...
Beginning second index add...
     Calculating kernels for center species 8
     Calculating kernels for center species 8
Beginning first index add...
Beginning second index add...
     Calculating kernels for center species 9
     Calculating kernels for center species 9
Beginning first index add...
Beginning second index add...
Test kernel done
Calculating composition features
Composition features done
-8.0 0.8486095008599812
-7.8 0.8482455897958098
-7.6 0.8476893668456899
-7.4 0.8468582914644031
-7.2 0.845671183573774
-7.0 0.8440309975316319
-6.8 0.8418554930883846
-6.6 0.839090898800856
-6.4 0.8357294293616542
-6.2 0.8317682571389603
-6.0 0.827703912394304
-5.8 0.8242560373708162
-5.6 0.8221554322783814
-5.4 0.822630112311698
-5.199999999999999 0.8269740158448585
-5.0 0.8360668035455725
-4.8 0.8506056838857163
-4.6 0.8716362550256487
-4.4 0.899112686823843
-4.199999999999999 0.9356214140915846
-4.0 0.980991471703304
-3.8 1.0373558517940227
-3.5999999999999996 1.107409298018602
-3.3999999999999995 1.1946778450126443
-3.1999999999999993 1.3011494569276951
-3.0 1.4295168925083594
-2.8 1.5809577614388723
-2.5999999999999996 1.754583670454946
-2.3999999999999995 1.9483350853412906
-2.1999999999999993 2.1606426302058326
-2.0 2.3914891038222374
-1.7999999999999998 2.642461384080611
-1.5999999999999996 2.916223263128137
-1.3999999999999995 3.213015273361326
-1.1999999999999993 3.54353025958264
-1.0 3.9119065752203466
-0.7999999999999998 4.323986105134306
-0.5999999999999996 4.793811615626158
-0.39999999999999947 5.32901822996427
-0.1999999999999993 5.936278348084546
0.0 6.6409261968153315
0.20000000000000107 7.463787907439833
0.40000000000000036 8.410780254512165
0.5999999999999996 9.467444674889194
0.8000000000000007 10.591963378143982
1.0 11.768491557716223
1.200000000000001 12.959974581652668
1.4000000000000004 14.141054096053006
1.6000000000000014 15.287947542901364
1.8000000000000007 16.349177516679863
2.0 17.273262448829247
2.200000000000001 18.031543793088822
2.4000000000000004 18.62502755267793
2.6000000000000014 19.073103554387174
2.8000000000000007 19.398810268830324
3.0 19.63067309655607
3.200000000000001 19.79514353683621
3.4000000000000004 19.91306484369362
3.6000000000000014 19.997093768471643
3.8000000000000007 20.056111613430584
4.0 20.09739033854674
Result sigma optimization:  -5.6 0.8221554322783814
E_max_2 =  400
Cutoff Radius =  6.0
Selected Radial Transform =  2.0
factor =  1.0
displacement =  0.0
dataset =  datasets/qm9.xyz
n_train =  10000
n_test =  2000
Train RMSE: 0.12499213307881711 [Train MAE: 0.09294098503487548]
Test RMSE: 1.374127675283674 [Test MAE: 0.7694823655860346]
FINISHED at Thu Jan 12 01:49:52 CET 2023
