STARTING AT Wed Jan 11 14:06:00 CET 2023
CUDA is available:  False
Random seed: 1000
6 14
Reading dataset
Shuffling and extracting from dataset (length: 10000)
Shuffling and extraction done
Calculating composition features
Composition features done
Calculating composition features
Composition features done
Creating datasets and dataloaders
0
100
200
300
400
500
600
700
800
900
0
100
200
300
400
500
600
700
800
900
nfeat: 218
Epoch 00529: reducing learning rate of group 0 to 1.0000e-04.
Epoch 00063: reducing learning rate of group 0 to 1.0000e-05.
Epoch 00059: reducing learning rate of group 0 to 1.0000e-06.
Epoch 00070: reducing learning rate of group 0 to 1.0000e-07.
Epoch 00052: reducing learning rate of group 0 to 1.0000e-08.
Epoch 00052: reducing learning rate of group 0 to 1.0000e-09.
Epoch 00052: reducing learning rate of group 0 to 1.0000e-10.
Epoch 00052: reducing learning rate of group 0 to 1.0000e-11.
Epoch 00052: reducing learning rate of group 0 to 1.0000e-12.
Very small learning rate reached: 1e-12
Train error minimum for model run no. 1: 5.768636374017494 [MAE: 4.352898611727499]
Test error minimum for model run no. 1:  12.371283318304434 [MAE: 7.401141575919154]
Epoch 00529: reducing learning rate of group 0 to 1.0000e-04.
Epoch 00276: reducing learning rate of group 0 to 1.0000e-05.
Epoch 00150: reducing learning rate of group 0 to 1.0000e-06.
Epoch 00099: reducing learning rate of group 0 to 1.0000e-07.
Epoch 00052: reducing learning rate of group 0 to 1.0000e-08.
Epoch 00052: reducing learning rate of group 0 to 1.0000e-09.
Epoch 00052: reducing learning rate of group 0 to 1.0000e-10.
Epoch 00052: reducing learning rate of group 0 to 1.0000e-11.
Epoch 00052: reducing learning rate of group 0 to 1.0000e-12.
Very small learning rate reached: 1e-12
Train error minimum for model run no. 2: 5.585486676184628 [MAE: 4.214152207495525]
Test error minimum for model run no. 2:  12.003948345291743 [MAE: 7.220151064976268]
Epoch 00565: reducing learning rate of group 0 to 1.0000e-04.
Epoch 00058: reducing learning rate of group 0 to 1.0000e-05.
Epoch 00098: reducing learning rate of group 0 to 1.0000e-06.
Epoch 00116: reducing learning rate of group 0 to 1.0000e-07.
Epoch 00052: reducing learning rate of group 0 to 1.0000e-08.
Epoch 00052: reducing learning rate of group 0 to 1.0000e-09.
Epoch 00052: reducing learning rate of group 0 to 1.0000e-10.
Epoch 00052: reducing learning rate of group 0 to 1.0000e-11.
Epoch 00052: reducing learning rate of group 0 to 1.0000e-12.
Very small learning rate reached: 1e-12
Train error minimum for model run no. 3: 5.716895009593111 [MAE: 4.297735284460485]
Test error minimum for model run no. 3:  12.57167796615796 [MAE: 7.328986176341164]
Epoch 00430: reducing learning rate of group 0 to 1.0000e-04.
Epoch 00634: reducing learning rate of group 0 to 1.0000e-05.
Epoch 00133: reducing learning rate of group 0 to 1.0000e-06.
Epoch 00052: reducing learning rate of group 0 to 1.0000e-07.
Epoch 00270: reducing learning rate of group 0 to 1.0000e-08.
Epoch 00052: reducing learning rate of group 0 to 1.0000e-09.
Epoch 00052: reducing learning rate of group 0 to 1.0000e-10.
Epoch 00052: reducing learning rate of group 0 to 1.0000e-11.
Epoch 00052: reducing learning rate of group 0 to 1.0000e-12.
Very small learning rate reached: 1e-12
Train error minimum for model run no. 4: 5.412790506242629 [MAE: 4.033135531730644]
Test error minimum for model run no. 4:  12.637926328378388 [MAE: 7.324907960797597]
Epoch 00472: reducing learning rate of group 0 to 1.0000e-04.
Epoch 00149: reducing learning rate of group 0 to 1.0000e-05.
Epoch 00066: reducing learning rate of group 0 to 1.0000e-06.
Epoch 00077: reducing learning rate of group 0 to 1.0000e-07.
Epoch 00101: reducing learning rate of group 0 to 1.0000e-08.
Epoch 00052: reducing learning rate of group 0 to 1.0000e-09.
Epoch 00052: reducing learning rate of group 0 to 1.0000e-10.
Epoch 00052: reducing learning rate of group 0 to 1.0000e-11.
Epoch 00052: reducing learning rate of group 0 to 1.0000e-12.
Very small learning rate reached: 1e-12
Train error minimum for model run no. 5: 5.939253452644587 [MAE: 4.376297204291407]
Test error minimum for model run no. 5:  11.989930298702847 [MAE: 7.271726917752975]
Epoch 00614: reducing learning rate of group 0 to 1.0000e-04.
Epoch 00067: reducing learning rate of group 0 to 1.0000e-05.
Epoch 00127: reducing learning rate of group 0 to 1.0000e-06.
Epoch 00053: reducing learning rate of group 0 to 1.0000e-07.
Epoch 00083: reducing learning rate of group 0 to 1.0000e-08.
Epoch 00052: reducing learning rate of group 0 to 1.0000e-09.
Epoch 00052: reducing learning rate of group 0 to 1.0000e-10.
Epoch 00052: reducing learning rate of group 0 to 1.0000e-11.
Epoch 00052: reducing learning rate of group 0 to 1.0000e-12.
Very small learning rate reached: 1e-12
Train error minimum for model run no. 6: 5.172854704119355 [MAE: 3.8199895679597464]
Test error minimum for model run no. 6:  11.998524276571706 [MAE: 7.274586425219022]
Epoch 00411: reducing learning rate of group 0 to 1.0000e-04.
Epoch 00062: reducing learning rate of group 0 to 1.0000e-05.
Epoch 00060: reducing learning rate of group 0 to 1.0000e-06.
Epoch 00070: reducing learning rate of group 0 to 1.0000e-07.
Epoch 00052: reducing learning rate of group 0 to 1.0000e-08.
Epoch 00052: reducing learning rate of group 0 to 1.0000e-09.
Epoch 00052: reducing learning rate of group 0 to 1.0000e-10.
Epoch 00052: reducing learning rate of group 0 to 1.0000e-11.
Epoch 00052: reducing learning rate of group 0 to 1.0000e-12.
Very small learning rate reached: 1e-12
Train error minimum for model run no. 7: 6.535463334560925 [MAE: 4.84929101385697]
Test error minimum for model run no. 7:  12.915682058988295 [MAE: 7.6934009351004615]
Epoch 00693: reducing learning rate of group 0 to 1.0000e-04.
Epoch 00075: reducing learning rate of group 0 to 1.0000e-05.
Epoch 00119: reducing learning rate of group 0 to 1.0000e-06.
Epoch 00137: reducing learning rate of group 0 to 1.0000e-07.
Epoch 00052: reducing learning rate of group 0 to 1.0000e-08.
Epoch 00052: reducing learning rate of group 0 to 1.0000e-09.
Epoch 00052: reducing learning rate of group 0 to 1.0000e-10.
Epoch 00052: reducing learning rate of group 0 to 1.0000e-11.
Epoch 00052: reducing learning rate of group 0 to 1.0000e-12.
Very small learning rate reached: 1e-12
Train error minimum for model run no. 8: 4.877118179486904 [MAE: 3.632484890786973]
Test error minimum for model run no. 8:  11.905074937784343 [MAE: 6.937590971539816]
Epoch 00481: reducing learning rate of group 0 to 1.0000e-04.
Epoch 00420: reducing learning rate of group 0 to 1.0000e-05.
Epoch 00101: reducing learning rate of group 0 to 1.0000e-06.
Epoch 00078: reducing learning rate of group 0 to 1.0000e-07.
Epoch 00080: reducing learning rate of group 0 to 1.0000e-08.
Epoch 00052: reducing learning rate of group 0 to 1.0000e-09.
Epoch 00052: reducing learning rate of group 0 to 1.0000e-10.
Epoch 00052: reducing learning rate of group 0 to 1.0000e-11.
Epoch 00052: reducing learning rate of group 0 to 1.0000e-12.
Very small learning rate reached: 1e-12
Train error minimum for model run no. 9: 5.463644858183795 [MAE: 3.970997563167327]
Test error minimum for model run no. 9:  11.609298924217134 [MAE: 7.1585639752298915]
Epoch 00658: reducing learning rate of group 0 to 1.0000e-04.
Epoch 00065: reducing learning rate of group 0 to 1.0000e-05.
Epoch 00052: reducing learning rate of group 0 to 1.0000e-06.
Epoch 00055: reducing learning rate of group 0 to 1.0000e-07.
Epoch 00052: reducing learning rate of group 0 to 1.0000e-08.
Epoch 00052: reducing learning rate of group 0 to 1.0000e-09.
Epoch 00052: reducing learning rate of group 0 to 1.0000e-10.
Epoch 00052: reducing learning rate of group 0 to 1.0000e-11.
Epoch 00052: reducing learning rate of group 0 to 1.0000e-12.
Very small learning rate reached: 1e-12
Train error minimum for model run no. 10: 4.931749007793032 [MAE: 3.671515130963808]
Test error minimum for model run no. 10:  12.874707176272697 [MAE: 7.587141237525487]
E_max_2 =  400
Cutoff Radius =  6.0
Selected Radial Transform =  10.0
factor =  0.9
displacement =  0.0
dataset =  datasets/random-ch4-10k.extxyz
n_train =  1000
n_test =  1000
Train error averaged over all models Train RMSE:  5.540389210282646 [Train MAE: 4.121849700644039]
Test error averaged over all models Test RMSE: 12.287805363066953 [Test MAE: 7.319819724040184]
FINISHED at Wed Jan 11 19:07:30 CET 2023
