STARTING AT Wed Jan 11 14:06:28 CET 2023
CUDA is available:  False
Random seed: 1000
6 14
Reading dataset
Shuffling and extracting from dataset (length: 10000)
Shuffling and extraction done
Calculating composition features
Composition features done
Calculating composition features
Composition features done
Creating datasets and dataloaders
0
100
200
300
400
500
600
700
800
900
0
100
200
300
400
500
600
700
800
900
nfeat: 218
Epoch 00436: reducing learning rate of group 0 to 1.0000e-04.
Epoch 00054: reducing learning rate of group 0 to 1.0000e-05.
Epoch 00077: reducing learning rate of group 0 to 1.0000e-06.
Epoch 00079: reducing learning rate of group 0 to 1.0000e-07.
Epoch 00071: reducing learning rate of group 0 to 1.0000e-08.
Epoch 00052: reducing learning rate of group 0 to 1.0000e-09.
Epoch 00052: reducing learning rate of group 0 to 1.0000e-10.
Epoch 00052: reducing learning rate of group 0 to 1.0000e-11.
Epoch 00052: reducing learning rate of group 0 to 1.0000e-12.
Very small learning rate reached: 1e-12
Train error minimum for model run no. 1: 5.9313393658140265 [MAE: 4.46725769146884]
Test error minimum for model run no. 1:  14.443191196726584 [MAE: 8.108601507442453]
Epoch 00357: reducing learning rate of group 0 to 1.0000e-04.
Epoch 00157: reducing learning rate of group 0 to 1.0000e-05.
Epoch 00062: reducing learning rate of group 0 to 1.0000e-06.
Epoch 00059: reducing learning rate of group 0 to 1.0000e-07.
Epoch 00052: reducing learning rate of group 0 to 1.0000e-08.
Epoch 00052: reducing learning rate of group 0 to 1.0000e-09.
Epoch 00052: reducing learning rate of group 0 to 1.0000e-10.
Epoch 00052: reducing learning rate of group 0 to 1.0000e-11.
Epoch 00052: reducing learning rate of group 0 to 1.0000e-12.
Very small learning rate reached: 1e-12
Train error minimum for model run no. 2: 6.260760288719589 [MAE: 4.685078543067416]
Test error minimum for model run no. 2:  14.170251625386232 [MAE: 7.853527830051556]
Epoch 00441: reducing learning rate of group 0 to 1.0000e-04.
Epoch 00056: reducing learning rate of group 0 to 1.0000e-05.
Epoch 00057: reducing learning rate of group 0 to 1.0000e-06.
Epoch 00100: reducing learning rate of group 0 to 1.0000e-07.
Epoch 00052: reducing learning rate of group 0 to 1.0000e-08.
Epoch 00052: reducing learning rate of group 0 to 1.0000e-09.
Epoch 00052: reducing learning rate of group 0 to 1.0000e-10.
Epoch 00052: reducing learning rate of group 0 to 1.0000e-11.
Epoch 00052: reducing learning rate of group 0 to 1.0000e-12.
Very small learning rate reached: 1e-12
Train error minimum for model run no. 3: 5.9869956240724544 [MAE: 4.517373312815387]
Test error minimum for model run no. 3:  14.159497426746583 [MAE: 8.051658537774]
Epoch 00615: reducing learning rate of group 0 to 1.0000e-04.
Epoch 00067: reducing learning rate of group 0 to 1.0000e-05.
Epoch 00062: reducing learning rate of group 0 to 1.0000e-06.
Epoch 00052: reducing learning rate of group 0 to 1.0000e-07.
Epoch 00052: reducing learning rate of group 0 to 1.0000e-08.
Epoch 00052: reducing learning rate of group 0 to 1.0000e-09.
Epoch 00052: reducing learning rate of group 0 to 1.0000e-10.
Epoch 00052: reducing learning rate of group 0 to 1.0000e-11.
Epoch 00052: reducing learning rate of group 0 to 1.0000e-12.
Very small learning rate reached: 1e-12
Train error minimum for model run no. 4: 4.566145221347291 [MAE: 3.3733103187822793]
Test error minimum for model run no. 4:  12.065982228720657 [MAE: 6.858622355686169]
Epoch 00409: reducing learning rate of group 0 to 1.0000e-04.
Epoch 00053: reducing learning rate of group 0 to 1.0000e-05.
Epoch 00063: reducing learning rate of group 0 to 1.0000e-06.
Epoch 00078: reducing learning rate of group 0 to 1.0000e-07.
Epoch 00052: reducing learning rate of group 0 to 1.0000e-08.
Epoch 00052: reducing learning rate of group 0 to 1.0000e-09.
Epoch 00052: reducing learning rate of group 0 to 1.0000e-10.
Epoch 00052: reducing learning rate of group 0 to 1.0000e-11.
Epoch 00052: reducing learning rate of group 0 to 1.0000e-12.
Very small learning rate reached: 1e-12
Train error minimum for model run no. 5: 6.026540541588017 [MAE: 4.526526336928235]
Test error minimum for model run no. 5:  14.790114963773137 [MAE: 8.18881708112836]
Epoch 00437: reducing learning rate of group 0 to 1.0000e-04.
Epoch 00211: reducing learning rate of group 0 to 1.0000e-05.
Epoch 00101: reducing learning rate of group 0 to 1.0000e-06.
Epoch 00085: reducing learning rate of group 0 to 1.0000e-07.
Epoch 00060: reducing learning rate of group 0 to 1.0000e-08.
Epoch 00052: reducing learning rate of group 0 to 1.0000e-09.
Epoch 00052: reducing learning rate of group 0 to 1.0000e-10.
Epoch 00052: reducing learning rate of group 0 to 1.0000e-11.
Epoch 00052: reducing learning rate of group 0 to 1.0000e-12.
Very small learning rate reached: 1e-12
Train error minimum for model run no. 6: 5.725185232641663 [MAE: 4.281184527747581]
Test error minimum for model run no. 6:  14.760914198235682 [MAE: 8.102553621963676]
Epoch 00432: reducing learning rate of group 0 to 1.0000e-04.
Epoch 00067: reducing learning rate of group 0 to 1.0000e-05.
Epoch 00071: reducing learning rate of group 0 to 1.0000e-06.
Epoch 00057: reducing learning rate of group 0 to 1.0000e-07.
Epoch 00052: reducing learning rate of group 0 to 1.0000e-08.
Epoch 00052: reducing learning rate of group 0 to 1.0000e-09.
Epoch 00052: reducing learning rate of group 0 to 1.0000e-10.
Epoch 00052: reducing learning rate of group 0 to 1.0000e-11.
Epoch 00052: reducing learning rate of group 0 to 1.0000e-12.
Very small learning rate reached: 1e-12
Train error minimum for model run no. 7: 6.3575373663007255 [MAE: 4.758679381488328]
Test error minimum for model run no. 7:  14.398078644634792 [MAE: 8.209915162869711]
Epoch 00493: reducing learning rate of group 0 to 1.0000e-04.
Epoch 00052: reducing learning rate of group 0 to 1.0000e-05.
Epoch 00070: reducing learning rate of group 0 to 1.0000e-06.
Epoch 00053: reducing learning rate of group 0 to 1.0000e-07.
Epoch 00075: reducing learning rate of group 0 to 1.0000e-08.
Epoch 00052: reducing learning rate of group 0 to 1.0000e-09.
Epoch 00052: reducing learning rate of group 0 to 1.0000e-10.
Epoch 00052: reducing learning rate of group 0 to 1.0000e-11.
Epoch 00052: reducing learning rate of group 0 to 1.0000e-12.
Very small learning rate reached: 1e-12
Train error minimum for model run no. 8: 5.73831927072695 [MAE: 4.34869354017391]
Test error minimum for model run no. 8:  13.914514382648752 [MAE: 7.941515366317612]
Epoch 00573: reducing learning rate of group 0 to 1.0000e-04.
Epoch 00062: reducing learning rate of group 0 to 1.0000e-05.
Epoch 00059: reducing learning rate of group 0 to 1.0000e-06.
Epoch 00088: reducing learning rate of group 0 to 1.0000e-07.
Epoch 00052: reducing learning rate of group 0 to 1.0000e-08.
Epoch 00052: reducing learning rate of group 0 to 1.0000e-09.
Epoch 00052: reducing learning rate of group 0 to 1.0000e-10.
Epoch 00052: reducing learning rate of group 0 to 1.0000e-11.
Epoch 00052: reducing learning rate of group 0 to 1.0000e-12.
Very small learning rate reached: 1e-12
Train error minimum for model run no. 9: 5.101119900099892 [MAE: 3.8241488001280235]
Test error minimum for model run no. 9:  13.428745965101399 [MAE: 7.494325525746744]
Epoch 00388: reducing learning rate of group 0 to 1.0000e-04.
Epoch 00858: reducing learning rate of group 0 to 1.0000e-05.
Epoch 00443: reducing learning rate of group 0 to 1.0000e-06.
Epoch 00054: reducing learning rate of group 0 to 1.0000e-07.
Epoch 00072: reducing learning rate of group 0 to 1.0000e-08.
Epoch 00052: reducing learning rate of group 0 to 1.0000e-09.
Epoch 00052: reducing learning rate of group 0 to 1.0000e-10.
Epoch 00052: reducing learning rate of group 0 to 1.0000e-11.
Epoch 00052: reducing learning rate of group 0 to 1.0000e-12.
Very small learning rate reached: 1e-12
Train error minimum for model run no. 10: 5.000779560530019 [MAE: 3.7688232324124145]
Test error minimum for model run no. 10:  12.450862364914697 [MAE: 7.154721166729781]
E_max_2 =  400
Cutoff Radius =  6.0
Selected Radial Transform =  10.0
factor =  1.0
displacement =  0.0
dataset =  datasets/random-ch4-10k.extxyz
n_train =  1000
n_test =  1000
Train error averaged over all models Train RMSE:  5.6694722371840625 [Train MAE: 4.255107568501241]
Test error averaged over all models Test RMSE: 13.858215299688851 [Test MAE: 7.796425815571007]
FINISHED at Wed Jan 11 18:51:19 CET 2023
