STARTING AT Wed Jan 11 13:56:17 CET 2023
CUDA is available:  False
Random seed: 1000
6 14
Reading dataset
Shuffling and extracting from dataset (length: 10000)
Shuffling and extraction done
Calculating composition features
Composition features done
Calculating composition features
Composition features done
Creating datasets and dataloaders
0
100
200
300
400
500
600
700
800
900
0
100
200
300
400
500
600
700
800
900
nfeat: 218
Epoch 00458: reducing learning rate of group 0 to 1.0000e-04.
Epoch 00053: reducing learning rate of group 0 to 1.0000e-05.
Epoch 00064: reducing learning rate of group 0 to 1.0000e-06.
Epoch 00062: reducing learning rate of group 0 to 1.0000e-07.
Epoch 00052: reducing learning rate of group 0 to 1.0000e-08.
Epoch 00052: reducing learning rate of group 0 to 1.0000e-09.
Epoch 00052: reducing learning rate of group 0 to 1.0000e-10.
Epoch 00052: reducing learning rate of group 0 to 1.0000e-11.
Epoch 00052: reducing learning rate of group 0 to 1.0000e-12.
Very small learning rate reached: 1e-12
Train error minimum for model run no. 1: 6.995155540685362 [MAE: 5.223668412866271]
Test error minimum for model run no. 1:  14.570475565462424 [MAE: 8.638110709429416]
Epoch 00711: reducing learning rate of group 0 to 1.0000e-04.
Epoch 00239: reducing learning rate of group 0 to 1.0000e-05.
Epoch 00109: reducing learning rate of group 0 to 1.0000e-06.
Epoch 00083: reducing learning rate of group 0 to 1.0000e-07.
Epoch 00114: reducing learning rate of group 0 to 1.0000e-08.
Epoch 00052: reducing learning rate of group 0 to 1.0000e-09.
Epoch 00052: reducing learning rate of group 0 to 1.0000e-10.
Epoch 00052: reducing learning rate of group 0 to 1.0000e-11.
Epoch 00052: reducing learning rate of group 0 to 1.0000e-12.
Very small learning rate reached: 1e-12
Train error minimum for model run no. 2: 5.717861299734811 [MAE: 4.220897639357076]
Test error minimum for model run no. 2:  13.523153168145338 [MAE: 8.193454809643523]
Epoch 00907: reducing learning rate of group 0 to 1.0000e-04.
Epoch 00149: reducing learning rate of group 0 to 1.0000e-05.
Epoch 00066: reducing learning rate of group 0 to 1.0000e-06.
Epoch 00052: reducing learning rate of group 0 to 1.0000e-07.
Epoch 00052: reducing learning rate of group 0 to 1.0000e-08.
Epoch 00052: reducing learning rate of group 0 to 1.0000e-09.
Epoch 00052: reducing learning rate of group 0 to 1.0000e-10.
Epoch 00052: reducing learning rate of group 0 to 1.0000e-11.
Epoch 00052: reducing learning rate of group 0 to 1.0000e-12.
Very small learning rate reached: 1e-12
Train error minimum for model run no. 3: 4.69569043824412 [MAE: 3.4951451380317122]
Test error minimum for model run no. 3:  12.432684140198068 [MAE: 7.718905641951264]
Epoch 00548: reducing learning rate of group 0 to 1.0000e-04.
Epoch 00054: reducing learning rate of group 0 to 1.0000e-05.
Epoch 00053: reducing learning rate of group 0 to 1.0000e-06.
Epoch 00052: reducing learning rate of group 0 to 1.0000e-07.
Epoch 00052: reducing learning rate of group 0 to 1.0000e-08.
Epoch 00052: reducing learning rate of group 0 to 1.0000e-09.
Epoch 00052: reducing learning rate of group 0 to 1.0000e-10.
Epoch 00052: reducing learning rate of group 0 to 1.0000e-11.
Epoch 00052: reducing learning rate of group 0 to 1.0000e-12.
Very small learning rate reached: 1e-12
Train error minimum for model run no. 4: 6.323721428937779 [MAE: 4.79633465111726]
Test error minimum for model run no. 4:  13.601927383929771 [MAE: 8.164355299573357]
Epoch 00412: reducing learning rate of group 0 to 1.0000e-04.
Epoch 00053: reducing learning rate of group 0 to 1.0000e-05.
Epoch 00058: reducing learning rate of group 0 to 1.0000e-06.
Epoch 00057: reducing learning rate of group 0 to 1.0000e-07.
Epoch 00052: reducing learning rate of group 0 to 1.0000e-08.
Epoch 00052: reducing learning rate of group 0 to 1.0000e-09.
Epoch 00052: reducing learning rate of group 0 to 1.0000e-10.
Epoch 00052: reducing learning rate of group 0 to 1.0000e-11.
Epoch 00052: reducing learning rate of group 0 to 1.0000e-12.
Very small learning rate reached: 1e-12
Train error minimum for model run no. 5: 7.090294997755072 [MAE: 5.376147812033881]
Test error minimum for model run no. 5:  14.621785691759657 [MAE: 8.702133862245182]
Epoch 00704: reducing learning rate of group 0 to 1.0000e-04.
Epoch 00054: reducing learning rate of group 0 to 1.0000e-05.
