STARTING AT Wed Jan 11 16:36:10 CET 2023
CUDA is available:  False
Random seed: 1000
6 14
Reading dataset
Shuffling and extracting from dataset (length: 10000)
Shuffling and extraction done
Calculating composition features
Composition features done
Calculating composition features
Composition features done
Creating datasets and dataloaders
0
100
200
300
400
500
600
700
800
900
0
100
200
300
400
500
600
700
800
900
nfeat: 218
Epoch 00464: reducing learning rate of group 0 to 1.0000e-04.
Epoch 00056: reducing learning rate of group 0 to 1.0000e-05.
Epoch 00056: reducing learning rate of group 0 to 1.0000e-06.
Epoch 00052: reducing learning rate of group 0 to 1.0000e-07.
Epoch 00052: reducing learning rate of group 0 to 1.0000e-08.
Epoch 00052: reducing learning rate of group 0 to 1.0000e-09.
Epoch 00052: reducing learning rate of group 0 to 1.0000e-10.
Epoch 00052: reducing learning rate of group 0 to 1.0000e-11.
Epoch 00052: reducing learning rate of group 0 to 1.0000e-12.
Very small learning rate reached: 1e-12
Train error minimum for model run no. 1: 5.156458527097436 [MAE: 4.014625763402485]
Test error minimum for model run no. 1:  11.620793011986393 [MAE: 7.052649374870685]
Epoch 00394: reducing learning rate of group 0 to 1.0000e-04.
Epoch 00063: reducing learning rate of group 0 to 1.0000e-05.
Epoch 00070: reducing learning rate of group 0 to 1.0000e-06.
Epoch 00052: reducing learning rate of group 0 to 1.0000e-07.
Epoch 00052: reducing learning rate of group 0 to 1.0000e-08.
Epoch 00052: reducing learning rate of group 0 to 1.0000e-09.
Epoch 00052: reducing learning rate of group 0 to 1.0000e-10.
Epoch 00052: reducing learning rate of group 0 to 1.0000e-11.
Epoch 00052: reducing learning rate of group 0 to 1.0000e-12.
Very small learning rate reached: 1e-12
Train error minimum for model run no. 2: 5.435222691118687 [MAE: 4.202057824748676]
Test error minimum for model run no. 2:  11.77727606396146 [MAE: 7.130192405431364]
Epoch 00455: reducing learning rate of group 0 to 1.0000e-04.
Epoch 00160: reducing learning rate of group 0 to 1.0000e-05.
Epoch 00054: reducing learning rate of group 0 to 1.0000e-06.
Epoch 00052: reducing learning rate of group 0 to 1.0000e-07.
Epoch 00053: reducing learning rate of group 0 to 1.0000e-08.
Epoch 00052: reducing learning rate of group 0 to 1.0000e-09.
Epoch 00052: reducing learning rate of group 0 to 1.0000e-10.
Epoch 00052: reducing learning rate of group 0 to 1.0000e-11.
Epoch 00052: reducing learning rate of group 0 to 1.0000e-12.
Very small learning rate reached: 1e-12
Train error minimum for model run no. 3: 5.060441906183586 [MAE: 3.947652027272051]
Test error minimum for model run no. 3:  11.670526820624287 [MAE: 6.953181783098975]
Epoch 00481: reducing learning rate of group 0 to 1.0000e-04.
Epoch 00056: reducing learning rate of group 0 to 1.0000e-05.
Epoch 00071: reducing learning rate of group 0 to 1.0000e-06.
Epoch 00067: reducing learning rate of group 0 to 1.0000e-07.
Epoch 00082: reducing learning rate of group 0 to 1.0000e-08.
Epoch 00052: reducing learning rate of group 0 to 1.0000e-09.
Epoch 00052: reducing learning rate of group 0 to 1.0000e-10.
Epoch 00052: reducing learning rate of group 0 to 1.0000e-11.
Epoch 00052: reducing learning rate of group 0 to 1.0000e-12.
Very small learning rate reached: 1e-12
Train error minimum for model run no. 4: 5.142325870627363 [MAE: 3.967786425918498]
Test error minimum for model run no. 4:  11.715420057255221 [MAE: 7.064606184131812]
Epoch 00382: reducing learning rate of group 0 to 1.0000e-04.
Epoch 00086: reducing learning rate of group 0 to 1.0000e-05.
Epoch 00053: reducing learning rate of group 0 to 1.0000e-06.
Epoch 00153: reducing learning rate of group 0 to 1.0000e-07.
Epoch 00121: reducing learning rate of group 0 to 1.0000e-08.
Epoch 00052: reducing learning rate of group 0 to 1.0000e-09.
Epoch 00052: reducing learning rate of group 0 to 1.0000e-10.
Epoch 00052: reducing learning rate of group 0 to 1.0000e-11.
Epoch 00052: reducing learning rate of group 0 to 1.0000e-12.
Very small learning rate reached: 1e-12
Train error minimum for model run no. 5: 5.484085690131616 [MAE: 4.255521772956297]
Test error minimum for model run no. 5:  12.06515412367686 [MAE: 7.250093799931181]
Epoch 00419: reducing learning rate of group 0 to 1.0000e-04.
Epoch 00052: reducing learning rate of group 0 to 1.0000e-05.
Epoch 00063: reducing learning rate of group 0 to 1.0000e-06.
Epoch 00052: reducing learning rate of group 0 to 1.0000e-07.
Epoch 00052: reducing learning rate of group 0 to 1.0000e-08.
Epoch 00052: reducing learning rate of group 0 to 1.0000e-09.
Epoch 00052: reducing learning rate of group 0 to 1.0000e-10.
Epoch 00052: reducing learning rate of group 0 to 1.0000e-11.
Epoch 00052: reducing learning rate of group 0 to 1.0000e-12.
Very small learning rate reached: 1e-12
Train error minimum for model run no. 6: 5.610594071652443 [MAE: 4.330911706052606]
Test error minimum for model run no. 6:  11.783201770238103 [MAE: 7.187054910937106]
Epoch 00524: reducing learning rate of group 0 to 1.0000e-04.
Epoch 00052: reducing learning rate of group 0 to 1.0000e-05.
Epoch 00059: reducing learning rate of group 0 to 1.0000e-06.
Epoch 00064: reducing learning rate of group 0 to 1.0000e-07.
Epoch 00077: reducing learning rate of group 0 to 1.0000e-08.
Epoch 00052: reducing learning rate of group 0 to 1.0000e-09.
Epoch 00052: reducing learning rate of group 0 to 1.0000e-10.
Epoch 00052: reducing learning rate of group 0 to 1.0000e-11.
Epoch 00052: reducing learning rate of group 0 to 1.0000e-12.
Very small learning rate reached: 1e-12
Train error minimum for model run no. 7: 4.968738135216806 [MAE: 3.891036094833575]
Test error minimum for model run no. 7:  11.518356537447389 [MAE: 6.8463402784169345]
Epoch 00395: reducing learning rate of group 0 to 1.0000e-04.
Epoch 00163: reducing learning rate of group 0 to 1.0000e-05.
Epoch 00052: reducing learning rate of group 0 to 1.0000e-06.
Epoch 00055: reducing learning rate of group 0 to 1.0000e-07.
Epoch 00052: reducing learning rate of group 0 to 1.0000e-08.
Epoch 00052: reducing learning rate of group 0 to 1.0000e-09.
Epoch 00052: reducing learning rate of group 0 to 1.0000e-10.
Epoch 00052: reducing learning rate of group 0 to 1.0000e-11.
Epoch 00052: reducing learning rate of group 0 to 1.0000e-12.
Very small learning rate reached: 1e-12
Train error minimum for model run no. 8: 5.479534021613058 [MAE: 4.256325923180895]
Test error minimum for model run no. 8:  11.562752098163429 [MAE: 7.053187798764028]
Epoch 00407: reducing learning rate of group 0 to 1.0000e-04.
Epoch 00053: reducing learning rate of group 0 to 1.0000e-05.
Epoch 00069: reducing learning rate of group 0 to 1.0000e-06.
Epoch 00125: reducing learning rate of group 0 to 1.0000e-07.
Epoch 00052: reducing learning rate of group 0 to 1.0000e-08.
Epoch 00052: reducing learning rate of group 0 to 1.0000e-09.
Epoch 00052: reducing learning rate of group 0 to 1.0000e-10.
Epoch 00052: reducing learning rate of group 0 to 1.0000e-11.
Epoch 00052: reducing learning rate of group 0 to 1.0000e-12.
Very small learning rate reached: 1e-12
Train error minimum for model run no. 9: 5.412483724333311 [MAE: 4.209816074599856]
Test error minimum for model run no. 9:  11.98080163702535 [MAE: 7.069173418443966]
Epoch 00468: reducing learning rate of group 0 to 1.0000e-04.
Epoch 00053: reducing learning rate of group 0 to 1.0000e-05.
Epoch 00052: reducing learning rate of group 0 to 1.0000e-06.
Epoch 00060: reducing learning rate of group 0 to 1.0000e-07.
Epoch 00052: reducing learning rate of group 0 to 1.0000e-08.
Epoch 00052: reducing learning rate of group 0 to 1.0000e-09.
Epoch 00052: reducing learning rate of group 0 to 1.0000e-10.
Epoch 00052: reducing learning rate of group 0 to 1.0000e-11.
Epoch 00052: reducing learning rate of group 0 to 1.0000e-12.
Very small learning rate reached: 1e-12
Train error minimum for model run no. 10: 5.114171136813161 [MAE: 3.964661567580314]
Test error minimum for model run no. 10:  11.651545091889474 [MAE: 7.088171255943531]
E_max_2 =  400
Cutoff Radius =  6.0
Selected Radial Transform =  13.0
factor =  0.6
displacement =  0.0
dataset =  datasets/random-ch4-10k.extxyz
n_train =  1000
n_test =  1000
Train error averaged over all models Train RMSE:  5.286405577478747 [Train MAE: 4.104039518054526]
Test error averaged over all models Test RMSE: 11.734582721226797 [Test MAE: 7.0694651209969575]
FINISHED at Wed Jan 11 21:24:07 CET 2023
