STARTING AT Thu Jan 12 00:07:31 CET 2023
CUDA is available:  False
Random seed: 1000
6 14
Reading dataset
Shuffling and extracting from dataset (length: 10000)
Shuffling and extraction done
Calculating composition features
Composition features done
Calculating composition features
Composition features done
Creating datasets and dataloaders
0
100
200
300
400
500
600
700
800
900
0
100
200
300
400
500
600
700
800
900
nfeat: 218
Epoch 00518: reducing learning rate of group 0 to 1.0000e-04.
Epoch 00126: reducing learning rate of group 0 to 1.0000e-05.
Epoch 00054: reducing learning rate of group 0 to 1.0000e-06.
Epoch 00052: reducing learning rate of group 0 to 1.0000e-07.
Epoch 00052: reducing learning rate of group 0 to 1.0000e-08.
Epoch 00052: reducing learning rate of group 0 to 1.0000e-09.
Epoch 00052: reducing learning rate of group 0 to 1.0000e-10.
Epoch 00052: reducing learning rate of group 0 to 1.0000e-11.
Epoch 00052: reducing learning rate of group 0 to 1.0000e-12.
Very small learning rate reached: 1e-12
Train error minimum for model run no. 1: 4.555810519873769 [MAE: 3.5160443130523205]
Test error minimum for model run no. 1:  11.897381301221175 [MAE: 6.931866807443506]
Epoch 00471: reducing learning rate of group 0 to 1.0000e-04.
Epoch 00083: reducing learning rate of group 0 to 1.0000e-05.
Epoch 00112: reducing learning rate of group 0 to 1.0000e-06.
Epoch 00053: reducing learning rate of group 0 to 1.0000e-07.
Epoch 00052: reducing learning rate of group 0 to 1.0000e-08.
Epoch 00052: reducing learning rate of group 0 to 1.0000e-09.
Epoch 00052: reducing learning rate of group 0 to 1.0000e-10.
Epoch 00052: reducing learning rate of group 0 to 1.0000e-11.
Epoch 00052: reducing learning rate of group 0 to 1.0000e-12.
Very small learning rate reached: 1e-12
Train error minimum for model run no. 2: 4.657695311063321 [MAE: 3.590883083395072]
Test error minimum for model run no. 2:  12.594890370949848 [MAE: 7.30288942775507]
Epoch 00420: reducing learning rate of group 0 to 1.0000e-04.
Epoch 00123: reducing learning rate of group 0 to 1.0000e-05.
Epoch 00052: reducing learning rate of group 0 to 1.0000e-06.
Epoch 00052: reducing learning rate of group 0 to 1.0000e-07.
Epoch 00064: reducing learning rate of group 0 to 1.0000e-08.
Epoch 00052: reducing learning rate of group 0 to 1.0000e-09.
Epoch 00052: reducing learning rate of group 0 to 1.0000e-10.
Epoch 00052: reducing learning rate of group 0 to 1.0000e-11.
Epoch 00052: reducing learning rate of group 0 to 1.0000e-12.
Very small learning rate reached: 1e-12
Train error minimum for model run no. 3: 4.990669421396166 [MAE: 3.858840135305627]
Test error minimum for model run no. 3:  12.213403118869481 [MAE: 7.1643034984879765]
Epoch 00519: reducing learning rate of group 0 to 1.0000e-04.
Epoch 00052: reducing learning rate of group 0 to 1.0000e-05.
Epoch 00052: reducing learning rate of group 0 to 1.0000e-06.
Train error minimum for model run no. 4: 4.809218093913372 [MAE: 3.7195139717702066]
Test error minimum for model run no. 4:  12.464273162257953 [MAE: 7.287263664076357]
Epoch 00549: reducing learning rate of group 0 to 1.0000e-04.
Epoch 00054: reducing learning rate of group 0 to 1.0000e-05.
Epoch 00063: reducing learning rate of group 0 to 1.0000e-06.
Epoch 00052: reducing learning rate of group 0 to 1.0000e-07.
Epoch 00052: reducing learning rate of group 0 to 1.0000e-08.
Epoch 00052: reducing learning rate of group 0 to 1.0000e-09.
Epoch 00052: reducing learning rate of group 0 to 1.0000e-10.
Epoch 00052: reducing learning rate of group 0 to 1.0000e-11.
Epoch 00052: reducing learning rate of group 0 to 1.0000e-12.
Very small learning rate reached: 1e-12
Train error minimum for model run no. 5: 4.44552292736859 [MAE: 3.4857935764106807]
Test error minimum for model run no. 5:  12.23450485461885 [MAE: 7.109095606618816]
Epoch 00469: reducing learning rate of group 0 to 1.0000e-04.
Epoch 00056: reducing learning rate of group 0 to 1.0000e-05.
Epoch 00188: reducing learning rate of group 0 to 1.0000e-06.
Epoch 00052: reducing learning rate of group 0 to 1.0000e-07.
Epoch 00052: reducing learning rate of group 0 to 1.0000e-08.
Epoch 00052: reducing learning rate of group 0 to 1.0000e-09.
Epoch 00052: reducing learning rate of group 0 to 1.0000e-10.
Epoch 00052: reducing learning rate of group 0 to 1.0000e-11.
Epoch 00052: reducing learning rate of group 0 to 1.0000e-12.
Very small learning rate reached: 1e-12
Train error minimum for model run no. 6: 4.662962735472163 [MAE: 3.6439670042413637]
Test error minimum for model run no. 6:  12.21125778900501 [MAE: 7.166406379493517]
Epoch 00506: reducing learning rate of group 0 to 1.0000e-04.
Epoch 00108: reducing learning rate of group 0 to 1.0000e-05.
Epoch 00055: reducing learning rate of group 0 to 1.0000e-06.
Epoch 00095: reducing learning rate of group 0 to 1.0000e-07.
Epoch 00052: reducing learning rate of group 0 to 1.0000e-08.
Epoch 00052: reducing learning rate of group 0 to 1.0000e-09.
Epoch 00052: reducing learning rate of group 0 to 1.0000e-10.
Epoch 00052: reducing learning rate of group 0 to 1.0000e-11.
Epoch 00052: reducing learning rate of group 0 to 1.0000e-12.
Very small learning rate reached: 1e-12
Train error minimum for model run no. 7: 4.56878767130159 [MAE: 3.51530521034305]
Test error minimum for model run no. 7:  12.15854857439284 [MAE: 7.141012157599554]
Epoch 00481: reducing learning rate of group 0 to 1.0000e-04.
Epoch 00235: reducing learning rate of group 0 to 1.0000e-05.
Epoch 00480: reducing learning rate of group 0 to 1.0000e-06.
Epoch 00217: reducing learning rate of group 0 to 1.0000e-07.
Epoch 00052: reducing learning rate of group 0 to 1.0000e-08.
Epoch 00052: reducing learning rate of group 0 to 1.0000e-09.
Epoch 00052: reducing learning rate of group 0 to 1.0000e-10.
Epoch 00052: reducing learning rate of group 0 to 1.0000e-11.
Epoch 00052: reducing learning rate of group 0 to 1.0000e-12.
Very small learning rate reached: 1e-12
Train error minimum for model run no. 8: 4.4758504742929395 [MAE: 3.448309125048981]
Test error minimum for model run no. 8:  12.030863513420417 [MAE: 6.978429375869381]
Epoch 00354: reducing learning rate of group 0 to 1.0000e-04.
Epoch 00498: reducing learning rate of group 0 to 1.0000e-05.
Epoch 00054: reducing learning rate of group 0 to 1.0000e-06.
Epoch 00053: reducing learning rate of group 0 to 1.0000e-07.
Epoch 00102: reducing learning rate of group 0 to 1.0000e-08.
Epoch 00052: reducing learning rate of group 0 to 1.0000e-09.
Epoch 00052: reducing learning rate of group 0 to 1.0000e-10.
Epoch 00052: reducing learning rate of group 0 to 1.0000e-11.
Epoch 00052: reducing learning rate of group 0 to 1.0000e-12.
Very small learning rate reached: 1e-12
Train error minimum for model run no. 9: 4.923000067636714 [MAE: 3.8253924427490538]
Test error minimum for model run no. 9:  12.49604527185082 [MAE: 7.257756655891891]
Epoch 00601: reducing learning rate of group 0 to 1.0000e-04.
Epoch 00055: reducing learning rate of group 0 to 1.0000e-05.
Epoch 00063: reducing learning rate of group 0 to 1.0000e-06.
Epoch 00119: reducing learning rate of group 0 to 1.0000e-07.
Epoch 00052: reducing learning rate of group 0 to 1.0000e-08.
Epoch 00052: reducing learning rate of group 0 to 1.0000e-09.
Epoch 00052: reducing learning rate of group 0 to 1.0000e-10.
Epoch 00052: reducing learning rate of group 0 to 1.0000e-11.
Epoch 00052: reducing learning rate of group 0 to 1.0000e-12.
Very small learning rate reached: 1e-12
Train error minimum for model run no. 10: 4.364559193148487 [MAE: 3.404426108643026]
Test error minimum for model run no. 10:  12.085051175741789 [MAE: 7.024694185400951]
E_max_2 =  400
Cutoff Radius =  4.5
Selected Radial Transform =  13.0
factor =  0.6
displacement =  0.0
dataset =  datasets/random-ch4-10k.extxyz
n_train =  1000
n_test =  1000
Train error averaged over all models Train RMSE:  4.645407641546711 [Train MAE: 3.6008474970959385]
Test error averaged over all models Test RMSE: 12.238621913232816 [Test MAE: 7.136371775863703]
FINISHED at Thu Jan 12 07:56:03 CET 2023
