STARTING AT Fri Dec 9 01:57:13 CET 2022
CUDA is available:  False
Random seed: 1000
6 14
Reading dataset
Shuffling and extracting from dataset (length: 10000)
Shuffling and extraction done
Calculating composition features
Composition features done
Calculating composition features
Composition features done
Creating datasets and dataloaders
0
100
200
300
400
500
600
700
800
900
0
100
200
300
400
500
600
700
800
900
nfeat: 218
Epoch 00338: reducing learning rate of group 0 to 1.0000e-04.
Epoch 00083: reducing learning rate of group 0 to 1.0000e-05.
Epoch 00056: reducing learning rate of group 0 to 1.0000e-06.
Epoch 00070: reducing learning rate of group 0 to 1.0000e-07.
Epoch 00052: reducing learning rate of group 0 to 1.0000e-08.
Epoch 00052: reducing learning rate of group 0 to 1.0000e-09.
Epoch 00052: reducing learning rate of group 0 to 1.0000e-10.
Epoch 00052: reducing learning rate of group 0 to 1.0000e-11.
Epoch 00052: reducing learning rate of group 0 to 1.0000e-12.
Very small learning rate reached: 1e-12
Train error minimum for model run no. 1: 4.810385189336146 [MAE: 3.7368646087646487]
Test error minimum for model run no. 1:  12.428457405569514 [MAE: 6.969852928161621]
Epoch 00459: reducing learning rate of group 0 to 1.0000e-04.
Epoch 00197: reducing learning rate of group 0 to 1.0000e-05.
Epoch 00053: reducing learning rate of group 0 to 1.0000e-06.
Epoch 00134: reducing learning rate of group 0 to 1.0000e-07.
Epoch 00052: reducing learning rate of group 0 to 1.0000e-08.
Epoch 00052: reducing learning rate of group 0 to 1.0000e-09.
Epoch 00052: reducing learning rate of group 0 to 1.0000e-10.
Epoch 00052: reducing learning rate of group 0 to 1.0000e-11.
Epoch 00052: reducing learning rate of group 0 to 1.0000e-12.
Very small learning rate reached: 1e-12
Train error minimum for model run no. 2: 4.25100378142848 [MAE: 3.2608723220825193]
Test error minimum for model run no. 2:  12.013561827365043 [MAE: 6.69523119354248]
Epoch 00416: reducing learning rate of group 0 to 1.0000e-04.
Epoch 00191: reducing learning rate of group 0 to 1.0000e-05.
Epoch 00206: reducing learning rate of group 0 to 1.0000e-06.
Epoch 00054: reducing learning rate of group 0 to 1.0000e-07.
Epoch 00073: reducing learning rate of group 0 to 1.0000e-08.
Epoch 00052: reducing learning rate of group 0 to 1.0000e-09.
Epoch 00052: reducing learning rate of group 0 to 1.0000e-10.
Epoch 00052: reducing learning rate of group 0 to 1.0000e-11.
Epoch 00052: reducing learning rate of group 0 to 1.0000e-12.
Very small learning rate reached: 1e-12
Train error minimum for model run no. 3: 4.491405568410623 [MAE: 3.443487358093262]
Test error minimum for model run no. 3:  12.370383037844492 [MAE: 7.107521682739258]
Epoch 00628: reducing learning rate of group 0 to 1.0000e-04.
Epoch 00066: reducing learning rate of group 0 to 1.0000e-05.
Epoch 00057: reducing learning rate of group 0 to 1.0000e-06.
Epoch 00064: reducing learning rate of group 0 to 1.0000e-07.
Epoch 00052: reducing learning rate of group 0 to 1.0000e-08.
Epoch 00052: reducing learning rate of group 0 to 1.0000e-09.
Epoch 00052: reducing learning rate of group 0 to 1.0000e-10.
Epoch 00052: reducing learning rate of group 0 to 1.0000e-11.
Epoch 00052: reducing learning rate of group 0 to 1.0000e-12.
Very small learning rate reached: 1e-12
Train error minimum for model run no. 4: 3.9070992645525227 [MAE: 2.9494949951171874]
Test error minimum for model run no. 4:  11.470482169079789 [MAE: 6.609583450317383]
Epoch 00480: reducing learning rate of group 0 to 1.0000e-04.
Epoch 00052: reducing learning rate of group 0 to 1.0000e-05.
Epoch 00057: reducing learning rate of group 0 to 1.0000e-06.
Epoch 00052: reducing learning rate of group 0 to 1.0000e-07.
Epoch 00052: reducing learning rate of group 0 to 1.0000e-08.
Epoch 00052: reducing learning rate of group 0 to 1.0000e-09.
Epoch 00052: reducing learning rate of group 0 to 1.0000e-10.
Epoch 00052: reducing learning rate of group 0 to 1.0000e-11.
Epoch 00052: reducing learning rate of group 0 to 1.0000e-12.
Very small learning rate reached: 1e-12
Train error minimum for model run no. 5: 4.291129534369751 [MAE: 3.2742998123168947]
Test error minimum for model run no. 5:  11.823798128145642 [MAE: 6.6771579971313475]
Epoch 00442: reducing learning rate of group 0 to 1.0000e-04.
Epoch 00095: reducing learning rate of group 0 to 1.0000e-05.
Epoch 00072: reducing learning rate of group 0 to 1.0000e-06.
Epoch 00052: reducing learning rate of group 0 to 1.0000e-07.
Epoch 00052: reducing learning rate of group 0 to 1.0000e-08.
Epoch 00052: reducing learning rate of group 0 to 1.0000e-09.
Epoch 00052: reducing learning rate of group 0 to 1.0000e-10.
Epoch 00052: reducing learning rate of group 0 to 1.0000e-11.
Epoch 00052: reducing learning rate of group 0 to 1.0000e-12.
Very small learning rate reached: 1e-12
Train error minimum for model run no. 6: 4.295546592197735 [MAE: 3.290852729797363]
Test error minimum for model run no. 6:  11.989374869930813 [MAE: 6.769139213562012]
Epoch 00496: reducing learning rate of group 0 to 1.0000e-04.
Epoch 00065: reducing learning rate of group 0 to 1.0000e-05.
Epoch 00069: reducing learning rate of group 0 to 1.0000e-06.
Epoch 00079: reducing learning rate of group 0 to 1.0000e-07.
Epoch 00052: reducing learning rate of group 0 to 1.0000e-08.
Epoch 00052: reducing learning rate of group 0 to 1.0000e-09.
Epoch 00052: reducing learning rate of group 0 to 1.0000e-10.
Epoch 00052: reducing learning rate of group 0 to 1.0000e-11.
Epoch 00052: reducing learning rate of group 0 to 1.0000e-12.
Very small learning rate reached: 1e-12
Train error minimum for model run no. 7: 4.338236352821137 [MAE: 3.3106558609008787]
Test error minimum for model run no. 7:  12.392776504580912 [MAE: 7.120577041625976]
Epoch 00586: reducing learning rate of group 0 to 1.0000e-04.
Epoch 00093: reducing learning rate of group 0 to 1.0000e-05.
Epoch 00435: reducing learning rate of group 0 to 1.0000e-06.
Epoch 00052: reducing learning rate of group 0 to 1.0000e-07.
Epoch 00077: reducing learning rate of group 0 to 1.0000e-08.
Epoch 00052: reducing learning rate of group 0 to 1.0000e-09.
Epoch 00052: reducing learning rate of group 0 to 1.0000e-10.
Epoch 00052: reducing learning rate of group 0 to 1.0000e-11.
Epoch 00052: reducing learning rate of group 0 to 1.0000e-12.
Very small learning rate reached: 1e-12
Train error minimum for model run no. 8: 3.72309710792031 [MAE: 2.8560636825561523]
Test error minimum for model run no. 8:  12.588519629782581 [MAE: 7.054081275939941]
Epoch 00656: reducing learning rate of group 0 to 1.0000e-04.
Epoch 00073: reducing learning rate of group 0 to 1.0000e-05.
Epoch 00052: reducing learning rate of group 0 to 1.0000e-06.
Epoch 00053: reducing learning rate of group 0 to 1.0000e-07.
Epoch 00052: reducing learning rate of group 0 to 1.0000e-08.
Epoch 00052: reducing learning rate of group 0 to 1.0000e-09.
Epoch 00052: reducing learning rate of group 0 to 1.0000e-10.
Epoch 00052: reducing learning rate of group 0 to 1.0000e-11.
Epoch 00052: reducing learning rate of group 0 to 1.0000e-12.
Very small learning rate reached: 1e-12
Train error minimum for model run no. 9: 3.8377825908180347 [MAE: 2.9261719970703126]
Test error minimum for model run no. 9:  11.407147798503866 [MAE: 6.579595520019531]
Epoch 00436: reducing learning rate of group 0 to 1.0000e-04.
Epoch 00073: reducing learning rate of group 0 to 1.0000e-05.
Epoch 00366: reducing learning rate of group 0 to 1.0000e-06.
Epoch 00628: reducing learning rate of group 0 to 1.0000e-07.
Epoch 00175: reducing learning rate of group 0 to 1.0000e-08.
Epoch 00052: reducing learning rate of group 0 to 1.0000e-09.
Epoch 00052: reducing learning rate of group 0 to 1.0000e-10.
Epoch 00052: reducing learning rate of group 0 to 1.0000e-11.
Epoch 00052: reducing learning rate of group 0 to 1.0000e-12.
Very small learning rate reached: 1e-12
Train error minimum for model run no. 10: 4.361632964971292 [MAE: 3.327438652038574]
Test error minimum for model run no. 10:  12.65134278449499 [MAE: 7.049926811218262]
E_max_2 =  400
Cutoff Radius =  4.5
Selected Radial Transform =  5.0
factor =  1.6
displacement =  0.0
dataset =  datasets/random-ch4-10k.extxyz
n_train =  1000
n_test =  1000
Train error averaged over all models Train RMSE:  4.230731894682604 [Train MAE: 3.237620201873779]
Test error averaged over all models Test RMSE: 12.113584415529763 [Test MAE: 6.863266711425782]
FINISHED at Fri Dec 9 06:55:39 CET 2022
