STARTING AT Mon Nov 28 00:01:58 CET 2022
CUDA is available:  False
Random seed: 1000
6 14
Reading dataset
Shuffling and extracting from dataset (length: 10000)
Shuffling and extraction done
Calculating composition features
Composition features done
Calculating composition features
Composition features done
Creating datasets and dataloaders
0
100
200
300
400
500
600
700
800
900
0
100
200
300
400
500
600
700
800
900
nfeat: 218
Epoch 00277: reducing learning rate of group 0 to 1.0000e-04.
Epoch 00058: reducing learning rate of group 0 to 1.0000e-05.
Epoch 00887: reducing learning rate of group 0 to 1.0000e-06.
Epoch 00052: reducing learning rate of group 0 to 1.0000e-07.
Epoch 00090: reducing learning rate of group 0 to 1.0000e-08.
Epoch 00052: reducing learning rate of group 0 to 1.0000e-09.
Epoch 00052: reducing learning rate of group 0 to 1.0000e-10.
Epoch 00052: reducing learning rate of group 0 to 1.0000e-11.
Epoch 00052: reducing learning rate of group 0 to 1.0000e-12.
Very small learning rate reached: 1e-12
Train error minimum for model run no. 1: 4.006680206433574 [MAE: 3.1279166984558104]
Test error minimum for model run no. 1:  12.592403395984459 [MAE: 6.794886196136475]
Epoch 00255: reducing learning rate of group 0 to 1.0000e-04.
Epoch 00208: reducing learning rate of group 0 to 1.0000e-05.
Epoch 00086: reducing learning rate of group 0 to 1.0000e-06.
Epoch 00066: reducing learning rate of group 0 to 1.0000e-07.
Epoch 00063: reducing learning rate of group 0 to 1.0000e-08.
Epoch 00052: reducing learning rate of group 0 to 1.0000e-09.
Epoch 00052: reducing learning rate of group 0 to 1.0000e-10.
Epoch 00052: reducing learning rate of group 0 to 1.0000e-11.
Epoch 00052: reducing learning rate of group 0 to 1.0000e-12.
Very small learning rate reached: 1e-12
Train error minimum for model run no. 2: 3.80632483848824 [MAE: 2.929289604187012]
Test error minimum for model run no. 2:  11.42938339586044 [MAE: 6.34911519241333]
Epoch 00341: reducing learning rate of group 0 to 1.0000e-04.
Epoch 00174: reducing learning rate of group 0 to 1.0000e-05.
Epoch 00249: reducing learning rate of group 0 to 1.0000e-06.
Epoch 00091: reducing learning rate of group 0 to 1.0000e-07.
Epoch 00052: reducing learning rate of group 0 to 1.0000e-08.
Epoch 00052: reducing learning rate of group 0 to 1.0000e-09.
Epoch 00052: reducing learning rate of group 0 to 1.0000e-10.
Epoch 00052: reducing learning rate of group 0 to 1.0000e-11.
Epoch 00052: reducing learning rate of group 0 to 1.0000e-12.
Very small learning rate reached: 1e-12
Train error minimum for model run no. 3: 3.3022457796847124 [MAE: 2.5432518424987793]
Test error minimum for model run no. 3:  11.614963429381511 [MAE: 6.28276208114624]
Epoch 00245: reducing learning rate of group 0 to 1.0000e-04.
Epoch 00052: reducing learning rate of group 0 to 1.0000e-05.
Epoch 00843: reducing learning rate of group 0 to 1.0000e-06.
Epoch 00185: reducing learning rate of group 0 to 1.0000e-07.
Epoch 00118: reducing learning rate of group 0 to 1.0000e-08.
Epoch 00052: reducing learning rate of group 0 to 1.0000e-09.
Epoch 00052: reducing learning rate of group 0 to 1.0000e-10.
Epoch 00052: reducing learning rate of group 0 to 1.0000e-11.
Epoch 00052: reducing learning rate of group 0 to 1.0000e-12.
Very small learning rate reached: 1e-12
Train error minimum for model run no. 4: 3.97178446368646 [MAE: 3.08696826171875]
Test error minimum for model run no. 4:  12.011590794224466 [MAE: 6.249327049255371]
Epoch 00271: reducing learning rate of group 0 to 1.0000e-04.
Epoch 00052: reducing learning rate of group 0 to 1.0000e-05.
Epoch 00094: reducing learning rate of group 0 to 1.0000e-06.
Epoch 00055: reducing learning rate of group 0 to 1.0000e-07.
Epoch 00052: reducing learning rate of group 0 to 1.0000e-08.
Epoch 00052: reducing learning rate of group 0 to 1.0000e-09.
Epoch 00052: reducing learning rate of group 0 to 1.0000e-10.
Epoch 00052: reducing learning rate of group 0 to 1.0000e-11.
Epoch 00052: reducing learning rate of group 0 to 1.0000e-12.
Very small learning rate reached: 1e-12
Train error minimum for model run no. 5: 4.0066170187194565 [MAE: 3.1072411880493163]
Test error minimum for model run no. 5:  11.880064145566859 [MAE: 6.3114870872497555]
Epoch 00328: reducing learning rate of group 0 to 1.0000e-04.
Epoch 00068: reducing learning rate of group 0 to 1.0000e-05.
Epoch 00115: reducing learning rate of group 0 to 1.0000e-06.
Epoch 00067: reducing learning rate of group 0 to 1.0000e-07.
Epoch 00076: reducing learning rate of group 0 to 1.0000e-08.
Epoch 00052: reducing learning rate of group 0 to 1.0000e-09.
Epoch 00052: reducing learning rate of group 0 to 1.0000e-10.
Epoch 00052: reducing learning rate of group 0 to 1.0000e-11.
Epoch 00052: reducing learning rate of group 0 to 1.0000e-12.
Very small learning rate reached: 1e-12
Train error minimum for model run no. 6: 3.6141598760183227 [MAE: 2.7839233570098876]
Test error minimum for model run no. 6:  11.394073397367368 [MAE: 6.22575910949707]
Epoch 00272: reducing learning rate of group 0 to 1.0000e-04.
Epoch 00112: reducing learning rate of group 0 to 1.0000e-05.
Epoch 00054: reducing learning rate of group 0 to 1.0000e-06.
Epoch 00054: reducing learning rate of group 0 to 1.0000e-07.
Epoch 00118: reducing learning rate of group 0 to 1.0000e-08.
Epoch 00052: reducing learning rate of group 0 to 1.0000e-09.
Epoch 00052: reducing learning rate of group 0 to 1.0000e-10.
Epoch 00052: reducing learning rate of group 0 to 1.0000e-11.
Epoch 00052: reducing learning rate of group 0 to 1.0000e-12.
Very small learning rate reached: 1e-12
Train error minimum for model run no. 7: 3.8173113816185626 [MAE: 2.974737007141113]
Test error minimum for model run no. 7:  11.839675115045766 [MAE: 6.46770178604126]
Epoch 00263: reducing learning rate of group 0 to 1.0000e-04.
Epoch 00304: reducing learning rate of group 0 to 1.0000e-05.
Epoch 00236: reducing learning rate of group 0 to 1.0000e-06.
Epoch 00055: reducing learning rate of group 0 to 1.0000e-07.
Epoch 00052: reducing learning rate of group 0 to 1.0000e-08.
Epoch 00052: reducing learning rate of group 0 to 1.0000e-09.
Epoch 00052: reducing learning rate of group 0 to 1.0000e-10.
Epoch 00052: reducing learning rate of group 0 to 1.0000e-11.
Epoch 00052: reducing learning rate of group 0 to 1.0000e-12.
Very small learning rate reached: 1e-12
Train error minimum for model run no. 8: 3.6737360738754457 [MAE: 2.835799379348755]
Test error minimum for model run no. 8:  11.439616598718773 [MAE: 6.181622287750244]
Epoch 00231: reducing learning rate of group 0 to 1.0000e-04.
Epoch 00175: reducing learning rate of group 0 to 1.0000e-05.
Epoch 00052: reducing learning rate of group 0 to 1.0000e-06.
Epoch 00119: reducing learning rate of group 0 to 1.0000e-07.
Epoch 00059: reducing learning rate of group 0 to 1.0000e-08.
Epoch 00052: reducing learning rate of group 0 to 1.0000e-09.
Epoch 00052: reducing learning rate of group 0 to 1.0000e-10.
Epoch 00052: reducing learning rate of group 0 to 1.0000e-11.
Epoch 00052: reducing learning rate of group 0 to 1.0000e-12.
Very small learning rate reached: 1e-12
Train error minimum for model run no. 9: 4.064707361411665 [MAE: 3.1248781929016114]
Test error minimum for model run no. 9:  11.313827194677124 [MAE: 6.068089687347412]
Epoch 00268: reducing learning rate of group 0 to 1.0000e-04.
Epoch 00168: reducing learning rate of group 0 to 1.0000e-05.
Epoch 00668: reducing learning rate of group 0 to 1.0000e-06.
Epoch 00053: reducing learning rate of group 0 to 1.0000e-07.
Epoch 00063: reducing learning rate of group 0 to 1.0000e-08.
Epoch 00052: reducing learning rate of group 0 to 1.0000e-09.
Epoch 00052: reducing learning rate of group 0 to 1.0000e-10.
Epoch 00052: reducing learning rate of group 0 to 1.0000e-11.
Epoch 00052: reducing learning rate of group 0 to 1.0000e-12.
Very small learning rate reached: 1e-12
Train error minimum for model run no. 10: 3.8278353996504366 [MAE: 2.9588741416931152]
Test error minimum for model run no. 10:  11.264414552120602 [MAE: 6.104670246124267]
E_max_2 =  400
Cutoff Radius =  4.5
Selected Radial Transform =  7.0
factor =  2.0
displacement =  0.0
dataset =  datasets/random-ch4-10k.extxyz
n_train =  1000
n_test =  1000
Train error averaged over all models Train RMSE:  3.809140239958688 [Train MAE: 2.947287967300415]
Test error averaged over all models Test RMSE: 11.678001201894736 [Test MAE: 6.303542072296142]
FINISHED at Mon Nov 28 05:47:06 CET 2022
