STARTING AT Mon Nov 28 00:03:00 CET 2022
CUDA is available:  False
Random seed: 1000
6 14
Reading dataset
Shuffling and extracting from dataset (length: 10000)
Shuffling and extraction done
Calculating composition features
Composition features done
Calculating composition features
Composition features done
Creating datasets and dataloaders
0
100
200
300
400
500
600
700
800
900
0
100
200
300
400
500
600
700
800
900
nfeat: 218
Epoch 00343: reducing learning rate of group 0 to 1.0000e-04.
Epoch 00116: reducing learning rate of group 0 to 1.0000e-05.
Epoch 00232: reducing learning rate of group 0 to 1.0000e-06.
Epoch 00080: reducing learning rate of group 0 to 1.0000e-07.
Epoch 00052: reducing learning rate of group 0 to 1.0000e-08.
Epoch 00052: reducing learning rate of group 0 to 1.0000e-09.
Epoch 00052: reducing learning rate of group 0 to 1.0000e-10.
Epoch 00052: reducing learning rate of group 0 to 1.0000e-11.
Epoch 00052: reducing learning rate of group 0 to 1.0000e-12.
Very small learning rate reached: 1e-12
Train error minimum for model run no. 1: 4.351858947408737 [MAE: 3.354659652709961]
Test error minimum for model run no. 1:  10.186484699979072 [MAE: 6.134736057281494]
Epoch 00370: reducing learning rate of group 0 to 1.0000e-04.
Epoch 00052: reducing learning rate of group 0 to 1.0000e-05.
Epoch 00053: reducing learning rate of group 0 to 1.0000e-06.
Epoch 00055: reducing learning rate of group 0 to 1.0000e-07.
Epoch 00052: reducing learning rate of group 0 to 1.0000e-08.
Epoch 00052: reducing learning rate of group 0 to 1.0000e-09.
Epoch 00052: reducing learning rate of group 0 to 1.0000e-10.
Epoch 00052: reducing learning rate of group 0 to 1.0000e-11.
Epoch 00052: reducing learning rate of group 0 to 1.0000e-12.
Very small learning rate reached: 1e-12
Train error minimum for model run no. 2: 4.519850014881932 [MAE: 3.408939956665039]
Test error minimum for model run no. 2:  12.369504050795507 [MAE: 6.406877527236938]
Epoch 00359: reducing learning rate of group 0 to 1.0000e-04.
Epoch 00056: reducing learning rate of group 0 to 1.0000e-05.
Epoch 00053: reducing learning rate of group 0 to 1.0000e-06.
Epoch 00053: reducing learning rate of group 0 to 1.0000e-07.
Epoch 00102: reducing learning rate of group 0 to 1.0000e-08.
Epoch 00052: reducing learning rate of group 0 to 1.0000e-09.
Epoch 00052: reducing learning rate of group 0 to 1.0000e-10.
Epoch 00052: reducing learning rate of group 0 to 1.0000e-11.
Epoch 00052: reducing learning rate of group 0 to 1.0000e-12.
Very small learning rate reached: 1e-12
Train error minimum for model run no. 3: 4.27748319706161 [MAE: 3.207736167907715]
Test error minimum for model run no. 3:  12.158181265354346 [MAE: 6.542358396530151]
Epoch 00465: reducing learning rate of group 0 to 1.0000e-04.
Epoch 00069: reducing learning rate of group 0 to 1.0000e-05.
Epoch 00053: reducing learning rate of group 0 to 1.0000e-06.
Epoch 00110: reducing learning rate of group 0 to 1.0000e-07.
Epoch 00094: reducing learning rate of group 0 to 1.0000e-08.
Epoch 00052: reducing learning rate of group 0 to 1.0000e-09.
Epoch 00052: reducing learning rate of group 0 to 1.0000e-10.
Epoch 00052: reducing learning rate of group 0 to 1.0000e-11.
Epoch 00052: reducing learning rate of group 0 to 1.0000e-12.
Very small learning rate reached: 1e-12
Train error minimum for model run no. 4: 3.9689824531544065 [MAE: 3.009741817474365]
Test error minimum for model run no. 4:  11.22385273667276 [MAE: 6.464842708587646]
Epoch 00311: reducing learning rate of group 0 to 1.0000e-04.
Epoch 00052: reducing learning rate of group 0 to 1.0000e-05.
Epoch 00159: reducing learning rate of group 0 to 1.0000e-06.
Epoch 00052: reducing learning rate of group 0 to 1.0000e-07.
Epoch 00052: reducing learning rate of group 0 to 1.0000e-08.
Epoch 00052: reducing learning rate of group 0 to 1.0000e-09.
Epoch 00052: reducing learning rate of group 0 to 1.0000e-10.
Epoch 00052: reducing learning rate of group 0 to 1.0000e-11.
Epoch 00052: reducing learning rate of group 0 to 1.0000e-12.
Very small learning rate reached: 1e-12
Train error minimum for model run no. 5: 4.762689019004069 [MAE: 3.568967191696167]
Test error minimum for model run no. 5:  12.716700604261424 [MAE: 6.639166128158569]
Epoch 00283: reducing learning rate of group 0 to 1.0000e-04.
Epoch 00078: reducing learning rate of group 0 to 1.0000e-05.
Epoch 00057: reducing learning rate of group 0 to 1.0000e-06.
Epoch 00056: reducing learning rate of group 0 to 1.0000e-07.
Epoch 00073: reducing learning rate of group 0 to 1.0000e-08.
Epoch 00052: reducing learning rate of group 0 to 1.0000e-09.
Epoch 00052: reducing learning rate of group 0 to 1.0000e-10.
Epoch 00052: reducing learning rate of group 0 to 1.0000e-11.
Epoch 00052: reducing learning rate of group 0 to 1.0000e-12.
Very small learning rate reached: 1e-12
Train error minimum for model run no. 6: 4.788331879534679 [MAE: 3.639035266876221]
Test error minimum for model run no. 6:  10.456819433017102 [MAE: 6.13145690536499]
Epoch 00344: reducing learning rate of group 0 to 1.0000e-04.
Epoch 00052: reducing learning rate of group 0 to 1.0000e-05.
Epoch 00064: reducing learning rate of group 0 to 1.0000e-06.
Epoch 00053: reducing learning rate of group 0 to 1.0000e-07.
Epoch 00052: reducing learning rate of group 0 to 1.0000e-08.
Epoch 00052: reducing learning rate of group 0 to 1.0000e-09.
Epoch 00052: reducing learning rate of group 0 to 1.0000e-10.
Epoch 00052: reducing learning rate of group 0 to 1.0000e-11.
Epoch 00052: reducing learning rate of group 0 to 1.0000e-12.
Very small learning rate reached: 1e-12
Train error minimum for model run no. 7: 4.482017018902497 [MAE: 3.3374686756134033]
Test error minimum for model run no. 7:  12.56546054158507 [MAE: 6.467321868896485]
Epoch 00407: reducing learning rate of group 0 to 1.0000e-04.
Epoch 00069: reducing learning rate of group 0 to 1.0000e-05.
Epoch 00052: reducing learning rate of group 0 to 1.0000e-06.
Epoch 00052: reducing learning rate of group 0 to 1.0000e-07.
Epoch 00053: reducing learning rate of group 0 to 1.0000e-08.
Epoch 00052: reducing learning rate of group 0 to 1.0000e-09.
Epoch 00052: reducing learning rate of group 0 to 1.0000e-10.
Epoch 00052: reducing learning rate of group 0 to 1.0000e-11.
Epoch 00052: reducing learning rate of group 0 to 1.0000e-12.
Very small learning rate reached: 1e-12
Train error minimum for model run no. 8: 4.104085460550106 [MAE: 3.071020923614502]
Test error minimum for model run no. 8:  11.895451693334909 [MAE: 6.471761144638061]
Epoch 00347: reducing learning rate of group 0 to 1.0000e-04.
Epoch 00080: reducing learning rate of group 0 to 1.0000e-05.
Epoch 00086: reducing learning rate of group 0 to 1.0000e-06.
Epoch 00068: reducing learning rate of group 0 to 1.0000e-07.
Epoch 00068: reducing learning rate of group 0 to 1.0000e-08.
Epoch 00052: reducing learning rate of group 0 to 1.0000e-09.
Epoch 00052: reducing learning rate of group 0 to 1.0000e-10.
Epoch 00052: reducing learning rate of group 0 to 1.0000e-11.
Epoch 00052: reducing learning rate of group 0 to 1.0000e-12.
Very small learning rate reached: 1e-12
Train error minimum for model run no. 9: 4.2976025149826595 [MAE: 3.3039044036865235]
Test error minimum for model run no. 9:  9.828020391589797 [MAE: 6.033161275863647]
Epoch 00335: reducing learning rate of group 0 to 1.0000e-04.
Epoch 00097: reducing learning rate of group 0 to 1.0000e-05.
Epoch 00132: reducing learning rate of group 0 to 1.0000e-06.
Epoch 00052: reducing learning rate of group 0 to 1.0000e-07.
Epoch 00097: reducing learning rate of group 0 to 1.0000e-08.
Epoch 00052: reducing learning rate of group 0 to 1.0000e-09.
Epoch 00052: reducing learning rate of group 0 to 1.0000e-10.
Epoch 00052: reducing learning rate of group 0 to 1.0000e-11.
Epoch 00052: reducing learning rate of group 0 to 1.0000e-12.
Very small learning rate reached: 1e-12
Train error minimum for model run no. 10: 4.4095093380195145 [MAE: 3.3390991172790527]
Test error minimum for model run no. 10:  11.2834970149269 [MAE: 6.66839310836792]
E_max_2 =  400
Cutoff Radius =  4.5
Selected Radial Transform =  8.0
factor =  0.8
displacement =  0.0
dataset =  datasets/random-ch4-10k.extxyz
n_train =  1000
n_test =  1000
Train error averaged over all models Train RMSE:  4.396240984350021 [Train MAE: 3.3240573173522954]
Test error averaged over all models Test RMSE: 11.468397243151689 [Test MAE: 6.3960075120925906]
FINISHED at Mon Nov 28 04:33:44 CET 2022
