STARTING AT Wed Jan 11 17:31:21 CET 2023
CUDA is available:  False
Random seed: 1000
6 14
Reading dataset
Shuffling and extracting from dataset (length: 10000)
Shuffling and extraction done
Calculating composition features
Composition features done
Calculating composition features
Composition features done
Creating datasets and dataloaders
0
100
200
300
400
500
600
700
800
900
0
100
200
300
400
500
600
700
800
900
nfeat: 218
Epoch 00710: reducing learning rate of group 0 to 1.0000e-04.
Epoch 00063: reducing learning rate of group 0 to 1.0000e-05.
Epoch 00062: reducing learning rate of group 0 to 1.0000e-06.
Epoch 00053: reducing learning rate of group 0 to 1.0000e-07.
Epoch 00102: reducing learning rate of group 0 to 1.0000e-08.
Epoch 00052: reducing learning rate of group 0 to 1.0000e-09.
Epoch 00052: reducing learning rate of group 0 to 1.0000e-10.
Epoch 00052: reducing learning rate of group 0 to 1.0000e-11.
Epoch 00052: reducing learning rate of group 0 to 1.0000e-12.
Very small learning rate reached: 1e-12
Train error minimum for model run no. 1: 8.326936565617077 [MAE: 6.466777691645181]
Test error minimum for model run no. 1:  12.700907920418798 [MAE: 8.380129156169394]
Epoch 00624: reducing learning rate of group 0 to 1.0000e-04.
Epoch 00070: reducing learning rate of group 0 to 1.0000e-05.
Epoch 00056: reducing learning rate of group 0 to 1.0000e-06.
Epoch 00106: reducing learning rate of group 0 to 1.0000e-07.
Epoch 00052: reducing learning rate of group 0 to 1.0000e-08.
Epoch 00052: reducing learning rate of group 0 to 1.0000e-09.
Epoch 00052: reducing learning rate of group 0 to 1.0000e-10.
Epoch 00052: reducing learning rate of group 0 to 1.0000e-11.
Epoch 00052: reducing learning rate of group 0 to 1.0000e-12.
Very small learning rate reached: 1e-12
Train error minimum for model run no. 2: 7.260453588301645 [MAE: 5.6834161706695765]
Test error minimum for model run no. 2:  11.448195142567423 [MAE: 7.562987029550723]
Epoch 00681: reducing learning rate of group 0 to 1.0000e-04.
Epoch 00067: reducing learning rate of group 0 to 1.0000e-05.
Epoch 00056: reducing learning rate of group 0 to 1.0000e-06.
Epoch 00107: reducing learning rate of group 0 to 1.0000e-07.
Epoch 00052: reducing learning rate of group 0 to 1.0000e-08.
Epoch 00052: reducing learning rate of group 0 to 1.0000e-09.
Epoch 00052: reducing learning rate of group 0 to 1.0000e-10.
Epoch 00052: reducing learning rate of group 0 to 1.0000e-11.
Epoch 00052: reducing learning rate of group 0 to 1.0000e-12.
Very small learning rate reached: 1e-12
Train error minimum for model run no. 3: 7.195514409344277 [MAE: 5.6184497843716255]
Test error minimum for model run no. 3:  11.0682244886825 [MAE: 7.363256927863234]
Epoch 00636: reducing learning rate of group 0 to 1.0000e-04.
Epoch 00052: reducing learning rate of group 0 to 1.0000e-05.
Epoch 00053: reducing learning rate of group 0 to 1.0000e-06.
Epoch 00079: reducing learning rate of group 0 to 1.0000e-07.
Epoch 00052: reducing learning rate of group 0 to 1.0000e-08.
Epoch 00052: reducing learning rate of group 0 to 1.0000e-09.
Epoch 00052: reducing learning rate of group 0 to 1.0000e-10.
Epoch 00052: reducing learning rate of group 0 to 1.0000e-11.
Epoch 00052: reducing learning rate of group 0 to 1.0000e-12.
Very small learning rate reached: 1e-12
Train error minimum for model run no. 4: 7.405387675586266 [MAE: 5.7703568013838575]
Test error minimum for model run no. 4:  11.2398687653712 [MAE: 7.521669549877877]
Epoch 00408: reducing learning rate of group 0 to 1.0000e-04.
Epoch 00091: reducing learning rate of group 0 to 1.0000e-05.
Epoch 00075: reducing learning rate of group 0 to 1.0000e-06.
Epoch 00054: reducing learning rate of group 0 to 1.0000e-07.
Epoch 00052: reducing learning rate of group 0 to 1.0000e-08.
Epoch 00052: reducing learning rate of group 0 to 1.0000e-09.
Epoch 00052: reducing learning rate of group 0 to 1.0000e-10.
Epoch 00052: reducing learning rate of group 0 to 1.0000e-11.
Epoch 00052: reducing learning rate of group 0 to 1.0000e-12.
Very small learning rate reached: 1e-12
Train error minimum for model run no. 5: 9.096893946362345 [MAE: 7.017257660132673]
Test error minimum for model run no. 5:  14.1866620989238 [MAE: 8.738387465058194]
Epoch 00851: reducing learning rate of group 0 to 1.0000e-04.
Epoch 00187: reducing learning rate of group 0 to 1.0000e-05.
Epoch 00106: reducing learning rate of group 0 to 1.0000e-06.
Epoch 00118: reducing learning rate of group 0 to 1.0000e-07.
Epoch 00052: reducing learning rate of group 0 to 1.0000e-08.
Epoch 00052: reducing learning rate of group 0 to 1.0000e-09.
Epoch 00052: reducing learning rate of group 0 to 1.0000e-10.
Epoch 00052: reducing learning rate of group 0 to 1.0000e-11.
Epoch 00052: reducing learning rate of group 0 to 1.0000e-12.
Very small learning rate reached: 1e-12
Train error minimum for model run no. 6: 6.74519169433086 [MAE: 5.234917220064495]
Test error minimum for model run no. 6:  10.640373282730499 [MAE: 7.040179551576815]
Epoch 00804: reducing learning rate of group 0 to 1.0000e-04.
Epoch 00069: reducing learning rate of group 0 to 1.0000e-05.
Epoch 00282: reducing learning rate of group 0 to 1.0000e-06.
Epoch 00060: reducing learning rate of group 0 to 1.0000e-07.
Epoch 00052: reducing learning rate of group 0 to 1.0000e-08.
Epoch 00052: reducing learning rate of group 0 to 1.0000e-09.
Epoch 00052: reducing learning rate of group 0 to 1.0000e-10.
Epoch 00052: reducing learning rate of group 0 to 1.0000e-11.
Epoch 00052: reducing learning rate of group 0 to 1.0000e-12.
Very small learning rate reached: 1e-12
Train error minimum for model run no. 7: 7.000905063038853 [MAE: 5.4627333308445225]
Test error minimum for model run no. 7:  10.568178581673669 [MAE: 7.150978062473586]
Epoch 00734: reducing learning rate of group 0 to 1.0000e-04.
Epoch 00159: reducing learning rate of group 0 to 1.0000e-05.
Epoch 00153: reducing learning rate of group 0 to 1.0000e-06.
Epoch 00163: reducing learning rate of group 0 to 1.0000e-07.
Epoch 00052: reducing learning rate of group 0 to 1.0000e-08.
Epoch 00052: reducing learning rate of group 0 to 1.0000e-09.
Epoch 00052: reducing learning rate of group 0 to 1.0000e-10.
Epoch 00052: reducing learning rate of group 0 to 1.0000e-11.
Epoch 00052: reducing learning rate of group 0 to 1.0000e-12.
Very small learning rate reached: 1e-12
Train error minimum for model run no. 8: 6.843634038006195 [MAE: 5.328276352203158]
Test error minimum for model run no. 8:  10.850557398855129 [MAE: 7.097231202316557]
Epoch 00639: reducing learning rate of group 0 to 1.0000e-04.
Epoch 00059: reducing learning rate of group 0 to 1.0000e-05.
Epoch 00061: reducing learning rate of group 0 to 1.0000e-06.
Epoch 00083: reducing learning rate of group 0 to 1.0000e-07.
Epoch 00052: reducing learning rate of group 0 to 1.0000e-08.
Epoch 00052: reducing learning rate of group 0 to 1.0000e-09.
Epoch 00052: reducing learning rate of group 0 to 1.0000e-10.
Epoch 00052: reducing learning rate of group 0 to 1.0000e-11.
Epoch 00052: reducing learning rate of group 0 to 1.0000e-12.
Very small learning rate reached: 1e-12
Train error minimum for model run no. 9: 7.230971544017118 [MAE: 5.647698271708306]
Test error minimum for model run no. 9:  11.331659904887118 [MAE: 7.5021701518751405]
Epoch 00712: reducing learning rate of group 0 to 1.0000e-04.
Epoch 00060: reducing learning rate of group 0 to 1.0000e-05.
Epoch 00056: reducing learning rate of group 0 to 1.0000e-06.
Epoch 00056: reducing learning rate of group 0 to 1.0000e-07.
Epoch 00052: reducing learning rate of group 0 to 1.0000e-08.
Epoch 00052: reducing learning rate of group 0 to 1.0000e-09.
Epoch 00052: reducing learning rate of group 0 to 1.0000e-10.
Epoch 00052: reducing learning rate of group 0 to 1.0000e-11.
Epoch 00052: reducing learning rate of group 0 to 1.0000e-12.
Very small learning rate reached: 1e-12
Train error minimum for model run no. 10: 7.227854138963566 [MAE: 5.620771471760658]
Test error minimum for model run no. 10:  11.169616965516104 [MAE: 7.419343685650686]
E_max_2 =  400
Cutoff Radius =  4.5
Selected Radial Transform =  9.0
factor =  2.2
displacement =  0.0
dataset =  datasets/random-ch4-10k.extxyz
n_train =  1000
n_test =  1000
Train error averaged over all models Train RMSE:  7.43337426635682 [Train MAE: 5.785065475478405]
Test error averaged over all models Test RMSE: 11.520424454962622 [Test MAE: 7.57763327824122]
FINISHED at Wed Jan 11 23:09:25 CET 2023
