STARTING AT Tue Jan 10 09:37:21 CET 2023
Random seed: 1000
6 14
Reading dataset
Shuffling and extracting from dataset (length: 10000)
Shuffling and extraction done
Calculating power spectrum
Expansion coefficients done
Computing training kernel
     Calculating kernels for center species 1
     Calculating kernels for center species 1
Beginning first index add...
Beginning second index add...
     Calculating kernels for center species 6
     Calculating kernels for center species 6
Beginning first index add...
Beginning second index add...
Training kernel done
Computing test kernel
     Calculating kernels for center species 1
     Calculating kernels for center species 1
Beginning first index add...
Beginning second index add...
     Calculating kernels for center species 6
     Calculating kernels for center species 6
Beginning first index add...
Beginning second index add...
Test kernel done
Calculating composition features
Composition features done
-8.0 28.640985403284745
-7.8 27.883202785005242
-7.6 27.37956589576867
-7.4 26.704979843577938
-7.2 25.73108794673805
-7.0 24.48112334016119
-6.8 23.029642028216667
-6.6 21.477019558952573
-6.4 19.940062406981447
-6.2 18.52766497929743
-6.0 17.31649699006826
-5.8 16.342337471724164
-5.6 15.605197448564947
-5.4 15.08077567360558
-5.199999999999999 14.73290268019731
-5.0 14.5242014673812
-4.8 14.423837320789527
-4.6 14.411183483136206
-4.4 14.474186883462174
-4.199999999999999 14.60526767347634
-4.0 14.802278678829827
-3.8 15.077951208866102
-3.5999999999999996 15.470005170612758
-3.3999999999999995 16.038845988612838
-3.1999999999999993 16.84847409859287
-3.0 17.939234513947262
-2.8 19.30303290840735
-2.5999999999999996 20.869415173628102
-2.3999999999999995 22.5164731552705
-2.1999999999999993 24.112099220247497
-2.0 25.56284151342607
-1.7999999999999998 26.84435027080161
-1.5999999999999996 28.016771200930698
-1.3999999999999995 29.244384913097146
-1.1999999999999993 30.819397188011575
-1.0 33.147705218873945
-0.7999999999999998 36.624594943251786
-0.5999999999999996 41.394712588270075
-0.39999999999999947 47.16726381294194
-0.1999999999999993 53.29345771331576
0.0 59.065437426924305
0.20000000000000107 63.99002711452419
0.40000000000000036 67.87433625367788
0.5999999999999996 70.75771048752378
0.8000000000000007 72.8007138187946
1.0 74.19804469026988
1.200000000000001 75.12901650154791
1.4000000000000004 75.7374920802301
1.6000000000000014 76.12952785182154
1.8000000000000007 76.37913872162474
2.0 76.53621567774287
2.200000000000001 76.63374620999713
2.4000000000000004 76.69338244421294
2.6000000000000014 76.7293022323784
2.8000000000000007 76.75070316513407
3.0 76.76340953176344
3.200000000000001 76.77098531225589
3.4000000000000004 76.7755442965133
3.6000000000000014 76.77831811858941
3.8000000000000007 76.78002300000756
4.0 76.78107944297935
Result sigma optimization:  -4.6 14.411183483136206
E_max_2 =  400
Cutoff Radius =  6.0
Selected Radial Transform =  14.0
factor =  2.0
displacement =  0.0
dataset =  datasets/random-ch4-10k.extxyz
n_train =  1500
n_test =  2000
Train RMSE: 10.422734470044329 [Train MAE: 8.226582398289496]
Test RMSE: 14.183289614451432 [Test MAE: 9.689142448898766]
FINISHED at Tue Jan 10 09:40:27 CET 2023
