STARTING AT Tue Jan 10 10:11:02 CET 2023
Random seed: 1000
5 11
Reading dataset
Shuffling and extracting from dataset (length: 105092)
Shuffling and extraction done
Calculating power spectrum
Expansion coefficients done
Computing training kernel
     Calculating kernels for center species 79
     Calculating kernels for center species 79
Beginning first index add...
Beginning second index add...
Training kernel done
Computing test kernel
     Calculating kernels for center species 79
     Calculating kernels for center species 79
Beginning first index add...
Beginning second index add...
Test kernel done
Calculating composition features
Composition features done
-8.0 150.06073077100996
-7.8 157.6351518648446
-7.6 164.72467859637754
-7.4 170.7085610478672
-7.2 175.37492217308025
-7.0 178.82448204267095
-6.8 181.30608181291942
-6.6 183.11450210244178
-6.4 184.5740032858244
-6.2 186.08755333403357
-6.0 188.22762147158835
-5.8 191.82006014281745
-5.6 197.92023329308782
-5.4 207.57720273917016
-5.199999999999999 221.40417604931258
-5.0 239.14340141067163
-4.8 259.52389192225127
-4.6 280.6600357276311
-4.4 300.8201348015326
-4.199999999999999 318.97617967149404
-4.0 334.78535022956714
-3.8 348.22937784488704
-3.5999999999999996 359.3332209313584
-3.3999999999999995 368.14058902903264
-3.1999999999999993 374.82007230333437
-3.0 379.71809641354497
-2.8 383.33289370304453
-2.5999999999999996 386.3090166174312
-2.3999999999999995 389.55860807564994
-2.1999999999999993 394.5779603997535
-2.0 403.9349063742702
-1.7999999999999998 421.5825743231299
-1.5999999999999996 452.0805021499301
-1.3999999999999995 497.95705296878276
-1.1999999999999993 556.7193570472436
-1.0 620.9083876915583
-0.7999999999999998 681.7643553860188
-0.5999999999999996 733.1179752922387
-0.39999999999999947 772.7291605737435
-0.1999999999999993 801.3390533282989
0.0 821.0728457707313
0.20000000000000107 834.2657358695402
0.40000000000000036 842.9050176242908
0.5999999999999996 848.4862070121264
0.8000000000000007 852.0597430086057
1.0 854.3336907939571
1.200000000000001 855.7733125300942
1.4000000000000004 856.6793293602143
1.6000000000000014 857.2439280590155
1.8000000000000007 857.5890002699181
2.0 857.7917394672767
2.200000000000001 857.9017194686354
2.4000000000000004 857.9521172038429
2.6000000000000014 857.9664369674185
2.8000000000000007 857.9616550303612
3.0 857.9492466671188
3.200000000000001 857.9358525601737
3.4000000000000004 857.924460001523
3.6000000000000014 857.9158486317164
3.8000000000000007 857.90976963175
4.0 857.9056540214684
Result sigma optimization:  -8.0 150.06073077100996
E_max_2 =  300
Cutoff Radius =  6.0
Selected Radial Transform =  14.0
factor =  1.6
displacement =  0.0
dataset =  datasets/gold.xyz
n_train =  1500
n_test =  2000
Train RMSE: 147.15028406876152 [Train MAE: 120.07503785955974]
Test RMSE: 153.77325612844527 [Test MAE: 124.89817052608785]
FINISHED at Tue Jan 10 10:14:27 CET 2023
