STARTING AT Tue Jan 10 10:09:38 CET 2023
Random seed: 1000
5 11
Reading dataset
Shuffling and extracting from dataset (length: 105092)
Shuffling and extraction done
Calculating power spectrum
Expansion coefficients done
Computing training kernel
     Calculating kernels for center species 79
     Calculating kernels for center species 79
Beginning first index add...
Beginning second index add...
Training kernel done
Computing test kernel
     Calculating kernels for center species 79
     Calculating kernels for center species 79
Beginning first index add...
Beginning second index add...
Test kernel done
Calculating composition features
Composition features done
-8.0 266.4200015482702
-7.8 267.6363964756485
-7.6 268.90451104523277
-7.4 269.20972422094184
-7.2 269.0811337896639
-7.0 268.0837619110651
-6.8 266.12291110673266
-6.6 262.8474879392457
-6.4 258.6483845629207
-6.2 253.6768776883198
-6.0 248.46099265903646
-5.8 243.49389509223872
-5.6 239.24151962014807
-5.4 235.93395082354138
-5.199999999999999 233.5371145275815
-5.0 231.7817628824652
-4.8 230.36029071154715
-4.6 229.08410658432956
-4.4 227.95722180374986
-4.199999999999999 227.12309278797852
-4.0 226.74067033258785
-3.8 226.89380723863104
-3.5999999999999996 227.60532020347432
-3.3999999999999995 228.94194254282567
-3.1999999999999993 231.09524695763184
-3.0 234.3396904994567
-2.8 238.85408948547743
-2.5999999999999996 244.52447944287894
-2.3999999999999995 250.91777661832703
-2.1999999999999993 257.475239709394
-2.0 263.75520228305317
-1.7999999999999998 269.5479500546404
-1.5999999999999996 274.8363253683564
-1.3999999999999995 279.6824109219341
-1.1999999999999993 284.14773806001295
-1.0 288.30548530375046
-0.7999999999999998 292.2967817617443
-0.5999999999999996 296.33522104284
-0.39999999999999947 300.6483141076053
-0.1999999999999993 305.4425142970188
0.0 310.9333431697268
0.20000000000000107 317.3553013149264
0.40000000000000036 324.8593231876909
0.5999999999999996 333.35003813385276
0.8000000000000007 342.4344619376366
1.0 351.57498522861994
1.200000000000001 360.32452194750715
1.4000000000000004 368.4589001961839
1.6000000000000014 375.97371826149936
1.8000000000000007 383.032639580357
2.0 389.92656866914314
2.200000000000001 397.03917493940173
2.4000000000000004 404.8141303890741
2.6000000000000014 413.7315448869823
2.8000000000000007 424.23210316679825
3.0 436.538744232772
3.200000000000001 450.56674351325773
3.4000000000000004 466.1314822495127
3.6000000000000014 483.2020721464568
3.8000000000000007 501.75807025426076
4.0 521.3167733530308
Result sigma optimization:  -4.0 226.74067033258785
E_max_2 =  300
Cutoff Radius =  6.0
Selected Radial Transform =  14.0
factor =  0.1
displacement =  0.0
dataset =  datasets/gold.xyz
n_train =  1500
n_test =  2000
Train RMSE: 180.2480862262881 [Train MAE: 124.73665944896115]
Test RMSE: 244.9635235095896 [Test MAE: 158.54126055920352]
FINISHED at Tue Jan 10 10:10:35 CET 2023
