STARTING AT Tue Jan 10 10:10:17 CET 2023
Random seed: 1000
7 18
Reading dataset
Shuffling and extracting from dataset (length: 105092)
Shuffling and extraction done
Calculating power spectrum
Expansion coefficients done
Computing training kernel
     Calculating kernels for center species 79
     Calculating kernels for center species 79
Beginning first index add...
Beginning second index add...
Training kernel done
Computing test kernel
     Calculating kernels for center species 79
     Calculating kernels for center species 79
Beginning first index add...
Beginning second index add...
Test kernel done
Calculating composition features
Composition features done
-8.0 104.00384486167621
-7.8 103.11124462769506
-7.6 102.21836643841151
-7.4 101.22638192884169
-7.2 100.09598590016793
-7.0 98.86306678612388
-6.8 97.63287693718382
-6.6 96.55086035906324
-6.4 95.75124637466301
-6.2 95.30378026394824
-6.0 95.19447665670968
-5.8 95.35276120715062
-5.6 95.69886408657635
-5.4 96.18152204018092
-5.199999999999999 96.79432660330781
-5.0 97.56454438948644
-4.8 98.51666692207225
-4.6 99.6404010846825
-4.4 100.89677931805171
-4.199999999999999 102.2523663059064
-4.0 103.70051975282867
-3.8 105.25554701845331
-3.5999999999999996 106.9419921320933
-3.3999999999999995 108.79587771383223
-3.1999999999999993 110.86669184818379
-3.0 113.1972007463849
-2.8 115.77919750696724
-2.5999999999999996 118.52663333292274
-2.3999999999999995 121.31254807276228
-2.1999999999999993 124.04883457270674
-2.0 126.7389474826854
-1.7999999999999998 129.48047793266687
-1.5999999999999996 132.4712401594068
-1.3999999999999995 136.0810331927662
-1.1999999999999993 140.9676479363619
-1.0 148.08542774987876
-0.7999999999999998 158.36245778982237
-0.5999999999999996 172.03648409434822
-0.39999999999999947 188.18056084057935
-0.1999999999999993 205.04989135709457
0.0 221.0477519504943
0.20000000000000107 235.48619376056604
0.40000000000000036 248.7330579975226
0.5999999999999996 261.9246898531319
0.8000000000000007 276.4388443778101
1.0 293.19198829944645
1.200000000000001 312.10900517813724
1.4000000000000004 332.33443374363935
1.6000000000000014 353.091707054091
1.8000000000000007 374.2842704545557
2.0 396.3043098012079
2.200000000000001 419.63740300366
2.4000000000000004 445.1452388199367
2.6000000000000014 474.79215530702623
2.8000000000000007 511.42571296359483
3.0 556.7487485748437
3.200000000000001 608.9025041422314
3.4000000000000004 662.4732598916635
3.6000000000000014 711.3268723942775
3.8000000000000007 751.4967272551493
4.0 781.9882276873176
Result sigma optimization:  -6.0 95.19447665670968
E_max_2 =  600
Cutoff Radius =  6.0
Selected Radial Transform =  14.0
factor =  0.8
displacement =  0.0
dataset =  datasets/gold.xyz
n_train =  1500
n_test =  2000
Train RMSE: 66.69767213196954 [Train MAE: 49.03552930478682]
Test RMSE: 94.76756003411519 [Test MAE: 64.41859773880641]
FINISHED at Tue Jan 10 10:11:44 CET 2023
