STARTING AT Tue Jan 10 09:37:34 CET 2023
Random seed: 1000
6 14
Reading dataset
Shuffling and extracting from dataset (length: 10000)
Shuffling and extraction done
Calculating power spectrum
Expansion coefficients done
Computing training kernel
     Calculating kernels for center species 1
     Calculating kernels for center species 1
Beginning first index add...
Beginning second index add...
     Calculating kernels for center species 6
     Calculating kernels for center species 6
Beginning first index add...
Beginning second index add...
Training kernel done
Computing test kernel
     Calculating kernels for center species 1
     Calculating kernels for center species 1
Beginning first index add...
Beginning second index add...
     Calculating kernels for center species 6
     Calculating kernels for center species 6
Beginning first index add...
Beginning second index add...
Test kernel done
Calculating composition features
Composition features done
-8.0 30.69886259243271
-7.8 29.563221703249212
-7.6 28.409542699603357
-7.4 27.093840127811568
-7.2 25.593951776603213
-7.0 23.972606799805945
-6.8 22.331794060769344
-6.6 20.7634638729745
-6.4 19.331079667851164
-6.2 18.07785442478913
-6.0 17.031662317659716
-5.8 16.202100680085888
-5.6 15.580871562576217
-5.4 15.146933002394114
-5.199999999999999 14.87344013043193
-5.0 14.734520433676343
-4.8 14.708689674572051
-4.6 14.777191199971288
-4.4 14.92097351997878
-4.199999999999999 15.123138307313857
-4.0 15.37949587909487
-3.8 15.710976889156928
-3.5999999999999996 16.16646418471739
-3.3999999999999995 16.810221786203734
-3.1999999999999993 17.699124236199296
-3.0 18.858557108425597
-2.8 20.262493664820482
-2.5999999999999996 21.82716783901328
-2.3999999999999995 23.432480127952857
-2.1999999999999993 24.965843500952072
-2.0 26.3609746902903
-1.7999999999999998 27.61860687857271
-1.5999999999999996 28.823612194812203
-1.3999999999999995 30.171174054116815
-1.1999999999999993 31.984606363101676
-1.0 34.67039662644031
-0.7999999999999998 38.55306524046156
-0.5999999999999996 43.638327187057115
-0.39999999999999947 49.506459505798034
-0.1999999999999993 55.47612643730072
0.0 60.9113701602472
0.20000000000000107 65.43170700151563
0.40000000000000036 68.93383341890792
0.5999999999999996 71.50195067698353
0.8000000000000007 73.30648756752637
1.0 74.53365964232886
1.200000000000001 75.34801484312848
1.4000000000000004 75.87876457021676
1.6000000000000014 76.21996577812723
1.8000000000000007 76.43674392349918
2.0 76.57278686015218
2.200000000000001 76.65691213159698
2.4000000000000004 76.7080339887843
2.6000000000000014 76.73855861522298
2.8000000000000007 76.7565468436512
3.0 76.76709720570526
3.200000000000001 76.77331198757321
3.4000000000000004 76.77701218233427
3.6000000000000014 76.77924419811514
3.8000000000000007 76.78060726902402
4.0 76.78144806997301
Result sigma optimization:  -4.8 14.708689674572051
E_max_2 =  400
Cutoff Radius =  6.0
Selected Radial Transform =  14.0
factor =  2.1
displacement =  0.0
dataset =  datasets/random-ch4-10k.extxyz
n_train =  1500
n_test =  2000
Train RMSE: 10.643126087978924 [Train MAE: 8.405336053591652]
Test RMSE: 14.49981677806432 [Test MAE: 9.956002033530469]
FINISHED at Tue Jan 10 09:38:26 CET 2023
