STARTING AT Tue Jan 10 09:36:51 CET 2023
Random seed: 1000
7 18
Reading dataset
Shuffling and extracting from dataset (length: 10000)
Shuffling and extraction done
Calculating power spectrum
Expansion coefficients done
Computing training kernel
     Calculating kernels for center species 1
     Calculating kernels for center species 1
Beginning first index add...
Beginning second index add...
     Calculating kernels for center species 6
     Calculating kernels for center species 6
Beginning first index add...
Beginning second index add...
Training kernel done
Computing test kernel
     Calculating kernels for center species 1
     Calculating kernels for center species 1
Beginning first index add...
Beginning second index add...
     Calculating kernels for center species 6
     Calculating kernels for center species 6
Beginning first index add...
Beginning second index add...
Test kernel done
Calculating composition features
Composition features done
-8.0 36.96429488942852
-7.8 34.38018813971127
-7.6 32.47502426866238
-7.4 31.00294076835729
-7.2 29.764115535109752
-7.0 28.605142014706637
-6.8 27.422067485325197
-6.6 26.165236443369437
-6.4 24.83955123102035
-6.2 23.49513134969498
-6.0 22.206501994132832
-5.8 21.04298614987074
-5.6 20.04154282165158
-5.4 19.199638955047195
-5.199999999999999 18.49179161857517
-5.0 17.89133361550639
-4.8 17.3797131543002
-4.6 16.94385026562862
-4.4 16.571435134299122
-4.199999999999999 16.249624416913136
-4.0 15.966063660402774
-3.8 15.71000608066413
-3.5999999999999996 15.473889455542286
-3.3999999999999995 15.256769974917562
-3.1999999999999993 15.069191781329105
-3.0 14.937030155267001
-2.8 14.901442699627035
-2.5999999999999996 15.014511877832176
-2.3999999999999995 15.333105679112853
-2.1999999999999993 15.910887060823852
-2.0 16.782698544274492
-1.7999999999999998 17.940370572466307
-1.5999999999999996 19.315652407587244
-1.3999999999999995 20.790646917762494
-1.1999999999999993 22.234728140206798
-1.0 23.544778359818515
-0.7999999999999998 24.67020494492344
-0.5999999999999996 25.623420307893884
-0.39999999999999947 26.485555850959592
-0.1999999999999993 27.41477269786809
0.0 28.65729775689315
0.20000000000000107 30.54682184462192
0.40000000000000036 33.455216447542696
0.5999999999999996 37.65085599254826
0.8000000000000007 43.093835880953534
1.0 49.329805977670446
1.200000000000001 55.62992662297397
1.4000000000000004 61.300764662482955
1.6000000000000014 65.92937995184417
1.8000000000000007 69.42618240659773
2.0 71.91992257070082
2.200000000000001 73.62669874492111
2.4000000000000004 74.76207238934894
2.6000000000000014 75.50271802898271
2.8000000000000007 75.97922153016093
3.0 76.28247841892521
3.200000000000001 76.47356531451915
3.4000000000000004 76.59274680743742
3.6000000000000014 76.66633121771378
3.8000000000000007 76.71139458730919
4.0 76.73888110739995
Result sigma optimization:  -2.8 14.901442699627035
E_max_2 =  600
Cutoff Radius =  6.0
Selected Radial Transform =  14.0
factor =  1.3
displacement =  0.0
dataset =  datasets/random-ch4-10k.extxyz
n_train =  1500
n_test =  2000
Train RMSE: 8.760692845486915 [Train MAE: 6.879138420821065]
Test RMSE: 13.892390872969248 [Test MAE: 8.99034395262002]
FINISHED at Tue Jan 10 09:37:47 CET 2023
