STARTING AT Tue Jan 10 10:10:08 CET 2023
Random seed: 1000
8 20
Reading dataset
Shuffling and extracting from dataset (length: 105092)
Shuffling and extraction done
Calculating power spectrum
Expansion coefficients done
Computing training kernel
     Calculating kernels for center species 79
     Calculating kernels for center species 79
Beginning first index add...
Beginning second index add...
Training kernel done
Computing test kernel
     Calculating kernels for center species 79
     Calculating kernels for center species 79
Beginning first index add...
Beginning second index add...
Test kernel done
Calculating composition features
Composition features done
-8.0 134.14626358212686
-7.8 133.26068775848455
-7.6 132.33506770117742
-7.4 131.36414925088226
-7.2 130.29961007642783
-7.0 129.05385442276864
-6.8 127.52879288111032
-6.6 125.65494075365984
-6.4 123.42057398171602
-6.2 120.87452001205688
-6.0 118.10105780488256
-5.8 115.18386711974684
-5.6 112.17996689784285
-5.4 109.11311528563638
-5.199999999999999 105.98346801828957
-5.0 102.78533576143607
-4.8 99.52911591815892
-4.6 96.26154578251635
-4.4 93.0685340871546
-4.199999999999999 90.05352079489525
-4.0 87.30775785779952
-3.8 84.89575595101688
-3.5999999999999996 82.86334406149514
-3.3999999999999995 81.2521470305173
-3.1999999999999993 80.09985080557209
-3.0 79.42910424123559
-2.8 79.2439316235676
-2.5999999999999996 79.54259309687252
-2.3999999999999995 80.33816343577645
-2.1999999999999993 81.66687356057072
-2.0 83.57243826891987
-1.7999999999999998 86.08113781113865
-1.5999999999999996 89.192923752345
-1.3999999999999995 92.89016271708667
-1.1999999999999993 97.14521558883104
-1.0 101.92095160775165
-0.7999999999999998 107.17882454229627
-0.5999999999999996 112.91145945745032
-0.39999999999999947 119.18657908338704
-0.1999999999999993 126.13951311324035
0.0 133.8866046817557
0.20000000000000107 142.4670779284736
0.40000000000000036 151.92766034805027
0.5999999999999996 162.4701565914857
0.8000000000000007 174.49151797953635
1.0 188.47789600122817
1.200000000000001 204.82816371290957
1.4000000000000004 223.69806454108843
1.6000000000000014 244.98457824245006
1.8000000000000007 268.49664138433934
2.0 294.11793787930014
2.200000000000001 321.75952172398104
2.4000000000000004 351.22673489568217
2.6000000000000014 382.15630087037164
2.8000000000000007 413.9977424812975
3.0 446.278130468471
3.200000000000001 479.3712273786796
3.4000000000000004 515.0613916415014
3.6000000000000014 555.6915501543056
3.8000000000000007 601.8970290869713
4.0 650.9979584208295
Result sigma optimization:  -2.8 79.2439316235676
E_max_2 =  700
Cutoff Radius =  6.0
Selected Radial Transform =  14.0
factor =  0.5
displacement =  0.0
dataset =  datasets/gold.xyz
n_train =  1500
n_test =  2000
Train RMSE: 52.02735009771015 [Train MAE: 36.89630662889112]
Test RMSE: 78.52827785103497 [Test MAE: 51.63828099887636]
FINISHED at Tue Jan 10 10:14:14 CET 2023
