STARTING AT Tue Jan 10 10:11:20 CET 2023
Random seed: 1000
7 16
Reading dataset
Shuffling and extracting from dataset (length: 105092)
Shuffling and extraction done
Calculating power spectrum
Expansion coefficients done
Computing training kernel
     Calculating kernels for center species 79
     Calculating kernels for center species 79
Beginning first index add...
Beginning second index add...
Training kernel done
Computing test kernel
     Calculating kernels for center species 79
     Calculating kernels for center species 79
Beginning first index add...
Beginning second index add...
Test kernel done
Calculating composition features
Composition features done
-8.0 160.43362368992396
-7.8 161.47542818041256
-7.6 162.17373185460326
-7.4 162.64030843287506
-7.2 162.96840612211088
-7.0 163.24874934549086
-6.8 163.6033129190356
-6.6 164.24604390392454
-6.4 165.5848750469876
-6.2 168.3657569591501
-6.0 173.80271398932769
-5.8 183.5181321662146
-5.6 199.03588294172943
-5.4 220.82697376792981
-5.199999999999999 247.5312112253369
-5.0 276.1637948245218
-4.8 303.32579325196554
-4.6 326.5322628491609
-4.4 344.79107553691443
-4.199999999999999 358.34010158276647
-4.0 368.02904749078317
-3.8 374.80693958733104
-3.5999999999999996 379.4757704744064
-3.3999999999999995 382.6454658051078
-3.1999999999999993 384.76825972150345
-3.0 386.1805363729517
-2.8 387.1381289278451
-2.5999999999999996 387.8550282841382
-2.3999999999999995 388.5620937385368
-2.1999999999999993 389.6136957099361
-2.0 391.69142530653306
-1.7999999999999998 396.1647518248247
-1.5999999999999996 405.5843085561072
-1.3999999999999995 423.9295581435266
-1.1999999999999993 455.6523390428491
-1.0 502.8711341318534
-0.7999999999999998 562.5143028376233
-0.5999999999999996 626.7732933577888
-0.39999999999999947 686.9711914942268
-0.1999999999999993 737.2864762921344
0.0 775.8196208749146
0.20000000000000107 803.5089867674048
0.40000000000000036 822.5410608143616
0.5999999999999996 835.2353407622018
0.8000000000000007 843.5358944732078
1.0 848.8938050777689
1.200000000000001 852.3235650005147
1.4000000000000004 854.5072596754881
1.6000000000000014 855.8926220143737
1.8000000000000007 856.7691725469966
2.0 857.3223115327429
2.200000000000001 857.6699404100019
2.4000000000000004 857.886565569865
2.6000000000000014 858.0188945120775
2.8000000000000007 858.0958414356663
3.0 858.1349802990611
3.200000000000001 858.1468634324165
3.4000000000000004 858.1381640691355
3.6000000000000014 858.1141211973012
3.8000000000000007 858.080172542229
4.0 858.0422912764127
Result sigma optimization:  -8.0 160.43362368992396
E_max_2 =  500
Cutoff Radius =  6.0
Selected Radial Transform =  14.0
factor =  2.0
displacement =  0.0
dataset =  datasets/gold.xyz
n_train =  1500
n_test =  2000
Train RMSE: 158.87653853699666 [Train MAE: 131.28121594062281]
Test RMSE: 166.68842025924116 [Test MAE: 137.69531590128673]
FINISHED at Tue Jan 10 10:12:39 CET 2023
