STARTING AT Tue Jan 10 09:38:35 CET 2023
Random seed: 1000
5 11
Reading dataset
Shuffling and extracting from dataset (length: 10000)
Shuffling and extraction done
Calculating power spectrum
Expansion coefficients done
Computing training kernel
     Calculating kernels for center species 1
     Calculating kernels for center species 1
Beginning first index add...
Beginning second index add...
     Calculating kernels for center species 6
     Calculating kernels for center species 6
Beginning first index add...
Beginning second index add...
Training kernel done
Computing test kernel
     Calculating kernels for center species 1
     Calculating kernels for center species 1
Beginning first index add...
Beginning second index add...
     Calculating kernels for center species 6
     Calculating kernels for center species 6
Beginning first index add...
Beginning second index add...
Test kernel done
Calculating composition features
Composition features done
-8.0 31.53903338190095
-7.8 31.4622822091692
-7.6 31.365304265768568
-7.4 31.246556294733313
-7.2 31.101090708264287
-7.0 30.91617397090132
-6.8 30.670538286274475
-6.6 30.34232826918011
-6.4 29.924448807739807
-6.2 29.43699589143137
-6.0 28.925527693135315
-5.8 28.444909058148973
-5.6 28.039578517207826
-5.4 27.730759844206972
-5.199999999999999 27.514732506296507
-5.0 27.371325716122296
-4.8 27.27620869991557
-4.6 27.208180034631308
-4.4 27.15072498399667
-4.199999999999999 27.096067914803967
-4.0 27.054387315654022
-3.8 27.05758619056144
-3.5999999999999996 27.14809178651929
-3.3999999999999995 27.359331549272394
-3.1999999999999993 27.70313365518104
-3.0 28.170763680962747
-2.8 28.742790732125425
-2.5999999999999996 29.40105150876743
-2.3999999999999995 30.139645384892507
-2.1999999999999993 30.97300264067938
-2.0 31.936956308018374
-1.7999999999999998 33.07773443701127
-1.5999999999999996 34.42929543466685
-1.3999999999999995 35.99244605708174
-1.1999999999999993 37.73748373228048
-1.0 39.63726020909743
-0.7999999999999998 41.707136570180346
-0.5999999999999996 44.01440139463324
-0.39999999999999947 46.633740981036844
-0.1999999999999993 49.56600300693341
0.0 52.68800071440062
0.20000000000000107 55.79331079561946
0.40000000000000036 58.697237364640934
0.5999999999999996 61.31762804942127
0.8000000000000007 63.67720006903728
1.0 65.84187109225977
1.200000000000001 67.850285717513
1.4000000000000004 69.68621925583575
1.6000000000000014 71.30022359510981
1.8000000000000007 72.64737824484469
2.0 73.7123275506417
2.200000000000001 74.5148709773233
2.4000000000000004 75.10094579063747
2.6000000000000014 75.52687677778404
2.8000000000000007 75.84406309252701
3.0 76.08900036775552
3.200000000000001 76.28162042050768
3.4000000000000004 76.43098974374792
3.6000000000000014 76.54267285875089
3.8000000000000007 76.62271665444929
4.0 76.67797208080965
Result sigma optimization:  -4.0 27.054387315654022
E_max_2 =  300
Cutoff Radius =  6.0
Selected Radial Transform =  16.0
factor =  0.4
displacement =  0.0
dataset =  datasets/random-ch4-10k.extxyz
n_train =  1500
n_test =  2000
Train RMSE: 11.462549737140595 [Train MAE: 6.757039465018149]
Test RMSE: 28.67660414621314 [Test MAE: 13.700976391302047]
FINISHED at Tue Jan 10 09:41:00 CET 2023
