STARTING AT Tue Jan 10 09:39:50 CET 2023
Random seed: 1000
7 18
Reading dataset
Shuffling and extracting from dataset (length: 10000)
Shuffling and extraction done
Calculating power spectrum
Expansion coefficients done
Computing training kernel
     Calculating kernels for center species 1
     Calculating kernels for center species 1
Beginning first index add...
Beginning second index add...
     Calculating kernels for center species 6
     Calculating kernels for center species 6
Beginning first index add...
Beginning second index add...
Training kernel done
Computing test kernel
     Calculating kernels for center species 1
     Calculating kernels for center species 1
Beginning first index add...
Beginning second index add...
     Calculating kernels for center species 6
     Calculating kernels for center species 6
Beginning first index add...
Beginning second index add...
Test kernel done
Calculating composition features
Composition features done
-8.0 49.59249629385409
-7.8 40.96639199987728
-7.6 34.52460901893623
-7.4 30.139104580998623
-7.2 27.47402199773838
-7.0 25.954902421218218
-6.8 24.96530080574073
-6.6 24.050684639724093
-6.4 22.98158756631686
-6.2 21.7140123200741
-6.0 20.31780176937457
-5.8 18.90888059081033
-5.6 17.599276766164166
-5.4 16.468753301935774
-5.199999999999999 15.557091031859741
-5.0 14.871077520836565
-4.8 14.395092623836735
-4.6 14.098521287426605
-4.4 13.942790052836925
-4.199999999999999 13.890138460613272
-4.0 13.909798737817093
-3.8 13.980446491762008
-3.5999999999999996 14.094062155253145
-3.3999999999999995 14.262330605591833
-3.1999999999999993 14.519836914648474
-3.0 14.919927720155808
-2.8 15.523585451341258
-2.5999999999999996 16.38197116424207
-2.3999999999999995 17.514849336430547
-2.1999999999999993 18.892634220442567
-2.0 20.433078841477762
-1.7999999999999998 22.020300370982106
-1.5999999999999996 23.54257896104952
-1.3999999999999995 24.931775841372446
-1.1999999999999993 26.187072129997397
-1.0 27.383447711285523
-0.7999999999999998 28.681919107032364
-0.5999999999999996 30.347445727020165
-0.39999999999999947 32.73354819767412
-0.1999999999999993 36.16273300619636
0.0 40.71984130946921
0.20000000000000107 46.13215659529886
0.40000000000000036 51.869323683915404
0.5999999999999996 57.369449753947876
0.8000000000000007 62.21941494075644
1.0 66.21828612998182
1.200000000000001 69.34465605256285
1.4000000000000004 71.68474515278314
1.6000000000000014 73.37119833540818
1.8000000000000007 74.54656739363402
2.0 75.34282554340403
2.200000000000001 75.87017193877826
2.4000000000000004 76.21335384598522
2.6000000000000014 76.43354236670321
2.8000000000000007 76.57292243767007
3.0 76.65973473973376
3.200000000000001 76.7126158703995
3.4000000000000004 76.74387051506571
3.6000000000000014 76.76168426093791
3.8000000000000007 76.77147629618123
4.0 76.77671319471646
Result sigma optimization:  -4.199999999999999 13.890138460613272
E_max_2 =  600
Cutoff Radius =  6.0
Selected Radial Transform =  16.0
factor =  1.9
displacement =  0.0
dataset =  datasets/random-ch4-10k.extxyz
n_train =  1500
n_test =  2000
Train RMSE: 9.056768240132667 [Train MAE: 7.0679059985535755]
Test RMSE: 14.67882757398144 [Test MAE: 9.08375795960986]
FINISHED at Tue Jan 10 09:40:51 CET 2023
