STARTING AT Tue Jan 10 10:54:34 CET 2023
Random seed: 1000
8 20
Reading dataset
Shuffling and extracting from dataset (length: 133885)
Shuffling and extraction done
Calculating power spectrum
Expansion coefficients done
Computing training kernel
     Calculating kernels for center species 1
     Calculating kernels for center species 1
Beginning first index add...
Beginning second index add...
     Calculating kernels for center species 6
     Calculating kernels for center species 6
Beginning first index add...
Beginning second index add...
     Calculating kernels for center species 7
     Calculating kernels for center species 7
Beginning first index add...
Beginning second index add...
     Calculating kernels for center species 8
     Calculating kernels for center species 8
Beginning first index add...
Beginning second index add...
     Calculating kernels for center species 9
     Calculating kernels for center species 9
Beginning first index add...
Beginning second index add...
Training kernel done
Computing test kernel
     Calculating kernels for center species 1
     Calculating kernels for center species 1
Beginning first index add...
Beginning second index add...
     Calculating kernels for center species 6
     Calculating kernels for center species 6
Beginning first index add...
Beginning second index add...
     Calculating kernels for center species 7
     Calculating kernels for center species 7
Beginning first index add...
Beginning second index add...
     Calculating kernels for center species 8
     Calculating kernels for center species 8
Beginning first index add...
Beginning second index add...
     Calculating kernels for center species 9
     Calculating kernels for center species 9
Beginning first index add...
Beginning second index add...
Test kernel done
Calculating composition features
Composition features done
-8.0 1.7507215886190728
-7.8 1.7211651577755305
-7.6 1.6964152649666455
-7.4 1.6756831717869693
-7.2 1.66290436687563
-7.0 1.6523453405802333
-6.8 1.643828082687202
-6.6 1.6428339226399742
-6.4 1.6503509663944715
-6.2 1.6666644013545981
-6.0 1.6883712056641815
-5.8 1.710072051399562
-5.6 1.7364334905130285
-5.4 1.7672315415879905
-5.199999999999999 1.8002491997487184
-5.0 1.8387588454305854
-4.8 1.8889547765530685
-4.6 1.9516159938654358
-4.4 2.019441554526158
-4.199999999999999 2.0932908291332617
-4.0 2.17484646554949
-3.8 2.270881766951895
-3.5999999999999996 2.3951081546010102
-3.3999999999999995 2.555290031620592
-3.1999999999999993 2.766086593740096
-3.0 3.05114328170527
-2.8 3.4213610086508366
-2.5999999999999996 3.860280949595908
-2.3999999999999995 4.358127883835395
-2.1999999999999993 4.894840835951846
-2.0 5.452626097600424
-1.7999999999999998 6.024145617908355
-1.5999999999999996 6.6074743894627
-1.3999999999999995 7.228225162664808
-1.1999999999999993 7.926969350059199
-1.0 8.748779732857232
-0.7999999999999998 9.700898337366604
-0.5999999999999996 10.749770062422051
-0.39999999999999947 11.861130678175424
-0.1999999999999993 13.033927038665189
0.0 14.206400785383812
0.20000000000000107 15.308892186125657
0.40000000000000036 16.316056041144567
0.5999999999999996 17.20239438618098
0.8000000000000007 17.96580521784269
1.0 18.611555344963755
1.200000000000001 19.158934110512206
1.4000000000000004 19.620249206382834
1.6000000000000014 19.9873574194829
1.8000000000000007 20.269481648907934
2.0 20.47892517645754
2.200000000000001 20.622863572464677
2.4000000000000004 20.718467311426114
2.6000000000000014 20.780140493379257
2.8000000000000007 20.818233808910488
3.0 20.84124543308841
3.200000000000001 20.854938398190853
3.4000000000000004 20.86294046599349
3.6000000000000014 20.867506118110537
3.8000000000000007 20.870039626038764
4.0 20.871287421361416
Result sigma optimization:  -6.6 1.6428339226399742
E_max_2 =  700
Cutoff Radius =  6.0
Selected Radial Transform =  16.0
factor =  2.2
displacement =  0.0
dataset =  datasets/qm9.xyz
n_train =  1500
n_test =  2000
Train RMSE: 0.7005295142573972 [Train MAE: 0.5240675616953914]
Test RMSE: 2.645722861694472 [Test MAE: 1.5561552457111552]
FINISHED at Tue Jan 10 10:56:01 CET 2023
