STARTING AT Tue Jan 10 09:39:37 CET 2023
Random seed: 1000
6 14
Reading dataset
Shuffling and extracting from dataset (length: 10000)
Shuffling and extraction done
Calculating power spectrum
Expansion coefficients done
Computing training kernel
     Calculating kernels for center species 1
     Calculating kernels for center species 1
Beginning first index add...
Beginning second index add...
     Calculating kernels for center species 6
     Calculating kernels for center species 6
Beginning first index add...
Beginning second index add...
Training kernel done
Computing test kernel
     Calculating kernels for center species 1
     Calculating kernels for center species 1
Beginning first index add...
Beginning second index add...
     Calculating kernels for center species 6
     Calculating kernels for center species 6
Beginning first index add...
Beginning second index add...
Test kernel done
Calculating composition features
Composition features done
-8.0 23.602231209747035
-7.8 21.48837700674141
-7.6 19.967778783084707
-7.4 18.937818429614463
-7.2 18.233037526829584
-7.0 17.673351183184025
-6.8 17.125716533229
-6.6 16.530798916361515
-6.4 15.890515990025058
-6.2 15.238421919396146
-6.0 14.612802575114424
-5.8 14.044402973259906
-5.6 13.558499064437266
-5.4 13.177153298793725
-5.199999999999999 12.912484752495251
-5.0 12.760031422664637
-4.8 12.702630085558031
-4.6 12.72103907811627
-4.4 12.801644102161623
-4.199999999999999 12.938168895922797
-4.0 13.131784948746867
-3.8 13.39530816180698
-3.5999999999999996 13.761380726713742
-3.3999999999999995 14.286512932333464
-3.1999999999999993 15.041338741782878
-3.0 16.08444471198239
-2.8 17.428251288450124
-2.5999999999999996 19.016053485329095
-2.3999999999999995 20.728697633999957
-2.1999999999999993 22.422841713921954
-2.0 23.984339461136205
-1.7999999999999998 25.37489018228762
-1.5999999999999996 26.663043811056856
-1.3999999999999995 28.045922410868464
-1.1999999999999993 29.856946249107764
-1.0 32.51547129736321
-0.7999999999999998 36.3624741362187
-0.5999999999999996 41.43048291147863
-0.39999999999999947 47.33898253105483
-0.1999999999999993 53.438428373537704
0.0 59.0927398839259
0.20000000000000107 63.89244096023884
0.40000000000000036 67.69699577927592
0.5999999999999996 70.55729460980096
0.8000000000000007 72.61835173992142
1.0 74.05235799962031
1.200000000000001 75.02199929134142
1.4000000000000004 75.66308284401676
1.6000000000000014 76.0796185615034
1.8000000000000007 76.34644080311384
2.0 76.51512101610237
2.200000000000001 76.62027293573388
2.4000000000000004 76.68483133138487
2.6000000000000014 76.72389523251557
2.8000000000000007 76.74729075081584
3.0 76.7612575840246
3.200000000000001 76.76962847699558
3.4000000000000004 76.77468872297405
3.6000000000000014 76.77777854342919
3.8000000000000007 76.77968266459732
4.0 76.78086475418063
Result sigma optimization:  -4.8 12.702630085558031
E_max_2 =  400
Cutoff Radius =  6.0
Selected Radial Transform =  16.0
factor =  1.7
displacement =  0.0
dataset =  datasets/random-ch4-10k.extxyz
n_train =  1500
n_test =  2000
Train RMSE: 8.752569162505175 [Train MAE: 6.875799518252662]
Test RMSE: 12.517233972488384 [Test MAE: 8.30528781522871]
FINISHED at Tue Jan 10 09:40:12 CET 2023
