STARTING AT Tue Jan 10 10:12:59 CET 2023
Random seed: 1000
8 20
Reading dataset
Shuffling and extracting from dataset (length: 105092)
Shuffling and extraction done
Calculating power spectrum
Expansion coefficients done
Computing training kernel
     Calculating kernels for center species 79
     Calculating kernels for center species 79
Beginning first index add...
Beginning second index add...
Training kernel done
Computing test kernel
     Calculating kernels for center species 79
     Calculating kernels for center species 79
Beginning first index add...
Beginning second index add...
Test kernel done
Calculating composition features
Composition features done
-8.0 110.15644878057633
-7.8 108.0664636216179
-7.6 106.49609887377726
-7.4 105.31631433722652
-7.2 104.31491426385452
-7.0 103.30292607467692
-6.8 102.18308712935257
-6.6 100.95690584907096
-6.4 99.69768078819811
-6.2 98.51676040607067
-6.0 97.52837446139266
-5.8 96.81639614246372
-5.6 96.4106327503686
-5.4 96.28193527136564
-5.199999999999999 96.36421735949922
-5.0 96.59664885494345
-4.8 96.9583134826589
-4.6 97.46988752312943
-4.4 98.16830600277362
-4.199999999999999 99.084276814246
-4.0 100.23759623918878
-3.8 101.6381924283663
-3.5999999999999996 103.28280670600205
-3.3999999999999995 105.15714986028804
-3.1999999999999993 107.2524085327606
-3.0 109.58396505012624
-2.8 112.18898740313018
-2.5999999999999996 115.08966884002223
-2.3999999999999995 118.24171587823146
-2.1999999999999993 121.52080690186634
-2.0 124.77564445539826
-1.7999999999999998 127.90884255275722
-1.5999999999999996 130.92904394656276
-1.3999999999999995 133.96696615020403
-1.1999999999999993 137.29684943484386
-1.0 141.39251407501925
-0.7999999999999998 146.96979983594514
-0.5999999999999996 154.8794000351079
-0.39999999999999947 165.72343634418186
-0.1999999999999993 179.3404545088803
0.0 194.67734936283532
0.20000000000000107 210.3537564355933
0.40000000000000036 225.47700456100688
0.5999999999999996 240.06867535103814
0.8000000000000007 254.9395847920252
1.0 271.16159305266893
1.200000000000001 289.3553389784318
1.4000000000000004 309.25321744364334
1.6000000000000014 330.00418386821934
1.8000000000000007 350.9436880216507
2.0 371.9619140507002
2.200000000000001 393.1741064283256
2.4000000000000004 414.6137992421616
2.6000000000000014 436.7057731234915
2.8000000000000007 461.1973755464693
3.0 491.36613475175244
3.200000000000001 530.5103444136012
3.4000000000000004 579.1376019956616
3.6000000000000014 633.3528071884806
3.8000000000000007 686.5610148599768
4.0 732.9712257782929
Result sigma optimization:  -5.4 96.28193527136564
E_max_2 =  700
Cutoff Radius =  6.0
Selected Radial Transform =  16.0
factor =  0.8
displacement =  0.0
dataset =  datasets/gold.xyz
n_train =  1500
n_test =  2000
Train RMSE: 67.46649501874472 [Train MAE: 49.56409593144954]
Test RMSE: 95.20559487188966 [Test MAE: 65.74741630188858]
FINISHED at Tue Jan 10 10:13:59 CET 2023
