STARTING AT Tue Jan 10 10:52:59 CET 2023
Random seed: 1000
7 16
Reading dataset
Shuffling and extracting from dataset (length: 133885)
Shuffling and extraction done
Calculating power spectrum
Expansion coefficients done
Computing training kernel
     Calculating kernels for center species 1
     Calculating kernels for center species 1
Beginning first index add...
Beginning second index add...
     Calculating kernels for center species 6
     Calculating kernels for center species 6
Beginning first index add...
Beginning second index add...
     Calculating kernels for center species 7
     Calculating kernels for center species 7
Beginning first index add...
Beginning second index add...
     Calculating kernels for center species 8
     Calculating kernels for center species 8
Beginning first index add...
Beginning second index add...
     Calculating kernels for center species 9
     Calculating kernels for center species 9
Beginning first index add...
Beginning second index add...
Training kernel done
Computing test kernel
     Calculating kernels for center species 1
     Calculating kernels for center species 1
Beginning first index add...
Beginning second index add...
     Calculating kernels for center species 6
     Calculating kernels for center species 6
Beginning first index add...
Beginning second index add...
     Calculating kernels for center species 7
     Calculating kernels for center species 7
Beginning first index add...
Beginning second index add...
     Calculating kernels for center species 8
     Calculating kernels for center species 8
Beginning first index add...
Beginning second index add...
     Calculating kernels for center species 9
     Calculating kernels for center species 9
Beginning first index add...
Beginning second index add...
Test kernel done
Calculating composition features
Composition features done
-8.0 1.824104834226872
-7.8 1.8240459567075014
-7.6 1.8239527454068303
-7.4 1.8238052743783337
-7.2 1.8235721943103902
-7.0 1.8232043965233218
-6.8 1.8226303749972528
-6.6 1.8217422674906945
-6.4 1.8203807762828073
-6.2 1.8183203494385622
-6.0 1.815439245694084
-5.8 1.8115886391681075
-5.6 1.8064396563031284
-5.4 1.8001809729397065
-5.199999999999999 1.7960276224400344
-5.0 1.7960077323507673
-4.8 1.8012552384134422
-4.6 1.8100522928961436
-4.4 1.823261756479682
-4.199999999999999 1.8484149733799082
-4.0 1.8851834245360417
-3.8 1.936288039117387
-3.5999999999999996 2.000876214425647
-3.3999999999999995 2.0770813776124073
-3.1999999999999993 2.1704344817481154
-3.0 2.2935187805202792
-2.8 2.4440793922106554
-2.5999999999999996 2.619784590412905
-2.3999999999999995 2.8259498271512973
-2.1999999999999993 3.0794136290982244
-2.0 3.36886670696447
-1.7999999999999998 3.6895499225499018
-1.5999999999999996 4.029562738360937
-1.3999999999999995 4.419457398011723
-1.1999999999999993 4.873639866807939
-1.0 5.418473462654061
-0.7999999999999998 6.093886834856869
-0.5999999999999996 6.897020822360121
-0.39999999999999947 7.852942552067684
-0.1999999999999993 8.94415673626368
0.0 10.149624977708703
0.20000000000000107 11.439138977942248
0.40000000000000036 12.759184270885166
0.5999999999999996 14.055087654880733
0.8000000000000007 15.295752270771363
1.0 16.42097797913997
1.200000000000001 17.401424069474018
1.4000000000000004 18.245590956596573
1.6000000000000014 18.939122581677307
1.8000000000000007 19.480632425842177
2.0 19.88790731630493
2.200000000000001 20.18504452335595
2.4000000000000004 20.398919070739034
2.6000000000000014 20.549574407000446
2.8000000000000007 20.654842599885985
3.0 20.72767601033619
3.200000000000001 20.7773883758207
3.4000000000000004 20.810327808437883
3.6000000000000014 20.831747364232562
3.8000000000000007 20.845283720810343
4.0 20.853632526274563
Result sigma optimization:  -5.0 1.7960077323507673
E_max_2 =  500
Cutoff Radius =  6.0
Selected Radial Transform =  16.0
factor =  1.3
displacement =  0.0
dataset =  datasets/qm9.xyz
n_train =  1500
n_test =  2000
Train RMSE: 0.2391298110009283 [Train MAE: 0.1789959260750965]
Test RMSE: 2.6335040462866135 [Test MAE: 1.6790429026302736]
FINISHED at Tue Jan 10 10:57:59 CET 2023
