STARTING AT Tue Jan 10 09:38:33 CET 2023
Random seed: 1000
7 18
Reading dataset
Shuffling and extracting from dataset (length: 10000)
Shuffling and extraction done
Calculating power spectrum
Expansion coefficients done
Computing training kernel
     Calculating kernels for center species 1
     Calculating kernels for center species 1
Beginning first index add...
Beginning second index add...
     Calculating kernels for center species 6
     Calculating kernels for center species 6
Beginning first index add...
Beginning second index add...
Training kernel done
Computing test kernel
     Calculating kernels for center species 1
     Calculating kernels for center species 1
Beginning first index add...
Beginning second index add...
     Calculating kernels for center species 6
     Calculating kernels for center species 6
Beginning first index add...
Beginning second index add...
Test kernel done
Calculating composition features
Composition features done
-8.0 44.90840389936945
-7.8 44.90742734223403
-7.6 44.90588129904389
-7.4 44.90343485058426
-7.2 44.89956727739115
-7.0 44.89346207824665
-6.8 44.883846793450346
-6.6 44.868757926835
-6.4 44.845211588560744
-6.2 44.808780919293184
-6.0 44.75313925796539
-5.8 44.669751191830606
-5.6 44.548087710515624
-5.4 44.37688422363214
-5.199999999999999 44.146792455814044
-5.0 43.854037855137115
-4.8 43.503710676814734
-4.6 43.111094806661384
-4.4 42.70057798585877
-4.199999999999999 42.30289720551206
-4.0 41.950998913528004
-3.8 41.67440928138003
-3.5999999999999996 41.49439279892483
-3.3999999999999995 41.42328540206143
-3.1999999999999993 41.4670577763697
-3.0 41.626807874004854
-2.8 41.897819405877186
-2.5999999999999996 42.26790938510255
-2.3999999999999995 42.71620588302154
-2.1999999999999993 43.214277946765534
-2.0 43.73398640476677
-1.7999999999999998 44.26254453795017
-1.5999999999999996 44.81440452879655
-1.3999999999999995 45.4252633816817
-1.1999999999999993 46.127110863251175
-1.0 46.924299514525586
-0.7999999999999998 47.79326581799711
-0.5999999999999996 48.70492042955062
-0.39999999999999947 49.64525527884051
-0.1999999999999993 50.615691370704596
0.0 51.62103766610401
0.20000000000000107 52.664666781389045
0.40000000000000036 53.753811771848284
0.5999999999999996 54.898268722641276
0.8000000000000007 56.096349356115915
1.0 57.330261812247414
1.200000000000001 58.58901848090285
1.4000000000000004 59.89533819014002
1.6000000000000014 61.295298429705056
1.8000000000000007 62.81042243968947
2.0 64.40344914026012
2.200000000000001 65.99761413665588
2.4000000000000004 67.52340717802657
2.6000000000000014 68.9416933228452
2.8000000000000007 70.23435026945076
3.0 71.38902944952882
3.200000000000001 72.39500044019215
3.4000000000000004 73.24570802832035
3.6000000000000014 73.94074707988885
3.8000000000000007 74.48741302583326
4.0 74.90256805843966
Result sigma optimization:  -3.3999999999999995 41.42328540206143
E_max_2 =  600
Cutoff Radius =  6.0
Selected Radial Transform =  16.0
factor =  0.2
displacement =  0.0
dataset =  datasets/random-ch4-10k.extxyz
n_train =  1500
n_test =  2000
Train RMSE: 8.75228238746615 [Train MAE: 5.806462600649588]
Test RMSE: 36.10463072440312 [Test MAE: 18.990286708301312]
FINISHED at Tue Jan 10 09:41:34 CET 2023
