STARTING AT Tue Jan 10 10:54:00 CET 2023
Random seed: 1000
8 20
Reading dataset
Shuffling and extracting from dataset (length: 133885)
Shuffling and extraction done
Calculating power spectrum
Expansion coefficients done
Computing training kernel
     Calculating kernels for center species 1
     Calculating kernels for center species 1
Beginning first index add...
Beginning second index add...
     Calculating kernels for center species 6
     Calculating kernels for center species 6
Beginning first index add...
Beginning second index add...
     Calculating kernels for center species 7
     Calculating kernels for center species 7
Beginning first index add...
Beginning second index add...
     Calculating kernels for center species 8
     Calculating kernels for center species 8
Beginning first index add...
Beginning second index add...
     Calculating kernels for center species 9
     Calculating kernels for center species 9
Beginning first index add...
Beginning second index add...
Training kernel done
Computing test kernel
     Calculating kernels for center species 1
     Calculating kernels for center species 1
Beginning first index add...
Beginning second index add...
     Calculating kernels for center species 6
     Calculating kernels for center species 6
Beginning first index add...
Beginning second index add...
     Calculating kernels for center species 7
     Calculating kernels for center species 7
Beginning first index add...
Beginning second index add...
     Calculating kernels for center species 8
     Calculating kernels for center species 8
Beginning first index add...
Beginning second index add...
     Calculating kernels for center species 9
     Calculating kernels for center species 9
Beginning first index add...
Beginning second index add...
Test kernel done
Calculating composition features
Composition features done
-8.0 1.722189003249378
-7.8 1.720293471313722
-7.6 1.7174991659514878
-7.4 1.7134040420950818
-7.2 1.7074662401511451
-7.0 1.6992073490553496
-6.8 1.6885595730785086
-6.6 1.675065669786282
-6.4 1.6591455530685102
-6.2 1.640850696819388
-6.0 1.6238660566813972
-5.8 1.60897297671478
-5.6 1.6054928317967376
-5.4 1.610323052332329
-5.199999999999999 1.6277470514414794
-5.0 1.6536932725622513
-4.8 1.6868470488971217
-4.6 1.72371068071378
-4.4 1.764420569639168
-4.199999999999999 1.812411872027927
-4.0 1.8663522761647084
-3.8 1.9314722196372653
-3.5999999999999996 2.0080783756426728
-3.3999999999999995 2.0960303829146434
-3.1999999999999993 2.198085051870478
-3.0 2.3093673202361678
-2.8 2.441214586546305
-2.5999999999999996 2.606414399467554
-2.3999999999999995 2.818262707135165
-2.1999999999999993 3.0818851437319585
-2.0 3.416658974282436
-1.7999999999999998 3.837380243103836
-1.5999999999999996 4.347672364501325
-1.3999999999999995 4.940582918860562
-1.1999999999999993 5.5746193594830595
-1.0 6.244718556834626
-0.7999999999999998 6.9675424664508565
-0.5999999999999996 7.756990031048176
-0.39999999999999947 8.620478704600975
-0.1999999999999993 9.616298312209388
0.0 10.735300879692206
0.20000000000000107 11.91908418537794
0.40000000000000036 13.115187411153354
0.5999999999999996 14.27547592190982
0.8000000000000007 15.379021268344419
1.0 16.396983220218644
1.200000000000001 17.310410988213384
1.4000000000000004 18.12383110080095
1.6000000000000014 18.83841199847304
1.8000000000000007 19.422496081781638
2.0 19.874184797575527
2.200000000000001 20.20474299540605
2.4000000000000004 20.437033303214907
2.6000000000000014 20.594054941051194
2.8000000000000007 20.696517028498608
3.0 20.762021618164507
3.200000000000001 20.803671418678313
3.4000000000000004 20.8301047076901
3.6000000000000014 20.846565459495753
3.8000000000000007 20.856678686605093
4.0 20.862771545892226
Result sigma optimization:  -5.6 1.6054928317967376
E_max_2 =  700
Cutoff Radius =  6.0
Selected Radial Transform =  16.0
factor =  1.8
displacement =  0.0
dataset =  datasets/qm9.xyz
n_train =  1500
n_test =  2000
Train RMSE: 0.40484901782821087 [Train MAE: 0.3066917984533469]
Test RMSE: 2.5079576218820376 [Test MAE: 1.5475941627523944]
FINISHED at Tue Jan 10 10:56:53 CET 2023
