STARTING AT Tue Jan 10 10:12:54 CET 2023
Random seed: 1000
7 18
Reading dataset
Shuffling and extracting from dataset (length: 105092)
Shuffling and extraction done
Calculating power spectrum
Expansion coefficients done
Computing training kernel
     Calculating kernels for center species 79
     Calculating kernels for center species 79
Beginning first index add...
Beginning second index add...
Training kernel done
Computing test kernel
     Calculating kernels for center species 79
     Calculating kernels for center species 79
Beginning first index add...
Beginning second index add...
Test kernel done
Calculating composition features
Composition features done
-8.0 114.2598005075912
-7.8 111.91010922664088
-7.6 109.67639678552827
-7.4 107.54669271427444
-7.2 105.54519197676744
-7.0 103.72838345709152
-6.8 102.14578089478987
-6.6 100.78469819622795
-6.4 99.5507716702922
-6.2 98.32073090028707
-6.0 97.02879388016997
-5.8 95.71198204601909
-5.6 94.48312818697109
-5.4 93.46529829861494
-5.199999999999999 92.73990547318715
-5.0 92.33521132008244
-4.8 92.24468143359121
-4.6 92.44807715344706
-4.4 92.9231943418638
-4.199999999999999 93.65337074010273
-4.0 94.63289548235002
-3.8 95.86649418717936
-3.5999999999999996 97.36349271109371
-3.3999999999999995 99.13140956027621
-3.1999999999999993 101.17214223619192
-3.0 103.48271738598193
-2.8 106.06418666809165
-2.5999999999999996 108.94145420458084
-2.3999999999999995 112.18504691875607
-2.1999999999999993 115.90838859490438
-2.0 120.2182882665206
-1.7999999999999998 125.13560943055178
-1.5999999999999996 130.55006796683102
-1.3999999999999995 136.2700885818918
-1.1999999999999993 142.16023488070684
-1.0 148.30383337421975
-0.7999999999999998 155.12459397667465
-0.5999999999999996 163.370235573259
-0.39999999999999947 173.82059053584376
-0.1999999999999993 186.75501112004864
0.0 201.6178133388717
0.20000000000000107 217.33373761675543
0.40000000000000036 233.04481935131108
0.5999999999999996 248.6089979093396
0.8000000000000007 264.55803641475626
1.0 281.647871707214
1.200000000000001 300.2798670936302
1.4000000000000004 320.1954605233415
1.6000000000000014 340.78072328873264
1.8000000000000007 361.746399868032
2.0 383.4521667132979
2.200000000000001 406.5102932269726
2.4000000000000004 431.2639725738324
2.6000000000000014 458.06357293992886
2.8000000000000007 488.178341931771
3.0 523.9138929770136
3.200000000000001 566.9235652600406
3.4000000000000004 615.8680864015236
3.6000000000000014 666.0948044970652
3.8000000000000007 712.051958207435
4.0 750.0271169653498
Result sigma optimization:  -4.8 92.24468143359121
E_max_2 =  600
Cutoff Radius =  6.0
Selected Radial Transform =  16.0
factor =  0.7
displacement =  0.0
dataset =  datasets/gold.xyz
n_train =  1500
n_test =  2000
Train RMSE: 66.07125543401557 [Train MAE: 47.82953157515504]
Test RMSE: 91.269581824619 [Test MAE: 61.649526932274284]
FINISHED at Tue Jan 10 10:14:15 CET 2023
