STARTING AT Tue Jan 10 09:40:05 CET 2023
Random seed: 1000
7 16
Reading dataset
Shuffling and extracting from dataset (length: 10000)
Shuffling and extraction done
Calculating power spectrum
Expansion coefficients done
Computing training kernel
     Calculating kernels for center species 1
     Calculating kernels for center species 1
Beginning first index add...
Beginning second index add...
     Calculating kernels for center species 6
     Calculating kernels for center species 6
Beginning first index add...
Beginning second index add...
Training kernel done
Computing test kernel
     Calculating kernels for center species 1
     Calculating kernels for center species 1
Beginning first index add...
Beginning second index add...
     Calculating kernels for center species 6
     Calculating kernels for center species 6
Beginning first index add...
Beginning second index add...
Test kernel done
Calculating composition features
Composition features done
-8.0 44.47036681443695
-7.8 37.65473152778698
-7.6 32.50362684373982
-7.4 28.98793637104817
-7.2 26.832876008267437
-7.0 25.627410050445768
-6.8 24.94032282177777
-6.6 24.407294874193187
-6.4 23.772006125077567
-6.2 22.892338956695962
-6.0 21.733506867583642
-5.8 20.357131406659473
-5.6 18.90245365045718
-5.4 17.555051416465396
-5.199999999999999 16.495177742864207
-5.0 15.824670880081005
-4.8 15.517420507647872
-4.6 15.453983809302333
-4.4 15.513474691312952
-4.199999999999999 15.635105768451677
-4.0 15.818168264035437
-3.8 16.092357553041577
-3.5999999999999996 16.49429299525164
-3.3999999999999995 17.06151894339817
-3.1999999999999993 17.832748801755816
-3.0 18.836822927000718
-2.8 20.067654620752023
-2.5999999999999996 21.46657774056933
-2.3999999999999995 22.937008003770455
-2.1999999999999993 24.386950235060695
-2.0 25.76730306600314
-1.7999999999999998 27.081969469522193
-1.5999999999999996 28.38049445420225
-1.3999999999999995 29.765492347788488
-1.1999999999999993 31.422033050625018
-1.0 33.62923931195816
-0.7999999999999998 36.698311222050236
-0.5999999999999996 40.816994383104344
-0.39999999999999947 45.875333550908564
-0.1999999999999993 51.4334698789941
0.0 56.90314707006171
0.20000000000000107 61.799888662643625
0.40000000000000036 65.87293325748468
0.5999999999999996 69.078202814419
0.8000000000000007 71.4905783541355
1.0 73.23628817065885
1.200000000000001 74.45611487089046
1.4000000000000004 75.28371631730428
1.6000000000000014 75.83235086919771
1.8000000000000007 76.18976085898018
2.0 76.41948688632218
2.200000000000001 76.56538555802858
2.4000000000000004 76.6567623731153
2.6000000000000014 76.71283375702191
2.8000000000000007 76.74614979326506
3.0 76.76500730483014
3.200000000000001 76.77499160549068
3.4000000000000004 76.77985049417141
3.6000000000000014 76.7819834090274
3.8000000000000007 76.78279948040621
4.0 76.78304380100768
Result sigma optimization:  -4.6 15.453983809302333
E_max_2 =  500
Cutoff Radius =  6.0
Selected Radial Transform =  16.0
factor =  2.3
displacement =  0.0
dataset =  datasets/random-ch4-10k.extxyz
n_train =  1500
n_test =  2000
Train RMSE: 11.73731639901148 [Train MAE: 9.204662669881122]
Test RMSE: 14.175368003510052 [Test MAE: 10.418636215460698]
FINISHED at Tue Jan 10 09:45:40 CET 2023
