STARTING AT Tue Jan 10 09:39:59 CET 2023
Random seed: 1000
6 14
Reading dataset
Shuffling and extracting from dataset (length: 10000)
Shuffling and extraction done
Calculating power spectrum
Expansion coefficients done
Computing training kernel
     Calculating kernels for center species 1
     Calculating kernels for center species 1
Beginning first index add...
Beginning second index add...
     Calculating kernels for center species 6
     Calculating kernels for center species 6
Beginning first index add...
Beginning second index add...
Training kernel done
Computing test kernel
     Calculating kernels for center species 1
     Calculating kernels for center species 1
Beginning first index add...
Beginning second index add...
     Calculating kernels for center species 6
     Calculating kernels for center species 6
Beginning first index add...
Beginning second index add...
Test kernel done
Calculating composition features
Composition features done
-8.0 30.39751858473872
-7.8 27.155806239469857
-7.6 24.156557729782083
-7.4 21.72939590210411
-7.2 20.052919897181102
-7.0 19.066816806406162
-6.8 18.539505300019872
-6.6 18.207387415732253
-6.4 17.85960800197209
-6.2 17.36356969825851
-6.0 16.6801749141978
-5.8 15.878812757453348
-5.6 15.123834045654641
-5.4 14.59950431351168
-5.199999999999999 14.394642928477838
-5.0 14.45280789680463
-4.8 14.646518070669496
-4.6 14.881870514787032
-4.4 15.134963598991837
-4.199999999999999 15.428388529674852
-4.0 15.799772048918562
-3.8 16.289651274751233
-3.5999999999999996 16.942186304242682
-3.3999999999999995 17.800500590551948
-3.1999999999999993 18.889699038711573
-3.0 20.19833833317729
-2.8 21.674466140433722
-2.5999999999999996 23.240324644786124
-2.3999999999999995 24.817685687352423
-2.1999999999999993 26.35832351536876
-2.0 27.879404092737694
-1.7999999999999998 29.496897285869412
-1.5999999999999996 31.438977642223776
-1.3999999999999995 34.01609157064141
-1.1999999999999993 37.52163953080002
-1.0 42.06188326903595
-0.7999999999999998 47.41110608795087
-0.5999999999999996 53.050454773099645
-0.39999999999999947 58.399517859181984
-0.1999999999999993 63.049765327246256
0.0 66.83839435417097
0.20000000000000107 69.78203211861634
0.40000000000000036 71.98237255485479
0.5999999999999996 73.56936006012113
0.8000000000000007 74.67651251182029
1.0 75.42697864731916
1.200000000000001 75.9240464567677
1.4000000000000004 76.2474227977725
1.6000000000000014 76.45473785939734
1.8000000000000007 76.58577082592632
2.0 76.66718595538276
2.200000000000001 76.71662419177089
2.4000000000000004 76.74576837058267
2.6000000000000014 76.76238847076539
2.8000000000000007 76.77158911831663
3.0 76.77658995846257
3.200000000000001 76.77930180087314
3.4000000000000004 76.78079147425431
3.6000000000000014 76.78162871549307
3.8000000000000007 76.7821117629111
4.0 76.78239732391697
Result sigma optimization:  -5.199999999999999 14.394642928477838
E_max_2 =  400
Cutoff Radius =  6.0
Selected Radial Transform =  16.0
factor =  2.2
displacement =  0.0
dataset =  datasets/random-ch4-10k.extxyz
n_train =  1500
n_test =  2000
Train RMSE: 10.959568816930616 [Train MAE: 8.601496548653287]
Test RMSE: 13.152316987039145 [Test MAE: 9.718096516586126]
FINISHED at Tue Jan 10 09:41:46 CET 2023
