STARTING AT Tue Jan 10 10:12:37 CET 2023
Random seed: 1000
7 16
Reading dataset
Shuffling and extracting from dataset (length: 105092)
Shuffling and extraction done
Calculating power spectrum
Expansion coefficients done
Computing training kernel
     Calculating kernels for center species 79
     Calculating kernels for center species 79
Beginning first index add...
Beginning second index add...
Training kernel done
Computing test kernel
     Calculating kernels for center species 79
     Calculating kernels for center species 79
Beginning first index add...
Beginning second index add...
Test kernel done
Calculating composition features
Composition features done
-8.0 137.6568840977963
-7.8 134.68686992780556
-7.6 131.8131578821114
-7.4 129.08713613328823
-7.2 126.48946585091218
-7.0 123.94055247957402
-6.8 121.34230724415451
-6.6 118.61927476163204
-6.4 115.73500777385539
-6.2 112.6839026593068
-6.0 109.4751180150069
-5.8 106.12842032158173
-5.6 102.68773115421759
-5.4 99.23070357534742
-5.199999999999999 95.8501566137038
-5.0 92.61758055330954
-4.8 89.56113738773062
-4.6 86.67212620885715
-4.4 83.92929059456546
-4.199999999999999 81.32778130669315
-4.0 78.90217032897627
-3.8 76.73101172764294
-3.5999999999999996 74.92248690090835
-3.3999999999999995 73.59392705724942
-3.1999999999999993 72.84908462941692
-3.0 72.75196994349992
-2.8 73.31023253838455
-2.5999999999999996 74.48346250686376
-2.3999999999999995 76.21242164433346
-2.1999999999999993 78.44921320823568
-2.0 81.17154168264199
-1.7999999999999998 84.3826783437943
-1.5999999999999996 88.11432256679527
-1.3999999999999995 92.43959012472
-1.1999999999999993 97.47623333723537
-1.0 103.36013828057932
-0.7999999999999998 110.20583275548447
-0.5999999999999996 118.08510606632842
-0.39999999999999947 127.01291199972586
-0.1999999999999993 136.90477461471727
0.0 147.5366477402945
0.20000000000000107 158.60399962806136
0.40000000000000036 169.89997758132404
0.5999999999999996 181.50433440640538
0.8000000000000007 193.85934222851097
1.0 207.6554619148192
1.200000000000001 223.552294725273
1.4000000000000004 241.9976129361589
1.6000000000000014 263.4705962924044
1.8000000000000007 288.972728197587
2.0 319.9707544955446
2.200000000000001 357.26340171365183
2.4000000000000004 399.6237658536785
2.6000000000000014 443.9639234151272
2.8000000000000007 487.33911204290223
3.0 528.9337383734246
3.200000000000001 570.1419511766697
3.4000000000000004 612.6298227682255
3.6000000000000014 656.0801819206715
3.8000000000000007 697.8077853574355
4.0 734.5285046916023
Result sigma optimization:  -3.0 72.75196994349992
E_max_2 =  500
Cutoff Radius =  6.0
Selected Radial Transform =  16.0
factor =  0.3
displacement =  0.0
dataset =  datasets/gold.xyz
n_train =  1500
n_test =  2000
Train RMSE: 44.41652344660577 [Train MAE: 30.166167862874325]
Test RMSE: 73.45629151696842 [Test MAE: 45.16811358960979]
FINISHED at Tue Jan 10 10:14:05 CET 2023
