STARTING AT Tue Jan 10 10:13:08 CET 2023
Random seed: 1000
6 14
Reading dataset
Shuffling and extracting from dataset (length: 105092)
Shuffling and extraction done
Calculating power spectrum
Expansion coefficients done
Computing training kernel
     Calculating kernels for center species 79
     Calculating kernels for center species 79
Beginning first index add...
Beginning second index add...
Training kernel done
Computing test kernel
     Calculating kernels for center species 79
     Calculating kernels for center species 79
Beginning first index add...
Beginning second index add...
Test kernel done
Calculating composition features
Composition features done
-8.0 96.87094212819369
-7.8 97.71000379945171
-7.6 98.55022266174493
-7.4 99.37384217884471
-7.2 100.16833104312252
-7.0 100.92064296025096
-6.8 101.61775727238256
-6.6 102.25253454821444
-6.4 102.83525192247446
-6.2 103.40709361776254
-6.0 104.04402472258481
-5.8 104.83862334976584
-5.6 105.86272649806213
-5.4 107.1339782917923
-5.199999999999999 108.60891669505243
-5.0 110.20260668710422
-4.8 111.8197251189832
-4.6 113.3872406203873
-4.4 114.88490880341308
-4.199999999999999 116.3684338826032
-4.0 117.98064161837324
-3.8 119.9472264724214
-3.5999999999999996 122.55631669263873
-3.3999999999999995 126.11997155952888
-3.1999999999999993 130.90502811475335
-3.0 137.0594367910739
-2.8 144.6451776434683
-2.5999999999999996 153.81648815733953
-2.3999999999999995 164.9178890339807
-2.1999999999999993 178.19966732206277
-2.0 193.26631127265682
-1.7999999999999998 208.89162303705592
-1.5999999999999996 223.56466815442977
-1.3999999999999995 236.27510146515633
-1.1999999999999993 246.8831007200079
-1.0 256.0192996885432
-0.7999999999999998 264.83423432514996
-0.5999999999999996 274.75522759997887
-0.39999999999999947 287.1390932450089
-0.1999999999999993 302.77620341988563
0.0 321.5648903597069
0.20000000000000107 342.68323339395545
0.40000000000000036 365.0242057730888
0.5999999999999996 387.5165362801488
0.8000000000000007 409.52526023885423
1.0 431.58755568085024
1.200000000000001 456.0598845938491
1.4000000000000004 486.8124144607918
1.6000000000000014 527.2934261917951
1.8000000000000007 577.6081841374086
2.0 633.2493745010039
2.200000000000001 687.2704871280139
2.4000000000000004 733.9112501514378
2.6000000000000014 770.5599031412492
2.8000000000000007 797.4241372667609
3.0 816.2195901377796
3.200000000000001 829.042292971159
3.4000000000000004 837.7575947929828
3.6000000000000014 843.775593560242
3.8000000000000007 848.0346691736918
4.0 851.0969870315274
Result sigma optimization:  -8.0 96.87094212819369
E_max_2 =  400
Cutoff Radius =  6.0
Selected Radial Transform =  16.0
factor =  0.9
displacement =  0.0
dataset =  datasets/gold.xyz
n_train =  1500
n_test =  2000
Train RMSE: 81.06575457447994 [Train MAE: 60.2121467034269]
Test RMSE: 96.48308057066436 [Test MAE: 68.52322710108706]
FINISHED at Tue Jan 10 10:14:25 CET 2023
