STARTING AT Tue Jan 10 10:14:10 CET 2023
Random seed: 1000
7 16
Reading dataset
Shuffling and extracting from dataset (length: 105092)
Shuffling and extraction done
Calculating power spectrum
Expansion coefficients done
Computing training kernel
     Calculating kernels for center species 79
     Calculating kernels for center species 79
Beginning first index add...
Beginning second index add...
Training kernel done
Computing test kernel
     Calculating kernels for center species 79
     Calculating kernels for center species 79
Beginning first index add...
Beginning second index add...
Test kernel done
Calculating composition features
Composition features done
-8.0 159.6086532173621
-7.8 159.85962191737966
-7.6 160.0648088931833
-7.4 160.29814359379853
-7.2 160.6898264675355
-7.0 161.49809470047734
-6.8 163.22541911753805
-6.6 166.76855788280707
-6.4 173.51140105794423
-6.2 185.14007298609548
-6.0 202.9650038701902
-5.8 226.95128332641468
-5.6 255.20324248875534
-5.4 284.4925518639797
-5.199999999999999 311.5539053694503
-5.0 334.2384113191962
-4.8 351.8574670487744
-4.6 364.8051881259032
-4.4 373.9664909810784
-4.199999999999999 380.28281420321184
-4.0 384.5540755968492
-3.8 387.3966998013476
-3.5999999999999996 389.264635442728
-3.3999999999999995 390.4842854952135
-3.1999999999999993 391.28968414171175
-3.0 391.85862409061957
-2.8 392.3570378041402
-2.5999999999999996 393.0088046670293
-2.3999999999999995 394.2258767171528
-2.1999999999999993 396.8557012430131
-2.0 402.5949763860332
-1.7999999999999998 414.4641098026176
-1.5999999999999996 436.76947429368283
-1.3999999999999995 473.5147496303071
-1.1999999999999993 525.2401422751313
-1.0 587.0013660297229
-0.7999999999999998 650.2333454161246
-0.5999999999999996 706.9962730129903
-0.39999999999999947 752.8829739736555
-0.1999999999999993 787.1668819719744
0.0 811.3762162588073
0.20000000000000107 827.8192114649604
0.40000000000000036 838.700068598428
0.5999999999999996 845.7781739648162
0.8000000000000007 850.3318177642763
1.0 853.2405668682519
1.200000000000001 855.0900883577016
1.4000000000000004 856.2625375443542
1.6000000000000014 857.0041273525001
1.8000000000000007 857.472186029084
2.0 857.7666586684154
2.200000000000001 857.9507019336615
2.4000000000000004 858.0639478012818
2.6000000000000014 858.1309648464426
2.8000000000000007 858.166643523359
3.0 858.1796875677377
3.200000000000001 858.1750471082855
3.4000000000000004 858.1558661735668
3.6000000000000014 858.1251697065245
3.8000000000000007 858.0870102781812
4.0 858.0464879079464
Result sigma optimization:  -8.0 159.6086532173621
E_max_2 =  500
Cutoff Radius =  6.0
Selected Radial Transform =  16.0
factor =  2.1
displacement =  0.0
dataset =  datasets/gold.xyz
n_train =  1500
n_test =  2000
Train RMSE: 158.3503095930267 [Train MAE: 131.86071726474893]
Test RMSE: 166.43756803576946 [Test MAE: 138.20250829706148]
FINISHED at Tue Jan 10 10:15:23 CET 2023
