STARTING AT Tue Jan 10 09:39:18 CET 2023
Random seed: 1000
8 20
Reading dataset
Shuffling and extracting from dataset (length: 10000)
Shuffling and extraction done
Calculating power spectrum
Expansion coefficients done
Computing training kernel
     Calculating kernels for center species 1
     Calculating kernels for center species 1
Beginning first index add...
Beginning second index add...
     Calculating kernels for center species 6
     Calculating kernels for center species 6
Beginning first index add...
Beginning second index add...
Training kernel done
Computing test kernel
     Calculating kernels for center species 1
     Calculating kernels for center species 1
Beginning first index add...
Beginning second index add...
     Calculating kernels for center species 6
     Calculating kernels for center species 6
Beginning first index add...
Beginning second index add...
Test kernel done
Calculating composition features
Composition features done
-8.0 52.511212757065465
-7.8 45.87402265774118
-7.6 40.277991592813216
-7.4 35.621240098635795
-7.2 31.750662851958587
-7.0 28.5391159647993
-6.8 25.913437425793152
-6.6 23.824811113585667
-6.4 22.210171659695877
-6.2 20.981749651771104
-6.0 20.038333329649685
-5.8 19.282144048669654
-5.6 18.637795395243607
-5.4 18.065506507388992
-5.199999999999999 17.554559972300332
-5.0 17.10049346694183
-4.8 16.68839772101449
-4.6 16.295565974581613
-4.4 15.904331899359747
-4.199999999999999 15.51003439222516
-4.0 15.120148340945644
-3.8 14.749291340110371
-3.5999999999999996 14.413973870483032
-3.3999999999999995 14.129193215607929
-3.1999999999999993 13.90928635542368
-3.0 13.773158562827836
-2.8 13.750715942689228
-2.5999999999999996 13.886598320375917
-2.3999999999999995 14.237765047264626
-2.1999999999999993 14.862180479773885
-2.0 15.798440457521188
-1.7999999999999998 17.041834438041633
-1.5999999999999996 18.528344201451958
-1.3999999999999995 20.139120114262834
-1.1999999999999993 21.730483279479916
-1.0 23.17859649498437
-0.7999999999999998 24.415844837537566
-0.5999999999999996 25.4446838234251
-0.39999999999999947 26.337074250102027
-0.1999999999999993 27.23985345004473
0.0 28.397629120968414
0.20000000000000107 30.173260649117346
0.40000000000000036 32.99727362032412
0.5999999999999996 37.176826597893104
0.8000000000000007 42.64437700543364
1.0 48.88680024022855
1.200000000000001 55.158459228419986
1.4000000000000004 60.80044333218492
1.6000000000000014 65.43803845112242
1.8000000000000007 68.98990471264452
2.0 71.56732275235075
2.200000000000001 73.36299565504548
2.4000000000000004 74.57651081853797
2.6000000000000014 75.37839061983544
2.8000000000000007 75.89960761836183
3.0 76.23416567413676
3.200000000000001 76.44657212997626
3.4000000000000004 76.57983539737174
3.6000000000000014 76.66218954533541
3.8000000000000007 76.71210547663331
4.0 76.74170664250626
Result sigma optimization:  -2.8 13.750715942689228
E_max_2 =  700
Cutoff Radius =  6.0
Selected Radial Transform =  16.0
factor =  1.4
displacement =  0.0
dataset =  datasets/random-ch4-10k.extxyz
n_train =  1500
n_test =  2000
Train RMSE: 8.721364080183148 [Train MAE: 6.7875292203166016]
Test RMSE: 13.15953295728636 [Test MAE: 8.658904293209071]
FINISHED at Tue Jan 10 09:44:39 CET 2023
