STARTING AT Tue Jan 10 10:52:45 CET 2023
Random seed: 1000
7 18
Reading dataset
Shuffling and extracting from dataset (length: 133885)
Shuffling and extraction done
Calculating power spectrum
Expansion coefficients done
Computing training kernel
     Calculating kernels for center species 1
     Calculating kernels for center species 1
Beginning first index add...
Beginning second index add...
     Calculating kernels for center species 6
     Calculating kernels for center species 6
Beginning first index add...
Beginning second index add...
     Calculating kernels for center species 7
     Calculating kernels for center species 7
Beginning first index add...
Beginning second index add...
     Calculating kernels for center species 8
     Calculating kernels for center species 8
Beginning first index add...
Beginning second index add...
     Calculating kernels for center species 9
     Calculating kernels for center species 9
Beginning first index add...
Beginning second index add...
Training kernel done
Computing test kernel
     Calculating kernels for center species 1
     Calculating kernels for center species 1
Beginning first index add...
Beginning second index add...
     Calculating kernels for center species 6
     Calculating kernels for center species 6
Beginning first index add...
Beginning second index add...
     Calculating kernels for center species 7
     Calculating kernels for center species 7
Beginning first index add...
Beginning second index add...
     Calculating kernels for center species 8
     Calculating kernels for center species 8
Beginning first index add...
Beginning second index add...
     Calculating kernels for center species 9
     Calculating kernels for center species 9
Beginning first index add...
Beginning second index add...
Test kernel done
Calculating composition features
Composition features done
-8.0 2.0977591347065343
-7.8 2.0977581880622527
-7.6 2.0977566877809175
-7.4 2.097754310000074
-7.2 2.0977505413867936
-7.0 2.0977445686079856
-6.8 2.097735102402767
-6.6 2.0977200995762493
-6.4 2.097696321801256
-6.2 2.0976586372331947
-6.0 2.0975989125460766
-5.8 2.0975042601099507
-5.6 2.0973575039599504
-5.4 2.097135687511339
-5.199999999999999 2.096797219731549
-5.0 2.0963013756275637
-4.8 2.095593186389211
-4.6 2.0945550245986815
-4.4 2.093323689339721
-4.199999999999999 2.0920188264661896
-4.0 2.090799781071359
-3.8 2.0900914623996503
-3.5999999999999996 2.0914870804436845
-3.3999999999999995 2.097394907086776
-3.1999999999999993 2.114397282790138
-3.0 2.1456977289205863
-2.8 2.1920097048543448
-2.5999999999999996 2.253056379206616
-2.3999999999999995 2.3361062323694894
-2.1999999999999993 2.4368366302725297
-2.0 2.571005250957224
-1.7999999999999998 2.7332679880106356
-1.5999999999999996 2.9175896735439153
-1.3999999999999995 3.132604329441195
-1.1999999999999993 3.3852922882548335
-1.0 3.6790807990665026
-0.7999999999999998 4.006980276117162
-0.5999999999999996 4.382390535265592
-0.39999999999999947 4.8489072450167985
-0.1999999999999993 5.425851877417096
0.0 6.154947572124266
0.20000000000000107 7.06158832797368
0.40000000000000036 8.129472504859311
0.5999999999999996 9.32003858088316
0.8000000000000007 10.58703635460176
1.0 11.90351322437917
1.200000000000001 13.225492835388476
1.4000000000000004 14.543295355728405
1.6000000000000014 15.802621196740146
1.8000000000000007 16.958913164138657
2.0 17.94972398836081
2.200000000000001 18.74232258914673
2.4000000000000004 19.352741286876874
2.6000000000000014 19.80936242054499
2.8000000000000007 20.13620062666367
3.0 20.36790662079986
3.200000000000001 20.528863343262508
3.4000000000000004 20.639855630163584
3.6000000000000014 20.716713506578486
3.8000000000000007 20.7687941780442
4.0 20.80367168949932
Result sigma optimization:  -3.8 2.0900914623996503
E_max_2 =  600
Cutoff Radius =  6.0
Selected Radial Transform =  16.0
factor =  1.1
displacement =  0.0
dataset =  datasets/qm9.xyz
n_train =  1500
n_test =  2000
Train RMSE: 0.18845670577699133 [Train MAE: 0.14258098541329128]
Test RMSE: 2.9665953257342386 [Test MAE: 1.9366142362943315]
FINISHED at Tue Jan 10 10:55:50 CET 2023
