STARTING AT Tue Jan 10 09:40:52 CET 2023
Random seed: 1000
7 16
Reading dataset
Shuffling and extracting from dataset (length: 10000)
Shuffling and extraction done
Calculating power spectrum
Expansion coefficients done
Computing training kernel
     Calculating kernels for center species 1
     Calculating kernels for center species 1
Beginning first index add...
Beginning second index add...
     Calculating kernels for center species 6
     Calculating kernels for center species 6
Beginning first index add...
Beginning second index add...
Training kernel done
Computing test kernel
     Calculating kernels for center species 1
     Calculating kernels for center species 1
Beginning first index add...
Beginning second index add...
     Calculating kernels for center species 6
     Calculating kernels for center species 6
Beginning first index add...
Beginning second index add...
Test kernel done
Calculating composition features
Composition features done
-8.0 75.14585267541868
-7.8 68.60916337184872
-7.6 62.62438156884102
-7.4 57.46824301337558
-7.2 53.263795186718625
-7.0 49.984340852976494
-6.8 47.48863031224839
-6.6 45.58398636878103
-6.4 44.08363942044157
-6.2 42.845641404030836
-6.0 41.789423146029634
-5.8 40.89291655361454
-5.6 40.17208689056466
-5.4 39.65191394768017
-5.199999999999999 39.343017406530414
-5.0 39.23771689956969
-4.8 39.31953320736173
-4.6 39.56901167575346
-4.4 39.96104293054388
-4.199999999999999 40.46340218599775
-4.0 41.04484346789169
-3.8 41.68734593340459
-3.5999999999999996 42.387419365380595
-3.3999999999999995 43.14081262860259
-3.1999999999999993 43.924639524496875
-3.0 44.69797086164846
-2.8 45.426049322589456
-2.5999999999999996 46.108337003727634
-2.3999999999999995 46.78434821705063
-2.1999999999999993 47.510780884408135
-2.0 48.32718146604108
-1.7999999999999998 49.23518705919653
-1.5999999999999996 50.20445683931812
-1.3999999999999995 51.19713264163549
-1.1999999999999993 52.191312561711314
-1.0 53.18927580635326
-0.7999999999999998 54.20711970754405
-0.5999999999999996 55.25419495823861
-0.39999999999999947 56.32191194884459
-0.1999999999999993 57.39491064875062
0.0 58.46991085719285
0.20000000000000107 59.5567378423874
0.40000000000000036 60.66018440282521
0.5999999999999996 61.76409119519662
0.8000000000000007 62.833663098105895
1.0 63.83317130593732
1.200000000000001 64.74452803001175
1.4000000000000004 65.57332425358022
1.6000000000000014 66.3398458805919
1.8000000000000007 67.0655775181447
2.0 67.76883811295852
2.200000000000001 68.4707630381758
2.4000000000000004 69.19835458687885
2.6000000000000014 69.97514491343945
2.8000000000000007 70.80734323802487
3.0 71.67717842446402
3.200000000000001 72.54401825836085
3.4000000000000004 73.35330241088285
3.6000000000000014 74.05492943802385
3.8000000000000007 74.62064440104312
4.0 75.04825695992483
Result sigma optimization:  -5.0 39.23771689956969
E_max_2 =  500
Cutoff Radius =  6.0
Selected Radial Transform =  17.0
factor =  0.2
displacement =  0.0
dataset =  datasets/random-ch4-10k.extxyz
n_train =  1500
n_test =  2000
Train RMSE: 17.796723411037537 [Train MAE: 11.605073842124666]
Test RMSE: 42.2634206509717 [Test MAE: 25.292585127696373]
FINISHED at Tue Jan 10 09:41:41 CET 2023
