STARTING AT Tue Jan 10 09:40:57 CET 2023
Random seed: 1000
6 14
Reading dataset
Shuffling and extracting from dataset (length: 10000)
Shuffling and extraction done
Calculating power spectrum
Expansion coefficients done
Computing training kernel
     Calculating kernels for center species 1
     Calculating kernels for center species 1
Beginning first index add...
Beginning second index add...
     Calculating kernels for center species 6
     Calculating kernels for center species 6
Beginning first index add...
Beginning second index add...
Training kernel done
Computing test kernel
     Calculating kernels for center species 1
     Calculating kernels for center species 1
Beginning first index add...
Beginning second index add...
     Calculating kernels for center species 6
     Calculating kernels for center species 6
Beginning first index add...
Beginning second index add...
Test kernel done
Calculating composition features
Composition features done
-8.0 44.011298875581595
-7.8 43.78542483644362
-7.6 43.46377944249312
-7.4 43.02625069936607
-7.2 42.46390010976703
-7.0 41.78616332513076
-6.8 41.02147167115748
-6.6 40.209112952695804
-6.4 39.387204222613924
-6.2 38.58476192640183
-6.0 37.82250845495664
-5.8 37.12158646669284
-5.6 36.51483850435502
-5.4 36.0521611089596
-5.199999999999999 35.792347062598154
-5.0 35.78215287095883
-4.8 36.03437575115383
-4.6 36.51890606759826
-4.4 37.17146172225211
-4.199999999999999 37.914315702013035
-4.0 38.67948020463404
-3.8 39.42525392369262
-3.5999999999999996 40.140288628541754
-3.3999999999999995 40.83714638529956
-3.1999999999999993 41.54307300996901
-3.0 42.291115448600486
-2.8 43.10912303792494
-2.5999999999999996 44.00845706416978
-2.3999999999999995 44.9805046362533
-2.1999999999999993 46.00654128786574
-2.0 47.07485674983806
-1.7999999999999998 48.1877144847444
-1.5999999999999996 49.34725150975772
-1.3999999999999995 50.53615907308083
-1.1999999999999993 51.72049728954947
-1.0 52.87456699178515
-0.7999999999999998 53.9991615263548
-0.5999999999999996 55.113339765744186
-0.39999999999999947 56.229686755177305
-0.1999999999999993 57.34128097943598
0.0 58.43683138652006
0.20000000000000107 59.52699019911278
0.40000000000000036 60.649443793541
0.5999999999999996 61.84376437231241
0.8000000000000007 63.120590356483625
1.0 64.45514581755306
1.200000000000001 65.8058287987468
1.4000000000000004 67.13304571484274
1.6000000000000014 68.40595910991291
1.8000000000000007 69.60509774186636
2.0 70.72305721630714
2.200000000000001 71.75675435700742
2.4000000000000004 72.69505663533124
2.6000000000000014 73.51569443141882
2.8000000000000007 74.19606425952385
3.0 74.72741941304442
3.200000000000001 75.12043672603409
3.4000000000000004 75.40007346579667
3.6000000000000014 75.59598762205471
3.8000000000000007 75.7356109935923
4.0 75.84242732226068
Result sigma optimization:  -5.0 35.78215287095883
E_max_2 =  400
Cutoff Radius =  6.0
Selected Radial Transform =  17.0
factor =  0.3
displacement =  0.0
dataset =  datasets/random-ch4-10k.extxyz
n_train =  1500
n_test =  2000
Train RMSE: 9.174478326422253 [Train MAE: 6.231518395525082]
Test RMSE: 39.41370533495986 [Test MAE: 19.618372485787084]
FINISHED at Tue Jan 10 09:41:49 CET 2023
