STARTING AT Tue Jan 10 09:42:10 CET 2023
Random seed: 1000
8 20
Reading dataset
Shuffling and extracting from dataset (length: 10000)
Shuffling and extraction done
Calculating power spectrum
Expansion coefficients done
Computing training kernel
     Calculating kernels for center species 1
     Calculating kernels for center species 1
Beginning first index add...
Beginning second index add...
     Calculating kernels for center species 6
     Calculating kernels for center species 6
Beginning first index add...
Beginning second index add...
Training kernel done
Computing test kernel
     Calculating kernels for center species 1
     Calculating kernels for center species 1
Beginning first index add...
Beginning second index add...
     Calculating kernels for center species 6
     Calculating kernels for center species 6
Beginning first index add...
Beginning second index add...
Test kernel done
Calculating composition features
Composition features done
-8.0 28.968414248445573
-7.8 27.523098191377592
-7.6 26.189733151097563
-7.4 24.952506564350124
-7.2 23.79634835006256
-7.0 22.724068622426213
-6.8 21.757650252960133
-6.6 20.923488489641947
-6.4 20.232143799007712
-6.2 19.667649766752916
-6.0 19.194254612754538
-5.8 18.774201983114317
-5.6 18.381685299866824
-5.4 18.0042047879076
-5.199999999999999 17.635559436149457
-5.0 17.269599138084995
-4.8 16.89894137320087
-4.6 16.517423356965857
-4.4 16.123316482824425
-4.199999999999999 15.720800938064915
-4.0 15.31904387397778
-3.8 14.93039096836866
-3.5999999999999996 14.569800994120422
-3.3999999999999995 14.255752206697062
-3.1999999999999993 14.009542826420432
-3.0 13.851041493091603
-2.8 13.79546577743801
-2.5999999999999996 13.855861159897708
-2.3999999999999995 14.046785478069843
-2.1999999999999993 14.382231714084405
-2.0 14.870801973341104
-1.7999999999999998 15.51665041938958
-1.5999999999999996 16.32497539435812
-1.3999999999999995 17.30103082449824
-1.1999999999999993 18.438042264105494
-1.0 19.703380850796513
-0.7999999999999998 21.036219250292017
-0.5999999999999996 22.361506526468993
-0.39999999999999947 23.616450882144267
-0.1999999999999993 24.783597974862815
0.0 25.92413231663028
0.20000000000000107 27.205295156846766
0.40000000000000036 28.914845400599656
0.5999999999999996 31.439048978975595
0.8000000000000007 35.15227884921944
1.0 40.197662926517765
1.200000000000001 46.290929037259176
1.4000000000000004 52.7620884570819
1.6000000000000014 58.84707313495174
1.8000000000000007 63.9971791392713
2.0 68.00130811863468
2.200000000000001 70.91969946906126
2.4000000000000004 72.9491428145914
2.6000000000000014 74.31454486056474
2.8000000000000007 75.21247218064268
3.0 75.79369348120373
3.200000000000001 76.16553513863259
3.4000000000000004 76.40105272786359
3.6000000000000014 76.54869571329881
3.8000000000000007 76.6401888557082
4.0 76.69621324813266
Result sigma optimization:  -2.8 13.79546577743801
E_max_2 =  700
Cutoff Radius =  6.0
Selected Radial Transform =  17.0
factor =  1.6
displacement =  0.0
dataset =  datasets/random-ch4-10k.extxyz
n_train =  1500
n_test =  2000
Train RMSE: 7.211908776287462 [Train MAE: 5.6595860233219515]
Test RMSE: 12.834830215510472 [Test MAE: 8.22409288379004]
FINISHED at Tue Jan 10 09:44:39 CET 2023
