STARTING AT Tue Jan 10 10:15:45 CET 2023
Random seed: 1000
8 20
Reading dataset
Shuffling and extracting from dataset (length: 105092)
Shuffling and extraction done
Calculating power spectrum
Expansion coefficients done
Computing training kernel
     Calculating kernels for center species 79
     Calculating kernels for center species 79
Beginning first index add...
Beginning second index add...
Training kernel done
Computing test kernel
     Calculating kernels for center species 79
     Calculating kernels for center species 79
Beginning first index add...
Beginning second index add...
Test kernel done
Calculating composition features
Composition features done
-8.0 148.0031076004259
-7.8 145.08849299432643
-7.6 141.9189150836747
-7.4 138.35499119146598
-7.2 134.36582624520938
-7.0 130.05311591932957
-6.8 125.59942577422434
-6.6 121.17696469596615
-6.4 116.88831370894977
-6.2 112.77856949537698
-6.0 108.89246371551143
-5.8 105.30867832617632
-5.6 102.10955101165597
-5.4 99.31806508548613
-5.199999999999999 96.87541946347179
-5.0 94.68595940873715
-4.8 92.68398507275643
-4.6 90.86969475655177
-4.4 89.301010229141
-4.199999999999999 88.05803204000442
-4.0 87.20900325548733
-3.8 86.79646455666484
-3.5999999999999996 86.83996902909092
-3.3999999999999995 87.3440724862021
-3.1999999999999993 88.30549561256143
-3.0 89.71616871828104
-2.8 91.56117268988432
-2.5999999999999996 93.81817942142409
-2.3999999999999995 96.46382664196399
-2.1999999999999993 99.47758420079467
-2.0 102.83458526530848
-1.7999999999999998 106.50269953443018
-1.5999999999999996 110.46268079168722
-1.3999999999999995 114.73386255638725
-1.1999999999999993 119.36970259621032
-1.0 124.4333719810949
-0.7999999999999998 130.00409206380277
-0.5999999999999996 136.22513603256795
-0.39999999999999947 143.35419555813624
-0.1999999999999993 151.79176871763067
0.0 162.05444777492565
0.20000000000000107 174.60348189376265
0.40000000000000036 189.53593395318939
0.5999999999999996 206.4111759368056
0.8000000000000007 224.48994690744783
1.0 243.23593619327886
1.200000000000001 262.61007961322224
1.4000000000000004 282.87192625279954
1.6000000000000014 304.0887051534029
1.8000000000000007 325.88120185545694
2.0 347.72577612531165
2.200000000000001 369.5123292742958
2.4000000000000004 391.69815953962143
2.6000000000000014 414.84980234290083
2.8000000000000007 439.25910577695305
3.0 465.4116101544349
3.200000000000001 494.88927704992193
3.4000000000000004 530.2644043238212
3.6000000000000014 573.2020811569155
3.8000000000000007 622.1425301928999
4.0 672.2158047380827
Result sigma optimization:  -3.8 86.79646455666484
E_max_2 =  700
Cutoff Radius =  6.0
Selected Radial Transform =  17.0
factor =  0.9
displacement =  0.0
dataset =  datasets/gold.xyz
n_train =  1500
n_test =  2000
Train RMSE: 59.13580620631748 [Train MAE: 42.66912348275493]
Test RMSE: 86.54096628127873 [Test MAE: 57.9989785320459]
FINISHED at Tue Jan 10 10:19:06 CET 2023
