STARTING AT Tue Jan 10 10:17:19 CET 2023
Random seed: 1000
7 16
Reading dataset
Shuffling and extracting from dataset (length: 105092)
Shuffling and extraction done
Calculating power spectrum
Expansion coefficients done
Computing training kernel
     Calculating kernels for center species 79
     Calculating kernels for center species 79
Beginning first index add...
Beginning second index add...
Training kernel done
Computing test kernel
     Calculating kernels for center species 79
     Calculating kernels for center species 79
Beginning first index add...
Beginning second index add...
Test kernel done
Calculating composition features
Composition features done
-8.0 159.5126318356111
-7.8 161.35873612895668
-7.6 162.63763786413472
-7.4 163.49804140643462
-7.2 164.07187270895645
-7.0 164.47025222951368
-6.8 164.79900661567652
-6.6 165.1937318477866
-6.4 165.88371775335378
-6.2 167.29747762686665
-6.0 170.20831135417708
-5.8 175.85738516211327
-5.6 185.8708150531755
-5.4 201.71625906674953
-5.199999999999999 223.73119105744232
-5.0 250.39318056083252
-4.8 278.6321419810104
-4.6 305.11097291392224
-4.4 327.5149737197259
-4.199999999999999 345.02734480727196
-4.0 357.9922624909864
-3.8 367.284931723364
-3.5999999999999996 373.82545136199496
-3.3999999999999995 378.3668730565865
-3.1999999999999993 381.4749975901328
-3.0 383.57298273612474
-2.8 384.9837878823471
-2.5999999999999996 385.9646271414217
-2.3999999999999995 386.7501700445543
-2.1999999999999993 387.6276449476698
-2.0 389.08094923349057
-1.7999999999999998 392.06150513783365
-1.5999999999999996 398.42759369837796
-1.3999999999999995 411.40940485313746
-1.1999999999999993 435.4490157741545
-1.0 474.37098801887566
-0.7999999999999998 528.1377507987494
-0.5999999999999996 591.178542135586
-0.39999999999999947 654.7043370880276
-0.1999999999999993 711.005102262669
0.0 756.0771975789066
0.20000000000000107 789.5161533898199
0.40000000000000036 813.01354121394
0.5999999999999996 828.9203983594925
0.8000000000000007 839.4235624805256
1.0 846.2462581941098
1.200000000000001 850.6314846754364
1.4000000000000004 853.4308413909705
1.6000000000000014 855.2098520115409
1.8000000000000007 856.3368704162779
2.0 857.048885874479
2.200000000000001 857.4970999926297
2.4000000000000004 857.777332653698
2.6000000000000014 857.9498613202234
2.8000000000000007 858.0522117334472
3.0 858.1074111552119
3.200000000000001 858.1294591682852
3.4000000000000004 858.1272030364088
3.6000000000000014 858.1072479980974
3.8000000000000007 858.0758882014268
4.0 858.0396364150919
Result sigma optimization:  -8.0 159.5126318356111
E_max_2 =  500
Cutoff Radius =  6.0
Selected Radial Transform =  17.0
factor =  2.8
displacement =  0.0
dataset =  datasets/gold.xyz
n_train =  1500
n_test =  2000
Train RMSE: 157.71063929449917 [Train MAE: 129.92960920038377]
Test RMSE: 165.1636714336322 [Test MAE: 136.13923955230368]
FINISHED at Tue Jan 10 10:20:53 CET 2023
