STARTING AT Tue Jan 10 10:16:13 CET 2023
Random seed: 1000
7 18
Reading dataset
Shuffling and extracting from dataset (length: 105092)
Shuffling and extraction done
Calculating power spectrum
Expansion coefficients done
Computing training kernel
     Calculating kernels for center species 79
     Calculating kernels for center species 79
Beginning first index add...
Beginning second index add...
Training kernel done
Computing test kernel
     Calculating kernels for center species 79
     Calculating kernels for center species 79
Beginning first index add...
Beginning second index add...
Test kernel done
Calculating composition features
Composition features done
-8.0 100.79215531105261
-7.8 101.60123944840456
-7.6 102.41053640003187
-7.4 103.22772380758418
-7.2 104.04486173369135
-7.0 104.84526815461795
-6.8 105.62419288684514
-6.6 106.39950447282473
-6.4 107.19985837293196
-6.2 108.04142922463652
-6.0 108.91315041849732
-5.8 109.78007078073122
-5.6 110.60090950104504
-5.4 111.34674208044152
-5.199999999999999 112.01152820167532
-5.0 112.61552143030676
-4.8 113.20511827213089
-4.6 113.84813877941538
-4.4 114.62031998998303
-4.199999999999999 115.58250223585367
-4.0 116.7594109085734
-3.8 118.14227389841632
-3.5999999999999996 119.72958460192197
-3.3999999999999995 121.5860504535084
-3.1999999999999993 123.87373293918755
-3.0 126.83602799383358
-2.8 130.78402282743565
-2.5999999999999996 136.1459966179874
-2.3999999999999995 143.50897778106184
-2.1999999999999993 153.4386124216919
-2.0 166.0019871246488
-1.7999999999999998 180.3666600164039
-1.5999999999999996 195.01325219062363
-1.3999999999999995 208.50493479046352
-1.1999999999999993 220.1584381093424
-1.0 230.1693054385518
-0.7999999999999998 239.29657828234738
-0.5999999999999996 248.45194653547674
-0.39999999999999947 258.4693783628601
-0.1999999999999993 270.0852284896985
0.0 283.8565864590627
0.20000000000000107 299.8222438556312
0.40000000000000036 317.2742051360395
0.5999999999999996 335.1235987880292
0.8000000000000007 352.55569606920244
1.0 369.2754750872972
1.200000000000001 385.3660423770965
1.4000000000000004 401.3978729907501
1.6000000000000014 419.02169946336255
1.8000000000000007 441.4872689974043
2.0 473.1013616682524
2.200000000000001 516.9161211756161
2.4000000000000004 571.7484299636349
2.6000000000000014 631.60635791793
2.8000000000000007 688.6933178562758
3.0 737.1781093792317
3.200000000000001 774.7714798416791
3.4000000000000004 802.0264597061852
3.6000000000000014 820.8769893378707
3.8000000000000007 833.511388656218
4.0 841.8199449894948
Result sigma optimization:  -8.0 100.79215531105261
E_max_2 =  600
Cutoff Radius =  6.0
Selected Radial Transform =  17.0
factor =  1.5
displacement =  0.0
dataset =  datasets/gold.xyz
n_train =  1500
n_test =  2000
Train RMSE: 81.61576262995182 [Train MAE: 61.36409106256954]
Test RMSE: 101.66765420548253 [Test MAE: 73.36628028016592]
FINISHED at Tue Jan 10 10:17:12 CET 2023
