STARTING AT Tue Jan 10 10:18:59 CET 2023
Random seed: 1000
6 14
Reading dataset
Shuffling and extracting from dataset (length: 105092)
Shuffling and extraction done
Calculating power spectrum
Expansion coefficients done
Computing training kernel
     Calculating kernels for center species 79
     Calculating kernels for center species 79
Beginning first index add...
Beginning second index add...
Training kernel done
Computing test kernel
     Calculating kernels for center species 79
     Calculating kernels for center species 79
Beginning first index add...
Beginning second index add...
Test kernel done
Calculating composition features
Composition features done
-8.0 122.88594968035179
-7.8 123.57627840877052
-7.6 124.54945179961364
-7.4 125.9478752382437
-7.2 127.88543400909148
-7.0 130.48610903485377
-6.8 133.9695606713706
-6.6 138.67924024965572
-6.4 144.92737886436217
-6.2 152.665873004024
-6.0 161.26562897763478
-5.8 169.71857622933175
-5.6 177.13049517677175
-5.4 183.06322301478448
-5.199999999999999 187.5444244260015
-5.0 190.91010028365537
-4.8 193.6876527382652
-4.6 196.59894936832976
-4.4 200.63914711658876
-4.199999999999999 207.07708270865345
-4.0 217.15165820034628
-3.8 231.41739150281074
-3.5999999999999996 249.19679084763186
-3.3999999999999995 268.7830299294574
-3.1999999999999993 288.33127176935005
-3.0 306.6308767137746
-2.8 323.20619204588576
-2.5999999999999996 337.9626440280093
-2.3999999999999995 350.84963341246714
-2.1999999999999993 361.74983649040036
-2.0 370.56736073348446
-1.7999999999999998 377.37708931570097
-1.5999999999999996 382.4975050744348
-1.3999999999999995 386.4876649245175
-1.1999999999999993 390.1902767277253
-1.0 394.9464526248875
-0.7999999999999998 403.02004356250933
-0.5999999999999996 418.01231220141113
-0.39999999999999947 444.5039613376688
-0.1999999999999993 485.9364905250303
0.0 541.4147172195062
0.20000000000000107 604.6518059144109
0.40000000000000036 666.848816742949
0.5999999999999996 720.9002845062181
0.8000000000000007 763.5265386240517
1.0 794.8071152833977
1.200000000000001 816.6203919724466
1.4000000000000004 831.3102160367278
1.6000000000000014 840.9749486532453
1.8000000000000007 847.236100973367
2.0 851.2500093785553
2.200000000000001 853.8030988498019
2.4000000000000004 855.4149103643418
2.6000000000000014 856.4226778873234
2.8000000000000007 857.0434384933984
3.0 857.4170947534745
3.200000000000001 857.6349034232104
3.4000000000000004 857.7571274779403
3.6000000000000014 857.8232496567933
3.8000000000000007 857.8580969582393
4.0 857.8762925121708
Result sigma optimization:  -8.0 122.88594968035179
E_max_2 =  400
Cutoff Radius =  6.0
Selected Radial Transform =  18.0
factor =  1.5
displacement =  0.0
dataset =  datasets/gold.xyz
n_train =  1500
n_test =  2000
Train RMSE: 120.31126619893332 [Train MAE: 95.91927464415537]
Test RMSE: 125.59696296025274 [Test MAE: 99.67174634116775]
FINISHED at Tue Jan 10 10:20:06 CET 2023
