STARTING AT Tue Jan 10 10:18:42 CET 2023
Random seed: 1000
5 11
Reading dataset
Shuffling and extracting from dataset (length: 105092)
Shuffling and extraction done
Calculating power spectrum
Expansion coefficients done
Computing training kernel
     Calculating kernels for center species 79
     Calculating kernels for center species 79
Beginning first index add...
Beginning second index add...
Training kernel done
Computing test kernel
     Calculating kernels for center species 79
     Calculating kernels for center species 79
Beginning first index add...
Beginning second index add...
Test kernel done
Calculating composition features
Composition features done
-8.0 120.88207483434579
-7.8 122.04953978001765
-7.6 123.22420330546845
-7.4 124.55229992515457
-7.2 126.2873944158883
-7.0 128.71786978544432
-6.8 132.04994085627652
-6.6 136.35480665106613
-6.4 141.6688137211171
-6.2 148.13306347088547
-6.0 155.92718498491882
-5.8 164.95906884090536
-5.6 174.64047284520842
-5.4 184.06209217887587
-5.199999999999999 192.4218473254762
-5.0 199.34081941845344
-4.8 204.93347845364576
-4.6 209.73105445597932
-4.4 214.5679393814131
-4.199999999999999 220.43429921264612
-4.0 228.23671306191673
-3.8 238.49095443499488
-3.5999999999999996 251.11590345624165
-3.3999999999999995 265.52473606980254
-3.1999999999999993 281.0130410673033
-3.0 297.11243224464533
-2.8 313.5645502457816
-2.5999999999999996 330.02223298181383
-2.3999999999999995 345.8595801432944
-2.1999999999999993 360.2749200136229
-2.0 372.61256811522617
-1.7999999999999998 382.70174574288603
-1.5999999999999996 391.0513580307273
-1.3999999999999995 398.96395055397363
-1.1999999999999993 408.75782922968517
-1.0 424.05578891706745
-0.7999999999999998 449.5063750915453
-0.5999999999999996 488.9231289447583
-0.39999999999999947 542.166629889072
-0.1999999999999993 603.7067496071202
0.0 665.0608801630402
0.20000000000000107 718.9823118076466
0.40000000000000036 761.8707622062486
0.5999999999999996 793.5371842501088
0.8000000000000007 815.7125878091914
1.0 830.687669777546
1.200000000000001 840.5568615316129
1.4000000000000004 846.9558717923019
1.6000000000000014 851.0581489162332
1.8000000000000007 853.6647192250164
2.0 855.3064226808585
2.200000000000001 856.3293824386125
2.4000000000000004 856.958046255047
2.6000000000000014 857.338254985066
2.8000000000000007 857.5648323886609
3.0 857.6986477905192
3.200000000000001 857.7776341341903
3.4000000000000004 857.8245860024815
3.6000000000000014 857.8528130473237
3.8000000000000007 857.8699887285526
4.0 857.8805506065712
Result sigma optimization:  -8.0 120.88207483434579
E_max_2 =  300
Cutoff Radius =  6.0
Selected Radial Transform =  18.0
factor =  1.3
displacement =  0.0
dataset =  datasets/gold.xyz
n_train =  1500
n_test =  2000
Train RMSE: 118.03388998913745 [Train MAE: 95.03878039219391]
Test RMSE: 123.04964347369993 [Test MAE: 97.78390814951898]
FINISHED at Tue Jan 10 10:19:49 CET 2023
