STARTING AT Tue Jan 10 09:43:29 CET 2023
Random seed: 1000
7 16
Reading dataset
Shuffling and extracting from dataset (length: 10000)
Shuffling and extraction done
Calculating power spectrum
Expansion coefficients done
Computing training kernel
     Calculating kernels for center species 1
     Calculating kernels for center species 1
Beginning first index add...
Beginning second index add...
     Calculating kernels for center species 6
     Calculating kernels for center species 6
Beginning first index add...
Beginning second index add...
Training kernel done
Computing test kernel
     Calculating kernels for center species 1
     Calculating kernels for center species 1
Beginning first index add...
Beginning second index add...
     Calculating kernels for center species 6
     Calculating kernels for center species 6
Beginning first index add...
Beginning second index add...
Test kernel done
Calculating composition features
Composition features done
-8.0 26.82933222675592
-7.8 26.84149424546986
-7.6 26.860616372462705
-7.4 26.89054376177419
-7.2 26.937047320935218
-7.0 27.00851188564769
-6.8 27.116502552915268
-6.6 27.27567991290563
-6.4 27.50219698912958
-6.2 27.809883006331425
-6.0 28.2050707544826
-5.8 28.683437406755935
-5.6 29.232059577321
-5.4 29.83422635081121
-5.199999999999999 30.470270316468437
-5.0 31.114621329882684
-4.8 31.73884265456044
-4.6 32.32401817684248
-4.4 32.87032045116383
-4.199999999999999 33.39095159336297
-4.0 33.893617312954355
-3.8 34.36545191972362
-3.5999999999999996 34.77443220283271
-3.3999999999999995 35.08663350449807
-3.1999999999999993 35.28630700597344
-3.0 35.3840610890982
-2.8 35.407843016141086
-2.5999999999999996 35.383497008074194
-2.3999999999999995 35.31712598164225
-2.1999999999999993 35.187224539753885
-2.0 34.947210228493084
-1.7999999999999998 34.53766303534071
-1.5999999999999996 33.91045830592953
-1.3999999999999995 33.06156481172966
-1.1999999999999993 32.053314456990876
-1.0 31.00375223387531
-0.7999999999999998 30.04591404936104
-0.5999999999999996 29.289772309899963
-0.39999999999999947 28.819507625013813
-0.1999999999999993 28.723286735046504
0.0 29.111759006460645
0.20000000000000107 30.081744269018618
0.40000000000000036 31.648607388804603
0.5999999999999996 33.73603041135965
0.8000000000000007 36.25887400655763
1.0 39.221057585057835
1.200000000000001 42.73021055343548
1.4000000000000004 46.896779344327555
1.6000000000000014 51.667732242095
1.8000000000000007 56.727546967505106
2.0 61.58808404369541
2.200000000000001 65.8104770663867
2.4000000000000004 69.16849057762496
2.6000000000000014 71.65765273285805
2.8000000000000007 73.40847774904029
3.0 74.5947330726664
3.200000000000001 75.3779003747571
3.4000000000000004 75.88602958820167
3.6000000000000014 76.21213703176615
3.8000000000000007 76.42020414873608
4.0 76.55263310026591
Result sigma optimization:  -8.0 26.82933222675592
E_max_2 =  500
Cutoff Radius =  6.0
Selected Radial Transform =  18.0
factor =  0.5
displacement =  0.0
dataset =  datasets/random-ch4-10k.extxyz
n_train =  1500
n_test =  2000
Train RMSE: 0.0037483696348850058 [Train MAE: 0.002150560296757158]
Test RMSE: 15.319543843595596 [Test MAE: 6.961377757262957]
FINISHED at Tue Jan 10 09:49:02 CET 2023
