STARTING AT Tue Jan 10 11:03:32 CET 2023
Random seed: 1000
8 20
Reading dataset
Shuffling and extracting from dataset (length: 133885)
Shuffling and extraction done
Calculating power spectrum
Expansion coefficients done
Computing training kernel
     Calculating kernels for center species 1
     Calculating kernels for center species 1
Beginning first index add...
Beginning second index add...
     Calculating kernels for center species 6
     Calculating kernels for center species 6
Beginning first index add...
Beginning second index add...
     Calculating kernels for center species 7
     Calculating kernels for center species 7
Beginning first index add...
Beginning second index add...
     Calculating kernels for center species 8
     Calculating kernels for center species 8
Beginning first index add...
Beginning second index add...
     Calculating kernels for center species 9
     Calculating kernels for center species 9
Beginning first index add...
Beginning second index add...
Training kernel done
Computing test kernel
     Calculating kernels for center species 1
     Calculating kernels for center species 1
Beginning first index add...
Beginning second index add...
     Calculating kernels for center species 6
     Calculating kernels for center species 6
Beginning first index add...
Beginning second index add...
     Calculating kernels for center species 7
     Calculating kernels for center species 7
Beginning first index add...
Beginning second index add...
     Calculating kernels for center species 8
     Calculating kernels for center species 8
Beginning first index add...
Beginning second index add...
     Calculating kernels for center species 9
     Calculating kernels for center species 9
Beginning first index add...
Beginning second index add...
Test kernel done
Calculating composition features
Composition features done
-8.0 1.718650817019341
-7.8 1.7005393348040718
-7.6 1.6833717209306973
-7.4 1.6720087775884314
-7.2 1.6639559062811895
-7.0 1.6662701351582268
-6.8 1.6731481505919363
-6.6 1.6815957624847264
-6.4 1.697527659603996
-6.2 1.7188849910710124
-6.0 1.743754639350324
-5.8 1.7736537964619348
-5.6 1.8082217787963843
-5.4 1.8436929278964138
-5.199999999999999 1.8850385178859383
-5.0 1.9385179164894508
-4.8 2.0009225249485074
-4.6 2.0690532179132766
-4.4 2.142043027742979
-4.199999999999999 2.2276847836326925
-4.0 2.3341004891084935
-3.8 2.4690494145882744
-3.5999999999999996 2.651155403234084
-3.3999999999999995 2.8960224133050265
-3.1999999999999993 3.227157883495461
-3.0 3.626781336572429
-2.8 4.091465009025395
-2.5999999999999996 4.607030120119152
-2.3999999999999995 5.149256695313209
-2.1999999999999993 5.699021532142229
-2.0 6.250159675709617
-1.7999999999999998 6.809876767078303
-1.5999999999999996 7.415830337475532
-1.3999999999999995 8.109597491086495
-1.1999999999999993 8.93104355604086
-1.0 9.88711471719
-0.7999999999999998 10.932055502232785
-0.5999999999999996 12.058470342911383
-0.39999999999999947 13.232772361644946
-0.1999999999999993 14.39579870358261
0.0 15.488421137678767
0.20000000000000107 16.469609943862576
0.40000000000000036 17.306419803050513
0.5999999999999996 18.008531992379602
0.8000000000000007 18.59115641805229
1.0 19.0915726727683
1.200000000000001 19.51854813072547
1.4000000000000004 19.884341047933304
1.6000000000000014 20.177434372422507
1.8000000000000007 20.40510761551471
2.0 20.571775155644083
2.200000000000001 20.684871310403516
2.4000000000000004 20.759577257885987
2.6000000000000014 20.806868447797076
2.8000000000000007 20.83549423451256
3.0 20.852366158303777
3.200000000000001 20.86206193450171
3.4000000000000004 20.86748250975591
3.6000000000000014 20.870379376811858
3.8000000000000007 20.87187253779944
4.0 20.872456100551044
Result sigma optimization:  -7.2 1.6639559062811895
E_max_2 =  700
Cutoff Radius =  6.0
Selected Radial Transform =  18.0
factor =  2.3
displacement =  0.0
dataset =  datasets/qm9.xyz
n_train =  1500
n_test =  2000
Train RMSE: 0.666400057608887 [Train MAE: 0.49696476515773763]
Test RMSE: 2.727128174518779 [Test MAE: 1.5430281700035584]
FINISHED at Tue Jan 10 11:12:58 CET 2023
