STARTING AT Tue Jan 10 10:17:43 CET 2023
Random seed: 1000
7 16
Reading dataset
Shuffling and extracting from dataset (length: 105092)
Shuffling and extraction done
Calculating power spectrum
Expansion coefficients done
Computing training kernel
     Calculating kernels for center species 79
     Calculating kernels for center species 79
Beginning first index add...
Beginning second index add...
Training kernel done
Computing test kernel
     Calculating kernels for center species 79
     Calculating kernels for center species 79
Beginning first index add...
Beginning second index add...
Test kernel done
Calculating composition features
Composition features done
-8.0 141.7152151146975
-7.8 138.38922772758815
-7.6 135.11966902043608
-7.4 131.97181933415544
-7.2 128.9505966499222
-7.0 126.01108803046776
-6.8 123.0908377471106
-6.6 120.14835254986065
-6.4 117.17803713400689
-6.2 114.19262811607905
-6.0 111.19260919395981
-5.8 108.15287948190465
-5.6 105.0403206835275
-5.4 101.8472454219473
-5.199999999999999 98.60994845854111
-5.0 95.39464922224906
-4.8 92.2599567725122
-4.6 89.22305114832297
-4.4 86.25942888531398
-4.199999999999999 83.34499482264988
-4.0 80.50962931149924
-3.8 77.85433149638813
-3.5999999999999996 75.51358198010949
-3.3999999999999995 73.59468916486735
-3.1999999999999993 72.1468232639614
-3.0 71.17856444762835
-2.8 70.69801150071636
-2.5999999999999996 70.74356923496013
-2.3999999999999995 71.38480425571532
-2.1999999999999993 72.6854049045953
-2.0 74.65514459918586
-1.7999999999999998 77.24022108860004
-1.5999999999999996 80.36403383128153
-1.3999999999999995 83.97429747634969
-1.1999999999999993 88.05669044938053
-1.0 92.63238602629583
-0.7999999999999998 97.76847467119823
-0.5999999999999996 103.57931676014985
-0.39999999999999947 110.1852513626079
-0.1999999999999993 117.65643269223702
0.0 126.007361205779
0.20000000000000107 135.2482706729872
0.40000000000000036 145.41411898510592
0.5999999999999996 156.516235527065
0.8000000000000007 168.49932339231822
1.0 181.345574446407
1.200000000000001 195.29977520476763
1.4000000000000004 210.949351141359
1.6000000000000014 228.91987313558323
1.8000000000000007 249.3824328010937
2.0 272.01186513982384
2.200000000000001 296.73216732115736
2.4000000000000004 324.5821181298208
2.6000000000000014 357.51477996196013
2.8000000000000007 396.7737018638565
3.0 441.2397791081081
3.200000000000001 487.7486297807769
3.4000000000000004 533.2715647501944
3.6000000000000014 576.6397795338166
3.8000000000000007 618.1683447634477
4.0 657.9077483980836
Result sigma optimization:  -2.8 70.69801150071636
E_max_2 =  500
Cutoff Radius =  6.0
Selected Radial Transform =  18.0
factor =  0.2
displacement =  0.0
dataset =  datasets/gold.xyz
n_train =  1500
n_test =  2000
Train RMSE: 42.113282981357024 [Train MAE: 28.89720167910848]
Test RMSE: 71.74518258655047 [Test MAE: 43.481960979440146]
FINISHED at Tue Jan 10 10:19:11 CET 2023
