STARTING AT Tue Jan 10 11:00:44 CET 2023
Random seed: 1000
7 18
Reading dataset
Shuffling and extracting from dataset (length: 133885)
Shuffling and extraction done
Calculating power spectrum
Expansion coefficients done
Computing training kernel
     Calculating kernels for center species 1
     Calculating kernels for center species 1
Beginning first index add...
Beginning second index add...
     Calculating kernels for center species 6
     Calculating kernels for center species 6
Beginning first index add...
Beginning second index add...
     Calculating kernels for center species 7
     Calculating kernels for center species 7
Beginning first index add...
Beginning second index add...
     Calculating kernels for center species 8
     Calculating kernels for center species 8
Beginning first index add...
Beginning second index add...
     Calculating kernels for center species 9
     Calculating kernels for center species 9
Beginning first index add...
Beginning second index add...
Training kernel done
Computing test kernel
     Calculating kernels for center species 1
     Calculating kernels for center species 1
Beginning first index add...
Beginning second index add...
     Calculating kernels for center species 6
     Calculating kernels for center species 6
Beginning first index add...
Beginning second index add...
     Calculating kernels for center species 7
     Calculating kernels for center species 7
Beginning first index add...
Beginning second index add...
     Calculating kernels for center species 8
     Calculating kernels for center species 8
Beginning first index add...
Beginning second index add...
     Calculating kernels for center species 9
     Calculating kernels for center species 9
Beginning first index add...
Beginning second index add...
Test kernel done
Calculating composition features
Composition features done
-8.0 3.1917257647966797
-7.8 3.191725760854556
-7.6 3.1917257546047524
-7.4 3.191725744698363
-7.2 3.1917257289960546
-7.0 3.191725704112078
-6.8 3.191725664676142
-6.6 3.1917256021689195
-6.4 3.19172550309996
-6.2 3.1917253460900743
-6.0 3.191725097245101
-5.8 3.1917247028479045
-5.6 3.191724077764376
-5.4 3.191723087052697
-5.199999999999999 3.1917215168326627
-5.0 3.191719028089014
-4.8 3.191715083394074
-4.6 3.1917088307309913
-4.4 3.19169891906197
-4.199999999999999 3.1916832054308824
-4.0 3.1916588040653155
-3.8 3.191620313517783
-3.5999999999999996 3.191559232739488
-3.3999999999999995 3.1914622335299505
-3.1999999999999993 3.191315544429502
-3.0 3.1911052502730666
-2.8 3.1908022984632263
-2.5999999999999996 3.1903157780370566
-2.3999999999999995 3.1895565440705655
-2.1999999999999993 3.188448815269472
-2.0 3.187088696846617
-1.7999999999999998 3.185809760231252
-1.5999999999999996 3.1853179068884776
-1.3999999999999995 3.1874736910039805
-1.1999999999999993 3.1950332456339123
-1.0 3.2170617918650146
-0.7999999999999998 3.259095590473103
-0.5999999999999996 3.3352221988557296
-0.39999999999999947 3.4554098266390842
-0.1999999999999993 3.620263180443727
0.0 3.8363485954265792
0.20000000000000107 4.1187114802622
0.40000000000000036 4.476454965498581
0.5999999999999996 4.915660875901675
0.8000000000000007 5.4529865721581485
1.0 6.085459810202346
1.200000000000001 6.84844413805163
1.4000000000000004 7.7380218344655
1.6000000000000014 8.733441789258885
1.8000000000000007 9.83177781541264
2.0 11.007784711614804
2.200000000000001 12.215448056888073
2.4000000000000004 13.449191991823925
2.6000000000000014 14.707804947767137
2.8000000000000007 15.959504903485499
3.0 17.118044635642704
3.200000000000001 18.121354732275964
3.4000000000000004 18.93685287054698
3.6000000000000014 19.552348388941656
3.8000000000000007 19.988796375948297
4.0 20.288212509134368
Result sigma optimization:  -1.5999999999999996 3.1853179068884776
E_max_2 =  600
Cutoff Radius =  6.0
Selected Radial Transform =  18.0
factor =  0.5
displacement =  0.0
dataset =  datasets/qm9.xyz
n_train =  1500
n_test =  2000
Train RMSE: 0.3750260690423462 [Train MAE: 0.2628057773637669]
Test RMSE: 4.2912203867871215 [Test MAE: 2.8422846864713476]
FINISHED at Tue Jan 10 11:04:25 CET 2023
