STARTING AT Tue Jan 10 09:43:35 CET 2023
Random seed: 1000
7 16
Reading dataset
Shuffling and extracting from dataset (length: 10000)
Shuffling and extraction done
Calculating power spectrum
Expansion coefficients done
Computing training kernel
     Calculating kernels for center species 1
     Calculating kernels for center species 1
Beginning first index add...
Beginning second index add...
     Calculating kernels for center species 6
     Calculating kernels for center species 6
Beginning first index add...
Beginning second index add...
Training kernel done
Computing test kernel
     Calculating kernels for center species 1
     Calculating kernels for center species 1
Beginning first index add...
Beginning second index add...
     Calculating kernels for center species 6
     Calculating kernels for center species 6
Beginning first index add...
Beginning second index add...
Test kernel done
Calculating composition features
Composition features done
-8.0 21.04385514500628
-7.8 21.01776885503718
-7.6 20.98259905844653
-7.4 20.937526546742085
-7.2 20.882135066206633
-7.0 20.815000866087424
-6.8 20.73168335330305
-6.6 20.624049142889287
-6.4 20.482709741422145
-6.2 20.30244558745984
-6.0 20.08821529862921
-5.8 19.857762052738035
-5.6 19.637873918680523
-5.4 19.45596120003522
-5.199999999999999 19.33216601041067
-5.0 19.276336209957762
-4.8 19.290916995390447
-4.6 19.376183134487803
-4.4 19.53155892753717
-4.199999999999999 19.751242458958416
-4.0 20.019171467601346
-3.8 20.3084267973855
-3.5999999999999996 20.585069047757212
-3.3999999999999995 20.813660987234332
-3.1999999999999993 20.961938911816674
-3.0 21.00333528077211
-2.8 20.919350821601565
-2.5999999999999996 20.705179021791842
-2.3999999999999995 20.376823136978206
-2.1999999999999993 19.972596475303273
-2.0 19.546291235055612
-1.7999999999999998 19.159024007940108
-1.5999999999999996 18.87766023822524
-1.3999999999999995 18.778512165174252
-1.1999999999999993 18.946253234889074
-1.0 19.45799785259739
-0.7999999999999998 20.354276633539996
-0.5999999999999996 21.613281343621416
-0.39999999999999947 23.147192288712155
-0.1999999999999993 24.833568726760603
0.0 26.586572974148712
0.20000000000000107 28.448973090231615
0.40000000000000036 30.65643709643535
0.5999999999999996 33.609164344498524
0.8000000000000007 37.692483792546575
1.0 42.99257820908826
1.200000000000001 49.130262203155304
1.4000000000000004 55.39621687317589
1.6000000000000014 61.08344671926746
1.8000000000000007 65.75405571716786
2.0 69.29715808862557
2.200000000000001 71.830012465683
2.4000000000000004 73.565490615923
2.6000000000000014 74.72015084648149
2.8000000000000007 75.47294410738881
3.0 75.95672135928245
3.200000000000001 76.26428981993355
3.4000000000000004 76.45822361649815
3.6000000000000014 76.57979176428054
3.8000000000000007 76.65575335951968
4.0 76.70318533388908
Result sigma optimization:  -1.3999999999999995 18.778512165174252
E_max_2 =  500
Cutoff Radius =  6.0
Selected Radial Transform =  18.0
factor =  0.7
displacement =  0.0
dataset =  datasets/random-ch4-10k.extxyz
n_train =  1500
n_test =  2000
Train RMSE: 11.077125593771994 [Train MAE: 8.386618380568068]
Test RMSE: 15.411194407695408 [Test MAE: 9.938201997285956]
FINISHED at Tue Jan 10 09:44:14 CET 2023
