STARTING AT Tue Jan 10 11:00:41 CET 2023
Random seed: 1000
6 14
Reading dataset
Shuffling and extracting from dataset (length: 133885)
Shuffling and extraction done
Calculating power spectrum
Expansion coefficients done
Computing training kernel
     Calculating kernels for center species 1
     Calculating kernels for center species 1
Beginning first index add...
Beginning second index add...
     Calculating kernels for center species 6
     Calculating kernels for center species 6
Beginning first index add...
Beginning second index add...
     Calculating kernels for center species 7
     Calculating kernels for center species 7
Beginning first index add...
Beginning second index add...
     Calculating kernels for center species 8
     Calculating kernels for center species 8
Beginning first index add...
Beginning second index add...
     Calculating kernels for center species 9
     Calculating kernels for center species 9
Beginning first index add...
Beginning second index add...
Training kernel done
Computing test kernel
     Calculating kernels for center species 1
     Calculating kernels for center species 1
Beginning first index add...
Beginning second index add...
     Calculating kernels for center species 6
     Calculating kernels for center species 6
Beginning first index add...
Beginning second index add...
     Calculating kernels for center species 7
     Calculating kernels for center species 7
Beginning first index add...
Beginning second index add...
     Calculating kernels for center species 8
     Calculating kernels for center species 8
Beginning first index add...
Beginning second index add...
     Calculating kernels for center species 9
     Calculating kernels for center species 9
Beginning first index add...
Beginning second index add...
Test kernel done
Calculating composition features
Composition features done
-8.0 3.3550667987253995
-7.8 3.355066734300864
-7.6 3.355066632194488
-7.4 3.3550664703704425
-7.2 3.3550662138867677
-7.0 3.3550658073982644
-6.8 3.355065163160094
-6.6 3.3550641421078566
-6.4 3.3550625238709486
-6.2 3.355059959177853
-6.0 3.3550558945176125
-5.8 3.355049452705258
-5.6 3.3550392437396512
-5.4 3.3550230651800654
-5.199999999999999 3.3549974278185766
-5.0 3.354956805166525
-4.8 3.354892447291421
-4.6 3.3547905088585126
-4.4 3.3546291025402235
-4.199999999999999 3.3543736792983583
-4.0 3.353971283993735
-3.8 3.3533483049846096
-3.5999999999999996 3.352369068511885
-3.3999999999999995 3.350861897303912
-3.1999999999999993 3.34858376491191
-3.0 3.3453858781318617
-2.8 3.34124627189759
-2.5999999999999996 3.3368591794770732
-2.3999999999999995 3.3334006172288393
-2.1999999999999993 3.3369950736641023
-2.0 3.353364960090598
-1.7999999999999998 3.389759716532498
-1.5999999999999996 3.449610453121133
-1.3999999999999995 3.545611445556385
-1.1999999999999993 3.684105618940257
-1.0 3.8649931601816836
-0.7999999999999998 4.088133326559962
-0.5999999999999996 4.363700040662779
-0.39999999999999947 4.70324215906704
-0.1999999999999993 5.129593150515498
0.0 5.6451136836554054
0.20000000000000107 6.269040672853829
0.40000000000000036 6.989950003789153
0.5999999999999996 7.832264052599357
0.8000000000000007 8.800297028294592
1.0 9.831173982200067
1.200000000000001 10.872929984621187
1.4000000000000004 11.930008842130082
1.6000000000000014 12.976265739351634
1.8000000000000007 14.022364891695094
2.0 15.095914713909908
2.200000000000001 16.19213176748214
2.4000000000000004 17.23996561030159
2.6000000000000014 18.181569563115264
2.8000000000000007 18.953327470133893
3.0 19.552499404601736
3.200000000000001 19.979735628233744
3.4000000000000004 20.27569538307374
3.6000000000000014 20.477418254519396
3.8000000000000007 20.611454748214012
4.0 20.699589057584248
Result sigma optimization:  -2.3999999999999995 3.3334006172288393
E_max_2 =  400
Cutoff Radius =  6.0
Selected Radial Transform =  18.0
factor =  0.5
displacement =  0.0
dataset =  datasets/qm9.xyz
n_train =  1500
n_test =  2000
Train RMSE: 0.40268920974019634 [Train MAE: 0.2795662998464266]
Test RMSE: 4.4430689988625405 [Test MAE: 2.9460596742375387]
FINISHED at Tue Jan 10 11:02:14 CET 2023
