STARTING AT Tue Jan 10 10:19:24 CET 2023
Random seed: 1000
8 20
Reading dataset
Shuffling and extracting from dataset (length: 105092)
Shuffling and extraction done
Calculating power spectrum
Expansion coefficients done
Computing training kernel
     Calculating kernels for center species 79
     Calculating kernels for center species 79
Beginning first index add...
Beginning second index add...
Training kernel done
Computing test kernel
     Calculating kernels for center species 79
     Calculating kernels for center species 79
Beginning first index add...
Beginning second index add...
Test kernel done
Calculating composition features
Composition features done
-8.0 134.01318179792818
-7.8 138.11600361637923
-7.6 142.50213040880942
-7.4 146.8498670355208
-7.2 150.88420472345874
-7.0 154.43449185230014
-6.8 157.42764934418057
-6.6 159.8466207018854
-6.4 161.71334519359962
-6.2 163.08989575583757
-6.0 164.07336636305087
-5.8 164.78322143356462
-5.6 165.35964521541584
-5.4 165.98848214745837
-5.199999999999999 166.962535515922
-5.0 168.78347561698908
-4.8 172.28922175107198
-4.6 178.72987720505063
-4.4 189.60398708439655
-4.199999999999999 206.0557794415249
-4.0 228.01834719642528
-3.8 253.81137054701847
-3.5999999999999996 280.6503106199011
-3.3999999999999995 305.69686309187637
-3.1999999999999993 326.97649849123655
-3.0 343.74277051503526
-2.8 356.2637915930681
-2.5999999999999996 365.32507613495767
-2.3999999999999995 371.78605333758094
-2.1999999999999993 376.35406998352846
-2.0 379.55287653866446
-1.7999999999999998 381.7769718837406
-1.5999999999999996 383.35183920434764
-1.3999999999999995 384.59060305974253
-1.1999999999999993 385.8817013255637
-1.0 387.8613763614637
-0.7999999999999998 391.7344811249446
-0.5999999999999996 399.75610929413403
-0.39999999999999947 415.6137932191829
-0.1999999999999993 443.8742869939438
0.0 487.58050509439414
0.20000000000000107 545.069706167059
0.40000000000000036 609.4026356293928
0.5999999999999996 671.6586792203631
0.8000000000000007 725.0602626446209
1.0 766.7622610309434
1.200000000000001 797.1501802209584
1.4000000000000004 818.2390268091254
1.6000000000000014 832.3960419644752
1.8000000000000007 841.6922194034504
2.0 847.7091714766171
2.200000000000001 851.567478635492
2.4000000000000004 854.0266382674164
2.6000000000000014 855.5876557131709
2.8000000000000007 856.5754631835068
3.0 857.1984828776941
3.200000000000001 857.5893397272781
3.4000000000000004 857.8318163840593
3.6000000000000014 857.9783824344607
3.8000000000000007 858.0615361878779
4.0 858.1012614298476
Result sigma optimization:  -8.0 134.01318179792818
E_max_2 =  700
Cutoff Radius =  6.0
Selected Radial Transform =  18.0
factor =  1.9
displacement =  0.0
dataset =  datasets/gold.xyz
n_train =  1500
n_test =  2000
Train RMSE: 131.21196371551366 [Train MAE: 108.00763773262186]
Test RMSE: 136.39645352599152 [Test MAE: 111.17008493820674]
FINISHED at Tue Jan 10 10:29:47 CET 2023
