STARTING AT Tue Jan 10 09:43:30 CET 2023
Random seed: 1000
8 20
Reading dataset
Shuffling and extracting from dataset (length: 10000)
Shuffling and extraction done
Calculating power spectrum
Expansion coefficients done
Computing training kernel
     Calculating kernels for center species 1
     Calculating kernels for center species 1
Beginning first index add...
Beginning second index add...
     Calculating kernels for center species 6
     Calculating kernels for center species 6
Beginning first index add...
Beginning second index add...
Training kernel done
Computing test kernel
     Calculating kernels for center species 1
     Calculating kernels for center species 1
Beginning first index add...
Beginning second index add...
     Calculating kernels for center species 6
     Calculating kernels for center species 6
Beginning first index add...
Beginning second index add...
Test kernel done
Calculating composition features
Composition features done
-8.0 34.665329802559775
-7.8 34.665893877263336
-7.6 34.666787047865675
-7.4 34.66820054085101
-7.2 34.67043555947014
-7.0 34.67396477434415
-6.8 34.679525680055185
-6.6 34.68825839449489
-6.4 34.70189980698128
-6.2 34.723034651051435
-6.0 34.75536689741958
-5.8 34.80388693400585
-5.6 34.87465202311983
-5.4 34.97372221157507
-5.199999999999999 35.1048502185545
-5.0 35.2662451668455
-4.8 35.44809388411538
-4.6 35.6330931891407
-4.4 35.80038119587924
-4.199999999999999 35.93058633475445
-4.0 36.00973402877999
-3.8 36.03180518109975
-3.5999999999999996 36.000331316006395
-3.3999999999999995 35.92800652263975
-3.1999999999999993 35.83265814312031
-3.0 35.729858966202485
-2.8 35.625099018197844
-2.5999999999999996 35.50947477187986
-2.3999999999999995 35.36189139601473
-2.1999999999999993 35.15808981073427
-2.0 34.882881386165614
-1.7999999999999998 34.53871186773351
-1.5999999999999996 34.144255483359515
-1.3999999999999995 33.721999445544256
-1.1999999999999993 33.28133367084922
-1.0 32.80923570830963
-0.7999999999999998 32.27774366927545
-0.5999999999999996 31.665212320945333
-0.39999999999999947 30.97838455870126
-0.1999999999999993 30.26378370330632
0.0 29.605699879481516
0.20000000000000107 29.115715555382597
0.40000000000000036 28.919126714442967
0.5999999999999996 29.13338368760065
0.8000000000000007 29.827644863969237
1.0 30.985288398188565
1.200000000000001 32.53216915186403
1.4000000000000004 34.44242864439494
1.6000000000000014 36.83191078306933
1.8000000000000007 39.93866877133959
2.0 43.96665916641408
2.200000000000001 48.87417396037208
2.4000000000000004 54.27898220733241
2.6000000000000014 59.59280562804387
2.8000000000000007 64.28418603035036
3.0 68.06214725151943
3.200000000000001 70.89039817791586
3.4000000000000004 72.89480373874444
3.6000000000000014 74.2603353232586
3.8000000000000007 75.16514914717366
4.0 75.75324282091465
Result sigma optimization:  0.40000000000000036 28.919126714442967
E_max_2 =  700
Cutoff Radius =  6.0
Selected Radial Transform =  18.0
factor =  0.5
displacement =  0.0
dataset =  datasets/random-ch4-10k.extxyz
n_train =  1500
n_test =  2000
Train RMSE: 18.29480389425882 [Train MAE: 13.534225439835389]
Test RMSE: 22.270318422253876 [Test MAE: 14.786469294678126]
FINISHED at Tue Jan 10 09:48:35 CET 2023
