STARTING AT Tue Jan 10 09:43:25 CET 2023
Random seed: 1000
7 16
Reading dataset
Shuffling and extracting from dataset (length: 10000)
Shuffling and extraction done
Calculating power spectrum
Expansion coefficients done
Computing training kernel
     Calculating kernels for center species 1
     Calculating kernels for center species 1
Beginning first index add...
Beginning second index add...
     Calculating kernels for center species 6
     Calculating kernels for center species 6
Beginning first index add...
Beginning second index add...
Training kernel done
Computing test kernel
     Calculating kernels for center species 1
     Calculating kernels for center species 1
Beginning first index add...
Beginning second index add...
     Calculating kernels for center species 6
     Calculating kernels for center species 6
Beginning first index add...
Beginning second index add...
Test kernel done
Calculating composition features
Composition features done
-8.0 17.634462757075397
-7.8 17.63381545002834
-7.6 17.632793296448096
-7.4 17.631182600068296
-7.2 17.628652680044134
-7.0 17.624698480140914
-6.8 17.61856363412936
-6.6 17.60914741511577
-6.4 17.59491226767333
-6.2 17.57383221436868
-6.0 17.54346285207958
-5.8 17.50128067770432
-5.6 17.445493644072585
-5.4 17.37636004907901
-5.199999999999999 17.29747389718503
-5.0 17.21606300881336
-4.8 17.142251225567907
-4.6 17.088783004089812
-4.4 17.072253383806533
-4.199999999999999 17.114175242307546
-4.0 17.23866199738107
-3.8 17.465794767037206
-3.5999999999999996 17.80340117847347
-3.3999999999999995 18.2404313066798
-3.1999999999999993 18.744706807425548
-3.0 19.26881347624836
-2.8 19.76318035479715
-2.5999999999999996 20.18745598201469
-2.3999999999999995 20.514059960142493
-2.1999999999999993 20.72816437642599
-2.0 20.83087984827918
-1.7999999999999998 20.844373873986502
-1.5999999999999996 20.81071616019189
-1.3999999999999995 20.781615774189127
-1.1999999999999993 20.80746583318907
-1.0 20.934039483159218
-0.7999999999999998 21.206699179695054
-0.5999999999999996 21.681455938009254
-0.39999999999999947 22.442401394760132
-0.1999999999999993 23.61101051699628
0.0 25.321428007008222
0.20000000000000107 27.6582906630515
0.40000000000000036 30.601010006852366
0.5999999999999996 34.02115961877806
0.8000000000000007 37.72262518963891
1.0 41.49552648277769
1.200000000000001 45.182395263437435
1.4000000000000004 48.740551591965335
1.6000000000000014 52.24987993411875
1.8000000000000007 55.831410059581174
2.0 59.513853819295676
2.200000000000001 63.15735529672205
2.4000000000000004 66.51271432449988
2.6000000000000014 69.35855269060323
2.8000000000000007 71.5944285948572
3.0 73.24353791858509
3.200000000000001 74.40313587771384
3.4000000000000004 75.19245181039491
3.6000000000000014 75.72033273438399
3.8000000000000007 76.07207164788828
4.0 76.30789194440457
Result sigma optimization:  -4.4 17.072253383806533
E_max_2 =  500
Cutoff Radius =  6.0
Selected Radial Transform =  18.0
factor =  0.4
displacement =  0.0
dataset =  datasets/random-ch4-10k.extxyz
n_train =  1500
n_test =  2000
Train RMSE: 1.362996517089516 [Train MAE: 1.0030054102911647]
Test RMSE: 19.36030285668903 [Test MAE: 7.953681277625818]
FINISHED at Tue Jan 10 09:44:43 CET 2023
