STARTING AT Tue Jan 10 11:04:38 CET 2023
Random seed: 1000
6 14
Reading dataset
Shuffling and extracting from dataset (length: 133885)
Shuffling and extraction done
Calculating power spectrum
Expansion coefficients done
Computing training kernel
     Calculating kernels for center species 1
     Calculating kernels for center species 1
Beginning first index add...
Beginning second index add...
     Calculating kernels for center species 6
     Calculating kernels for center species 6
Beginning first index add...
Beginning second index add...
     Calculating kernels for center species 7
     Calculating kernels for center species 7
Beginning first index add...
Beginning second index add...
     Calculating kernels for center species 8
     Calculating kernels for center species 8
Beginning first index add...
Beginning second index add...
     Calculating kernels for center species 9
     Calculating kernels for center species 9
Beginning first index add...
Beginning second index add...
Training kernel done
Computing test kernel
     Calculating kernels for center species 1
     Calculating kernels for center species 1
Beginning first index add...
Beginning second index add...
     Calculating kernels for center species 6
     Calculating kernels for center species 6
Beginning first index add...
Beginning second index add...
     Calculating kernels for center species 7
     Calculating kernels for center species 7
Beginning first index add...
Beginning second index add...
     Calculating kernels for center species 8
     Calculating kernels for center species 8
Beginning first index add...
Beginning second index add...
     Calculating kernels for center species 9
     Calculating kernels for center species 9
Beginning first index add...
Beginning second index add...
Test kernel done
Calculating composition features
Composition features done
-8.0 11.346909921057872
-7.8 11.346909892683632
-7.6 11.34690984647187
-7.4 11.34690977591502
-7.2 11.346909662532276
-7.0 11.346909485313596
-6.8 11.346909202805083
-6.6 11.346908753925998
-6.4 11.346908042132648
-6.2 11.346906919953382
-6.0 11.34690513603511
-5.8 11.34690230818345
-5.6 11.346897828092274
-5.4 11.346890726524453
-5.199999999999999 11.346879472959044
-5.0 11.34686163634787
-4.8 11.346833367944901
-4.6 11.346788563721372
-4.4 11.346717561324503
-4.199999999999999 11.346605033064751
-4.0 11.346426699881286
-3.8 11.346144097127103
-3.5999999999999996 11.345696285345596
-3.3999999999999995 11.344986766848685
-3.1999999999999993 11.343862793259522
-3.0 11.342083748378384
-2.8 11.339286499262727
-2.5999999999999996 11.334861473173548
-2.3999999999999995 11.32789298666564
-2.1999999999999993 11.31690847587178
-2.0 11.299626992629166
-1.7999999999999998 11.272563499049909
-1.5999999999999996 11.230845321883418
-1.3999999999999995 11.167286888625354
-1.1999999999999993 11.071475409930951
-1.0 10.93042550815867
-0.7999999999999998 10.732614000374028
-0.5999999999999996 10.464271903225486
-0.39999999999999947 10.124853650896954
-0.1999999999999993 9.721403721780698
0.0 9.294139979969753
0.20000000000000107 8.853011304974066
0.40000000000000036 8.43642133404892
0.5999999999999996 8.074052358491125
0.8000000000000007 7.762751185491845
1.0 7.5293018860037675
1.200000000000001 7.375827248584484
1.4000000000000004 7.291745019397953
1.6000000000000014 7.291549453077013
1.8000000000000007 7.345307235283552
2.0 7.4307022444308215
2.200000000000001 7.548984582462496
2.4000000000000004 7.720656757341365
2.6000000000000014 7.938167144675084
2.8000000000000007 8.236983045985134
3.0 8.6137083681595
3.200000000000001 9.060307273557223
3.4000000000000004 9.588727146443674
3.6000000000000014 10.175646462241243
3.8000000000000007 10.774585694408811
4.0 11.386970662355996
Result sigma optimization:  1.6000000000000014 7.291549453077013
E_max_2 =  400
Cutoff Radius =  6.0
Selected Radial Transform =  19.0
factor =  0.1
displacement =  0.0
dataset =  datasets/qm9.xyz
n_train =  1500
n_test =  2000
Train RMSE: 5.405060405627712 [Train MAE: 3.8402112334218317]
Test RMSE: 9.548640919134622 [Test MAE: 7.005057369274747]
FINISHED at Tue Jan 10 11:05:58 CET 2023
