STARTING AT Tue Jan 10 10:21:58 CET 2023
Random seed: 1000
7 18
Reading dataset
Shuffling and extracting from dataset (length: 105092)
Shuffling and extraction done
Calculating power spectrum
Expansion coefficients done
Computing training kernel
     Calculating kernels for center species 79
     Calculating kernels for center species 79
Beginning first index add...
Beginning second index add...
Training kernel done
Computing test kernel
     Calculating kernels for center species 79
     Calculating kernels for center species 79
Beginning first index add...
Beginning second index add...
Test kernel done
Calculating composition features
Composition features done
-8.0 122.66644696691128
-7.8 123.17293821652764
-7.6 124.06348335928956
-7.4 125.59032803534136
-7.2 128.02137029511192
-7.0 131.5468342354505
-6.8 136.1734670720991
-6.6 141.67632343959755
-6.4 147.64907647236606
-6.2 153.62314582891594
-6.0 159.18313271334222
-5.8 164.03123525509736
-5.6 168.01383489544085
-5.4 171.12848494756003
-5.199999999999999 173.49992995302784
-5.0 175.33327151839805
-4.8 176.8894965118744
-4.6 178.5273226770767
-4.4 180.8212754104976
-4.199999999999999 184.7167339388044
-4.0 191.59686886412595
-3.8 203.0192631461674
-3.5999999999999996 219.94889827329249
-3.3999999999999995 241.8492530244921
-3.1999999999999993 266.5093981731885
-3.0 290.9692003134928
-2.8 312.8054557750765
-2.5999999999999996 330.83227411034926
-2.3999999999999995 345.00315790779473
-2.1999999999999993 355.9051841081425
-2.0 364.2618703285561
-1.7999999999999998 370.65316481455125
-1.5999999999999996 375.47913971780224
-1.3999999999999995 379.05583433139094
-1.1999999999999993 381.71077847751974
-1.0 383.84828959251377
-0.7999999999999998 386.0484958028287
-0.5999999999999996 389.2891529998476
-0.39999999999999947 395.35042254494766
-0.1999999999999993 407.30325052570277
0.0 429.5209537312681
0.20000000000000107 466.16151183442867
0.40000000000000036 518.0087990919338
0.5999999999999996 580.3140372291298
0.8000000000000007 644.5073464834769
1.0 702.4545035385122
1.200000000000001 749.5096386512876
1.4000000000000004 784.7860603783857
1.6000000000000014 809.7566767910073
1.8000000000000007 826.7447835139859
2.0 837.998442079882
2.200000000000001 845.3236936371193
2.4000000000000004 850.0374494720804
2.6000000000000014 853.0476523259815
2.8000000000000007 854.959379205983
3.0 856.167354623779
3.200000000000001 856.9254766353587
3.4000000000000004 857.3954569736676
3.6000000000000014 857.6796673864038
3.8000000000000007 857.8430572586991
4.0 857.9277586435985
Result sigma optimization:  -8.0 122.66644696691128
E_max_2 =  600
Cutoff Radius =  6.0
Selected Radial Transform =  19.0
factor =  1.7
displacement =  0.0
dataset =  datasets/gold.xyz
n_train =  1500
n_test =  2000
Train RMSE: 119.85827945563938 [Train MAE: 95.71930833652324]
Test RMSE: 125.147973147961 [Test MAE: 99.1470516636319]
FINISHED at Tue Jan 10 10:22:44 CET 2023
