STARTING AT Tue Jan 10 10:21:53 CET 2023
Random seed: 1000
7 16
Reading dataset
Shuffling and extracting from dataset (length: 105092)
Shuffling and extraction done
Calculating power spectrum
Expansion coefficients done
Computing training kernel
     Calculating kernels for center species 79
     Calculating kernels for center species 79
Beginning first index add...
Beginning second index add...
Training kernel done
Computing test kernel
     Calculating kernels for center species 79
     Calculating kernels for center species 79
Beginning first index add...
Beginning second index add...
Test kernel done
Calculating composition features
Composition features done
-8.0 122.9970981708235
-7.8 123.4081796442151
-7.6 124.07142822169159
-7.4 125.24403526045322
-7.2 127.25201763054424
-7.0 130.44202298190623
-6.8 135.08551806200825
-6.6 141.23770365430306
-6.4 148.59367653748566
-6.2 156.46465454886422
-6.0 163.9862433807211
-5.8 170.45837374180752
-5.6 175.5595460842219
-5.4 179.32602200693492
-5.199999999999999 182.00631810880384
-5.0 183.93619743822975
-4.8 185.49776686238243
-4.6 187.1631741974222
-4.4 189.59918484034253
-4.199999999999999 193.78071270360246
-4.0 200.9951015831313
-3.8 212.5442131147953
-3.5999999999999996 229.04981731820934
-3.3999999999999995 249.7391956719754
-3.1999999999999993 272.47931885097756
-3.0 294.7489735683339
-2.8 314.71678299265574
-2.5999999999999996 331.61380469539625
-2.3999999999999995 345.45902137003895
-2.1999999999999993 356.6225641465281
-2.0 365.5138820868066
-1.7999999999999998 372.4626591964081
-1.5999999999999996 377.7589798768519
-1.3999999999999995 381.7459810029447
-1.1999999999999993 384.89402160699916
-1.0 387.8984485308262
-0.7999999999999998 391.90260217812335
-0.5999999999999996 398.91010356054045
-0.39999999999999947 412.24408569682436
-0.1999999999999993 436.40158294658846
0.0 475.2575483826436
0.20000000000000107 528.8475183858496
0.40000000000000036 591.6832849759141
0.5999999999999996 655.032958889083
0.8000000000000007 711.2062250927746
1.0 756.1948373303734
1.200000000000001 789.5818678395462
1.4000000000000004 813.0474736476576
1.6000000000000014 828.9346666726258
1.8000000000000007 839.4251881880767
2.0 846.2390806638973
2.200000000000001 850.6172514705299
2.4000000000000004 853.4097517119592
2.6000000000000014 855.1807577889705
2.8000000000000007 856.2972858703856
3.0 856.9949682073159
3.200000000000001 857.4238448554147
3.4000000000000004 857.6793232936263
3.6000000000000014 857.8228453617003
3.8000000000000007 857.8953200323878
4.0 857.9250741745868
Result sigma optimization:  -8.0 122.9970981708235
E_max_2 =  500
Cutoff Radius =  6.0
Selected Radial Transform =  19.0
factor =  1.6
displacement =  0.0
dataset =  datasets/gold.xyz
n_train =  1500
n_test =  2000
Train RMSE: 120.39269808023953 [Train MAE: 96.53618828457435]
Test RMSE: 125.04164225529915 [Test MAE: 99.70253502796557]
FINISHED at Tue Jan 10 10:22:51 CET 2023
