STARTING AT Tue Jan 10 09:45:25 CET 2023
Random seed: 1000
7 18
Reading dataset
Shuffling and extracting from dataset (length: 10000)
Shuffling and extraction done
Calculating power spectrum
Expansion coefficients done
Computing training kernel
     Calculating kernels for center species 1
     Calculating kernels for center species 1
Beginning first index add...
Beginning second index add...
     Calculating kernels for center species 6
     Calculating kernels for center species 6
Beginning first index add...
Beginning second index add...
Training kernel done
Computing test kernel
     Calculating kernels for center species 1
     Calculating kernels for center species 1
Beginning first index add...
Beginning second index add...
     Calculating kernels for center species 6
     Calculating kernels for center species 6
Beginning first index add...
Beginning second index add...
Test kernel done
Calculating composition features
Composition features done
-8.0 55.8695925505513
-7.8 52.53991959962526
-7.6 49.57525410150611
-7.4 46.93400516396946
-7.2 44.59967718886462
-7.0 42.55981160480794
-6.8 40.787311467904
-6.6 39.25368849694892
-6.4 37.940303526947126
-6.2 36.84372242038378
-6.0 35.96530753595288
-5.8 35.301463262359135
-5.6 34.841281218638294
-5.4 34.56870396050858
-5.199999999999999 34.463562258933685
-5.0 34.50216495059098
-4.8 34.65970869577404
-4.6 34.9143870698606
-4.4 35.25161233730105
-4.199999999999999 35.66814622623831
-4.0 36.17421320142592
-3.8 36.78760153448478
-3.5999999999999996 37.516538331375784
-3.3999999999999995 38.34125008857903
-3.1999999999999993 39.21174494553991
-3.0 40.06851255967725
-2.8 40.87338043915833
-2.5999999999999996 41.62872631260866
-2.3999999999999995 42.37162722692028
-2.1999999999999993 43.14755148732211
-2.0 43.982296545057444
-1.7999999999999998 44.8707597063916
-1.5999999999999996 45.78764291247209
-1.3999999999999995 46.709821143144744
-1.1999999999999993 47.63435381592837
-1.0 48.58192107809955
-0.7999999999999998 49.58541529848437
-0.5999999999999996 50.670177359265544
-0.39999999999999947 51.8366346012704
-0.1999999999999993 53.05943358866061
0.0 54.30868157369099
0.20000000000000107 55.57431112847751
0.40000000000000036 56.86550364527879
0.5999999999999996 58.185904858569586
0.8000000000000007 59.5127703018227
1.0 60.798683924118286
1.200000000000001 61.99185804724529
1.4000000000000004 63.060048704372356
1.6000000000000014 64.00196836258752
1.8000000000000007 64.83955233489664
2.0 65.60018841119435
2.200000000000001 66.30522009159537
2.4000000000000004 66.97335395292109
2.6000000000000014 67.6325620202889
2.8000000000000007 68.32549101668286
3.0 69.09811814738693
3.200000000000001 69.97564394975575
3.4000000000000004 70.94234966367644
3.6000000000000014 71.94065894430668
3.8000000000000007 72.89150658578312
4.0 73.72445061235209
Result sigma optimization:  -5.199999999999999 34.463562258933685
E_max_2 =  600
Cutoff Radius =  6.0
Selected Radial Transform =  19.0
factor =  0.1
displacement =  0.0
dataset =  datasets/random-ch4-10k.extxyz
n_train =  1500
n_test =  2000
Train RMSE: 15.482220718116725 [Train MAE: 10.035696080061223]
Test RMSE: 36.285344266787355 [Test MAE: 21.207338209252683]
FINISHED at Tue Jan 10 09:46:04 CET 2023
