STARTING AT Tue Jan 10 09:46:18 CET 2023
Random seed: 1000
5 11
Reading dataset
Shuffling and extracting from dataset (length: 10000)
Shuffling and extraction done
Calculating power spectrum
Expansion coefficients done
Computing training kernel
     Calculating kernels for center species 1
     Calculating kernels for center species 1
Beginning first index add...
Beginning second index add...
     Calculating kernels for center species 6
     Calculating kernels for center species 6
Beginning first index add...
Beginning second index add...
Training kernel done
Computing test kernel
     Calculating kernels for center species 1
     Calculating kernels for center species 1
Beginning first index add...
Beginning second index add...
     Calculating kernels for center species 6
     Calculating kernels for center species 6
Beginning first index add...
Beginning second index add...
Test kernel done
Calculating composition features
Composition features done
-8.0 19.05161901589119
-7.8 16.879774863058326
-7.6 15.140455102545095
-7.4 13.801028604236874
-7.2 12.784494275602071
-7.0 11.997395467062612
-6.8 11.363783103992303
-6.6 10.842625942623474
-6.4 10.420959349550726
-6.2 10.097400115734795
-6.0 9.871531122323885
-5.8 9.739877370751467
-5.6 9.694175858867812
-5.4 9.722053084404491
-5.199999999999999 9.810467121726113
-5.0 9.94878911260925
-4.8 10.129393268932906
-4.6 10.347748208530819
-4.4 10.60461618302263
-4.199999999999999 10.909873550992764
-4.0 11.285033319506914
-3.8 11.762291434256431
-3.5999999999999996 12.381189095229422
-3.3999999999999995 13.185419498528143
-3.1999999999999993 14.21813558460608
-3.0 15.510297617382143
-2.8 17.060546243104433
-2.5999999999999996 18.81618954783873
-2.3999999999999995 20.67702617834942
-2.1999999999999993 22.53802073253484
-2.0 24.357157772302244
-1.7999999999999998 26.215274920590023
-1.5999999999999996 28.3420626078857
-1.3999999999999995 31.082857917331836
-1.1999999999999993 34.77343986206119
-1.0 39.544822948158256
-0.7999999999999998 45.18777861161374
-0.5999999999999996 51.20019542985444
-0.39999999999999947 56.988562706071896
-0.1999999999999993 62.08392695619867
0.0 66.25019242696797
0.20000000000000107 69.46301543269654
0.40000000000000036 71.82693361158577
0.5999999999999996 73.49999414422783
0.8000000000000007 74.64658370835997
1.0 75.41224983080693
1.200000000000001 75.91324328586175
1.4000000000000004 76.2358366624319
1.6000000000000014 76.44086212665911
1.8000000000000007 76.56978698344425
2.0 76.65022672053944
2.200000000000001 76.7002019513806
2.4000000000000004 76.7312284834253
2.6000000000000014 76.75052634011365
2.8000000000000007 76.76256496573578
3.0 76.77009781345254
3.200000000000001 76.77482324104838
3.4000000000000004 76.77779318640222
3.6000000000000014 76.77966230252572
3.8000000000000007 76.78083968128328
4.0 76.78158176746363
Result sigma optimization:  -5.6 9.694175858867812
E_max_2 =  300
Cutoff Radius =  6.0
Selected Radial Transform =  19.0
factor =  1.1
displacement =  0.0
dataset =  datasets/random-ch4-10k.extxyz
n_train =  1500
n_test =  2000
Train RMSE: 5.2032069361427835 [Train MAE: 4.078683785616246]
Test RMSE: 10.619250456951448 [Test MAE: 5.8747296775627245]
FINISHED at Tue Jan 10 09:47:10 CET 2023
