STARTING AT Tue Jan 10 11:09:23 CET 2023
Random seed: 1000
7 18
Reading dataset
Shuffling and extracting from dataset (length: 133885)
Shuffling and extraction done
Calculating power spectrum
Expansion coefficients done
Computing training kernel
     Calculating kernels for center species 1
     Calculating kernels for center species 1
Beginning first index add...
Beginning second index add...
     Calculating kernels for center species 6
     Calculating kernels for center species 6
Beginning first index add...
Beginning second index add...
     Calculating kernels for center species 7
     Calculating kernels for center species 7
Beginning first index add...
Beginning second index add...
     Calculating kernels for center species 8
     Calculating kernels for center species 8
Beginning first index add...
Beginning second index add...
     Calculating kernels for center species 9
     Calculating kernels for center species 9
Beginning first index add...
Beginning second index add...
Training kernel done
Computing test kernel
     Calculating kernels for center species 1
     Calculating kernels for center species 1
Beginning first index add...
Beginning second index add...
     Calculating kernels for center species 6
     Calculating kernels for center species 6
Beginning first index add...
Beginning second index add...
     Calculating kernels for center species 7
     Calculating kernels for center species 7
Beginning first index add...
Beginning second index add...
     Calculating kernels for center species 8
     Calculating kernels for center species 8
Beginning first index add...
Beginning second index add...
     Calculating kernels for center species 9
     Calculating kernels for center species 9
Beginning first index add...
Beginning second index add...
Test kernel done
Calculating composition features
Composition features done
-8.0 3.5436950481756164
-7.8 3.7693408420348424
-7.6 4.052738506509592
-7.4 4.398684364111609
-7.2 4.784336195606874
-7.0 5.190375400253242
-6.8 5.601048398556789
-6.6 5.999067520952221
-6.4 6.386768765092226
-6.2 6.767652352133242
-6.0 7.158800836177135
-5.8 7.582887132262016
-5.6 8.0297980513524
-5.4 8.479765074543325
-5.199999999999999 8.918429104735823
-5.0 9.334192608152845
-4.8 9.744512267546902
-4.6 10.179367388996665
-4.4 10.675465824504558
-4.199999999999999 11.256998088915967
-4.0 11.922301331044931
-3.8 12.66700461284178
-3.5999999999999996 13.45919083561401
-3.3999999999999995 14.260105198094873
-3.1999999999999993 15.027613336071857
-3.0 15.71917736394651
-2.8 16.328811404894513
-2.5999999999999996 16.8785198091351
-2.3999999999999995 17.391637251436855
-2.1999999999999993 17.85921789585052
-2.0 18.271265430257014
-1.7999999999999998 18.633197879877915
-1.5999999999999996 18.94051895858261
-1.3999999999999995 19.20419351058819
-1.1999999999999993 19.43039139214194
-1.0 19.63842425410203
-0.7999999999999998 19.845093225144215
-0.5999999999999996 20.051387564299482
-0.39999999999999947 20.251173199835137
-0.1999999999999993 20.42958686027567
0.0 20.578959556661676
0.20000000000000107 20.69177307347701
0.40000000000000036 20.77154038883586
0.5999999999999996 20.824865652303433
0.8000000000000007 20.859399649613117
1.0 20.88108253578117
1.200000000000001 20.893915028315742
1.4000000000000004 20.90080391244602
1.6000000000000014 20.903645477302415
1.8000000000000007 20.903604130362375
2.0 20.90144986016128
2.200000000000001 20.89783110755322
2.4000000000000004 20.893461779240685
2.6000000000000014 20.889161840295785
2.8000000000000007 20.885381914781064
3.0 20.88219970734404
3.200000000000001 20.87964972588328
3.4000000000000004 20.877712452393784
3.6000000000000014 20.876120424087357
3.8000000000000007 20.87465653881572
4.0 20.873203402801675
Result sigma optimization:  -8.0 3.5436950481756164
E_max_2 =  600
Cutoff Radius =  6.0
Selected Radial Transform =  19.0
factor =  4.0
displacement =  0.0
dataset =  datasets/qm9.xyz
n_train =  1500
n_test =  2000
Train RMSE: 4.530760787971814 [Train MAE: 3.1702450487008]
Test RMSE: 5.226777943034926 [Test MAE: 3.5317745596800747]
FINISHED at Tue Jan 10 11:11:14 CET 2023
