STARTING AT Tue Jan 10 10:22:00 CET 2023
Random seed: 1000
7 18
Reading dataset
Shuffling and extracting from dataset (length: 105092)
Shuffling and extraction done
Calculating power spectrum
Expansion coefficients done
Computing training kernel
     Calculating kernels for center species 79
     Calculating kernels for center species 79
Beginning first index add...
Beginning second index add...
Training kernel done
Computing test kernel
     Calculating kernels for center species 79
     Calculating kernels for center species 79
Beginning first index add...
Beginning second index add...
Test kernel done
Calculating composition features
Composition features done
-8.0 126.69861726570556
-7.8 129.46333763148402
-7.6 133.22649786357945
-7.4 137.8547707937051
-7.2 143.0208462077866
-7.0 148.2954451022927
-6.8 153.2792404123816
-6.6 157.69699783921365
-6.4 161.40977607787153
-6.2 164.3848263163839
-6.0 166.6730938103305
-5.8 168.39227040090483
-5.6 169.70275682310054
-5.4 170.7933864293832
-5.199999999999999 171.90882620395018
-5.0 173.43998882491405
-4.8 176.0721182251344
-4.6 180.93131058235906
-4.4 189.5596847182975
-4.199999999999999 203.4583215050042
-4.0 223.17035317492224
-3.8 247.51343622837706
-3.5999999999999996 273.77840937854603
-3.3999999999999995 298.8770206571482
-3.1999999999999993 320.5527046228699
-3.0 337.89169887873294
-2.8 351.0913537972788
-2.5999999999999996 360.90248176744996
-2.3999999999999995 368.1424994692077
-2.1999999999999993 373.4578371902041
-2.0 377.3110191081893
-1.7999999999999998 380.059476276409
-1.5999999999999996 382.0221961177475
-1.3999999999999995 383.52460736943505
-1.1999999999999993 384.96840086519785
-1.0 386.986896700905
-0.7999999999999998 390.75010015627305
-0.5999999999999996 398.43814861921055
-0.39999999999999947 413.6510657765033
-0.1999999999999993 440.9587446960269
0.0 483.62737388710036
0.20000000000000107 540.3909837415489
0.40000000000000036 604.6037568618292
0.5999999999999996 667.3303132922093
0.8000000000000007 721.5447872192082
1.0 764.1257377146899
1.200000000000001 795.2830659800512
1.4000000000000004 816.9680101661493
1.6000000000000014 831.5532044396887
1.8000000000000007 841.1425340452146
2.0 847.354054460665
2.200000000000001 851.338781287522
2.4000000000000004 853.8786670441879
2.6000000000000014 855.4901782241839
2.8000000000000007 856.5084042952838
3.0 857.1481670879547
3.200000000000001 857.5459443997826
3.4000000000000004 857.7877766427035
3.6000000000000014 857.9276556023233
3.8000000000000007 857.9997598200433
4.0 858.0267225934776
Result sigma optimization:  -8.0 126.69861726570556
E_max_2 =  600
Cutoff Radius =  6.0
Selected Radial Transform =  19.0
factor =  1.8
displacement =  0.0
dataset =  datasets/gold.xyz
n_train =  1500
n_test =  2000
Train RMSE: 124.1208871068148 [Train MAE: 100.90045292886275]
Test RMSE: 128.8970914289582 [Test MAE: 103.99695512368034]
FINISHED at Tue Jan 10 10:24:06 CET 2023
