STARTING AT Tue Jan 10 10:21:59 CET 2023
Random seed: 1000
6 14
Reading dataset
Shuffling and extracting from dataset (length: 105092)
Shuffling and extraction done
Calculating power spectrum
Expansion coefficients done
Computing training kernel
     Calculating kernels for center species 79
     Calculating kernels for center species 79
Beginning first index add...
Beginning second index add...
Training kernel done
Computing test kernel
     Calculating kernels for center species 79
     Calculating kernels for center species 79
Beginning first index add...
Beginning second index add...
Test kernel done
Calculating composition features
Composition features done
-8.0 152.7224677930703
-7.8 158.09424175137258
-7.6 162.4978071831309
-7.4 165.85035814227447
-7.2 168.26632955311823
-7.0 169.9517475880775
-6.8 171.1314099442902
-6.6 172.0272872455186
-6.4 172.88864994244582
-6.2 174.07672532025532
-6.0 176.20419966377557
-5.8 180.28928164789912
-5.6 187.77363357050032
-5.4 200.15054509301498
-5.199999999999999 218.13975460849562
-5.0 240.91317025574747
-4.8 266.1243461306897
-4.6 290.8656342448344
-4.4 312.85402110455755
-4.199999999999999 331.0381551065348
-4.0 345.43014395722054
-3.8 356.5612422894297
-3.5999999999999996 365.03166497857546
-3.3999999999999995 371.3408516989022
-3.1999999999999993 375.9076084721965
-3.0 379.1179151210773
-2.8 381.33417456022806
-2.5999999999999996 382.89073835376723
-2.3999999999999995 384.1165214582732
-2.1999999999999993 385.41612830650615
-2.0 387.4488867468621
-1.7999999999999998 391.46075493260525
-1.5999999999999996 399.7728168596343
-1.3999999999999995 416.14361885015614
-1.1999999999999993 445.14093323556574
-1.0 489.6485991426925
-0.7999999999999998 547.7252295649882
-0.5999999999999996 612.2303059097248
-0.39999999999999947 674.2544459667314
-0.1999999999999993 727.186250867848
0.0 768.3629838840495
0.20000000000000107 798.2856619566312
0.40000000000000036 819.012196074147
0.5999999999999996 832.9081757690626
0.8000000000000007 842.0251053900333
1.0 847.9224862083288
1.200000000000001 851.7022302778718
1.4000000000000004 854.1098774914364
1.6000000000000014 855.6365783268767
1.8000000000000007 856.6004471047124
2.0 857.2051557559037
2.200000000000001 857.5799521298338
2.4000000000000004 857.8062615157156
2.6000000000000014 857.9352513144714
2.8000000000000007 857.9995663244158
3.0 858.0212186960362
3.200000000000001 858.01648055847
3.4000000000000004 857.9980651687804
3.6000000000000014 857.975345542817
3.8000000000000007 857.9540923110906
4.0 857.9368726780714
Result sigma optimization:  -8.0 152.7224677930703
E_max_2 =  400
Cutoff Radius =  6.0
Selected Radial Transform =  19.0
factor =  1.8
displacement =  0.0
dataset =  datasets/gold.xyz
n_train =  1500
n_test =  2000
Train RMSE: 150.13474283769602 [Train MAE: 122.77753504616034]
Test RMSE: 156.6463886889198 [Test MAE: 128.21974037005376]
FINISHED at Tue Jan 10 10:27:40 CET 2023
