STARTING AT Tue Jan 10 10:23:26 CET 2023
Random seed: 1000
5 11
Reading dataset
Shuffling and extracting from dataset (length: 105092)
Shuffling and extraction done
Calculating power spectrum
Expansion coefficients done
Computing training kernel
     Calculating kernels for center species 79
     Calculating kernels for center species 79
Beginning first index add...
Beginning second index add...
Training kernel done
Computing test kernel
     Calculating kernels for center species 79
     Calculating kernels for center species 79
Beginning first index add...
Beginning second index add...
Test kernel done
Calculating composition features
Composition features done
-8.0 102.65632950123485
-7.8 100.30514667768004
-7.6 97.98972303609366
-7.4 95.73291456924657
-7.2 93.60969238134766
-7.0 91.69075638264782
-6.8 90.00892517282082
-6.6 88.55534650100704
-6.4 87.2890213107656
-6.2 86.14507815180599
-6.0 85.04837183049207
-5.8 83.94014929809875
-5.6 82.80232436304026
-5.4 81.65987583612035
-5.199999999999999 80.568786954676
-5.0 79.61343331256592
-4.8 78.91183015519736
-4.6 78.59691468878434
-4.4 78.7698184165598
-4.199999999999999 79.47159199654516
-4.0 80.70193682300064
-3.8 82.44921025824493
-3.5999999999999996 84.6898229703056
-3.3999999999999995 87.37334635971438
-3.1999999999999993 90.44031917679585
-3.0 93.87963175478443
-2.8 97.7729228596635
-2.5999999999999996 102.27675610095515
-2.3999999999999995 107.5652791995061
-2.1999999999999993 113.79824265490504
-2.0 121.12018521648571
-1.7999999999999998 129.62058862239294
-1.5999999999999996 139.24220961739366
-1.3999999999999995 149.7489162769713
-1.1999999999999993 160.81283539927588
-1.0 172.11957981116169
-0.7999999999999998 183.41916051044026
-0.5999999999999996 194.5992873844579
-0.39999999999999947 205.84200797311516
-0.1999999999999993 217.76888769255066
0.0 231.39032308895236
0.20000000000000107 247.7459867866609
0.40000000000000036 267.42782755220196
0.5999999999999996 290.53129446779155
0.8000000000000007 317.2366687553649
1.0 348.21761589419077
1.200000000000001 383.9454232210892
1.4000000000000004 423.37150117909493
1.6000000000000014 463.6975419967445
1.8000000000000007 501.91216703202673
2.0 536.6976227642269
2.200000000000001 569.0603415057527
2.4000000000000004 601.3006143223572
2.6000000000000014 635.0105323963729
2.8000000000000007 669.5579757022074
3.0 702.4258132217691
3.200000000000001 731.0147643666072
3.4000000000000004 754.1283651649957
3.6000000000000014 772.197544106891
3.8000000000000007 786.6535324940758
4.0 799.0914996112452
Result sigma optimization:  -4.6 78.59691468878434
E_max_2 =  300
Cutoff Radius =  6.0
Selected Radial Transform =  20.0
factor =  0.3
displacement =  0.0
dataset =  datasets/gold.xyz
n_train =  1500
n_test =  2000
Train RMSE: 49.77736529333956 [Train MAE: 34.51349126702766]
Test RMSE: 82.56470042150767 [Test MAE: 49.856936745226186]
FINISHED at Tue Jan 10 10:27:35 CET 2023
