STARTING AT Tue Jan 10 11:11:18 CET 2023
Random seed: 1000
8 20
Reading dataset
Shuffling and extracting from dataset (length: 133885)
Shuffling and extraction done
Calculating power spectrum
Expansion coefficients done
Computing training kernel
     Calculating kernels for center species 1
     Calculating kernels for center species 1
Beginning first index add...
Beginning second index add...
     Calculating kernels for center species 6
     Calculating kernels for center species 6
Beginning first index add...
Beginning second index add...
     Calculating kernels for center species 7
     Calculating kernels for center species 7
Beginning first index add...
Beginning second index add...
     Calculating kernels for center species 8
     Calculating kernels for center species 8
Beginning first index add...
Beginning second index add...
     Calculating kernels for center species 9
     Calculating kernels for center species 9
Beginning first index add...
Beginning second index add...
Training kernel done
Computing test kernel
     Calculating kernels for center species 1
     Calculating kernels for center species 1
Beginning first index add...
Beginning second index add...
     Calculating kernels for center species 6
     Calculating kernels for center species 6
Beginning first index add...
Beginning second index add...
     Calculating kernels for center species 7
     Calculating kernels for center species 7
Beginning first index add...
Beginning second index add...
     Calculating kernels for center species 8
     Calculating kernels for center species 8
Beginning first index add...
Beginning second index add...
     Calculating kernels for center species 9
     Calculating kernels for center species 9
Beginning first index add...
Beginning second index add...
Test kernel done
Calculating composition features
Composition features done
-8.0 1.9895940493110393
-7.8 1.989590661240766
-7.6 1.9895852914842205
-7.4 1.9895767814751015
-7.2 1.989563293822066
-7.0 1.9895419184043712
-6.8 1.989508043418784
-6.6 1.98945476285001
-6.4 1.9893713905079202
-6.2 1.9892392817512106
-6.0 1.9890299890034804
-5.8 1.988704335894203
-5.6 1.9882048509332526
-5.4 1.9874665355764738
-5.199999999999999 1.986382801336246
-5.0 1.9848816803161657
-4.8 1.9831234816920964
-4.6 1.9816312218806706
-4.4 1.9808080764146774
-4.199999999999999 1.9822532625302167
-4.0 1.9883625461910464
-3.8 2.002565258566465
-3.5999999999999996 2.022127345310398
-3.3999999999999995 2.055584925242632
-3.1999999999999993 2.1037220691791103
-3.0 2.1716587988373988
-2.8 2.261702280910887
-2.5999999999999996 2.378840000577863
-2.3999999999999995 2.5221098835933637
-2.1999999999999993 2.693659967400442
-2.0 2.8971245935929524
-1.7999999999999998 3.120278418460349
-1.5999999999999996 3.3698246320014817
-1.3999999999999995 3.6349790820891186
-1.1999999999999993 3.929723524440116
-1.0 4.243416494210527
-0.7999999999999998 4.607296794169884
-0.5999999999999996 5.053346803847052
-0.39999999999999947 5.605792970170187
-0.1999999999999993 6.283619288663636
0.0 7.094035803112029
0.20000000000000107 8.05083085684751
0.40000000000000036 9.113152754771953
0.5999999999999996 10.265415446959857
0.8000000000000007 11.48826682369835
1.0 12.749492446304421
1.200000000000001 14.011592637760783
1.4000000000000004 15.228887022000805
1.6000000000000014 16.351625036292177
1.8000000000000007 17.32048055677694
2.0 18.15090818182082
2.200000000000001 18.843616777180827
2.4000000000000004 19.399988653327146
2.6000000000000014 19.83002768106067
2.8000000000000007 20.149500335349266
3.0 20.379769480555073
3.200000000000001 20.540525647412235
3.4000000000000004 20.651748978863964
3.6000000000000014 20.72740787121515
3.8000000000000007 20.77833545567538
4.0 20.81174397617537
Result sigma optimization:  -4.4 1.9808080764146774
E_max_2 =  700
Cutoff Radius =  6.0
Selected Radial Transform =  20.0
factor =  1.3
displacement =  0.0
dataset =  datasets/qm9.xyz
n_train =  1500
n_test =  2000
Train RMSE: 0.15380086482247288 [Train MAE: 0.1163947611977608]
Test RMSE: 2.861871607203753 [Test MAE: 1.8515081641087598]
FINISHED at Tue Jan 10 11:13:04 CET 2023
