STARTING AT Tue Jan 10 11:11:09 CET 2023
Random seed: 1000
5 11
Reading dataset
Shuffling and extracting from dataset (length: 133885)
Shuffling and extraction done
Calculating power spectrum
Expansion coefficients done
Computing training kernel
     Calculating kernels for center species 1
     Calculating kernels for center species 1
Beginning first index add...
Beginning second index add...
     Calculating kernels for center species 6
     Calculating kernels for center species 6
Beginning first index add...
Beginning second index add...
     Calculating kernels for center species 7
     Calculating kernels for center species 7
Beginning first index add...
Beginning second index add...
     Calculating kernels for center species 8
     Calculating kernels for center species 8
Beginning first index add...
Beginning second index add...
     Calculating kernels for center species 9
     Calculating kernels for center species 9
Beginning first index add...
Beginning second index add...
Training kernel done
Computing test kernel
     Calculating kernels for center species 1
     Calculating kernels for center species 1
Beginning first index add...
Beginning second index add...
     Calculating kernels for center species 6
     Calculating kernels for center species 6
Beginning first index add...
Beginning second index add...
     Calculating kernels for center species 7
     Calculating kernels for center species 7
Beginning first index add...
Beginning second index add...
     Calculating kernels for center species 8
     Calculating kernels for center species 8
Beginning first index add...
Beginning second index add...
     Calculating kernels for center species 9
     Calculating kernels for center species 9
Beginning first index add...
Beginning second index add...
Test kernel done
Calculating composition features
Composition features done
-8.0 2.186497974418744
-7.8 2.1844302164204614
-7.6 2.1813163307156063
-7.4 2.1769651448566583
-7.2 2.1713059541322095
-7.0 2.1641750286574437
-6.8 2.155219195509601
-6.6 2.145148107724846
-6.4 2.135331459716952
-6.2 2.1272768865396503
-6.0 2.123547903431987
-5.8 2.1275013203181636
-5.6 2.1381917057544344
-5.4 2.162050446225534
-5.199999999999999 2.199904974437639
-5.0 2.255074441236798
-4.8 2.326926424408763
-4.6 2.42361988185659
-4.4 2.549378120621841
-4.199999999999999 2.707834484152398
-4.0 2.9048264940978292
-3.8 3.143059451630269
-3.5999999999999996 3.425667607759915
-3.3999999999999995 3.7374401904065726
-3.1999999999999993 4.071126986592091
-3.0 4.413519141936887
-2.8 4.759900603780542
-2.5999999999999996 5.120801659878639
-2.3999999999999995 5.520119410334604
-2.1999999999999993 6.010151619528328
-2.0 6.654319182422794
-1.7999999999999998 7.463097673309971
-1.5999999999999996 8.463587789643409
-1.3999999999999995 9.602513339298667
-1.1999999999999993 10.862246796278814
-1.0 12.188954925275812
-0.7999999999999998 13.538227336868799
-0.5999999999999996 14.818061937439865
-0.39999999999999947 15.974565293402465
-0.1999999999999993 16.97267628440281
0.0 17.819245126685782
0.20000000000000107 18.542917528260237
0.40000000000000036 19.128185924422738
0.5999999999999996 19.584858925393366
0.8000000000000007 19.937445214577988
1.0 20.20361973430272
1.200000000000001 20.402645614378546
1.4000000000000004 20.547625447751876
1.6000000000000014 20.651768368676645
1.8000000000000007 20.724837598164974
2.0 20.77517255735594
2.200000000000001 20.808695436945403
2.4000000000000004 20.830482943508688
2.6000000000000014 20.844268383957136
2.8000000000000007 20.8527889068791
3.0 20.85789235852819
3.200000000000001 20.86088852941335
3.4000000000000004 20.862604704302242
3.6000000000000014 20.863581809433338
3.8000000000000007 20.864141728867807
4.0 20.864467432947134
Result sigma optimization:  -6.0 2.123547903431987
E_max_2 =  300
Cutoff Radius =  6.0
Selected Radial Transform =  20.0
factor =  1.2
displacement =  0.0
dataset =  datasets/qm9.xyz
n_train =  1500
n_test =  2000
Train RMSE: 0.41441757837198073 [Train MAE: 0.3080156653762893]
Test RMSE: 2.8613244890562153 [Test MAE: 1.8440103834338801]
FINISHED at Tue Jan 10 11:14:20 CET 2023
