STARTING AT Tue Jan 10 09:48:53 CET 2023
Random seed: 1000
7 16
Reading dataset
Shuffling and extracting from dataset (length: 10000)
Shuffling and extraction done
Calculating power spectrum
Expansion coefficients done
Computing training kernel
     Calculating kernels for center species 1
     Calculating kernels for center species 1
Beginning first index add...
Beginning second index add...
     Calculating kernels for center species 6
     Calculating kernels for center species 6
Beginning first index add...
Beginning second index add...
Training kernel done
Computing test kernel
     Calculating kernels for center species 1
     Calculating kernels for center species 1
Beginning first index add...
Beginning second index add...
     Calculating kernels for center species 6
     Calculating kernels for center species 6
Beginning first index add...
Beginning second index add...
Test kernel done
Calculating composition features
Composition features done
-8.0 30.166091557125963
-7.8 26.868329951698904
-7.6 23.855395967956987
-7.4 21.236743818098965
-7.2 19.044547719683067
-7.0 17.249305318951485
-6.8 15.793977999004774
-6.6 14.619698179800814
-6.4 13.677804332153633
-6.2 12.932458009574725
-6.0 12.357005614929745
-5.8 11.92801214769206
-5.6 11.621392194945006
-5.4 11.411760395071045
-5.199999999999999 11.274066607424867
-5.0 11.187383107544653
-4.8 11.139490049606263
-4.6 11.128112469530882
-4.4 11.156445054288195
-4.199999999999999 11.22616748558673
-4.0 11.333774386997316
-3.8 11.473883549629758
-3.5999999999999996 11.648367430078439
-3.3999999999999995 11.87540491129719
-3.1999999999999993 12.192316377194233
-3.0 12.651281745538604
-2.8 13.311683709119889
-2.5999999999999996 14.230665615918578
-2.3999999999999995 15.448250612593585
-2.1999999999999993 16.966408100904953
-2.0 18.73297346525639
-1.7999999999999998 20.647005595641094
-1.5999999999999996 22.594812152282717
-1.3999999999999995 24.50916010128617
-1.1999999999999993 26.42698134992241
-1.0 28.51709772323058
-0.7999999999999998 31.053600625051022
-0.5999999999999996 34.31502194663586
-0.39999999999999947 38.43400339158494
-0.1999999999999993 43.298024206844275
0.0 48.58263639513087
0.20000000000000107 53.87940643473944
0.40000000000000036 58.821688706460314
0.5999999999999996 63.15579082971299
0.8000000000000007 66.75928985400479
1.0 69.6216986577507
1.200000000000001 71.80576394339425
1.4000000000000004 73.41113069694258
1.6000000000000014 74.5504199459199
1.8000000000000007 75.33389203618475
2.0 75.85865639193858
2.200000000000001 76.20278168861044
2.4000000000000004 76.42455108735727
2.6000000000000014 76.56517190152242
2.8000000000000007 76.65277324393047
3.0 76.70622353133068
3.200000000000001 76.73810584822785
3.4000000000000004 76.7567447329001
3.6000000000000014 76.76751169521364
3.8000000000000007 76.77372692811728
4.0 76.77734813198835
Result sigma optimization:  -4.6 11.128112469530882
E_max_2 =  500
Cutoff Radius =  6.0
Selected Radial Transform =  20.0
factor =  1.3
displacement =  0.0
dataset =  datasets/random-ch4-10k.extxyz
n_train =  1500
n_test =  2000
Train RMSE: 6.244654897007031 [Train MAE: 4.8643076230807125]
Test RMSE: 11.197970733786452 [Test MAE: 6.843609072556228]
FINISHED at Tue Jan 10 09:50:00 CET 2023
