STARTING AT Tue Jan 10 09:48:43 CET 2023
Random seed: 1000
8 20
Reading dataset
Shuffling and extracting from dataset (length: 10000)
Shuffling and extraction done
Calculating power spectrum
Expansion coefficients done
Computing training kernel
     Calculating kernels for center species 1
     Calculating kernels for center species 1
Beginning first index add...
Beginning second index add...
     Calculating kernels for center species 6
     Calculating kernels for center species 6
Beginning first index add...
Beginning second index add...
Training kernel done
Computing test kernel
     Calculating kernels for center species 1
     Calculating kernels for center species 1
Beginning first index add...
Beginning second index add...
     Calculating kernels for center species 6
     Calculating kernels for center species 6
Beginning first index add...
Beginning second index add...
Test kernel done
Calculating composition features
Composition features done
-8.0 23.13637371200979
-7.8 21.806386054329113
-7.6 20.619078710447607
-7.4 19.563195223305073
-7.2 18.620330289527523
-7.0 17.775570819306072
-6.8 17.016172088171043
-6.6 16.32573884925719
-6.4 15.683621145651635
-6.2 15.070916807300492
-6.0 14.478466602505355
-5.8 13.911298904487523
-5.6 13.385515053104957
-5.4 12.918754738360837
-5.199999999999999 12.52075355253072
-5.0 12.189959759209891
-4.8 11.91734131046113
-4.6 11.694281658364504
-4.4 11.519240968401286
-4.199999999999999 11.398853477096557
-4.0 11.343273088852726
-3.8 11.359194782777964
-3.5999999999999996 11.444845658679442
-3.3999999999999995 11.589978410310486
-3.1999999999999993 11.781119918279424
-3.0 12.009231765294317
-2.8 12.27580849719195
-2.5999999999999996 12.594995238219582
-2.3999999999999995 12.991540740713129
-2.1999999999999993 13.4958781496395
-2.0 14.13843094915099
-1.7999999999999998 14.944923437294317
-1.5999999999999996 15.933286568238355
-1.3999999999999995 17.110505915399056
-1.1999999999999993 18.467141418487845
-1.0 19.973899320216553
-0.7999999999999998 21.591220837045576
-0.5999999999999996 23.29777259169441
-0.39999999999999947 25.133174957513635
-0.1999999999999993 27.239525823019477
0.0 29.868340800598467
0.20000000000000107 33.3067200061058
0.40000000000000036 37.714292511777295
0.5999999999999996 42.96777052155272
0.8000000000000007 48.6621046116657
1.0 54.284835545092726
1.200000000000001 59.412637170036106
1.4000000000000004 63.80073403326828
1.6000000000000014 67.36888672015847
1.8000000000000007 70.14769464795548
2.0 72.22888041880641
2.200000000000001 73.73168924104262
2.4000000000000004 74.78125626842443
2.6000000000000014 75.49352348852283
2.8000000000000007 75.96574653944614
3.0 76.27306990253773
3.200000000000001 76.46996724870178
3.4000000000000004 76.59417728590016
3.6000000000000014 76.67112830074943
3.8000000000000007 76.71775444805006
4.0 76.74531327739673
Result sigma optimization:  -4.0 11.343273088852726
E_max_2 =  700
Cutoff Radius =  6.0
Selected Radial Transform =  20.0
factor =  1.1
displacement =  0.0
dataset =  datasets/random-ch4-10k.extxyz
n_train =  1500
n_test =  2000
Train RMSE: 4.574405843827493 [Train MAE: 3.585328619147674]
Test RMSE: 10.946283136083839 [Test MAE: 6.527293625543587]
FINISHED at Tue Jan 10 09:50:03 CET 2023
