STARTING AT Tue Jan 10 09:48:55 CET 2023
Random seed: 1000
7 18
Reading dataset
Shuffling and extracting from dataset (length: 10000)
Shuffling and extraction done
Calculating power spectrum
Expansion coefficients done
Computing training kernel
     Calculating kernels for center species 1
     Calculating kernels for center species 1
Beginning first index add...
Beginning second index add...
     Calculating kernels for center species 6
     Calculating kernels for center species 6
Beginning first index add...
Beginning second index add...
Training kernel done
Computing test kernel
     Calculating kernels for center species 1
     Calculating kernels for center species 1
Beginning first index add...
Beginning second index add...
     Calculating kernels for center species 6
     Calculating kernels for center species 6
Beginning first index add...
Beginning second index add...
Test kernel done
Calculating composition features
Composition features done
-8.0 26.254045454951008
-7.8 23.892555318032976
-7.6 21.808310218584474
-7.4 19.967438241749218
-7.2 18.34842230917718
-7.0 16.957740021473644
-6.8 15.81273251691126
-6.6 14.910498979825423
-6.4 14.21316154924963
-6.2 13.66094198065148
-6.0 13.198208074975625
-5.8 12.790720694372595
-5.6 12.425917468607787
-5.4 12.102888098452423
-5.199999999999999 11.823450285653209
-5.0 11.590285366614372
-4.8 11.408794566004348
-4.6 11.286324838738306
-4.4 11.22794191986359
-4.199999999999999 11.233035837610943
-4.0 11.295593429560311
-3.8 11.407007074526954
-3.5999999999999996 11.55957753035262
-3.3999999999999995 11.750662541581866
-3.1999999999999993 11.987824807633194
-3.0 12.293501229338494
-2.8 12.705781087147086
-2.5999999999999996 13.273100134656152
-2.3999999999999995 14.04484332994871
-2.1999999999999993 15.060896673391401
-2.0 16.339387750238938
-1.7999999999999998 17.862623423778796
-1.5999999999999996 19.570063912841004
-1.3999999999999995 21.37229835037803
-1.1999999999999993 23.191555092072093
-1.0 25.015991285247868
-0.7999999999999998 26.941036763659433
-0.5999999999999996 29.17176604938417
-0.39999999999999947 31.968895197821823
-0.1999999999999993 35.53557620917767
0.0 39.8890640445435
0.20000000000000107 44.81984752504078
0.40000000000000036 49.98667173267821
0.5999999999999996 55.05019129060871
0.8000000000000007 59.73783738274998
1.0 63.85400385658485
1.200000000000001 67.28797605261525
1.4000000000000004 70.01850205785895
1.6000000000000014 72.09721146616268
1.8000000000000007 73.61869453780542
2.0 74.69359404482114
2.200000000000001 75.42995832209688
2.4000000000000004 75.92172561924136
2.6000000000000014 76.24349594647423
2.8000000000000007 76.4504709625921
3.0 76.58145814076016
3.200000000000001 76.66286645090074
3.4000000000000004 76.71239082092762
3.6000000000000014 76.74182896107773
3.8000000000000007 76.75897722999053
4.0 76.76885078493078
Result sigma optimization:  -4.4 11.22794191986359
E_max_2 =  600
Cutoff Radius =  6.0
Selected Radial Transform =  20.0
factor =  1.3
displacement =  0.0
dataset =  datasets/random-ch4-10k.extxyz
n_train =  1500
n_test =  2000
Train RMSE: 5.691896073092634 [Train MAE: 4.451079942705075]
Test RMSE: 11.474049006481165 [Test MAE: 6.911130591065733]
FINISHED at Tue Jan 10 09:53:53 CET 2023
