STARTING AT Tue Jan 10 09:52:13 CET 2023
Random seed: 1000
8 20
Reading dataset
Shuffling and extracting from dataset (length: 10000)
Shuffling and extraction done
Calculating power spectrum
Expansion coefficients done
Computing training kernel
     Calculating kernels for center species 1
     Calculating kernels for center species 1
Beginning first index add...
Beginning second index add...
     Calculating kernels for center species 6
     Calculating kernels for center species 6
Beginning first index add...
Beginning second index add...
Training kernel done
Computing test kernel
     Calculating kernels for center species 1
     Calculating kernels for center species 1
Beginning first index add...
Beginning second index add...
     Calculating kernels for center species 6
     Calculating kernels for center species 6
Beginning first index add...
Beginning second index add...
Test kernel done
Calculating composition features
Composition features done
-8.0 54.945052627464115
-7.8 47.17368939152334
-7.6 40.019842219606566
-7.4 33.47933054578528
-7.2 27.621280072008144
-7.0 22.611904303725424
-6.8 18.67508162463994
-6.6 15.983367534112498
-6.4 14.507450444269487
-6.2 13.958117571922498
-6.0 13.921091544329412
-5.8 14.039385136222954
-5.6 14.092375002838057
-5.4 13.999950843032174
-5.199999999999999 13.797802794419727
-5.0 13.580085688061565
-4.8 13.426274827552618
-4.6 13.36604188459165
-4.4 13.397384821147277
-4.199999999999999 13.513948495804067
-4.0 13.70873425115947
-3.8 13.965586545252675
-3.5999999999999996 14.261132352029607
-3.3999999999999995 14.57868206639079
-3.1999999999999993 14.920258787140892
-3.0 15.31105210446289
-2.8 15.799398046961269
-2.5999999999999996 16.450140398847992
-2.3999999999999995 17.325244380391975
-2.1999999999999993 18.455558121401317
-2.0 19.82182472064037
-1.7999999999999998 21.36102750078707
-1.5999999999999996 22.995755770922433
-1.3999999999999995 24.67166566195566
-1.1999999999999993 26.384964489927263
-1.0 28.18820124357417
-0.7999999999999998 30.185171248437175
-0.5999999999999996 32.53068934903007
-0.39999999999999947 35.42297725420596
-0.1999999999999993 39.055078791647624
0.0 43.49854737380651
0.20000000000000107 48.56825017788982
0.40000000000000036 53.82220573859886
0.5999999999999996 58.75837069001556
0.8000000000000007 63.038193005578485
1.0 66.55412022926633
1.200000000000001 69.35078713655994
1.4000000000000004 71.52142820535533
1.6000000000000014 73.15841950024975
1.8000000000000007 74.35066647656389
2.0 75.1884881383787
2.200000000000001 75.75904403684652
2.4000000000000004 76.13806131771655
2.6000000000000014 76.38515640145731
2.8000000000000007 76.54387227732433
3.0 76.6443844865126
3.200000000000001 76.70689002005827
3.4000000000000004 76.74465113284337
3.6000000000000014 76.76637145147754
3.8000000000000007 76.77788278397395
4.0 76.78320241752779
Result sigma optimization:  -4.6 13.36604188459165
E_max_2 =  700
Cutoff Radius =  6.0
Selected Radial Transform =  21.0
factor =  2.3
displacement =  0.0
dataset =  datasets/random-ch4-10k.extxyz
n_train =  1500
n_test =  2000
Train RMSE: 10.12516393967891 [Train MAE: 7.912688320887452]
Test RMSE: 13.48408277323647 [Test MAE: 9.311546246705511]
FINISHED at Tue Jan 10 09:58:19 CET 2023
