STARTING AT Tue Jan 10 09:50:35 CET 2023
Random seed: 1000
7 16
Reading dataset
Shuffling and extracting from dataset (length: 10000)
Shuffling and extraction done
Calculating power spectrum
Expansion coefficients done
Computing training kernel
     Calculating kernels for center species 1
     Calculating kernels for center species 1
Beginning first index add...
Beginning second index add...
     Calculating kernels for center species 6
     Calculating kernels for center species 6
Beginning first index add...
Beginning second index add...
Training kernel done
Computing test kernel
     Calculating kernels for center species 1
     Calculating kernels for center species 1
Beginning first index add...
Beginning second index add...
     Calculating kernels for center species 6
     Calculating kernels for center species 6
Beginning first index add...
Beginning second index add...
Test kernel done
Calculating composition features
Composition features done
-8.0 11.593098101673998
-7.8 11.588554496431023
-7.6 11.581443978221866
-7.4 11.57039569943347
-7.2 11.553416512574291
-7.0 11.527751455933194
-6.8 11.489890351731722
-6.6 11.435927868477513
-6.4 11.362483038387508
-6.2 11.268098021828404
-6.0 11.154422426379492
-5.8 11.026113702300785
-5.6 10.889114944026643
-5.4 10.748425182132076
-5.199999999999999 10.606824070585667
-5.0 10.464756147099635
-4.8 10.320731052714075
-4.6 10.17238142468548
-4.4 10.018948258586162
-4.199999999999999 9.864636705123596
-4.0 9.72042619392094
-3.8 9.60215689940494
-3.5999999999999996 9.525449428754227
-3.3999999999999995 9.501062851996174
-3.1999999999999993 9.534303365566393
-3.0 9.628077658028378
-2.8 9.78519317076279
-2.5999999999999996 10.006378254691105
-2.3999999999999995 10.285631883670954
-2.1999999999999993 10.608174292810997
-2.0 10.954417022365796
-1.7999999999999998 11.308690922350943
-1.5999999999999996 11.669109479010578
-1.3999999999999995 12.056481821472616
-1.1999999999999993 12.522467527182554
-1.0 13.154682700273385
-0.7999999999999998 14.068979831735984
-0.5999999999999996 15.379161773995564
-0.39999999999999947 17.155442377231754
-0.1999999999999993 19.407319389262327
0.0 22.116479806588583
0.20000000000000107 25.30464218481105
0.40000000000000036 29.08170654205297
0.5999999999999996 33.60378195966807
0.8000000000000007 38.925410434762284
1.0 44.85418119076983
1.200000000000001 50.95750556175916
1.4000000000000004 56.73157390615183
1.6000000000000014 61.788826285815965
1.8000000000000007 65.9403783852523
2.0 69.17235333663409
2.200000000000001 71.57957791086632
2.4000000000000004 73.30545343744416
2.6000000000000014 74.50250267725738
2.8000000000000007 75.30981236822623
3.0 75.84202329547517
3.200000000000001 76.18668710106652
3.4000000000000004 76.40693627977893
3.6000000000000014 76.54639102409618
3.8000000000000007 76.63421153753136
4.0 76.68938568970893
Result sigma optimization:  -3.3999999999999995 9.501062851996174
E_max_2 =  500
Cutoff Radius =  6.0
Selected Radial Transform =  21.0
factor =  0.4
displacement =  0.0
dataset =  datasets/random-ch4-10k.extxyz
n_train =  1500
n_test =  2000
Train RMSE: 3.0179425437792267 [Train MAE: 2.354197086524752]
Test RMSE: 8.56974605986712 [Test MAE: 4.5918056608224385]
FINISHED at Tue Jan 10 09:51:28 CET 2023
