STARTING AT Tue Jan 10 11:18:20 CET 2023
Random seed: 1000
6 14
Reading dataset
Shuffling and extracting from dataset (length: 133885)
Shuffling and extraction done
Calculating power spectrum
Expansion coefficients done
Computing training kernel
     Calculating kernels for center species 1
     Calculating kernels for center species 1
Beginning first index add...
Beginning second index add...
     Calculating kernels for center species 6
     Calculating kernels for center species 6
Beginning first index add...
Beginning second index add...
     Calculating kernels for center species 7
     Calculating kernels for center species 7
Beginning first index add...
Beginning second index add...
     Calculating kernels for center species 8
     Calculating kernels for center species 8
Beginning first index add...
Beginning second index add...
     Calculating kernels for center species 9
     Calculating kernels for center species 9
Beginning first index add...
Beginning second index add...
Training kernel done
Computing test kernel
     Calculating kernels for center species 1
     Calculating kernels for center species 1
Beginning first index add...
Beginning second index add...
     Calculating kernels for center species 6
     Calculating kernels for center species 6
Beginning first index add...
Beginning second index add...
     Calculating kernels for center species 7
     Calculating kernels for center species 7
Beginning first index add...
Beginning second index add...
     Calculating kernels for center species 8
     Calculating kernels for center species 8
Beginning first index add...
Beginning second index add...
     Calculating kernels for center species 9
     Calculating kernels for center species 9
Beginning first index add...
Beginning second index add...
Test kernel done
Calculating composition features
Composition features done
-8.0 2.2364641662220044
-7.8 2.3014512126294235
-7.6 2.383174072979193
-7.4 2.486610843592614
-7.2 2.61710869054863
-7.0 2.7768404538027824
-6.8 2.982793794059835
-6.6 3.23728829728519
-6.4 3.534844701452588
-6.2 3.8807693875508655
-6.0 4.2641740679768265
-5.8 4.683153119255847
-5.6 5.1117879485566515
-5.4 5.536467360409578
-5.199999999999999 5.962688580194857
-5.0 6.400067890121039
-4.8 6.868102261382989
-4.6 7.401977566850468
-4.4 8.00856112861185
-4.199999999999999 8.68798862747625
-4.0 9.449315356188977
-3.8 10.290542796287433
-3.5999999999999996 11.241079381522024
-3.3999999999999995 12.29967148807965
-3.1999999999999993 13.427864295838924
-3.0 14.541159789496126
-2.8 15.570464895840686
-2.5999999999999996 16.437628103358797
-2.3999999999999995 17.149567491458672
-2.1999999999999993 17.70795403797698
-2.0 18.153116103698185
-1.7999999999999998 18.520519825570588
-1.5999999999999996 18.83585122374976
-1.3999999999999995 19.119924553409092
-1.1999999999999993 19.380807962432424
-1.0 19.64063197769733
-0.7999999999999998 19.889705165036865
-0.5999999999999996 20.12506508393511
-0.39999999999999947 20.333945349324505
-0.1999999999999993 20.50733154026731
0.0 20.64001257192602
0.20000000000000107 20.732756922886644
0.40000000000000036 20.79450287243118
0.5999999999999996 20.834677419046766
0.8000000000000007 20.859020282067874
1.0 20.87257898430573
1.200000000000001 20.879019585350168
1.4000000000000004 20.88115978965333
1.6000000000000014 20.881114563187083
1.8000000000000007 20.88008894157361
2.0 20.87871776191814
2.200000000000001 20.87736480000088
2.4000000000000004 20.876192926196584
2.6000000000000014 20.875060833449695
2.8000000000000007 20.87386959953842
3.0 20.87257486315628
3.200000000000001 20.871204353616893
3.4000000000000004 20.869829675511486
3.6000000000000014 20.868582611817722
3.8000000000000007 20.867556747581084
4.0 20.866754060459414
Result sigma optimization:  -8.0 2.2364641662220044
E_max_2 =  400
Cutoff Radius =  6.0
Selected Radial Transform =  21.0
factor =  3.0
displacement =  0.0
dataset =  datasets/qm9.xyz
n_train =  1500
n_test =  2000
Train RMSE: 2.5607239793335292 [Train MAE: 1.8413918737973733]
Test RMSE: 3.12576958248911 [Test MAE: 2.144889709106019]
FINISHED at Tue Jan 10 11:19:54 CET 2023
