STARTING AT Tue Jan 10 09:52:27 CET 2023
Random seed: 1000
6 14
Reading dataset
Shuffling and extracting from dataset (length: 10000)
Shuffling and extraction done
Calculating power spectrum
Expansion coefficients done
Computing training kernel
     Calculating kernels for center species 1
     Calculating kernels for center species 1
Beginning first index add...
Beginning second index add...
     Calculating kernels for center species 6
     Calculating kernels for center species 6
Beginning first index add...
Beginning second index add...
Training kernel done
Computing test kernel
     Calculating kernels for center species 1
     Calculating kernels for center species 1
Beginning first index add...
Beginning second index add...
     Calculating kernels for center species 6
     Calculating kernels for center species 6
Beginning first index add...
Beginning second index add...
Test kernel done
Calculating composition features
Composition features done
-8.0 15.481937330129256
-7.8 15.009129543462846
-7.6 15.148048922721033
-7.4 15.275961270969548
-7.2 15.309945741962377
-7.0 15.351285059381809
-6.8 15.4875208642847
-6.6 15.730309236876055
-6.4 16.03348379072745
-6.2 16.34576029484949
-6.0 16.65363327073678
-5.8 16.9850616371055
-5.6 17.375152733821018
-5.4 17.825275057322006
-5.199999999999999 18.295565245965975
-5.0 18.73782017874388
-4.8 19.134702951240715
-4.6 19.514962389532194
-4.4 19.94377067387069
-4.199999999999999 20.49823167716176
-4.0 21.237817112276954
-3.8 22.184069319151874
-3.5999999999999996 23.318248963031234
-3.3999999999999995 24.590956431325786
-3.1999999999999993 25.940308799891245
-3.0 27.325995101002377
-2.8 28.776729200573307
-2.5999999999999996 30.432147114730412
-2.3999999999999995 32.55910956869808
-2.1999999999999993 35.50500040656115
-2.0 39.52925511061167
-1.7999999999999998 44.56379831555147
-1.5999999999999996 50.13631064493727
-1.3999999999999995 55.58786975742293
-1.1999999999999993 60.392520313201345
-1.0 64.32074635950944
-0.7999999999999998 67.39933274422367
-0.5999999999999996 69.779751813891
-0.39999999999999947 71.62578244494794
-0.1999999999999993 73.06114965775295
0.0 74.16574271087164
0.20000000000000107 74.99417856343676
0.40000000000000036 75.59418156496085
0.5999999999999996 76.01353012027501
0.8000000000000007 76.29772410670179
1.0 76.48567588630601
1.200000000000001 76.60759358749553
1.4000000000000004 76.68529368579729
1.6000000000000014 76.73376008939134
1.8000000000000007 76.76296281513564
2.0 76.779465053519
2.200000000000001 76.7876721356941
2.4000000000000004 76.7906861599671
2.6000000000000014 76.79076954314564
2.8000000000000007 76.78951414147599
3.0 76.78790771475813
3.200000000000001 76.78644620394095
3.4000000000000004 76.78530071775964
3.6000000000000014 76.78447444968425
3.8000000000000007 76.78390754309895
4.0 76.78353048332302
Result sigma optimization:  -7.8 15.009129543462846
E_max_2 =  400
Cutoff Radius =  6.0
Selected Radial Transform =  21.0
factor =  2.8
displacement =  0.0
dataset =  datasets/random-ch4-10k.extxyz
n_train =  1500
n_test =  2000
Train RMSE: 11.527487547204306 [Train MAE: 9.221486024329923]
Test RMSE: 18.96580995314675 [Test MAE: 10.934561559426598]
FINISHED at Tue Jan 10 09:56:31 CET 2023
