STARTING AT Tue Jan 10 09:50:35 CET 2023
Random seed: 1000
7 18
Reading dataset
Shuffling and extracting from dataset (length: 10000)
Shuffling and extraction done
Calculating power spectrum
Expansion coefficients done
Computing training kernel
     Calculating kernels for center species 1
     Calculating kernels for center species 1
Beginning first index add...
Beginning second index add...
     Calculating kernels for center species 6
     Calculating kernels for center species 6
Beginning first index add...
Beginning second index add...
Training kernel done
Computing test kernel
     Calculating kernels for center species 1
     Calculating kernels for center species 1
Beginning first index add...
Beginning second index add...
     Calculating kernels for center species 6
     Calculating kernels for center species 6
Beginning first index add...
Beginning second index add...
Test kernel done
Calculating composition features
Composition features done
-8.0 12.629870455849174
-7.8 12.628541393783648
-7.6 12.62643955201667
-7.4 12.623119798590416
-7.2 12.6178868230507
-7.0 12.609663673237625
-6.8 12.596804250059925
-6.6 12.576844374240771
-6.4 12.54621309585374
-6.2 12.499990125187225
-6.0 12.43190566234251
-5.8 12.33489262240841
-5.6 12.202463309617299
-5.4 12.030792072254522
-5.199999999999999 11.820739124130624
-5.0 11.578770368465117
-4.8 11.316249507590346
-4.6 11.047319136591423
-4.4 10.78592104269054
-4.199999999999999 10.542945360456372
-4.0 10.325048027075301
-3.8 10.135833403312832
-3.5999999999999996 9.97813605094792
-3.3999999999999995 9.855665732680322
-3.1999999999999993 9.773722598766003
-3.0 9.739545067508546
-2.8 9.762038474059134
-2.5999999999999996 9.849882314521444
-2.3999999999999995 10.007678294417316
-2.1999999999999993 10.231648325674097
-2.0 10.508216609432184
-1.7999999999999998 10.81824587598382
-1.5999999999999996 11.146032249811304
-1.3999999999999995 11.488899330469874
-1.1999999999999993 11.86414784078619
-1.0 12.313332258416773
-0.7999999999999998 12.903829067070806
-0.5999999999999996 13.723879192361446
-0.39999999999999947 14.866283527358322
-0.1999999999999993 16.40324861447515
0.0 18.366431219179375
0.20000000000000107 20.7526330364027
0.40000000000000036 23.567375629663275
0.5999999999999996 26.884321173364174
0.8000000000000007 30.853996661176623
1.0 35.607695054846936
1.200000000000001 41.105783429260825
1.4000000000000004 47.06435454441684
1.6000000000000014 53.032135139736305
1.8000000000000007 58.5543016236812
2.0 63.30905482956839
2.200000000000001 67.15585047035461
2.4000000000000004 70.10757560598836
2.6000000000000014 72.27229124421449
2.8000000000000007 73.7996159119291
3.0 74.84303835933903
3.200000000000001 75.53769229790579
3.4000000000000004 75.9909980442968
3.6000000000000014 76.28238484259596
3.8000000000000007 76.46766636782735
4.0 76.58464932397445
Result sigma optimization:  -3.0 9.739545067508546
E_max_2 =  600
Cutoff Radius =  6.0
Selected Radial Transform =  21.0
factor =  0.4
displacement =  0.0
dataset =  datasets/random-ch4-10k.extxyz
n_train =  1500
n_test =  2000
Train RMSE: 3.109519808342992 [Train MAE: 2.441473400786483]
Test RMSE: 8.46232383418884 [Test MAE: 4.850884970654471]
FINISHED at Tue Jan 10 09:51:33 CET 2023
