STARTING AT Tue Jan 10 09:51:35 CET 2023
Random seed: 1000
7 16
Reading dataset
Shuffling and extracting from dataset (length: 10000)
Shuffling and extraction done
Calculating power spectrum
Expansion coefficients done
Computing training kernel
     Calculating kernels for center species 1
     Calculating kernels for center species 1
Beginning first index add...
Beginning second index add...
     Calculating kernels for center species 6
     Calculating kernels for center species 6
Beginning first index add...
Beginning second index add...
Training kernel done
Computing test kernel
     Calculating kernels for center species 1
     Calculating kernels for center species 1
Beginning first index add...
Beginning second index add...
     Calculating kernels for center species 6
     Calculating kernels for center species 6
Beginning first index add...
Beginning second index add...
Test kernel done
Calculating composition features
Composition features done
-8.0 19.68326622745985
-7.8 18.146292790318146
-7.6 16.866475574614284
-7.4 15.68664669917418
-7.2 14.568987002629934
-7.0 13.562109774485366
-6.8 12.730549396130492
-6.6 12.105304269679904
-6.4 11.672477597406187
-6.2 11.386990213140773
-6.0 11.196726345760707
-5.8 11.064915825083617
-5.6 10.979469075607707
-5.4 10.946404478253037
-5.199999999999999 10.97619227217154
-5.0 11.073793350050247
-4.8 11.23458942888596
-4.6 11.443350452356349
-4.4 11.676808797275921
-4.199999999999999 11.91184862682418
-4.0 12.135900567761508
-3.8 12.352776041068818
-3.5999999999999996 12.582054573573208
-3.3999999999999995 12.856419588367206
-3.1999999999999993 13.221005759042729
-3.0 13.733421176737963
-2.8 14.459417269393004
-2.5999999999999996 15.459862254365309
-2.3999999999999995 16.769218151897515
-2.1999999999999993 18.374733294148744
-2.0 20.21367951506734
-1.7999999999999998 22.20163069127
-1.5999999999999996 24.28440318971006
-1.3999999999999995 26.486169954672704
-1.1999999999999993 28.9286795577481
-1.0 31.808555397416864
-0.7999999999999998 35.31419845995424
-0.5999999999999996 39.491487326115546
-0.39999999999999947 44.16646663575658
-0.1999999999999993 49.028981724815225
0.0 53.790697812698994
0.20000000000000107 58.2524854328589
0.40000000000000036 62.275637793061165
0.5999999999999996 65.76020445496738
0.8000000000000007 68.65711464898062
1.0 70.9715469662652
1.200000000000001 72.74826608686536
1.4000000000000004 74.05781574070166
1.6000000000000014 74.98619090824738
1.8000000000000007 75.62247826533667
2.0 76.04691231513141
2.200000000000001 76.324096485631
2.4000000000000004 76.50195888330909
2.6000000000000014 76.61414407536637
2.8000000000000007 76.68350925626288
3.0 76.72537104066765
3.200000000000001 76.7499636744857
3.4000000000000004 76.7640655914551
3.6000000000000014 76.77203270571815
3.8000000000000007 76.77652680934682
4.0 76.77908902765024
Result sigma optimization:  -5.4 10.946404478253037
E_max_2 =  500
Cutoff Radius =  6.0
Selected Radial Transform =  21.0
factor =  1.6
displacement =  0.0
dataset =  datasets/random-ch4-10k.extxyz
n_train =  1500
n_test =  2000
Train RMSE: 6.245284483467891 [Train MAE: 4.925710365117426]
Test RMSE: 12.286863744000211 [Test MAE: 6.90358655165522]
FINISHED at Tue Jan 10 09:52:38 CET 2023
