STARTING AT Tue Jan 10 09:51:30 CET 2023
Random seed: 1000
7 16
Reading dataset
Shuffling and extracting from dataset (length: 10000)
Shuffling and extraction done
Calculating power spectrum
Expansion coefficients done
Computing training kernel
     Calculating kernels for center species 1
     Calculating kernels for center species 1
Beginning first index add...
Beginning second index add...
     Calculating kernels for center species 6
     Calculating kernels for center species 6
Beginning first index add...
Beginning second index add...
Training kernel done
Computing test kernel
     Calculating kernels for center species 1
     Calculating kernels for center species 1
Beginning first index add...
Beginning second index add...
     Calculating kernels for center species 6
     Calculating kernels for center species 6
Beginning first index add...
Beginning second index add...
Test kernel done
Calculating composition features
Composition features done
-8.0 19.608737649118115
-7.8 18.09435869460064
-7.6 16.9244432847191
-7.4 15.936961410277636
-7.2 15.03271599149318
-7.0 14.179622444844915
-6.8 13.397264568006651
-6.6 12.723201606327748
-6.4 12.180468333362974
-6.2 11.765750582246499
-6.0 11.458905790300916
-5.8 11.238462200467088
-5.6 11.089179881043776
-5.4 11.000707530654804
-5.199999999999999 10.965224318350867
-5.0 10.97867649128179
-4.8 11.042152425558065
-4.6 11.15825647562621
-4.4 11.323604985137631
-4.199999999999999 11.524950825833677
-4.0 11.744520684182769
-3.8 11.971221969113639
-3.5999999999999996 12.209443190901492
-3.3999999999999995 12.481815296796539
-3.1999999999999993 12.828909456183514
-3.0 13.308636126216872
-2.8 13.9922036700329
-2.5999999999999996 14.950018168828548
-2.3999999999999995 16.225887354071183
-2.1999999999999993 17.810907382474547
-2.0 19.63865618116338
-1.7999999999999998 21.6150028715422
-1.5999999999999996 23.67279589761619
-1.3999999999999995 25.822894655381546
-1.1999999999999993 28.171928705598546
-1.0 30.89850339537889
-0.7999999999999998 34.19542167618009
-0.5999999999999996 38.17395749718844
-0.39999999999999947 42.758820502190375
-0.1999999999999993 47.68038172950252
0.0 52.602936069646304
0.20000000000000107 57.256919343949434
0.40000000000000036 61.46605573560272
0.5999999999999996 65.120159141671
0.8000000000000007 68.16543283732821
1.0 70.60370129803282
1.200000000000001 72.4800846370016
1.4000000000000004 73.86761589163085
1.6000000000000014 74.855016051804
1.8000000000000007 75.53425509797265
2.0 75.98876927207692
2.200000000000001 76.28636249029668
2.4000000000000004 76.4777500560829
2.6000000000000014 76.59875142004556
2.8000000000000007 76.6737957932063
3.0 76.71928089396224
3.200000000000001 76.74616386333503
3.4000000000000004 76.76170078005741
3.6000000000000014 76.7705609910868
3.8000000000000007 76.77560924761178
4.0 76.77851548049884
Result sigma optimization:  -5.199999999999999 10.965224318350867
E_max_2 =  500
Cutoff Radius =  6.0
Selected Radial Transform =  21.0
factor =  1.5
displacement =  0.0
dataset =  datasets/random-ch4-10k.extxyz
n_train =  1500
n_test =  2000
Train RMSE: 6.098704828506024 [Train MAE: 4.801906386210284]
Test RMSE: 11.945799171049186 [Test MAE: 6.7836190863059]
FINISHED at Tue Jan 10 09:55:34 CET 2023
