STARTING AT Tue Jan 10 09:52:15 CET 2023
Random seed: 1000
7 18
Reading dataset
Shuffling and extracting from dataset (length: 10000)
Shuffling and extraction done
Calculating power spectrum
Expansion coefficients done
Computing training kernel
     Calculating kernels for center species 1
     Calculating kernels for center species 1
Beginning first index add...
Beginning second index add...
     Calculating kernels for center species 6
     Calculating kernels for center species 6
Beginning first index add...
Beginning second index add...
Training kernel done
Computing test kernel
     Calculating kernels for center species 1
     Calculating kernels for center species 1
Beginning first index add...
Beginning second index add...
     Calculating kernels for center species 6
     Calculating kernels for center species 6
Beginning first index add...
Beginning second index add...
Test kernel done
Calculating composition features
Composition features done
-8.0 69.50914687545801
-7.8 55.375567035162554
-7.6 42.49315324220042
-7.4 31.544457402154556
-7.2 23.159919028802594
-7.0 17.71068524690868
-6.8 15.04253438054549
-6.6 14.304387105696023
-6.4 14.397820403144673
-6.2 14.586990182415962
-6.0 14.593563063400964
-5.8 14.424233088507135
-5.6 14.189869350574615
-5.4 13.985789757065948
-5.199999999999999 13.857317814500593
-5.0 13.82201265074368
-4.8 13.888806943891487
-4.6 14.05335168088966
-4.4 14.292792821384607
-4.199999999999999 14.576614966224515
-4.0 14.881689240942098
-3.8 15.196997164152684
-3.5999999999999996 15.522487075075928
-3.3999999999999995 15.87248738855196
-3.1999999999999993 16.282988848839334
-3.0 16.813051890325628
-2.8 17.532065404573142
-2.5999999999999996 18.495417148690347
-2.3999999999999995 19.72466992118738
-2.1999999999999993 21.205182844407567
-2.0 22.893536268271856
-1.7999999999999998 24.724647704379894
-1.5999999999999996 26.626562563749857
-1.3999999999999995 28.557098686149537
-1.1999999999999993 30.564061054514855
-1.0 32.84225178356428
-0.7999999999999998 35.72652378395564
-0.5999999999999996 39.55000034015951
-0.39999999999999947 44.38564570676747
-0.1999999999999993 49.88225330960546
0.0 55.4042908000996
0.20000000000000107 60.36612388515141
0.40000000000000036 64.46492070629307
0.5999999999999996 67.68485094276929
0.8000000000000007 70.16356046601797
1.0 72.0598231351647
1.200000000000001 73.49407184502887
1.4000000000000004 74.55249794961476
1.6000000000000014 75.30821644255433
1.8000000000000007 75.83023652435483
2.0 76.1808399735606
2.200000000000001 76.41118422071821
2.4000000000000004 76.55988016612623
2.6000000000000014 76.65430006032682
2.8000000000000007 76.7130437583956
3.0 76.74845158791034
3.200000000000001 76.76868842330525
3.4000000000000004 76.77926740945556
3.6000000000000014 76.78401154921843
3.8000000000000007 76.78555383970627
4.0 76.78558820335736
Result sigma optimization:  -5.0 13.82201265074368
E_max_2 =  600
Cutoff Radius =  6.0
Selected Radial Transform =  21.0
factor =  2.4
displacement =  0.0
dataset =  datasets/random-ch4-10k.extxyz
n_train =  1500
n_test =  2000
Train RMSE: 10.862315196179184 [Train MAE: 8.521460705823797]
Test RMSE: 13.657404498984972 [Test MAE: 9.686672042317197]
FINISHED at Tue Jan 10 09:57:00 CET 2023
