STARTING AT Tue Jan 10 09:52:04 CET 2023
Random seed: 1000
7 16
Reading dataset
Shuffling and extracting from dataset (length: 10000)
Shuffling and extraction done
Calculating power spectrum
Expansion coefficients done
Computing training kernel
     Calculating kernels for center species 1
     Calculating kernels for center species 1
Beginning first index add...
Beginning second index add...
     Calculating kernels for center species 6
     Calculating kernels for center species 6
Beginning first index add...
Beginning second index add...
Training kernel done
Computing test kernel
     Calculating kernels for center species 1
     Calculating kernels for center species 1
Beginning first index add...
Beginning second index add...
     Calculating kernels for center species 6
     Calculating kernels for center species 6
Beginning first index add...
Beginning second index add...
Test kernel done
Calculating composition features
Composition features done
-8.0 47.03299631565371
-7.8 40.10718612048418
-7.6 33.03424246747211
-7.4 26.37760348634475
-7.2 20.648767952284658
-7.0 16.265377742640425
-6.8 13.49573875959456
-6.6 12.28492060152027
-6.4 12.132440811488722
-6.2 12.383743158489985
-6.0 12.613126675034176
-5.8 12.698752356266963
-5.6 12.702739581468332
-5.4 12.72728762458842
-5.199999999999999 12.828937480280686
-5.0 13.009281066639039
-4.8 13.24549652377755
-4.6 13.515501881983038
-4.4 13.804229942256448
-4.199999999999999 14.101598796446881
-4.0 14.402645489214901
-3.8 14.711851943402355
-3.5999999999999996 15.050068228080352
-3.3999999999999995 15.46095842669457
-3.1999999999999993 16.01093144799133
-3.0 16.776675301572677
-2.8 17.82068927088523
-2.5999999999999996 19.166394884441154
-2.3999999999999995 20.78885275213976
-2.1999999999999993 22.62366446418395
-2.0 24.585242376616762
-1.7999999999999998 26.593522134512636
-1.5999999999999996 28.614239948773193
-1.3999999999999995 30.708125901694572
-1.1999999999999993 33.069116162061285
-1.0 36.010736183399395
-0.7999999999999998 39.83780767043055
-0.5999999999999996 44.610705328883164
-0.39999999999999947 49.99671836586913
-0.1999999999999993 55.40591875646089
0.0 60.30230290126062
0.20000000000000107 64.40854788102517
0.40000000000000036 67.6955976431449
0.5999999999999996 70.25891233909965
0.8000000000000007 72.21510645215004
1.0 73.66730210976331
1.200000000000001 74.70990791271053
1.4000000000000004 75.43381683113955
1.6000000000000014 75.92218010636437
1.8000000000000007 76.2442542593878
2.0 76.45294945280172
2.200000000000001 76.58613449974497
2.4000000000000004 76.66972232880828
2.6000000000000014 76.72097145049031
2.8000000000000007 76.75127783902111
3.0 76.76824547109541
3.200000000000001 76.77703794968139
3.4000000000000004 76.7811435056684
3.6000000000000014 76.78280000780951
3.8000000000000007 76.78331495474293
4.0 76.78336909229093
Result sigma optimization:  -6.4 12.132440811488722
E_max_2 =  500
Cutoff Radius =  6.0
Selected Radial Transform =  21.0
factor =  2.2
displacement =  0.0
dataset =  datasets/random-ch4-10k.extxyz
n_train =  1500
n_test =  2000
Train RMSE: 8.229495953398969 [Train MAE: 6.455335155139294]
Test RMSE: 14.125711799604336 [Test MAE: 8.306543655395757]
FINISHED at Tue Jan 10 09:53:00 CET 2023
