STARTING AT Tue Jan 10 09:50:54 CET 2023
Random seed: 1000
6 14
Reading dataset
Shuffling and extracting from dataset (length: 10000)
Shuffling and extraction done
Calculating power spectrum
Expansion coefficients done
Computing training kernel
     Calculating kernels for center species 1
     Calculating kernels for center species 1
Beginning first index add...
Beginning second index add...
     Calculating kernels for center species 6
     Calculating kernels for center species 6
Beginning first index add...
Beginning second index add...
Training kernel done
Computing test kernel
     Calculating kernels for center species 1
     Calculating kernels for center species 1
Beginning first index add...
Beginning second index add...
     Calculating kernels for center species 6
     Calculating kernels for center species 6
Beginning first index add...
Beginning second index add...
Test kernel done
Calculating composition features
Composition features done
-8.0 13.124026255695371
-7.8 12.384873283342351
-7.6 11.656423295078373
-7.4 10.979435611230139
-7.2 10.393801904294747
-7.0 9.924082526027503
-6.8 9.570924777733588
-6.6 9.315498852237384
-6.4 9.131775028971306
-6.2 8.995761252068268
-6.0 8.888347241702752
-5.8 8.795505554229438
-5.6 8.708990731963933
-5.4 8.626744804636589
-5.199999999999999 8.551373645018705
-5.0 8.488082255613637
-4.8 8.44478595976225
-4.6 8.434073015811101
-4.4 8.473653784178452
-4.199999999999999 8.582849222556865
-4.0 8.776292411826974
-3.8 9.05840465908957
-3.5999999999999996 9.421297446308097
-3.3999999999999995 9.847220826131064
-3.1999999999999993 10.31609151975952
-3.0 10.81601933657705
-2.8 11.35173408722121
-2.5999999999999996 11.94749705046838
-2.3999999999999995 12.645616681934655
-2.1999999999999993 13.503749934716271
-2.0 14.592712791604894
-1.7999999999999998 15.994040121181468
-1.5999999999999996 17.79552766848858
-1.3999999999999995 20.085206258988535
-1.1999999999999993 22.9482979129482
-1.0 26.466384732916666
-0.7999999999999998 30.69850173020467
-0.5999999999999996 35.625300759131854
-0.39999999999999947 41.08823397522418
-0.1999999999999993 46.79274452611117
0.0 52.39099187116067
0.20000000000000107 57.576638622725326
0.40000000000000036 62.13444870150576
0.5999999999999996 65.95235864739668
0.8000000000000007 69.01260054131001
1.0 71.36642895951414
1.200000000000001 73.10624105257779
1.4000000000000004 74.34450261453357
1.6000000000000014 75.19667039811532
1.8000000000000007 75.7670223013213
2.0 76.14037148270154
2.200000000000001 76.38043192332094
2.4000000000000004 76.53250657277384
2.6000000000000014 76.62767128512041
2.8000000000000007 76.6867027519634
3.0 76.72316133677748
3.200000000000001 76.74567718695056
3.4000000000000004 76.75962223901548
3.6000000000000014 76.76829409264508
3.8000000000000007 76.77370814289408
4.0 76.77709926551157
Result sigma optimization:  -4.6 8.434073015811101
E_max_2 =  400
Cutoff Radius =  6.0
Selected Radial Transform =  21.0
factor =  0.8
displacement =  0.0
dataset =  datasets/random-ch4-10k.extxyz
n_train =  1500
n_test =  2000
Train RMSE: 3.879153082194011 [Train MAE: 3.042955882722848]
Test RMSE: 8.507619755557565 [Test MAE: 5.061720629640079]
FINISHED at Tue Jan 10 09:55:12 CET 2023
