STARTING AT Tue Jan 10 11:14:10 CET 2023
Random seed: 1000
5 11
Reading dataset
Shuffling and extracting from dataset (length: 133885)
Shuffling and extraction done
Calculating power spectrum
Expansion coefficients done
Computing training kernel
     Calculating kernels for center species 1
     Calculating kernels for center species 1
Beginning first index add...
Beginning second index add...
     Calculating kernels for center species 6
     Calculating kernels for center species 6
Beginning first index add...
Beginning second index add...
     Calculating kernels for center species 7
     Calculating kernels for center species 7
Beginning first index add...
Beginning second index add...
     Calculating kernels for center species 8
     Calculating kernels for center species 8
Beginning first index add...
Beginning second index add...
     Calculating kernels for center species 9
     Calculating kernels for center species 9
Beginning first index add...
Beginning second index add...
Training kernel done
Computing test kernel
     Calculating kernels for center species 1
     Calculating kernels for center species 1
Beginning first index add...
Beginning second index add...
     Calculating kernels for center species 6
     Calculating kernels for center species 6
Beginning first index add...
Beginning second index add...
     Calculating kernels for center species 7
     Calculating kernels for center species 7
Beginning first index add...
Beginning second index add...
     Calculating kernels for center species 8
     Calculating kernels for center species 8
Beginning first index add...
Beginning second index add...
     Calculating kernels for center species 9
     Calculating kernels for center species 9
Beginning first index add...
Beginning second index add...
Test kernel done
Calculating composition features
Composition features done
-8.0 14.96715677049856
-7.8 14.967155931920837
-7.6 14.967154612486372
-7.4 14.967152493038443
-7.2 14.967149155382135
-7.0 14.967143871919077
-6.8 14.967135489420292
-6.6 14.967122210222268
-6.4 14.96710115017676
-6.2 14.967067776722198
-6.0 14.967014877709003
-5.8 14.966931069861491
-5.6 14.966798226097177
-5.4 14.96658769366441
-5.199999999999999 14.966254075500256
-5.0 14.965725408342022
-4.8 14.964887779133239
-4.6 14.96356083857804
-4.4 14.961459266586797
-4.199999999999999 14.958132316734195
-4.0 14.952868961888685
-3.8 14.944557444252768
-3.5999999999999996 14.931497296523638
-3.3999999999999995 14.910991819979522
-3.1999999999999993 14.878968414967026
-3.0 14.829529822621975
-2.8 14.754348006689533
-2.5999999999999996 14.64186898605196
-2.3999999999999995 14.47457339484359
-2.1999999999999993 14.23578510429048
-2.0 13.911077692294764
-1.7999999999999998 13.503677671029614
-1.5999999999999996 13.008939260530349
-1.3999999999999995 12.44547041140863
-1.1999999999999993 11.839947166962947
-1.0 11.251930232176518
-0.7999999999999998 10.682545462715463
-0.5999999999999996 10.164581545229122
-0.39999999999999947 9.731180494491475
-0.1999999999999993 9.368039325374502
0.0 9.098033882543833
0.20000000000000107 8.938177113396954
0.40000000000000036 8.872431653843039
0.5999999999999996 8.869034968092565
0.8000000000000007 8.905212151982568
1.0 8.971120500543103
1.200000000000001 9.043441131420987
1.4000000000000004 9.153480400098038
1.6000000000000014 9.30122616160528
1.8000000000000007 9.485793228040333
2.0 9.717423885256581
2.200000000000001 10.022532679640019
2.4000000000000004 10.39013744801011
2.6000000000000014 10.839997461761625
2.8000000000000007 11.35971757446769
3.0 11.899886286640077
3.200000000000001 12.436170306569057
3.4000000000000004 12.97888405893199
3.6000000000000014 13.517598950111681
3.8000000000000007 14.053361772896315
4.0 14.591485098823814
Result sigma optimization:  0.5999999999999996 8.869034968092565
E_max_2 =  300
Cutoff Radius =  6.0
Selected Radial Transform =  21.0
factor =  0.1
displacement =  0.0
dataset =  datasets/qm9.xyz
n_train =  1500
n_test =  2000
Train RMSE: 6.477120281911191 [Train MAE: 4.738070784422589]
Test RMSE: 11.25967126249002 [Test MAE: 8.520287789404907]
FINISHED at Tue Jan 10 11:15:33 CET 2023
