STARTING AT Tue Jan 10 09:51:28 CET 2023
Random seed: 1000
8 20
Reading dataset
Shuffling and extracting from dataset (length: 10000)
Shuffling and extraction done
Calculating power spectrum
Expansion coefficients done
Computing training kernel
     Calculating kernels for center species 1
     Calculating kernels for center species 1
Beginning first index add...
Beginning second index add...
     Calculating kernels for center species 6
     Calculating kernels for center species 6
Beginning first index add...
Beginning second index add...
Training kernel done
Computing test kernel
     Calculating kernels for center species 1
     Calculating kernels for center species 1
Beginning first index add...
Beginning second index add...
     Calculating kernels for center species 6
     Calculating kernels for center species 6
Beginning first index add...
Beginning second index add...
Test kernel done
Calculating composition features
Composition features done
-8.0 30.7399021185521
-7.8 27.532066841424815
-7.6 24.81423624537649
-7.4 22.557395666326027
-7.2 20.709542487865203
-7.0 19.211064116556763
-6.8 17.997354886443436
-6.6 16.994224386165612
-6.4 16.125851360588438
-6.2 15.334118318162911
-6.0 14.591803439506608
-5.8 13.900119480323088
-5.6 13.274226012056069
-5.4 12.726999590837293
-5.199999999999999 12.261784121181247
-5.0 11.876750312884043
-4.8 11.572914965810433
-4.6 11.356335477962585
-4.4 11.232224117760445
-4.199999999999999 11.197090157916005
-4.0 11.236720129688349
-3.8 11.330638659154873
-3.5999999999999996 11.458269843084958
-3.3999999999999995 11.604631171253445
-3.1999999999999993 11.765827324290543
-3.0 11.953428379165642
-2.8 12.196463524888296
-2.5999999999999996 12.540052411541238
-2.3999999999999995 13.040320016239267
-2.1999999999999993 13.757315964903968
-2.0 14.746138109441137
-1.7999999999999998 16.04100740998064
-1.5999999999999996 17.632020253879894
-1.3999999999999995 19.451898332496054
-1.1999999999999993 21.394620626991646
-1.0 23.367037436890314
-0.7999999999999998 25.349255893705628
-0.5999999999999996 27.43293921835843
-0.39999999999999947 29.817975546696612
-0.1999999999999993 32.75308344848392
0.0 36.4130324596081
0.20000000000000107 40.769688170947596
0.40000000000000036 45.57694359457921
0.5999999999999996 50.49622851385678
0.8000000000000007 55.23821988159635
1.0 59.610407864167996
1.200000000000001 63.49002876591183
1.4000000000000004 66.79960547228816
1.6000000000000014 69.50921504098969
1.8000000000000007 71.63868057599161
2.0 73.24632698292635
2.200000000000001 74.41361294112252
2.4000000000000004 75.2312520516562
2.6000000000000014 75.78668708226591
2.8000000000000007 76.15484206828826
3.0 76.39414096045695
3.200000000000001 76.54706453738933
3.4000000000000004 76.64306673815526
3.6000000000000014 76.70202037280757
3.8000000000000007 76.73721305202601
4.0 76.75753919094527
Result sigma optimization:  -4.199999999999999 11.197090157916005
E_max_2 =  700
Cutoff Radius =  6.0
Selected Radial Transform =  21.0
factor =  1.4
displacement =  0.0
dataset =  datasets/random-ch4-10k.extxyz
n_train =  1500
n_test =  2000
Train RMSE: 6.000741500521242 [Train MAE: 4.721902366280963]
Test RMSE: 12.154147209666794 [Test MAE: 7.258462214432624]
FINISHED at Tue Jan 10 09:52:15 CET 2023
