STARTING AT Tue Jan 10 09:54:55 CET 2023
Random seed: 1000
6 14
Reading dataset
Shuffling and extracting from dataset (length: 10000)
Shuffling and extraction done
Calculating power spectrum
Expansion coefficients done
Computing training kernel
     Calculating kernels for center species 1
     Calculating kernels for center species 1
Beginning first index add...
Beginning second index add...
     Calculating kernels for center species 6
     Calculating kernels for center species 6
Beginning first index add...
Beginning second index add...
Training kernel done
Computing test kernel
     Calculating kernels for center species 1
     Calculating kernels for center species 1
Beginning first index add...
Beginning second index add...
     Calculating kernels for center species 6
     Calculating kernels for center species 6
Beginning first index add...
Beginning second index add...
Test kernel done
Calculating composition features
Composition features done
-8.0 32.7754127615348
-7.8 32.37903201398962
-7.6 32.137882270003516
-7.4 31.846357352899375
-7.2 31.28312626929611
-7.0 30.248179356772937
-6.8 28.669268101182162
-6.6 26.651222427053863
-6.4 24.44331709294128
-6.2 22.353410936434653
-6.0 20.64197212807557
-5.8 19.43690531926736
-5.6 18.717164703562833
-5.4 18.373154989032866
-5.199999999999999 18.290803319917366
-5.0 18.397451878222746
-4.8 18.654059282441438
-4.6 19.026444731037067
-4.4 19.475927671321504
-4.199999999999999 19.975261528609256
-4.0 20.52651330258564
-3.8 21.16359964320088
-3.5999999999999996 21.938450938548566
-3.3999999999999995 22.8951673592186
-3.1999999999999993 24.041926495350072
-3.0 25.33994134308567
-2.8 26.723503205467647
-2.5999999999999996 28.140140613818755
-2.3999999999999995 29.582529170231652
-2.1999999999999993 31.093732374520943
-2.0 32.75347805075997
-1.7999999999999998 34.67339188779736
-1.5999999999999996 37.01922499261261
-1.3999999999999995 40.01851106069317
-1.1999999999999993 43.865551557516355
-1.0 48.52979568432348
-0.7999999999999998 53.65245471966862
-0.5999999999999996 58.68689308135551
-0.39999999999999947 63.16657754043785
-0.1999999999999993 66.86134249767028
0.0 69.75174268923675
0.20000000000000107 71.92692223181285
0.40000000000000036 73.5094377061364
0.5999999999999996 74.62420171662845
0.8000000000000007 75.3867056013834
1.0 75.89559915844764
1.200000000000001 76.22873441813434
1.4000000000000004 76.44349788054551
1.6000000000000014 76.58004760317007
1.8000000000000007 76.66549160174927
2.0 76.71775377206423
2.200000000000001 76.74863844494821
2.4000000000000004 76.76601105882125
2.6000000000000014 76.77517748540821
2.8000000000000007 76.77966476624223
3.0 76.78168768079752
3.200000000000001 76.78251909664431
3.4000000000000004 76.78282176128089
3.6000000000000014 76.78290985482367
3.8000000000000007 76.78292015030746
4.0 76.78290739833518
Result sigma optimization:  -5.199999999999999 18.290803319917366
E_max_2 =  400
Cutoff Radius =  6.0
Selected Radial Transform =  22.0
factor =  2.8
displacement =  0.0
dataset =  datasets/random-ch4-10k.extxyz
n_train =  1500
n_test =  2000
Train RMSE: 15.675372545661332 [Train MAE: 12.586261274839039]
Test RMSE: 18.01137661144407 [Test MAE: 13.84705866228626]
FINISHED at Tue Jan 10 09:55:27 CET 2023
