STARTING AT Tue Jan 10 11:20:17 CET 2023
Random seed: 1000
8 20
Reading dataset
Shuffling and extracting from dataset (length: 133885)
Shuffling and extraction done
Calculating power spectrum
Expansion coefficients done
Computing training kernel
     Calculating kernels for center species 1
     Calculating kernels for center species 1
Beginning first index add...
Beginning second index add...
     Calculating kernels for center species 6
     Calculating kernels for center species 6
Beginning first index add...
Beginning second index add...
     Calculating kernels for center species 7
     Calculating kernels for center species 7
Beginning first index add...
Beginning second index add...
     Calculating kernels for center species 8
     Calculating kernels for center species 8
Beginning first index add...
Beginning second index add...
     Calculating kernels for center species 9
     Calculating kernels for center species 9
Beginning first index add...
Beginning second index add...
Training kernel done
Computing test kernel
     Calculating kernels for center species 1
     Calculating kernels for center species 1
Beginning first index add...
Beginning second index add...
     Calculating kernels for center species 6
     Calculating kernels for center species 6
Beginning first index add...
Beginning second index add...
     Calculating kernels for center species 7
     Calculating kernels for center species 7
Beginning first index add...
Beginning second index add...
     Calculating kernels for center species 8
     Calculating kernels for center species 8
Beginning first index add...
Beginning second index add...
     Calculating kernels for center species 9
     Calculating kernels for center species 9
Beginning first index add...
Beginning second index add...
Test kernel done
Calculating composition features
Composition features done
-8.0 1.9645754612256885
-7.8 1.9645752836431274
-7.6 1.964575002189049
-7.4 1.9645745561153598
-7.2 1.9645738491446985
-7.0 1.964572728715147
-6.8 1.9645709528983135
-6.6 1.9645681385158265
-6.4 1.9645636781485942
-6.2 1.964556609342326
-6.0 1.964545406928184
-5.8 1.9645276545524042
-5.6 1.964499524637357
-5.4 1.9644549560428932
-5.199999999999999 1.9643843556919418
-5.0 1.964272552565657
-4.8 1.9640955859320566
-4.6 1.963822620316965
-4.4 1.9634103053679173
-4.199999999999999 1.962760954740729
-4.0 1.9618443622704762
-3.8 1.9606133416231157
-3.5999999999999996 1.9587954512148584
-3.3999999999999995 1.9564718780031374
-3.1999999999999993 1.9543707616073056
-3.0 1.9532751676729603
-2.8 1.9537939577110228
-2.5999999999999996 1.9621084883005253
-2.3999999999999995 1.9814922476149088
-2.1999999999999993 2.014407095707531
-2.0 2.0654160095967313
-1.7999999999999998 2.1370306781813833
-1.5999999999999996 2.233268076444249
-1.3999999999999995 2.349869556978168
-1.1999999999999993 2.487919574571789
-1.0 2.6559490515378457
-0.7999999999999998 2.859776053204924
-0.5999999999999996 3.1011182400035597
-0.39999999999999947 3.3805109433188383
-0.1999999999999993 3.7097967851662887
0.0 4.099745666382851
0.20000000000000107 4.566199086545139
0.40000000000000036 5.129762066683913
0.5999999999999996 5.827452840923941
0.8000000000000007 6.670649551231389
1.0 7.68784978857685
1.200000000000001 8.858422275574007
1.4000000000000004 10.139847570534371
1.6000000000000014 11.474473927817657
1.8000000000000007 12.855323505973095
2.0 14.250094419316548
2.200000000000001 15.602851143324916
2.4000000000000004 16.860905987664832
2.6000000000000014 17.922488385598736
2.8000000000000007 18.772118560753523
3.0 19.418643964600168
3.200000000000001 19.888314779753987
3.4000000000000004 20.217307025077766
3.6000000000000014 20.44120684794521
3.8000000000000007 20.591368236080164
4.0 20.690278773561282
Result sigma optimization:  -3.0 1.9532751676729603
E_max_2 =  700
Cutoff Radius =  6.0
Selected Radial Transform =  22.0
factor =  1.1
displacement =  0.0
dataset =  datasets/qm9.xyz
n_train =  1500
n_test =  2000
Train RMSE: 0.20940558461550682 [Train MAE: 0.1579181619867334]
Test RMSE: 2.6717845859147857 [Test MAE: 1.745971344196752]
FINISHED at Tue Jan 10 11:25:16 CET 2023
