STARTING AT Tue Jan 10 10:28:51 CET 2023
Random seed: 1000
7 18
Reading dataset
Shuffling and extracting from dataset (length: 105092)
Shuffling and extraction done
Calculating power spectrum
Expansion coefficients done
Computing training kernel
     Calculating kernels for center species 79
     Calculating kernels for center species 79
Beginning first index add...
Beginning second index add...
Training kernel done
Computing test kernel
     Calculating kernels for center species 79
     Calculating kernels for center species 79
Beginning first index add...
Beginning second index add...
Test kernel done
Calculating composition features
Composition features done
-8.0 123.75046295787072
-7.8 123.01276490460161
-7.6 122.14043001629628
-7.4 121.10826142554379
-7.2 119.88468057316804
-7.0 118.4330544543262
-6.8 116.71896156136745
-6.6 114.71679671491076
-6.4 112.41357539721727
-6.2 109.8175465959825
-6.0 106.97683821973891
-5.8 103.99449127139104
-5.6 101.01601032285245
-5.4 98.18487024883778
-5.199999999999999 95.58922766746471
-5.0 93.23108800713914
-4.8 91.03985865119333
-4.6 88.92710879958203
-4.4 86.84726121615542
-4.199999999999999 84.82523370415956
-4.0 82.94246610029813
-3.8 81.29972733140218
-3.5999999999999996 79.98038686032973
-3.3999999999999995 79.03335580820796
-3.1999999999999993 78.48035599584553
-3.0 78.33232121732644
-2.8 78.60070141217207
-2.5999999999999996 79.30624095704287
-2.3999999999999995 80.48723426495475
-2.1999999999999993 82.195179006844
-2.0 84.47304058934645
-1.7999999999999998 87.33666620802043
-1.5999999999999996 90.77915108851211
-1.3999999999999995 94.78563911854161
-1.1999999999999993 99.33221768498353
-1.0 104.3719128286527
-0.7999999999999998 109.84088100473714
-0.5999999999999996 115.7021924221686
-0.39999999999999947 121.99263912458645
-0.1999999999999993 128.8160250230772
0.0 136.2926309500591
0.20000000000000107 144.5542486158494
0.40000000000000036 153.82617704088918
0.5999999999999996 164.50742543555936
0.8000000000000007 177.12387306851014
1.0 192.13475783562004
1.200000000000001 209.70748160242547
1.4000000000000004 229.6181038587329
1.6000000000000014 251.40232683474983
1.8000000000000007 274.77979573688765
2.0 300.10845668024933
2.200000000000001 328.37076267988954
2.4000000000000004 360.44866656222587
2.6000000000000014 396.27984487167356
2.8000000000000007 434.982346585057
3.0 476.0671113327451
3.200000000000001 520.2321698013849
3.4000000000000004 568.305755344632
3.6000000000000014 619.1484362767717
3.8000000000000007 669.0606353049923
4.0 713.627980714641
Result sigma optimization:  -3.0 78.33232121732644
E_max_2 =  600
Cutoff Radius =  6.0
Selected Radial Transform =  22.0
factor =  0.5
displacement =  0.0
dataset =  datasets/gold.xyz
n_train =  1500
n_test =  2000
Train RMSE: 49.43640678688847 [Train MAE: 34.7403253356327]
Test RMSE: 77.69320923449936 [Test MAE: 50.33852210743715]
FINISHED at Tue Jan 10 10:30:09 CET 2023
