STARTING AT Tue Jan 10 10:29:25 CET 2023
Random seed: 1000
6 14
Reading dataset
Shuffling and extracting from dataset (length: 105092)
Shuffling and extraction done
Calculating power spectrum
Expansion coefficients done
Computing training kernel
     Calculating kernels for center species 79
     Calculating kernels for center species 79
Beginning first index add...
Beginning second index add...
Training kernel done
Computing test kernel
     Calculating kernels for center species 79
     Calculating kernels for center species 79
Beginning first index add...
Beginning second index add...
Test kernel done
Calculating composition features
Composition features done
-8.0 95.61499807114237
-7.8 96.28020551346796
-7.6 97.06994644371238
-7.4 97.93912234106453
-7.2 98.83223181516118
-7.0 99.70297140811203
-6.8 100.52743722934339
-6.6 101.30154340170866
-6.4 102.02994940730449
-6.2 102.72167803845649
-6.0 103.3963020928302
-5.8 104.08999487367676
-5.6 104.85042360914532
-5.4 105.7213165436791
-5.199999999999999 106.72650824778414
-5.0 107.86206602658663
-4.8 109.0995960431277
-4.6 110.3973070217787
-4.4 111.71303544031012
-4.199999999999999 113.02002652005629
-4.0 114.32607119297533
-3.8 115.68455470041576
-3.5999999999999996 117.18471014683935
-3.3999999999999995 118.92487421714792
-3.1999999999999993 120.99696857921914
-3.0 123.52114798203716
-2.8 126.73423010881973
-2.5999999999999996 131.08550045264408
-2.3999999999999995 137.2777462161361
-2.1999999999999993 146.16300898785747
-2.0 158.36938481598315
-1.7999999999999998 173.71577571641967
-1.5999999999999996 190.91098515510276
-1.3999999999999995 208.039455178193
-1.1999999999999993 223.52848284302334
-1.0 236.78805202167686
-0.7999999999999998 248.2101067015439
-0.5999999999999996 258.8418113063137
-0.39999999999999947 270.07716198200495
-0.1999999999999993 283.3497107633085
0.0 299.650995522939
0.20000000000000107 319.07527415614663
0.40000000000000036 340.89035707252697
0.5999999999999996 364.08955242182844
0.8000000000000007 387.878177863477
1.0 412.06840071832875
1.200000000000001 437.7042664360979
1.4000000000000004 467.5013076682454
1.6000000000000014 505.00454203967394
1.8000000000000007 552.0614141023824
2.0 606.3810990910471
2.200000000000001 661.9680621109837
2.4000000000000004 712.353133081915
2.6000000000000014 753.5295820870368
2.8000000000000007 784.6030071159563
3.0 806.7824556821279
3.200000000000001 822.1053304978979
3.4000000000000004 832.5965821244738
3.6000000000000014 839.8848526458218
3.8000000000000007 845.0973453915
4.0 848.9143250918929
Result sigma optimization:  -8.0 95.61499807114237
E_max_2 =  400
Cutoff Radius =  6.0
Selected Radial Transform =  22.0
factor =  0.9
displacement =  0.0
dataset =  datasets/gold.xyz
n_train =  1500
n_test =  2000
Train RMSE: 75.62805754200485 [Train MAE: 56.3526267552976]
Test RMSE: 96.99922606849404 [Test MAE: 68.15870437098664]
FINISHED at Tue Jan 10 10:30:10 CET 2023
