STARTING AT Tue Jan 10 09:55:14 CET 2023
Random seed: 1000
8 20
Reading dataset
Shuffling and extracting from dataset (length: 10000)
Shuffling and extraction done
Calculating power spectrum
Expansion coefficients done
Computing training kernel
     Calculating kernels for center species 1
     Calculating kernels for center species 1
Beginning first index add...
Beginning second index add...
     Calculating kernels for center species 6
     Calculating kernels for center species 6
Beginning first index add...
Beginning second index add...
Training kernel done
Computing test kernel
     Calculating kernels for center species 1
     Calculating kernels for center species 1
Beginning first index add...
Beginning second index add...
     Calculating kernels for center species 6
     Calculating kernels for center species 6
Beginning first index add...
Beginning second index add...
Test kernel done
Calculating composition features
Composition features done
-8.0 144.1476576729787
-7.8 124.93578686594404
-7.6 107.50870354654418
-7.4 91.8667282869846
-7.2 78.14119470107305
-7.0 66.47298585250302
-6.8 56.9095420064355
-6.6 49.33447227436827
-6.4 43.46252615530803
-6.2 38.91530143002855
-6.0 35.36926718349041
-5.8 32.68683361822151
-5.6 30.888242832335607
-5.4 29.97065516664485
-5.199999999999999 29.773142447582305
-5.0 30.0216865349183
-4.8 30.457960708259044
-4.6 30.91520994839837
-4.4 31.321521334914387
-4.199999999999999 31.669094995443384
-4.0 31.984430360592015
-3.8 32.31223455521099
-3.5999999999999996 32.702164618859875
-3.3999999999999995 33.18819535078296
-3.1999999999999993 33.76995448439704
-3.0 34.41188733070934
-2.8 35.061276768765886
-2.5999999999999996 35.67191444768551
-2.3999999999999995 36.2222371507445
-2.1999999999999993 36.7257854875541
-2.0 37.23417472809487
-1.7999999999999998 37.82830777693958
-1.5999999999999996 38.59140409697942
-1.3999999999999995 39.57041377881277
-1.1999999999999993 40.76044094335877
-1.0 42.14793283034906
-0.7999999999999998 43.79361461237001
-0.5999999999999996 45.881356143781254
-0.39999999999999947 48.65602915518073
-0.1999999999999993 52.23674241709682
0.0 56.43770177246357
0.20000000000000107 60.79883251805223
0.40000000000000036 64.82297017602478
0.5999999999999996 68.19182003554927
0.8000000000000007 70.81236215946926
1.0 72.74402685228546
1.200000000000001 74.1114565755163
1.4000000000000004 75.04940779476443
1.6000000000000014 75.67710710633433
1.8000000000000007 76.0893994202041
2.0 76.35651723664743
2.200000000000001 76.52784724755315
2.4000000000000004 76.63685258117204
2.6000000000000014 76.7056156454996
2.8000000000000007 76.7484296996218
3.0 76.77441037190808
3.200000000000001 76.78931744372183
3.4000000000000004 76.79681528150407
3.6000000000000014 76.79934863668176
3.8000000000000007 76.79871706739335
4.0 76.79636006930959
Result sigma optimization:  -5.199999999999999 29.773142447582305
E_max_2 =  700
Cutoff Radius =  6.0
Selected Radial Transform =  22.0
factor =  4.0
displacement =  0.0
dataset =  datasets/random-ch4-10k.extxyz
n_train =  1500
n_test =  2000
Train RMSE: 25.900566218681114 [Train MAE: 20.258709671432317]
Test RMSE: 32.87178534724485 [Test MAE: 23.21539838621766]
FINISHED at Tue Jan 10 09:56:05 CET 2023
