STARTING AT Tue Jan 10 10:31:05 CET 2023
Random seed: 1000
6 14
Reading dataset
Shuffling and extracting from dataset (length: 105092)
Shuffling and extraction done
Calculating power spectrum
Expansion coefficients done
Computing training kernel
     Calculating kernels for center species 79
     Calculating kernels for center species 79
Beginning first index add...
Beginning second index add...
Training kernel done
Computing test kernel
     Calculating kernels for center species 79
     Calculating kernels for center species 79
Beginning first index add...
Beginning second index add...
Test kernel done
Calculating composition features
Composition features done
-8.0 515.2780230989231
-7.8 518.8635721369852
-7.6 521.1858171037383
-7.4 522.6756166342165
-7.2 523.6254746539196
-7.0 524.2286414551997
-6.8 524.6107047346391
-6.6 524.8526303635159
-6.4 525.0069513947434
-6.2 525.1093508916799
-6.0 525.1884481875439
-5.8 525.2774976557442
-5.6 525.4348234709255
-5.4 525.7863373163448
-5.199999999999999 526.6155517772276
-5.0 528.5401516833949
-4.8 532.8031616326314
-4.6 541.5912101788583
-4.4 557.9748982034351
-4.199999999999999 584.7695125981289
-4.0 622.2904687713412
-3.8 666.8695587898133
-3.5999999999999996 712.2129188366364
-3.3999999999999995 752.5911764153891
-3.1999999999999993 784.9654170620413
-3.0 808.9805982980594
-2.8 825.8439486409432
-2.5999999999999996 837.2511339047517
-2.3999999999999995 844.7785445112582
-2.1999999999999993 849.6660848357214
-2.0 852.8066553801859
-1.7999999999999998 854.811271593331
-1.5999999999999996 856.0853928288975
-1.3999999999999995 856.8930374457683
-1.1999999999999993 857.4041160337906
-1.0 857.7271753805089
-0.7999999999999998 857.9312408744486
-0.5999999999999996 858.0600779947255
-0.39999999999999947 858.1413838104187
-0.1999999999999993 858.1926634098772
0.0 858.2249676944216
0.20000000000000107 858.245262521534
0.40000000000000036 858.2579258885074
0.5999999999999996 858.2656905127443
0.8000000000000007 858.2702330708472
1.0 858.2725367132723
1.200000000000001 858.2731056213715
1.4000000000000004 858.2720799298407
1.6000000000000014 858.2692808965943
1.8000000000000007 858.2642078665585
2.0 858.2560121518427
2.200000000000001 858.2434935860127
2.4000000000000004 858.2252061113263
2.6000000000000014 858.1997992496828
2.8000000000000007 858.1666824627541
3.0 858.1268509334208
3.200000000000001 858.0832955708306
3.4000000000000004 858.0403492243814
3.6000000000000014 858.0021087527406
3.8000000000000007 857.9710272701951
4.0 857.9475830835187
Result sigma optimization:  -8.0 515.2780230989231
E_max_2 =  400
Cutoff Radius =  6.0
Selected Radial Transform =  22.0
factor =  3.0
displacement =  0.0
dataset =  datasets/gold.xyz
n_train =  1500
n_test =  2000
Train RMSE: 513.2732020295523 [Train MAE: 397.0868379384495]
Test RMSE: 504.06260888353506 [Test MAE: 388.4563008986849]
FINISHED at Tue Jan 10 10:32:17 CET 2023
