STARTING AT Tue Jan 10 09:52:57 CET 2023
Random seed: 1000
6 14
Reading dataset
Shuffling and extracting from dataset (length: 10000)
Shuffling and extraction done
Calculating power spectrum
Expansion coefficients done
Computing training kernel
     Calculating kernels for center species 1
     Calculating kernels for center species 1
Beginning first index add...
Beginning second index add...
     Calculating kernels for center species 6
     Calculating kernels for center species 6
Beginning first index add...
Beginning second index add...
Training kernel done
Computing test kernel
     Calculating kernels for center species 1
     Calculating kernels for center species 1
Beginning first index add...
Beginning second index add...
     Calculating kernels for center species 6
     Calculating kernels for center species 6
Beginning first index add...
Beginning second index add...
Test kernel done
Calculating composition features
Composition features done
-8.0 27.997802168168224
-7.8 27.998002101047206
-7.6 27.998324648836032
-7.4 27.99884967175006
-7.2 27.999714905884595
-7.0 28.00116351471354
-6.8 28.00363277510895
-6.6 28.007912537992535
-6.4 28.015403645845083
-6.2 28.02847378695518
-6.0 28.05080225284423
-5.8 28.087398243539948
-5.6 28.143746657187044
-5.4 28.223677485390052
-5.199999999999999 28.32660933472697
-5.0 28.44607973443511
-4.8 28.570730188493492
-4.6 28.68636747718901
-4.4 28.777562835541012
-4.199999999999999 28.83035908273004
-4.0 28.838122573247812
-3.8 28.808068241332325
-3.5999999999999996 28.76332030269785
-3.3999999999999995 28.738864141004832
-3.1999999999999993 28.77453255927403
-3.0 28.909276529037307
-2.8 29.177511402275382
-2.5999999999999996 29.603663872718254
-2.3999999999999995 30.193559228811427
-2.1999999999999993 30.929612466392527
-2.0 31.777071791386746
-1.7999999999999998 32.69924426518241
-1.5999999999999996 33.67409427553939
-1.3999999999999995 34.70617158117119
-1.1999999999999993 35.82777659760631
-1.0 37.08409123045751
-0.7999999999999998 38.5073720441907
-0.5999999999999996 40.09832225438385
-0.39999999999999947 41.83377225456571
-0.1999999999999993 43.70043579480816
0.0 45.72446487542292
0.20000000000000107 47.96116893841699
0.40000000000000036 50.44603156386825
0.5999999999999996 53.147232096864236
0.8000000000000007 55.95745464627861
1.0 58.72868733929111
1.200000000000001 61.32532618936093
1.4000000000000004 63.66637734026388
1.6000000000000014 65.73916839063344
1.8000000000000007 67.5797575725999
2.0 69.23006604128233
2.200000000000001 70.7030676118794
2.4000000000000004 71.98382410108015
2.6000000000000014 73.05461691107102
2.8000000000000007 73.91325253997586
3.0 74.575948306959
3.200000000000001 75.07369385093672
3.4000000000000004 75.44647726868803
3.6000000000000014 75.73479226317227
3.8000000000000007 75.97002444815587
4.0 76.16872319497166
Result sigma optimization:  -8.0 27.997802168168224
E_max_2 =  400
Cutoff Radius =  6.0
Selected Radial Transform =  22.0
factor =  0.4
displacement =  0.0
dataset =  datasets/random-ch4-10k.extxyz
n_train =  1500
n_test =  2000
Train RMSE: 0.006074454577001814 [Train MAE: 0.004381620849015288]
Test RMSE: 36.4145050505753 [Test MAE: 16.942556605313023]
FINISHED at Tue Jan 10 09:57:30 CET 2023
