STARTING AT Tue Jan 10 11:23:03 CET 2023
Random seed: 1000
6 14
Reading dataset
Shuffling and extracting from dataset (length: 133885)
Shuffling and extraction done
Calculating power spectrum
Expansion coefficients done
Computing training kernel
     Calculating kernels for center species 1
     Calculating kernels for center species 1
Beginning first index add...
Beginning second index add...
     Calculating kernels for center species 6
     Calculating kernels for center species 6
Beginning first index add...
Beginning second index add...
     Calculating kernels for center species 7
     Calculating kernels for center species 7
Beginning first index add...
Beginning second index add...
     Calculating kernels for center species 8
     Calculating kernels for center species 8
Beginning first index add...
Beginning second index add...
     Calculating kernels for center species 9
     Calculating kernels for center species 9
Beginning first index add...
Beginning second index add...
Training kernel done
Computing test kernel
     Calculating kernels for center species 1
     Calculating kernels for center species 1
Beginning first index add...
Beginning second index add...
     Calculating kernels for center species 6
     Calculating kernels for center species 6
Beginning first index add...
Beginning second index add...
     Calculating kernels for center species 7
     Calculating kernels for center species 7
Beginning first index add...
Beginning second index add...
     Calculating kernels for center species 8
     Calculating kernels for center species 8
Beginning first index add...
Beginning second index add...
     Calculating kernels for center species 9
     Calculating kernels for center species 9
Beginning first index add...
Beginning second index add...
Test kernel done
Calculating composition features
Composition features done
-8.0 4.718745133443367
-7.8 5.048052844039921
-7.6 5.413016124353336
-7.4 5.805504213380375
-7.2 6.2233706146325956
-7.0 6.632830555649455
-6.8 7.034649516801835
-6.6 7.434215281954869
-6.4 7.818717955183955
-6.2 8.194158057735748
-6.0 8.573163976757302
-5.8 8.986292949562873
-5.6 9.419264043883402
-5.4 9.88777428819986
-5.199999999999999 10.388553724356365
-5.0 10.919757162197628
-4.8 11.479306934608514
-4.6 12.060974647303171
-4.4 12.662050310619582
-4.199999999999999 13.260994490501956
-4.0 13.851272607209452
-3.8 14.453619305653866
-3.5999999999999996 15.062969461483076
-3.3999999999999995 15.669356106509731
-3.1999999999999993 16.267718532966434
-3.0 16.8552585684084
-2.8 17.416005875397747
-2.5999999999999996 17.93924191411122
-2.3999999999999995 18.387347914099266
-2.1999999999999993 18.768463031289333
-2.0 19.073959660772466
-1.7999999999999998 19.322617603510114
-1.5999999999999996 19.534923657642434
-1.3999999999999995 19.732280236829098
-1.1999999999999993 19.926606876639504
-1.0 20.11937508783236
-0.7999999999999998 20.306548724821084
-0.5999999999999996 20.47199303480072
-0.39999999999999947 20.609160847503528
-0.1999999999999993 20.7104123328937
0.0 20.781135825649358
0.20000000000000107 20.827731779439404
0.40000000000000036 20.857690411008235
0.5999999999999996 20.875678729076242
0.8000000000000007 20.88536783529714
1.0 20.889374528845693
1.200000000000001 20.889672633617046
1.4000000000000004 20.8878878348012
1.6000000000000014 20.88536554257603
1.8000000000000007 20.88276674085643
2.0 20.880402554410733
2.200000000000001 20.87842156977343
2.4000000000000004 20.876858068941434
2.6000000000000014 20.875476430280997
2.8000000000000007 20.874127324735966
3.0 20.872732742206672
3.200000000000001 20.871300150079936
3.4000000000000004 20.869886418313907
3.6000000000000014 20.868615908118834
3.8000000000000007 20.867576165324202
4.0 20.866765433605114
Result sigma optimization:  -8.0 4.718745133443367
E_max_2 =  400
Cutoff Radius =  6.0
Selected Radial Transform =  22.0
factor =  4.0
displacement =  0.0
dataset =  datasets/qm9.xyz
n_train =  1500
n_test =  2000
Train RMSE: 6.108346607046813 [Train MAE: 4.336530494650114]
Test RMSE: 6.75956248112079 [Test MAE: 4.628221868750051]
FINISHED at Tue Jan 10 11:24:39 CET 2023
