STARTING AT Tue Jan 10 11:22:43 CET 2023
Random seed: 1000
5 11
Reading dataset
Shuffling and extracting from dataset (length: 133885)
Shuffling and extraction done
Calculating power spectrum
Expansion coefficients done
Computing training kernel
     Calculating kernels for center species 1
     Calculating kernels for center species 1
Beginning first index add...
Beginning second index add...
     Calculating kernels for center species 6
     Calculating kernels for center species 6
Beginning first index add...
Beginning second index add...
     Calculating kernels for center species 7
     Calculating kernels for center species 7
Beginning first index add...
Beginning second index add...
     Calculating kernels for center species 8
     Calculating kernels for center species 8
Beginning first index add...
Beginning second index add...
     Calculating kernels for center species 9
     Calculating kernels for center species 9
Beginning first index add...
Beginning second index add...
Training kernel done
Computing test kernel
     Calculating kernels for center species 1
     Calculating kernels for center species 1
Beginning first index add...
Beginning second index add...
     Calculating kernels for center species 6
     Calculating kernels for center species 6
Beginning first index add...
Beginning second index add...
     Calculating kernels for center species 7
     Calculating kernels for center species 7
Beginning first index add...
Beginning second index add...
     Calculating kernels for center species 8
     Calculating kernels for center species 8
Beginning first index add...
Beginning second index add...
     Calculating kernels for center species 9
     Calculating kernels for center species 9
Beginning first index add...
Beginning second index add...
Test kernel done
Calculating composition features
Composition features done
-8.0 2.124495414540424
-7.8 2.1828809883453455
-7.6 2.2607269626029107
-7.4 2.351476902510447
-7.2 2.4569176927043395
-7.0 2.574181395767897
-6.8 2.708433383609071
-6.6 2.8822468190785537
-6.4 3.1016162014375634
-6.2 3.3652601333922356
-6.0 3.656493888120497
-5.8 3.9757863348921334
-5.6 4.318387878028036
-5.4 4.6877717850362535
-5.199999999999999 5.076309704416781
-5.0 5.48027318012823
-4.8 5.888556753257173
-4.6 6.3260152410618415
-4.4 6.831300769427141
-4.199999999999999 7.42162376802695
-4.0 8.10172402002385
-3.8 8.858236360985961
-3.5999999999999996 9.700389242815982
-3.3999999999999995 10.649119593793541
-3.1999999999999993 11.684736286098758
-3.0 12.834897733902451
-2.8 14.023319104361692
-2.5999999999999996 15.151594303318515
-2.3999999999999995 16.146400689944066
-2.1999999999999993 16.993022775000927
-2.0 17.67941526755011
-1.7999999999999998 18.22720356951173
-1.5999999999999996 18.672425777626916
-1.3999999999999995 19.04183427901043
-1.1999999999999993 19.35288039838582
-1.0 19.636271674950283
-0.7999999999999998 19.893735730328128
-0.5999999999999996 20.130040454672404
-0.39999999999999947 20.335797727634578
-0.1999999999999993 20.505318850641633
0.0 20.63360614009255
0.20000000000000107 20.722801961127328
0.40000000000000036 20.782060991244695
0.5999999999999996 20.819662187243818
0.8000000000000007 20.84242683188179
1.0 20.85591841891295
1.200000000000001 20.863766645223055
1.4000000000000004 20.868157288104985
1.6000000000000014 20.87055870589155
1.8000000000000007 20.87172198850042
2.0 20.87205535626692
2.200000000000001 20.87177132375998
2.4000000000000004 20.871041036999
2.6000000000000014 20.87004064981959
2.8000000000000007 20.868936575684234
3.0 20.867930001438914
3.200000000000001 20.867080052074026
3.4000000000000004 20.866418032849516
3.6000000000000014 20.8659358513891
3.8000000000000007 20.865601108809173
4.0 20.86537627647256
Result sigma optimization:  -8.0 2.124495414540424
E_max_2 =  300
Cutoff Radius =  6.0
Selected Radial Transform =  22.0
factor =  2.8
displacement =  0.0
dataset =  datasets/qm9.xyz
n_train =  1500
n_test =  2000
Train RMSE: 2.3204698614175747 [Train MAE: 1.6718082813511665]
Test RMSE: 2.885207643688887 [Test MAE: 1.986836329328256]
FINISHED at Tue Jan 10 11:25:56 CET 2023
