STARTING AT Tue Jan 10 10:30:37 CET 2023
Random seed: 1000
6 14
Reading dataset
Shuffling and extracting from dataset (length: 105092)
Shuffling and extraction done
Calculating power spectrum
Expansion coefficients done
Computing training kernel
     Calculating kernels for center species 79
     Calculating kernels for center species 79
Beginning first index add...
Beginning second index add...
Training kernel done
Computing test kernel
     Calculating kernels for center species 79
     Calculating kernels for center species 79
Beginning first index add...
Beginning second index add...
Test kernel done
Calculating composition features
Composition features done
-8.0 170.0794543536384
-7.8 180.5835343462303
-7.6 196.75038002404727
-7.4 218.80642156552685
-7.2 245.6482855175821
-7.0 275.0563492478557
-6.8 304.2837990755553
-6.6 330.8607747719249
-6.4 353.2500038021683
-6.2 370.9769763805997
-6.0 384.32606926886314
-5.8 393.9649778257383
-5.6 400.6819425377583
-5.4 405.2292376689519
-5.199999999999999 408.2401962004729
-5.0 410.2023254854206
-4.8 411.4675914353039
-4.6 412.2797257404499
-4.4 412.8048376453291
-4.199999999999999 413.1600929837902
-4.0 413.44233114257753
-3.8 413.76546088950084
-3.5999999999999996 414.32585267702524
-3.3999999999999995 415.53215440428676
-3.1999999999999993 418.2554804046995
-3.0 424.2387387288292
-2.8 436.528541403779
-2.5999999999999996 459.31819750410284
-2.3999999999999995 496.21982064403284
-2.1999999999999993 547.1836110658654
-2.0 606.88579647422
-1.7999999999999998 666.943712911288
-1.5999999999999996 720.050600461253
-1.3999999999999995 762.4681616278095
-1.1999999999999993 793.8756073999625
-1.0 815.9119010789684
-0.7999999999999998 830.8133927675163
-0.5999999999999996 840.6454146385342
-0.39999999999999947 847.0290587007777
-0.1999999999999993 851.1309021216244
0.0 853.7490419754052
0.20000000000000107 855.4130319806375
0.40000000000000036 856.4676715764382
0.5999999999999996 857.1348293314379
0.8000000000000007 857.5561993941964
1.0 857.8218131217271
1.200000000000001 857.9886415250808
1.4000000000000004 858.0925649617355
1.6000000000000014 858.155999594431
1.8000000000000007 858.1927184197793
2.0 858.2108852237969
2.200000000000001 858.2149886605123
2.4000000000000004 858.2071735210926
2.6000000000000014 858.188357483303
2.8000000000000007 858.1593856102061
3.0 858.122164423576
3.200000000000001 858.0802630444919
3.4000000000000004 858.038376845719
3.6000000000000014 858.0008248219101
3.8000000000000007 857.9701941827288
4.0 857.9470454753255
Result sigma optimization:  -8.0 170.0794543536384
E_max_2 =  400
Cutoff Radius =  6.0
Selected Radial Transform =  22.0
factor =  2.3
displacement =  0.0
dataset =  datasets/gold.xyz
n_train =  1500
n_test =  2000
Train RMSE: 167.47394375697198 [Train MAE: 142.78578489993572]
Test RMSE: 173.44602309118315 [Test MAE: 146.8079466764097]
FINISHED at Tue Jan 10 10:31:30 CET 2023
