STARTING AT Tue Jan 10 11:22:54 CET 2023
Random seed: 1000
6 14
Reading dataset
Shuffling and extracting from dataset (length: 133885)
Shuffling and extraction done
Calculating power spectrum
Expansion coefficients done
Computing training kernel
     Calculating kernels for center species 1
     Calculating kernels for center species 1
Beginning first index add...
Beginning second index add...
     Calculating kernels for center species 6
     Calculating kernels for center species 6
Beginning first index add...
Beginning second index add...
     Calculating kernels for center species 7
     Calculating kernels for center species 7
Beginning first index add...
Beginning second index add...
     Calculating kernels for center species 8
     Calculating kernels for center species 8
Beginning first index add...
Beginning second index add...
     Calculating kernels for center species 9
     Calculating kernels for center species 9
Beginning first index add...
Beginning second index add...
Training kernel done
Computing test kernel
     Calculating kernels for center species 1
     Calculating kernels for center species 1
Beginning first index add...
Beginning second index add...
     Calculating kernels for center species 6
     Calculating kernels for center species 6
Beginning first index add...
Beginning second index add...
     Calculating kernels for center species 7
     Calculating kernels for center species 7
Beginning first index add...
Beginning second index add...
     Calculating kernels for center species 8
     Calculating kernels for center species 8
Beginning first index add...
Beginning second index add...
     Calculating kernels for center species 9
     Calculating kernels for center species 9
Beginning first index add...
Beginning second index add...
Test kernel done
Calculating composition features
Composition features done
-8.0 2.043700713971804
-7.8 2.103361045021894
-7.6 2.1749696629559425
-7.4 2.260415864555262
-7.2 2.352192162496872
-7.0 2.452061234788329
-6.8 2.564694866799924
-6.6 2.6948783307682995
-6.4 2.859725048972546
-6.2 3.062143006742214
-6.0 3.305739606617232
-5.8 3.588460804015767
-5.6 3.9069869828740096
-5.4 4.263064462705845
-5.199999999999999 4.644897308140392
-5.0 5.041303565304008
-4.8 5.448385614665439
-4.6 5.851493886073411
-4.4 6.256171986109266
-4.199999999999999 6.672315067334159
-4.0 7.127586963120237
-3.8 7.6425736868723275
-3.5999999999999996 8.220658486000389
-3.3999999999999995 8.865651692873953
-3.1999999999999993 9.579361224617058
-3.0 10.384619861831442
-2.8 11.322941889755178
-2.5999999999999996 12.390074816311333
-2.3999999999999995 13.545697513579045
-2.1999999999999993 14.693261204579084
-2.0 15.719824539995862
-1.7999999999999998 16.6089768962364
-1.5999999999999996 17.349793503514004
-1.3999999999999995 17.95171403827442
-1.1999999999999993 18.438774406922388
-1.0 18.843176673678013
-0.7999999999999998 19.179127807525596
-0.5999999999999996 19.472985315497205
-0.39999999999999947 19.74305861910909
-0.1999999999999993 19.993503337167073
0.0 20.218238106600783
0.20000000000000107 20.410418228621065
0.40000000000000036 20.564670556688014
0.5999999999999996 20.67675235747738
0.8000000000000007 20.753370786676754
1.0 20.803354165801874
1.200000000000001 20.834415722108726
1.4000000000000004 20.8526447630495
1.6000000000000014 20.862912239397843
1.8000000000000007 20.868555585044184
2.0 20.871424526629553
2.200000000000001 20.872768694957845
2.4000000000000004 20.87328577900685
2.6000000000000014 20.873232913773005
2.8000000000000007 20.872727456454516
3.0 20.871868938412973
3.200000000000001 20.87077188848168
3.4000000000000004 20.869570658974006
3.6000000000000014 20.86842968007804
3.8000000000000007 20.867466699346267
4.0 20.866700876654424
Result sigma optimization:  -8.0 2.043700713971804
E_max_2 =  400
Cutoff Radius =  6.0
Selected Radial Transform =  22.0
factor =  3.0
displacement =  0.0
dataset =  datasets/qm9.xyz
n_train =  1500
n_test =  2000
Train RMSE: 2.1014182996430404 [Train MAE: 1.5260638517832068]
Test RMSE: 2.8721922502844426 [Test MAE: 1.912621937832629]
FINISHED at Tue Jan 10 11:24:13 CET 2023
