STARTING AT Tue Jan 10 09:53:55 CET 2023
Random seed: 1000
5 11
Reading dataset
Shuffling and extracting from dataset (length: 10000)
Shuffling and extraction done
Calculating power spectrum
Expansion coefficients done
Computing training kernel
     Calculating kernels for center species 1
     Calculating kernels for center species 1
Beginning first index add...
Beginning second index add...
     Calculating kernels for center species 6
     Calculating kernels for center species 6
Beginning first index add...
Beginning second index add...
Training kernel done
Computing test kernel
     Calculating kernels for center species 1
     Calculating kernels for center species 1
Beginning first index add...
Beginning second index add...
     Calculating kernels for center species 6
     Calculating kernels for center species 6
Beginning first index add...
Beginning second index add...
Test kernel done
Calculating composition features
Composition features done
-8.0 20.406373912496395
-7.8 18.42355081809193
-7.6 16.795022521483975
-7.4 15.491570953281826
-7.2 14.484490706362113
-7.0 13.745774126975377
-6.8 13.24529083918472
-6.6 12.938135824919152
-6.4 12.759423598700844
-6.2 12.640816535184488
-6.0 12.535391402988948
-5.8 12.42764187125197
-5.6 12.324593542260882
-5.4 12.241618415713408
-5.199999999999999 12.192722620316182
-5.0 12.184470879939994
-4.8 12.213538772852468
-4.6 12.27163036388372
-4.4 12.35666792325065
-4.199999999999999 12.483511408664228
-4.0 12.689064796277828
-3.8 13.031177698062715
-3.5999999999999996 13.581724182111447
-3.3999999999999995 14.412169757610327
-3.1999999999999993 15.570347064038872
-3.0 17.053502974716448
-2.8 18.7921732080231
-2.5999999999999996 20.660437955627216
-2.3999999999999995 22.516509608621657
-2.1999999999999993 24.263096448975126
-2.0 25.905126819509242
-1.7999999999999998 27.58405157697261
-1.5999999999999996 29.57938309164469
-1.3999999999999995 32.259980925403504
-1.1999999999999993 35.95582014283406
-1.0 40.77216139412354
-0.7999999999999998 46.464656673997005
-0.5999999999999996 52.49457767396522
-0.39999999999999947 58.243547470203595
-0.1999999999999993 63.23820141033889
0.0 67.25322116977578
0.20000000000000107 70.28382647259531
0.40000000000000036 72.45967773311641
0.5999999999999996 73.96227574382792
0.8000000000000007 74.96996465237542
1.0 75.63127662494266
1.200000000000001 76.05829199038916
1.4000000000000004 76.33046939938598
1.6000000000000014 76.50200832758873
1.8000000000000007 76.60904812073719
2.0 76.67532695473918
2.200000000000001 76.71619700704164
2.4000000000000004 76.74139494405986
2.6000000000000014 76.75697471578273
2.8000000000000007 76.7666484518114
3.0 76.77268064733036
3.200000000000001 76.77645553867617
3.4000000000000004 76.77882418024642
3.6000000000000014 76.78031325577552
3.8000000000000007 76.78125058248932
4.0 76.78184109983079
Result sigma optimization:  -5.0 12.184470879939994
E_max_2 =  300
Cutoff Radius =  6.0
Selected Radial Transform =  22.0
factor =  1.6
displacement =  0.0
dataset =  datasets/random-ch4-10k.extxyz
n_train =  1500
n_test =  2000
Train RMSE: 8.312859464368218 [Train MAE: 6.558171396282004]
Test RMSE: 13.03865424112097 [Test MAE: 8.11828513925188]
FINISHED at Tue Jan 10 09:58:13 CET 2023
