STARTING AT Tue Jan 10 10:30:55 CET 2023
Random seed: 1000
6 14
Reading dataset
Shuffling and extracting from dataset (length: 105092)
Shuffling and extraction done
Calculating power spectrum
Expansion coefficients done
Computing training kernel
     Calculating kernels for center species 79
     Calculating kernels for center species 79
Beginning first index add...
Beginning second index add...
Training kernel done
Computing test kernel
     Calculating kernels for center species 79
     Calculating kernels for center species 79
Beginning first index add...
Beginning second index add...
Test kernel done
Calculating composition features
Composition features done
-8.0 333.72979389077796
-7.8 359.09306136438545
-7.6 381.26841629776044
-7.4 399.85776382265783
-7.2 414.7181078393095
-7.0 426.0032498614922
-6.8 434.16709036398424
-6.6 439.83798013308973
-6.4 443.6572174314754
-6.2 446.17320639412
-6.0 447.80580506588166
-5.8 448.85470037686304
-5.6 449.52468380209274
-5.4 449.9525348728278
-5.199999999999999 450.2300099337141
-5.0 450.4231586751133
-4.8 450.5918181805114
-4.6 450.81745235907835
-4.4 451.25563570772397
-4.199999999999999 452.2441009140773
-4.0 454.51526038783487
-3.8 459.55311278976126
-3.5999999999999996 469.99951316574715
-3.3999999999999995 489.61813546959286
-3.1999999999999993 521.9241169554916
-3.0 567.4153313693552
-2.8 621.7238839470942
-2.5999999999999996 677.2326786532805
-2.3999999999999995 726.9133131521229
-2.1999999999999993 766.9359444890536
-2.0 796.743740637837
-1.7999999999999998 817.7389384692768
-1.5999999999999996 831.9723811908136
-1.3999999999999995 841.3789656721582
-1.1999999999999993 847.492781552838
-1.0 851.4238854645943
-0.7999999999999998 853.9341487905118
-0.5999999999999996 855.5300747221934
-0.39999999999999947 856.5418602277296
-0.1999999999999993 857.1821578781077
0.0 857.5868764228661
0.20000000000000107 857.8424555187216
0.40000000000000036 858.0036954268166
0.5999999999999996 858.1052540671566
0.8000000000000007 858.1689957753974
1.0 858.2086588374647
1.200000000000001 858.2328023216113
1.4000000000000004 858.2466513210056
1.6000000000000014 858.2532364146484
1.8000000000000007 858.2540820939649
2.0 858.2496173603172
2.200000000000001 858.2394480935909
2.4000000000000004 858.22263695678
2.6000000000000014 858.1981552143018
2.8000000000000007 858.1656169386678
3.0 858.1261484517938
3.200000000000001 858.0828246000008
3.4000000000000004 858.0400303546386
3.6000000000000014 858.0018930215481
3.8000000000000007 857.9708826742626
4.0 857.9474874323846
Result sigma optimization:  -8.0 333.72979389077796
E_max_2 =  400
Cutoff Radius =  6.0
Selected Radial Transform =  22.0
factor =  2.6
displacement =  0.0
dataset =  datasets/gold.xyz
n_train =  1500
n_test =  2000
Train RMSE: 326.44106414052294 [Train MAE: 260.01488604601246]
Test RMSE: 326.0513144153836 [Test MAE: 256.362348016003]
FINISHED at Tue Jan 10 10:32:22 CET 2023
