STARTING AT Tue Jan 10 10:29:50 CET 2023
Random seed: 1000
7 18
Reading dataset
Shuffling and extracting from dataset (length: 105092)
Shuffling and extraction done
Calculating power spectrum
Expansion coefficients done
Computing training kernel
     Calculating kernels for center species 79
     Calculating kernels for center species 79
Beginning first index add...
Beginning second index add...
Training kernel done
Computing test kernel
     Calculating kernels for center species 79
     Calculating kernels for center species 79
Beginning first index add...
Beginning second index add...
Test kernel done
Calculating composition features
Composition features done
-8.0 117.23342471338995
-7.8 118.07044903523641
-7.6 118.93817629201718
-7.4 119.76693787605821
-7.2 120.50490410296793
-7.0 121.13069496905973
-6.8 121.6548539924902
-6.6 122.1182524838528
-6.4 122.59802330717059
-6.2 123.22300150532728
-6.0 124.19291523809987
-5.8 125.78606811421034
-5.6 128.331906962165
-5.4 132.12894178767473
-5.199999999999999 137.3236713291807
-5.0 143.80181091050542
-4.8 151.14201344417305
-4.6 158.67846021862383
-4.4 165.69942481986152
-4.199999999999999 171.6968903135949
-4.0 176.50128149639048
-3.8 180.24997845877775
-3.5999999999999996 183.3005584815608
-3.3999999999999995 186.21416007113703
-3.1999999999999993 189.8387263738627
-3.0 195.41145508415516
-2.8 204.48053582448486
-2.5999999999999996 218.39284038055592
-2.3999999999999995 237.39918913344147
-2.1999999999999993 260.07575273059666
-2.0 283.7993981764215
-1.7999999999999998 305.985402600379
-1.5999999999999996 325.05774725816127
-1.3999999999999995 340.61003883927077
-1.1999999999999993 353.0073312580011
-1.0 362.87828325063697
-0.7999999999999998 370.77068607701773
-0.5999999999999996 377.076852043624
-0.39999999999999947 382.1791969988373
-0.1999999999999993 386.6800433950282
0.0 391.6729359575081
0.20000000000000107 399.124467246152
0.40000000000000036 412.30549253693454
0.5999999999999996 435.70543968157875
0.8000000000000007 473.3907096855857
1.0 525.8406330954172
1.200000000000001 588.0225297363143
1.4000000000000004 651.3658563220375
1.6000000000000014 708.0203270438773
1.8000000000000007 753.6976349259635
2.0 787.7607714903808
2.200000000000001 811.7826202218524
2.4000000000000004 828.083157309611
2.6000000000000014 838.8619446903881
2.8000000000000007 845.8684296848761
3.0 850.3708770601927
3.200000000000001 853.2404432023769
3.4000000000000004 855.0561981859239
3.6000000000000014 856.1953778977003
3.8000000000000007 856.9010466584726
4.0 857.3295734501459
Result sigma optimization:  -8.0 117.23342471338995
E_max_2 =  600
Cutoff Radius =  6.0
Selected Radial Transform =  22.0
factor =  1.5
displacement =  0.0
dataset =  datasets/gold.xyz
n_train =  1500
n_test =  2000
Train RMSE: 111.85369780534997 [Train MAE: 87.36318489404472]
Test RMSE: 119.76231511801686 [Test MAE: 91.41843839548523]
FINISHED at Tue Jan 10 10:30:56 CET 2023
