STARTING AT Tue Jan 10 09:55:32 CET 2023
Random seed: 1000
7 18
Reading dataset
Shuffling and extracting from dataset (length: 10000)
Shuffling and extraction done
Calculating power spectrum
Expansion coefficients done
Computing training kernel
     Calculating kernels for center species 1
     Calculating kernels for center species 1
Beginning first index add...
Beginning second index add...
     Calculating kernels for center species 6
     Calculating kernels for center species 6
Beginning first index add...
Beginning second index add...
Training kernel done
Computing test kernel
     Calculating kernels for center species 1
     Calculating kernels for center species 1
Beginning first index add...
Beginning second index add...
     Calculating kernels for center species 6
     Calculating kernels for center species 6
Beginning first index add...
Beginning second index add...
Test kernel done
Calculating composition features
Composition features done
-8.0 40.17809151452625
-7.8 40.17804556218016
-7.6 40.1779726770432
-7.4 40.17785702521474
-7.2 40.17767338497601
-7.0 40.17738147505599
-6.8 40.176916680197124
-6.6 40.17617468187897
-6.4 40.174985452913134
-6.2 40.17306814426976
-6.0 40.16995051480664
-5.8 40.16482123445442
-5.6 40.15625385402112
-5.4 40.14168970797126
-5.199999999999999 40.116492333421824
-5.0 40.072341856559326
-4.8 39.994947841384054
-4.6 39.861923347560925
-4.4 39.643044368060536
-4.199999999999999 39.30532510118335
-4.0 38.82273667698156
-3.8 38.18680804282045
-3.5999999999999996 37.41319405993707
-3.3999999999999995 36.54105719367911
-3.1999999999999993 35.62548167387049
-3.0 34.726512744794356
-2.8 33.899313318412055
-2.5999999999999996 33.188419897583756
-2.3999999999999995 32.62691126008627
-2.1999999999999993 32.23748659895408
-2.0 32.030232075718274
-1.7999999999999998 31.998408165934592
-1.5999999999999996 32.12094391303232
-1.3999999999999995 32.3737234011262
-1.1999999999999993 32.74045847708697
-1.0 33.215838599978476
-0.7999999999999998 33.801811491614856
-0.5999999999999996 34.50012985413948
-0.39999999999999947 35.30604825471034
-0.1999999999999993 36.210549648989364
0.0 37.213862793653604
0.20000000000000107 38.343467485595625
0.40000000000000036 39.66409092197474
0.5999999999999996 41.270507186278124
0.8000000000000007 43.261325314698084
1.0 45.69309198063343
1.200000000000001 48.524568190338485
1.4000000000000004 51.59280879387834
1.6000000000000014 54.66322165930285
1.8000000000000007 57.53013555421278
2.0 60.09104398134121
2.200000000000001 62.3521358861501
2.4000000000000004 64.38456496838977
2.6000000000000014 66.2659661406556
2.8000000000000007 68.03603288223921
3.0 69.68705333109908
3.200000000000001 71.1826494121518
3.4000000000000004 72.48035011831577
3.6000000000000014 73.54918270413529
3.8000000000000007 74.38341608808304
4.0 75.00640436182378
Result sigma optimization:  -1.7999999999999998 31.998408165934592
E_max_2 =  600
Cutoff Radius =  6.0
Selected Radial Transform =  23.0
factor =  0.4
displacement =  0.0
dataset =  datasets/random-ch4-10k.extxyz
n_train =  1500
n_test =  2000
Train RMSE: 12.943646420924606 [Train MAE: 7.425340269505063]
Test RMSE: 37.92595550856176 [Test MAE: 15.038732418131575]
FINISHED at Tue Jan 10 09:56:36 CET 2023
