STARTING AT Tue Jan 10 09:55:35 CET 2023
Random seed: 1000
7 18
Reading dataset
Shuffling and extracting from dataset (length: 10000)
Shuffling and extraction done
Calculating power spectrum
Expansion coefficients done
Computing training kernel
     Calculating kernels for center species 1
     Calculating kernels for center species 1
Beginning first index add...
Beginning second index add...
     Calculating kernels for center species 6
     Calculating kernels for center species 6
Beginning first index add...
Beginning second index add...
Training kernel done
Computing test kernel
     Calculating kernels for center species 1
     Calculating kernels for center species 1
Beginning first index add...
Beginning second index add...
     Calculating kernels for center species 6
     Calculating kernels for center species 6
Beginning first index add...
Beginning second index add...
Test kernel done
Calculating composition features
Composition features done
-8.0 24.32322166994385
-7.8 24.3230546122946
-7.6 24.322790026078746
-7.4 24.322371139274924
-7.2 24.32170839459673
-7.0 24.320660873612958
-6.8 24.319007779583558
-6.6 24.31640543637671
-6.4 24.31232434506973
-6.2 24.305961484472853
-6.0 24.29612770260547
-5.8 24.281122894072684
-5.6 24.258636751790753
-5.4 24.225752616658355
-5.199999999999999 24.17918238982567
-5.0 24.11585647049567
-4.8 24.033687204275026
-4.6 23.93159763542575
-4.4 23.807809787434373
-4.199999999999999 23.657394162350787
-4.0 23.472447706248854
-3.8 23.24671643349272
-3.5999999999999996 22.98133607849136
-3.3999999999999995 22.686182036878836
-3.1999999999999993 22.37639440099829
-3.0 22.0700491649346
-2.8 21.790507333745705
-2.5999999999999996 21.567803500830774
-2.3999999999999995 21.43165742014024
-2.1999999999999993 21.39872561609044
-2.0 21.465371197747537
-1.7999999999999998 21.612640902602653
-1.5999999999999996 21.818492283693416
-1.3999999999999995 22.068553059335798
-1.1999999999999993 22.362088192327857
-1.0 22.713581338636963
-0.7999999999999998 23.150265453841705
-0.5999999999999996 23.707456774548543
-0.39999999999999947 24.426699828772083
-0.1999999999999993 25.361945750919325
0.0 26.591288062756455
0.20000000000000107 28.22026616724212
0.40000000000000036 30.35975783391709
0.5999999999999996 33.072688426838624
0.8000000000000007 36.31276527696134
1.0 39.90550209746606
1.200000000000001 43.598809552971325
1.4000000000000004 47.1536274005618
1.6000000000000014 50.42426833913944
1.8000000000000007 53.396316159393024
2.0 56.168244871772096
2.200000000000001 58.87919625446896
2.4000000000000004 61.61640376333209
2.6000000000000014 64.360400135535
2.8000000000000007 66.99852604102651
3.0 69.38246559976572
3.200000000000001 71.39083451885095
3.4000000000000004 72.97033703265413
3.6000000000000014 74.14058641195071
3.8000000000000007 74.96923027653966
4.0 75.53993444487517
Result sigma optimization:  -2.1999999999999993 21.39872561609044
E_max_2 =  600
Cutoff Radius =  6.0
Selected Radial Transform =  23.0
factor =  0.5
displacement =  0.0
dataset =  datasets/random-ch4-10k.extxyz
n_train =  1500
n_test =  2000
Train RMSE: 7.602371970844354 [Train MAE: 5.012300130232545]
Test RMSE: 27.81830411778204 [Test MAE: 11.472329070870636]
FINISHED at Tue Jan 10 09:56:39 CET 2023
