STARTING AT Tue Jan 10 10:33:42 CET 2023
Random seed: 1000
5 11
Reading dataset
Shuffling and extracting from dataset (length: 105092)
Shuffling and extraction done
Calculating power spectrum
Expansion coefficients done
Computing training kernel
     Calculating kernels for center species 79
     Calculating kernels for center species 79
Beginning first index add...
Beginning second index add...
Training kernel done
Computing test kernel
     Calculating kernels for center species 79
     Calculating kernels for center species 79
Beginning first index add...
Beginning second index add...
Test kernel done
Calculating composition features
Composition features done
-8.0 518.2578414382087
-7.8 518.729860631855
-7.6 519.0288770323564
-7.4 519.2192517072278
-7.2 519.3441397725371
-7.0 519.4365646824137
-6.8 519.5317464619679
-6.6 519.687244673133
-6.4 520.0239252375799
-6.2 520.8124690003707
-6.0 522.6444677640968
-5.8 526.72018423034
-5.6 535.1804934390515
-5.4 551.1029524284849
-5.199999999999999 577.4500219051819
-5.0 614.8286706157343
-4.8 659.8196549315081
-4.6 706.1201283776342
-4.4 747.7502979728795
-4.199999999999999 781.376675888809
-4.0 806.4554021954476
-3.8 824.131666739523
-3.5999999999999996 836.1189662489031
-3.3999999999999995 844.0423509516909
-3.1999999999999993 849.1925524493337
-3.0 852.5041960851687
-2.8 854.6189439573819
-2.5999999999999996 855.9634431512238
-2.3999999999999995 856.8158524941346
-2.1999999999999993 857.3553211977503
-2.0 857.6963539028179
-1.7999999999999998 857.9117874507841
-1.5999999999999996 858.0478139156525
-1.3999999999999995 858.1336713337508
-1.1999999999999993 858.187842924013
-1.0 858.2220020797448
-0.7999999999999998 858.2435142916393
-0.5999999999999996 858.2570199185703
-0.39999999999999947 858.2654330252547
-0.1999999999999993 858.2705693544951
0.0 858.273538044738
0.20000000000000107 858.2749814496315
0.40000000000000036 858.275215185339
0.5999999999999996 858.2742998498196
0.8000000000000007 858.2720629528949
1.0 858.268083032094
1.200000000000001 858.2616489046635
1.4000000000000004 858.2517199057569
1.6000000000000014 858.2369439445831
1.8000000000000007 858.2158369550986
2.0 858.1872499149499
2.200000000000001 858.1511389687829
2.4000000000000004 858.1093098592964
2.6000000000000014 858.0654459416968
2.8000000000000007 858.0239925361445
3.0 857.9884930344418
3.200000000000001 857.9605670112414
3.4000000000000004 857.9400293466051
3.6000000000000014 857.9256608160218
3.8000000000000007 857.9159556555351
4.0 857.9095549877937
Result sigma optimization:  -8.0 518.2578414382087
E_max_2 =  300
Cutoff Radius =  6.0
Selected Radial Transform =  23.0
factor =  3.0
displacement =  0.0
dataset =  datasets/gold.xyz
n_train =  1500
n_test =  2000
Train RMSE: 517.1935742974524 [Train MAE: 399.9958096202807]
Test RMSE: 507.71203152823176 [Test MAE: 391.1092626837511]
FINISHED at Tue Jan 10 10:34:43 CET 2023
