STARTING AT Tue Jan 10 09:56:34 CET 2023
Random seed: 1000
6 14
Reading dataset
Shuffling and extracting from dataset (length: 10000)
Shuffling and extraction done
Calculating power spectrum
Expansion coefficients done
Computing training kernel
     Calculating kernels for center species 1
     Calculating kernels for center species 1
Beginning first index add...
Beginning second index add...
     Calculating kernels for center species 6
     Calculating kernels for center species 6
Beginning first index add...
Beginning second index add...
Training kernel done
Computing test kernel
     Calculating kernels for center species 1
     Calculating kernels for center species 1
Beginning first index add...
Beginning second index add...
     Calculating kernels for center species 6
     Calculating kernels for center species 6
Beginning first index add...
Beginning second index add...
Test kernel done
Calculating composition features
Composition features done
-8.0 35.623177560877984
-7.8 30.686922316161652
-7.6 27.40995264168462
-7.4 25.332568680166126
-7.2 24.036002312494013
-7.0 23.1656308816282
-6.8 22.450577037162702
-6.6 21.721043783764525
-6.4 20.90161733365045
-6.2 19.983447212391617
-6.0 18.996087710305183
-5.8 17.992758964234604
-5.6 17.042214065358824
-5.4 16.21171043176346
-5.199999999999999 15.541980449301708
-5.0 15.032373093556917
-4.8 14.650134991642886
-4.6 14.358209053149938
-4.4 14.1401346814712
-4.199999999999999 14.005597289116348
-4.0 13.979885115726335
-3.8 14.091990297693357
-3.5999999999999996 14.37098895602475
-3.3999999999999995 14.849748758324965
-3.1999999999999993 15.567571746551598
-3.0 16.56117250291545
-2.8 17.840774396474302
-2.5999999999999996 19.362849493176142
-2.3999999999999995 21.020981119239327
-2.1999999999999993 22.669760168772584
-2.0 24.173438674178318
-1.7999999999999998 25.45124635039029
-1.5999999999999996 26.497114351596082
-1.3999999999999995 27.376605176171907
-1.1999999999999993 28.222884111298296
-1.0 29.251990558876717
-0.7999999999999998 30.79053344120278
-0.5999999999999996 33.25890650095777
-0.39999999999999947 37.027369935731855
-0.1999999999999993 42.16192286785566
0.0 48.263989745490896
0.20000000000000107 54.5950795361787
0.40000000000000036 60.40777292696191
0.5999999999999996 65.22445973519159
0.8000000000000007 68.9057784661285
1.0 71.55411633680033
1.200000000000001 73.37826775297054
1.4000000000000004 74.59715951845217
1.6000000000000014 75.39471651087541
1.8000000000000007 75.90890038138832
2.0 76.23665068061439
2.200000000000001 76.44351596431228
2.4000000000000004 76.5728786000658
2.6000000000000014 76.6531151253056
2.8000000000000007 76.70260126302503
3.0 76.73306402356337
3.200000000000001 76.75184795122557
3.4000000000000004 76.76347589437921
3.6000000000000014 76.77070692199544
3.8000000000000007 76.77522229357264
4.0 76.77805112518695
Result sigma optimization:  -4.0 13.979885115726335
E_max_2 =  400
Cutoff Radius =  6.0
Selected Radial Transform =  23.0
factor =  1.7
displacement =  0.0
dataset =  datasets/random-ch4-10k.extxyz
n_train =  1500
n_test =  2000
Train RMSE: 10.063075207171254 [Train MAE: 7.905566917891915]
Test RMSE: 13.564250508314466 [Test MAE: 9.259006056375968]
FINISHED at Tue Jan 10 09:57:49 CET 2023
