STARTING AT Tue Jan 10 10:33:33 CET 2023
Random seed: 1000
6 14
Reading dataset
Shuffling and extracting from dataset (length: 105092)
Shuffling and extraction done
Calculating power spectrum
Expansion coefficients done
Computing training kernel
     Calculating kernels for center species 79
     Calculating kernels for center species 79
Beginning first index add...
Beginning second index add...
Training kernel done
Computing test kernel
     Calculating kernels for center species 79
     Calculating kernels for center species 79
Beginning first index add...
Beginning second index add...
Test kernel done
Calculating composition features
Composition features done
-8.0 270.8109984720926
-7.8 300.1428486957887
-7.6 327.87801630613166
-7.4 352.3540685649331
-7.2 372.77572173346823
-7.0 389.0268461165191
-6.8 401.39884307895875
-6.6 410.4244771405989
-6.4 416.7601680520207
-6.2 421.06879848680035
-6.0 423.9292062253626
-5.8 425.79578757271196
-5.6 426.99967046011204
-5.4 427.7704953822063
-5.199999999999999 428.26293229048895
-5.0 428.5806024264599
-4.8 428.7962590108264
-4.6 428.9710867205798
-4.4 429.18009975932654
-4.199999999999999 429.5578381084533
-4.0 430.39211126996406
-3.8 432.31308263103944
-3.5999999999999996 436.6298834429563
-3.3999999999999995 445.7749783911303
-3.1999999999999993 463.4722846674316
-3.0 493.7347653481194
-2.8 538.1954244704613
-2.5999999999999996 593.5877651995509
-2.3999999999999995 652.4521871986066
-2.1999999999999993 706.8907361459552
-2.0 751.8894786946794
-1.7999999999999998 786.0482793132179
-1.5999999999999996 810.4342718801944
-1.3999999999999995 827.1188494501272
-1.1999999999999993 838.2127253177113
-1.0 845.4519132751132
-0.7999999999999998 850.1185574918856
-0.5999999999999996 853.1033960769504
-0.39999999999999947 855.0030135748954
-0.1999999999999993 856.2081221764074
0.0 856.9710679345278
0.20000000000000107 857.4534152745738
0.40000000000000036 857.7580325624642
0.5999999999999996 857.9501743308565
0.8000000000000007 858.0711171169893
1.0 858.1468901974453
1.200000000000001 858.1938247414535
1.4000000000000004 858.222056445462
1.6000000000000014 858.2377168982504
1.8000000000000007 858.2442881723252
2.0 858.2434347359003
2.200000000000001 858.2355420875114
2.4000000000000004 858.2201649148126
2.6000000000000014 858.1965852780334
2.8000000000000007 858.1646140418133
3.0 858.1255025638545
3.200000000000001 858.082405084351
3.4000000000000004 858.0397563014742
3.6000000000000014 858.0017138502762
3.8000000000000007 857.9707659807173
4.0 857.9474119066017
Result sigma optimization:  -8.0 270.8109984720926
E_max_2 =  400
Cutoff Radius =  6.0
Selected Radial Transform =  23.0
factor =  2.5
displacement =  0.0
dataset =  datasets/gold.xyz
n_train =  1500
n_test =  2000
Train RMSE: 263.0705095380624 [Train MAE: 211.76278545990291]
Test RMSE: 264.424394099435 [Test MAE: 210.18083864529768]
FINISHED at Tue Jan 10 10:34:20 CET 2023
