STARTING AT Tue Jan 10 09:56:22 CET 2023
Random seed: 1000
6 14
Reading dataset
Shuffling and extracting from dataset (length: 10000)
Shuffling and extraction done
Calculating power spectrum
Expansion coefficients done
Computing training kernel
     Calculating kernels for center species 1
     Calculating kernels for center species 1
Beginning first index add...
Beginning second index add...
     Calculating kernels for center species 6
     Calculating kernels for center species 6
Beginning first index add...
Beginning second index add...
Training kernel done
Computing test kernel
     Calculating kernels for center species 1
     Calculating kernels for center species 1
Beginning first index add...
Beginning second index add...
     Calculating kernels for center species 6
     Calculating kernels for center species 6
Beginning first index add...
Beginning second index add...
Test kernel done
Calculating composition features
Composition features done
-8.0 38.436052134752146
-7.8 34.4209271895362
-7.6 30.940616418257786
-7.4 27.900322001137788
-7.2 25.311143976329237
-7.0 23.227690735913473
-6.8 21.670402738262855
-6.6 20.58398206247401
-6.4 19.85131991384808
-6.2 19.336198171656502
-6.0 18.92143924498367
-5.8 18.52776411912146
-5.6 18.11441055999746
-5.4 17.670853192968956
-5.199999999999999 17.208561381128067
-5.0 16.754469985933227
-4.8 16.341818559180755
-4.6 15.99679874385225
-4.4 15.728045645844668
-4.199999999999999 15.528139701266204
-4.0 15.387683527191287
-3.8 15.311669398177905
-3.5999999999999996 15.327445346753578
-3.3999999999999995 15.483140018615499
-3.1999999999999993 15.840424319669907
-3.0 16.461749958477128
-2.8 17.389488369599373
-2.5999999999999996 18.6203929363007
-2.3999999999999995 20.089006981827
-2.1999999999999993 21.674930313134094
-2.0 23.23616631476824
-1.7999999999999998 24.65335748419526
-1.5999999999999996 25.863988255375126
-1.3999999999999995 26.87692819146845
-1.1999999999999993 27.772639083291896
-1.0 28.70292843439992
-0.7999999999999998 29.90078227816286
-0.5999999999999996 31.68737655351514
-0.39999999999999947 34.43020926794897
-0.1999999999999993 38.406563463420696
0.0 43.60525247429366
0.20000000000000107 49.615789869884665
0.40000000000000036 55.74623715207184
0.5999999999999996 61.314722871181154
0.8000000000000007 65.89632221429235
1.0 69.3803520994471
1.200000000000001 71.87745265395948
1.4000000000000004 73.59264666869183
1.6000000000000014 74.73629220205619
1.8000000000000007 75.48330701602733
2.0 75.96413813274997
2.200000000000001 76.27017172202129
2.4000000000000004 76.46314039926239
2.6000000000000014 76.58387608289239
2.8000000000000007 76.65900299126508
3.0 76.70563370361371
3.200000000000001 76.73458934638681
3.4000000000000004 76.75261207213465
3.6000000000000014 76.76386448230745
3.8000000000000007 76.7709104277571
4.0 76.77533284066622
Result sigma optimization:  -3.8 15.311669398177905
E_max_2 =  400
Cutoff Radius =  6.0
Selected Radial Transform =  23.0
factor =  1.5
displacement =  0.0
dataset =  datasets/random-ch4-10k.extxyz
n_train =  1500
n_test =  2000
Train RMSE: 9.508028044270292 [Train MAE: 7.465165260483297]
Test RMSE: 14.387272345213617 [Test MAE: 9.046970490848917]
FINISHED at Tue Jan 10 10:02:44 CET 2023
