STARTING AT Tue Jan 10 09:55:20 CET 2023
Random seed: 1000
7 16
Reading dataset
Shuffling and extracting from dataset (length: 10000)
Shuffling and extraction done
Calculating power spectrum
Expansion coefficients done
Computing training kernel
     Calculating kernels for center species 1
     Calculating kernels for center species 1
Beginning first index add...
Beginning second index add...
     Calculating kernels for center species 6
     Calculating kernels for center species 6
Beginning first index add...
Beginning second index add...
Training kernel done
Computing test kernel
     Calculating kernels for center species 1
     Calculating kernels for center species 1
Beginning first index add...
Beginning second index add...
     Calculating kernels for center species 6
     Calculating kernels for center species 6
Beginning first index add...
Beginning second index add...
Test kernel done
Calculating composition features
Composition features done
-8.0 47.45235340559896
-7.8 47.439352396932854
-7.6 47.41891113578876
-7.4 47.386917599897146
-7.2 47.33719660695114
-7.0 47.26076416451132
-6.8 47.145189909703326
-6.6 46.97462140170141
-6.4 46.731430739882576
-6.2 46.40050129854086
-6.0 45.9759786279647
-5.8 45.46757364201422
-5.6 44.90160775218953
-5.4 44.31492384058168
-5.199999999999999 43.74614267305113
-5.0 43.23033847865924
-4.8 42.79758402730335
-4.6 42.47232641829717
-4.4 42.27376940962204
-4.199999999999999 42.21802716369125
-4.0 42.31710470002286
-3.8 42.570454771748906
-3.5999999999999996 42.95592845340577
-3.3999999999999995 43.431706270936594
-3.1999999999999993 43.95090615632977
-3.0 44.48009045084526
-2.8 45.0117672099546
-2.5999999999999996 45.56405499368064
-2.3999999999999995 46.16677109023086
-2.1999999999999993 46.84358026065002
-2.0 47.60350297100749
-1.7999999999999998 48.44374980832104
-1.5999999999999996 49.35373082970485
-1.3999999999999995 50.314537826725605
-1.1999999999999993 51.30065338282256
-1.0 52.28939243579389
-0.7999999999999998 53.26973908893764
-0.5999999999999996 54.24026703337727
-0.39999999999999947 55.202233094272344
-0.1999999999999993 56.161311895471
0.0 57.13539704910204
0.20000000000000107 58.151684803614586
0.40000000000000036 59.227500457201906
0.5999999999999996 60.35457542496812
0.8000000000000007 61.5100969996428
1.0 62.684432509135284
1.200000000000001 63.88891481054177
1.4000000000000004 65.13219276337018
1.6000000000000014 66.39660344864559
1.8000000000000007 67.64356220117057
2.0 68.83672897909173
2.200000000000001 69.956157488978
2.4000000000000004 70.99617831333518
2.6000000000000014 71.95547257382201
2.8000000000000007 72.82787964311441
3.0 73.5990363591548
3.200000000000001 74.25100586307823
3.4000000000000004 74.77200030505155
3.6000000000000014 75.1638516126227
3.8000000000000007 75.44230914964454
4.0 75.63166783072413
Result sigma optimization:  -4.199999999999999 42.21802716369125
E_max_2 =  500
Cutoff Radius =  6.0
Selected Radial Transform =  23.0
factor =  0.2
displacement =  0.0
dataset =  datasets/random-ch4-10k.extxyz
n_train =  1500
n_test =  2000
Train RMSE: 9.477612998108057 [Train MAE: 6.5096378807872775]
Test RMSE: 46.059765901447605 [Test MAE: 23.830107396878507]
FINISHED at Tue Jan 10 10:00:58 CET 2023
