STARTING AT Tue Jan 10 09:55:29 CET 2023
Random seed: 1000
6 14
Reading dataset
Shuffling and extracting from dataset (length: 10000)
Shuffling and extraction done
Calculating power spectrum
Expansion coefficients done
Computing training kernel
     Calculating kernels for center species 1
     Calculating kernels for center species 1
Beginning first index add...
Beginning second index add...
     Calculating kernels for center species 6
     Calculating kernels for center species 6
Beginning first index add...
Beginning second index add...
Training kernel done
Computing test kernel
     Calculating kernels for center species 1
     Calculating kernels for center species 1
Beginning first index add...
Beginning second index add...
     Calculating kernels for center species 6
     Calculating kernels for center species 6
Beginning first index add...
Beginning second index add...
Test kernel done
Calculating composition features
Composition features done
-8.0 44.220539663646925
-7.8 44.219450636436136
-7.6 44.21775995142548
-7.4 44.215164869695116
-7.2 44.21124871231866
-7.0 44.20548225033152
-6.8 44.19727084585968
-6.6 44.18605128934701
-6.4 44.17134846756645
-6.2 44.152531166668155
-6.0 44.12794070663566
-5.8 44.093405990677816
-5.6 44.040730415548765
-5.4 43.95679334219388
-5.199999999999999 43.8235393277641
-5.0 43.61924779418729
-4.8 43.3215849364075
-4.6 42.91209228066585
-4.4 42.38114905409275
-4.199999999999999 41.732823987277115
-4.0 40.98867095949312
-3.8 40.188406054542
-3.5999999999999996 39.38600194667558
-3.3999999999999995 38.642549577314625
-3.1999999999999993 38.018671659678866
-3.0 37.566661550228176
-2.8 37.32131198791218
-2.5999999999999996 37.292456328112685
-2.3999999999999995 37.4647462682674
-2.1999999999999993 37.806231437813125
-2.0 38.28067478546759
-1.7999999999999998 38.85615937578999
-1.5999999999999996 39.50824097942466
-1.3999999999999995 40.22212824836046
-1.1999999999999993 40.996095255536694
-1.0 41.84374615824973
-0.7999999999999998 42.793654414324514
-0.5999999999999996 43.88585342687472
-0.39999999999999947 45.163911885040825
-0.1999999999999993 46.66729561632948
0.0 48.431190092519095
0.20000000000000107 50.48361011277516
0.40000000000000036 52.821356840166594
0.5999999999999996 55.37575049701484
0.8000000000000007 58.00770423689774
1.0 60.55280455333534
1.200000000000001 62.88707576773568
1.4000000000000004 64.96428847448823
1.6000000000000014 66.80545583625238
1.8000000000000007 68.45653654814978
2.0 69.94705872018048
2.200000000000001 71.2777232592064
2.4000000000000004 72.43440007133026
2.6000000000000014 73.40449167015849
2.8000000000000007 74.18545833197187
3.0 74.78972183539064
3.200000000000001 75.24555242061739
3.4000000000000004 75.5908418589341
3.6000000000000014 75.8619757650342
3.8000000000000007 76.08400144615929
4.0 76.26801403757764
Result sigma optimization:  -2.5999999999999996 37.292456328112685
E_max_2 =  400
Cutoff Radius =  6.0
Selected Radial Transform =  23.0
factor =  0.4
displacement =  0.0
dataset =  datasets/random-ch4-10k.extxyz
n_train =  1500
n_test =  2000
Train RMSE: 17.868105919925178 [Train MAE: 9.419184376873828]
Test RMSE: 36.37985946678133 [Test MAE: 16.329666442016983]
FINISHED at Tue Jan 10 09:56:13 CET 2023
