STARTING AT Tue Jan 10 11:26:53 CET 2023
Random seed: 1000
6 14
Reading dataset
Shuffling and extracting from dataset (length: 133885)
Shuffling and extraction done
Calculating power spectrum
Expansion coefficients done
Computing training kernel
     Calculating kernels for center species 1
     Calculating kernels for center species 1
Beginning first index add...
Beginning second index add...
     Calculating kernels for center species 6
     Calculating kernels for center species 6
Beginning first index add...
Beginning second index add...
     Calculating kernels for center species 7
     Calculating kernels for center species 7
Beginning first index add...
Beginning second index add...
     Calculating kernels for center species 8
     Calculating kernels for center species 8
Beginning first index add...
Beginning second index add...
     Calculating kernels for center species 9
     Calculating kernels for center species 9
Beginning first index add...
Beginning second index add...
Training kernel done
Computing test kernel
     Calculating kernels for center species 1
     Calculating kernels for center species 1
Beginning first index add...
Beginning second index add...
     Calculating kernels for center species 6
     Calculating kernels for center species 6
Beginning first index add...
Beginning second index add...
     Calculating kernels for center species 7
     Calculating kernels for center species 7
Beginning first index add...
Beginning second index add...
     Calculating kernels for center species 8
     Calculating kernels for center species 8
Beginning first index add...
Beginning second index add...
     Calculating kernels for center species 9
     Calculating kernels for center species 9
Beginning first index add...
Beginning second index add...
Test kernel done
Calculating composition features
Composition features done
-8.0 1.8265036179906262
-7.8 1.8627891003557986
-7.6 1.9022714430957761
-7.4 1.9460260965278722
-7.2 1.993851481715547
-7.0 2.0467109626147235
-6.8 2.1046519172987708
-6.6 2.1691142645693424
-6.4 2.2414933669743866
-6.2 2.326082043483213
-6.0 2.4283557445594535
-5.8 2.552800300699484
-5.6 2.7083672661439633
-5.4 2.906548876181691
-5.199999999999999 3.1444665960815232
-5.0 3.4238576751552947
-4.8 3.739539623778837
-4.6 4.093547448475476
-4.4 4.4640516645856065
-4.199999999999999 4.853677614618733
-4.0 5.277561263209908
-3.8 5.721581699817975
-3.5999999999999996 6.200776081571947
-3.3999999999999995 6.747374528936491
-3.1999999999999993 7.403893829454495
-3.0 8.180283532668035
-2.8 9.047059795794016
-2.5999999999999996 9.977656448341346
-2.3999999999999995 10.922117025954423
-2.1999999999999993 11.877625485754267
-2.0 12.859308681047303
-1.7999999999999998 13.877206831751788
-1.5999999999999996 14.892313718963786
-1.3999999999999995 15.868457816904261
-1.1999999999999993 16.74910566278584
-1.0 17.487927348375578
-0.7999999999999998 18.094624701421573
-0.5999999999999996 18.602200333929307
-0.39999999999999947 19.03583504307361
-0.1999999999999993 19.416390654786255
0.0 19.747269399580652
0.20000000000000107 20.0359949173206
0.40000000000000036 20.27931482445764
0.5999999999999996 20.47011466906514
0.8000000000000007 20.61150991915165
1.0 20.707809380104955
1.200000000000001 20.771501472489273
1.4000000000000004 20.811874368717675
1.6000000000000014 20.83662283667452
1.8000000000000007 20.851736410327863
2.0 20.860732558147813
2.200000000000001 20.866013801425137
2.4000000000000004 20.869007317829187
2.6000000000000014 20.87052925035176
2.8000000000000007 20.871035468237014
3.0 20.870823857422117
3.200000000000001 20.870133244696227
3.4000000000000004 20.86919166062532
3.6000000000000014 20.868208605352713
3.8000000000000007 20.867338945624844
4.0 20.86662697696698
Result sigma optimization:  -8.0 1.8265036179906262
E_max_2 =  400
Cutoff Radius =  6.0
Selected Radial Transform =  23.0
factor =  2.5
displacement =  0.0
dataset =  datasets/qm9.xyz
n_train =  1500
n_test =  2000
Train RMSE: 1.42821719248519 [Train MAE: 1.043074762869608]
Test RMSE: 2.680255905862822 [Test MAE: 1.680663271480154]
FINISHED at Tue Jan 10 11:28:34 CET 2023
