STARTING AT Tue Jan 10 09:56:13 CET 2023
Random seed: 1000
8 20
Reading dataset
Shuffling and extracting from dataset (length: 10000)
Shuffling and extraction done
Calculating power spectrum
Expansion coefficients done
Computing training kernel
     Calculating kernels for center species 1
     Calculating kernels for center species 1
Beginning first index add...
Beginning second index add...
     Calculating kernels for center species 6
     Calculating kernels for center species 6
Beginning first index add...
Beginning second index add...
Training kernel done
Computing test kernel
     Calculating kernels for center species 1
     Calculating kernels for center species 1
Beginning first index add...
Beginning second index add...
     Calculating kernels for center species 6
     Calculating kernels for center species 6
Beginning first index add...
Beginning second index add...
Test kernel done
Calculating composition features
Composition features done
-8.0 45.75117410350805
-7.8 41.394255982877596
-7.6 37.745133644730394
-7.4 34.72810334995743
-7.2 32.20385806485834
-7.0 30.02635773882099
-6.8 28.083599617260127
-6.6 26.31861743942238
-6.4 24.73285250684119
-6.2 23.368241119281624
-6.0 22.271504646449447
-5.8 21.457886517506427
-5.6 20.89612275655795
-5.4 20.522467444107697
-5.199999999999999 20.267406715352823
-5.0 20.072026676513406
-4.8 19.888557650180573
-4.6 19.675834421855882
-4.4 19.39998108888665
-4.199999999999999 19.04165960053115
-4.0 18.60397435796554
-3.8 18.113802014480303
-3.5999999999999996 17.614468234815263
-3.3999999999999995 17.154264373325194
-3.1999999999999993 16.776082674225194
-3.0 16.510230099170418
-2.8 16.37233700850487
-2.5999999999999996 16.368507563596662
-2.3999999999999995 16.504296545045364
-2.1999999999999993 16.789287018453432
-2.0 17.23435002139087
-1.7999999999999998 17.847005922092062
-1.5999999999999996 18.628660703052585
-1.3999999999999995 19.570483401301605
-1.1999999999999993 20.64662845493454
-1.0 21.811850782638324
-0.7999999999999998 23.00913713014329
-0.5999999999999996 24.181980468219816
-0.39999999999999947 25.28459171272156
-0.1999999999999993 26.29417390752934
0.0 27.229721178287335
0.20000000000000107 28.16886989023936
0.40000000000000036 29.25254575047214
0.5999999999999996 30.679801851254016
0.8000000000000007 32.6974945945935
1.0 35.566175941662046
1.200000000000001 39.46867482163298
1.4000000000000004 44.37884261762853
1.6000000000000014 49.98390664496825
1.8000000000000007 55.74510510545778
2.0 61.084353290282735
2.200000000000001 65.58515209447425
2.4000000000000004 69.08587416912042
2.6000000000000014 71.64092946641688
2.8000000000000007 73.41954016111124
3.0 74.61660594587735
3.200000000000001 75.40356415737652
3.4000000000000004 75.9124085519316
3.6000000000000014 76.2373576158286
3.8000000000000007 76.4427568517161
4.0 76.57145208124756
Result sigma optimization:  -2.5999999999999996 16.368507563596662
E_max_2 =  700
Cutoff Radius =  6.0
Selected Radial Transform =  23.0
factor =  1.2
displacement =  0.0
dataset =  datasets/random-ch4-10k.extxyz
n_train =  1500
n_test =  2000
Train RMSE: 7.958728130209708 [Train MAE: 6.2479617317948914]
Test RMSE: 16.245555465192986 [Test MAE: 9.147157562882391]
FINISHED at Tue Jan 10 09:56:48 CET 2023
