STARTING AT Tue Jan 10 09:56:17 CET 2023
Random seed: 1000
7 18
Reading dataset
Shuffling and extracting from dataset (length: 10000)
Shuffling and extraction done
Calculating power spectrum
Expansion coefficients done
Computing training kernel
     Calculating kernels for center species 1
     Calculating kernels for center species 1
Beginning first index add...
Beginning second index add...
     Calculating kernels for center species 6
     Calculating kernels for center species 6
Beginning first index add...
Beginning second index add...
Training kernel done
Computing test kernel
     Calculating kernels for center species 1
     Calculating kernels for center species 1
Beginning first index add...
Beginning second index add...
     Calculating kernels for center species 6
     Calculating kernels for center species 6
Beginning first index add...
Beginning second index add...
Test kernel done
Calculating composition features
Composition features done
-8.0 41.47671429826549
-7.8 38.52030772711451
-7.6 36.211639983328624
-7.4 34.30750321056825
-7.2 32.616632728191206
-7.0 31.03295004313865
-6.8 29.52538598047787
-6.6 28.101131632884126
-6.4 26.7761562944384
-6.2 25.566219099910732
-6.0 24.48641775432543
-5.8 23.544596614119442
-5.6 22.731136014957215
-5.4 22.01864694071161
-5.199999999999999 21.374839623866748
-5.0 20.776667359902433
-4.8 20.215108214594196
-4.6 19.691657525030315
-4.4 19.21253652207187
-4.199999999999999 18.783680022392215
-4.0 18.407298501002312
-3.8 18.0813239685195
-3.5999999999999996 17.802481147114303
-3.3999999999999995 17.570673754932567
-3.1999999999999993 17.391084107178713
-3.0 17.273959192997708
-2.8 17.235566054712223
-2.5999999999999996 17.3026904270898
-2.3999999999999995 17.518307637454274
-2.1999999999999993 17.93928389568864
-2.0 18.61593518604256
-1.7999999999999998 19.558449158977872
-1.5999999999999996 20.715680737470922
-1.3999999999999995 21.987927499719778
-1.1999999999999993 23.26427121279411
-1.0 24.455912087287764
-0.7999999999999998 25.51191445478617
-0.5999999999999996 26.426439051202028
-0.39999999999999947 27.24792589940972
-0.1999999999999993 28.088211341888705
0.0 29.123661928191336
0.20000000000000107 30.58360895057069
0.40000000000000036 32.72574743836715
0.5999999999999996 35.79217407719776
0.8000000000000007 39.92540404956389
1.0 45.0497795568262
1.200000000000001 50.80135796047973
1.4000000000000004 56.60471913276526
1.6000000000000014 61.88116982860433
1.8000000000000007 66.24962276845044
2.0 69.59547177192812
2.200000000000001 72.00810955289268
2.4000000000000004 73.67267959748202
2.6000000000000014 74.7859735770945
2.8000000000000007 75.51467323070602
3.0 75.98438018941518
3.200000000000001 76.28359784246337
3.4000000000000004 76.47230234346289
3.6000000000000014 76.59025576789928
3.8000000000000007 76.66346651574108
4.0 76.7087255686901
Result sigma optimization:  -2.8 17.235566054712223
E_max_2 =  600
Cutoff Radius =  6.0
Selected Radial Transform =  23.0
factor =  1.3
displacement =  0.0
dataset =  datasets/random-ch4-10k.extxyz
n_train =  1500
n_test =  2000
Train RMSE: 8.962682757846661 [Train MAE: 7.036253795980704]
Test RMSE: 15.780910798053988 [Test MAE: 9.353357080902194]
FINISHED at Tue Jan 10 09:57:13 CET 2023
