STARTING AT Tue Jan 10 10:31:40 CET 2023
Random seed: 1000
7 18
Reading dataset
Shuffling and extracting from dataset (length: 105092)
Shuffling and extraction done
Calculating power spectrum
Expansion coefficients done
Computing training kernel
     Calculating kernels for center species 79
     Calculating kernels for center species 79
Beginning first index add...
Beginning second index add...
Training kernel done
Computing test kernel
     Calculating kernels for center species 79
     Calculating kernels for center species 79
Beginning first index add...
Beginning second index add...
Test kernel done
Calculating composition features
Composition features done
-8.0 115.99738340894591
-7.8 115.03849427795214
-7.6 114.26857531307242
-7.4 113.66666502050161
-7.2 113.16556776852637
-7.0 112.66466231308502
-6.8 112.05173925814978
-6.6 111.23133570485145
-6.4 110.15433954467193
-6.2 108.83444438852938
-6.0 107.33599625103747
-5.8 105.735553124695
-5.6 104.07990094897715
-5.4 102.36251487096573
-5.199999999999999 100.52640318135548
-5.0 98.49351353615039
-4.8 96.21151103596371
-4.6 93.69474447385451
-4.4 91.03395049712294
-4.199999999999999 88.36359419063412
-4.0 85.80419025212485
-3.8 83.4263490485543
-3.5999999999999996 81.2732065879174
-3.3999999999999995 79.41528572360264
-3.1999999999999993 77.97010328054208
-3.0 77.06257097163544
-2.8 76.77276899608113
-2.5999999999999996 77.12272264758347
-2.3999999999999995 78.10257273483381
-2.1999999999999993 79.70019510520105
-2.0 81.90423717214128
-1.7999999999999998 84.68616312478223
-1.5999999999999996 88.00310820266952
-1.3999999999999995 91.84370031827409
-1.1999999999999993 96.26892719811711
-1.0 101.38654221993055
-0.7999999999999998 107.27681038930727
-0.5999999999999996 113.9471484789047
-0.39999999999999947 121.34503088640272
-0.1999999999999993 129.38154055895976
0.0 137.93985688763934
0.20000000000000107 146.91606356981123
0.40000000000000036 156.3232375683354
0.5999999999999996 166.4128671060897
0.8000000000000007 177.7285512538919
1.0 190.98784970633514
1.200000000000001 206.7524497730986
1.4000000000000004 225.09962583706485
1.6000000000000014 245.66314421787058
1.8000000000000007 268.0941133253196
2.0 292.54352585963574
2.200000000000001 319.75229378729995
2.4000000000000004 350.6190910697178
2.6000000000000014 385.44843018148697
2.8000000000000007 423.590050340333
3.0 464.17376206030957
3.200000000000001 507.25584181398017
3.4000000000000004 553.6442645328949
3.6000000000000014 603.0753288612169
3.8000000000000007 652.8251622121343
4.0 698.6704444286736
Result sigma optimization:  -2.8 76.77276899608113
E_max_2 =  600
Cutoff Radius =  6.0
Selected Radial Transform =  23.0
factor =  0.4
displacement =  0.0
dataset =  datasets/gold.xyz
n_train =  1500
n_test =  2000
Train RMSE: 49.582229985594964 [Train MAE: 34.74585598529881]
Test RMSE: 76.18782108938595 [Test MAE: 48.31691638399479]
FINISHED at Tue Jan 10 10:35:10 CET 2023
