STARTING AT Tue Jan 10 09:57:03 CET 2023
Random seed: 1000
8 20
Reading dataset
Shuffling and extracting from dataset (length: 10000)
Shuffling and extraction done
Calculating power spectrum
Expansion coefficients done
Computing training kernel
     Calculating kernels for center species 1
     Calculating kernels for center species 1
Beginning first index add...
Beginning second index add...
     Calculating kernels for center species 6
     Calculating kernels for center species 6
Beginning first index add...
Beginning second index add...
Training kernel done
Computing test kernel
     Calculating kernels for center species 1
     Calculating kernels for center species 1
Beginning first index add...
Beginning second index add...
     Calculating kernels for center species 6
     Calculating kernels for center species 6
Beginning first index add...
Beginning second index add...
Test kernel done
Calculating composition features
Composition features done
-8.0 99.36992619199881
-7.8 88.03390782994649
-7.6 77.45449642209921
-7.4 67.6089210564545
-7.2 58.67330593153269
-7.0 50.86400537445016
-6.8 44.2692484825719
-6.6 38.80075752027711
-6.4 34.27515819548605
-6.2 30.521802329942773
-6.0 27.42478724912853
-5.8 24.904156883458363
-5.6 22.892004832466935
-5.4 21.32141060051788
-5.199999999999999 20.118225131512407
-5.0 19.20307055200846
-4.8 18.50734474692408
-4.6 17.9847451754207
-4.4 17.604622725273334
-4.199999999999999 17.336672045408537
-4.0 17.144817559580268
-3.8 16.995332245551467
-3.5999999999999996 16.870935534745502
-3.3999999999999995 16.782568107861074
-3.1999999999999993 16.774414527215416
-3.0 16.91718022084741
-2.8 17.287369215566034
-2.5999999999999996 17.93997721292466
-2.3999999999999995 18.887670522294457
-2.1999999999999993 20.092461339566665
-2.0 21.467834820748216
-1.7999999999999998 22.89481620108348
-1.5999999999999996 24.256908458539897
-1.3999999999999995 25.47900908863058
-1.1999999999999993 26.54327985981134
-1.0 27.474857808391597
-0.7999999999999998 28.319299746513362
-0.5999999999999996 29.14119751243184
-0.39999999999999947 30.05458915425411
-0.1999999999999993 31.26963612516192
0.0 33.1198228346989
0.20000000000000107 36.00671140363671
0.40000000000000036 40.202739726154455
0.5999999999999996 45.59758250271005
0.8000000000000007 51.640624535664095
1.0 57.58321172827325
1.200000000000001 62.80987929203332
1.4000000000000004 67.01173291647135
1.6000000000000014 70.16287276819979
1.8000000000000007 72.40565554243295
2.0 73.9418821397726
2.200000000000001 74.96572304026164
2.4000000000000004 75.63514408422067
2.6000000000000014 76.0670145634169
2.8000000000000007 76.34286617691944
3.0 76.51748487781889
3.200000000000001 76.62681898245766
3.4000000000000004 76.69414888365444
3.6000000000000014 76.73452887061252
3.8000000000000007 76.75780963759537
4.0 76.7705495506483
Result sigma optimization:  -3.1999999999999993 16.774414527215416
E_max_2 =  700
Cutoff Radius =  6.0
Selected Radial Transform =  23.0
factor =  2.3
displacement =  0.0
dataset =  datasets/random-ch4-10k.extxyz
n_train =  1500
n_test =  2000
Train RMSE: 12.642023502608973 [Train MAE: 10.064007410796837]
Test RMSE: 16.419944477399532 [Test MAE: 11.770648715300023]
FINISHED at Tue Jan 10 09:58:00 CET 2023
