STARTING AT Tue Jan 10 11:24:25 CET 2023
Random seed: 1000
7 18
Reading dataset
Shuffling and extracting from dataset (length: 133885)
Shuffling and extraction done
Calculating power spectrum
Expansion coefficients done
Computing training kernel
     Calculating kernels for center species 1
     Calculating kernels for center species 1
Beginning first index add...
Beginning second index add...
     Calculating kernels for center species 6
     Calculating kernels for center species 6
Beginning first index add...
Beginning second index add...
     Calculating kernels for center species 7
     Calculating kernels for center species 7
Beginning first index add...
Beginning second index add...
     Calculating kernels for center species 8
     Calculating kernels for center species 8
Beginning first index add...
Beginning second index add...
     Calculating kernels for center species 9
     Calculating kernels for center species 9
Beginning first index add...
Beginning second index add...
Training kernel done
Computing test kernel
     Calculating kernels for center species 1
     Calculating kernels for center species 1
Beginning first index add...
Beginning second index add...
     Calculating kernels for center species 6
     Calculating kernels for center species 6
Beginning first index add...
Beginning second index add...
     Calculating kernels for center species 7
     Calculating kernels for center species 7
Beginning first index add...
Beginning second index add...
     Calculating kernels for center species 8
     Calculating kernels for center species 8
Beginning first index add...
Beginning second index add...
     Calculating kernels for center species 9
     Calculating kernels for center species 9
Beginning first index add...
Beginning second index add...
Test kernel done
Calculating composition features
Composition features done
-8.0 2.4666698939500873
-7.8 2.4666699116067687
-7.6 2.466669939588134
-7.4 2.46666998393517
-7.2 2.4666700542125555
-7.0 2.4666701656072485
-6.8 2.466670342146052
-6.6 2.4666706219453656
-6.4 2.4666710653777333
-6.2 2.4666717681499226
-6.0 2.4666728819249917
-5.8 2.4666746469981717
-5.6 2.46667744412383
-5.4 2.4666818764276606
-5.199999999999999 2.466688899057274
-5.0 2.466700023882191
-4.8 2.4667176422974366
-4.6 2.4667455323442598
-4.4 2.466789651682414
-4.199999999999999 2.4668593671756147
-4.0 2.4669693361936065
-3.8 2.467142321421488
-3.5999999999999996 2.4674164872203903
-3.3999999999999995 2.4678457768914894
-3.1999999999999993 2.468521137360195
-3.0 2.469671215947136
-2.8 2.4716351147464004
-2.5999999999999996 2.4750182718867877
-2.3999999999999995 2.4804761003517095
-2.1999999999999993 2.489192474119848
-2.0 2.502133271040557
-1.7999999999999998 2.5225105939990513
-1.5999999999999996 2.555570341615291
-1.3999999999999995 2.6026054499887694
-1.1999999999999993 2.6661403568666304
-1.0 2.75163576603164
-0.7999999999999998 2.868198379131491
-0.5999999999999996 3.0193794189078
-0.39999999999999947 3.2073429038582932
-0.1999999999999993 3.444128238506688
0.0 3.74195777437284
0.20000000000000107 4.135454515295123
0.40000000000000036 4.607526459866309
0.5999999999999996 5.161715686533968
0.8000000000000007 5.827468072530941
1.0 6.594419839024812
1.200000000000001 7.490378044032826
1.4000000000000004 8.524267732185267
1.6000000000000014 9.659753727874074
1.8000000000000007 10.905690365458478
2.0 12.217364776224136
2.200000000000001 13.549929946845305
2.4000000000000004 14.889894910528373
2.6000000000000014 16.184485355389906
2.8000000000000007 17.35582113811148
3.0 18.325015605691444
3.200000000000001 19.091651704835115
3.4000000000000004 19.65797746815611
3.6000000000000014 20.058135236087434
3.8000000000000007 20.33373572758927
4.0 20.520400581820457
Result sigma optimization:  -8.0 2.4666698939500873
E_max_2 =  600
Cutoff Radius =  6.0
Selected Radial Transform =  23.0
factor =  0.7
displacement =  0.0
dataset =  datasets/qm9.xyz
n_train =  1500
n_test =  2000
Train RMSE: 4.6669953424152765e-07 [Train MAE: 3.4275914153862607e-07]
Test RMSE: 3.5017826246759225 [Test MAE: 2.271741300102865]
FINISHED at Tue Jan 10 11:31:27 CET 2023
