STARTING AT Tue Jan 10 11:26:51 CET 2023
Random seed: 1000
7 16
Reading dataset
Shuffling and extracting from dataset (length: 133885)
Shuffling and extraction done
Calculating power spectrum
Expansion coefficients done
Computing training kernel
     Calculating kernels for center species 1
     Calculating kernels for center species 1
Beginning first index add...
Beginning second index add...
     Calculating kernels for center species 6
     Calculating kernels for center species 6
Beginning first index add...
Beginning second index add...
     Calculating kernels for center species 7
     Calculating kernels for center species 7
Beginning first index add...
Beginning second index add...
     Calculating kernels for center species 8
     Calculating kernels for center species 8
Beginning first index add...
Beginning second index add...
     Calculating kernels for center species 9
     Calculating kernels for center species 9
Beginning first index add...
Beginning second index add...
Training kernel done
Computing test kernel
     Calculating kernels for center species 1
     Calculating kernels for center species 1
Beginning first index add...
Beginning second index add...
     Calculating kernels for center species 6
     Calculating kernels for center species 6
Beginning first index add...
Beginning second index add...
     Calculating kernels for center species 7
     Calculating kernels for center species 7
Beginning first index add...
Beginning second index add...
     Calculating kernels for center species 8
     Calculating kernels for center species 8
Beginning first index add...
Beginning second index add...
     Calculating kernels for center species 9
     Calculating kernels for center species 9
Beginning first index add...
Beginning second index add...
Test kernel done
Calculating composition features
Composition features done
-8.0 1.6967835708369385
-7.8 1.7060372634851957
-7.6 1.7206232524431349
-7.4 1.7414602596864377
-7.2 1.7680549096836282
-7.0 1.7962536415168433
-6.8 1.827460582965849
-6.6 1.8638766859720732
-6.4 1.9004461440240847
-6.2 1.9399832882280656
-6.0 1.9935764565485878
-5.8 2.0618401249812646
-5.6 2.1389380857295084
-5.4 2.2264822010441954
-5.199999999999999 2.3222833764725173
-5.0 2.4294256039587587
-4.8 2.5588413908333556
-4.6 2.7213102816658212
-4.4 2.9233262221265854
-4.199999999999999 3.1609167616675258
-4.0 3.437970459632595
-3.8 3.762216171939178
-3.5999999999999996 4.135820157028124
-3.3999999999999995 4.546670073298582
-3.1999999999999993 4.99045949452061
-3.0 5.476252255583619
-2.8 6.0123149462331735
-2.5999999999999996 6.596102104134926
-2.3999999999999995 7.28028635111674
-2.1999999999999993 8.104897788155787
-2.0 9.04032029019845
-1.7999999999999998 10.042277831724123
-1.5999999999999996 11.067283689360721
-1.3999999999999995 12.07770399845763
-1.1999999999999993 13.105930803315312
-1.0 14.15226734111875
-0.7999999999999998 15.174428487660883
-0.5999999999999996 16.141820575176943
-0.39999999999999947 17.00184802379106
-0.1999999999999993 17.733163954221716
0.0 18.351033730262465
0.20000000000000107 18.880298018255957
0.40000000000000036 19.332354927622106
0.5999999999999996 19.720001908924317
0.8000000000000007 20.040996842252255
1.0 20.295307443421148
1.200000000000001 20.48945974744853
1.4000000000000004 20.626763913796406
1.6000000000000014 20.71843266948592
1.8000000000000007 20.778320316437373
2.0 20.816125490764804
2.200000000000001 20.839268754495436
2.4000000000000004 20.85334724278702
2.6000000000000014 20.861779618539956
2.8000000000000007 20.866676950796478
3.0 20.86942035324973
3.200000000000001 20.87084338421654
3.4000000000000004 20.871326825622347
3.6000000000000014 20.871136315778696
3.8000000000000007 20.870472394213692
4.0 20.869533749505656
Result sigma optimization:  -8.0 1.6967835708369385
E_max_2 =  500
Cutoff Radius =  6.0
Selected Radial Transform =  23.0
factor =  2.4
displacement =  0.0
dataset =  datasets/qm9.xyz
n_train =  1500
n_test =  2000
Train RMSE: 0.873682034064858 [Train MAE: 0.6463731312905577]
Test RMSE: 2.757386829889594 [Test MAE: 1.605868137010139]
FINISHED at Tue Jan 10 11:28:54 CET 2023
