STARTING AT Tue Jan 10 09:55:27 CET 2023
Random seed: 1000
5 11
Reading dataset
Shuffling and extracting from dataset (length: 10000)
Shuffling and extraction done
Calculating power spectrum
Expansion coefficients done
Computing training kernel
     Calculating kernels for center species 1
     Calculating kernels for center species 1
Beginning first index add...
Beginning second index add...
     Calculating kernels for center species 6
     Calculating kernels for center species 6
Beginning first index add...
Beginning second index add...
Training kernel done
Computing test kernel
     Calculating kernels for center species 1
     Calculating kernels for center species 1
Beginning first index add...
Beginning second index add...
     Calculating kernels for center species 6
     Calculating kernels for center species 6
Beginning first index add...
Beginning second index add...
Test kernel done
Calculating composition features
Composition features done
-8.0 39.09755827768439
-7.8 38.973245450889145
-7.6 38.80601506051028
-7.4 38.593157195872045
-7.2 38.338620149709634
-7.0 38.05331168941019
-6.8 37.75283668574161
-6.6 37.45426048028307
-6.4 37.17320404165972
-6.2 36.92165275946921
-6.0 36.70748640677144
-5.8 36.53555031052917
-5.6 36.406861612947154
-5.4 36.31457034155836
-5.199999999999999 36.2430840986393
-5.0 36.17787137016624
-4.8 36.12115766790272
-4.6 36.0973791774212
-4.4 36.14018228190371
-4.199999999999999 36.27396285826296
-4.0 36.5091580394461
-3.8 36.850708154057166
-3.5999999999999996 37.303062427866614
-3.3999999999999995 37.864883479600586
-3.1999999999999993 38.520754950387094
-3.0 39.238128482974105
-2.8 39.97411549403458
-2.5999999999999996 40.69202555592617
-2.3999999999999995 41.379534608342574
-2.1999999999999993 42.05774573797711
-2.0 42.77708111190728
-1.7999999999999998 43.60137775959708
-1.5999999999999996 44.58250991094023
-1.3999999999999995 45.73506632440044
-1.1999999999999993 47.03161362860743
-1.0 48.43030431957909
-0.7999999999999998 49.91693603871509
-0.5999999999999996 51.52887196556618
-0.39999999999999947 53.34077311826221
-0.1999999999999993 55.412088861452844
0.0 57.723694197320334
0.20000000000000107 60.15596892953581
0.40000000000000036 62.53710089924853
0.5999999999999996 64.72356512320057
0.8000000000000007 66.64794179681778
1.0 68.31246268181884
1.200000000000001 69.75257357847093
1.4000000000000004 71.00291606723871
1.6000000000000014 72.08421814916267
1.8000000000000007 73.00761008905529
2.0 73.78092589628206
2.200000000000001 74.41146821429838
2.4000000000000004 74.91017623490232
2.6000000000000014 75.2966800928654
2.8000000000000007 75.59889158266867
3.0 75.84543081280884
3.200000000000001 76.0561174448995
3.4000000000000004 76.23800882078037
3.6000000000000014 76.38977746105283
3.8000000000000007 76.50932481534967
4.0 76.59807434808216
Result sigma optimization:  -4.6 36.0973791774212
E_max_2 =  300
Cutoff Radius =  6.0
Selected Radial Transform =  23.0
factor =  0.4
displacement =  0.0
dataset =  datasets/random-ch4-10k.extxyz
n_train =  1500
n_test =  2000
Train RMSE: 10.388919640629291 [Train MAE: 6.343248861952241]
Test RMSE: 33.70315576922416 [Test MAE: 16.027101704989384]
FINISHED at Tue Jan 10 09:56:18 CET 2023
