STARTING AT Tue Jan 10 10:32:24 CET 2023
Random seed: 1000
5 11
Reading dataset
Shuffling and extracting from dataset (length: 105092)
Shuffling and extraction done
Calculating power spectrum
Expansion coefficients done
Computing training kernel
     Calculating kernels for center species 79
     Calculating kernels for center species 79
Beginning first index add...
Beginning second index add...
Training kernel done
Computing test kernel
     Calculating kernels for center species 79
     Calculating kernels for center species 79
Beginning first index add...
Beginning second index add...
Test kernel done
Calculating composition features
Composition features done
-8.0 125.19503698476866
-7.8 126.63289763842026
-7.6 128.80005771704825
-7.4 131.92506411253115
-7.2 136.17350141135813
-7.0 141.70395482857953
-6.8 148.64684274324483
-6.6 156.88774975748876
-6.4 165.85914243972476
-6.2 174.6712135195488
-6.0 182.51421050601158
-5.8 188.95532663426832
-5.6 193.97374751859928
-5.4 197.86212801613632
-5.199999999999999 201.1414908941415
-5.0 204.53575957402467
-4.8 208.9594289534496
-4.6 215.41348810251156
-4.4 224.720574656727
-4.199999999999999 237.17826519160482
-4.0 252.34771608556744
-3.8 269.20310229390833
-3.5999999999999996 286.6297314687581
-3.3999999999999995 303.86595400790736
-3.1999999999999993 320.5129974673123
-3.0 336.2439170533782
-2.8 350.598017481077
-2.5999999999999996 363.04790339984226
-2.3999999999999995 373.25132257314567
-2.1999999999999993 381.2700287949808
-2.0 387.6440606271718
-1.7999999999999998 393.4327037553881
-1.5999999999999996 400.41174929229476
-1.3999999999999995 411.4637476494608
-1.1999999999999993 430.77787753370677
-1.0 462.89261459245296
-0.7999999999999998 509.9484252251532
-0.5999999999999996 568.9274239744717
-0.39999999999999947 632.1658238299456
-0.1999999999999993 691.1990375152586
0.0 740.4066634533549
0.20000000000000107 778.0137947418228
0.40000000000000036 804.9969289093893
0.5999999999999996 823.5234092997803
0.8000000000000007 835.8703056633908
1.0 843.9376059166398
1.200000000000001 849.1397215954214
1.4000000000000004 852.4635890833719
1.6000000000000014 854.5715810636037
1.8000000000000007 855.8977192305082
2.0 856.7224550902408
2.200000000000001 857.2261532775198
2.4000000000000004 857.5255220759809
2.6000000000000014 857.6971687664459
2.8000000000000007 857.7917433901076
3.0 857.84204958521
3.200000000000001 857.8682269551791
3.4000000000000004 857.8817983197073
3.6000000000000014 857.8889346990358
3.8000000000000007 857.892789861566
4.0 857.8949412938545
Result sigma optimization:  -8.0 125.19503698476866
E_max_2 =  300
Cutoff Radius =  6.0
Selected Radial Transform =  23.0
factor =  1.4
displacement =  0.0
dataset =  datasets/gold.xyz
n_train =  1500
n_test =  2000
Train RMSE: 122.85866136755223 [Train MAE: 99.07623596765715]
Test RMSE: 127.85715321327315 [Test MAE: 101.83034838181698]
FINISHED at Tue Jan 10 10:33:37 CET 2023
