STARTING AT Tue Jan 10 10:33:12 CET 2023
Random seed: 1000
5 11
Reading dataset
Shuffling and extracting from dataset (length: 105092)
Shuffling and extraction done
Calculating power spectrum
Expansion coefficients done
Computing training kernel
     Calculating kernels for center species 79
     Calculating kernels for center species 79
Beginning first index add...
Beginning second index add...
Training kernel done
Computing test kernel
     Calculating kernels for center species 79
     Calculating kernels for center species 79
Beginning first index add...
Beginning second index add...
Test kernel done
Calculating composition features
Composition features done
-8.0 203.64690570440544
-7.8 226.32231522859166
-7.6 252.7105920040012
-7.4 280.5393642937534
-7.2 307.32078764037686
-7.0 330.98152659626635
-6.8 350.3462992497971
-6.6 365.21245841267046
-6.4 376.0575415758629
-6.2 383.660800046205
-6.0 388.83065110036864
-5.8 392.2659551190283
-5.6 394.5111932281435
-5.4 395.9630598238319
-5.199999999999999 396.8989915923043
-5.0 397.51133121884743
-4.8 397.9417764356817
-4.6 398.3200243914679
-4.4 398.8208755189921
-4.199999999999999 399.769673078213
-4.0 401.84750725289825
-3.8 406.45399218007896
-3.5999999999999996 416.18820014171797
-3.3999999999999995 435.0360327098516
-3.1999999999999993 467.29664361834654
-3.0 514.7242078778401
-2.8 573.8605790141991
-2.5999999999999996 636.7994547525687
-2.3999999999999995 695.1355104703686
-2.1999999999999993 743.4744788538263
-2.0 780.2510654728482
-1.7999999999999998 806.5530058127449
-1.5999999999999996 824.5722092005356
-1.3999999999999995 836.5645130360373
-1.1999999999999993 844.3947851087541
-1.0 849.4444947303809
-0.7999999999999998 852.6751669639044
-0.5999999999999996 854.7315408616821
-0.39999999999999947 856.036165535641
-0.1999999999999993 856.862060464929
0.0 857.3840538947856
0.20000000000000107 857.7134433952212
0.40000000000000036 857.9207823298515
0.5999999999999996 858.0506158606054
0.8000000000000007 858.1309063169876
1.0 858.1790109288174
1.200000000000001 858.2054469439425
1.4000000000000004 858.2162628013799
1.6000000000000014 858.2145811069676
1.8000000000000007 858.2017415453446
2.0 858.1783761399856
2.200000000000001 858.1455633703138
2.4000000000000004 858.1058156229317
2.6000000000000014 858.0632617506612
2.8000000000000007 858.0226294995465
3.0 857.9876425618975
3.200000000000001 857.9600357041096
3.4000000000000004 857.9396967765634
3.6000000000000014 857.9254522172786
3.8000000000000007 857.9158245852378
4.0 857.9094725206793
Result sigma optimization:  -8.0 203.64690570440544
E_max_2 =  300
Cutoff Radius =  6.0
Selected Radial Transform =  23.0
factor =  2.2
displacement =  0.0
dataset =  datasets/gold.xyz
n_train =  1500
n_test =  2000
Train RMSE: 198.25318245451822 [Train MAE: 165.86261218274225]
Test RMSE: 202.39928134342406 [Test MAE: 168.1828609846232]
FINISHED at Tue Jan 10 10:34:28 CET 2023
