STARTING AT Tue Jan 10 10:31:36 CET 2023
Random seed: 1000
7 16
Reading dataset
Shuffling and extracting from dataset (length: 105092)
Shuffling and extraction done
Calculating power spectrum
Expansion coefficients done
Computing training kernel
     Calculating kernels for center species 79
     Calculating kernels for center species 79
Beginning first index add...
Beginning second index add...
Training kernel done
Computing test kernel
     Calculating kernels for center species 79
     Calculating kernels for center species 79
Beginning first index add...
Beginning second index add...
Test kernel done
Calculating composition features
Composition features done
-8.0 136.87463325440837
-7.8 133.99947968858118
-7.6 131.24469681593175
-7.4 128.6424445558554
-7.2 126.14460922711386
-7.0 123.64531128558775
-6.8 121.03391097720403
-6.6 118.23902430357577
-6.4 115.24001932911192
-6.2 112.05152092883803
-6.0 108.7021028045753
-5.8 105.22769647479264
-5.6 101.6835821818525
-5.4 98.15236078054552
-5.199999999999999 94.72575063433145
-5.0 91.47197873177089
-4.8 88.41848653738927
-4.6 85.55972441338187
-4.4 82.8787300718546
-4.199999999999999 80.37235859808986
-4.0 78.07232470813615
-3.8 76.04993766826482
-3.5999999999999996 74.40340784075869
-3.3999999999999995 73.23864558381096
-3.1999999999999993 72.64629707446854
-3.0 72.676915138475
-2.8 73.3292342870425
-2.5999999999999996 74.56193633692462
-2.3999999999999995 76.32058501128965
-2.1999999999999993 78.56408565928257
-2.0 81.2790180949223
-1.7999999999999998 84.48019172599736
-1.5999999999999996 88.20952098670482
-1.3999999999999995 92.54394922961355
-1.1999999999999993 97.60056192358863
-1.0 103.51985075853123
-0.7999999999999998 110.43321299676968
-0.5999999999999996 118.43130081465587
-0.39999999999999947 127.52528835697484
-0.1999999999999993 137.59454980332376
0.0 148.37057498955642
0.20000000000000107 159.52868286766642
0.40000000000000036 170.87430602255617
0.5999999999999996 182.52038810581593
0.8000000000000007 194.95193014026577
1.0 208.9024663442952
1.200000000000001 225.07247495065565
1.4000000000000004 243.96814022064606
1.6000000000000014 266.16131562808147
1.8000000000000007 292.71282417263836
2.0 324.9493655045706
2.200000000000001 363.2515694326912
2.4000000000000004 405.91622451311486
2.6000000000000014 449.6791145672815
2.8000000000000007 491.81969809968814
3.0 531.9337070322138
3.200000000000001 571.7696488089348
3.4000000000000004 613.1950563026469
3.6000000000000014 655.9512744015507
3.8000000000000007 697.3081699170971
4.0 733.8845730101086
Result sigma optimization:  -3.1999999999999993 72.64629707446854
E_max_2 =  500
Cutoff Radius =  6.0
Selected Radial Transform =  23.0
factor =  0.3
displacement =  0.0
dataset =  datasets/gold.xyz
n_train =  1500
n_test =  2000
Train RMSE: 40.76285294313817 [Train MAE: 27.677440268522705]
Test RMSE: 73.65804980744107 [Test MAE: 44.26329354126298]
FINISHED at Tue Jan 10 10:32:22 CET 2023
