STARTING AT Tue Jan 10 10:34:27 CET 2023
Random seed: 1000
5 11
Reading dataset
Shuffling and extracting from dataset (length: 105092)
Shuffling and extraction done
Calculating power spectrum
Expansion coefficients done
Computing training kernel
     Calculating kernels for center species 79
     Calculating kernels for center species 79
Beginning first index add...
Beginning second index add...
Training kernel done
Computing test kernel
     Calculating kernels for center species 79
     Calculating kernels for center species 79
Beginning first index add...
Beginning second index add...
Test kernel done
Calculating composition features
Composition features done
-8.0 83.38459283096122
-7.8 83.61592041532668
-7.6 84.0430115960956
-7.4 84.6283732759212
-7.2 85.34394203824264
-7.0 86.15347338769445
-6.8 87.00498753847872
-6.6 87.84629689162946
-6.4 88.64813762357778
-6.2 89.41580450145891
-6.0 90.18288306773407
-5.8 90.9897089334492
-5.6 91.85958521360934
-5.4 92.79297509012153
-5.199999999999999 93.78561051028571
-5.0 94.857287721827
-4.8 96.07731209884031
-4.6 97.57717368333435
-4.4 99.5410532233754
-4.199999999999999 102.16823271302543
-4.0 105.61285531685431
-3.8 109.92666734939291
-3.5999999999999996 115.04316794635207
-3.3999999999999995 120.82219130450537
-3.1999999999999993 127.12021594600462
-3.0 133.80913373543632
-2.8 140.7173362144273
-2.5999999999999996 147.59054901199232
-2.3999999999999995 154.18148900858364
-2.1999999999999993 160.41571645557516
-2.0 166.4837914928359
-1.7999999999999998 172.80894816433263
-1.5999999999999996 179.95600843368823
-1.3999999999999995 188.54293267365532
-1.1999999999999993 199.11564229242228
-1.0 211.9268906346982
-0.7999999999999998 226.79504943051097
-0.5999999999999996 243.33288451681162
-0.39999999999999947 261.38797419936884
-0.1999999999999993 281.1565688210084
0.0 302.8675777369044
0.20000000000000107 326.5585026464849
0.40000000000000036 352.22482689999333
0.5999999999999996 379.86053599157714
0.8000000000000007 409.00826212877257
1.0 438.44012675155125
1.200000000000001 466.8075019548439
1.4000000000000004 493.93238680180224
1.6000000000000014 521.5432834252581
1.8000000000000007 552.6153504336904
2.0 589.3351591006772
2.200000000000001 630.9641992134098
2.4000000000000004 673.7045440471159
2.6000000000000014 712.9531996276578
2.8000000000000007 745.7511740215457
3.0 771.5486726539331
3.200000000000001 791.4718658201901
3.4000000000000004 807.149651578387
3.6000000000000014 819.8421235627326
3.8000000000000007 830.1685268578381
4.0 838.3410176857943
Result sigma optimization:  -8.0 83.38459283096122
E_max_2 =  300
Cutoff Radius =  6.0
Selected Radial Transform =  24.0
factor =  0.6
displacement =  0.0
dataset =  datasets/gold.xyz
n_train =  1500
n_test =  2000
Train RMSE: 57.280580546400216 [Train MAE: 40.32218915158855]
Test RMSE: 86.32164002846783 [Test MAE: 54.602703927073975]
FINISHED at Tue Jan 10 10:35:25 CET 2023
