STARTING AT Tue Jan 10 10:34:52 CET 2023
Random seed: 1000
7 16
Reading dataset
Shuffling and extracting from dataset (length: 105092)
Shuffling and extraction done
Calculating power spectrum
Expansion coefficients done
Computing training kernel
     Calculating kernels for center species 79
     Calculating kernels for center species 79
Beginning first index add...
Beginning second index add...
Training kernel done
Computing test kernel
     Calculating kernels for center species 79
     Calculating kernels for center species 79
Beginning first index add...
Beginning second index add...
Test kernel done
Calculating composition features
Composition features done
-8.0 109.92065651497737
-7.8 110.6324281362063
-7.6 111.32000698955535
-7.4 111.95658086518434
-7.2 112.54232904945542
-7.0 113.09371512584536
-6.8 113.63473620462472
-6.6 114.19831873278261
-6.4 114.8291226371603
-6.2 115.57575508172918
-6.0 116.4725434699606
-5.8 117.52167689453465
-5.6 118.69168254552525
-5.4 119.94590455040907
-5.199999999999999 121.29637433113459
-5.0 122.85354901582093
-4.8 124.83158730059266
-4.6 127.49166981236887
-4.4 131.07345763328638
-4.199999999999999 135.8126944063986
-4.0 142.03723763443278
-3.8 150.13765478092813
-3.5999999999999996 160.24525586734396
-3.3999999999999995 171.8395456746441
-3.1999999999999993 183.7774249370025
-3.0 194.83996648087634
-2.8 204.31688645809297
-2.5999999999999996 212.22476257727007
-2.3999999999999995 219.19172466608566
-2.1999999999999993 226.19851082454755
-2.0 234.2575744803367
-1.7999999999999998 244.06491992851966
-1.5999999999999996 255.79205693943302
-1.3999999999999995 269.2220261306603
-1.1999999999999993 284.0900897689621
-1.0 300.18006845779985
-0.7999999999999998 317.0769328382583
-0.5999999999999996 334.03812961971846
-0.39999999999999947 350.2404512807843
-0.1999999999999993 365.0650738230649
0.0 378.1881422618298
0.20000000000000107 389.6929502242733
0.40000000000000036 400.3743232675187
0.5999999999999996 412.15202512477845
0.8000000000000007 428.4006143474611
1.0 453.6838329949215
1.200000000000001 492.0038002896459
1.4000000000000004 543.7330645557857
1.6000000000000014 603.9301165054579
1.8000000000000007 664.4373312278964
2.0 717.9997860599118
2.200000000000001 760.8430940717471
2.4000000000000004 792.6052549104073
2.6000000000000014 814.9097885731879
2.8000000000000007 829.9992246920905
3.0 839.9544596748993
3.200000000000001 846.4133188945033
3.4000000000000004 850.5572931709378
3.6000000000000014 853.1975415094112
3.8000000000000007 854.875174708592
4.0 855.9440171610123
Result sigma optimization:  -8.0 109.92065651497737
E_max_2 =  500
Cutoff Radius =  6.0
Selected Radial Transform =  24.0
factor =  1.2
displacement =  0.0
dataset =  datasets/gold.xyz
n_train =  1500
n_test =  2000
Train RMSE: 100.33024209219965 [Train MAE: 76.79011200802803]
Test RMSE: 111.45579500683992 [Test MAE: 82.88581821040948]
FINISHED at Tue Jan 10 10:39:26 CET 2023
