STARTING AT Tue Jan 10 10:35:47 CET 2023
Random seed: 1000
7 16
Reading dataset
Shuffling and extracting from dataset (length: 105092)
Shuffling and extraction done
Calculating power spectrum
Expansion coefficients done
Computing training kernel
     Calculating kernels for center species 79
     Calculating kernels for center species 79
Beginning first index add...
Beginning second index add...
Training kernel done
Computing test kernel
     Calculating kernels for center species 79
     Calculating kernels for center species 79
Beginning first index add...
Beginning second index add...
Test kernel done
Calculating composition features
Composition features done
-8.0 158.4364456286023
-7.8 159.8233331179111
-7.6 162.67018824869467
-7.4 168.1761038758367
-7.2 177.92977460092527
-7.0 193.42940932998056
-6.8 215.23963636505934
-6.6 242.31945400790698
-6.4 272.11029513142097
-6.2 301.43968334449886
-6.0 327.680243590516
-5.8 349.423896400468
-5.6 366.41387402675525
-5.4 379.0927434363679
-5.199999999999999 388.1969345898787
-5.0 394.521354566763
-4.8 398.79582679530216
-4.6 401.62390414616436
-4.4 403.4664633899944
-4.199999999999999 404.65535357563505
-4.0 405.4209375162706
-3.8 405.92249831105664
-3.5999999999999996 406.27821636855424
-3.3999999999999995 406.59901570872404
-3.1999999999999993 407.0396701648213
-3.0 407.89491497760105
-2.8 409.7890646749223
-2.5999999999999996 414.017011668417
-2.3999999999999995 423.01361759114167
-2.1999999999999993 440.592552108554
-2.0 471.041080687033
-1.7999999999999998 516.4319452342165
-1.5999999999999996 573.836638210587
-1.3999999999999995 635.7156712344599
-1.1999999999999993 693.670330563708
-1.0 742.0776026699268
-0.7999999999999998 779.1200152169201
-0.5999999999999996 805.7192817362262
-0.39999999999999947 823.9920163165
-0.1999999999999993 836.1750277543698
0.0 844.1391727562581
0.20000000000000107 849.2791074968582
0.40000000000000036 852.5691042769347
0.5999999999999996 854.6639020492504
0.8000000000000007 855.9931936716001
1.0 856.8348564863744
1.200000000000001 857.366934086205
1.4000000000000004 857.7028246227933
1.6000000000000014 857.9144527125351
1.8000000000000007 858.0472726831913
2.0 858.1298753431994
2.200000000000001 858.1800875766353
2.4000000000000004 858.2088153605835
2.6000000000000014 858.2224506875855
2.8000000000000007 858.2243932965106
3.0 858.2160884546605
3.200000000000001 858.1979079308355
3.4000000000000004 858.1701182531267
3.6000000000000014 858.1339473002399
3.8000000000000007 858.0923293713821
4.0 858.0496584695359
Result sigma optimization:  -8.0 158.4364456286023
E_max_2 =  500
Cutoff Radius =  6.0
Selected Radial Transform =  24.0
factor =  2.3
displacement =  0.0
dataset =  datasets/gold.xyz
n_train =  1500
n_test =  2000
Train RMSE: 157.2047288228614 [Train MAE: 133.2363771591911]
Test RMSE: 164.44498628462514 [Test MAE: 138.49357679894592]
FINISHED at Tue Jan 10 10:36:56 CET 2023
