STARTING AT Tue Jan 10 11:31:58 CET 2023
Random seed: 1000
6 14
Reading dataset
Shuffling and extracting from dataset (length: 133885)
Shuffling and extraction done
Calculating power spectrum
Expansion coefficients done
Computing training kernel
     Calculating kernels for center species 1
     Calculating kernels for center species 1
Beginning first index add...
Beginning second index add...
     Calculating kernels for center species 6
     Calculating kernels for center species 6
Beginning first index add...
Beginning second index add...
     Calculating kernels for center species 7
     Calculating kernels for center species 7
Beginning first index add...
Beginning second index add...
     Calculating kernels for center species 8
     Calculating kernels for center species 8
Beginning first index add...
Beginning second index add...
     Calculating kernels for center species 9
     Calculating kernels for center species 9
Beginning first index add...
Beginning second index add...
Training kernel done
Computing test kernel
     Calculating kernels for center species 1
     Calculating kernels for center species 1
Beginning first index add...
Beginning second index add...
     Calculating kernels for center species 6
     Calculating kernels for center species 6
Beginning first index add...
Beginning second index add...
     Calculating kernels for center species 7
     Calculating kernels for center species 7
Beginning first index add...
Beginning second index add...
     Calculating kernels for center species 8
     Calculating kernels for center species 8
Beginning first index add...
Beginning second index add...
     Calculating kernels for center species 9
     Calculating kernels for center species 9
Beginning first index add...
Beginning second index add...
Test kernel done
Calculating composition features
Composition features done
-8.0 2.2930558772361254
-7.8 2.3557082376412386
-7.6 2.428959226333672
-7.4 2.5155379624938554
-7.2 2.6310071199840364
-7.0 2.786363028132531
-6.8 2.9906839875277558
-6.6 3.2479540751811387
-6.4 3.5607181793803853
-6.2 3.924743159017584
-6.0 4.307950923954272
-5.8 4.697695485921402
-5.6 5.101559310853229
-5.4 5.522657329107227
-5.199999999999999 5.937438005952921
-5.0 6.3384327758065
-4.8 6.734377378792366
-4.6 7.15160095640658
-4.4 7.62917215244765
-4.199999999999999 8.182792554181788
-4.0 8.80228616051832
-3.8 9.461479094874134
-3.5999999999999996 10.168381254097893
-3.3999999999999995 10.922851501939673
-3.1999999999999993 11.727483285121236
-3.0 12.603718380127903
-2.8 13.554857141216953
-2.5999999999999996 14.539203463227363
-2.3999999999999995 15.489050681929994
-2.1999999999999993 16.329269487397017
-2.0 17.05310269068483
-1.7999999999999998 17.664322790060414
-1.5999999999999996 18.164362684537124
-1.3999999999999995 18.579768642619193
-1.1999999999999993 18.922306223013525
-1.0 19.20497877330147
-0.7999999999999998 19.44401814441463
-0.5999999999999996 19.66294338879646
-0.39999999999999947 19.873304204688676
-0.1999999999999993 20.078216398976615
0.0 20.272856422868426
0.20000000000000107 20.44469354862517
0.40000000000000036 20.586022059773708
0.5999999999999996 20.689914263681562
0.8000000000000007 20.76157885272515
1.0 20.808536565817253
1.200000000000001 20.83771704247441
1.4000000000000004 20.854763509830494
1.6000000000000014 20.864250913146925
1.8000000000000007 20.869405661479615
2.0 20.8719656086144
2.200000000000001 20.873111977931423
2.4000000000000004 20.873502738738768
2.6000000000000014 20.873371314143853
2.8000000000000007 20.87281389536905
3.0 20.871920357852364
3.200000000000001 20.870801583259162
3.4000000000000004 20.86958505051775
3.6000000000000014 20.86843545977511
3.8000000000000007 20.867468050292544
4.0 20.866700398026047
Result sigma optimization:  -8.0 2.2930558772361254
E_max_2 =  400
Cutoff Radius =  6.0
Selected Radial Transform =  24.0
factor =  3.0
displacement =  0.0
dataset =  datasets/qm9.xyz
n_train =  1500
n_test =  2000
Train RMSE: 2.5070541699169646 [Train MAE: 1.8147114823362376]
Test RMSE: 3.085517627863366 [Test MAE: 2.1779512036679374]
FINISHED at Tue Jan 10 11:34:49 CET 2023
