STARTING AT Tue Jan 10 10:35:22 CET 2023
Random seed: 1000
5 11
Reading dataset
Shuffling and extracting from dataset (length: 105092)
Shuffling and extraction done
Calculating power spectrum
Expansion coefficients done
Computing training kernel
     Calculating kernels for center species 79
     Calculating kernels for center species 79
Beginning first index add...
Beginning second index add...
Training kernel done
Computing test kernel
     Calculating kernels for center species 79
     Calculating kernels for center species 79
Beginning first index add...
Beginning second index add...
Test kernel done
Calculating composition features
Composition features done
-8.0 170.02643393054134
-7.8 170.89234213763308
-7.6 171.56598712045877
-7.4 172.22176641911375
-7.2 173.12504709293674
-7.0 174.73204553496186
-6.8 177.799625625144
-6.6 183.4173627922609
-6.4 192.82392879852253
-6.2 206.95693098278159
-6.0 225.9001396790101
-5.8 248.54585349866204
-5.6 272.7761422195565
-5.4 296.1933342004133
-5.199999999999999 316.9748150621856
-5.0 334.2926459836824
-4.8 348.14246561906805
-4.6 358.9075306375534
-4.4 367.04717485445826
-4.199999999999999 373.0092562493592
-4.0 377.23739354877705
-3.8 380.165185826404
-3.5999999999999996 382.1975667089872
-3.3999999999999995 383.7196631230397
-3.1999999999999993 385.1663188418508
-3.0 387.18834989478387
-2.8 390.96763315590493
-2.5999999999999996 398.69646441861613
-2.3999999999999995 413.9864867461465
-2.1999999999999993 441.40735105819596
-2.0 484.1978071254248
-1.7999999999999998 541.0428938811826
-1.5999999999999996 605.2604388641423
-1.3999999999999995 667.9173140829589
-1.1999999999999993 722.0195612256823
-1.0 764.4812818298227
-0.7999999999999998 795.5349416507407
-0.5999999999999996 817.1398386343251
-0.39999999999999947 831.6676810515228
-0.1999999999999993 841.2178819741304
0.0 847.4036176624661
0.20000000000000107 851.3718733797688
0.40000000000000036 853.9016818374454
0.5999999999999996 855.5075766515964
0.8000000000000007 856.523487435817
1.0 857.1636485518129
1.200000000000001 857.5643400316667
1.4000000000000004 857.8115801989029
1.6000000000000014 857.9591968827633
1.8000000000000007 858.0406204747565
2.0 858.0767671861895
2.200000000000001 858.081524278208
2.4000000000000004 858.0654867059727
2.6000000000000014 858.0378840747204
2.8000000000000007 858.0066679493332
3.0 857.9776037424397
3.200000000000001 857.9537196128746
3.4000000000000004 857.935720630769
3.6000000000000014 857.9229476496869
3.8000000000000007 857.9142461692843
4.0 857.9084773992832
Result sigma optimization:  -8.0 170.02643393054134
E_max_2 =  300
Cutoff Radius =  6.0
Selected Radial Transform =  24.0
factor =  1.8
displacement =  0.0
dataset =  datasets/gold.xyz
n_train =  1500
n_test =  2000
Train RMSE: 168.7379322381223 [Train MAE: 137.67561405155962]
Test RMSE: 176.71501527067963 [Test MAE: 144.6943562699419]
FINISHED at Tue Jan 10 10:36:19 CET 2023
