STARTING AT Tue Jan 10 10:34:24 CET 2023
Random seed: 1000
7 18
Reading dataset
Shuffling and extracting from dataset (length: 105092)
Shuffling and extraction done
Calculating power spectrum
Expansion coefficients done
Computing training kernel
     Calculating kernels for center species 79
     Calculating kernels for center species 79
Beginning first index add...
Beginning second index add...
Training kernel done
Computing test kernel
     Calculating kernels for center species 79
     Calculating kernels for center species 79
Beginning first index add...
Beginning second index add...
Test kernel done
Calculating composition features
Composition features done
-8.0 133.68911085534666
-7.8 131.35270096275573
-7.6 129.2133452798124
-7.4 127.28334414763728
-7.2 125.50439288282573
-7.0 123.79459547271196
-6.8 122.08063399839752
-6.6 120.29580624020896
-6.4 118.37423752979021
-6.2 116.26167882710261
-6.0 113.92687261104729
-5.8 111.35783979593398
-5.6 108.55033282911165
-5.4 105.50523627373792
-5.199999999999999 102.24447389715783
-5.0 98.83337186436945
-4.8 95.38315441567167
-4.6 92.02533149365632
-4.4 88.8825103152711
-4.199999999999999 86.06203403851873
-4.0 83.66587402433748
-3.8 81.79444726799085
-3.5999999999999996 80.53897549874381
-3.3999999999999995 79.96683189730325
-3.1999999999999993 80.10153229176701
-3.0 80.90870111131147
-2.8 82.30786723441217
-2.5999999999999996 84.21024808062931
-2.3999999999999995 86.5592635449914
-2.1999999999999993 89.35820697488695
-2.0 92.6858386839036
-1.7999999999999998 96.69184294255228
-1.5999999999999996 101.55009540252317
-1.3999999999999995 107.37369074495093
-1.1999999999999993 114.14697634830397
-1.0 121.72333511828846
-0.7999999999999998 129.88131547793463
-0.5999999999999996 138.41762446568714
-0.39999999999999947 147.2421756311898
-0.1999999999999993 156.40417297645675
0.0 166.04314890496127
0.20000000000000107 176.37584638897857
0.40000000000000036 187.75133228041398
0.5999999999999996 200.60880827187313
0.8000000000000007 215.25919365982207
1.0 231.7354673298895
1.200000000000001 249.96158307329023
1.4000000000000004 270.04437691293043
1.6000000000000014 292.22224769802847
1.8000000000000007 316.43800031361235
2.0 342.15195939417083
2.200000000000001 368.7709121666306
2.4000000000000004 396.1485376031026
2.6000000000000014 424.5938230480619
2.8000000000000007 454.7468639500769
3.0 487.8301298908553
3.200000000000001 525.6954462946591
3.4000000000000004 569.5978387783239
3.6000000000000014 618.2421433406175
3.8000000000000007 667.4173210765451
4.0 712.0984410001721
Result sigma optimization:  -3.3999999999999995 79.96683189730325
E_max_2 =  600
Cutoff Radius =  6.0
Selected Radial Transform =  24.0
factor =  0.5
displacement =  0.0
dataset =  datasets/gold.xyz
n_train =  1500
n_test =  2000
Train RMSE: 51.608319580451486 [Train MAE: 36.47320659617213]
Test RMSE: 78.95546174137347 [Test MAE: 50.651415709842766]
FINISHED at Tue Jan 10 10:40:08 CET 2023
