STARTING AT Tue Jan 10 11:28:15 CET 2023
Random seed: 1000
7 16
Reading dataset
Shuffling and extracting from dataset (length: 133885)
Shuffling and extraction done
Calculating power spectrum
Expansion coefficients done
Computing training kernel
     Calculating kernels for center species 1
     Calculating kernels for center species 1
Beginning first index add...
Beginning second index add...
     Calculating kernels for center species 6
     Calculating kernels for center species 6
Beginning first index add...
Beginning second index add...
     Calculating kernels for center species 7
     Calculating kernels for center species 7
Beginning first index add...
Beginning second index add...
     Calculating kernels for center species 8
     Calculating kernels for center species 8
Beginning first index add...
Beginning second index add...
     Calculating kernels for center species 9
     Calculating kernels for center species 9
Beginning first index add...
Beginning second index add...
Training kernel done
Computing test kernel
     Calculating kernels for center species 1
     Calculating kernels for center species 1
Beginning first index add...
Beginning second index add...
     Calculating kernels for center species 6
     Calculating kernels for center species 6
Beginning first index add...
Beginning second index add...
     Calculating kernels for center species 7
     Calculating kernels for center species 7
Beginning first index add...
Beginning second index add...
     Calculating kernels for center species 8
     Calculating kernels for center species 8
Beginning first index add...
Beginning second index add...
     Calculating kernels for center species 9
     Calculating kernels for center species 9
Beginning first index add...
Beginning second index add...
Test kernel done
Calculating composition features
Composition features done
-8.0 4.636805601726889
-7.8 4.6368055978891745
-7.6 4.636805591805787
-7.4 4.63680558216043
-7.2 4.63680556687945
-7.0 4.636805542653662
-6.8 4.636805504260734
-6.6 4.63680544342916
-6.4 4.636805346986887
-6.2 4.636805194164337
-6.0 4.6368049519245655
-5.8 4.63680456803539
-5.6 4.636803959599634
-5.4 4.6368029953027845
-5.199999999999999 4.636801466995918
-5.0 4.636799044788899
-4.8 4.636795205893006
-4.6 4.636789121729791
-4.4 4.636779479152687
-4.199999999999999 4.636764197184856
-4.0 4.636739978088961
-3.8 4.636701596329861
-3.5999999999999996 4.6366407727532595
-3.3999999999999995 4.63654439253226
-3.1999999999999993 4.636391686942004
-3.0 4.636149891272673
-2.8 4.635769305149242
-2.5999999999999996 4.635167277078525
-2.3999999999999995 4.6342163935955485
-2.1999999999999993 4.6327139062244935
-2.0 4.630343983854404
-1.7999999999999998 4.6266207673860436
-1.5999999999999996 4.620838757225295
-1.3999999999999995 4.611916572801163
-1.1999999999999993 4.598313197104605
-1.0 4.578370267025038
-0.7999999999999998 4.550018004223774
-0.5999999999999996 4.511063198558682
-0.39999999999999947 4.462514200998892
-0.1999999999999993 4.408289382005469
0.0 4.3493174413845095
0.20000000000000107 4.299266735751497
0.40000000000000036 4.261802555142855
0.5999999999999996 4.248356081410355
0.8000000000000007 4.275896662699873
1.0 4.351853396108568
1.200000000000001 4.463214252651598
1.4000000000000004 4.606515565801703
1.6000000000000014 4.7966975932923495
1.8000000000000007 5.0433892446457165
2.0 5.343842538736676
2.200000000000001 5.701786783386726
2.4000000000000004 6.1239443072338435
2.6000000000000014 6.61281041416015
2.8000000000000007 7.171212678543986
3.0 7.824178141050715
3.200000000000001 8.584151877149987
3.4000000000000004 9.43562756448902
3.6000000000000014 10.368701404719411
3.8000000000000007 11.346968869750846
4.0 12.359633744503073
Result sigma optimization:  0.5999999999999996 4.248356081410355
E_max_2 =  500
Cutoff Radius =  6.0
Selected Radial Transform =  24.0
factor =  0.2
displacement =  0.0
dataset =  datasets/qm9.xyz
n_train =  1500
n_test =  2000
Train RMSE: 2.0533118630740987 [Train MAE: 1.3966358359295348]
Test RMSE: 5.949068773854698 [Test MAE: 3.9797922964644115]
FINISHED at Tue Jan 10 11:32:45 CET 2023
