STARTING AT Tue Jan 10 11:28:04 CET 2023
Random seed: 1000
7 18
Reading dataset
Shuffling and extracting from dataset (length: 133885)
Shuffling and extraction done
Calculating power spectrum
Expansion coefficients done
Computing training kernel
     Calculating kernels for center species 1
     Calculating kernels for center species 1
Beginning first index add...
Beginning second index add...
     Calculating kernels for center species 6
     Calculating kernels for center species 6
Beginning first index add...
Beginning second index add...
     Calculating kernels for center species 7
     Calculating kernels for center species 7
Beginning first index add...
Beginning second index add...
     Calculating kernels for center species 8
     Calculating kernels for center species 8
Beginning first index add...
Beginning second index add...
     Calculating kernels for center species 9
     Calculating kernels for center species 9
Beginning first index add...
Beginning second index add...
Training kernel done
Computing test kernel
     Calculating kernels for center species 1
     Calculating kernels for center species 1
Beginning first index add...
Beginning second index add...
     Calculating kernels for center species 6
     Calculating kernels for center species 6
Beginning first index add...
Beginning second index add...
     Calculating kernels for center species 7
     Calculating kernels for center species 7
Beginning first index add...
Beginning second index add...
     Calculating kernels for center species 8
     Calculating kernels for center species 8
Beginning first index add...
Beginning second index add...
     Calculating kernels for center species 9
     Calculating kernels for center species 9
Beginning first index add...
Beginning second index add...
Test kernel done
Calculating composition features
Composition features done
-8.0 8.444127418569881
-7.8 8.444127417504564
-7.6 8.444127415491392
-7.4 8.444127412583022
-7.2 8.444127407972541
-7.0 8.444127400852063
-6.8 8.444127389129317
-6.6 8.444127370637483
-6.4 8.444127341892113
-6.2 8.444127296123057
-6.0 8.44412722270102
-5.8 8.444127107331619
-5.6 8.444126924453997
-5.4 8.44412663359916
-5.199999999999999 8.444126173654064
-5.0 8.444125444300868
-4.8 8.444124288528043
-4.6 8.444122456435021
-4.4 8.444119553113866
-4.199999999999999 8.444114951746398
-4.0 8.444107658303286
-3.8 8.444096099597154
-3.5999999999999996 8.444077780654897
-3.3999999999999995 8.444048747662412
-3.1999999999999993 8.444002734876737
-3.0 8.44392981239274
-2.8 8.443814247358832
-2.5999999999999996 8.443631109376952
-2.3999999999999995 8.443340910463899
-2.1999999999999993 8.442881110587024
-2.0 8.442152715993705
-1.7999999999999998 8.44099913874461
-1.5999999999999996 8.439177305709178
-1.3999999999999995 8.436298842371196
-1.1999999999999993 8.431750086663666
-1.0 8.424585587495313
-0.7999999999999998 8.413391341867898
-0.5999999999999996 8.395869420046289
-0.39999999999999947 8.368677718856203
-0.1999999999999993 8.326938474093895
0.0 8.263963898712063
0.20000000000000107 8.173679510866275
0.40000000000000036 8.050207965443018
0.5999999999999996 7.886662178257639
0.8000000000000007 7.686719759617457
1.0 7.46094723691297
1.200000000000001 7.22066818225485
1.4000000000000004 6.980739423751252
1.6000000000000014 6.7576573739318135
1.8000000000000007 6.5693674291195405
2.0 6.441401187219098
2.200000000000001 6.380278454012943
2.4000000000000004 6.379207754065319
2.6000000000000014 6.417848420061273
2.8000000000000007 6.497751469129216
3.0 6.607864732497081
3.200000000000001 6.7562996671526
3.4000000000000004 6.950399623598494
3.6000000000000014 7.201466729163677
3.8000000000000007 7.514395867756587
4.0 7.920533731638751
Result sigma optimization:  2.4000000000000004 6.379207754065319
E_max_2 =  600
Cutoff Radius =  6.0
Selected Radial Transform =  24.0
factor =  0.1
displacement =  0.0
dataset =  datasets/qm9.xyz
n_train =  1500
n_test =  2000
Train RMSE: 4.224858041013656 [Train MAE: 2.9688738854092116]
Test RMSE: 8.4161441786507 [Test MAE: 6.058544114589995]
FINISHED at Tue Jan 10 11:33:00 CET 2023
