STARTING AT Tue Jan 10 10:34:28 CET 2023
Random seed: 1000
7 16
Reading dataset
Shuffling and extracting from dataset (length: 105092)
Shuffling and extraction done
Calculating power spectrum
Expansion coefficients done
Computing training kernel
     Calculating kernels for center species 79
     Calculating kernels for center species 79
Beginning first index add...
Beginning second index add...
Training kernel done
Computing test kernel
     Calculating kernels for center species 79
     Calculating kernels for center species 79
Beginning first index add...
Beginning second index add...
Test kernel done
Calculating composition features
Composition features done
-8.0 107.32466986421103
-7.8 105.50616935315269
-7.6 103.72288595911176
-7.4 101.83465994247311
-7.2 99.80107393659732
-7.0 97.67592937234872
-6.8 95.56116318956718
-6.6 93.55301656496721
-6.4 91.72053602113537
-6.2 90.12225215104715
-6.0 88.81920752252273
-5.8 87.84908108954075
-5.6 87.18625975697437
-5.4 86.7436471518901
-5.199999999999999 86.42439688283623
-5.0 86.17238676482928
-4.8 85.98640143026272
-4.6 85.91399433133947
-4.4 86.04144888638986
-4.199999999999999 86.46985899499852
-4.0 87.27546076154371
-3.8 88.47957791945002
-3.5999999999999996 90.05478794968069
-3.3999999999999995 91.96335332258916
-3.1999999999999993 94.19622357015803
-3.0 96.78323956444503
-2.8 99.76803389802936
-2.5999999999999996 103.1702286346176
-2.3999999999999995 106.97523046129336
-2.1999999999999993 111.16825010042598
-2.0 115.78393697645771
-1.7999999999999998 120.92714635356661
-1.5999999999999996 126.73702304951932
-1.3999999999999995 133.3111600144608
-1.1999999999999993 140.66273980031028
-1.0 148.7745953246867
-0.7999999999999998 157.72445939214833
-0.5999999999999996 167.76885974238422
-0.39999999999999947 179.25671731124578
-0.1999999999999993 192.3662665538713
0.0 206.88547730295213
0.20000000000000107 222.3003219777761
0.40000000000000036 238.16563349969175
0.5999999999999996 254.45880819033815
0.8000000000000007 271.68124581927646
1.0 290.7247107877502
1.200000000000001 312.63705638243306
1.4000000000000004 338.2726964841624
1.6000000000000014 367.6916782360909
1.8000000000000007 399.5831046808157
2.0 431.5464363024362
2.200000000000001 461.4799181051294
2.4000000000000004 489.07616240830777
2.6000000000000014 516.3391180812853
2.8000000000000007 546.7703016844865
3.0 583.3042184349443
3.200000000000001 625.9129334982712
3.4000000000000004 670.9668454105342
3.6000000000000014 713.3041437141956
3.8000000000000007 749.0466908080332
4.0 776.8466592616722
Result sigma optimization:  -4.6 85.91399433133947
E_max_2 =  500
Cutoff Radius =  6.0
Selected Radial Transform =  24.0
factor =  0.6
displacement =  0.0
dataset =  datasets/gold.xyz
n_train =  1500
n_test =  2000
Train RMSE: 61.998645728307004 [Train MAE: 43.91132235180892]
Test RMSE: 87.22593072660906 [Test MAE: 57.62188088998272]
FINISHED at Tue Jan 10 10:35:40 CET 2023
