STARTING AT Tue Jan 10 10:35:52 CET 2023
Random seed: 1000
7 16
Reading dataset
Shuffling and extracting from dataset (length: 105092)
Shuffling and extraction done
Calculating power spectrum
Expansion coefficients done
Computing training kernel
     Calculating kernels for center species 79
     Calculating kernels for center species 79
Beginning first index add...
Beginning second index add...
Training kernel done
Computing test kernel
     Calculating kernels for center species 79
     Calculating kernels for center species 79
Beginning first index add...
Beginning second index add...
Test kernel done
Calculating composition features
Composition features done
-8.0 164.64695649052263
-7.8 171.31492759604797
-7.6 182.65710129563507
-7.4 199.9189367091196
-7.2 223.2191063651858
-7.0 251.12591406693585
-6.8 280.9878627410226
-6.6 309.8864579104494
-6.4 335.6242349813477
-6.2 357.13438396184915
-6.0 374.2545784241641
-5.8 387.31681975589095
-5.6 396.88837170008486
-5.4 403.6426831020774
-5.199999999999999 408.25812708888634
-5.0 411.3339252367629
-4.8 413.34680178171544
-4.6 414.64816327590546
-4.4 415.484330011233
-4.199999999999999 416.0239691219443
-4.0 416.38522344972597
-3.8 416.66274533273827
-3.5999999999999996 416.9618589401508
-3.3999999999999995 417.4566922492011
-3.1999999999999993 418.5050830317582
-3.0 420.87327496604473
-2.8 426.1177588720928
-2.5999999999999996 437.03533901513134
-2.3999999999999995 457.6689238716913
-2.1999999999999993 491.894202449715
-2.0 540.4498666109824
-1.7999999999999998 598.8541075185325
-1.5999999999999996 658.9950282407356
-1.3999999999999995 713.1974198629418
-1.1999999999999993 757.1244480683158
-1.0 789.994629683654
-0.7999999999999998 813.2272242652257
-0.5999999999999996 829.01570751396
-0.39999999999999947 839.4670677162123
-0.1999999999999993 846.2672600972492
0.0 850.6427485082139
0.20000000000000107 853.4380255565528
0.40000000000000036 855.2156455738224
0.5999999999999996 856.3428016470042
0.8000000000000007 857.0561527089296
1.0 857.5070163863682
1.200000000000001 857.7916490621876
1.4000000000000004 857.9710654195085
1.6000000000000014 858.0838256052424
1.8000000000000007 858.1542070924786
2.0 858.1973886812601
2.200000000000001 858.222714381167
2.4000000000000004 858.2357291553021
2.6000000000000014 858.2394383803139
2.8000000000000007 858.2351029454744
3.0 858.2228180056833
3.200000000000001 858.2021048617037
3.4000000000000004 858.1726975442688
3.6000000000000014 858.1354941525237
3.8000000000000007 858.0932258923152
4.0 858.050158139602
Result sigma optimization:  -8.0 164.64695649052263
E_max_2 =  500
Cutoff Radius =  6.0
Selected Radial Transform =  24.0
factor =  2.4
displacement =  0.0
dataset =  datasets/gold.xyz
n_train =  1500
n_test =  2000
Train RMSE: 162.66895609233384 [Train MAE: 138.99549677600572]
Test RMSE: 168.76595311338102 [Test MAE: 142.94619538911854]
FINISHED at Tue Jan 10 10:37:05 CET 2023
