STARTING AT Tue Jan 10 09:58:22 CET 2023
Random seed: 1000
6 14
Reading dataset
Shuffling and extracting from dataset (length: 10000)
Shuffling and extraction done
Calculating power spectrum
Expansion coefficients done
Computing training kernel
     Calculating kernels for center species 1
     Calculating kernels for center species 1
Beginning first index add...
Beginning second index add...
     Calculating kernels for center species 6
     Calculating kernels for center species 6
Beginning first index add...
Beginning second index add...
Training kernel done
Computing test kernel
     Calculating kernels for center species 1
     Calculating kernels for center species 1
Beginning first index add...
Beginning second index add...
     Calculating kernels for center species 6
     Calculating kernels for center species 6
Beginning first index add...
Beginning second index add...
Test kernel done
Calculating composition features
Composition features done
-8.0 35.24263484406932
-7.8 35.96699579278561
-7.6 36.81305957225617
-7.4 37.73320547896938
-7.2 38.828807612434595
-7.0 40.22648909725879
-6.8 41.96814803130809
-6.6 43.96465996979524
-6.4 46.01820503458595
-6.2 47.88113748330084
-6.0 49.33083027238215
-5.8 50.24511107978443
-5.6 50.64453781585114
-5.4 50.66951496595837
-5.199999999999999 50.49714981346315
-5.0 50.247318101045224
-4.8 49.94038367116006
-4.6 49.52942739801039
-4.4 48.96893716638893
-4.199999999999999 48.26044128159229
-4.0 47.448893155314806
-3.8 46.586364879705
-3.5999999999999996 45.69469761932771
-3.3999999999999995 44.751729837912976
-3.1999999999999993 43.709002471616415
-3.0 42.52849795729679
-2.8 41.21612891707762
-2.5999999999999996 39.835746153579166
-2.3999999999999995 38.49572896858728
-2.1999999999999993 37.309955126957156
-2.0 36.35294982441388
-1.7999999999999998 35.637672379564094
-1.5999999999999996 35.130365706789675
-1.3999999999999995 34.793086514308285
-1.1999999999999993 34.62627590352902
-1.0 34.680367669676585
-0.7999999999999998 35.02152756097107
-0.5999999999999996 35.67715032059384
-0.39999999999999947 36.62549046748661
-0.1999999999999993 37.85623669383689
0.0 39.44001699127447
0.20000000000000107 41.531933391376235
0.40000000000000036 44.29857942589562
0.5999999999999996 47.81456474320154
0.8000000000000007 51.98808699117755
1.0 56.545194766433056
1.200000000000001 61.08201000697289
1.4000000000000004 65.1882206277204
1.6000000000000014 68.58565184839438
1.8000000000000007 71.18876422483613
2.0 73.0661414548783
2.200000000000001 74.36078036004928
2.4000000000000004 75.22551848320762
2.6000000000000014 75.790386119418
2.8000000000000007 76.15379031592015
3.0 76.38528328871814
3.200000000000001 76.53190644590003
3.4000000000000004 76.62452047450438
3.6000000000000014 76.6829609600909
3.8000000000000007 76.71982895097808
4.0 76.7430879178162
Result sigma optimization:  -1.1999999999999993 34.62627590352902
E_max_2 =  400
Cutoff Radius =  6.0
Selected Radial Transform =  24.0
factor =  1.0
displacement =  0.0
dataset =  datasets/random-ch4-10k.extxyz
n_train =  1500
n_test =  2000
Train RMSE: 22.648170184320097 [Train MAE: 17.237402394480974]
Test RMSE: 26.416463625761885 [Test MAE: 18.500436798168927]
FINISHED at Tue Jan 10 10:04:11 CET 2023
