STARTING AT Tue Jan 10 10:35:39 CET 2023
Random seed: 1000
6 14
Reading dataset
Shuffling and extracting from dataset (length: 105092)
Shuffling and extraction done
Calculating power spectrum
Expansion coefficients done
Computing training kernel
     Calculating kernels for center species 79
     Calculating kernels for center species 79
Beginning first index add...
Beginning second index add...
Training kernel done
Computing test kernel
     Calculating kernels for center species 79
     Calculating kernels for center species 79
Beginning first index add...
Beginning second index add...
Test kernel done
Calculating composition features
Composition features done
-8.0 160.15192199076665
-7.8 160.64078731674374
-7.6 161.6631580010185
-7.4 163.84695586112943
-7.2 168.27071752460645
-7.0 176.4585789514974
-6.8 189.97573955934035
-6.6 209.6187759522833
-6.4 234.69698182425037
-6.2 262.97867887574006
-6.0 291.38917504396767
-5.8 317.0910736958184
-5.6 338.3497551209248
-5.4 354.7338017839889
-5.199999999999999 366.730234485458
-5.0 375.2071307210306
-4.8 381.04474962970465
-4.6 384.9829523551357
-4.4 387.59447804094316
-4.199999999999999 389.30310058098536
-4.0 390.4125265962729
-3.8 391.13716418262834
-3.5999999999999996 391.6335555216947
-3.3999999999999995 392.03590821435176
-3.1999999999999993 392.50705954691523
-3.0 393.3302484901273
-2.8 395.0883855335989
-2.5999999999999996 398.99229622888123
-2.3999999999999995 407.35852741512787
-2.1999999999999993 423.9363682353619
-2.0 453.20646528586144
-1.7999999999999998 497.8331900551782
-1.5999999999999996 555.6086375911835
-1.3999999999999995 619.2791726861641
-1.1999999999999993 680.071079700211
-1.0 731.648105566666
-0.7999999999999998 771.5889210632633
-0.5999999999999996 800.5171534983472
-0.39999999999999947 820.5084684349389
-0.1999999999999993 833.8906814228797
0.0 842.6617303047061
0.20000000000000107 848.3320053467551
0.40000000000000036 851.9653252762902
0.5999999999999996 854.280165593403
0.8000000000000007 855.7494710968881
1.0 856.6796235924853
1.200000000000001 857.2670813513747
1.4000000000000004 857.6369352820208
1.6000000000000014 857.8683707092279
1.8000000000000007 858.0111717238051
2.0 858.0963000455031
2.200000000000001 858.1426592344285
2.4000000000000004 858.161501708583
2.6000000000000014 858.1594977836093
2.8000000000000007 858.1411267304604
3.0 858.1105921306302
3.200000000000001 858.0729145934346
3.4000000000000004 858.0337039614155
3.6000000000000014 857.997852239726
3.8000000000000007 857.9683045524232
4.0 857.9458458925941
Result sigma optimization:  -8.0 160.15192199076665
E_max_2 =  400
Cutoff Radius =  6.0
Selected Radial Transform =  24.0
factor =  2.1
displacement =  0.0
dataset =  datasets/gold.xyz
n_train =  1500
n_test =  2000
Train RMSE: 159.030656702634 [Train MAE: 133.2697986945816]
Test RMSE: 166.9146569698702 [Test MAE: 139.12153554239865]
FINISHED at Tue Jan 10 10:36:48 CET 2023
