STARTING AT Tue Jan 10 09:58:19 CET 2023
Random seed: 1000
7 18
Reading dataset
Shuffling and extracting from dataset (length: 10000)
Shuffling and extraction done
Calculating power spectrum
Expansion coefficients done
Computing training kernel
     Calculating kernels for center species 1
     Calculating kernels for center species 1
Beginning first index add...
Beginning second index add...
     Calculating kernels for center species 6
     Calculating kernels for center species 6
Beginning first index add...
Beginning second index add...
Training kernel done
Computing test kernel
     Calculating kernels for center species 1
     Calculating kernels for center species 1
Beginning first index add...
Beginning second index add...
     Calculating kernels for center species 6
     Calculating kernels for center species 6
Beginning first index add...
Beginning second index add...
Test kernel done
Calculating composition features
Composition features done
-8.0 25.938431115996476
-7.8 25.753109815350196
-7.6 25.533904514086284
-7.4 25.30251456609509
-7.2 25.096766521638127
-7.0 24.96710892131316
-6.8 24.967734203611545
-6.6 25.144556812936884
-6.4 25.523091333574342
-6.2 26.097515957132877
-6.0 26.822551629681783
-5.8 27.61583837216059
-5.6 28.378798981731272
-5.4 29.03025992492654
-5.199999999999999 29.53501055068674
-5.0 29.91289564340984
-4.8 30.226015121589697
-4.6 30.552657143613125
-4.4 30.9613854082728
-4.199999999999999 31.49495529309372
-4.0 32.16632216819826
-3.8 32.96260416092592
-3.5999999999999996 33.85066063897585
-3.3999999999999995 34.78274439197902
-3.1999999999999993 35.704741586509954
-3.0 36.566248868923545
-2.8 37.32727504021066
-2.5999999999999996 37.956607848926105
-2.3999999999999995 38.42367048410136
-2.1999999999999993 38.69374222206688
-2.0 38.735012912654845
-1.7999999999999998 38.53430216976796
-1.5999999999999996 38.108756031192364
-1.3999999999999995 37.50453488319516
-1.1999999999999993 36.7858816360075
-1.0 36.02381321925323
-0.7999999999999998 35.28927693507117
-0.5999999999999996 34.65069980798926
-0.39999999999999947 34.174047752991775
-0.1999999999999993 33.921559565676944
0.0 33.94249354977078
0.20000000000000107 34.25374007364263
0.40000000000000036 34.83095648124748
0.5999999999999996 35.64379492520296
0.8000000000000007 36.726804165093824
1.0 38.22049123828537
1.200000000000001 40.325707570191334
1.4000000000000004 43.19243000879545
1.6000000000000014 46.832652698957745
1.8000000000000007 51.107364538872304
2.0 55.74505244195395
2.200000000000001 60.37038146410264
2.4000000000000004 64.58883232427517
2.6000000000000014 68.11368157281875
2.8000000000000007 70.84012108683295
3.0 72.82197684749512
3.200000000000001 74.1968772372364
3.4000000000000004 75.11916020098994
3.6000000000000014 75.72327968397143
3.8000000000000007 76.11241806439385
4.0 76.36020395666424
Result sigma optimization:  -7.0 24.96710892131316
E_max_2 =  600
Cutoff Radius =  6.0
Selected Radial Transform =  24.0
factor =  0.9
displacement =  0.0
dataset =  datasets/random-ch4-10k.extxyz
n_train =  1500
n_test =  2000
Train RMSE: 0.26839339094475845 [Train MAE: 0.13967055952595214]
Test RMSE: 36.679658171089294 [Test MAE: 12.33256680112326]
FINISHED at Tue Jan 10 09:59:31 CET 2023
