STARTING AT Tue Jan 10 10:01:58 CET 2023
Random seed: 1000
8 20
Reading dataset
Shuffling and extracting from dataset (length: 10000)
Shuffling and extraction done
Calculating power spectrum
Expansion coefficients done
Computing training kernel
     Calculating kernels for center species 1
     Calculating kernels for center species 1
Beginning first index add...
Beginning second index add...
     Calculating kernels for center species 6
     Calculating kernels for center species 6
Beginning first index add...
Beginning second index add...
Training kernel done
Computing test kernel
     Calculating kernels for center species 1
     Calculating kernels for center species 1
Beginning first index add...
Beginning second index add...
     Calculating kernels for center species 6
     Calculating kernels for center species 6
Beginning first index add...
Beginning second index add...
Test kernel done
Calculating composition features
Composition features done
-8.0 80.44143333055122
-7.8 67.39596830827033
-7.6 56.04673528648913
-7.4 46.417005221049244
-7.2 38.44836220656928
-7.0 32.1408999992358
-6.8 27.56920113405627
-6.6 24.734394108680217
-6.4 23.365498134053322
-6.2 22.9020397597005
-6.0 22.716931114022668
-5.8 22.349275293357003
-5.6 21.590529489656372
-5.4 20.462495585393995
-5.199999999999999 19.150781119801703
-5.0 17.907909139475482
-4.8 16.936302217217012
-4.6 16.306097849353947
-4.4 15.964630854709833
-4.199999999999999 15.811441297493934
-4.0 15.76325368735245
-3.8 15.778652861879138
-3.5999999999999996 15.854758739512887
-3.3999999999999995 16.012817633245113
-3.1999999999999993 16.286714819352145
-3.0 16.719226232835226
-2.8 17.358366468958778
-2.5999999999999996 18.24329745906967
-2.3999999999999995 19.380248154096776
-2.1999999999999993 20.724309980757564
-2.0 22.184240057875435
-1.7999999999999998 23.65201119662151
-1.5999999999999996 25.04391754674114
-1.3999999999999995 26.33341869013734
-1.1999999999999993 27.55796586720044
-1.0 28.80373374365252
-0.7999999999999998 30.202303371964867
-0.5999999999999996 31.961520096722392
-0.39999999999999947 34.383052372577524
-0.1999999999999993 37.77039785592846
0.0 42.216543535686846
0.20000000000000107 47.45002353655199
0.40000000000000036 52.92794554891868
0.5999999999999996 58.1015274560572
0.8000000000000007 62.61812908772318
1.0 66.34922205610562
1.200000000000001 69.31022293220246
1.4000000000000004 71.57832104825982
1.6000000000000014 73.25335738844635
1.8000000000000007 74.44577828203929
2.0 75.26693149808825
2.200000000000001 75.81735213171086
2.4000000000000004 76.17882250947756
2.6000000000000014 76.41260432372424
2.8000000000000007 76.56193624672721
3.0 76.65610942725293
3.200000000000001 76.71443978201208
3.4000000000000004 76.74949170571045
3.6000000000000014 76.76946859367179
3.8000000000000007 76.77986230988108
4.0 76.78446635874427
Result sigma optimization:  -4.0 15.76325368735245
E_max_2 =  700
Cutoff Radius =  6.0
Selected Radial Transform =  25.0
factor =  2.4
displacement =  0.0
dataset =  datasets/random-ch4-10k.extxyz
n_train =  1500
n_test =  2000
Train RMSE: 11.669303698990712 [Train MAE: 9.173943537693216]
Test RMSE: 14.168642353812379 [Test MAE: 10.54421909035986]
FINISHED at Tue Jan 10 10:02:55 CET 2023
