STARTING AT Tue Jan 10 10:36:56 CET 2023
Random seed: 1000
6 14
Reading dataset
Shuffling and extracting from dataset (length: 105092)
Shuffling and extraction done
Calculating power spectrum
Expansion coefficients done
Computing training kernel
     Calculating kernels for center species 79
     Calculating kernels for center species 79
Beginning first index add...
Beginning second index add...
Training kernel done
Computing test kernel
     Calculating kernels for center species 79
     Calculating kernels for center species 79
Beginning first index add...
Beginning second index add...
Test kernel done
Calculating composition features
Composition features done
-8.0 89.05159706314645
-7.8 87.6819314146185
-7.6 86.53028752408991
-7.4 85.62362088809182
-7.2 84.99140526220191
-7.0 84.66072216646256
-6.8 84.64390100208598
-6.6 84.92314493821881
-6.4 85.43656962227134
-6.2 86.078488617763
-6.0 86.72778697461504
-5.8 87.29513104886895
-5.6 87.7539846223534
-5.4 88.1350185008313
-5.199999999999999 88.49974516408241
-5.0 88.91568811740912
-4.8 89.44062505807892
-4.6 90.11749163650805
-4.4 90.97966354439707
-4.199999999999999 92.06361616578464
-4.0 93.42580666422472
-3.8 95.15425140826866
-3.5999999999999996 97.3571840345595
-3.3999999999999995 100.12575200033676
-3.1999999999999993 103.50456387593033
-3.0 107.51421100869308
-2.8 112.20964791590909
-2.5999999999999996 117.68898218945256
-2.3999999999999995 124.00571014728789
-2.1999999999999993 131.06009718649761
-2.0 138.58743946347653
-1.7999999999999998 146.2674027041339
-1.5999999999999996 153.88448888750952
-1.3999999999999995 161.46745824719648
-1.1999999999999993 169.37114866910213
-1.0 178.25952682510064
-0.7999999999999998 188.90568974290534
-0.5999999999999996 201.7797377537198
-0.39999999999999947 216.6675227666677
-0.1999999999999993 232.7475824859383
0.0 249.1784531320984
0.20000000000000107 265.7026195825718
0.40000000000000036 282.814820290052
0.5999999999999996 301.4948535563755
0.8000000000000007 322.79299980301164
1.0 347.4797375680147
1.200000000000001 375.66943327333274
1.4000000000000004 406.40733550899887
1.6000000000000014 437.8270329720574
1.8000000000000007 468.32733069113107
2.0 497.98797441811274
2.200000000000001 528.9348582522792
2.4000000000000004 564.0509268268306
2.6000000000000014 604.5626531360751
2.8000000000000007 648.3884095943415
3.0 691.049467806264
3.200000000000001 728.3216630403097
3.4000000000000004 758.1279971089125
3.6000000000000014 780.6405435095954
3.8000000000000007 797.3700211066039
4.0 810.1825373127149
Result sigma optimization:  -6.8 84.64390100208598
E_max_2 =  400
Cutoff Radius =  6.0
Selected Radial Transform =  25.0
factor =  0.6
displacement =  0.0
dataset =  datasets/gold.xyz
n_train =  1500
n_test =  2000
Train RMSE: 48.78335196916514 [Train MAE: 33.83266248335745]
Test RMSE: 88.07485786110455 [Test MAE: 54.24010299804004]
FINISHED at Tue Jan 10 10:38:02 CET 2023
