STARTING AT Tue Jan 10 11:35:56 CET 2023
Random seed: 1000
5 11
Reading dataset
Shuffling and extracting from dataset (length: 133885)
Shuffling and extraction done
Calculating power spectrum
Expansion coefficients done
Computing training kernel
     Calculating kernels for center species 1
     Calculating kernels for center species 1
Beginning first index add...
Beginning second index add...
     Calculating kernels for center species 6
     Calculating kernels for center species 6
Beginning first index add...
Beginning second index add...
     Calculating kernels for center species 7
     Calculating kernels for center species 7
Beginning first index add...
Beginning second index add...
     Calculating kernels for center species 8
     Calculating kernels for center species 8
Beginning first index add...
Beginning second index add...
     Calculating kernels for center species 9
     Calculating kernels for center species 9
Beginning first index add...
Beginning second index add...
Training kernel done
Computing test kernel
     Calculating kernels for center species 1
     Calculating kernels for center species 1
Beginning first index add...
Beginning second index add...
     Calculating kernels for center species 6
     Calculating kernels for center species 6
Beginning first index add...
Beginning second index add...
     Calculating kernels for center species 7
     Calculating kernels for center species 7
Beginning first index add...
Beginning second index add...
     Calculating kernels for center species 8
     Calculating kernels for center species 8
Beginning first index add...
Beginning second index add...
     Calculating kernels for center species 9
     Calculating kernels for center species 9
Beginning first index add...
Beginning second index add...
Test kernel done
Calculating composition features
Composition features done
-8.0 2.0050479887015924
-7.8 2.0557753999968797
-7.6 2.1106082594610247
-7.4 2.1692950501448744
-7.2 2.234979401803595
-7.0 2.3088025921821247
-6.8 2.395967690987454
-6.6 2.4944532503644976
-6.4 2.6142104027066573
-6.2 2.766054133388893
-6.0 2.964766434427642
-5.8 3.214379288366627
-5.6 3.516303526682915
-5.4 3.8665294576968106
-5.199999999999999 4.2769314794051265
-5.0 4.736677150891802
-4.8 5.225835408056494
-4.6 5.742910863756706
-4.4 6.275426629639401
-4.199999999999999 6.847821723496599
-4.0 7.485169966344047
-3.8 8.176043051937956
-3.5999999999999996 8.936144128934068
-3.3999999999999995 9.777525497478795
-3.1999999999999993 10.70689938840562
-3.0 11.71887376447537
-2.8 12.801946049945625
-2.5999999999999996 13.923083201393032
-2.3999999999999995 15.032522029621788
-2.1999999999999993 16.05197903870259
-2.0 16.931142729454955
-1.7999999999999998 17.654772291308827
-1.5999999999999996 18.23495355609719
-1.3999999999999995 18.70048753506178
-1.1999999999999993 19.09810984045261
-1.0 19.451238754410674
-0.7999999999999998 19.763364287589436
-0.5999999999999996 20.042891786218668
-0.39999999999999947 20.280086675913157
-0.1999999999999993 20.469684224932752
0.0 20.611903744653308
0.20000000000000107 20.70899153339892
0.40000000000000036 20.77343722111773
0.5999999999999996 20.81423978060217
0.8000000000000007 20.839005170803862
1.0 20.853737988329947
1.200000000000001 20.86237582339301
1.4000000000000004 20.86726082714915
1.6000000000000014 20.869986051163057
1.8000000000000007 20.871351345356935
2.0 20.871816278918583
2.200000000000001 20.87161878644049
2.4000000000000004 20.870946274140355
2.6000000000000014 20.869982734125575
2.8000000000000007 20.868903567272117
3.0 20.867911638030442
3.200000000000001 20.867070334903456
3.4000000000000004 20.866412965124898
3.6000000000000014 20.865933192552085
3.8000000000000007 20.86559968273482
4.0 20.865375487794495
Result sigma optimization:  -8.0 2.0050479887015924
E_max_2 =  300
Cutoff Radius =  6.0
Selected Radial Transform =  25.0
factor =  2.3
displacement =  0.0
dataset =  datasets/qm9.xyz
n_train =  1500
n_test =  2000
Train RMSE: 1.957888892317316 [Train MAE: 1.3953594938257845]
Test RMSE: 2.695804523991618 [Test MAE: 1.8838481605825939]
FINISHED at Tue Jan 10 11:38:21 CET 2023
