STARTING AT Tue Jan 10 11:32:51 CET 2023
Random seed: 1000
7 18
Reading dataset
Shuffling and extracting from dataset (length: 133885)
Shuffling and extraction done
Calculating power spectrum
Expansion coefficients done
Computing training kernel
     Calculating kernels for center species 1
     Calculating kernels for center species 1
Beginning first index add...
Beginning second index add...
     Calculating kernels for center species 6
     Calculating kernels for center species 6
Beginning first index add...
Beginning second index add...
     Calculating kernels for center species 7
     Calculating kernels for center species 7
Beginning first index add...
Beginning second index add...
     Calculating kernels for center species 8
     Calculating kernels for center species 8
Beginning first index add...
Beginning second index add...
     Calculating kernels for center species 9
     Calculating kernels for center species 9
Beginning first index add...
Beginning second index add...
Training kernel done
Computing test kernel
     Calculating kernels for center species 1
     Calculating kernels for center species 1
Beginning first index add...
Beginning second index add...
     Calculating kernels for center species 6
     Calculating kernels for center species 6
Beginning first index add...
Beginning second index add...
     Calculating kernels for center species 7
     Calculating kernels for center species 7
Beginning first index add...
Beginning second index add...
     Calculating kernels for center species 8
     Calculating kernels for center species 8
Beginning first index add...
Beginning second index add...
     Calculating kernels for center species 9
     Calculating kernels for center species 9
Beginning first index add...
Beginning second index add...
Test kernel done
Calculating composition features
Composition features done
-8.0 3.2505887214741853
-7.8 3.25058871985256
-7.6 3.250588717282818
-7.4 3.250588713209876
-7.2 3.2505887067536023
-7.0 3.250588696522813
-6.8 3.25058868030754
-6.6 3.2505886546080935
-6.4 3.2505886138767615
-6.2 3.2505885493217046
-6.0 3.250588447008413
-5.8 3.2505882848543104
-5.6 3.2505880278560775
-5.4 3.250587620541053
-5.199999999999999 3.250586974992358
-5.0 3.250585951867532
-4.8 3.25058433032704
-4.6 3.250581760371291
-4.4 3.2505776872887155
-4.199999999999999 3.2505712319502065
-4.0 3.2505610010878723
-3.8 3.2505447866545327
-3.5999999999999996 3.250519089510319
-3.3999999999999995 3.2504783647907427
-3.1999999999999993 3.2504138268046328
-3.0 3.2503115570721373
-2.8 3.2501512463052626
-2.5999999999999996 3.2498982281891777
-2.3999999999999995 3.249512542342159
-2.1999999999999993 3.2489229219170337
-2.0 3.2480801704138473
-1.7999999999999998 3.246825965612887
-1.5999999999999996 3.245031490264686
-1.3999999999999995 3.2430337439734496
-1.1999999999999993 3.240865940616522
-1.0 3.2388838876212556
-0.7999999999999998 3.2393606813412164
-0.5999999999999996 3.2483532231928396
-0.39999999999999947 3.2735455043830766
-0.1999999999999993 3.3236628945809548
0.0 3.4040805761453656
0.20000000000000107 3.5338722964549927
0.40000000000000036 3.70610904233407
0.5999999999999996 3.9348523689265646
0.8000000000000007 4.229803978418625
1.0 4.587691804556917
1.200000000000001 5.022441727556256
1.4000000000000004 5.548854641011858
1.6000000000000014 6.182466663522048
1.8000000000000007 6.921192222914826
2.0 7.7993219080953935
2.200000000000001 8.79253333282832
2.4000000000000004 9.889727477115757
2.6000000000000014 11.049749735900736
2.8000000000000007 12.234392509082687
3.0 13.439418961310215
3.200000000000001 14.662637590575667
3.4000000000000004 15.88456870997054
3.6000000000000014 17.03197521242041
3.8000000000000007 18.03400613925286
4.0 18.85247219350314
Result sigma optimization:  -1.0 3.2388838876212556
E_max_2 =  600
Cutoff Radius =  6.0
Selected Radial Transform =  25.0
factor =  0.3
displacement =  0.0
dataset =  datasets/qm9.xyz
n_train =  1500
n_test =  2000
Train RMSE: 0.37115404499203974 [Train MAE: 0.25336500859946204]
Test RMSE: 4.273481487454499 [Test MAE: 2.8920255724633943]
FINISHED at Tue Jan 10 11:34:39 CET 2023
