STARTING AT Tue Jan 10 10:37:02 CET 2023
Random seed: 1000
7 18
Reading dataset
Shuffling and extracting from dataset (length: 105092)
Shuffling and extraction done
Calculating power spectrum
Expansion coefficients done
Computing training kernel
     Calculating kernels for center species 79
     Calculating kernels for center species 79
Beginning first index add...
Beginning second index add...
Training kernel done
Computing test kernel
     Calculating kernels for center species 79
     Calculating kernels for center species 79
Beginning first index add...
Beginning second index add...
Test kernel done
Calculating composition features
Composition features done
-8.0 113.8540956059635
-7.8 111.50244413283329
-7.6 109.2588932645019
-7.4 107.12537568433217
-7.2 105.13661144457319
-7.0 103.35280340921696
-6.8 101.81905424065627
-6.6 100.51077576403743
-6.4 99.3218502051871
-6.2 98.12506242166278
-6.0 96.85910460880613
-5.8 95.5675661253161
-5.6 94.36598190401676
-5.4 93.37572251278226
-5.199999999999999 92.67559644834321
-5.0 92.29358210635554
-4.8 92.2252274084447
-4.6 92.45234812806403
-4.4 92.95289333113301
-4.199999999999999 93.70879939573796
-4.0 94.71290045307502
-3.8 95.96923028313424
-3.5999999999999996 97.48691626093529
-3.3999999999999995 99.27340882808932
-3.1999999999999993 101.3311660305667
-3.0 103.6599364183149
-2.8 106.26773740399206
-2.5999999999999996 109.19146892689501
-2.3999999999999995 112.51489869925862
-2.1999999999999993 116.35634511810454
-2.0 120.80932364241099
-1.7999999999999998 125.86424483230631
-1.5999999999999996 131.37905595985336
-1.3999999999999995 137.14656104492323
-1.1999999999999993 143.0358356488364
-1.0 149.14721879564877
-0.7999999999999998 155.92456893601135
-0.5999999999999996 164.13100988601937
-0.39999999999999947 174.55018746771003
-0.1999999999999993 187.4517360420623
0.0 202.2647850010862
0.20000000000000107 217.90623393268066
0.40000000000000036 233.5228980442037
0.5999999999999996 248.98538295751288
0.8000000000000007 264.8387103495601
1.0 281.8483609207175
1.200000000000001 300.4204458510787
1.4000000000000004 320.2969042995576
1.6000000000000014 340.8610512034492
1.8000000000000007 361.81855643804784
2.0 383.52325048997545
2.200000000000001 406.5829925083771
2.4000000000000004 431.3390885653375
2.6000000000000014 458.14158938342206
2.8000000000000007 488.2593971748648
3.0 523.9969227020086
3.200000000000001 567.0056131167015
3.4000000000000004 615.9447042402636
3.6000000000000014 666.1617072268051
3.8000000000000007 712.1066950944579
4.0 750.0694545293832
Result sigma optimization:  -4.8 92.2252274084447
E_max_2 =  600
Cutoff Radius =  6.0
Selected Radial Transform =  25.0
factor =  0.7
displacement =  0.0
dataset =  datasets/gold.xyz
n_train =  1500
n_test =  2000
Train RMSE: 66.23333854642118 [Train MAE: 47.87995439518204]
Test RMSE: 91.22467889185651 [Test MAE: 61.64402426236601]
FINISHED at Tue Jan 10 10:40:14 CET 2023
