STARTING AT Tue Jan 10 10:01:11 CET 2023
Random seed: 1000
6 14
Reading dataset
Shuffling and extracting from dataset (length: 10000)
Shuffling and extraction done
Calculating power spectrum
Expansion coefficients done
Computing training kernel
     Calculating kernels for center species 1
     Calculating kernels for center species 1
Beginning first index add...
Beginning second index add...
     Calculating kernels for center species 6
     Calculating kernels for center species 6
Beginning first index add...
Beginning second index add...
Training kernel done
Computing test kernel
     Calculating kernels for center species 1
     Calculating kernels for center species 1
Beginning first index add...
Beginning second index add...
     Calculating kernels for center species 6
     Calculating kernels for center species 6
Beginning first index add...
Beginning second index add...
Test kernel done
Calculating composition features
Composition features done
-8.0 23.930204901023203
-7.8 21.45237673329876
-7.6 19.419215127445057
-7.4 17.82420314324247
-7.2 16.626467576696626
-7.0 15.745546617795023
-6.8 15.07958999506049
-6.6 14.53362132284379
-6.4 14.04481100331257
-6.2 13.591313587597572
-6.0 13.180100374014957
-5.8 12.825147273979738
-5.6 12.532434416130101
-5.4 12.299212756499557
-5.199999999999999 12.12246360682016
-5.0 12.004803248334603
-4.8 11.950913332090094
-4.6 11.960105820476999
-4.4 12.025891351024114
-4.199999999999999 12.143980284830453
-4.0 12.320158952411008
-3.8 12.572372172842949
-3.5999999999999996 12.9300349621672
-3.3999999999999995 13.435059350526414
-3.1999999999999993 14.141440419690499
-3.0 15.104206422266646
-2.8 16.354066543509543
-2.5999999999999996 17.868232515274055
-2.3999999999999995 19.557741503670663
-2.1999999999999993 21.285626356566855
-2.0 22.912399881827415
-1.7999999999999998 24.34877954813151
-1.5999999999999996 25.59404844923829
-1.3999999999999995 26.758048235156167
-1.1999999999999993 28.081047385869315
-1.0 29.944270045630855
-0.7999999999999998 32.80754349951273
-0.5999999999999996 37.003333705651364
-0.39999999999999947 42.47373200736139
-0.1999999999999993 48.70246409116592
0.0 54.9425872602235
0.20000000000000107 60.54744933889175
0.40000000000000036 65.1638386757091
0.5999999999999996 68.72436156909082
0.8000000000000007 71.33717034350687
1.0 73.18106131478896
1.200000000000001 74.44216086575706
1.4000000000000004 75.28350050353215
1.6000000000000014 75.83406080833184
1.8000000000000007 76.18888638487032
2.0 76.41459644558412
2.200000000000001 76.55638377280478
2.4000000000000004 76.64433873469522
2.6000000000000014 76.69828227685102
2.8000000000000007 76.73111123371089
3.0 76.75104504397686
3.200000000000001 76.76318472174427
3.4000000000000004 76.7706234909194
3.6000000000000014 76.77521392470793
3.8000000000000007 76.77806469608004
4.0 76.77984397700156
Result sigma optimization:  -4.8 11.950913332090094
E_max_2 =  400
Cutoff Radius =  6.0
Selected Radial Transform =  25.0
factor =  1.5
displacement =  0.0
dataset =  datasets/random-ch4-10k.extxyz
n_train =  1500
n_test =  2000
Train RMSE: 7.717278152017221 [Train MAE: 6.049346639117175]
Test RMSE: 11.873342063469735 [Test MAE: 7.661217794193903]
FINISHED at Tue Jan 10 10:04:18 CET 2023
