STARTING AT Tue Jan 10 10:38:07 CET 2023
Random seed: 1000
5 11
Reading dataset
Shuffling and extracting from dataset (length: 105092)
Shuffling and extraction done
Calculating power spectrum
Expansion coefficients done
Computing training kernel
     Calculating kernels for center species 79
     Calculating kernels for center species 79
Beginning first index add...
Beginning second index add...
Training kernel done
Computing test kernel
     Calculating kernels for center species 79
     Calculating kernels for center species 79
Beginning first index add...
Beginning second index add...
Test kernel done
Calculating composition features
Composition features done
-8.0 166.9486379562019
-7.8 167.54350528633532
-7.6 168.56652771108574
-7.4 170.56667282200644
-7.2 174.44474460903297
-7.0 181.431031241124
-6.8 192.79314435378194
-6.6 209.28697874096025
-6.4 230.614317645186
-6.2 255.23681875957712
-6.0 280.74707708596964
-5.8 304.6768258228657
-5.6 325.29748431180127
-5.4 341.94535731094606
-5.199999999999999 354.79089823396845
-5.0 364.38956575009524
-4.8 371.3649343841256
-4.6 376.29418617146183
-4.4 379.687278471744
-4.199999999999999 381.9795057719612
-4.0 383.5302860985552
-3.8 384.6434477456381
-3.5999999999999996 385.6226671275935
-3.3999999999999995 386.88469434653535
-3.1999999999999993 389.17621663033185
-3.0 393.9511317702482
-2.8 403.87137478905134
-2.5999999999999996 423.0183623285543
-2.3999999999999995 455.8264308368896
-2.1999999999999993 504.1790505652223
-2.0 564.654088446792
-1.7999999999999998 629.2331317774881
-1.5999999999999996 689.2875838408893
-1.3999999999999995 739.1972014362805
-1.1999999999999993 777.2593065527823
-1.0 804.5292361340215
-0.7999999999999998 823.2351889034915
-0.5999999999999996 835.6952003977465
-0.39999999999999947 843.8354074703069
-0.1999999999999993 849.0868000139077
0.0 852.4470819770145
0.20000000000000107 854.5859257573787
0.40000000000000036 855.942443130496
0.5999999999999996 856.8003620354065
0.8000000000000007 857.3412454168734
1.0 857.6804468180972
1.200000000000001 857.8907484066193
1.4000000000000004 858.0176586601979
1.6000000000000014 858.0892670699425
1.8000000000000007 858.1226933886572
2.0 858.1285353679567
2.200000000000001 858.114160670524
2.4000000000000004 858.0860484475529
2.6000000000000014 858.0508302693355
2.8000000000000007 858.0148159209
3.0 857.9827316572201
3.200000000000001 857.9569477836366
3.4000000000000004 857.9377537812409
3.6000000000000014 857.9242287616612
3.8000000000000007 857.9150537367851
4.0 857.9089866164309
Result sigma optimization:  -8.0 166.9486379562019
E_max_2 =  300
Cutoff Radius =  6.0
Selected Radial Transform =  25.0
factor =  1.9
displacement =  0.0
dataset =  datasets/gold.xyz
n_train =  1500
n_test =  2000
Train RMSE: 165.85229065913995 [Train MAE: 137.27105616432996]
Test RMSE: 173.54065940893642 [Test MAE: 143.5516019586992]
FINISHED at Tue Jan 10 10:39:05 CET 2023
