STARTING AT Tue Jan 10 11:35:04 CET 2023
Random seed: 1000
8 20
Reading dataset
Shuffling and extracting from dataset (length: 133885)
Shuffling and extraction done
Calculating power spectrum
Expansion coefficients done
Computing training kernel
     Calculating kernels for center species 1
     Calculating kernels for center species 1
Beginning first index add...
Beginning second index add...
     Calculating kernels for center species 6
     Calculating kernels for center species 6
Beginning first index add...
Beginning second index add...
     Calculating kernels for center species 7
     Calculating kernels for center species 7
Beginning first index add...
Beginning second index add...
     Calculating kernels for center species 8
     Calculating kernels for center species 8
Beginning first index add...
Beginning second index add...
     Calculating kernels for center species 9
     Calculating kernels for center species 9
Beginning first index add...
Beginning second index add...
Training kernel done
Computing test kernel
     Calculating kernels for center species 1
     Calculating kernels for center species 1
Beginning first index add...
Beginning second index add...
     Calculating kernels for center species 6
     Calculating kernels for center species 6
Beginning first index add...
Beginning second index add...
     Calculating kernels for center species 7
     Calculating kernels for center species 7
Beginning first index add...
Beginning second index add...
     Calculating kernels for center species 8
     Calculating kernels for center species 8
Beginning first index add...
Beginning second index add...
     Calculating kernels for center species 9
     Calculating kernels for center species 9
Beginning first index add...
Beginning second index add...
Test kernel done
Calculating composition features
Composition features done
-8.0 1.7411256216813151
-7.8 1.7408978062224536
-7.6 1.7405399543688593
-7.4 1.7399889193618243
-7.2 1.7391522209619676
-7.0 1.7378633322787356
-6.8 1.7358986030683348
-6.6 1.733008135340972
-6.4 1.7287800846608394
-6.2 1.7230129307368964
-6.0 1.7159648071831908
-5.8 1.7082080640706894
-5.6 1.6991885556313404
-5.4 1.6896740789089624
-5.199999999999999 1.683798650017377
-5.0 1.6831087210071078
-4.8 1.6902355182046886
-4.6 1.7067571591381177
-4.4 1.738892162848555
-4.199999999999999 1.7775328503658336
-4.0 1.8248008783176193
-3.8 1.8827695039274985
-3.5999999999999996 1.9582625032435657
-3.3999999999999995 2.046466618674167
-3.1999999999999993 2.1498230522239465
-3.0 2.2682015494501053
-2.8 2.4074741009422893
-2.5999999999999996 2.5710878494742646
-2.3999999999999995 2.7574261217463087
-2.1999999999999993 2.9691127248321085
-2.0 3.221364665716273
-1.7999999999999998 3.505210711609935
-1.5999999999999996 3.835037301667299
-1.3999999999999995 4.226570985059739
-1.1999999999999993 4.704085665085449
-1.0 5.269831948170986
-0.7999999999999998 5.910701328447583
-0.5999999999999996 6.627744293624715
-0.39999999999999947 7.445373024496878
-0.1999999999999993 8.341242942792652
0.0 9.344452300915185
0.20000000000000107 10.465770183082805
0.40000000000000036 11.68022993203584
0.5999999999999996 12.909735384843257
0.8000000000000007 14.120055295031179
1.0 15.268585062978266
1.200000000000001 16.30114501648259
1.4000000000000004 17.219834232911364
1.6000000000000014 18.035368266642
1.8000000000000007 18.74614874323818
2.0 19.33412169127327
2.200000000000001 19.796411549986676
2.4000000000000004 20.141085626052565
2.6000000000000014 20.385551085505664
2.8000000000000007 20.553747713831058
3.0 20.666161126012195
3.200000000000001 20.740267799622774
3.4000000000000004 20.78848002091538
3.6000000000000014 20.819499727472273
3.8000000000000007 20.83928112794218
4.0 20.85163473971614
Result sigma optimization:  -5.0 1.6831087210071078
E_max_2 =  700
Cutoff Radius =  6.0
Selected Radial Transform =  25.0
factor =  1.6
displacement =  0.0
dataset =  datasets/qm9.xyz
n_train =  1500
n_test =  2000
Train RMSE: 0.35481958160015614 [Train MAE: 0.2689393956683143]
Test RMSE: 2.571228853687741 [Test MAE: 1.6352172824349887]
FINISHED at Tue Jan 10 11:36:56 CET 2023
