STARTING AT Tue Jan 10 10:04:42 CET 2023
Random seed: 1000
7 16
Reading dataset
Shuffling and extracting from dataset (length: 10000)
Shuffling and extraction done
Calculating power spectrum
Expansion coefficients done
Computing training kernel
     Calculating kernels for center species 1
     Calculating kernels for center species 1
Beginning first index add...
Beginning second index add...
     Calculating kernels for center species 6
     Calculating kernels for center species 6
Beginning first index add...
Beginning second index add...
Training kernel done
Computing test kernel
     Calculating kernels for center species 1
     Calculating kernels for center species 1
Beginning first index add...
Beginning second index add...
     Calculating kernels for center species 6
     Calculating kernels for center species 6
Beginning first index add...
Beginning second index add...
Test kernel done
Calculating composition features
Composition features done
-8.0 38.82498872315322
-7.8 40.394046818404895
-7.6 41.28947760311976
-7.4 41.464098187726286
-7.2 40.99113762312881
-7.0 39.98677647666195
-6.8 38.58076149629568
-6.6 36.93125077915224
-6.4 35.246344438013054
-6.2 33.775675967956275
-6.0 32.74971996096146
-5.8 32.28372867214333
-5.6 32.325344917309124
-5.4 32.706885356879305
-5.199999999999999 33.249825882560806
-5.0 33.8302078392139
-4.8 34.385118214793806
-4.6 34.8933109902359
-4.4 35.356597511622645
-4.199999999999999 35.788703461470654
-4.0 36.21160038266926
-3.8 36.65656836748558
-3.5999999999999996 37.161092728172584
-3.3999999999999995 37.7599857707009
-3.1999999999999993 38.4891729099906
-3.0 39.41632035782254
-2.8 40.676241471394924
-2.5999999999999996 42.45722457182551
-2.3999999999999995 44.89518430949629
-2.1999999999999993 47.9263591931387
-2.0 51.253699359455915
-1.7999999999999998 54.49361829291019
-1.5999999999999996 57.36863493320329
-1.3999999999999995 59.80037745871655
-1.1999999999999993 61.89021231887251
-1.0 63.83449523829948
-0.7999999999999998 65.80748098481982
-0.5999999999999996 67.85584745844426
-0.39999999999999947 69.87735487453298
-0.1999999999999993 71.70445570074186
0.0 73.21164240440639
0.20000000000000107 74.3616869643643
0.40000000000000036 75.1881539350338
0.5999999999999996 75.7569225101581
0.8000000000000007 76.1367734228424
1.0 76.38535551365422
1.200000000000001 76.54581064014711
1.4000000000000004 76.64836270815759
1.6000000000000014 76.71333928838055
1.8000000000000007 76.7540497087589
2.0 76.77903838445387
2.200000000000001 76.79370364234262
2.4000000000000004 76.80142483102607
2.6000000000000014 76.80435506629317
2.8000000000000007 76.80398818425934
3.0 76.80152830353728
3.200000000000001 76.79803750973687
3.4000000000000004 76.79438746209395
3.6000000000000014 76.7911515845078
3.8000000000000007 76.78858165363837
4.0 76.78669076945984
Result sigma optimization:  -5.8 32.28372867214333
E_max_2 =  500
Cutoff Radius =  6.0
Selected Radial Transform =  26.0
factor =  4.0
displacement =  0.0
dataset =  datasets/random-ch4-10k.extxyz
n_train =  1500
n_test =  2000
Train RMSE: 29.374412372048404 [Train MAE: 23.364865215925715]
Test RMSE: 42.453797770729786 [Test MAE: 25.58733335776982]
FINISHED at Tue Jan 10 10:05:50 CET 2023
