STARTING AT Tue Jan 10 10:04:37 CET 2023
Random seed: 1000
5 11
Reading dataset
Shuffling and extracting from dataset (length: 10000)
Shuffling and extraction done
Calculating power spectrum
Expansion coefficients done
Computing training kernel
     Calculating kernels for center species 1
     Calculating kernels for center species 1
Beginning first index add...
Beginning second index add...
     Calculating kernels for center species 6
     Calculating kernels for center species 6
Beginning first index add...
Beginning second index add...
Training kernel done
Computing test kernel
     Calculating kernels for center species 1
     Calculating kernels for center species 1
Beginning first index add...
Beginning second index add...
     Calculating kernels for center species 6
     Calculating kernels for center species 6
Beginning first index add...
Beginning second index add...
Test kernel done
Calculating composition features
Composition features done
-8.0 23.231342474819876
-7.8 24.664552527626867
-7.6 26.226435799405884
-7.4 27.44645619417239
-7.2 28.10198933211019
-7.0 28.28281562728767
-6.8 28.24168140851674
-6.6 28.219849261496776
-6.4 28.34517594189656
-6.2 28.627240722872614
-6.0 29.01804047356778
-5.8 29.471421224294048
-5.6 29.964528583016165
-5.4 30.49246974546161
-5.199999999999999 31.05873212702278
-5.0 31.67020518981124
-4.8 32.33512296772417
-4.6 33.06223843537734
-4.4 33.86417393547473
-4.199999999999999 34.77443346418933
-4.0 35.884551046396666
-3.8 37.38013057268193
-3.5999999999999996 39.51662641272703
-3.3999999999999995 42.48110282210448
-3.1999999999999993 46.20313301878605
-3.0 50.31058389714953
-2.8 54.3122128085233
-2.5999999999999996 57.83874311165338
-2.3999999999999995 60.76042917803789
-2.1999999999999993 63.16303041378588
-2.0 65.24742483612246
-1.7999999999999998 67.20495960033989
-1.5999999999999996 69.11504752609704
-1.3999999999999995 70.92395124149229
-1.1999999999999993 72.51627641501743
-1.0 73.80662054747401
-0.7999999999999998 74.77875782527376
-0.5999999999999996 75.47090207358069
-0.39999999999999947 75.94401945011671
-0.1999999999999993 76.25844542351099
0.0 76.46344311506468
0.20000000000000107 76.59530408985853
0.40000000000000036 76.67918702076331
0.5999999999999996 76.73187811570936
0.8000000000000007 76.76429370779346
1.0 76.78341362353208
1.200000000000001 76.79368547033437
1.4000000000000004 76.79802606290826
1.6000000000000014 76.79850697540861
1.8000000000000007 76.79674242712498
2.0 76.7940024163695
2.200000000000001 76.79117320432952
2.4000000000000004 76.78873871106926
2.6000000000000014 76.78686053697618
2.8000000000000007 76.78551037292553
3.0 76.78458370492696
3.200000000000001 76.78396662380216
3.4000000000000004 76.78356365054655
3.6000000000000014 76.78330377505958
3.8000000000000007 76.78313751809186
4.0 76.78303169367578
Result sigma optimization:  -8.0 23.231342474819876
E_max_2 =  300
Cutoff Radius =  6.0
Selected Radial Transform =  26.0
factor =  3.5
displacement =  0.0
dataset =  datasets/random-ch4-10k.extxyz
n_train =  1500
n_test =  2000
Train RMSE: 20.840129047280858 [Train MAE: 16.55985454906061]
Test RMSE: 28.10935431680609 [Test MAE: 18.31434060493695]
FINISHED at Tue Jan 10 10:05:25 CET 2023
