STARTING AT Tue Jan 10 10:39:06 CET 2023
Random seed: 1000
6 14
Reading dataset
Shuffling and extracting from dataset (length: 105092)
Shuffling and extraction done
Calculating power spectrum
Expansion coefficients done
Computing training kernel
     Calculating kernels for center species 79
     Calculating kernels for center species 79
Beginning first index add...
Beginning second index add...
Training kernel done
Computing test kernel
     Calculating kernels for center species 79
     Calculating kernels for center species 79
Beginning first index add...
Beginning second index add...
Test kernel done
Calculating composition features
Composition features done
-8.0 174.9558232000318
-7.8 170.8346815184142
-7.6 166.51468146787388
-7.4 162.1045057415589
-7.2 157.8036671320253
-7.0 153.79872447988672
-6.8 150.1930806715722
-6.6 146.94446197983677
-6.4 143.87897927889264
-6.2 140.7629699870905
-6.0 137.414817470304
-5.8 133.7918313243822
-5.6 130.0119387831795
-5.4 126.29143891630073
-5.199999999999999 122.84278475346369
-5.0 119.79536714873349
-4.8 117.19604234059058
-4.6 115.07936764862589
-4.4 113.52472917097539
-4.199999999999999 112.62825507750462
-4.0 112.41696150559673
-3.8 112.7945209210451
-3.5999999999999996 113.57129548395515
-3.3999999999999995 114.55371366031846
-3.1999999999999993 115.6294513204488
-3.0 116.79637218276649
-2.8 118.12612934949163
-2.5999999999999996 119.70636872346687
-2.3999999999999995 121.62251152103012
-2.1999999999999993 123.98983289329391
-2.0 126.98009346229885
-1.7999999999999998 130.79395311750577
-1.5999999999999996 135.59422082208056
-1.3999999999999995 141.43901494254484
-1.1999999999999993 148.23114161257556
-1.0 155.7015005574697
-0.7999999999999998 163.46617935156448
-0.5999999999999996 171.15979755158952
-0.39999999999999947 178.57228631672692
-0.1999999999999993 185.71407711178009
0.0 192.78863060761987
0.20000000000000107 200.07976406870694
0.40000000000000036 207.80587022819572
0.5999999999999996 216.06153333651997
0.8000000000000007 224.90773238069607
1.0 234.485699594627
1.200000000000001 244.98161525827933
1.4000000000000004 256.45179959396813
1.6000000000000014 268.7056594938807
1.8000000000000007 281.42616144510623
2.0 294.49099295222766
2.200000000000001 308.26617609863956
2.4000000000000004 323.64057046052415
2.6000000000000014 341.67349728634167
2.8000000000000007 362.97667343585124
3.0 387.345656785592
3.200000000000001 414.0890407470159
3.4000000000000004 442.66006428787927
3.6000000000000014 472.69577217064017
3.8000000000000007 503.38899724319975
4.0 533.204244115751
Result sigma optimization:  -4.0 112.41696150559673
E_max_2 =  400
Cutoff Radius =  6.0
Selected Radial Transform =  26.0
factor =  0.1
displacement =  0.0
dataset =  datasets/gold.xyz
n_train =  1500
n_test =  2000
Train RMSE: 73.60075416212925 [Train MAE: 52.26094975659271]
Test RMSE: 118.81988818255846 [Test MAE: 72.35247834058687]
FINISHED at Tue Jan 10 10:40:17 CET 2023
