STARTING AT Tue Jan 10 10:04:33 CET 2023
Random seed: 1000
7 16
Reading dataset
Shuffling and extracting from dataset (length: 10000)
Shuffling and extraction done
Calculating power spectrum
Expansion coefficients done
Computing training kernel
     Calculating kernels for center species 1
     Calculating kernels for center species 1
Beginning first index add...
Beginning second index add...
     Calculating kernels for center species 6
     Calculating kernels for center species 6
Beginning first index add...
Beginning second index add...
Training kernel done
Computing test kernel
     Calculating kernels for center species 1
     Calculating kernels for center species 1
Beginning first index add...
Beginning second index add...
     Calculating kernels for center species 6
     Calculating kernels for center species 6
Beginning first index add...
Beginning second index add...
Test kernel done
Calculating composition features
Composition features done
-8.0 23.4271567749503
-7.8 17.71934620893286
-7.6 16.81506740053077
-7.4 17.33084877221098
-7.2 17.64953707986109
-7.0 17.613570319961408
-6.8 17.420167753930848
-6.6 17.240941914157844
-6.4 17.173689450836935
-6.2 17.26097993338256
-6.0 17.50985282478004
-5.8 17.909546320218112
-5.6 18.43728886683292
-5.4 19.050272626214344
-5.199999999999999 19.682697190092483
-5.0 20.26130140211542
-4.8 20.732633293450007
-4.6 21.085355760312336
-4.4 21.355981725212587
-4.199999999999999 21.620668714340958
-4.0 21.97939274776045
-3.8 22.529758369576204
-3.5999999999999996 23.33066864857425
-3.3999999999999995 24.37435719075502
-3.1999999999999993 25.588649740783094
-3.0 26.86995629534461
-2.8 28.130188723343082
-2.5999999999999996 29.340128369093627
-2.3999999999999995 30.554736718002772
-2.1999999999999993 31.91680668910219
-2.0 33.65371025269836
-1.7999999999999998 36.06649062092861
-1.5999999999999996 39.44895326003426
-1.3999999999999995 43.889830282653676
-1.1999999999999993 49.09832486225162
-1.0 54.48106501150488
-0.7999999999999998 59.438890135980834
-0.5999999999999996 63.614795033483254
-0.39999999999999947 66.9353645939498
-0.1999999999999993 69.50534105968984
0.0 71.48126856726157
0.20000000000000107 72.99664575874723
0.40000000000000036 74.14496057489389
0.5999999999999996 74.99371401785312
0.8000000000000007 75.60098475471771
1.0 76.02151864658858
1.200000000000001 76.30471215405703
1.4000000000000004 76.49130017628983
1.6000000000000014 76.61219546028205
1.8000000000000007 76.68941708252875
2.0 76.73795358364666
2.200000000000001 76.76768670548365
2.4000000000000004 76.78500112550348
2.6000000000000014 76.79401832028931
2.8000000000000007 76.79750254152138
3.0 76.79747095419954
3.200000000000001 76.79550470395529
3.4000000000000004 76.7928074788593
3.6000000000000014 76.79016519889737
3.8000000000000007 76.78796475286003
4.0 76.78630414262742
Result sigma optimization:  -7.6 16.81506740053077
E_max_2 =  500
Cutoff Radius =  6.0
Selected Radial Transform =  26.0
factor =  3.0
displacement =  0.0
dataset =  datasets/random-ch4-10k.extxyz
n_train =  1500
n_test =  2000
Train RMSE: 12.575710435515706 [Train MAE: 10.06439210531189]
Test RMSE: 20.829819517533195 [Test MAE: 11.978680698465219]
FINISHED at Tue Jan 10 10:13:55 CET 2023
