STARTING AT Tue Jan 10 10:03:50 CET 2023
Random seed: 1000
7 16
Reading dataset
Shuffling and extracting from dataset (length: 10000)
Shuffling and extraction done
Calculating power spectrum
Expansion coefficients done
Computing training kernel
     Calculating kernels for center species 1
     Calculating kernels for center species 1
Beginning first index add...
Beginning second index add...
     Calculating kernels for center species 6
     Calculating kernels for center species 6
Beginning first index add...
Beginning second index add...
Training kernel done
Computing test kernel
     Calculating kernels for center species 1
     Calculating kernels for center species 1
Beginning first index add...
Beginning second index add...
     Calculating kernels for center species 6
     Calculating kernels for center species 6
Beginning first index add...
Beginning second index add...
Test kernel done
Calculating composition features
Composition features done
-8.0 26.47144639993203
-7.8 24.70809667945282
-7.6 22.77641691741592
-7.4 20.636916511486138
-7.2 18.394018244073262
-7.0 16.248286540032144
-6.8 14.407244677017946
-6.6 13.018481503516984
-6.4 12.139304278088584
-6.2 11.730520586570954
-6.0 11.674154117353387
-5.8 11.814381129676487
-5.6 12.0075423011123
-5.4 12.164574268969348
-5.199999999999999 12.267992354206761
-5.0 12.352750604565228
-4.8 12.465269864551159
-4.6 12.631781897393916
-4.4 12.852854781312168
-4.199999999999999 13.115044073524116
-4.0 13.403787653731063
-3.8 13.71210172250933
-3.5999999999999996 14.047714207299874
-3.3999999999999995 14.439940198318467
-3.1999999999999993 14.942773846809823
-3.0 15.627961939770262
-2.8 16.563977851179857
-2.5999999999999996 17.787271969107323
-2.3999999999999995 19.285271529208735
-2.1999999999999993 21.006857845003264
-2.0 22.89344415723152
-1.7999999999999998 24.91153723835176
-1.5999999999999996 27.074166505004616
-1.3999999999999995 29.442965803794507
-1.1999999999999993 32.1079601417294
-1.0 35.164940221786665
-0.7999999999999998 38.71412638706787
-0.5999999999999996 42.83942192081388
-0.39999999999999947 47.5076737953082
-0.1999999999999993 52.470080418704455
0.0 57.32413581318974
0.20000000000000107 61.705411566781024
0.40000000000000036 65.42163559099079
0.5999999999999996 68.44421075554634
0.8000000000000007 70.82729804507696
1.0 72.64754846856478
1.200000000000001 73.98825087555596
1.4000000000000004 74.93943928742986
1.6000000000000014 75.59204750307781
1.8000000000000007 76.0278750342307
2.0 76.31294601591607
2.200000000000001 76.49632279996224
2.4000000000000004 76.61242771358206
2.6000000000000014 76.68454984312439
2.8000000000000007 76.72817696293951
3.0 76.75361473576724
3.200000000000001 76.76778070305025
3.4000000000000004 76.77529018445726
3.6000000000000014 76.77910086047882
3.8000000000000007 76.78097814349181
4.0 76.78189338152268
Result sigma optimization:  -6.0 11.674154117353387
E_max_2 =  500
Cutoff Radius =  6.0
Selected Radial Transform =  26.0
factor =  2.0
displacement =  0.0
dataset =  datasets/random-ch4-10k.extxyz
n_train =  1500
n_test =  2000
Train RMSE: 7.587589646028627 [Train MAE: 5.97666799176035]
Test RMSE: 12.594554813363475 [Test MAE: 7.712198773469295]
FINISHED at Tue Jan 10 10:04:57 CET 2023
