STARTING AT Tue Jan 10 10:03:41 CET 2023
Random seed: 1000
7 16
Reading dataset
Shuffling and extracting from dataset (length: 10000)
Shuffling and extraction done
Calculating power spectrum
Expansion coefficients done
Computing training kernel
     Calculating kernels for center species 1
     Calculating kernels for center species 1
Beginning first index add...
Beginning second index add...
     Calculating kernels for center species 6
     Calculating kernels for center species 6
Beginning first index add...
Beginning second index add...
Training kernel done
Computing test kernel
     Calculating kernels for center species 1
     Calculating kernels for center species 1
Beginning first index add...
Beginning second index add...
     Calculating kernels for center species 6
     Calculating kernels for center species 6
Beginning first index add...
Beginning second index add...
Test kernel done
Calculating composition features
Composition features done
-8.0 20.140735626309212
-7.8 18.343085032389023
-7.6 16.665851018331814
-7.4 15.204573118042223
-7.2 14.045683837362946
-7.0 13.209393219967232
-6.8 12.638501303504341
-6.6 12.228120131437947
-6.4 11.882463892763928
-6.2 11.560455896819288
-6.0 11.279551407209114
-5.8 11.083465995804275
-5.6 11.00403121342286
-5.4 11.044023058426296
-5.199999999999999 11.183027043449565
-5.0 11.389426857186892
-4.8 11.628114561210065
-4.6 11.867442953758879
-4.4 12.088211432990514
-4.199999999999999 12.289069135486761
-4.0 12.48335519137759
-3.8 12.691288858706772
-3.5999999999999996 12.935815916010489
-3.3999999999999995 13.245138594238648
-3.1999999999999993 13.657362917346514
-3.0 14.222281475439209
-2.8 14.999021311515556
-2.5999999999999996 16.046462849867304
-2.3999999999999995 17.401232844956574
-2.1999999999999993 19.050787887296636
-2.0 20.92824892000217
-1.7999999999999998 22.948133113805298
-1.5999999999999996 25.066771109823424
-1.3999999999999995 27.33136448036224
-1.1999999999999993 29.890243667946624
-1.0 32.94157610129003
-0.7999999999999998 36.61370048584361
-0.5999999999999996 40.853248987280686
-0.39999999999999947 45.44402486336724
-0.1999999999999993 50.136416588733105
0.0 54.730143644181474
0.20000000000000107 59.05779376984806
0.40000000000000036 62.96380026220735
0.5999999999999996 66.33247870003687
0.8000000000000007 69.11636085996953
1.0 71.32735889794104
1.200000000000001 73.01420810579937
1.4000000000000004 74.24935042454739
1.6000000000000014 75.11941611015409
1.8000000000000007 75.71248491719012
2.0 76.10638189050741
2.200000000000001 76.36276237578612
2.4000000000000004 76.52681303076264
2.6000000000000014 76.62998749635221
2.8000000000000007 76.69354381220325
3.0 76.73169404666389
3.200000000000001 76.75393322985998
3.4000000000000004 76.76655275678812
3.6000000000000014 76.77359062919969
3.8000000000000007 76.77750353433211
4.0 76.77970221770398
Result sigma optimization:  -5.6 11.00403121342286
E_max_2 =  500
Cutoff Radius =  6.0
Selected Radial Transform =  26.0
factor =  1.7
displacement =  0.0
dataset =  datasets/random-ch4-10k.extxyz
n_train =  1500
n_test =  2000
Train RMSE: 6.45541383635195 [Train MAE: 5.101312197593421]
Test RMSE: 12.413170094514129 [Test MAE: 7.047781002179818]
FINISHED at Tue Jan 10 10:04:44 CET 2023
