STARTING AT Tue Jan 10 10:04:20 CET 2023
Random seed: 1000
7 18
Reading dataset
Shuffling and extracting from dataset (length: 10000)
Shuffling and extraction done
Calculating power spectrum
Expansion coefficients done
Computing training kernel
     Calculating kernels for center species 1
     Calculating kernels for center species 1
Beginning first index add...
Beginning second index add...
     Calculating kernels for center species 6
     Calculating kernels for center species 6
Beginning first index add...
Beginning second index add...
Training kernel done
Computing test kernel
     Calculating kernels for center species 1
     Calculating kernels for center species 1
Beginning first index add...
Beginning second index add...
     Calculating kernels for center species 6
     Calculating kernels for center species 6
Beginning first index add...
Beginning second index add...
Test kernel done
Calculating composition features
Composition features done
-8.0 65.52727305128576
-7.8 46.5738172676368
-7.6 31.733107549500144
-7.4 21.63031412672274
-7.2 16.550526618811777
-7.0 15.456800810493407
-6.8 15.998995141341284
-6.6 16.5205752480613
-6.4 16.52205158909643
-6.2 16.098949345873386
-6.0 15.518483181418048
-5.8 14.993204314540868
-5.6 14.612187123918348
-5.4 14.382477908322075
-5.199999999999999 14.290600471786448
-5.0 14.324157620611903
-4.8 14.464722201639074
-4.6 14.685271283318222
-4.4 14.959581124407844
-4.199999999999999 15.268815263351161
-4.0 15.597994406145137
-3.8 15.932570347138702
-3.5999999999999996 16.265427036961267
-3.3999999999999995 16.611356460087137
-3.1999999999999993 17.01756115046693
-3.0 17.559544019344155
-2.8 18.318775170555064
-2.5999999999999996 19.352262306568925
-2.3999999999999995 20.673726015612182
-2.1999999999999993 22.251901313413928
-2.0 24.01453677719383
-1.7999999999999998 25.860004748154946
-1.5999999999999996 27.693931877112366
-1.3999999999999995 29.494926138530076
-1.1999999999999993 31.38663404959566
-1.0 33.671331302048216
-0.7999999999999998 36.76012965669623
-0.5999999999999996 40.95021883822444
-0.39999999999999947 46.15227828529469
-0.1999999999999993 51.83872003913241
0.0 57.31202357081846
0.20000000000000107 62.048713624052134
0.40000000000000036 65.85132619609539
0.5999999999999996 68.78211909014438
0.8000000000000007 71.01111828127752
1.0 72.70002785946622
1.200000000000001 73.96425638296095
1.4000000000000004 74.88678447146626
1.6000000000000014 75.53852794959232
1.8000000000000007 75.98478596817252
2.0 76.28249762005034
2.200000000000001 76.47710904929933
2.4000000000000004 76.60222077171197
2.6000000000000014 76.68131886123707
2.8000000000000007 76.73021176757341
3.0 76.75932901433343
3.200000000000001 76.77556650299998
3.4000000000000004 76.78361049626405
3.6000000000000014 76.78675137691593
3.8000000000000007 76.7872813625085
4.0 76.78667725955731
Result sigma optimization:  -5.199999999999999 14.290600471786448
E_max_2 =  600
Cutoff Radius =  6.0
Selected Radial Transform =  26.0
factor =  2.5
displacement =  0.0
dataset =  datasets/random-ch4-10k.extxyz
n_train =  1500
n_test =  2000
Train RMSE: 11.226283611183504 [Train MAE: 8.837335459384116]
Test RMSE: 14.262495149815562 [Test MAE: 10.091499376998218]
FINISHED at Tue Jan 10 10:09:41 CET 2023
