STARTING AT Tue Jan 10 10:07:06 CET 2023
Random seed: 1000
6 14
Reading dataset
Shuffling and extracting from dataset (length: 10000)
Shuffling and extraction done
Calculating power spectrum
Expansion coefficients done
Computing training kernel
     Calculating kernels for center species 1
     Calculating kernels for center species 1
Beginning first index add...
Beginning second index add...
     Calculating kernels for center species 6
     Calculating kernels for center species 6
Beginning first index add...
Beginning second index add...
Training kernel done
Computing test kernel
     Calculating kernels for center species 1
     Calculating kernels for center species 1
Beginning first index add...
Beginning second index add...
     Calculating kernels for center species 6
     Calculating kernels for center species 6
Beginning first index add...
Beginning second index add...
Test kernel done
Calculating composition features
Composition features done
-8.0 33.569991823300825
-7.8 35.85443586155443
-7.6 37.62884579157203
-7.4 38.454261700725375
-7.2 38.262364873313246
-7.0 37.297398482197444
-6.8 35.97174350824087
-6.6 34.719927496866084
-6.4 33.85091194034552
-6.2 33.45426865690326
-6.0 33.43858850315722
-5.8 33.65403497663689
-5.6 33.98240877719035
-5.4 34.35851677941182
-5.199999999999999 34.7575354238603
-5.0 35.18036694810318
-4.8 35.644190716434906
-4.6 36.17293718499809
-4.4 36.78374250048921
-4.199999999999999 37.474683933397756
-4.0 38.22953919967695
-3.8 39.04983156854145
-3.5999999999999996 40.000615689344265
-3.3999999999999995 41.23616254680592
-3.1999999999999993 42.96163821702717
-3.0 45.30829023845845
-2.8 48.19476904310197
-2.5999999999999996 51.32257364800531
-2.3999999999999995 54.3348992482054
-2.1999999999999993 56.99361583357062
-2.0 59.2537483280137
-1.7999999999999998 61.237470999411734
-1.5999999999999996 63.14904102931286
-1.3999999999999995 65.15677663079629
-1.1999999999999993 67.28791830387505
-1.0 69.41434203062417
-0.7999999999999998 71.34675474765257
-0.5999999999999996 72.94712623271225
-0.39999999999999947 74.1732658282348
-0.1999999999999993 75.0581726521499
0.0 75.66956298745559
0.20000000000000107 76.0792062710771
0.40000000000000036 76.34794042152166
0.5999999999999996 76.52170056443964
0.8000000000000007 76.63288072472805
1.0 76.70336956019456
1.200000000000001 76.74754449279627
1.4000000000000004 76.77465814913135
1.6000000000000014 76.79057303687385
1.8000000000000007 76.79898010406428
2.0 76.80225869292292
2.200000000000001 76.80208205975134
2.4000000000000004 76.79979062341746
2.6000000000000014 76.79652005302984
2.8000000000000007 76.79314549711614
3.0 76.79020046798577
3.200000000000001 76.78789356738115
3.4000000000000004 76.78621427901676
3.6000000000000014 76.78505101580717
3.8000000000000007 76.78427139466065
4.0 76.78376008430543
Result sigma optimization:  -6.0 33.43858850315722
E_max_2 =  400
Cutoff Radius =  6.0
Selected Radial Transform =  27.0
factor =  4.0
displacement =  0.0
dataset =  datasets/random-ch4-10k.extxyz
n_train =  1500
n_test =  2000
Train RMSE: 31.443782117959678 [Train MAE: 24.983681754608416]
Test RMSE: 42.079145307367384 [Test MAE: 27.022836518395703]
FINISHED at Tue Jan 10 10:08:05 CET 2023
