STARTING AT Tue Jan 10 10:06:06 CET 2023
Random seed: 1000
5 11
Reading dataset
Shuffling and extracting from dataset (length: 10000)
Shuffling and extraction done
Calculating power spectrum
Expansion coefficients done
Computing training kernel
     Calculating kernels for center species 1
     Calculating kernels for center species 1
Beginning first index add...
Beginning second index add...
     Calculating kernels for center species 6
     Calculating kernels for center species 6
Beginning first index add...
Beginning second index add...
Training kernel done
Computing test kernel
     Calculating kernels for center species 1
     Calculating kernels for center species 1
Beginning first index add...
Beginning second index add...
     Calculating kernels for center species 6
     Calculating kernels for center species 6
Beginning first index add...
Beginning second index add...
Test kernel done
Calculating composition features
Composition features done
-8.0 12.888823551881112
-7.8 12.034885363974556
-7.6 11.274090618763553
-7.4 10.677104930170826
-7.2 10.295782586146467
-7.0 10.130801993964747
-6.8 10.12740422765973
-6.6 10.21269137588135
-6.4 10.340729282514655
-6.2 10.505782550724938
-6.0 10.720768117943118
-5.8 10.990914029099443
-5.6 11.30639171314561
-5.4 11.65020888462424
-5.199999999999999 12.006792732997052
-5.0 12.365840230155962
-4.8 12.723726799855134
-4.6 13.083998196260918
-4.4 13.458085550221794
-4.199999999999999 13.869944949720395
-4.0 14.36631717795286
-3.8 15.026534418502726
-3.5999999999999996 15.95995506828033
-3.3999999999999995 17.28114309090015
-3.1999999999999993 19.06531378299618
-3.0 21.30451201223758
-2.8 23.89768135699736
-2.5999999999999996 26.700804000683465
-2.3999999999999995 29.622090167354845
-2.1999999999999993 32.707350157272295
-2.0 36.160149189050905
-1.7999999999999998 40.244491353642424
-1.5999999999999996 45.06529862917077
-1.3999999999999995 50.386369474241114
-1.1999999999999993 55.70119666094639
-1.0 60.51177120530443
-0.7999999999999998 64.54758287225296
-0.5999999999999996 67.77882281690431
-0.39999999999999947 70.30144086051641
-0.1999999999999993 72.23187023882842
0.0 73.67040862306199
0.20000000000000107 74.7071627074846
0.40000000000000036 75.42921147863872
0.5999999999999996 75.9172341878917
0.8000000000000007 76.23920212907377
1.0 76.4474866637105
1.200000000000001 76.57984143251234
1.4000000000000004 76.6623384952128
1.6000000000000014 76.71259203045105
1.8000000000000007 76.74241637016475
2.0 76.75968034595516
2.200000000000001 76.76950078684399
2.4000000000000004 76.77505819089215
2.6000000000000014 76.77822644015443
2.8000000000000007 76.78006177856103
3.0 76.78114555382803
3.200000000000001 76.78179717428979
3.4000000000000004 76.78219477282845
3.6000000000000014 76.78244005299106
3.8000000000000007 76.78259253898416
4.0 76.78268783221138
Result sigma optimization:  -6.8 10.12740422765973
E_max_2 =  300
Cutoff Radius =  6.0
Selected Radial Transform =  27.0
factor =  1.8
displacement =  0.0
dataset =  datasets/random-ch4-10k.extxyz
n_train =  1500
n_test =  2000
Train RMSE: 7.411306598579327 [Train MAE: 5.8668088284085025]
Test RMSE: 9.973722593692127 [Test MAE: 6.868216031377647]
FINISHED at Tue Jan 10 10:06:56 CET 2023
