STARTING AT Tue Jan 10 11:44:28 CET 2023
Random seed: 1000
5 11
Reading dataset
Shuffling and extracting from dataset (length: 133885)
Shuffling and extraction done
Calculating power spectrum
Expansion coefficients done
Computing training kernel
     Calculating kernels for center species 1
     Calculating kernels for center species 1
Beginning first index add...
Beginning second index add...
     Calculating kernels for center species 6
     Calculating kernels for center species 6
Beginning first index add...
Beginning second index add...
     Calculating kernels for center species 7
     Calculating kernels for center species 7
Beginning first index add...
Beginning second index add...
     Calculating kernels for center species 8
     Calculating kernels for center species 8
Beginning first index add...
Beginning second index add...
     Calculating kernels for center species 9
     Calculating kernels for center species 9
Beginning first index add...
Beginning second index add...
Training kernel done
Computing test kernel
     Calculating kernels for center species 1
     Calculating kernels for center species 1
Beginning first index add...
Beginning second index add...
     Calculating kernels for center species 6
     Calculating kernels for center species 6
Beginning first index add...
Beginning second index add...
     Calculating kernels for center species 7
     Calculating kernels for center species 7
Beginning first index add...
Beginning second index add...
     Calculating kernels for center species 8
     Calculating kernels for center species 8
Beginning first index add...
Beginning second index add...
     Calculating kernels for center species 9
     Calculating kernels for center species 9
Beginning first index add...
Beginning second index add...
Test kernel done
Calculating composition features
Composition features done
-8.0 1.818780209022128
-7.8 1.8044006252682496
-7.6 1.7947353505217276
-7.4 1.7914501631860815
-7.2 1.7898121725569363
-7.0 1.792781538880566
-6.8 1.805474110888065
-6.6 1.8314595467686303
-6.4 1.8762672150225261
-6.2 1.9374799239295728
-6.0 2.015025850786362
-5.8 2.1005672013272805
-5.6 2.1990181694878848
-5.4 2.3069636859443077
-5.199999999999999 2.4295866695109485
-5.0 2.570107116586005
-4.8 2.7264598464484635
-4.6 2.902479376336492
-4.4 3.1137995654904276
-4.199999999999999 3.368419979716059
-4.0 3.680865014622238
-3.8 4.0775898237415635
-3.5999999999999996 4.568381336147887
-3.3999999999999995 5.152456366621492
-3.1999999999999993 5.797442638711037
-3.0 6.488651511273358
-2.8 7.210681218844173
-2.5999999999999996 7.964713457244004
-2.3999999999999995 8.76820887314042
-2.1999999999999993 9.65110909996609
-2.0 10.64773364489076
-1.7999999999999998 11.737958789814904
-1.5999999999999996 12.881174805747454
-1.3999999999999995 14.033375062846924
-1.1999999999999993 15.12989713297544
-1.0 16.12145899741416
-0.7999999999999998 17.001760192750176
-0.5999999999999996 17.768188438061284
-0.39999999999999947 18.441183042619485
-0.1999999999999993 19.046667601279957
0.0 19.54967371015899
0.20000000000000107 19.942325954261033
0.40000000000000036 20.23845165022087
0.5999999999999996 20.450370957554785
0.8000000000000007 20.59640048904677
1.0 20.693525037846037
1.200000000000001 20.75761592218423
1.4000000000000004 20.79948963774718
1.6000000000000014 20.826322854026447
1.8000000000000007 20.843289811179154
2.0 20.85383146342037
2.200000000000001 20.860192175382902
2.4000000000000004 20.863757462878635
2.6000000000000014 20.865512839067446
2.8000000000000007 20.866158556631255
3.0 20.86624905104893
3.200000000000001 20.86606945385062
3.4000000000000004 20.865809487323766
3.6000000000000014 20.865566881261966
3.8000000000000007 20.86537539424671
4.0 20.865237019019467
Result sigma optimization:  -7.2 1.7898121725569363
E_max_2 =  300
Cutoff Radius =  6.0
Selected Radial Transform =  27.0
factor =  1.6
displacement =  0.0
dataset =  datasets/qm9.xyz
n_train =  1500
n_test =  2000
Train RMSE: 0.7680837404936415 [Train MAE: 0.5651966881808679]
Test RMSE: 2.566216927299417 [Test MAE: 1.6424592655078492]
FINISHED at Tue Jan 10 11:49:27 CET 2023
