STARTING AT Tue Jan 10 11:42:39 CET 2023
Random seed: 1000
5 11
Reading dataset
Shuffling and extracting from dataset (length: 133885)
Shuffling and extraction done
Calculating power spectrum
Expansion coefficients done
Computing training kernel
     Calculating kernels for center species 1
     Calculating kernels for center species 1
Beginning first index add...
Beginning second index add...
     Calculating kernels for center species 6
     Calculating kernels for center species 6
Beginning first index add...
Beginning second index add...
     Calculating kernels for center species 7
     Calculating kernels for center species 7
Beginning first index add...
Beginning second index add...
     Calculating kernels for center species 8
     Calculating kernels for center species 8
Beginning first index add...
Beginning second index add...
     Calculating kernels for center species 9
     Calculating kernels for center species 9
Beginning first index add...
Beginning second index add...
Training kernel done
Computing test kernel
     Calculating kernels for center species 1
     Calculating kernels for center species 1
Beginning first index add...
Beginning second index add...
     Calculating kernels for center species 6
     Calculating kernels for center species 6
Beginning first index add...
Beginning second index add...
     Calculating kernels for center species 7
     Calculating kernels for center species 7
Beginning first index add...
Beginning second index add...
     Calculating kernels for center species 8
     Calculating kernels for center species 8
Beginning first index add...
Beginning second index add...
     Calculating kernels for center species 9
     Calculating kernels for center species 9
Beginning first index add...
Beginning second index add...
Test kernel done
Calculating composition features
Composition features done
-8.0 4.8196575542179545
-7.8 4.819656972737392
-7.6 4.819656051180386
-7.4 4.819654590588739
-7.2 4.819652275733983
-7.0 4.819648606969561
-6.8 4.819642792477717
-6.6 4.819633577383119
-6.4 4.819618973027281
-6.2 4.81959582822492
-6.0 4.819559150045312
-5.8 4.819501028696828
-5.6 4.81940893684129
-5.4 4.819263041996938
-5.199999999999999 4.81903196704847
-5.0 4.818666120938237
-4.8 4.818087252876279
-4.6 4.817172205182761
-4.4 4.815727922827808
-4.199999999999999 4.813453696171248
-4.0 4.8098991627696295
-3.8 4.804514404794339
-3.5999999999999996 4.79646162644367
-3.3999999999999995 4.785006542537349
-3.1999999999999993 4.768939902184606
-3.0 4.748741429862459
-2.8 4.725244250902704
-2.5999999999999996 4.703757891399475
-2.3999999999999995 4.690569768177092
-2.1999999999999993 4.687042032732634
-2.0 4.710635872751605
-1.7999999999999998 4.774883171924354
-1.5999999999999996 4.901600655109324
-1.3999999999999995 5.094368824217947
-1.1999999999999993 5.327918961148129
-1.0 5.617576800886694
-0.7999999999999998 5.953918177343635
-0.5999999999999996 6.337697005209337
-0.39999999999999947 6.796683563794488
-0.1999999999999993 7.344365634354478
0.0 7.976193547438074
0.20000000000000107 8.712246867899557
0.40000000000000036 9.524713289750492
0.5999999999999996 10.440493650214684
0.8000000000000007 11.389933914812746
1.0 12.33815597786751
1.200000000000001 13.263838035802605
1.4000000000000004 14.19160976005128
1.6000000000000014 15.118083409681875
1.8000000000000007 16.077958135054086
2.0 17.038630431938667
2.200000000000001 17.927497244742376
2.4000000000000004 18.70177468806444
2.6000000000000014 19.320081388217105
2.8000000000000007 19.791772639760392
3.0 20.127524363459187
3.200000000000001 20.360129073509086
3.4000000000000004 20.523531347971243
3.6000000000000014 20.635124801762263
3.8000000000000007 20.710359860580535
4.0 20.760623812096163
Result sigma optimization:  -2.1999999999999993 4.687042032732634
E_max_2 =  300
Cutoff Radius =  6.0
Selected Radial Transform =  27.0
factor =  0.4
displacement =  0.0
dataset =  datasets/qm9.xyz
n_train =  1500
n_test =  2000
Train RMSE: 1.4528241784307137 [Train MAE: 1.0019058723654082]
Test RMSE: 6.222243617749987 [Test MAE: 4.399334313494684]
FINISHED at Tue Jan 10 11:45:47 CET 2023
