STARTING AT Tue Jan 10 10:07:07 CET 2023
Random seed: 1000
7 18
Reading dataset
Shuffling and extracting from dataset (length: 10000)
Shuffling and extraction done
Calculating power spectrum
Expansion coefficients done
Computing training kernel
     Calculating kernels for center species 1
     Calculating kernels for center species 1
Beginning first index add...
Beginning second index add...
     Calculating kernels for center species 6
     Calculating kernels for center species 6
Beginning first index add...
Beginning second index add...
Training kernel done
Computing test kernel
     Calculating kernels for center species 1
     Calculating kernels for center species 1
Beginning first index add...
Beginning second index add...
     Calculating kernels for center species 6
     Calculating kernels for center species 6
Beginning first index add...
Beginning second index add...
Test kernel done
Calculating composition features
Composition features done
-8.0 30.532094580664644
-7.8 31.045726951395356
-7.6 31.947546599364475
-7.4 33.35285241208571
-7.2 34.865079648874605
-7.0 35.98844898501331
-6.8 36.489039614135194
-6.6 36.411176202623615
-6.4 35.91059167288769
-6.2 35.13112094963556
-6.0 34.18968788789387
-5.8 33.20973975049918
-5.6 32.344632603653224
-5.4 31.762402142827888
-5.199999999999999 31.581063015532077
-5.0 31.80024880107714
-4.8 32.306686042913
-4.6 32.951286989004835
-4.4 33.61988519013074
-4.199999999999999 34.25333370462233
-4.0 34.83225139672352
-3.8 35.355117367118346
-3.5999999999999996 35.82686791692982
-3.3999999999999995 36.262461404572846
-3.1999999999999993 36.696175059054525
-3.0 37.18120373009947
-2.8 37.77940032926066
-2.5999999999999996 38.563118279874395
-2.3999999999999995 39.64233429424289
-2.1999999999999993 41.184311496020456
-2.0 43.36074618384915
-1.7999999999999998 46.209012935100766
-1.5999999999999996 49.52636594655982
-1.3999999999999995 52.9400867540639
-1.1999999999999993 56.10628042274114
-1.0 58.86158951439513
-0.7999999999999998 61.24577444059245
-0.5999999999999996 63.42478297874085
-0.39999999999999947 65.56463974502762
-0.1999999999999993 67.71719807785574
0.0 69.7946551607359
0.20000000000000107 71.64837966611549
0.40000000000000036 73.16902819557117
0.5999999999999996 74.32838193831208
0.8000000000000007 75.1629228009795
1.0 75.73868453996383
1.200000000000001 76.12413105823677
1.4000000000000004 76.37686466228087
1.6000000000000014 76.54023313084926
1.8000000000000007 76.6447537562972
2.0 76.71102774400536
2.200000000000001 76.75257936879589
2.4000000000000004 76.7781074773354
2.6000000000000014 76.79311586469481
2.8000000000000007 76.80105383000463
3.0 76.80412017814497
3.200000000000001 76.80383842023369
3.4000000000000004 76.80143187947765
3.6000000000000014 76.79797487926112
3.8000000000000007 76.79434661197658
4.0 76.79112497817877
Result sigma optimization:  -8.0 30.532094580664644
E_max_2 =  600
Cutoff Radius =  6.0
Selected Radial Transform =  27.0
factor =  4.0
displacement =  0.0
dataset =  datasets/random-ch4-10k.extxyz
n_train =  1500
n_test =  2000
Train RMSE: 21.911285513900165 [Train MAE: 17.305766475606948]
Test RMSE: 38.560532896483735 [Test MAE: 21.235926911269527]
FINISHED at Tue Jan 10 10:08:19 CET 2023
