STARTING AT Tue Jan 10 10:07:01 CET 2023
Random seed: 1000
8 20
Reading dataset
Shuffling and extracting from dataset (length: 10000)
Shuffling and extraction done
Calculating power spectrum
Expansion coefficients done
Computing training kernel
     Calculating kernels for center species 1
     Calculating kernels for center species 1
Beginning first index add...
Beginning second index add...
     Calculating kernels for center species 6
     Calculating kernels for center species 6
Beginning first index add...
Beginning second index add...
Training kernel done
Computing test kernel
     Calculating kernels for center species 1
     Calculating kernels for center species 1
Beginning first index add...
Beginning second index add...
     Calculating kernels for center species 6
     Calculating kernels for center species 6
Beginning first index add...
Beginning second index add...
Test kernel done
Calculating composition features
Composition features done
-8.0 31.506735873325855
-7.8 33.28436483105548
-7.6 32.41665564233632
-7.4 29.69041325233843
-7.2 26.496177802432143
-7.0 23.939079479152184
-6.8 22.333774664672998
-6.6 21.348851051619274
-6.4 20.588823686758367
-6.2 19.87616255387934
-6.0 19.178956082707447
-5.8 18.523576827673686
-5.6 17.977960510707945
-5.4 17.632631195679853
-5.199999999999999 17.5535031350045
-5.0 17.739672236448772
-4.8 18.12382292850231
-4.6 18.608816839233178
-4.4 19.104501565214857
-4.199999999999999 19.54926570501245
-4.0 19.919047881359663
-3.8 20.224873313164935
-3.5999999999999996 20.504079613881974
-3.3999999999999995 20.814082218672347
-3.1999999999999993 21.22955986800788
-3.0 21.832238534756033
-2.8 22.68348960982585
-2.5999999999999996 23.7908962305829
-2.3999999999999995 25.094979933866004
-2.1999999999999993 26.487976006264553
-2.0 27.856396647496055
-1.7999999999999998 29.131075309249923
-1.5999999999999996 30.323909539290234
-1.3999999999999995 31.539026454648653
-1.1999999999999993 32.96981203482916
-1.0 34.89815449786505
-0.7999999999999998 37.6644151348996
-0.5999999999999996 41.52738574957424
-0.39999999999999947 46.43437924261422
-0.1999999999999993 51.92599191261577
0.0 57.33536892132066
0.20000000000000107 62.11208633485748
0.40000000000000036 66.00008793749616
0.5999999999999996 69.0054459655203
0.8000000000000007 71.26636703583334
1.0 72.94241544381302
1.200000000000001 74.16597240465472
1.4000000000000004 75.03976339882873
1.6000000000000014 75.64747394257931
1.8000000000000007 76.0593349887577
2.0 76.33243102329573
2.200000000000001 76.5104586075535
2.4000000000000004 76.62498070045636
2.6000000000000014 76.69777252345536
2.8000000000000007 76.74335465494846
3.0 76.771172442949
3.200000000000001 76.78727290499336
3.4000000000000004 76.79553461557448
3.6000000000000014 76.79855127477103
3.8000000000000007 76.79822246375937
4.0 76.79605360053152
Result sigma optimization:  -5.199999999999999 17.5535031350045
E_max_2 =  700
Cutoff Radius =  6.0
Selected Radial Transform =  27.0
factor =  3.0
displacement =  0.0
dataset =  datasets/random-ch4-10k.extxyz
n_train =  1500
n_test =  2000
Train RMSE: 14.678208531123781 [Train MAE: 11.71938874660152]
Test RMSE: 18.216233525512393 [Test MAE: 13.157271865571516]
FINISHED at Tue Jan 10 10:08:56 CET 2023
