STARTING AT Tue Jan 10 10:42:35 CET 2023
Random seed: 1000
7 18
Reading dataset
Shuffling and extracting from dataset (length: 105092)
Shuffling and extraction done
Calculating power spectrum
Expansion coefficients done
Computing training kernel
     Calculating kernels for center species 79
     Calculating kernels for center species 79
Beginning first index add...
Beginning second index add...
Training kernel done
Computing test kernel
     Calculating kernels for center species 79
     Calculating kernels for center species 79
Beginning first index add...
Beginning second index add...
Test kernel done
Calculating composition features
Composition features done
-8.0 104.14595804041944
-7.8 104.91051175459259
-7.6 105.66164929114424
-7.4 106.38464098965311
-7.2 107.08597228176214
-7.0 107.79069436853106
-6.8 108.52084080635161
-6.6 109.27515605022137
-6.4 110.02647190125009
-6.2 110.73674991649428
-6.0 111.37664959188484
-5.8 111.93632597377051
-5.6 112.42761829490192
-5.4 112.88387127118423
-5.199999999999999 113.35920630266894
-5.0 113.923580641067
-4.8 114.64789962000552
-4.6 115.57957783509052
-4.4 116.72275739377493
-4.199999999999999 118.04651044418034
-4.0 119.5301526423682
-3.8 121.221246191197
-3.5999999999999996 123.2633217048991
-3.3999999999999995 125.87414408212231
-3.1999999999999993 129.3154561664575
-3.0 133.92306062274872
-2.8 140.17465260277427
-2.5999999999999996 148.62618630105567
-2.3999999999999995 159.56898732014199
-2.1999999999999993 172.57671287202197
-2.0 186.43252041024837
-1.7999999999999998 199.67267546358485
-1.5999999999999996 211.3255888941277
-1.3999999999999995 221.27888048478962
-1.1999999999999993 230.15282130103645
-1.0 238.90062978734514
-0.7999999999999998 248.39645966023483
-0.5999999999999996 259.23213752110036
-0.39999999999999947 271.77568161002745
-0.1999999999999993 286.22120313021
0.0 302.3820965132643
0.20000000000000107 319.52548448464483
0.40000000000000036 336.68130133682706
0.5999999999999996 353.16012590549985
0.8000000000000007 368.7058565848548
1.0 383.3685408398308
1.200000000000001 397.6549504435014
1.4000000000000004 413.10760302817147
1.6000000000000014 432.84684673829156
1.8000000000000007 461.26390645553397
2.0 502.0474762363535
2.200000000000001 555.0894530983414
2.4000000000000004 615.1480415791675
2.6000000000000014 674.2621132973437
2.8000000000000007 725.7567058001067
3.0 766.4555954219243
3.200000000000001 796.3695998013548
3.4000000000000004 817.2518763376523
3.6000000000000014 831.3250729143484
3.8000000000000007 840.5933096851422
4.0 846.6143917530457
Result sigma optimization:  -8.0 104.14595804041944
E_max_2 =  600
Cutoff Radius =  6.0
Selected Radial Transform =  27.0
factor =  1.1
displacement =  0.0
dataset =  datasets/gold.xyz
n_train =  1500
n_test =  2000
Train RMSE: 87.16076613181468 [Train MAE: 66.03629498560849]
Test RMSE: 104.95728755268794 [Test MAE: 76.49918485041972]
FINISHED at Tue Jan 10 10:43:53 CET 2023
