STARTING AT Tue Jan 10 10:06:47 CET 2023
Random seed: 1000
8 20
Reading dataset
Shuffling and extracting from dataset (length: 10000)
Shuffling and extraction done
Calculating power spectrum
Expansion coefficients done
Computing training kernel
     Calculating kernels for center species 1
     Calculating kernels for center species 1
Beginning first index add...
Beginning second index add...
     Calculating kernels for center species 6
     Calculating kernels for center species 6
Beginning first index add...
Beginning second index add...
Training kernel done
Computing test kernel
     Calculating kernels for center species 1
     Calculating kernels for center species 1
Beginning first index add...
Beginning second index add...
     Calculating kernels for center species 6
     Calculating kernels for center species 6
Beginning first index add...
Beginning second index add...
Test kernel done
Calculating composition features
Composition features done
-8.0 81.43262421630997
-7.8 64.34388584684665
-7.6 49.5512012290569
-7.4 37.41439350008816
-7.2 28.139669161714853
-7.0 21.753699185459936
-6.8 18.020673059050495
-6.6 16.333744529277485
-6.4 15.810452162354732
-6.2 15.673239024755866
-6.0 15.510415249291297
-5.8 15.242877947543148
-5.6 14.946635569621527
-5.4 14.689358907211556
-5.199999999999999 14.479366930621397
-5.0 14.31143498376595
-4.8 14.20963589858269
-4.6 14.215924031556906
-4.4 14.352813893457043
-4.199999999999999 14.60379643683328
-4.0 14.927090752207102
-3.8 15.2822399478778
-3.5999999999999996 15.642896644413597
-3.3999999999999995 15.99800969083685
-3.1999999999999993 16.357047582224798
-3.0 16.75902811381881
-2.8 17.27241418022993
-2.5999999999999996 17.976709633778476
-2.3999999999999995 18.929809749680185
-2.1999999999999993 20.140046059720692
-2.0 21.563063205710158
-1.7999999999999998 23.125023702193605
-1.5999999999999996 24.756318747667212
-1.3999999999999995 26.41488618294808
-1.1999999999999993 28.090329934057046
-1.0 29.812813550676367
-0.7999999999999998 31.694658294507587
-0.5999999999999996 33.978615323198945
-0.39999999999999947 37.01094277892096
-0.1999999999999993 41.06657338094735
0.0 46.09496326634716
0.20000000000000107 51.63571937300178
0.40000000000000036 57.03999587659914
0.5999999999999996 61.796439111888375
0.8000000000000007 65.68902549503971
1.0 68.74118868296897
1.200000000000001 71.07824586932448
1.4000000000000004 72.83165973940102
1.6000000000000014 74.11304176020803
1.8000000000000007 75.02070190990143
2.0 75.64427718943126
2.200000000000001 76.06173781205776
2.4000000000000004 76.33565008768184
2.6000000000000014 76.51262223659093
2.8000000000000007 76.62545879823425
3.0 76.696339470698
3.200000000000001 76.73986750325565
3.4000000000000004 76.76553979155698
3.6000000000000014 76.77958560775355
3.8000000000000007 76.78623517194673
4.0 76.78847894136601
Result sigma optimization:  -4.8 14.20963589858269
E_max_2 =  700
Cutoff Radius =  6.0
Selected Radial Transform =  27.0
factor =  2.5
displacement =  0.0
dataset =  datasets/random-ch4-10k.extxyz
n_train =  1500
n_test =  2000
Train RMSE: 11.11799391203339 [Train MAE: 8.736836816757881]
Test RMSE: 14.234883182282232 [Test MAE: 10.086853326732511]
FINISHED at Tue Jan 10 10:11:43 CET 2023
