STARTING AT Tue Jan 10 10:47:22 CET 2023
Random seed: 1000
7 18
Reading dataset
Shuffling and extracting from dataset (length: 133885)
Shuffling and extraction done
Calculating power spectrum
Expansion coefficients done
Computing training kernel
     Calculating kernels for center species 1
     Calculating kernels for center species 1
Beginning first index add...
Beginning second index add...
     Calculating kernels for center species 6
     Calculating kernels for center species 6
Beginning first index add...
Beginning second index add...
     Calculating kernels for center species 7
     Calculating kernels for center species 7
Beginning first index add...
Beginning second index add...
     Calculating kernels for center species 8
     Calculating kernels for center species 8
Beginning first index add...
Beginning second index add...
     Calculating kernels for center species 9
     Calculating kernels for center species 9
Beginning first index add...
Beginning second index add...
Training kernel done
Computing test kernel
     Calculating kernels for center species 1
     Calculating kernels for center species 1
Beginning first index add...
Beginning second index add...
     Calculating kernels for center species 6
     Calculating kernels for center species 6
Beginning first index add...
Beginning second index add...
     Calculating kernels for center species 7
     Calculating kernels for center species 7
Beginning first index add...
Beginning second index add...
     Calculating kernels for center species 8
     Calculating kernels for center species 8
Beginning first index add...
Beginning second index add...
     Calculating kernels for center species 9
     Calculating kernels for center species 9
Beginning first index add...
Beginning second index add...
Test kernel done
Calculating composition features
Composition features done
-8.0 2.0222386187465746
-7.8 2.0313364553606563
-7.6 2.045385928149665
-7.4 2.063031509711737
-7.2 2.088460793872965
-7.0 2.126534404778329
-6.8 2.1836415843611854
-6.6 2.2528515467253554
-6.4 2.3373185147417828
-6.2 2.4340623552107523
-6.0 2.5524448232239227
-5.8 2.705252668398374
-5.6 2.8936884358181656
-5.4 3.1428538415653358
-5.199999999999999 3.457286780329402
-5.0 3.82588537961654
-4.8 4.235679680958992
-4.6 4.678038785741994
-4.4 5.125746202690042
-4.199999999999999 5.553605593240917
-4.0 5.967084671413661
-3.8 6.38427051836355
-3.5999999999999996 6.8341391995692975
-3.3999999999999995 7.3775593983251015
-3.1999999999999993 8.02517667491868
-3.0 8.766331799881359
-2.8 9.606084941028811
-2.5999999999999996 10.52483268778814
-2.3999999999999995 11.532727181157126
-2.1999999999999993 12.629104064528068
-2.0 13.764667872861324
-1.7999999999999998 14.860757531433066
-1.5999999999999996 15.860352647716429
-1.3999999999999995 16.704004980191677
-1.1999999999999993 17.385993121756808
-1.0 17.926848515184208
-0.7999999999999998 18.36115621215076
-0.5999999999999996 18.720259365435236
-0.39999999999999947 19.031868269997737
-0.1999999999999993 19.31025930518386
0.0 19.578669224546893
0.20000000000000107 19.835770975318713
0.40000000000000036 20.07857801903667
0.5999999999999996 20.295025642859827
0.8000000000000007 20.476318224863007
1.0 20.617380489659926
1.200000000000001 20.717206713895997
1.4000000000000004 20.784139109481863
1.6000000000000014 20.827850321955555
1.8000000000000007 20.85485489704674
2.0 20.870273976623473
2.200000000000001 20.877964740126725
2.4000000000000004 20.880820364191912
2.6000000000000014 20.88113359105861
2.8000000000000007 20.880299520085778
3.0 20.878985092420525
3.200000000000001 20.87761787787048
3.4000000000000004 20.876432204707307
3.6000000000000014 20.875314549470758
3.8000000000000007 20.874153524019757
4.0 20.87289457637811
Result sigma optimization:  -8.0 2.0222386187465746
E_max_2 =  600
Cutoff Radius =  6.0
Selected Radial Transform =  2.0
factor =  3.0
displacement =  0.0
dataset =  datasets/qm9.xyz
n_train =  1500
n_test =  2000
Train RMSE: 1.8021010087481584 [Train MAE: 1.3090369956838728]
Test RMSE: 2.829143669651814 [Test MAE: 1.8657171196702085]
FINISHED at Tue Jan 10 10:52:09 CET 2023
