STARTING AT Tue Jan 10 10:09:24 CET 2023
Random seed: 1000
7 16
Reading dataset
Shuffling and extracting from dataset (length: 105092)
Shuffling and extraction done
Calculating power spectrum
Expansion coefficients done
Computing training kernel
     Calculating kernels for center species 79
     Calculating kernels for center species 79
Beginning first index add...
Beginning second index add...
Training kernel done
Computing test kernel
     Calculating kernels for center species 79
     Calculating kernels for center species 79
Beginning first index add...
Beginning second index add...
Test kernel done
Calculating composition features
Composition features done
-8.0 480.96405035490415
-7.8 493.65247311371905
-7.6 502.53260693232176
-7.4 508.53221257592475
-7.2 512.4891931416765
-7.0 515.0579305845097
-6.8 516.7083035344721
-6.6 517.7615428861267
-6.4 518.4307901964986
-6.2 518.8550295495068
-6.0 519.124198255401
-5.8 519.2972479177047
-5.6 519.4155484004476
-5.4 519.515293646433
-5.199999999999999 519.644223083905
-5.0 519.8927189744138
-4.8 520.4588233724016
-4.6 521.781052527168
-4.4 524.779766213698
-4.199999999999999 531.194925219824
-4.0 543.7869977700775
-3.8 565.7801161216887
-3.5999999999999996 598.9985409539287
-3.3999999999999995 641.650052616049
-3.1999999999999993 688.2353265100735
-3.0 732.2626671646158
-2.8 769.2275711006739
-2.5999999999999996 797.5865142023935
-2.3999999999999995 817.9733643903229
-2.1999999999999993 831.9846016315466
-2.0 841.3277367716107
-1.7999999999999998 847.4356542313959
-1.5999999999999996 851.3776119381671
-1.3999999999999995 853.9007935310949
-1.1999999999999993 855.507364934517
-1.0 856.5268939057128
-0.7999999999999998 857.1725159295186
-0.5999999999999996 857.5808099166306
-0.39999999999999947 857.83879498529
-0.1999999999999993 858.001713640421
0.0 858.1045549976802
0.20000000000000107 858.1694468912603
0.40000000000000036 858.2103681808914
0.5999999999999996 858.2361405800874
0.8000000000000007 858.2523226756151
1.0 858.262405750719
1.200000000000001 858.2685658965761
1.4000000000000004 858.2721334054955
1.6000000000000014 858.2738804706529
1.8000000000000007 858.2741897756247
2.0 858.2731420153871
2.200000000000001 858.2705453765684
2.4000000000000004 858.265923023262
2.6000000000000014 858.2584773701574
2.8000000000000007 858.2470674142801
3.0 858.2302725444067
3.200000000000001 858.2066618281008
3.4000000000000004 858.1753792298117
3.6000000000000014 858.136966325661
3.8000000000000007 858.0939417019467
4.0 858.0504347520491
Result sigma optimization:  -8.0 480.96405035490415
E_max_2 =  500
Cutoff Radius =  6.0
Selected Radial Transform =  2.0
factor =  3.0
displacement =  0.0
dataset =  datasets/gold.xyz
n_train =  1500
n_test =  2000
Train RMSE: 476.4371495195723 [Train MAE: 369.5240375102509]
Test RMSE: 468.6213661896265 [Test MAE: 361.77437726257233]
FINISHED at Tue Jan 10 10:10:36 CET 2023
