STARTING AT Tue Jan 10 09:34:10 CET 2023
Random seed: 1000
5 11
Reading dataset
Shuffling and extracting from dataset (length: 10000)
Shuffling and extraction done
Calculating power spectrum
Expansion coefficients done
Computing training kernel
     Calculating kernels for center species 1
     Calculating kernels for center species 1
Beginning first index add...
Beginning second index add...
     Calculating kernels for center species 6
     Calculating kernels for center species 6
Beginning first index add...
Beginning second index add...
Training kernel done
Computing test kernel
     Calculating kernels for center species 1
     Calculating kernels for center species 1
Beginning first index add...
Beginning second index add...
     Calculating kernels for center species 6
     Calculating kernels for center species 6
Beginning first index add...
Beginning second index add...
Test kernel done
Calculating composition features
Composition features done
-8.0 13.736953449062081
-7.8 13.006814710561358
-7.6 12.190746460702357
-7.4 11.640197671808018
-7.2 11.491297409212383
-7.0 11.661910706878666
-6.8 11.998398150134419
-6.6 12.388670962662466
-6.4 12.778585168152551
-6.2 13.149189253822225
-6.0 13.503195673416213
-5.8 13.858568565448921
-5.6 14.233931339372011
-5.4 14.631013354230177
-5.199999999999999 15.032892310390826
-5.0 15.423228546987026
-4.8 15.810416906022716
-4.6 16.240139309467658
-4.4 16.791930113902144
-4.199999999999999 17.55837400794341
-4.0 18.607893593515012
-3.8 19.947625068659594
-3.5999999999999996 21.51362993988601
-3.3999999999999995 23.200915835005418
-3.1999999999999993 24.92435010135523
-3.0 26.693855871246416
-2.8 28.680704606954777
-2.5999999999999996 31.233269258895145
-2.3999999999999995 34.77211517118037
-2.1999999999999993 39.530574822300636
-2.0 45.30076328226722
-1.7999999999999998 51.457560516767685
-1.5999999999999996 57.27246900084021
-1.3999999999999995 62.236975365560106
-1.1999999999999993 66.17613590238851
-1.0 69.1669589069741
-0.7999999999999998 71.39244682170387
-0.5999999999999996 73.03353546758655
-0.39999999999999947 74.22928076775784
-0.1999999999999993 75.082630696693
0.0 75.67577999926036
0.20000000000000107 76.07740770756496
0.40000000000000036 76.34329609239958
0.5999999999999996 76.5160947073062
0.8000000000000007 76.62655355089538
1.0 76.69585879685307
1.200000000000001 76.73818166569696
1.4000000000000004 76.762900930505
1.6000000000000014 76.77630213524307
1.8000000000000007 76.78271454002099
2.0 76.78514389409564
2.200000000000001 76.78558056148471
2.4000000000000004 76.78520854590928
2.6000000000000014 76.78463252630782
2.8000000000000007 76.78410432650278
3.0 76.78369643823989
3.200000000000001 76.78340675055988
3.4000000000000004 76.78321037577486
3.6000000000000014 76.78308086622219
3.8000000000000007 76.78299686910033
4.0 76.78294294895088
Result sigma optimization:  -7.2 11.491297409212383
E_max_2 =  300
Cutoff Radius =  6.0
Selected Radial Transform =  2.0
factor =  2.3
displacement =  0.0
dataset =  datasets/random-ch4-10k.extxyz
n_train =  1500
n_test =  2000
Train RMSE: 10.046096478869458 [Train MAE: 7.981614798246519]
Test RMSE: 11.775758153283988 [Test MAE: 8.76521382297254]
FINISHED at Tue Jan 10 09:40:37 CET 2023
