STARTING AT Tue Jan 10 09:34:03 CET 2023
Random seed: 1000
8 20
Reading dataset
Shuffling and extracting from dataset (length: 10000)
Shuffling and extraction done
Calculating power spectrum
Expansion coefficients done
Computing training kernel
     Calculating kernels for center species 1
     Calculating kernels for center species 1
Beginning first index add...
Beginning second index add...
     Calculating kernels for center species 6
     Calculating kernels for center species 6
Beginning first index add...
Beginning second index add...
Training kernel done
Computing test kernel
     Calculating kernels for center species 1
     Calculating kernels for center species 1
Beginning first index add...
Beginning second index add...
     Calculating kernels for center species 6
     Calculating kernels for center species 6
Beginning first index add...
Beginning second index add...
Test kernel done
Calculating composition features
Composition features done
-8.0 16.824115023015853
-7.8 16.345728729103772
-7.6 15.814709077793152
-7.4 15.263012374088353
-7.2 14.720428277495277
-7.0 14.205381476601074
-6.8 13.72377519650637
-6.6 13.275456487562897
-6.4 12.860661685844008
-6.2 12.480252182774699
-6.0 12.131352967334571
-5.8 11.80480097089572
-5.6 11.488673219273677
-5.4 11.175970249275816
-5.199999999999999 10.870315589870797
-5.0 10.58556111342119
-4.8 10.34046582837963
-4.6 10.152207476374128
-4.4 10.032003353274158
-4.199999999999999 9.984577201591751
-4.0 10.01041885203265
-3.8 10.107600273502554
-3.5999999999999996 10.271454216429394
-3.3999999999999995 10.493606155648727
-3.1999999999999993 10.762441254548145
-3.0 11.065910467869479
-2.8 11.396665517163905
-2.5999999999999996 11.757329246801707
-2.3999999999999995 12.161921608079895
-2.1999999999999993 12.632267664994535
-2.0 13.192857747170308
-1.7999999999999998 13.868727879670718
-1.5999999999999996 14.687762309107804
-1.3999999999999995 15.683661007066672
-1.1999999999999993 16.893837268473828
-1.0 18.35267980836682
-0.7999999999999998 20.089222583912914
-0.5999999999999996 22.135361069953028
-0.39999999999999947 24.538319829691734
-0.1999999999999993 27.36950770913889
0.0 30.725854098598912
0.20000000000000107 34.704275228541434
0.40000000000000036 39.32673071784305
0.5999999999999996 44.45239187771519
0.8000000000000007 49.77139136864816
1.0 54.91510774741589
1.200000000000001 59.592610642883486
1.4000000000000004 63.64742142428562
1.6000000000000014 67.0309425456569
1.8000000000000007 69.7554439078437
2.0 71.86741419159708
2.200000000000001 73.43954910281354
2.4000000000000004 74.56430846871262
2.6000000000000014 75.34124338448545
2.8000000000000007 75.86279418022251
3.0 76.20517341515178
3.200000000000001 76.42592218291277
3.4000000000000004 76.56592513117846
3.6000000000000014 76.65315395047858
3.8000000000000007 76.70639033626979
4.0 76.73816169338221
Result sigma optimization:  -4.199999999999999 9.984577201591751
E_max_2 =  700
Cutoff Radius =  6.0
Selected Radial Transform =  2.0
factor =  1.0
displacement =  0.0
dataset =  datasets/random-ch4-10k.extxyz
n_train =  1500
n_test =  2000
Train RMSE: 3.517520968739091 [Train MAE: 2.7475538253043976]
Test RMSE: 10.165878780929361 [Test MAE: 6.072397817797962]
FINISHED at Tue Jan 10 09:40:03 CET 2023
