STARTING AT Tue Jan 10 10:08:45 CET 2023
Random seed: 1000
6 14
Reading dataset
Shuffling and extracting from dataset (length: 105092)
Shuffling and extraction done
Calculating power spectrum
Expansion coefficients done
Computing training kernel
     Calculating kernels for center species 79
     Calculating kernels for center species 79
Beginning first index add...
Beginning second index add...
Training kernel done
Computing test kernel
     Calculating kernels for center species 79
     Calculating kernels for center species 79
Beginning first index add...
Beginning second index add...
Test kernel done
Calculating composition features
Composition features done
-8.0 162.27440435262727
-7.8 162.68514153253255
-7.6 163.03525716414657
-7.4 163.47831849143523
-7.2 164.28222145636207
-7.0 165.95351543865215
-6.8 169.3968253876573
-6.6 175.99577952532428
-6.4 187.3745176673048
-6.2 204.68377540773275
-6.0 227.7342418488137
-5.8 254.66483617139303
-5.6 282.49170663545596
-5.4 308.2305187120916
-5.199999999999999 329.90438897882433
-5.0 346.8781489414552
-4.8 359.5223212221135
-4.6 368.64521662439086
-4.4 375.0822244480803
-4.199999999999999 379.534648872723
-4.0 382.55453793166026
-3.8 384.56765970336846
-3.5999999999999996 385.8961018672778
-3.3999999999999995 386.7812306900136
-3.1999999999999993 387.41364028373056
-3.0 387.97795662016705
-2.8 388.73014638192
-2.5999999999999996 390.1448288282292
-2.3999999999999995 393.19204422103707
-2.1999999999999993 399.7818109961027
-2.0 413.2148606902037
-1.7999999999999998 437.95471476488785
-1.5999999999999996 477.689827372753
-1.3999999999999995 532.0818372853095
-1.1999999999999993 595.2884413795902
-1.0 658.4795887724118
-0.7999999999999998 714.1218320990928
-0.5999999999999996 758.4450041997449
-0.39999999999999947 791.208819282158
-0.1999999999999993 814.1732800165576
0.0 829.6926284098681
0.20000000000000107 839.9282664872446
0.40000000000000036 846.5722463990041
0.5999999999999996 850.8405399197649
0.8000000000000007 853.5643684503199
1.0 855.2949589454537
1.200000000000001 856.3910320027841
1.4000000000000004 857.083231259447
1.6000000000000014 857.5186237088521
1.8000000000000007 857.7903392789202
2.0 857.9568953798299
2.200000000000001 858.0546644349669
2.4000000000000004 858.1059540272786
2.6000000000000014 858.1244235958027
2.8000000000000007 858.1189688348966
3.0 858.096583668039
3.200000000000001 858.06405105315
3.4000000000000004 858.0280923377903
3.6000000000000014 857.9942988654814
3.8000000000000007 857.9660551728778
4.0 857.9444228139629
Result sigma optimization:  -8.0 162.27440435262727
E_max_2 =  400
Cutoff Radius =  6.0
Selected Radial Transform =  2.0
factor =  2.0
displacement =  0.0
dataset =  datasets/gold.xyz
n_train =  1500
n_test =  2000
Train RMSE: 161.03147280762687 [Train MAE: 133.45571389680683]
Test RMSE: 169.08674903844212 [Test MAE: 139.82762756374325]
FINISHED at Tue Jan 10 10:10:02 CET 2023
