STARTING AT Tue Jan 10 10:08:10 CET 2023
Random seed: 1000
7 16
Reading dataset
Shuffling and extracting from dataset (length: 105092)
Shuffling and extraction done
Calculating power spectrum
Expansion coefficients done
Computing training kernel
     Calculating kernels for center species 79
     Calculating kernels for center species 79
Beginning first index add...
Beginning second index add...
Training kernel done
Computing test kernel
     Calculating kernels for center species 79
     Calculating kernels for center species 79
Beginning first index add...
Beginning second index add...
Test kernel done
Calculating composition features
Composition features done
-8.0 113.70611012989852
-7.8 114.1298325131472
-7.6 114.59190674855752
-7.4 115.12423893013373
-7.2 115.76387650320645
-7.0 116.5387628382706
-6.8 117.44925223793481
-6.6 118.45827543015444
-6.4 119.50312546548318
-6.2 120.52962922819853
-6.0 121.53543889624096
-5.8 122.60624486479176
-5.6 123.92919804071946
-5.4 125.76755887793195
-5.199999999999999 128.40302602722514
-5.0 132.10273770777383
-4.8 137.15613882360577
-4.6 143.88870951837364
-4.4 152.47907484617724
-4.199999999999999 162.62145131153218
-4.0 173.40420620299219
-3.8 183.66078899365752
-3.5999999999999996 192.51468100815768
-3.3999999999999995 199.67880966289994
-3.1999999999999993 205.43329404925285
-3.0 210.477142308441
-2.8 215.79435559585394
-2.5999999999999996 222.50726444152278
-2.3999999999999995 231.60542366006183
-2.1999999999999993 243.54964197037435
-2.0 258.0266633222618
-1.7999999999999998 274.17370303841204
-1.5999999999999996 291.10188087618997
-1.3999999999999995 308.16121279351216
-1.1999999999999993 324.80931655260724
-1.0 340.4941514671538
-0.7999999999999998 354.7439541780827
-0.5999999999999996 367.2527799761175
-0.39999999999999947 377.9032141063042
-0.1999999999999993 386.8829318496884
0.0 394.9275320292462
0.20000000000000107 403.63786413178997
0.40000000000000036 415.8472483134161
0.5999999999999996 435.74771887124535
0.8000000000000007 467.9034372274075
1.0 514.5366386669916
1.200000000000001 572.7877026955864
1.4000000000000004 635.1800079725995
1.6000000000000014 693.4016975646775
1.8000000000000007 741.922328349083
2.0 778.9976139279772
2.200000000000001 805.5946298396116
2.4000000000000004 823.85281705952
2.6000000000000014 836.0181472171048
2.8000000000000007 843.9638114874405
3.0 849.0839402280175
3.200000000000001 852.3515216000847
3.4000000000000004 854.420530206065
3.6000000000000014 855.7213331529296
3.8000000000000007 856.5342382492536
4.0 857.0406735481946
Result sigma optimization:  -8.0 113.70611012989852
E_max_2 =  500
Cutoff Radius =  6.0
Selected Radial Transform =  2.0
factor =  1.3
displacement =  0.0
dataset =  datasets/gold.xyz
n_train =  1500
n_test =  2000
Train RMSE: 106.67657794017747 [Train MAE: 82.69778923306494]
Test RMSE: 114.78410097734007 [Test MAE: 86.54070951899217]
FINISHED at Tue Jan 10 10:09:12 CET 2023
