STARTING AT Tue Jan 10 09:34:04 CET 2023
Random seed: 1000
7 16
Reading dataset
Shuffling and extracting from dataset (length: 10000)
Shuffling and extraction done
Calculating power spectrum
Expansion coefficients done
Computing training kernel
     Calculating kernels for center species 1
     Calculating kernels for center species 1
Beginning first index add...
Beginning second index add...
     Calculating kernels for center species 6
     Calculating kernels for center species 6
Beginning first index add...
Beginning second index add...
Training kernel done
Computing test kernel
     Calculating kernels for center species 1
     Calculating kernels for center species 1
Beginning first index add...
Beginning second index add...
     Calculating kernels for center species 6
     Calculating kernels for center species 6
Beginning first index add...
Beginning second index add...
Test kernel done
Calculating composition features
Composition features done
-8.0 22.725152047883302
-7.8 21.462158830011575
-7.6 20.132349102682333
-7.4 18.68775632324835
-7.2 17.169303304990123
-7.0 15.671945603735146
-6.8 14.293957737300916
-6.6 13.103636735778071
-6.4 12.131168087128538
-6.2 11.376253463296075
-6.0 10.820453062284722
-5.8 10.437100603245176
-5.6 10.196969327827153
-5.4 10.071129755106405
-5.199999999999999 10.032438036313629
-5.0 10.05687405567434
-4.8 10.125741616449785
-4.6 10.227902946199297
-4.4 10.359743357811062
-4.199999999999999 10.522168854832843
-4.0 10.716686961052968
-3.8 10.94364511404095
-3.5999999999999996 11.204785297078287
-3.3999999999999995 11.509481172460555
-3.1999999999999993 11.880591057696751
-3.0 12.355747907795703
-2.8 12.984014486220143
-2.5999999999999996 13.81994944014193
-2.3999999999999995 14.914186686645456
-2.1999999999999993 16.29827097482848
-2.0 17.96728541631156
-1.7999999999999998 19.872293356648832
-1.5999999999999996 21.936184674650622
-1.3999999999999995 24.096813373668496
-1.1999999999999993 26.362903897048856
-1.0 28.847561977374713
-0.7999999999999998 31.737015836814514
-0.5999999999999996 35.19008051862761
-0.39999999999999947 39.24251626546542
-0.1999999999999993 43.79636169290895
0.0 48.665783471477624
0.20000000000000107 53.60829099498753
0.40000000000000036 58.34771018453393
0.5999999999999996 62.62695190608414
0.8000000000000007 66.2723784425156
1.0 69.22063841326357
1.200000000000001 71.49887484457274
1.4000000000000004 73.18842315682
1.6000000000000014 74.39514870665381
1.8000000000000007 75.22889516628544
2.0 75.78926736237504
2.200000000000001 76.1577039382124
2.4000000000000004 76.39565475227785
2.6000000000000014 76.54686222050614
2.8000000000000007 76.64130459789912
3.0 76.69912442921084
3.200000000000001 76.73375828465471
3.4000000000000004 76.75410080308073
3.6000000000000014 76.76590626212821
3.8000000000000007 76.772748655864
4.0 76.77674817929123
Result sigma optimization:  -5.199999999999999 10.032438036313629
E_max_2 =  500
Cutoff Radius =  6.0
Selected Radial Transform =  2.0
factor =  1.2
displacement =  0.0
dataset =  datasets/random-ch4-10k.extxyz
n_train =  1500
n_test =  2000
Train RMSE: 4.427213685602042 [Train MAE: 3.4860646896620917]
Test RMSE: 10.554336848026761 [Test MAE: 6.050827913488866]
FINISHED at Tue Jan 10 09:44:56 CET 2023
