STARTING AT Tue Jan 10 10:45:25 CET 2023
Random seed: 1000
8 20
Reading dataset
Shuffling and extracting from dataset (length: 133885)
Shuffling and extraction done
Calculating power spectrum
Expansion coefficients done
Computing training kernel
     Calculating kernels for center species 1
     Calculating kernels for center species 1
Beginning first index add...
Beginning second index add...
     Calculating kernels for center species 6
     Calculating kernels for center species 6
Beginning first index add...
Beginning second index add...
     Calculating kernels for center species 7
     Calculating kernels for center species 7
Beginning first index add...
Beginning second index add...
     Calculating kernels for center species 8
     Calculating kernels for center species 8
Beginning first index add...
Beginning second index add...
     Calculating kernels for center species 9
     Calculating kernels for center species 9
Beginning first index add...
Beginning second index add...
Training kernel done
Computing test kernel
     Calculating kernels for center species 1
     Calculating kernels for center species 1
Beginning first index add...
Beginning second index add...
     Calculating kernels for center species 6
     Calculating kernels for center species 6
Beginning first index add...
Beginning second index add...
     Calculating kernels for center species 7
     Calculating kernels for center species 7
Beginning first index add...
Beginning second index add...
     Calculating kernels for center species 8
     Calculating kernels for center species 8
Beginning first index add...
Beginning second index add...
     Calculating kernels for center species 9
     Calculating kernels for center species 9
Beginning first index add...
Beginning second index add...
Test kernel done
Calculating composition features
Composition features done
-8.0 2.562877574875643
-7.8 2.56287756308701
-7.6 2.5628775443719762
-7.4 2.562877514712731
-7.2 2.5628774677036468
-7.0 2.5628773931079536
-6.8 2.562877274909646
-6.6 2.5628770874603095
-6.4 2.5628767900730938
-6.2 2.5628763180052654
-6.0 2.562875567926989
-5.8 2.5628743747164555
-5.6 2.562872472039601
-5.4 2.562869427798056
-5.199999999999999 2.562864531351028
-5.0 2.562859480068233
-4.8 2.5628517535602318
-4.6 2.5628415854430857
-4.4 2.562824754590142
-4.199999999999999 2.562830297831953
-4.0 2.5628914941324523
-3.8 2.5630454725905683
-3.5999999999999996 2.563518761373809
-3.3999999999999995 2.564768985582924
-3.1999999999999993 2.568020274961531
-3.0 2.5753168872658327
-2.8 2.5875802308934617
-2.5999999999999996 2.6082956030614115
-2.3999999999999995 2.642837067906073
-2.1999999999999993 2.693535181059906
-2.0 2.763856826758781
-1.7999999999999998 2.8567107969059715
-1.5999999999999996 2.974062372865264
-1.3999999999999995 3.1094988720693992
-1.1999999999999993 3.260660478845418
-1.0 3.4505893242126877
-0.7999999999999998 3.682392808153937
-0.5999999999999996 3.946244553869629
-0.39999999999999947 4.256368218642726
-0.1999999999999993 4.6388339119624655
0.0 5.105311480103676
0.20000000000000107 5.685194337685513
0.40000000000000036 6.425649506080874
0.5999999999999996 7.3234026083628025
0.8000000000000007 8.370968574551823
1.0 9.531243256368217
1.200000000000001 10.74996312226303
1.4000000000000004 12.001462674932794
1.6000000000000014 13.250989149395417
1.8000000000000007 14.488306657264705
2.0 15.700159239439435
2.200000000000001 16.83418191429934
2.4000000000000004 17.838950053592214
2.6000000000000014 18.652505862390395
2.8000000000000007 19.293708627110284
3.0 19.773071051857784
3.200000000000001 20.11850822045855
3.4000000000000004 20.361607442354853
3.6000000000000014 20.528679587661927
3.8000000000000007 20.642522070884638
4.0 20.719711404885956
Result sigma optimization:  -4.4 2.562824754590142
E_max_2 =  700
Cutoff Radius =  6.0
Selected Radial Transform =  2.0
factor =  1.0
displacement =  0.0
dataset =  datasets/qm9.xyz
n_train =  1500
n_test =  2000
Train RMSE: 0.014350708286645754 [Train MAE: 0.010817162353551419]
Test RMSE: 3.4523979452269407 [Test MAE: 2.3098883491174265]
FINISHED at Tue Jan 10 10:47:08 CET 2023
