STARTING AT Thu Jan 12 20:39:50 CET 2023
Random seed: 1000
8 20
Reading dataset
Shuffling and extracting from dataset (length: 105092)
Shuffling and extraction done
Calculating power spectrum
Expansion coefficients done
Computing training kernel
     Calculating kernels for center species 79
     Calculating kernels for center species 79
Beginning first index add...
Beginning second index add...
Training kernel done
Computing test kernel
     Calculating kernels for center species 79
     Calculating kernels for center species 79
Beginning first index add...
Beginning second index add...
Test kernel done
Calculating composition features
Composition features done
-8.0 279597.48426249105
-7.8 135292.12769645546
-7.6 288297.7267698207
-7.4 54609.95802810667
-7.2 32025.729575946836
-7.0 31846.295892708957
-6.8 12769.32487456663
-6.6 13992.342002239979
-6.4 416877.94064509316
-6.2 9972.700738571919
-6.0 166.11564783830542
-5.8 144.57503857114247
-5.6 140.18560414848918
-5.4 138.23590183437523
-5.199999999999999 138.18144509908242
-5.0 138.33273145493226
-4.8 138.86826318675983
-4.6 139.63247789471757
-4.4 140.50895334008894
-4.199999999999999 141.601208642167
-4.0 142.73710959306698
-3.8 143.97238645055313
-3.5999999999999996 145.36313342170482
-3.3999999999999995 147.0078294387545
-3.1999999999999993 148.94295543819482
-3.0 151.13437558494442
-2.8 153.48183669783776
-2.5999999999999996 155.87476650990317
-2.3999999999999995 158.23843573611683
-2.1999999999999993 160.550575005412
-2.0 162.81193673313786
-1.7999999999999998 165.0295363431035
-1.5999999999999996 167.2256604630151
-1.3999999999999995 169.46860874493322
-1.1999999999999993 171.87084760044883
-1.0 174.55004959637117
-0.7999999999999998 177.58410036346004
-0.5999999999999996 181.0022649838879
-0.39999999999999947 184.8001347138387
-0.1999999999999993 188.93675339404024
0.0 193.32196520187128
0.20000000000000107 197.85037964636152
0.40000000000000036 202.48221532745188
0.5999999999999996 207.2910404230696
0.8000000000000007 212.4253141673832
1.0 218.02786999458974
1.200000000000001 224.1880301558227
1.4000000000000004 230.92581734425255
1.6000000000000014 238.1614785955024
1.8000000000000007 245.70056355219532
2.0 253.30013888452257
2.200000000000001 260.7767049406097
2.4000000000000004 268.0567965967983
2.6000000000000014 275.1494082585054
2.8000000000000007 282.1049497037664
3.0 289.0141486928482
3.200000000000001 296.0170595961423
3.4000000000000004 303.256621102857
3.6000000000000014 310.79006372235557
3.8000000000000007 318.5488704458209
4.0 326.390921449534
Result sigma optimization:  -5.199999999999999 138.18144509908242
E_max_2 =  700
Cutoff Radius =  6.0
Selected Radial Transform =  17.0
factor =  0.1
displacement =  0.0
dataset =  datasets/gold.xyz
n_train =  10000
n_test =  2000
Train RMSE: 113.07339401058985 [Train MAE: 72.64077568025589]
Test RMSE: 132.55792085512815 [Test MAE: 80.6044839901924]
FINISHED at Thu Jan 12 20:47:17 CET 2023
