STARTING AT Thu Jan 12 20:50:54 CET 2023
Random seed: 1000
5 11
Reading dataset
Shuffling and extracting from dataset (length: 105092)
Shuffling and extraction done
Calculating power spectrum
Expansion coefficients done
Computing training kernel
     Calculating kernels for center species 79
     Calculating kernels for center species 79
Beginning first index add...
Beginning second index add...
Training kernel done
Computing test kernel
     Calculating kernels for center species 79
     Calculating kernels for center species 79
Beginning first index add...
Beginning second index add...
Test kernel done
Calculating composition features
Composition features done
-8.0 76.73169800902461
-7.8 77.58350436379382
-7.6 78.43470173621202
-7.4 79.25863426392097
-7.2 80.02984239632094
-7.0 80.73840112469048
-6.8 81.40033992007929
-6.6 82.05465094385448
-6.4 82.7481603159536
-6.2 83.51788459255982
-6.0 84.38054392667861
-5.8 85.33296876448918
-5.6 86.36116210938881
-5.4 87.45369561006449
-5.199999999999999 88.6131210460669
-5.0 89.86035783085192
-4.8 91.23729104495145
-4.6 92.81461256274358
-4.4 94.69402575470833
-4.199999999999999 96.98668836393949
-4.0 99.77399356415675
-3.8 103.07858798956497
-3.5999999999999996 106.862014422778
-3.3999999999999995 111.03973948409657
-3.1999999999999993 115.49433213691938
-3.0 120.08573837217031
-2.8 124.68033471454429
-2.5999999999999996 129.21005997884893
-2.3999999999999995 133.73517856289732
-2.1999999999999993 138.45038353337648
-2.0 143.58945122259598
-1.7999999999999998 149.28411748510132
-1.5999999999999996 155.54585959518198
-1.3999999999999995 162.4681821884698
-1.1999999999999993 170.47936230540265
-1.0 180.31899030381885
-0.7999999999999998 192.58414620452777
-0.5999999999999996 207.14926411177404
-0.39999999999999947 223.08972809765044
-0.1999999999999993 239.32230438568936
0.0 255.39200368962418
0.20000000000000107 271.7335162991101
0.40000000000000036 289.31163502894776
0.5999999999999996 309.0546790755677
0.8000000000000007 331.5134186642402
1.0 356.7433305771964
1.200000000000001 384.1358761078304
1.4000000000000004 412.3421985947196
1.6000000000000014 439.8420241066032
1.8000000000000007 466.1358094743839
2.0 492.6892690157226
2.200000000000001 522.7462820339958
2.4000000000000004 559.6167768484371
2.6000000000000014 604.0380003831452
2.8000000000000007 652.7731341422474
3.0 700.199374365587
3.200000000000001 741.458603304504
3.4000000000000004 774.3503169251329
3.6000000000000014 799.1548752525998
3.8000000000000007 817.4414337809197
4.0 830.953505570689
Result sigma optimization:  -8.0 76.73169800902461
E_max_2 =  300
Cutoff Radius =  6.0
Selected Radial Transform =  18.0
factor =  0.7
displacement =  0.0
dataset =  datasets/gold.xyz
n_train =  10000
n_test =  2000
Train RMSE: 73.71849720156922 [Train MAE: 51.6159321978569]
Test RMSE: 80.37365717661812 [Test MAE: 54.517366164445875]
FINISHED at Thu Jan 12 20:59:24 CET 2023
