STARTING AT Thu Jan 12 22:05:51 CET 2023
Random seed: 1000
8 20
Reading dataset
Shuffling and extracting from dataset (length: 133885)
Shuffling and extraction done
Calculating power spectrum
Expansion coefficients done
Computing training kernel
     Calculating kernels for center species 1
     Calculating kernels for center species 1
Beginning first index add...
Beginning second index add...
     Calculating kernels for center species 6
     Calculating kernels for center species 6
Beginning first index add...
Beginning second index add...
     Calculating kernels for center species 7
     Calculating kernels for center species 7
Beginning first index add...
Beginning second index add...
     Calculating kernels for center species 8
     Calculating kernels for center species 8
Beginning first index add...
Beginning second index add...
     Calculating kernels for center species 9
     Calculating kernels for center species 9
Beginning first index add...
Beginning second index add...
Training kernel done
Computing test kernel
     Calculating kernels for center species 1
     Calculating kernels for center species 1
Beginning first index add...
Beginning second index add...
     Calculating kernels for center species 6
     Calculating kernels for center species 6
Beginning first index add...
Beginning second index add...
     Calculating kernels for center species 7
     Calculating kernels for center species 7
Beginning first index add...
Beginning second index add...
     Calculating kernels for center species 8
     Calculating kernels for center species 8
Beginning first index add...
Beginning second index add...
     Calculating kernels for center species 9
     Calculating kernels for center species 9
Beginning first index add...
Beginning second index add...
Test kernel done
Calculating composition features
Composition features done
-8.0 0.6569053435057918
-7.8 0.656905625668919
-7.6 0.6569060336527902
-7.4 0.6569068006970774
-7.2 0.6569086660798766
-7.0 0.6569113954254433
-6.8 0.6569139063390395
-6.6 0.6569146736010991
-6.4 0.6569110016339866
-6.2 0.6568970294255585
-6.0 0.6568672829610361
-5.8 0.6568153822126296
-5.6 0.6567335096535942
-5.4 0.6566111195581922
-5.199999999999999 0.656437607586696
-5.0 0.6562091158607669
-4.8 0.6559168286848625
-4.6 0.6555903156900851
-4.4 0.6552779185663461
-4.199999999999999 0.655072276826706
-4.0 0.6551672428426613
-3.8 0.6558592669006251
-3.5999999999999996 0.6575603298802613
-3.3999999999999995 0.6607784471998173
-3.1999999999999993 0.6664543854468409
-3.0 0.6754225337966847
-2.8 0.6889049199099434
-2.5999999999999996 0.7078289737011728
-2.3999999999999995 0.7333084619332245
-2.1999999999999993 0.766439294585769
-2.0 0.808513985744186
-1.7999999999999998 0.8611024808840226
-1.5999999999999996 0.9250291040494513
-1.3999999999999995 1.0029158550783563
-1.1999999999999993 1.0972013819602033
-1.0 1.2103297384364768
-0.7999999999999998 1.347339528918209
-0.5999999999999996 1.510497358230554
-0.39999999999999947 1.6971524965154796
-0.1999999999999993 1.9089559654042116
0.0 2.145163565875007
0.20000000000000107 2.4123593482222905
0.40000000000000036 2.7194376896805794
0.5999999999999996 3.0703378343262506
0.8000000000000007 3.4730895548208807
1.0 3.9382737962524175
1.200000000000001 4.476678873014924
1.4000000000000004 5.115882823816577
1.6000000000000014 5.873461305492117
1.8000000000000007 6.7601230453216195
2.0 7.789814456222751
2.200000000000001 8.941151353530046
2.4000000000000004 10.1728219147578
2.6000000000000014 11.452052009371448
2.8000000000000007 12.752699633041122
3.0 14.04376906890437
3.200000000000001 15.293662775087796
3.4000000000000004 16.437736703506527
3.6000000000000014 17.414707913606403
3.8000000000000007 18.202350957500492
4.0 18.80781928697223
Result sigma optimization:  -4.199999999999999 0.655072276826706
E_max_2 =  700
Cutoff Radius =  6.0
Selected Radial Transform =  22.0
factor =  1.0
displacement =  0.0
dataset =  datasets/qm9.xyz
n_train =  10000
n_test =  2000
Train RMSE: 0.02598494457769723 [Train MAE: 0.019247133602375833]
Test RMSE: 1.1231377233920283 [Test MAE: 0.6308962253410391]
FINISHED at Thu Jan 12 22:41:45 CET 2023
