STARTING AT Fri Nov 18 15:00:43 CET 2022
Cutoff Radius =  4.5
Selected Radial Transform =  5.0
factor =  1.8
dataset =  datasets/random-ch4-10k.extxyz
n_train =  1000
n_test =  1000
displacement =  0.4
Random seed: 1000
6 14
Reading dataset
Shuffling and extracting from dataset (length: 10000)
Shuffling and extraction done
Calculating power spectrum
Expansion coefficients done
Computing training kernel
     Calculating kernels for center species 1
     Calculating kernels for center species 6
Training kernel done
Computing test kernel
     Calculating kernels for center species 1
     Calculating kernels for center species 6
Test kernel done
Calculating composition features
Composition features done
-8.0 294.95068655624453
-7.8 247.37923922593018
-7.6 217.27113763682465
-7.4 188.6037062202119
-7.2 166.86189499103742
-7.0 153.18870715558637
-6.8 138.50935054175946
-6.6 129.80782008896844
-6.4 122.43894116048212
-6.2 112.40276554927374
-6.0 103.18212008991674
-5.8 93.36537684682689
-5.6 82.14538393338057
-5.4 71.03872832388683
-5.199999999999999 60.713074876318856
-5.0 51.586671531389776
-4.8 43.813801425036154
-4.6 37.54570657253969
-4.4 32.82052074588778
-4.199999999999999 29.486516052362816
-4.0 27.360396290190135
-3.8 26.238355825132224
-3.5999999999999996 25.83718795167152
-3.3999999999999995 25.878177643045117
-3.1999999999999993 26.13961463229709
-3.0 26.500379050944726
-2.8 26.931377204387452
-2.5999999999999996 27.4639815258094
-2.3999999999999995 28.149650933115492
-2.1999999999999993 29.03426679696768
-2.0 30.149445087140492
-1.7999999999999998 31.519372267305705
-1.5999999999999996 33.163971179202896
-1.3999999999999995 35.08599391138863
-1.1999999999999993 37.250534811597
-1.0 39.58576192111249
-0.7999999999999998 42.01799986315389
-0.5999999999999996 44.51546149934874
-0.39999999999999947 47.11033508557331
-0.1999999999999993 49.88539130471966
0.0 52.92198444408524
0.20000000000000107 56.22652426791114
0.40000000000000036 59.678530739705714
0.5999999999999996 63.04372490581438
0.8000000000000007 66.0597863681075
1.0 68.54282283725992
1.200000000000001 70.43958847835498
1.4000000000000004 71.8049895985648
1.6000000000000014 72.74599366116323
1.8000000000000007 73.37515289592247
2.0 73.7873276298173
2.200000000000001 74.05374674012113
2.4000000000000004 74.22446067503623
2.6000000000000014 74.33323596312755
2.8000000000000007 74.40229625152708
3.0 74.44604380019129
3.200000000000001 74.47371642062721
3.4000000000000004 74.49120354947958
3.6000000000000014 74.5022468201463
3.8000000000000007 74.50922090587177
4.0 74.51362123799916
Result sigma optimization:  -3.5999999999999996 25.83718795167152
Train RMSE: 17.8359432220459 [MAE: 10.947153091430664]
Test RMSE: 22.143199920654297 [MAE: 16.036821365356445]
FINISHED at Fri Nov 18 15:11:42 CET 2022
