STARTING AT Wed Nov 23 09:40:51 CET 2022
Random seed: 1000
6 14
Reading dataset
Shuffling and extracting from dataset (length: 10000)
Shuffling and extraction done
Calculating power spectrum
Expansion coefficients done
Computing training kernel
     Calculating kernels for center species 1
     Calculating kernels for center species 6
Training kernel done
Computing test kernel
     Calculating kernels for center species 1
     Calculating kernels for center species 6
Test kernel done
Calculating composition features
Composition features done
-8.0 47.328796813488715
-7.8 41.669400212416065
-7.6 37.14540364188751
-7.4 33.45559066695729
-7.2 30.413559116371104
-7.0 27.880187297613336
-6.8 25.793617488150048
-6.6 24.095318366593542
-6.4 22.740174990394205
-6.2 21.694056015559884
-6.0 20.940956850825252
-5.8 20.48349335440613
-5.6 20.331376709565195
-5.4 20.488106782503113
-5.199999999999999 20.937346781155796
-5.0 21.64282172966074
-4.8 22.561672076222543
-4.6 23.66239649343447
-4.4 24.936253884906208
-4.199999999999999 26.399105246437806
-4.0 28.087651173380447
-3.8 30.054565740915304
-3.5999999999999996 32.36330676862301
-3.3999999999999995 35.08005359397631
-3.1999999999999993 38.25868365482535
-3.0 41.915610531757736
-2.8 46.00143425073831
-2.5999999999999996 50.38272878055535
-2.3999999999999995 54.84099886262102
-2.1999999999999993 59.10114621879173
-2.0 62.89904485562559
-1.7999999999999998 66.05904035406509
-1.5999999999999996 68.53140566557788
-1.3999999999999995 70.37315073058758
-1.1999999999999993 71.6975827695746
-1.0 72.62719080172384
-0.7999999999999998 73.26769261584536
-0.5999999999999996 73.7015686315427
-0.39999999999999947 73.9906962056717
-0.1999999999999993 74.18054137541732
0.0 74.30370784826286
0.20000000000000107 74.38289537924697
0.40000000000000036 74.43348267916798
0.5999999999999996 74.46565840204462
0.8000000000000007 74.48606623053738
1.0 74.49898426320992
1.200000000000001 74.50715338979204
1.4000000000000004 74.51231483788435
1.6000000000000014 74.51557450459602
1.8000000000000007 74.51763172229778
2.0 74.51892859368014
2.200000000000001 74.51974885055638
2.4000000000000004 74.52026632903294
2.6000000000000014 74.52059404956458
2.8000000000000007 74.52079701331702
3.0 74.52092701047135
3.200000000000001 74.52100983112078
3.4000000000000004 74.5210614105167
3.6000000000000014 74.52109390971123
3.8000000000000007 74.52111466725387
4.0 74.52112829594034
Result sigma optimization:  -5.6 20.331376709565195
Cutoff Radius =  6.0
Selected Radial Transform =  1.0
factor =  3.0
displacement =  0.0
dataset =  datasets/random-ch4-10k.extxyz
n_train =  1000
n_test =  1000
Train RMSE: 11.599370002746582 [MAE: 7.348867416381836]
Test RMSE: 17.89694595336914 [MAE: 12.215765953063965]
FINISHED at Wed Nov 23 09:59:29 CET 2022
