STARTING AT Wed Nov 23 09:49:16 CET 2022
Random seed: 1000
6 14
Reading dataset
Shuffling and extracting from dataset (length: 10000)
Shuffling and extraction done
Calculating power spectrum
Expansion coefficients done
Computing training kernel
     Calculating kernels for center species 1
     Calculating kernels for center species 6
Training kernel done
Computing test kernel
     Calculating kernels for center species 1
     Calculating kernels for center species 6
Test kernel done
Calculating composition features
Composition features done
-8.0 12.686714646259883
-7.8 12.687131460164666
-7.6 12.68120595113099
-7.4 12.679009320280114
-7.2 12.675934672607726
-7.0 12.663846100094355
-6.8 12.653490189068142
-6.6 12.63952674076323
-6.4 12.62248888238518
-6.2 12.595749046522352
-6.0 12.56402552149141
-5.8 12.529177723761194
-5.6 12.49567259078493
-5.4 12.464846986641698
-5.199999999999999 12.445283878655099
-5.0 12.442824551222282
-4.8 12.46955019753745
-4.6 12.543455139860912
-4.4 12.69101252178584
-4.199999999999999 12.947758463098932
-4.0 13.354107221656564
-3.8 13.950269094626812
-3.5999999999999996 14.770778118652679
-3.3999999999999995 15.846122742078936
-3.1999999999999993 17.20707941607901
-3.0 18.88231522152408
-2.8 20.886743842910867
-2.5999999999999996 23.21144888573309
-2.3999999999999995 25.834554062219652
-2.1999999999999993 28.757075488042936
-2.0 32.031092926444146
-1.7999999999999998 35.73377297809455
-1.5999999999999996 39.88292192076077
-1.3999999999999995 44.36594185718365
-1.1999999999999993 48.96369892583689
-1.0 53.447848120855156
-0.7999999999999998 57.64613441073044
-0.5999999999999996 61.43143421225814
-0.39999999999999947 64.69733814076125
-0.1999999999999993 67.37485760652856
0.0 69.4619167242022
0.20000000000000107 71.02073596844798
0.40000000000000036 72.14672441455676
0.5999999999999996 72.93823114457876
0.8000000000000007 73.48142920153364
1.0 73.84633792545165
1.200000000000001 74.08711257701977
1.4000000000000004 74.24377583339898
1.6000000000000014 74.34467764238406
1.8000000000000007 74.40920473973634
2.0 74.45027451258994
2.200000000000001 74.4763336990349
2.4000000000000004 74.49283312842921
2.6000000000000014 74.50326754579291
2.8000000000000007 74.50986113428209
3.0 74.51402363817164
3.200000000000001 74.51665375941138
3.4000000000000004 74.5183117176577
3.6000000000000014 74.51935927160136
3.8000000000000007 74.5200195417312
4.0 74.52043700388505
Result sigma optimization:  -5.0 12.442824551222282
Cutoff Radius =  6.0
Selected Radial Transform =  6.0
factor =  0.7
displacement =  0.0
dataset =  datasets/random-ch4-10k.extxyz
n_train =  1000
n_test =  1000
Train RMSE: 1.4402744770050049 [MAE: 1.1019495725631714]
Test RMSE: 11.533514022827148 [MAE: 5.445712089538574]
FINISHED at Wed Nov 23 09:56:31 CET 2022
