STARTING AT Tue Jan 10 11:55:31 CET 2023
Random seed: 1000
7 18
Reading dataset
Shuffling and extracting from dataset (length: 133885)
Shuffling and extraction done
Calculating power spectrum
Expansion coefficients done
Computing training kernel
     Calculating kernels for center species 1
     Calculating kernels for center species 1
Beginning first index add...
Beginning second index add...
     Calculating kernels for center species 6
     Calculating kernels for center species 6
Beginning first index add...
Beginning second index add...
     Calculating kernels for center species 7
     Calculating kernels for center species 7
Beginning first index add...
Beginning second index add...
     Calculating kernels for center species 8
     Calculating kernels for center species 8
Beginning first index add...
Beginning second index add...
     Calculating kernels for center species 9
     Calculating kernels for center species 9
Beginning first index add...
Beginning second index add...
Training kernel done
Computing test kernel
     Calculating kernels for center species 1
     Calculating kernels for center species 1
Beginning first index add...
Beginning second index add...
     Calculating kernels for center species 6
     Calculating kernels for center species 6
Beginning first index add...
Beginning second index add...
     Calculating kernels for center species 7
     Calculating kernels for center species 7
Beginning first index add...
Beginning second index add...
     Calculating kernels for center species 8
     Calculating kernels for center species 8
Beginning first index add...
Beginning second index add...
     Calculating kernels for center species 9
     Calculating kernels for center species 9
Beginning first index add...
Beginning second index add...
Test kernel done
Calculating composition features
Composition features done
-8.0 1.4532436427712019
-7.8 1.4333527281921925
-7.6 1.4141605366352814
-7.4 1.3994958201991612
-7.2 1.392106786060256
-7.0 1.391060981337847
-6.8 1.396760378840867
-6.6 1.4091402228012957
-6.4 1.4260764596059088
-6.2 1.4465804138553722
-6.0 1.4702213369289456
-5.8 1.4980769920061503
-5.6 1.528367883911582
-5.4 1.566661846500203
-5.199999999999999 1.6112871111441274
-5.0 1.6622707442480242
-4.8 1.7203271416302233
-4.6 1.784936652559867
-4.4 1.8599866929316413
-4.199999999999999 1.9421194261388954
-4.0 2.031101669903255
-3.8 2.136656849444109
-3.5999999999999996 2.2662060549939413
-3.3999999999999995 2.424427017160393
-3.1999999999999993 2.620375356452001
-3.0 2.856871838105726
-2.8 3.146378807558416
-2.5999999999999996 3.4949535906385947
-2.3999999999999995 3.9139858324067256
-2.1999999999999993 4.3931348414699025
-2.0 4.917749887513437
-1.7999999999999998 5.477269701697579
-1.5999999999999996 6.068853185484418
-1.3999999999999995 6.728091663740328
-1.1999999999999993 7.475392796251548
-1.0 8.348362664958898
-0.7999999999999998 9.333609108211578
-0.5999999999999996 10.413660527299522
-0.39999999999999947 11.566428320557733
-0.1999999999999993 12.779158838308284
0.0 14.001478237536917
0.20000000000000107 15.176004406422996
0.40000000000000036 16.253932664334048
0.5999999999999996 17.213774412091254
0.8000000000000007 18.03785909560538
1.0 18.73195806939928
1.200000000000001 19.304891964905657
1.4000000000000004 19.751945595440667
1.6000000000000014 20.086260986587572
1.8000000000000007 20.329521053359322
2.0 20.497784048865043
2.200000000000001 20.610781636039192
2.4000000000000004 20.684393551162646
2.6000000000000014 20.73142992277454
2.8000000000000007 20.761101886775993
3.0 20.779706921754027
3.200000000000001 20.791313773679896
3.4000000000000004 20.798509050346368
3.6000000000000014 20.80287407350231
3.8000000000000007 20.805438422457918
4.0 20.806823721448957
Result sigma optimization:  -7.0 1.391060981337847
E_max_2 =  600
Cutoff Radius =  6.0
Selected Radial Transform =  14.0
factor =  2.2
displacement =  0.0
dataset =  datasets/qm9.xyz
n_train =  2000
n_test =  2000
Train RMSE: 0.617457138529047 [Train MAE: 0.46385225924848783]
Test RMSE: 2.3454167995850965 [Test MAE: 1.297567720751049]
FINISHED at Tue Jan 10 11:57:00 CET 2023
