STARTING AT Wed Jan 11 03:13:13 CET 2023
Random seed: 1000
5 11
Reading dataset
Shuffling and extracting from dataset (length: 105092)
Shuffling and extraction done
Calculating power spectrum
Expansion coefficients done
Computing training kernel
     Calculating kernels for center species 79
     Calculating kernels for center species 79
Beginning first index add...
Beginning second index add...
Training kernel done
Computing test kernel
     Calculating kernels for center species 79
     Calculating kernels for center species 79
Beginning first index add...
Beginning second index add...
Test kernel done
Calculating composition features
Composition features done
-8.0 230.4615491138637
-7.8 229.92328903674178
-7.6 228.90071829879233
-7.4 227.4517371523224
-7.2 226.2069312984411
-7.0 224.58326045357757
-6.8 222.9961152673656
-6.6 221.39816048657642
-6.4 219.64012025467818
-6.2 217.85051042776703
-6.0 216.20920959372197
-5.8 215.05191780575615
-5.6 214.81985478143523
-5.4 215.88422126450106
-5.199999999999999 218.3258664526321
-5.0 221.80456097876473
-4.8 225.698984555775
-4.6 229.38985500993303
-4.4 232.47102347008672
-4.199999999999999 234.83643932690887
-4.0 236.59606941433816
-3.8 237.9628754475461
-3.5999999999999996 239.16542862163917
-3.3999999999999995 240.40176691217295
-3.1999999999999993 241.8264775309229
-3.0 243.57402170815638
-2.8 245.7930714622006
-2.5999999999999996 248.63333856231
-2.3999999999999995 252.16873676801174
-2.1999999999999993 256.3258502585983
-2.0 260.90039037585257
-1.7999999999999998 265.65773953203313
-1.5999999999999996 270.43071121123813
-1.3999999999999995 275.13726173788774
-1.1999999999999993 279.7324723964951
-1.0 284.1798263292272
-0.7999999999999998 288.4872019844734
-0.5999999999999996 292.75614787767233
-0.39999999999999947 297.17166985626636
-0.1999999999999993 301.94092007976303
0.0 307.25914184620854
0.20000000000000107 313.32845630857
0.40000000000000036 320.3438854624321
0.5999999999999996 328.3731852675371
0.8000000000000007 337.2127747936259
1.0 346.39559666130924
1.200000000000001 355.38881922293064
1.4000000000000004 363.8148539212269
1.6000000000000014 371.54406499817736
1.8000000000000007 378.67410791892394
2.0 385.4807755990255
2.200000000000001 392.3672314330445
2.4000000000000004 399.79626617346736
2.6000000000000014 408.2312389470833
2.8000000000000007 418.10527291624805
3.0 429.73518466555265
3.200000000000001 443.1761627031772
3.4000000000000004 458.24960433280035
3.6000000000000014 474.8022162260786
3.8000000000000007 492.81191591120614
4.0 512.0722486796283
Result sigma optimization:  -5.6 214.81985478143523
E_max_2 =  300
Cutoff Radius =  6.0
Selected Radial Transform =  14.0
factor =  0.1
displacement =  0.0
dataset =  datasets/gold.xyz
n_train =  2000
n_test =  2000
Train RMSE: 158.2432020885316 [Train MAE: 107.49144970810413]
Test RMSE: 215.71485747629052 [Test MAE: 134.37454586875438]
FINISHED at Wed Jan 11 03:14:03 CET 2023
