STARTING AT Tue Jan 10 11:51:58 CET 2023
Random seed: 1000
6 14
Reading dataset
Shuffling and extracting from dataset (length: 133885)
Shuffling and extraction done
Calculating power spectrum
Expansion coefficients done
Computing training kernel
     Calculating kernels for center species 1
     Calculating kernels for center species 1
Beginning first index add...
Beginning second index add...
     Calculating kernels for center species 6
     Calculating kernels for center species 6
Beginning first index add...
Beginning second index add...
     Calculating kernels for center species 7
     Calculating kernels for center species 7
Beginning first index add...
Beginning second index add...
     Calculating kernels for center species 8
     Calculating kernels for center species 8
Beginning first index add...
Beginning second index add...
     Calculating kernels for center species 9
     Calculating kernels for center species 9
Beginning first index add...
Beginning second index add...
Training kernel done
Computing test kernel
     Calculating kernels for center species 1
     Calculating kernels for center species 1
Beginning first index add...
Beginning second index add...
     Calculating kernels for center species 6
     Calculating kernels for center species 6
Beginning first index add...
Beginning second index add...
     Calculating kernels for center species 7
     Calculating kernels for center species 7
Beginning first index add...
Beginning second index add...
     Calculating kernels for center species 8
     Calculating kernels for center species 8
Beginning first index add...
Beginning second index add...
     Calculating kernels for center species 9
     Calculating kernels for center species 9
Beginning first index add...
Beginning second index add...
Test kernel done
Calculating composition features
Composition features done
-8.0 5.73060155508857
-7.8 5.730601544756604
-7.6 5.730601528502569
-7.4 5.730601502792924
-7.2 5.7306014618586465
-7.0 5.730601397163353
-6.8 5.730601294490278
-6.6 5.730601131801461
-6.4 5.730600874027912
-6.2 5.730600465461073
-6.0 5.730599817843912
-5.8 5.73059879140856
-5.6 5.73059716478872
-5.4 5.73059458654992
-5.199999999999999 5.730590500554599
-5.0 5.73058402466491
-4.8 5.730573761157181
-4.6 5.7305574949878375
-4.4 5.730531715757657
-4.199999999999999 5.730490860299904
-4.0 5.730426113654405
-3.8 5.730323510102404
-3.5999999999999996 5.730160926381736
-3.3999999999999995 5.729903328643753
-3.1999999999999993 5.729495264872839
-3.0 5.728849032258071
-2.8 5.727826088058731
-2.5999999999999996 5.726207999164563
-2.3999999999999995 5.723656343565113
-2.1999999999999993 5.719639268958613
-2.0 5.713353273712802
-1.7999999999999998 5.703682355088196
-1.5999999999999996 5.688928652153658
-1.3999999999999995 5.66699284229721
-1.1999999999999993 5.63412991777236
-1.0 5.58698071786309
-0.7999999999999998 5.523372477863749
-0.5999999999999996 5.44437762207195
-0.39999999999999947 5.3547401130479955
-0.1999999999999993 5.254073180491935
0.0 5.148807664877082
0.20000000000000107 5.055742773425544
0.40000000000000036 4.996438101604442
0.5999999999999996 4.969934376521835
0.8000000000000007 4.973631707525268
1.0 5.00682642022549
1.200000000000001 5.080418810027244
1.4000000000000004 5.202226613965121
1.6000000000000014 5.3625648833729835
1.8000000000000007 5.572786997548375
2.0 5.838325905314383
2.200000000000001 6.160567679400549
2.4000000000000004 6.554644347215875
2.6000000000000014 6.99356552234573
2.8000000000000007 7.486463192348735
3.0 8.033591046975978
3.200000000000001 8.624177246207497
3.4000000000000004 9.262143979138042
3.6000000000000014 9.957595556220083
3.8000000000000007 10.717315240442545
4.0 11.551267645627256
Result sigma optimization:  0.5999999999999996 4.969934376521835
E_max_2 =  400
Cutoff Radius =  6.0
Selected Radial Transform =  14.0
factor =  0.2
displacement =  0.0
dataset =  datasets/qm9.xyz
n_train =  2000
n_test =  2000
Train RMSE: 2.691119481818313 [Train MAE: 1.8897530322519214]
Test RMSE: 6.697837339766589 [Test MAE: 4.585607893706055]
FINISHED at Tue Jan 10 11:54:47 CET 2023
