STARTING AT Wed Jan 11 03:17:15 CET 2023
Random seed: 1000
7 18
Reading dataset
Shuffling and extracting from dataset (length: 105092)
Shuffling and extraction done
Calculating power spectrum
Expansion coefficients done
Computing training kernel
     Calculating kernels for center species 79
     Calculating kernels for center species 79
Beginning first index add...
Beginning second index add...
Training kernel done
Computing test kernel
     Calculating kernels for center species 79
     Calculating kernels for center species 79
Beginning first index add...
Beginning second index add...
Test kernel done
Calculating composition features
Composition features done
-8.0 157.12874388239982
-7.8 157.55572491128362
-7.6 157.8717558423984
-7.4 158.136206214752
-7.2 158.44225822863564
-7.0 158.9583245483725
-6.8 160.01255250055183
-6.6 162.2253639158604
-6.4 166.65241512296805
-6.2 174.79037839517946
-6.0 188.20982972800806
-5.8 207.7627941494834
-5.6 232.8286372699578
-5.4 261.2561594338921
-5.199999999999999 290.09527286172073
-5.0 316.620380803029
-4.8 339.07828742767634
-4.6 356.8635250864507
-4.4 370.2260417247883
-4.199999999999999 379.8521304688378
-4.0 386.55252621064795
-3.8 391.08894357612263
-3.5999999999999996 394.09525087115463
-3.3999999999999995 396.0571982252913
-3.1999999999999993 397.3260493063206
-3.0 398.1474246202447
-2.8 398.6941559264132
-2.5999999999999996 399.10067184112654
-2.3999999999999995 399.505541677421
-2.1999999999999993 400.1206371502283
-2.0 401.36348194341053
-1.7999999999999998 404.11017911954656
-1.5999999999999996 410.11234277786724
-1.3999999999999995 422.45090110944216
-1.1999999999999993 445.41898157498093
-1.0 482.8158499092338
-0.7999999999999998 534.7947810631774
-0.5999999999999996 596.0929309062114
-0.39999999999999947 658.1536011344226
-0.1999999999999993 713.3461548125086
0.0 757.636899954495
0.20000000000000107 790.5488666577139
0.40000000000000036 813.7002813747637
0.5999999999999996 829.3836312973315
0.8000000000000007 839.7437982727232
1.0 846.4755775883725
1.200000000000001 850.80329033194
1.4000000000000004 853.5664904628219
1.6000000000000014 855.3230403537636
1.8000000000000007 856.4364979076017
2.0 857.1409353832227
2.200000000000001 857.5858967866102
2.4000000000000004 857.8664283463269
2.6000000000000014 858.042693901248
2.8000000000000007 858.1526088913613
3.0 858.2199030005124
3.200000000000001 858.2592380198074
3.4000000000000004 858.2794663223877
3.6000000000000014 858.285766987787
3.8000000000000007 858.2811737677048
4.0 858.2678172481333
Result sigma optimization:  -8.0 157.12874388239982
E_max_2 =  600
Cutoff Radius =  6.0
Selected Radial Transform =  14.0
factor =  2.2
displacement =  0.0
dataset =  datasets/gold.xyz
n_train =  2000
n_test =  2000
Train RMSE: 156.00076904566146 [Train MAE: 130.09555151474476]
Test RMSE: 163.59394082350312 [Test MAE: 135.1936057804823]
FINISHED at Wed Jan 11 03:18:02 CET 2023
