STARTING AT Tue Jan 10 11:53:12 CET 2023
Random seed: 1000
5 11
Reading dataset
Shuffling and extracting from dataset (length: 133885)
Shuffling and extraction done
Calculating power spectrum
Expansion coefficients done
Computing training kernel
     Calculating kernels for center species 1
     Calculating kernels for center species 1
Beginning first index add...
Beginning second index add...
     Calculating kernels for center species 6
     Calculating kernels for center species 6
Beginning first index add...
Beginning second index add...
     Calculating kernels for center species 7
     Calculating kernels for center species 7
Beginning first index add...
Beginning second index add...
     Calculating kernels for center species 8
     Calculating kernels for center species 8
Beginning first index add...
Beginning second index add...
     Calculating kernels for center species 9
     Calculating kernels for center species 9
Beginning first index add...
Beginning second index add...
Training kernel done
Computing test kernel
     Calculating kernels for center species 1
     Calculating kernels for center species 1
Beginning first index add...
Beginning second index add...
     Calculating kernels for center species 6
     Calculating kernels for center species 6
Beginning first index add...
Beginning second index add...
     Calculating kernels for center species 7
     Calculating kernels for center species 7
Beginning first index add...
Beginning second index add...
     Calculating kernels for center species 8
     Calculating kernels for center species 8
Beginning first index add...
Beginning second index add...
     Calculating kernels for center species 9
     Calculating kernels for center species 9
Beginning first index add...
Beginning second index add...
Test kernel done
Calculating composition features
Composition features done
-8.0 1.6341643411423339
-7.8 1.6341409781131142
-7.6 1.6341039522678085
-7.4 1.6340452752696502
-7.2 1.6339533702968265
-7.0 1.6338082711361777
-6.8 1.6335829676154052
-6.6 1.6332419114620615
-6.4 1.6327698507485884
-6.2 1.6321514415584297
-6.0 1.6313130202472321
-5.8 1.630403020175273
-5.6 1.6295830275623229
-5.4 1.6292485472987774
-5.199999999999999 1.6301152838509951
-5.0 1.6355713199420643
-4.8 1.6467518316444612
-4.6 1.6637612292466983
-4.4 1.688520986607551
-4.199999999999999 1.7265507670469216
-4.0 1.7775540086052242
-3.8 1.8483254800378455
-3.5999999999999996 1.9392582647720586
-3.3999999999999995 2.0537057928361704
-3.1999999999999993 2.19523375674215
-3.0 2.36092600971939
-2.8 2.553241094693409
-2.5999999999999996 2.7778442353842348
-2.3999999999999995 3.0402447828963037
-2.1999999999999993 3.3427365961971676
-2.0 3.691984457405775
-1.7999999999999998 4.084296823043118
-1.5999999999999996 4.534466843617666
-1.3999999999999995 5.0517912895504
-1.1999999999999993 5.689915298759876
-1.0 6.483929223705983
-0.7999999999999998 7.462779150262923
-0.5999999999999996 8.611472795774915
-0.39999999999999947 9.87508120055017
-0.1999999999999993 11.22091014833725
0.0 12.611487478488922
0.20000000000000107 13.994708059020432
0.40000000000000036 15.31613221770381
0.5999999999999996 16.51305829541469
0.8000000000000007 17.553210265374922
1.0 18.403585354354103
1.200000000000001 19.06188153276675
1.4000000000000004 19.560434814186447
1.6000000000000014 19.92926676502539
1.8000000000000007 20.19802201304127
2.0 20.390967254233495
2.200000000000001 20.527565706071876
2.4000000000000004 20.62183508301186
2.6000000000000014 20.685574219562472
2.8000000000000007 20.727941425833915
3.0 20.755586402633572
3.200000000000001 20.77371490693711
3.4000000000000004 20.78533315282857
3.6000000000000014 20.7927322834872
3.8000000000000007 20.797428847319903
4.0 20.800411324551728
Result sigma optimization:  -5.4 1.6292485472987774
E_max_2 =  300
Cutoff Radius =  6.0
Selected Radial Transform =  14.0
factor =  1.0
displacement =  0.0
dataset =  datasets/qm9.xyz
n_train =  2000
n_test =  2000
Train RMSE: 0.1405047746031909 [Train MAE: 0.10379307446175062]
Test RMSE: 2.468030666126153 [Test MAE: 1.5261778328942173]
FINISHED at Tue Jan 10 11:54:45 CET 2023
