STARTING AT Wed Jan 11 03:15:14 CET 2023
Random seed: 1000
8 20
Reading dataset
Shuffling and extracting from dataset (length: 105092)
Shuffling and extraction done
Calculating power spectrum
Expansion coefficients done
Computing training kernel
     Calculating kernels for center species 79
     Calculating kernels for center species 79
Beginning first index add...
Beginning second index add...
Training kernel done
Computing test kernel
     Calculating kernels for center species 79
     Calculating kernels for center species 79
Beginning first index add...
Beginning second index add...
Test kernel done
Calculating composition features
Composition features done
-8.0 103.65318325615289
-7.8 104.49391631045421
-7.6 105.35846307935493
-7.4 106.20466948729306
-7.2 107.00462301409586
-7.0 107.7557925262671
-6.8 108.46994474471515
-6.6 109.15011964660982
-6.4 109.78090614512502
-6.2 110.3409807600518
-6.0 110.82679451123076
-5.8 111.2673550800589
-5.6 111.72131209844648
-5.4 112.26220441440529
-5.199999999999999 112.95938923629743
-5.0 113.856513448251
-4.8 114.9528646192236
-4.6 116.20029989886409
-4.4 117.52491617337357
-4.199999999999999 118.87142187017027
-4.0 120.2553345072501
-3.8 121.80107025404334
-3.5999999999999996 123.75262954631626
-3.3999999999999995 126.46130535413994
-3.1999999999999993 130.3608625061694
-3.0 135.92022740305927
-2.8 143.52784807350858
-2.5999999999999996 153.26462822837806
-2.3999999999999995 164.6542282910795
-2.1999999999999993 176.67144112884588
-2.0 188.15839424331514
-1.7999999999999998 198.3612755591645
-1.5999999999999996 207.20195713062026
-1.3999999999999995 215.21971311544948
-1.1999999999999993 223.33635511390335
-1.0 232.56039168989514
-0.7999999999999998 243.66406143093687
-0.5999999999999996 256.916942941779
-0.39999999999999947 272.06296597536345
-0.1999999999999993 288.55604572202475
0.0 305.7469142701594
0.20000000000000107 322.8852362485604
0.40000000000000036 339.217797219095
0.5999999999999996 354.2601250306762
0.8000000000000007 367.91399334823194
1.0 380.3632548756632
1.200000000000001 392.1234250803229
1.4000000000000004 404.4749962841493
1.6000000000000014 420.04625361029116
1.8000000000000007 442.95483115297793
2.0 477.6171747437059
2.200000000000001 525.8860973239267
2.4000000000000004 584.513081214944
2.6000000000000014 645.9941650039443
2.8000000000000007 702.436169965893
3.0 748.8943352120025
3.200000000000001 784.0729765785833
3.4000000000000004 809.1483189659289
3.6000000000000014 826.2865682420476
3.8000000000000007 837.6719520546438
4.0 845.0933842144478
Result sigma optimization:  -8.0 103.65318325615289
E_max_2 =  700
Cutoff Radius =  6.0
Selected Radial Transform =  14.0
factor =  1.2
displacement =  0.0
dataset =  datasets/gold.xyz
n_train =  2000
n_test =  2000
Train RMSE: 91.15163096330676 [Train MAE: 69.58472036397457]
Test RMSE: 105.9610212378045 [Test MAE: 78.10694139826298]
FINISHED at Wed Jan 11 03:16:37 CET 2023
