STARTING AT Wed Jan 11 01:55:11 CET 2023
Random seed: 1000
8 20
Reading dataset
Shuffling and extracting from dataset (length: 10000)
Shuffling and extraction done
Calculating power spectrum
Expansion coefficients done
Computing training kernel
     Calculating kernels for center species 1
     Calculating kernels for center species 1
Beginning first index add...
Beginning second index add...
     Calculating kernels for center species 6
     Calculating kernels for center species 6
Beginning first index add...
Beginning second index add...
Training kernel done
Computing test kernel
     Calculating kernels for center species 1
     Calculating kernels for center species 1
Beginning first index add...
Beginning second index add...
     Calculating kernels for center species 6
     Calculating kernels for center species 6
Beginning first index add...
Beginning second index add...
Test kernel done
Calculating composition features
Composition features done
-8.0 103.11435146284651
-7.8 83.79195878114444
-7.6 67.58947180612631
-7.4 54.26221864859131
-7.2 43.630900493381844
-7.0 35.5306140079442
-6.8 29.695624046816
-6.6 25.73702870031953
-6.4 23.1928383159044
-6.2 21.599354923567528
-6.0 20.561085627519724
-5.8 19.78705232011745
-5.6 19.094770101721316
-5.4 18.406968516549036
-5.199999999999999 17.735496713876255
-5.0 17.14065099529425
-4.8 16.680997721739487
-4.6 16.383316449036094
-4.4 16.24496803607056
-4.199999999999999 16.24884583084693
-4.0 16.369753651275392
-3.8 16.57721313718237
-3.5999999999999996 16.844326541917045
-3.3999999999999995 17.158959099695483
-3.1999999999999993 17.530918100835954
-3.0 17.991528597965885
-2.8 18.583841451715315
-2.5999999999999996 19.34643100180465
-2.3999999999999995 20.2960054819157
-2.1999999999999993 21.412511702066894
-2.0 22.634417343563733
-1.7999999999999998 23.876056965576232
-1.5999999999999996 25.06461928898212
-1.3999999999999995 26.171898379132944
-1.1999999999999993 27.21765493899944
-1.0 28.248988533478606
-0.7999999999999998 29.32282657843949
-0.5999999999999996 30.515191332527902
-0.39999999999999947 31.960241229465215
-0.1999999999999993 33.893171593105414
0.0 36.62936547013943
0.20000000000000107 40.40992705582448
0.40000000000000036 45.17996616108771
0.5999999999999996 50.523539410243266
0.8000000000000007 55.85254119386165
1.0 60.66865210574086
1.200000000000001 64.69539207879676
1.4000000000000004 67.86201404306935
1.6000000000000014 70.22982347959042
1.8000000000000007 71.92622377949486
2.0 73.09915066416832
2.200000000000001 73.88772658806393
2.4000000000000004 74.40693600427727
2.6000000000000014 74.7436911414144
2.8000000000000007 74.95973442578723
3.0 75.09711252108616
3.200000000000001 75.18366212789006
3.4000000000000004 75.23748732905189
3.6000000000000014 75.2702710221863
3.8000000000000007 75.28958880706016
4.0 75.30043833840458
Result sigma optimization:  -4.4 16.24496803607056
E_max_2 =  700
Cutoff Radius =  6.0
Selected Radial Transform =  14.0
factor =  2.6
displacement =  0.0
dataset =  datasets/random-ch4-10k.extxyz
n_train =  2000
n_test =  2000
Train RMSE: 11.922150502384692 [Train MAE: 9.464461309490815]
Test RMSE: 17.10278246125079 [Test MAE: 11.702247654178514]
FINISHED at Wed Jan 11 01:55:52 CET 2023
