STARTING AT Wed Jan 11 03:13:44 CET 2023
Random seed: 1000
8 20
Reading dataset
Shuffling and extracting from dataset (length: 105092)
Shuffling and extraction done
Calculating power spectrum
Expansion coefficients done
Computing training kernel
     Calculating kernels for center species 79
     Calculating kernels for center species 79
Beginning first index add...
Beginning second index add...
Training kernel done
Computing test kernel
     Calculating kernels for center species 79
     Calculating kernels for center species 79
Beginning first index add...
Beginning second index add...
Test kernel done
Calculating composition features
Composition features done
-8.0 125.23009088607446
-7.8 124.8937174548032
-7.6 124.47087473281755
-7.4 123.9681337521865
-7.2 123.39297649787007
-7.0 122.75137506484798
-6.8 122.04401128464954
-6.6 121.26148881620442
-6.4 120.38062637510046
-6.2 119.36610823984779
-6.0 118.17824694132455
-5.8 116.78108539040258
-5.6 115.14531833342778
-5.4 113.24670214232361
-5.199999999999999 111.06586386686591
-5.0 108.59673877717631
-4.8 105.86352712811751
-4.6 102.93214436966386
-4.4 99.8986664295688
-4.199999999999999 96.8540503355979
-4.0 93.84889588512985
-3.8 90.88734439703221
-3.5999999999999996 87.95363757551952
-3.3999999999999995 85.04927137185528
-3.1999999999999993 82.2192520473367
-3.0 79.55692139403767
-2.8 77.18685008208654
-2.5999999999999996 75.23766515417334
-2.3999999999999995 73.82163287174143
-2.1999999999999993 73.02642673303232
-2.0 72.90960647355162
-1.7999999999999998 73.48696683665304
-1.5999999999999996 74.72055813750006
-1.3999999999999995 76.52464653019523
-1.1999999999999993 78.8027148021166
-1.0 81.5042750330015
-0.7999999999999998 84.66856232333012
-0.5999999999999996 88.41916325225236
-0.39999999999999947 92.89110445613602
-0.1999999999999993 98.11728894991042
0.0 103.96015627885672
0.20000000000000107 110.16906393184898
0.40000000000000036 116.53601153269565
0.5999999999999996 123.03859568345152
0.8000000000000007 129.89640243819164
1.0 137.53688551133683
1.200000000000001 146.49992977861248
1.4000000000000004 157.33151204876637
1.6000000000000014 170.48728782477835
1.8000000000000007 186.19235636022023
2.0 204.26585529920104
2.200000000000001 224.11959822130888
2.4000000000000004 245.16319826835854
2.6000000000000014 267.5266749882165
2.8000000000000007 292.59003699861853
3.0 322.6950723191888
3.200000000000001 359.859711304706
3.4000000000000004 404.28498037362397
3.6000000000000014 454.10407512159316
3.8000000000000007 506.7634418533851
4.0 560.3951010083179
Result sigma optimization:  -2.0 72.90960647355162
E_max_2 =  700
Cutoff Radius =  6.0
Selected Radial Transform =  14.0
factor =  0.3
displacement =  0.0
dataset =  datasets/gold.xyz
n_train =  2000
n_test =  2000
Train RMSE: 47.65584809596363 [Train MAE: 32.97653638537205]
Test RMSE: 73.05485941612477 [Test MAE: 46.1107397625547]
FINISHED at Wed Jan 11 03:16:48 CET 2023
