STARTING AT Wed Jan 11 03:13:13 CET 2023
Random seed: 1000
6 14
Reading dataset
Shuffling and extracting from dataset (length: 105092)
Shuffling and extraction done
Calculating power spectrum
Expansion coefficients done
Computing training kernel
     Calculating kernels for center species 79
     Calculating kernels for center species 79
Beginning first index add...
Beginning second index add...
Training kernel done
Computing test kernel
     Calculating kernels for center species 79
     Calculating kernels for center species 79
Beginning first index add...
Beginning second index add...
Test kernel done
Calculating composition features
Composition features done
-8.0 264.797158044695
-7.8 250.1000056173171
-7.6 239.81725517553582
-7.4 230.27376288406506
-7.2 222.59962966499722
-7.0 217.34872078110428
-6.8 213.4637972792614
-6.6 210.7889729958951
-6.4 208.80595671434372
-6.2 207.1058170428165
-6.0 205.45819481559496
-5.8 203.77369558570916
-5.6 202.13163743381918
-5.4 200.59847729763143
-5.199999999999999 199.18495802896058
-5.0 197.78379129968482
-4.8 196.3167205980111
-4.6 194.8167708212349
-4.4 193.44263932961184
-4.199999999999999 192.3654219050104
-4.0 191.68142970320633
-3.8 191.41428093253094
-3.5999999999999996 191.58586572333158
-3.3999999999999995 192.2471285750745
-3.1999999999999993 193.42813602242515
-3.0 195.06546234039635
-2.8 197.00681549789815
-2.5999999999999996 199.10527931492416
-2.3999999999999995 201.30497537793713
-2.1999999999999993 203.63615346189235
-2.0 206.15544005311503
-1.7999999999999998 208.93199546214205
-1.5999999999999996 212.10005893472265
-1.3999999999999995 215.88305002980124
-1.1999999999999993 220.5129400604387
-1.0 226.09372008700186
-0.7999999999999998 232.52011493280867
-0.5999999999999996 239.5107143635462
-0.39999999999999947 246.72825256706378
-0.1999999999999993 253.90786646649676
0.0 260.91853417547577
0.20000000000000107 267.7359367465673
0.40000000000000036 274.36861943081806
0.5999999999999996 280.82052687332686
0.8000000000000007 287.1467921077293
1.0 293.5410349440242
1.200000000000001 300.31105518894014
1.4000000000000004 307.7069354986381
1.6000000000000014 315.7567009802896
1.8000000000000007 324.28103553911865
2.0 333.0567364352544
2.200000000000001 341.9628141112986
2.4000000000000004 351.03420076861283
2.6000000000000014 360.4500090027247
2.8000000000000007 370.46943220290495
3.0 381.3488098456766
3.200000000000001 393.31513091024544
3.4000000000000004 406.5698082842592
3.6000000000000014 421.22475180161507
3.8000000000000007 437.2222629672214
4.0 454.37790887786633
Result sigma optimization:  -3.8 191.41428093253094
E_max_2 =  400
Cutoff Radius =  6.0
Selected Radial Transform =  14.0
factor =  0.1
displacement =  0.0
dataset =  datasets/gold.xyz
n_train =  2000
n_test =  2000
Train RMSE: 136.44368668765813 [Train MAE: 91.75978130614757]
Test RMSE: 193.42256768338194 [Test MAE: 117.55894429266453]
FINISHED at Wed Jan 11 03:13:59 CET 2023
