STARTING AT Wed Jan 11 01:52:42 CET 2023
Random seed: 1000
7 16
Reading dataset
Shuffling and extracting from dataset (length: 10000)
Shuffling and extraction done
Calculating power spectrum
Expansion coefficients done
Computing training kernel
     Calculating kernels for center species 1
     Calculating kernels for center species 1
Beginning first index add...
Beginning second index add...
     Calculating kernels for center species 6
     Calculating kernels for center species 6
Beginning first index add...
Beginning second index add...
Training kernel done
Computing test kernel
     Calculating kernels for center species 1
     Calculating kernels for center species 1
Beginning first index add...
Beginning second index add...
     Calculating kernels for center species 6
     Calculating kernels for center species 6
Beginning first index add...
Beginning second index add...
Test kernel done
Calculating composition features
Composition features done
-8.0 45.88276828555269
-7.8 40.56173602391365
-7.6 36.12125685112841
-7.4 32.38249545431607
-7.2 29.18397827419151
-7.0 26.42120143264366
-6.8 24.0279031456912
-6.6 21.948602377501988
-6.4 20.13707747576663
-6.2 18.57311703952775
-6.0 17.26685691829177
-5.8 16.233402318536857
-5.6 15.457599456181704
-5.4 14.885685094919184
-5.199999999999999 14.450333619730094
-5.0 14.099434967512419
-4.8 13.804404154350678
-4.6 13.552984912754958
-4.4 13.341944472430663
-4.199999999999999 13.174250824882975
-4.0 13.058122500203472
-3.8 13.007154305620737
-3.5999999999999996 13.040642732068248
-3.3999999999999995 13.181756115494283
-3.1999999999999993 13.455118092988648
-3.0 13.889114624230334
-2.8 14.521724836295204
-2.5999999999999996 15.397923656785947
-2.3999999999999995 16.548415816898043
-2.1999999999999993 17.95763937855545
-2.0 19.5460083414339
-1.7999999999999998 21.18643749795095
-1.5999999999999996 22.75021962366002
-1.3999999999999995 24.154832066554857
-1.1999999999999993 25.38881662931473
-1.0 26.51438265643978
-0.7999999999999998 27.668351617739308
-0.5999999999999996 29.078682786494337
-0.39999999999999947 31.08129564656048
-0.1999999999999993 34.06743861388292
0.0 38.296277559268844
0.20000000000000107 43.663914341191976
0.40000000000000036 49.65932488004116
0.5999999999999996 55.58246475390465
0.8000000000000007 60.84034011560175
1.0 65.11426650954012
1.200000000000001 68.35443638135493
1.4000000000000004 70.68255468103168
1.6000000000000014 72.28940809583061
1.8000000000000007 73.36643915497397
2.0 74.07348964016212
2.200000000000001 74.53089848064528
2.4000000000000004 74.82363142640169
2.6000000000000014 75.00928290184461
2.8000000000000007 75.1259291947021
3.0 75.19841752132507
3.200000000000001 75.2429003983513
3.4000000000000004 75.26987033206598
3.6000000000000014 75.28609018817342
3.8000000000000007 75.29582811333623
4.0 75.30170036530484
Result sigma optimization:  -3.8 13.007154305620737
E_max_2 =  500
Cutoff Radius =  6.0
Selected Radial Transform =  14.0
factor =  1.8
displacement =  0.0
dataset =  datasets/random-ch4-10k.extxyz
n_train =  2000
n_test =  2000
Train RMSE: 9.776441304863875 [Train MAE: 7.681340961302225]
Test RMSE: 13.034884661038133 [Test MAE: 8.999757622075554]
FINISHED at Wed Jan 11 01:53:22 CET 2023
