STARTING AT Wed Jan 11 03:15:44 CET 2023
Random seed: 1000
7 16
Reading dataset
Shuffling and extracting from dataset (length: 105092)
Shuffling and extraction done
Calculating power spectrum
Expansion coefficients done
Computing training kernel
     Calculating kernels for center species 79
     Calculating kernels for center species 79
Beginning first index add...
Beginning second index add...
Training kernel done
Computing test kernel
     Calculating kernels for center species 79
     Calculating kernels for center species 79
Beginning first index add...
Beginning second index add...
Test kernel done
Calculating composition features
Composition features done
-8.0 121.5603210834334
-7.8 121.94890409953277
-7.6 122.48517030563305
-7.4 123.37197860215606
-7.2 124.8917011329419
-7.0 127.38562220094002
-6.8 131.19056141774865
-6.6 136.52894731826177
-6.4 143.36374037992596
-6.2 151.2746025445681
-6.0 159.48457696532682
-5.8 167.11916064670794
-5.6 173.54405439579605
-5.4 178.5279118361274
-5.199999999999999 182.17639521229717
-5.0 184.77770694070563
-4.8 186.69382734738446
-4.6 188.34275646849565
-4.4 190.26294455191646
-4.199999999999999 193.2287592760377
-4.0 198.34688306493652
-3.8 206.9838071142383
-3.5999999999999996 220.3236811488104
-3.3999999999999995 238.57550640534245
-3.1999999999999993 260.4161805821561
-3.0 283.3962578033881
-2.8 305.104548035068
-2.5999999999999996 324.07150142306523
-2.3999999999999995 339.86262726338157
-2.1999999999999993 352.67925772175425
-2.0 362.9409990987087
-1.7999999999999998 371.04250939438367
-1.5999999999999996 377.3010961051858
-1.3999999999999995 382.02618226743084
-1.1999999999999993 385.60495691553297
-1.0 388.5753891270558
-0.7999999999999998 391.75909425084103
-0.5999999999999996 396.55212703166285
-0.39999999999999947 405.38878875430663
-0.1999999999999993 422.0864120631761
0.0 451.2037414110327
0.20000000000000107 495.5620603075659
0.40000000000000036 553.1676095053
0.5999999999999996 616.9115876357313
0.8000000000000007 678.0129930256179
1.0 730.0233315997982
1.200000000000001 770.401847165806
1.4000000000000004 799.7008170278867
1.6000000000000014 819.9740177200896
1.8000000000000007 833.5562927636862
2.0 842.4630437582393
2.200000000000001 848.2224450424387
2.4000000000000004 851.912636068988
2.6000000000000014 854.2623659011421
2.8000000000000007 855.7514104174451
3.0 856.6904073884732
3.200000000000001 857.2783313761672
3.4000000000000004 857.641850891075
3.6000000000000014 857.8616220854789
3.8000000000000007 857.9895881371177
4.0 858.059993497233
Result sigma optimization:  -8.0 121.5603210834334
E_max_2 =  500
Cutoff Radius =  6.0
Selected Radial Transform =  14.0
factor =  1.6
displacement =  0.0
dataset =  datasets/gold.xyz
n_train =  2000
n_test =  2000
Train RMSE: 119.83921852900176 [Train MAE: 95.54436334431172]
Test RMSE: 124.44550438567963 [Test MAE: 98.9161371639967]
FINISHED at Wed Jan 11 03:16:57 CET 2023
