STARTING AT Wed Jan 11 01:48:38 CET 2023
Random seed: 1000
7 16
Reading dataset
Shuffling and extracting from dataset (length: 10000)
Shuffling and extraction done
Calculating power spectrum
Expansion coefficients done
Computing training kernel
     Calculating kernels for center species 1
     Calculating kernels for center species 1
Beginning first index add...
Beginning second index add...
     Calculating kernels for center species 6
     Calculating kernels for center species 6
Beginning first index add...
Beginning second index add...
Training kernel done
Computing test kernel
     Calculating kernels for center species 1
     Calculating kernels for center species 1
Beginning first index add...
Beginning second index add...
     Calculating kernels for center species 6
     Calculating kernels for center species 6
Beginning first index add...
Beginning second index add...
Test kernel done
Calculating composition features
Composition features done
-8.0 59.01121904843264
-7.8 58.461783146428075
-7.6 57.67617928918699
-7.4 56.60258355642321
-7.2 55.216650361837324
-7.0 53.541694012843124
-6.8 51.65281510494439
-6.6 49.657893882284164
-6.4 47.66573303635944
-6.2 45.75961174688377
-6.0 43.98710328726088
-5.8 42.366836362336215
-5.6 40.9037915783522
-5.4 39.600377117115784
-5.199999999999999 38.45907757500293
-5.0 37.48320503702618
-4.8 36.68001213440301
-4.6 36.06296986563199
-4.4 35.64909586388355
-4.199999999999999 35.451450554564765
-4.0 35.47125207793314
-3.8 35.69472777984411
-3.5999999999999996 36.09627462285381
-3.3999999999999995 36.64546804524671
-3.1999999999999993 37.313512419136195
-3.0 38.075459307298026
-2.8 38.90893658369686
-2.5999999999999996 39.79371564463879
-2.3999999999999995 40.71405123415292
-2.1999999999999993 41.661657337833724
-2.0 42.63634024912505
-1.7999999999999998 43.64285884406881
-1.5999999999999996 44.686041105893246
-1.3999999999999995 45.76859866403193
-1.1999999999999993 46.89151482167246
-1.0 48.05061034062853
-0.7999999999999998 49.22912897991002
-0.5999999999999996 50.39841421634853
-0.39999999999999947 51.53289170323026
-0.1999999999999993 52.62642484445263
0.0 53.693714958798985
0.20000000000000107 54.75636009413656
0.40000000000000036 55.827360306933365
0.5999999999999996 56.907300713684926
0.8000000000000007 57.99392010339538
1.0 59.093889688718264
1.200000000000001 60.22181529978518
1.4000000000000004 61.385284823874144
1.6000000000000014 62.57336558465512
1.8000000000000007 63.76281072270562
2.0 64.93340681614089
2.200000000000001 66.0745658469135
2.4000000000000004 67.181669559564
2.6000000000000014 68.25282412086568
2.8000000000000007 69.28677202133386
3.0 70.27498567960633
3.200000000000001 71.192774532664
3.4000000000000004 72.00333349192776
3.6000000000000014 72.67531757533521
3.8000000000000007 73.19797808093779
4.0 73.58230727208455
Result sigma optimization:  -4.199999999999999 35.451450554564765
E_max_2 =  500
Cutoff Radius =  6.0
Selected Radial Transform =  14.0
factor =  0.2
displacement =  0.0
dataset =  datasets/random-ch4-10k.extxyz
n_train =  2000
n_test =  2000
Train RMSE: 15.131914497924326 [Train MAE: 9.825440390204973]
Test RMSE: 37.05401699285758 [Test MAE: 21.10702698890772]
FINISHED at Wed Jan 11 01:49:16 CET 2023
