STARTING AT Wed Jan 11 03:19:16 CET 2023
Random seed: 1000
6 14
Reading dataset
Shuffling and extracting from dataset (length: 105092)
Shuffling and extraction done
Calculating power spectrum
Expansion coefficients done
Computing training kernel
     Calculating kernels for center species 79
     Calculating kernels for center species 79
Beginning first index add...
Beginning second index add...
Training kernel done
Computing test kernel
     Calculating kernels for center species 79
     Calculating kernels for center species 79
Beginning first index add...
Beginning second index add...
Test kernel done
Calculating composition features
Composition features done
-8.0 123.00010775136904
-7.8 120.98670466078352
-7.6 119.2745112918491
-7.4 117.73059247909697
-7.2 116.1677438808169
-7.0 114.41145404045446
-6.8 112.33979578305606
-6.6 109.88665255180045
-6.4 107.02505705083587
-6.2 103.75120661697414
-6.0 100.086346599268
-5.8 96.09935274214502
-5.6 91.92876912074767
-5.4 87.77619754277343
-5.199999999999999 83.86392782270349
-5.0 80.37771213602488
-4.8 77.42852283825002
-4.6 75.05756766511257
-4.4 73.27640562156226
-4.199999999999999 72.10311000560318
-4.0 71.56298933190105
-3.8 71.66133055430252
-3.5999999999999996 72.3634042328453
-3.3999999999999995 73.60672932802383
-3.1999999999999993 75.3339516648804
-3.0 77.51376215883157
-2.8 80.13829514599117
-2.5999999999999996 83.21720345167364
-2.3999999999999995 86.78995939870244
-2.1999999999999993 90.953479805971
-2.0 95.88042365066886
-1.7999999999999998 101.79651641486524
-1.5999999999999996 108.8957105358232
-1.3999999999999995 117.22085759535958
-1.1999999999999993 126.6031538420235
-1.0 136.72985274216165
-0.7999999999999998 147.27970923628553
-0.5999999999999996 158.0018866759816
-0.39999999999999947 168.7167454873516
-0.1999999999999993 179.3519591746175
0.0 190.0950373424328
0.20000000000000107 201.5430395193511
0.40000000000000036 214.63204484316228
0.5999999999999996 230.31293271489582
0.8000000000000007 249.27243383201062
1.0 272.04404107201515
1.200000000000001 299.29525303481586
1.4000000000000004 331.59780292315793
1.6000000000000014 368.526597600008
1.8000000000000007 408.038685551077
2.0 447.2189788859286
2.200000000000001 484.09263525982414
2.4000000000000004 518.9802011115842
2.6000000000000014 554.234692096171
2.8000000000000007 592.3444229168135
3.0 633.5957613787015
3.200000000000001 675.3307919464937
3.4000000000000004 713.6147597348122
3.6000000000000014 745.5899352649006
3.8000000000000007 770.5186155226002
4.0 789.3692399699111
Result sigma optimization:  -4.0 71.56298933190105
E_max_2 =  400
Cutoff Radius =  6.0
Selected Radial Transform =  16.0
factor =  0.4
displacement =  0.0
dataset =  datasets/gold.xyz
n_train =  2000
n_test =  2000
Train RMSE: 49.627235010976655 [Train MAE: 33.81024316680455]
Test RMSE: 69.95550380224418 [Test MAE: 43.68310211942857]
FINISHED at Wed Jan 11 03:20:04 CET 2023
