STARTING AT Wed Jan 11 02:01:44 CET 2023
Random seed: 1000
5 11
Reading dataset
Shuffling and extracting from dataset (length: 10000)
Shuffling and extraction done
Calculating power spectrum
Expansion coefficients done
Computing training kernel
     Calculating kernels for center species 1
     Calculating kernels for center species 1
Beginning first index add...
Beginning second index add...
     Calculating kernels for center species 6
     Calculating kernels for center species 6
Beginning first index add...
Beginning second index add...
Training kernel done
Computing test kernel
     Calculating kernels for center species 1
     Calculating kernels for center species 1
Beginning first index add...
Beginning second index add...
     Calculating kernels for center species 6
     Calculating kernels for center species 6
Beginning first index add...
Beginning second index add...
Test kernel done
Calculating composition features
Composition features done
-8.0 20.781748033614647
-7.8 17.268480689403905
-7.6 15.27527558097615
-7.4 14.320303137497538
-7.2 13.915722757714919
-7.0 13.778492002173845
-6.8 13.791404758669776
-6.6 13.899935749113775
-6.4 14.061925707019675
-6.2 14.247720322343474
-6.0 14.449710935148456
-5.8 14.68235811857546
-5.6 14.972451584358671
-5.4 15.34112439543656
-5.199999999999999 15.787652899970196
-5.0 16.291204768624674
-4.8 16.831071884999783
-4.6 17.406779378778296
-4.4 18.043792709327175
-4.199999999999999 18.78609841806466
-4.0 19.679694782583564
-3.8 20.74894304939846
-3.5999999999999996 21.977487312077493
-3.3999999999999995 23.313211572881677
-3.1999999999999993 24.700716739212577
-3.0 26.11872766685213
-2.8 27.593065824333177
-2.5999999999999996 29.17846195469392
-2.3999999999999995 30.93816243752577
-2.1999999999999993 32.96283335234867
-2.0 35.426181380182875
-1.7999999999999998 38.59106168838672
-1.5999999999999996 42.666892842141216
-1.3999999999999995 47.579986457374176
-1.1999999999999993 52.901167671706155
-1.0 58.047244103893576
-0.7999999999999998 62.55845987096169
-0.5999999999999996 66.22101096078771
-0.39999999999999947 69.02522842652738
-0.1999999999999993 71.07440873317735
0.0 72.51535208162095
0.20000000000000107 73.49742429694174
0.40000000000000036 74.15072612325393
0.5999999999999996 74.57756600108854
0.8000000000000007 74.85276887764931
1.0 75.02834924488667
1.200000000000001 75.13924537058965
1.4000000000000004 75.20843096102288
1.6000000000000014 75.25087063473468
1.8000000000000007 75.27632887670285
2.0 75.29121832450102
2.200000000000001 75.29973248293481
2.4000000000000004 75.30453768604411
2.6000000000000014 75.30724938708454
2.8000000000000007 75.3087975013963
3.0 75.30969772667648
3.200000000000001 75.31023169137558
3.4000000000000004 75.31055403781642
3.6000000000000014 75.31075135184868
3.8000000000000007 75.31087335809059
4.0 75.31094932842069
Result sigma optimization:  -7.0 13.778492002173845
E_max_2 =  300
Cutoff Radius =  6.0
Selected Radial Transform =  16.0
factor =  2.4
displacement =  0.0
dataset =  datasets/random-ch4-10k.extxyz
n_train =  2000
n_test =  2000
Train RMSE: 10.784093031755573 [Train MAE: 8.544461742195885]
Test RMSE: 20.442385863979 [Test MAE: 10.33450678688422]
FINISHED at Wed Jan 11 02:02:22 CET 2023
