STARTING AT Wed Jan 11 03:23:17 CET 2023
Random seed: 1000
7 18
Reading dataset
Shuffling and extracting from dataset (length: 105092)
Shuffling and extraction done
Calculating power spectrum
Expansion coefficients done
Computing training kernel
     Calculating kernels for center species 79
     Calculating kernels for center species 79
Beginning first index add...
Beginning second index add...
Training kernel done
Computing test kernel
     Calculating kernels for center species 79
     Calculating kernels for center species 79
Beginning first index add...
Beginning second index add...
Test kernel done
Calculating composition features
Composition features done
-8.0 181.95543052706105
-7.8 196.3723089038537
-7.6 216.17569378240242
-7.4 240.4798179633056
-7.2 267.46805369486106
-7.0 295.0344645234166
-6.8 321.4275467468093
-6.6 345.61090156246235
-6.4 367.16205379923747
-6.2 385.8783224932167
-6.0 401.5450291482883
-5.8 414.03385642426656
-5.6 423.4761949992719
-5.4 430.2761915085007
-5.199999999999999 434.9824039259361
-5.0 438.1436075345434
-4.8 440.22254961211075
-4.6 441.57048062963844
-4.4 442.4371361213844
-4.199999999999999 442.9936975052355
-4.0 443.35704740168217
-3.8 443.61237157321057
-3.5999999999999996 443.8372376843113
-3.3999999999999995 444.1365565007907
-3.1999999999999993 444.7079719115097
-3.0 445.97387484886366
-2.8 448.8324902624428
-2.5999999999999996 455.0524720266634
-2.3999999999999995 467.6415831817498
-2.1999999999999993 490.5568795398183
-2.0 526.8817884617536
-1.7999999999999998 575.943428451908
-1.5999999999999996 632.1871217910543
-1.3999999999999995 687.6674485671216
-1.1999999999999993 735.919569001484
-1.0 773.9577764720672
-0.7999999999999998 801.8496992952487
-0.5999999999999996 821.2851742897225
-0.39999999999999947 834.366455831157
-0.1999999999999993 842.9706981453937
0.0 848.5458772021067
0.20000000000000107 852.1235852103156
0.40000000000000036 854.4053136206659
0.5999999999999996 855.8547914533974
0.8000000000000007 856.7732727966119
1.0 857.3543475767802
1.200000000000001 857.7215738563647
1.4000000000000004 857.9534717313144
1.6000000000000014 858.0997989890878
1.8000000000000007 858.192022101425
2.0 858.2500009520198
2.200000000000001 858.2862333488496
2.4000000000000004 858.3085372351999
2.6000000000000014 858.3217354659561
2.8000000000000007 858.32870400955
3.0 858.3310151351485
3.200000000000001 858.3293302638572
3.4000000000000004 858.3236600006938
3.6000000000000014 858.3136020554865
3.8000000000000007 858.2986696644141
4.0 858.2787762410301
Result sigma optimization:  -8.0 181.95543052706105
E_max_2 =  600
Cutoff Radius =  6.0
Selected Radial Transform =  16.0
factor =  2.6
displacement =  0.0
dataset =  datasets/gold.xyz
n_train =  2000
n_test =  2000
Train RMSE: 178.613349594201 [Train MAE: 150.25225836122036]
Test RMSE: 183.31565849799864 [Test MAE: 153.03558869707584]
FINISHED at Wed Jan 11 03:24:10 CET 2023
