STARTING AT Tue Jan 10 11:57:09 CET 2023
Random seed: 1000
7 16
Reading dataset
Shuffling and extracting from dataset (length: 133885)
Shuffling and extraction done
Calculating power spectrum
Expansion coefficients done
Computing training kernel
     Calculating kernels for center species 1
     Calculating kernels for center species 1
Beginning first index add...
Beginning second index add...
     Calculating kernels for center species 6
     Calculating kernels for center species 6
Beginning first index add...
Beginning second index add...
     Calculating kernels for center species 7
     Calculating kernels for center species 7
Beginning first index add...
Beginning second index add...
     Calculating kernels for center species 8
     Calculating kernels for center species 8
Beginning first index add...
Beginning second index add...
     Calculating kernels for center species 9
     Calculating kernels for center species 9
Beginning first index add...
Beginning second index add...
Training kernel done
Computing test kernel
     Calculating kernels for center species 1
     Calculating kernels for center species 1
Beginning first index add...
Beginning second index add...
     Calculating kernels for center species 6
     Calculating kernels for center species 6
Beginning first index add...
Beginning second index add...
     Calculating kernels for center species 7
     Calculating kernels for center species 7
Beginning first index add...
Beginning second index add...
     Calculating kernels for center species 8
     Calculating kernels for center species 8
Beginning first index add...
Beginning second index add...
     Calculating kernels for center species 9
     Calculating kernels for center species 9
Beginning first index add...
Beginning second index add...
Test kernel done
Calculating composition features
Composition features done
-8.0 2.8636166487281165
-7.8 2.863616646815102
-7.6 2.86361664379289
-7.4 2.863616638995635
-7.2 2.8636166313932727
-7.0 2.863616619348012
-6.8 2.8636166002542742
-6.6 2.863616569994894
-6.4 2.863616522039044
-6.2 2.86361644603088
-6.0 2.863616325563075
-5.8 2.8636161346365734
-5.6 2.8636158320415332
-5.4 2.863615352461342
-5.199999999999999 2.8636145923717433
-5.0 2.863613387708115
-4.8 2.8636114784326003
-4.6 2.8636084524151357
-4.4 2.863603656439046
-4.199999999999999 2.863596055175214
-4.0 2.8635840076034187
-3.8 2.8635649125320315
-3.5999999999999996 2.8635351001613794
-3.3999999999999995 2.863488089548685
-3.1999999999999993 2.8634135666393883
-3.0 2.8632954166613773
-2.8 2.8631080686166084
-2.5999999999999996 2.862818596939991
-2.3999999999999995 2.8623629473117167
-2.1999999999999993 2.861679959452694
-2.0 2.8607611966233306
-1.7999999999999998 2.8599108036665957
-1.5999999999999996 2.859162121759558
-1.3999999999999995 2.8590501978554257
-1.1999999999999993 2.860519689886779
-1.0 2.865068908357048
-0.7999999999999998 2.8762312755846278
-0.5999999999999996 2.901830689738027
-0.39999999999999947 2.9478259851125252
-0.1999999999999993 3.02499493232533
0.0 3.135685584556643
0.20000000000000107 3.28166884136895
0.40000000000000036 3.4648440634614786
0.5999999999999996 3.68395530027408
0.8000000000000007 3.9425494371781156
1.0 4.250143866580548
1.200000000000001 4.604895654141594
1.4000000000000004 5.021432549880315
1.6000000000000014 5.541666062706028
1.8000000000000007 6.170457140956358
2.0 6.913882118530896
2.200000000000001 7.788399636203883
2.4000000000000004 8.771746952705351
2.6000000000000014 9.861171864771292
2.8000000000000007 11.014870591467705
3.0 12.223211877768877
3.200000000000001 13.437150728567875
3.4000000000000004 14.65598392744485
3.6000000000000014 15.874028229627827
3.8000000000000007 17.01590463228821
4.0 18.019663417917346
Result sigma optimization:  -1.3999999999999995 2.8590501978554257
E_max_2 =  500
Cutoff Radius =  6.0
Selected Radial Transform =  16.0
factor =  0.3
displacement =  0.0
dataset =  datasets/qm9.xyz
n_train =  2000
n_test =  2000
Train RMSE: 0.2166610756316787 [Train MAE: 0.1504343332545617]
Test RMSE: 4.014439377807681 [Test MAE: 2.6610888064132276]
FINISHED at Tue Jan 10 11:59:05 CET 2023
