STARTING AT Wed Jan 11 03:20:16 CET 2023
Random seed: 1000
7 18
Reading dataset
Shuffling and extracting from dataset (length: 105092)
Shuffling and extraction done
Calculating power spectrum
Expansion coefficients done
Computing training kernel
     Calculating kernels for center species 79
     Calculating kernels for center species 79
Beginning first index add...
Beginning second index add...
Training kernel done
Computing test kernel
     Calculating kernels for center species 79
     Calculating kernels for center species 79
Beginning first index add...
Beginning second index add...
Test kernel done
Calculating composition features
Composition features done
-8.0 99.99379864048882
-7.8 100.87722833039345
-7.6 101.77315509216876
-7.4 102.66192221128686
-7.2 103.52180419907943
-7.0 104.35015111705732
-6.8 105.1630045069266
-6.6 105.9772270168985
-6.4 106.7937804726626
-6.2 107.59437368362045
-6.0 108.35120359193985
-5.8 109.04156897926345
-5.6 109.65993054348512
-5.4 110.22435300144036
-5.199999999999999 110.77726159231058
-5.0 111.38192876044805
-4.8 112.11416291412742
-4.6 113.04460257621936
-4.4 114.21233736530596
-4.199999999999999 115.60767563874805
-4.0 117.19010545396173
-3.8 118.94420502568113
-3.5999999999999996 120.93784073355249
-3.3999999999999995 123.33693813860387
-3.1999999999999993 126.37375590514092
-3.0 130.33123248428257
-2.8 135.5973239182001
-2.5999999999999996 142.71234890005383
-2.3999999999999995 152.2199818715211
-2.1999999999999993 164.24873593203526
-2.0 178.11277001557173
-1.7999999999999998 192.41878430972113
-1.5999999999999996 205.7354950668946
-1.3999999999999995 217.2854016182725
-1.1999999999999993 227.17255758662014
-1.0 236.1482649684634
-0.7999999999999998 245.18158556648464
-0.5999999999999996 255.09715062490693
-0.39999999999999947 266.4581399701214
-0.1999999999999993 279.638094816426
0.0 294.76906600707304
0.20000000000000107 311.48354722566256
0.40000000000000036 328.89247109651507
0.5999999999999996 346.0446087205495
0.8000000000000007 362.3760889160053
1.0 377.72744860473733
1.200000000000001 392.26473540091166
1.4000000000000004 406.800274718594
1.6000000000000014 423.4233782980962
1.8000000000000007 445.8242261110534
2.0 478.4297590025412
2.200000000000001 523.8254791549874
2.4000000000000004 579.9399420526004
2.6000000000000014 640.1019869486344
2.8000000000000007 696.4731013061682
3.0 743.6461587154531
3.200000000000001 779.8104611246024
3.4000000000000004 805.8159728162664
3.6000000000000014 823.6992244773787
3.8000000000000007 835.6339226114851
4.0 843.4493033549916
Result sigma optimization:  -8.0 99.99379864048882
E_max_2 =  600
Cutoff Radius =  6.0
Selected Radial Transform =  16.0
factor =  1.1
displacement =  0.0
dataset =  datasets/gold.xyz
n_train =  2000
n_test =  2000
Train RMSE: 87.18857229055577 [Train MAE: 66.09161549055577]
Test RMSE: 101.22960945592015 [Test MAE: 73.71311757338047]
FINISHED at Wed Jan 11 03:21:36 CET 2023
