STARTING AT Wed Jan 11 01:58:42 CET 2023
Random seed: 1000
6 14
Reading dataset
Shuffling and extracting from dataset (length: 10000)
Shuffling and extraction done
Calculating power spectrum
Expansion coefficients done
Computing training kernel
     Calculating kernels for center species 1
     Calculating kernels for center species 1
Beginning first index add...
Beginning second index add...
     Calculating kernels for center species 6
     Calculating kernels for center species 6
Beginning first index add...
Beginning second index add...
Training kernel done
Computing test kernel
     Calculating kernels for center species 1
     Calculating kernels for center species 1
Beginning first index add...
Beginning second index add...
     Calculating kernels for center species 6
     Calculating kernels for center species 6
Beginning first index add...
Beginning second index add...
Test kernel done
Calculating composition features
Composition features done
-8.0 32.334213826785316
-7.8 28.29338025730679
-7.6 24.8574950280818
-7.4 22.00597527461586
-7.2 19.68218697141087
-7.0 17.81925405243401
-6.8 16.35371762536114
-6.6 15.23020743173183
-6.4 14.39944001383888
-6.2 13.812911885306312
-6.0 13.418435714791547
-5.8 13.16058891831076
-5.6 12.987461354689215
-5.4 12.859911265994311
-5.199999999999999 12.75781436535411
-5.0 12.680413583842324
-4.8 12.640785480622263
-4.6 12.656331521722034
-4.4 12.738185505081184
-4.199999999999999 12.88256734396382
-4.0 13.068248287726702
-3.8 13.264511084596444
-3.5999999999999996 13.447525831249742
-3.3999999999999995 13.614521355202506
-3.1999999999999993 13.78637948830268
-3.0 13.999682723907215
-2.8 14.296715165090202
-2.5999999999999996 14.719662541508301
-2.3999999999999995 15.308384995873492
-2.1999999999999993 16.09729568845339
-2.0 17.1071166820845
-1.7999999999999998 18.33250894309539
-1.5999999999999996 19.73549610983401
-1.3999999999999995 21.253431056657806
-1.1999999999999993 22.8184390745913
-1.0 24.383637241260697
-0.7999999999999998 25.957270166251224
-0.5999999999999996 27.64243288831481
-0.39999999999999947 29.669374200692275
-0.1999999999999993 32.38515696274974
0.0 36.14212969884627
0.20000000000000107 41.07695640982104
0.40000000000000036 46.922502729643064
0.5999999999999996 53.05274672214869
0.8000000000000007 58.76244500739015
1.0 63.55721205306722
1.200000000000001 67.26099762164193
1.4000000000000004 69.94653209912491
1.6000000000000014 71.80658867282064
1.8000000000000007 73.05416759038812
2.0 73.87251889685858
2.200000000000001 74.40098671567816
2.4000000000000004 74.7383664832503
2.6000000000000014 74.95187515924057
2.8000000000000007 75.08611688901647
3.0 75.17017836872103
3.200000000000001 75.22273575343408
3.4000000000000004 75.25561014418551
3.6000000000000014 75.2762039002487
3.8000000000000007 75.28912753544829
4.0 75.29725062807915
Result sigma optimization:  -4.8 12.640785480622263
E_max_2 =  400
Cutoff Radius =  6.0
Selected Radial Transform =  16.0
factor =  1.0
displacement =  0.0
dataset =  datasets/random-ch4-10k.extxyz
n_train =  2000
n_test =  2000
Train RMSE: 4.462217458413794 [Train MAE: 3.4642450023828735]
Test RMSE: 12.396590203199372 [Test MAE: 6.223026526173988]
FINISHED at Wed Jan 11 02:02:02 CET 2023
