STARTING AT Wed Jan 11 01:56:41 CET 2023
Random seed: 1000
7 16
Reading dataset
Shuffling and extracting from dataset (length: 10000)
Shuffling and extraction done
Calculating power spectrum
Expansion coefficients done
Computing training kernel
     Calculating kernels for center species 1
     Calculating kernels for center species 1
Beginning first index add...
Beginning second index add...
     Calculating kernels for center species 6
     Calculating kernels for center species 6
Beginning first index add...
Beginning second index add...
Training kernel done
Computing test kernel
     Calculating kernels for center species 1
     Calculating kernels for center species 1
Beginning first index add...
Beginning second index add...
     Calculating kernels for center species 6
     Calculating kernels for center species 6
Beginning first index add...
Beginning second index add...
Test kernel done
Calculating composition features
Composition features done
-8.0 23.008700963709636
-7.8 23.005959222265677
-7.6 23.001642579102892
-7.4 22.99487203641029
-7.2 22.98431454067888
-7.0 22.967998170438264
-6.8 22.943115306245698
-6.6 22.905891964238997
-6.4 22.85166376202126
-6.2 22.77529683524695
-6.0 22.67188247714405
-5.8 22.53720552818023
-5.6 22.367297297346596
-5.4 22.157132753290735
-5.199999999999999 21.90000132297677
-5.0 21.589596211133866
-4.8 21.224837444135037
-4.6 20.814189007263344
-4.4 20.375899673260477
-4.199999999999999 19.934203270583332
-4.0 19.514321944218153
-3.8 19.13802430176725
-3.5999999999999996 18.819671253080006
-3.3999999999999995 18.563727444253857
-3.1999999999999993 18.366226694257122
-3.0 18.22023249643117
-2.8 18.121542507215903
-2.5999999999999996 18.07175681023144
-2.3999999999999995 18.079515985369373
-2.1999999999999993 18.16062981073833
-2.0 18.335147857295887
-1.7999999999999998 18.62107168686662
-1.5999999999999996 19.029028667572177
-1.3999999999999995 19.5619238715809
-1.1999999999999993 20.218272260115512
-1.0 20.995177129529814
-0.7999999999999998 21.890446990892833
-0.5999999999999996 22.908220257291127
-0.39999999999999947 24.070626639819565
-0.1999999999999993 25.429570531575454
0.0 27.067790798369764
0.20000000000000107 29.08180326619779
0.40000000000000036 31.548814954876427
0.5999999999999996 34.49150403325239
0.8000000000000007 37.85468005980572
1.0 41.49756935625915
1.200000000000001 45.21232000207443
1.4000000000000004 48.7853187399647
1.6000000000000014 52.08303049627724
1.8000000000000007 55.10414772993513
2.0 57.9507440408969
2.200000000000001 60.72919984171956
2.4000000000000004 63.45338529926621
2.6000000000000014 66.02723519816412
2.8000000000000007 68.30986986020994
3.0 70.19597813282044
3.200000000000001 71.65519361396196
3.4000000000000004 72.7251794863644
3.6000000000000014 73.48178258211438
3.8000000000000007 74.00919643129636
4.0 74.38036444035774
Result sigma optimization:  -2.5999999999999996 18.07175681023144
E_max_2 =  500
Cutoff Radius =  6.0
Selected Radial Transform =  16.0
factor =  0.4
displacement =  0.0
dataset =  datasets/random-ch4-10k.extxyz
n_train =  2000
n_test =  2000
Train RMSE: 7.670570658571396 [Train MAE: 4.6728211689991745]
Test RMSE: 25.226964996397395 [Test MAE: 9.910627604583974]
FINISHED at Wed Jan 11 01:57:17 CET 2023
