STARTING AT Wed Jan 11 01:58:12 CET 2023
Random seed: 1000
6 14
Reading dataset
Shuffling and extracting from dataset (length: 10000)
Shuffling and extraction done
Calculating power spectrum
Expansion coefficients done
Computing training kernel
     Calculating kernels for center species 1
     Calculating kernels for center species 1
Beginning first index add...
Beginning second index add...
     Calculating kernels for center species 6
     Calculating kernels for center species 6
Beginning first index add...
Beginning second index add...
Training kernel done
Computing test kernel
     Calculating kernels for center species 1
     Calculating kernels for center species 1
Beginning first index add...
Beginning second index add...
     Calculating kernels for center species 6
     Calculating kernels for center species 6
Beginning first index add...
Beginning second index add...
Test kernel done
Calculating composition features
Composition features done
-8.0 27.42691090583737
-7.8 25.847389972686777
-7.6 24.495329300830914
-7.4 23.293009097022804
-7.2 22.157549262033452
-7.0 21.04694118390836
-6.8 19.96340370277682
-6.6 18.932546890031116
-6.4 17.987945134876483
-6.2 17.165860124337446
-6.0 16.498710484821068
-5.8 16.004306625270388
-5.6 15.678975987994276
-5.4 15.500647399533891
-5.199999999999999 15.439282807972049
-5.0 15.467174417431364
-4.8 15.5632227295777
-4.6 15.710920744409814
-4.4 15.894047888580424
-4.199999999999999 16.09369825153308
-4.0 16.287341917164394
-3.8 16.44990687153445
-3.5999999999999996 16.55920163690821
-3.3999999999999995 16.60632501109444
-3.1999999999999993 16.6038490316263
-3.0 16.582779162945762
-2.8 16.580151255416816
-2.5999999999999996 16.628788590857038
-2.3999999999999995 16.757016443541712
-2.1999999999999993 16.99586944920648
-2.0 17.385770747174647
-1.7999999999999998 17.9756189964712
-1.5999999999999996 18.812440628842754
-1.3999999999999995 19.92613509697928
-1.1999999999999993 21.314577896280834
-1.0 22.93263536129321
-0.7999999999999998 24.69956578982947
-0.5999999999999996 26.54759544463387
-0.39999999999999947 28.505850479506446
-0.1999999999999993 30.76985742443561
0.0 33.68944009064623
0.20000000000000107 37.6208017858063
0.40000000000000036 42.671367099726695
0.5999999999999996 48.522709763738874
0.8000000000000007 54.52498686782987
1.0 60.00368617106503
1.200000000000001 64.52656964894275
1.4000000000000004 67.97284748512519
1.6000000000000014 70.44528030324615
1.8000000000000007 72.14399543307607
2.0 73.2765028487517
2.200000000000001 74.01601523981714
2.4000000000000004 74.49194379749231
2.6000000000000014 74.79506071323559
2.8000000000000007 74.9866910823888
3.0 75.10727286415809
3.200000000000001 75.18298140921974
3.4000000000000004 75.2305015215126
3.6000000000000014 75.26035074901763
3.8000000000000007 75.27912027900186
4.0 75.29093451371465
Result sigma optimization:  -5.199999999999999 15.439282807972049
E_max_2 =  400
Cutoff Radius =  6.0
Selected Radial Transform =  16.0
factor =  0.9
displacement =  0.0
dataset =  datasets/random-ch4-10k.extxyz
n_train =  2000
n_test =  2000
Train RMSE: 3.1621255424380084 [Train MAE: 2.397160928780335]
Test RMSE: 14.951425244797502 [Test MAE: 5.913992371827957]
FINISHED at Wed Jan 11 02:07:09 CET 2023
