STARTING AT Wed Jan 11 03:19:16 CET 2023
Random seed: 1000
8 20
Reading dataset
Shuffling and extracting from dataset (length: 105092)
Shuffling and extraction done
Calculating power spectrum
Expansion coefficients done
Computing training kernel
     Calculating kernels for center species 79
     Calculating kernels for center species 79
Beginning first index add...
Beginning second index add...
Training kernel done
Computing test kernel
     Calculating kernels for center species 79
     Calculating kernels for center species 79
Beginning first index add...
Beginning second index add...
Test kernel done
Calculating composition features
Composition features done
-8.0 125.97798470101228
-7.8 125.7297613881242
-7.6 125.40741587233128
-7.4 124.9836874026749
-7.2 124.44065847990088
-7.0 123.7683187888947
-6.8 122.95464285801224
-6.6 121.97500105686065
-6.4 120.78943791204726
-6.2 119.3515288096707
-6.0 117.62604209096138
-5.8 115.60534532304139
-5.6 113.31229735637174
-5.4 110.78789550062535
-5.199999999999999 108.07588836734654
-5.0 105.21567479761524
-4.8 102.24479201073392
-4.6 99.2074394854808
-4.4 96.16008222334207
-4.199999999999999 93.16035181218345
-4.0 90.24010404533313
-3.8 87.38967146028733
-3.5999999999999996 84.57859961543656
-3.3999999999999995 81.80204008629306
-3.1999999999999993 79.11585450522863
-3.0 76.63694500548922
-2.8 74.51558646476461
-2.5999999999999996 72.89935640401944
-2.3999999999999995 71.90353114898284
-2.1999999999999993 71.59505082534207
-2.0 71.98762859920916
-1.7999999999999998 73.04114577066001
-1.5999999999999996 74.66908427895898
-1.3999999999999995 76.76603911187851
-1.1999999999999993 79.25250489069111
-1.0 82.11515135539463
-0.7999999999999998 85.42488705110833
-0.5999999999999996 89.32429480257186
-0.39999999999999947 93.97270803060023
-0.1999999999999993 99.45590454789435
0.0 105.71739558368556
0.20000000000000107 112.57854168505462
0.40000000000000036 119.8455635297564
0.5999999999999996 127.4261147858793
0.8000000000000007 135.3810880198149
1.0 143.9152389414119
1.200000000000001 153.37713981359423
1.4000000000000004 164.2899871737927
1.6000000000000014 177.29301123194446
1.8000000000000007 192.8588144450272
2.0 210.92393240941337
2.200000000000001 230.86298917949128
2.4000000000000004 252.05555696134556
2.6000000000000014 274.7278841564147
2.8000000000000007 300.38961296356047
3.0 331.27817635224255
3.200000000000001 368.85355371027265
3.4000000000000004 412.5403134098643
3.6000000000000014 460.2195631932182
3.8000000000000007 510.0323680754395
4.0 561.204953999317
Result sigma optimization:  -2.1999999999999993 71.59505082534207
E_max_2 =  700
Cutoff Radius =  6.0
Selected Radial Transform =  16.0
factor =  0.3
displacement =  0.0
dataset =  datasets/gold.xyz
n_train =  2000
n_test =  2000
Train RMSE: 46.29143261379591 [Train MAE: 31.857173991130082]
Test RMSE: 71.03516278880964 [Test MAE: 44.460274696612146]
FINISHED at Wed Jan 11 03:20:06 CET 2023
