STARTING AT Wed Jan 11 02:06:16 CET 2023
Random seed: 1000
8 20
Reading dataset
Shuffling and extracting from dataset (length: 10000)
Shuffling and extraction done
Calculating power spectrum
Expansion coefficients done
Computing training kernel
     Calculating kernels for center species 1
     Calculating kernels for center species 1
Beginning first index add...
Beginning second index add...
     Calculating kernels for center species 6
     Calculating kernels for center species 6
Beginning first index add...
Beginning second index add...
Training kernel done
Computing test kernel
     Calculating kernels for center species 1
     Calculating kernels for center species 1
Beginning first index add...
Beginning second index add...
     Calculating kernels for center species 6
     Calculating kernels for center species 6
Beginning first index add...
Beginning second index add...
Test kernel done
Calculating composition features
Composition features done
-8.0 25.109703216118586
-7.8 25.107029770631392
-7.6 25.102826739827762
-7.4 25.096249151877124
-7.2 25.086027762438306
-7.0 25.070313168762272
-6.8 25.046535766123306
-6.6 25.011386345578934
-6.4 24.961115729808224
-6.2 24.892424799305545
-6.0 24.80408281923884
-5.8 24.698767231408358
-5.6 24.583490936370673
-5.4 24.466616091677736
-5.199999999999999 24.351659445053105
-5.0 24.232099815752964
-4.8 24.092557555356176
-4.6 23.91703876450708
-4.4 23.698634403468446
-4.199999999999999 23.44363007301299
-4.0 23.167698771212567
-3.8 22.888772506312435
-3.5999999999999996 22.623625466360007
-3.3999999999999995 22.38980207733787
-3.1999999999999993 22.20763815683723
-3.0 22.09685470473776
-2.8 22.06745878301687
-2.5999999999999996 22.109642875706182
-2.3999999999999995 22.189331234491917
-2.1999999999999993 22.254262524752637
-2.0 22.25027491619997
-1.7999999999999998 22.141122264863753
-1.5999999999999996 21.921746470887555
-1.3999999999999995 21.618783621384562
-1.1999999999999993 21.281275878185294
-1.0 20.969968500658542
-0.7999999999999998 20.750438694965506
-0.5999999999999996 20.688682656058017
-0.39999999999999947 20.844627816778868
-0.1999999999999993 21.26285560267887
0.0 21.966796587358296
0.20000000000000107 22.959001384495437
0.40000000000000036 24.217160773285503
0.5999999999999996 25.684067478189718
0.8000000000000007 27.28075333144094
1.0 28.96993433291494
1.200000000000001 30.844057054381604
1.4000000000000004 33.16903021747203
1.6000000000000014 36.31398708495452
1.8000000000000007 40.54423982597006
2.0 45.784977429780476
2.200000000000001 51.56617397424306
2.4000000000000004 57.223643381205896
2.6000000000000014 62.190724476026666
2.8000000000000007 66.17267965223213
3.0 69.14413968843337
3.200000000000001 71.24573847524489
3.4000000000000004 72.6759127668351
3.6000000000000014 73.62322189939141
3.8000000000000007 74.23895991170005
4.0 74.63385499311153
Result sigma optimization:  -0.5999999999999996 20.688682656058017
E_max_2 =  700
Cutoff Radius =  6.0
Selected Radial Transform =  17.0
factor =  1.0
displacement =  0.0
dataset =  datasets/random-ch4-10k.extxyz
n_train =  2000
n_test =  2000
Train RMSE: 11.256209497360356 [Train MAE: 8.664638768876548]
Test RMSE: 17.359128730514445 [Test MAE: 10.427060914393557]
FINISHED at Wed Jan 11 02:07:22 CET 2023
