STARTING AT Wed Jan 11 03:25:18 CET 2023
Random seed: 1000
5 11
Reading dataset
Shuffling and extracting from dataset (length: 105092)
Shuffling and extraction done
Calculating power spectrum
Expansion coefficients done
Computing training kernel
     Calculating kernels for center species 79
     Calculating kernels for center species 79
Beginning first index add...
Beginning second index add...
Training kernel done
Computing test kernel
     Calculating kernels for center species 79
     Calculating kernels for center species 79
Beginning first index add...
Beginning second index add...
Test kernel done
Calculating composition features
Composition features done
-8.0 86.28941809699063
-7.8 86.81289868802126
-7.6 87.28056664885806
-7.4 87.71993979073731
-7.2 88.16745501675639
-7.0 88.66159535038396
-6.8 89.23411594405351
-6.6 89.90348728214875
-6.4 90.6768742360422
-6.2 91.55880180908163
-6.0 92.5571145432944
-5.8 93.68219861973857
-5.6 94.94845723788146
-5.4 96.38780958703713
-5.199999999999999 98.06555907870556
-5.0 100.07605612613938
-4.8 102.51346586884914
-4.6 105.43675386491878
-4.4 108.8463677946619
-4.199999999999999 112.67775941703628
-4.0 116.80981005409124
-3.8 121.08485685618216
-3.5999999999999996 125.3444541493667
-3.3999999999999995 129.48276299066902
-3.1999999999999993 133.50346041442492
-3.0 137.54888756885697
-2.8 141.8603999732756
-2.5999999999999996 146.6639925591771
-2.3999999999999995 152.0739518867272
-2.1999999999999993 158.16285584669333
-2.0 165.19910781141263
-1.7999999999999998 173.80237169109193
-1.5999999999999996 184.72002256246418
-1.3999999999999995 198.24487507240067
-1.1999999999999993 213.80022639994556
-1.0 230.24415316360322
-0.7999999999999998 246.69612166924756
-0.5999999999999996 263.12400267227855
-0.39999999999999947 280.2502015349538
-0.1999999999999993 298.9906748772591
0.0 319.9627778446632
0.20000000000000107 343.357382349485
0.40000000000000036 368.9366368064207
0.5999999999999996 395.8892371644661
0.8000000000000007 422.9016771026953
1.0 448.9462194821993
1.200000000000001 474.4309578154943
1.4000000000000004 501.7316817459185
1.6000000000000014 534.3512402656986
1.8000000000000007 574.6342515335824
2.0 621.4040147793162
2.200000000000001 669.9304299075087
2.4000000000000004 714.6045582772981
2.6000000000000014 751.7467205477418
2.8000000000000007 780.4519174399526
3.0 801.768102081755
3.200000000000001 817.4529290984636
3.4000000000000004 829.0911119798176
3.6000000000000014 837.7692330491628
3.8000000000000007 844.1642055545443
4.0 848.7546562508517
Result sigma optimization:  -8.0 86.28941809699063
E_max_2 =  300
Cutoff Radius =  6.0
Selected Radial Transform =  17.0
factor =  1.0
displacement =  0.0
dataset =  datasets/gold.xyz
n_train =  2000
n_test =  2000
Train RMSE: 72.92284359174172 [Train MAE: 52.37247651302815]
Test RMSE: 88.20682659661165 [Test MAE: 59.70014616882801]
FINISHED at Wed Jan 11 03:26:42 CET 2023
