STARTING AT Wed Jan 11 03:28:19 CET 2023
Random seed: 1000
8 20
Reading dataset
Shuffling and extracting from dataset (length: 105092)
Shuffling and extraction done
Calculating power spectrum
Expansion coefficients done
Computing training kernel
     Calculating kernels for center species 79
     Calculating kernels for center species 79
Beginning first index add...
Beginning second index add...
Training kernel done
Computing test kernel
     Calculating kernels for center species 79
     Calculating kernels for center species 79
Beginning first index add...
Beginning second index add...
Test kernel done
Calculating composition features
Composition features done
-8.0 118.75927531920257
-7.8 119.45194185137731
-7.6 120.02176793861415
-7.4 120.48597613200941
-7.2 120.88838108698663
-7.0 121.30705727940774
-6.8 121.86549035942247
-6.6 122.7496598866543
-6.4 124.21593547829899
-6.2 126.56744576831599
-6.0 130.06628121580155
-5.8 134.80776244600654
-5.6 140.65200655629968
-5.4 147.2671541364602
-5.199999999999999 154.2107934910285
-5.0 160.98094099738938
-4.8 167.08821071377068
-4.6 172.18512605934708
-4.4 176.16352112302982
-4.199999999999999 179.14505867691028
-4.0 181.40967531523683
-3.8 183.34791115188557
-3.5999999999999996 185.47866445749423
-3.3999999999999995 188.52484935757738
-3.1999999999999993 193.50264975238815
-3.0 201.71000500194953
-2.8 214.40418899322447
-2.5999999999999996 232.0811808915844
-2.3999999999999995 253.80850262411082
-2.1999999999999993 277.3513244523967
-2.0 300.1283548098664
-1.7999999999999998 320.222763860497
-1.5999999999999996 336.8046728941992
-1.3999999999999995 349.95670092534033
-1.1999999999999993 360.24058299640166
-1.0 368.29376486903476
-0.7999999999999998 374.61019550713286
-0.5999999999999996 379.5454977033497
-0.39999999999999947 383.4596442009133
-0.1999999999999993 386.8898292637868
0.0 390.7626726970292
0.20000000000000107 396.7389965262326
0.40000000000000036 407.6789753656565
0.5999999999999996 427.79670314747267
0.8000000000000007 461.50277415195274
1.0 510.4650206083386
1.200000000000001 571.0035937032948
1.4000000000000004 635.03393461333
1.6000000000000014 694.112796596391
1.8000000000000007 742.9107801361586
2.0 779.9550546889403
2.200000000000001 806.4093011605165
2.4000000000000004 824.5150564306476
2.6000000000000014 836.5570383064888
2.8000000000000007 844.4160419729852
3.0 849.4821567792745
3.200000000000001 852.7215279227913
3.4000000000000004 854.7812807328297
3.6000000000000014 856.0850300662825
3.8000000000000007 856.906033863474
4.0 857.4188718540676
Result sigma optimization:  -8.0 118.75927531920257
E_max_2 =  700
Cutoff Radius =  6.0
Selected Radial Transform =  17.0
factor =  2.3
displacement =  0.0
dataset =  datasets/gold.xyz
n_train =  2000
n_test =  2000
Train RMSE: 115.92278740086081 [Train MAE: 91.31373164331913]
Test RMSE: 121.75773954612227 [Test MAE: 94.89213499867915]
FINISHED at Wed Jan 11 03:29:06 CET 2023
