STARTING AT Wed Jan 11 03:24:48 CET 2023
Random seed: 1000
7 18
Reading dataset
Shuffling and extracting from dataset (length: 105092)
Shuffling and extraction done
Calculating power spectrum
Expansion coefficients done
Computing training kernel
     Calculating kernels for center species 79
     Calculating kernels for center species 79
Beginning first index add...
Beginning second index add...
Training kernel done
Computing test kernel
     Calculating kernels for center species 79
     Calculating kernels for center species 79
Beginning first index add...
Beginning second index add...
Test kernel done
Calculating composition features
Composition features done
-8.0 136.78568797514455
-7.8 135.35933534044767
-7.6 133.79375993919675
-7.4 132.03543227394215
-7.2 130.05217291439251
-7.0 127.85628264168167
-6.8 125.50813098134763
-6.6 123.09364588029317
-6.4 120.69063333254655
-6.2 118.34626140866418
-6.0 116.07401094220006
-5.8 113.8597469430856
-5.6 111.66544719188097
-5.4 109.43386593540636
-5.199999999999999 107.10379837753244
-5.0 104.63038450709527
-4.8 101.99031230578677
-4.6 99.16596400272901
-4.4 96.13138916580897
-4.199999999999999 92.86490139185052
-4.0 89.3828578932871
-3.8 85.76689467044825
-3.5999999999999996 82.16547531484198
-3.3999999999999995 78.7694844566342
-3.1999999999999993 75.7727413185218
-3.0 73.33643150894413
-2.8 71.57407695217555
-2.5999999999999996 70.55273770155215
-2.3999999999999995 70.29385052485799
-2.1999999999999993 70.76958708175258
-2.0 71.90350103421112
-1.7999999999999998 73.5867289759504
-1.5999999999999996 75.71521585535403
-1.3999999999999995 78.23393160650747
-1.1999999999999993 81.16377331809808
-1.0 84.60531714226565
-0.7999999999999998 88.72537847370272
-0.5999999999999996 93.71217735828252
-0.39999999999999947 99.68308023120838
-0.1999999999999993 106.59756229977067
0.0 114.27777763090563
0.20000000000000107 122.54147323106409
0.40000000000000036 131.31929086647938
0.5999999999999996 140.66895791699486
0.8000000000000007 150.74484680991506
1.0 161.80412627640638
1.200000000000001 174.2354049090943
1.4000000000000004 188.53195406525717
1.6000000000000014 205.13559120699276
1.8000000000000007 224.23352444742673
2.0 245.81897566008982
2.200000000000001 270.17870237266123
2.4000000000000004 298.389153081522
2.6000000000000014 332.03050614105035
2.8000000000000007 371.90030500032145
3.0 416.90242859298473
3.200000000000001 464.63432808386557
3.4000000000000004 513.2334800832721
3.6000000000000014 562.2669749519397
3.8000000000000007 611.5655302571643
4.0 659.5503021202758
Result sigma optimization:  -2.3999999999999995 70.29385052485799
E_max_2 =  600
Cutoff Radius =  6.0
Selected Radial Transform =  17.0
factor =  0.4
displacement =  0.0
dataset =  datasets/gold.xyz
n_train =  2000
n_test =  2000
Train RMSE: 46.34059367049822 [Train MAE: 31.683100675982015]
Test RMSE: 69.98833156394818 [Test MAE: 43.687330336428715]
FINISHED at Wed Jan 11 03:25:39 CET 2023
