STARTING AT Wed Jan 11 02:04:45 CET 2023
Random seed: 1000
7 16
Reading dataset
Shuffling and extracting from dataset (length: 10000)
Shuffling and extraction done
Calculating power spectrum
Expansion coefficients done
Computing training kernel
     Calculating kernels for center species 1
     Calculating kernels for center species 1
Beginning first index add...
Beginning second index add...
     Calculating kernels for center species 6
     Calculating kernels for center species 6
Beginning first index add...
Beginning second index add...
Training kernel done
Computing test kernel
     Calculating kernels for center species 1
     Calculating kernels for center species 1
Beginning first index add...
Beginning second index add...
     Calculating kernels for center species 6
     Calculating kernels for center species 6
Beginning first index add...
Beginning second index add...
Test kernel done
Calculating composition features
Composition features done
-8.0 20.94786710403291
-7.8 20.94545883804858
-7.6 20.94167050058386
-7.4 20.935736569479612
-7.2 20.926502796334475
-7.0 20.912277113483448
-6.8 20.890684064459005
-6.6 20.85859961895023
-6.4 20.81229170594551
-6.2 20.74786500940431
-6.0 20.661884216766776
-5.8 20.551659909253118
-5.6 20.41459408587601
-5.4 20.246812758584436
-5.199999999999999 20.042692503393084
-5.0 19.797031605846026
-4.8 19.509318968320095
-4.6 19.18699054188491
-4.4 18.84539752579802
-4.199999999999999 18.505360796542377
-4.0 18.18975974375769
-3.8 17.918692611342067
-3.5999999999999996 17.70344085955681
-3.3999999999999995 17.542939926595498
-3.1999999999999993 17.426651631160432
-3.0 17.34270995654415
-2.8 17.285892675258413
-2.5999999999999996 17.261278622565623
-2.3999999999999995 17.283808946393012
-2.1999999999999993 17.375323160492425
-2.0 17.55887403281542
-1.7999999999999998 17.851375555928914
-1.5999999999999996 18.25947612121064
-1.3999999999999995 18.782086403559678
-1.1999999999999993 19.41632629986486
-1.0 20.161508001860017
-0.7999999999999998 21.021286073498256
-0.5999999999999996 22.008674531861864
-0.39999999999999947 23.155879603119086
-0.1999999999999993 24.52406408040538
0.0 26.20358032030281
0.20000000000000107 28.29615763912808
0.40000000000000036 30.878323257800325
0.5999999999999996 33.959932081170805
0.8000000000000007 37.45860155107251
1.0 41.2015459356974
1.200000000000001 44.962920003944866
1.4000000000000004 48.539349040433905
1.6000000000000014 51.831989497390346
1.8000000000000007 54.87783505892363
2.0 57.797229308138505
2.200000000000001 60.68411632597516
2.4000000000000004 63.51906983588654
2.6000000000000014 66.17439144087189
2.8000000000000007 68.49579046399394
3.0 70.38352442276732
3.200000000000001 71.82222788312032
3.4000000000000004 72.86397569827707
3.6000000000000014 73.59350623565626
3.8000000000000007 74.09835119680334
4.0 74.45133863416143
Result sigma optimization:  -2.5999999999999996 17.261278622565623
E_max_2 =  500
Cutoff Radius =  6.0
Selected Radial Transform =  17.0
factor =  0.6
displacement =  0.0
dataset =  datasets/random-ch4-10k.extxyz
n_train =  2000
n_test =  2000
Train RMSE: 7.307881232186259 [Train MAE: 4.549897327332446]
Test RMSE: 24.07761664237059 [Test MAE: 9.591434551287389]
FINISHED at Wed Jan 11 02:05:25 CET 2023
