STARTING AT Wed Jan 11 03:25:48 CET 2023
Random seed: 1000
5 11
Reading dataset
Shuffling and extracting from dataset (length: 105092)
Shuffling and extraction done
Calculating power spectrum
Expansion coefficients done
Computing training kernel
     Calculating kernels for center species 79
     Calculating kernels for center species 79
Beginning first index add...
Beginning second index add...
Training kernel done
Computing test kernel
     Calculating kernels for center species 79
     Calculating kernels for center species 79
Beginning first index add...
Beginning second index add...
Test kernel done
Calculating composition features
Composition features done
-8.0 92.73860342063506
-7.8 93.5801262521118
-7.6 94.47371314628879
-7.4 95.40544539640365
-7.2 96.37370008612892
-7.0 97.37880100800356
-6.8 98.41774107214128
-6.6 99.49070793373885
-6.4 100.61758173309852
-6.2 101.85207672480381
-6.0 103.27484105507698
-5.8 104.95564275308881
-5.6 106.90400844339413
-5.4 109.04922727603329
-5.199999999999999 111.27138077857498
-5.0 113.46265673580072
-4.8 115.57950351309788
-4.6 117.66669716551993
-4.4 119.8633312227275
-4.199999999999999 122.40010722377956
-4.0 125.57185135760776
-3.8 129.65868755261593
-3.5999999999999996 134.80493774973732
-3.3999999999999995 140.93512728391843
-3.1999999999999993 147.8183961394475
-3.0 155.3093599764779
-2.8 163.6257782027842
-2.5999999999999996 173.4045711861076
-2.3999999999999995 185.33110650040774
-2.1999999999999993 199.4690816034693
-2.0 214.89152549167872
-1.7999999999999998 230.11723068444434
-1.5999999999999996 244.01667811749888
-1.3999999999999995 256.41868021602585
-1.1999999999999993 268.1164880685862
-1.0 280.4657514926691
-0.7999999999999998 294.82587092916606
-0.5999999999999996 312.05142400965735
-0.39999999999999947 332.22940328522805
-0.1999999999999993 354.6883886504873
0.0 378.1645540290316
0.20000000000000107 401.2307398678583
0.40000000000000036 423.1452395749591
0.5999999999999996 444.7853398702222
0.8000000000000007 469.04051297590155
1.0 500.09142152273597
1.200000000000001 541.1812547533106
1.4000000000000004 591.7822128269161
1.6000000000000014 646.8445615848748
1.8000000000000007 699.4067266112555
2.0 744.1308422485163
2.200000000000001 778.888514279145
2.4000000000000004 804.1860236048863
2.6000000000000014 821.8239900572175
2.8000000000000007 833.8343698281424
3.0 841.9400837504619
3.200000000000001 847.4029650145272
3.4000000000000004 851.0781298118748
3.6000000000000014 853.5346524647235
3.8000000000000007 855.1595107100367
4.0 856.2219172225504
Result sigma optimization:  -8.0 92.73860342063506
E_max_2 =  300
Cutoff Radius =  6.0
Selected Radial Transform =  17.0
factor =  1.2
displacement =  0.0
dataset =  datasets/gold.xyz
n_train =  2000
n_test =  2000
Train RMSE: 84.68728357193903 [Train MAE: 62.578378445982935]
Test RMSE: 93.85256628613521 [Test MAE: 67.34384570848941]
FINISHED at Wed Jan 11 03:26:36 CET 2023
