STARTING AT Tue Jan 10 12:02:38 CET 2023
Random seed: 1000
7 18
Reading dataset
Shuffling and extracting from dataset (length: 133885)
Shuffling and extraction done
Calculating power spectrum
Expansion coefficients done
Computing training kernel
     Calculating kernels for center species 1
     Calculating kernels for center species 1
Beginning first index add...
Beginning second index add...
     Calculating kernels for center species 6
     Calculating kernels for center species 6
Beginning first index add...
Beginning second index add...
     Calculating kernels for center species 7
     Calculating kernels for center species 7
Beginning first index add...
Beginning second index add...
     Calculating kernels for center species 8
     Calculating kernels for center species 8
Beginning first index add...
Beginning second index add...
     Calculating kernels for center species 9
     Calculating kernels for center species 9
Beginning first index add...
Beginning second index add...
Training kernel done
Computing test kernel
     Calculating kernels for center species 1
     Calculating kernels for center species 1
Beginning first index add...
Beginning second index add...
     Calculating kernels for center species 6
     Calculating kernels for center species 6
Beginning first index add...
Beginning second index add...
     Calculating kernels for center species 7
     Calculating kernels for center species 7
Beginning first index add...
Beginning second index add...
     Calculating kernels for center species 8
     Calculating kernels for center species 8
Beginning first index add...
Beginning second index add...
     Calculating kernels for center species 9
     Calculating kernels for center species 9
Beginning first index add...
Beginning second index add...
Test kernel done
Calculating composition features
Composition features done
-8.0 2.8042969880854662
-7.8 2.8042969874060715
-7.6 2.804296986330816
-7.4 2.8042969846288623
-7.2 2.804296981927264
-7.0 2.804296977646817
-6.8 2.804296970865543
-6.6 2.8042969601145713
-6.4 2.8042969430785534
-6.2 2.8042969160757494
-6.0 2.8042968732801055
-5.8 2.8042968054524353
-5.6 2.804296697950208
-5.4 2.804296527574531
-5.199999999999999 2.804296257549291
-5.0 2.8042958295815668
-4.8 2.804295151302626
-4.6 2.8042940762973103
-4.4 2.8042923725184097
-4.199999999999999 2.8042896721836006
-4.0 2.8042853923790343
-3.8 2.8042786091881444
-3.5999999999999996 2.804267858160459
-3.3999999999999995 2.8042508179386814
-3.1999999999999993 2.8042242062252116
-3.0 2.804182383753787
-2.8 2.804116083299655
-2.5999999999999996 2.8040109639089947
-2.3999999999999995 2.803844262644788
-2.1999999999999993 2.8035836577320614
-2.0 2.80317868346684
-1.7999999999999998 2.802604474957526
-1.5999999999999996 2.8018291580876995
-1.3999999999999995 2.800656785256402
-1.1999999999999993 2.799099551377568
-1.0 2.797254212501468
-0.7999999999999998 2.796278755184905
-0.5999999999999996 2.797379277588322
-0.39999999999999947 2.8029442248802767
-0.1999999999999993 2.8188502250953307
0.0 2.854471822408653
0.20000000000000107 2.9145542747398836
0.40000000000000036 3.0059495597749724
0.5999999999999996 3.1352414785988674
0.8000000000000007 3.3006035196953527
1.0 3.5061397016896976
1.200000000000001 3.753819104515438
1.4000000000000004 4.042228564064308
1.6000000000000014 4.382912302351212
1.8000000000000007 4.782799672271001
2.0 5.279092392186166
2.200000000000001 5.875019666686504
2.4000000000000004 6.5858087495898205
2.6000000000000014 7.423566613873738
2.8000000000000007 8.393616412058906
3.0 9.484095590337878
3.200000000000001 10.650527998536257
3.4000000000000004 11.892604595680826
3.6000000000000014 13.157720689417978
3.8000000000000007 14.430084430067135
4.0 15.69317012646601
Result sigma optimization:  -0.7999999999999998 2.796278755184905
E_max_2 =  600
Cutoff Radius =  6.0
Selected Radial Transform =  17.0
factor =  0.4
displacement =  0.0
dataset =  datasets/qm9.xyz
n_train =  2000
n_test =  2000
Train RMSE: 0.2681446571988562 [Train MAE: 0.18604629686348603]
Test RMSE: 3.9388328672994657 [Test MAE: 2.574815741588256]
FINISHED at Tue Jan 10 12:05:10 CET 2023
