STARTING AT Wed Jan 11 02:07:16 CET 2023
Random seed: 1000
7 18
Reading dataset
Shuffling and extracting from dataset (length: 10000)
Shuffling and extraction done
Calculating power spectrum
Expansion coefficients done
Computing training kernel
     Calculating kernels for center species 1
     Calculating kernels for center species 1
Beginning first index add...
Beginning second index add...
     Calculating kernels for center species 6
     Calculating kernels for center species 6
Beginning first index add...
Beginning second index add...
Training kernel done
Computing test kernel
     Calculating kernels for center species 1
     Calculating kernels for center species 1
Beginning first index add...
Beginning second index add...
     Calculating kernels for center species 6
     Calculating kernels for center species 6
Beginning first index add...
Beginning second index add...
Test kernel done
Calculating composition features
Composition features done
-8.0 24.95590627996646
-7.8 23.66687346169025
-7.6 22.420303942892318
-7.4 21.22070494199897
-7.2 20.0989551700981
-7.0 19.09386656728814
-6.8 18.234093973549765
-6.6 17.524690298184723
-6.4 16.94232284810136
-6.2 16.44547416594019
-6.0 15.994011922062946
-5.8 15.562998317174605
-5.6 15.144167277800074
-5.4 14.73987321971543
-5.199999999999999 14.356558431488306
-5.0 14.001372876491006
-4.8 13.681178037096823
-4.6 13.401362301337166
-4.4 13.164037666544381
-4.199999999999999 12.967537432889051
-4.0 12.808285644118415
-3.8 12.683680675051779
-3.5999999999999996 12.593762597630812
-3.3999999999999995 12.540995390547684
-3.1999999999999993 12.529561175596728
-3.0 12.56572161878302
-2.8 12.659630516520938
-2.5999999999999996 12.827680650770105
-2.3999999999999995 13.092963399282521
-2.1999999999999993 13.481918037000126
-2.0 14.018995859109658
-1.7999999999999998 14.723155235301823
-1.5999999999999996 15.606128949988681
-1.3999999999999995 16.668152477040927
-1.1999999999999993 17.889789039467715
-1.0 19.225953790113945
-0.7999999999999998 20.610495572274644
-0.5999999999999996 21.973801700352883
-0.39999999999999947 23.269974185789003
-0.1999999999999993 24.50796584472818
0.0 25.779683460390256
0.20000000000000107 27.281062113391968
0.40000000000000036 29.322889917572247
0.5999999999999996 32.29834420219352
0.8000000000000007 36.53311944661442
1.0 42.02832275551812
1.200000000000001 48.31658620528931
1.4000000000000004 54.63097638431187
1.6000000000000014 60.26261113340469
1.8000000000000007 64.81451797645077
2.0 68.22368973502086
2.200000000000001 70.63828114117467
2.4000000000000004 72.28256090673571
2.6000000000000014 73.37254130195237
2.8000000000000007 74.08196227188628
3.0 74.53779692569533
3.200000000000001 74.82781330583406
3.4000000000000004 75.01072912883106
3.6000000000000014 75.1251278008635
3.8000000000000007 75.1961264592278
4.0 75.23994806225694
Result sigma optimization:  -3.1999999999999993 12.529561175596728
E_max_2 =  600
Cutoff Radius =  6.0
Selected Radial Transform =  17.0
factor =  1.5
displacement =  0.0
dataset =  datasets/random-ch4-10k.extxyz
n_train =  2000
n_test =  2000
Train RMSE: 6.622209424199948 [Train MAE: 5.1439014782441355]
Test RMSE: 12.02455400058983 [Test MAE: 7.387830521224667]
FINISHED at Wed Jan 11 02:09:38 CET 2023
