STARTING AT Tue Jan 10 12:04:44 CET 2023
Random seed: 1000
6 14
Reading dataset
Shuffling and extracting from dataset (length: 133885)
Shuffling and extraction done
Calculating power spectrum
Expansion coefficients done
Computing training kernel
     Calculating kernels for center species 1
     Calculating kernels for center species 1
Beginning first index add...
Beginning second index add...
     Calculating kernels for center species 6
     Calculating kernels for center species 6
Beginning first index add...
Beginning second index add...
     Calculating kernels for center species 7
     Calculating kernels for center species 7
Beginning first index add...
Beginning second index add...
     Calculating kernels for center species 8
     Calculating kernels for center species 8
Beginning first index add...
Beginning second index add...
     Calculating kernels for center species 9
     Calculating kernels for center species 9
Beginning first index add...
Beginning second index add...
Training kernel done
Computing test kernel
     Calculating kernels for center species 1
     Calculating kernels for center species 1
Beginning first index add...
Beginning second index add...
     Calculating kernels for center species 6
     Calculating kernels for center species 6
Beginning first index add...
Beginning second index add...
     Calculating kernels for center species 7
     Calculating kernels for center species 7
Beginning first index add...
Beginning second index add...
     Calculating kernels for center species 8
     Calculating kernels for center species 8
Beginning first index add...
Beginning second index add...
     Calculating kernels for center species 9
     Calculating kernels for center species 9
Beginning first index add...
Beginning second index add...
Test kernel done
Calculating composition features
Composition features done
-8.0 1.670591111066351
-7.8 1.6705529891026454
-7.6 1.6704928320292312
-7.4 1.6704006891290264
-7.2 1.6702577885653374
-7.0 1.6700331194849931
-6.8 1.6696953647110713
-6.6 1.6691871659715762
-6.4 1.6683991460689358
-6.2 1.667227163039024
-6.0 1.6656266651094411
-5.8 1.6638252219129281
-5.6 1.661688324540919
-5.4 1.659550881880401
-5.199999999999999 1.658250356401957
-5.0 1.6587579943837991
-4.8 1.6631414066399375
-4.6 1.6732043288986551
-4.4 1.6901575590513258
-4.199999999999999 1.7177723127911178
-4.0 1.7587052105138063
-3.8 1.8198015685981845
-3.5999999999999996 1.8948153106303836
-3.3999999999999995 1.9877689660840023
-3.1999999999999993 2.0992330056728132
-3.0 2.2339323973325236
-2.8 2.4039707394539325
-2.5999999999999996 2.611341392091361
-2.3999999999999995 2.853305387183028
-2.1999999999999993 3.1346361924925485
-2.0 3.451478760695435
-1.7999999999999998 3.8120182852536146
-1.5999999999999996 4.215827453404899
-1.3999999999999995 4.6572633235398895
-1.1999999999999993 5.167629550909819
-1.0 5.781908982736447
-0.7999999999999998 6.538641103139053
-0.5999999999999996 7.454775122489488
-0.39999999999999947 8.505636814596219
-0.1999999999999993 9.664317136281719
0.0 10.90570407159319
0.20000000000000107 12.181377910337016
0.40000000000000036 13.484324346928734
0.5999999999999996 14.780496798125583
0.8000000000000007 15.996435465193523
1.0 17.094290360040898
1.200000000000001 18.026766902632147
1.4000000000000004 18.769772016191748
1.6000000000000014 19.3405003658646
1.8000000000000007 19.76546084558062
2.0 20.075915503135594
2.200000000000001 20.298676977598255
2.4000000000000004 20.456842638976134
2.6000000000000014 20.56994732634326
2.8000000000000007 20.648809488639593
3.0 20.70297559857836
3.200000000000001 20.739215241446065
3.4000000000000004 20.762904633277664
3.6000000000000014 20.778462951612713
3.8000000000000007 20.788486417905702
4.0 20.79482154495399
Result sigma optimization:  -5.199999999999999 1.658250356401957
E_max_2 =  400
Cutoff Radius =  6.0
Selected Radial Transform =  17.0
factor =  1.6
displacement =  0.0
dataset =  datasets/qm9.xyz
n_train =  2000
n_test =  2000
Train RMSE: 0.16476411723154322 [Train MAE: 0.12350639179908467]
Test RMSE: 2.373426536370969 [Test MAE: 1.482111243841049]
FINISHED at Tue Jan 10 12:16:31 CET 2023
