STARTING AT Wed Jan 11 03:26:18 CET 2023
Random seed: 1000
6 14
Reading dataset
Shuffling and extracting from dataset (length: 105092)
Shuffling and extraction done
Calculating power spectrum
Expansion coefficients done
Computing training kernel
     Calculating kernels for center species 79
     Calculating kernels for center species 79
Beginning first index add...
Beginning second index add...
Training kernel done
Computing test kernel
     Calculating kernels for center species 79
     Calculating kernels for center species 79
Beginning first index add...
Beginning second index add...
Test kernel done
Calculating composition features
Composition features done
-8.0 92.58572210544682
-7.8 93.59380023241616
-7.6 94.60044638337766
-7.4 95.5735269008462
-7.2 96.5038877036835
-7.0 97.394943600311
-6.8 98.251823745908
-6.6 99.0747663376783
-6.4 99.86342668708583
-6.2 100.63315538581129
-6.0 101.43038796879367
-5.8 102.32739327995039
-5.6 103.3919120809229
-5.4 104.65245467403605
-5.199999999999999 106.085422152733
-5.0 107.6295854387133
-4.8 109.21359294616181
-4.6 110.78286074122957
-4.4 112.32211788111707
-4.199999999999999 113.87371782080429
-4.0 115.5518074806866
-3.8 117.54875122376512
-3.5999999999999996 120.12757867993272
-3.3999999999999995 123.59700176189888
-3.1999999999999993 128.25512531594646
-3.0 134.30283618452563
-2.8 141.82056259599958
-2.5999999999999996 150.90937488027117
-2.3999999999999995 161.86114239885958
-2.1999999999999993 175.01864096834834
-2.0 190.24164283781607
-1.7999999999999998 206.504462090416
-1.5999999999999996 222.22375057858704
-1.3999999999999995 236.0857568117895
-1.1999999999999993 247.61612001808965
-1.0 257.20157951167573
-0.7999999999999998 265.8401383897017
-0.5999999999999996 274.897970739767
-0.39999999999999947 285.8432041454671
-0.1999999999999993 299.8072317173946
0.0 317.11385000312214
0.20000000000000107 337.19768401558525
0.40000000000000036 358.9808510527349
0.5999999999999996 381.28878827635197
0.8000000000000007 403.2019633654862
1.0 424.66058872745384
1.200000000000001 447.2179945623971
1.4000000000000004 474.2398583564122
1.6000000000000014 509.72674690143714
1.8000000000000007 555.6227526161697
2.0 609.431684087554
2.200000000000001 664.8560082442096
2.4000000000000004 715.2036053433368
2.6000000000000014 756.3612447534853
2.8000000000000007 787.3972909405709
3.0 809.5037311236623
3.200000000000001 824.6984691324973
3.4000000000000004 834.985422854235
3.6000000000000014 841.9865646719383
3.8000000000000007 846.8519972212808
4.0 850.3095759741738
Result sigma optimization:  -8.0 92.58572210544682
E_max_2 =  400
Cutoff Radius =  6.0
Selected Radial Transform =  17.0
factor =  1.3
displacement =  0.0
dataset =  datasets/gold.xyz
n_train =  2000
n_test =  2000
Train RMSE: 81.37561818465747 [Train MAE: 60.268873093247414]
Test RMSE: 93.34753771987194 [Test MAE: 66.3409797347784]
FINISHED at Wed Jan 11 03:27:45 CET 2023
