STARTING AT Wed Jan 11 03:25:48 CET 2023
Random seed: 1000
7 16
Reading dataset
Shuffling and extracting from dataset (length: 105092)
Shuffling and extraction done
Calculating power spectrum
Expansion coefficients done
Computing training kernel
     Calculating kernels for center species 79
     Calculating kernels for center species 79
Beginning first index add...
Beginning second index add...
Training kernel done
Computing test kernel
     Calculating kernels for center species 79
     Calculating kernels for center species 79
Beginning first index add...
Beginning second index add...
Test kernel done
Calculating composition features
Composition features done
-8.0 88.24546144496472
-7.8 88.3032155084351
-7.6 88.33980032805424
-7.4 88.40482891762505
-7.2 88.56506807603515
-7.0 88.88910818173925
-6.8 89.42643909058157
-6.6 90.19071992385462
-6.4 91.15584970439787
-6.2 92.2667205030024
-6.0 93.45849013274298
-5.8 94.67562909799804
-5.6 95.88348711291168
-5.4 97.06770215284388
-5.199999999999999 98.23001494974727
-5.0 99.3970251800047
-4.8 100.63371721075728
-4.6 102.03084893140236
-4.4 103.66166625809728
-4.199999999999999 105.54502272476554
-4.0 107.6425471421869
-3.8 109.877189542175
-3.5999999999999996 112.1569030820214
-3.3999999999999995 114.4040694147667
-3.1999999999999993 116.58410600932497
-3.0 118.71695021718182
-2.8 120.86525969846608
-2.5999999999999996 123.11151726815267
-2.3999999999999995 125.55297536278857
-2.1999999999999993 128.33768569401025
-2.0 131.72600542401565
-1.7999999999999998 136.1381330311605
-1.5999999999999996 142.1687099816018
-1.3999999999999995 150.53816297327958
-1.1999999999999993 161.85914532404817
-1.0 176.15199363327787
-0.7999999999999998 192.46056707392995
-0.5999999999999996 209.1214469816306
-0.39999999999999947 224.60958334167816
-0.1999999999999993 238.26763517321442
0.0 250.50084246722153
0.20000000000000107 262.5621355381729
0.40000000000000036 276.1126432269945
0.5999999999999996 292.55750833169174
0.8000000000000007 312.34238140127127
1.0 334.78731802729266
1.200000000000001 358.66539301801595
1.4000000000000004 382.8545058932095
1.6000000000000014 406.54192468533296
1.8000000000000007 429.40596156659643
2.0 452.2210413751807
2.200000000000001 477.4399068393103
2.4000000000000004 508.79022548492986
2.6000000000000014 549.2634259213099
2.8000000000000007 598.3913531386412
3.0 651.4535752987075
3.200000000000001 701.9048831862397
3.4000000000000004 744.7307745905588
3.6000000000000014 777.9620030249856
3.8000000000000007 802.130488146477
4.0 819.0022617928825
Result sigma optimization:  -8.0 88.24546144496472
E_max_2 =  500
Cutoff Radius =  6.0
Selected Radial Transform =  17.0
factor =  1.2
displacement =  0.0
dataset =  datasets/gold.xyz
n_train =  2000
n_test =  2000
Train RMSE: 67.64371192093188 [Train MAE: 49.070820290923116]
Test RMSE: 87.90245434136335 [Test MAE: 60.3477357455492]
FINISHED at Wed Jan 11 03:26:42 CET 2023
