STARTING AT Wed Jan 11 02:07:16 CET 2023
Random seed: 1000
7 18
Reading dataset
Shuffling and extracting from dataset (length: 10000)
Shuffling and extraction done
Calculating power spectrum
Expansion coefficients done
Computing training kernel
     Calculating kernels for center species 1
     Calculating kernels for center species 1
Beginning first index add...
Beginning second index add...
     Calculating kernels for center species 6
     Calculating kernels for center species 6
Beginning first index add...
Beginning second index add...
Training kernel done
Computing test kernel
     Calculating kernels for center species 1
     Calculating kernels for center species 1
Beginning first index add...
Beginning second index add...
     Calculating kernels for center species 6
     Calculating kernels for center species 6
Beginning first index add...
Beginning second index add...
Test kernel done
Calculating composition features
Composition features done
-8.0 27.092285985527983
-7.8 24.94029463143573
-7.6 23.030602595218856
-7.4 21.372175932556278
-7.2 19.991383850934035
-7.0 18.900005971115952
-6.8 18.067846246674208
-6.6 17.424763412867453
-6.4 16.889114742761414
-6.2 16.397836555498525
-6.0 15.919762420872473
-5.8 15.450571176661894
-5.6 14.99862602837856
-5.4 14.572750068374475
-5.199999999999999 14.177536845137954
-5.0 13.814767029330918
-4.8 13.48608638971902
-4.6 13.193595570890375
-4.4 12.938761317225692
-4.199999999999999 12.722055501370322
-4.0 12.544213830946505
-3.8 12.40731988157158
-3.5999999999999996 12.313998897094597
-3.3999999999999995 12.266192069404125
-3.1999999999999993 12.266662858499902
-3.0 12.323856612862075
-2.8 12.456707650204113
-2.5999999999999996 12.694771485775412
-2.3999999999999995 13.072782977459559
-2.1999999999999993 13.6234241687466
-2.0 14.371515173400603
-1.7999999999999998 15.32817471291652
-1.5999999999999996 16.48237324320895
-1.3999999999999995 17.793111722673284
-1.1999999999999993 19.190441450036086
-1.0 20.589722729634424
-0.7999999999999998 21.914799696643442
-0.5999999999999996 23.121708902259183
-0.39999999999999947 24.219155338774353
-0.1999999999999993 25.287735017504446
0.0 26.4991071626276
0.20000000000000107 28.130797474524744
0.40000000000000036 30.555967512285704
0.5999999999999996 34.152004633311215
0.8000000000000007 39.08561068744718
1.0 45.09505309673341
1.200000000000001 51.51151247299862
1.4000000000000004 57.55663918093675
1.6000000000000014 62.66986653134336
1.8000000000000007 66.6378147407615
2.0 69.52365672841245
2.200000000000001 71.52682804746469
2.4000000000000004 72.8727970449709
2.6000000000000014 73.7572313362466
2.8000000000000007 74.32952765717816
3.0 74.69574391084952
3.200000000000001 74.92796026342727
3.4000000000000004 75.0739296626764
3.6000000000000014 75.16487008254592
3.8000000000000007 75.2210583481322
4.0 75.25557283329967
Result sigma optimization:  -3.3999999999999995 12.266192069404125
E_max_2 =  600
Cutoff Radius =  6.0
Selected Radial Transform =  17.0
factor =  1.6
displacement =  0.0
dataset =  datasets/random-ch4-10k.extxyz
n_train =  2000
n_test =  2000
Train RMSE: 6.53351252688788 [Train MAE: 5.082074141879183]
Test RMSE: 12.274231616303869 [Test MAE: 7.447854254589645]
FINISHED at Wed Jan 11 02:07:53 CET 2023
