STARTING AT Wed Jan 11 03:25:18 CET 2023
Random seed: 1000
5 11
Reading dataset
Shuffling and extracting from dataset (length: 105092)
Shuffling and extraction done
Calculating power spectrum
Expansion coefficients done
Computing training kernel
     Calculating kernels for center species 79
     Calculating kernels for center species 79
Beginning first index add...
Beginning second index add...
Training kernel done
Computing test kernel
     Calculating kernels for center species 79
     Calculating kernels for center species 79
Beginning first index add...
Beginning second index add...
Test kernel done
Calculating composition features
Composition features done
-8.0 77.10681826575286
-7.8 76.73709518200567
-7.6 76.51239051332952
-7.4 76.44056446972071
-7.2 76.52190022020692
-7.0 76.74794732253484
-6.8 77.10500581366482
-6.6 77.58623570497822
-6.4 78.20529331057558
-6.2 78.9919048271405
-6.0 79.96556844605907
-5.8 81.11556648299126
-5.6 82.41029492100066
-5.4 83.81781614245872
-5.199999999999999 85.30702648300284
-5.0 86.83534946179728
-4.8 88.35535544725116
-4.6 89.84743372089947
-4.4 91.35342790083646
-4.199999999999999 92.99066769214095
-4.0 94.9423713305255
-3.8 97.42306606663718
-3.5999999999999996 100.62180602298372
-3.3999999999999995 104.64733425018892
-3.1999999999999993 109.51398141742642
-3.0 115.1861973508415
-2.8 121.65168581910281
-2.5999999999999996 128.94339340691278
-2.3999999999999995 137.04587963738388
-2.1999999999999993 145.75904415155182
-2.0 154.70180335323175
-1.7999999999999998 163.522313915621
-1.5999999999999996 172.1643241334458
-1.3999999999999995 180.97662118676962
-1.1999999999999993 190.58710847453443
-1.0 201.6393195117155
-0.7999999999999998 214.53696326366992
-0.5999999999999996 229.31861902678375
-0.39999999999999947 245.79865713144676
-0.1999999999999993 263.92790189454337
0.0 283.97385784282505
0.20000000000000107 306.26131093019796
0.40000000000000036 330.8608972143602
0.5999999999999996 357.67052922515546
0.8000000000000007 386.54343602189516
1.0 416.9366207195367
1.200000000000001 447.5498379545167
1.4000000000000004 476.87083084881004
1.6000000000000014 504.4429355007409
1.8000000000000007 531.6834985793714
2.0 561.3874310620206
2.200000000000001 595.8850941604238
2.4000000000000004 634.9327684423973
2.6000000000000014 675.3010418020586
2.8000000000000007 712.7057301182331
3.0 744.2019524100085
3.200000000000001 769.107849884864
3.4000000000000004 788.4382156734279
3.6000000000000014 803.8063059287812
3.8000000000000007 816.5152618115169
4.0 827.1815785263337
Result sigma optimization:  -7.4 76.44056446972071
E_max_2 =  300
Cutoff Radius =  6.0
Selected Radial Transform =  17.0
factor =  0.8
displacement =  0.0
dataset =  datasets/gold.xyz
n_train =  2000
n_test =  2000
Train RMSE: 56.427228750398925 [Train MAE: 39.04695472437143]
Test RMSE: 81.01231158929549 [Test MAE: 50.638361109077934]
FINISHED at Wed Jan 11 03:26:46 CET 2023
