STARTING AT Wed Jan 11 02:12:48 CET 2023
Random seed: 1000
7 16
Reading dataset
Shuffling and extracting from dataset (length: 10000)
Shuffling and extraction done
Calculating power spectrum
Expansion coefficients done
Computing training kernel
     Calculating kernels for center species 1
     Calculating kernels for center species 1
Beginning first index add...
Beginning second index add...
     Calculating kernels for center species 6
     Calculating kernels for center species 6
Beginning first index add...
Beginning second index add...
Training kernel done
Computing test kernel
     Calculating kernels for center species 1
     Calculating kernels for center species 1
Beginning first index add...
Beginning second index add...
     Calculating kernels for center species 6
     Calculating kernels for center species 6
Beginning first index add...
Beginning second index add...
Test kernel done
Calculating composition features
Composition features done
-8.0 28.79933512852077
-7.8 24.599052019522507
-7.6 21.445252664592434
-7.4 19.149934848874814
-7.2 17.484899514938313
-7.0 16.24613032124761
-6.8 15.280704825255391
-6.6 14.485054010219992
-6.4 13.79640976869305
-6.2 13.18397138505919
-6.0 12.638619547456308
-5.8 12.163585622446357
-5.6 11.767753141015213
-5.4 11.459008521593814
-5.199999999999999 11.237659241806108
-5.0 11.095043279333227
-4.8 11.018847209048591
-4.6 10.999159038008177
-4.4 11.02959343490443
-4.199999999999999 11.104392763998586
-4.0 11.21597977815051
-3.8 11.355888115113144
-3.5999999999999996 11.519781298090306
-3.3999999999999995 11.7152077664075
-3.1999999999999993 11.968611231714359
-3.0 12.328403763873725
-2.8 12.862070628866114
-2.5999999999999996 13.643939318584087
-2.3999999999999995 14.729656708516552
-2.1999999999999993 16.12311138329393
-2.0 17.75732382579443
-1.7999999999999998 19.507346161890464
-1.5999999999999996 21.230526544565215
-1.3999999999999995 22.816292229599068
-1.1999999999999993 24.227493788843045
-1.0 25.52376220434759
-0.7999999999999998 26.874434983366502
-0.5999999999999996 28.568413853513963
-0.39999999999999947 30.9881716989159
-0.1999999999999993 34.480792783734664
0.0 39.14052056706737
0.20000000000000107 44.6823954224041
0.40000000000000036 50.55047574723164
0.5999999999999996 56.159139058181864
0.8000000000000007 61.07991343841227
1.0 65.10397518636177
1.200000000000001 68.2110294574841
1.4000000000000004 70.4994430992563
1.6000000000000014 72.12024365765967
1.8000000000000007 73.23195628758442
2.0 73.97534697596002
2.200000000000001 74.46289167768033
2.4000000000000004 74.77797741121161
2.6000000000000014 74.9792181194174
2.8000000000000007 75.10635692379424
3.0 75.18576386305877
3.200000000000001 75.23475567319895
3.4000000000000004 75.26464453751541
3.6000000000000014 75.28274643368083
3.8000000000000007 75.29369430890623
4.0 75.30034222316708
Result sigma optimization:  -4.6 10.999159038008177
E_max_2 =  500
Cutoff Radius =  6.0
Selected Radial Transform =  18.0
factor =  1.4
displacement =  0.0
dataset =  datasets/random-ch4-10k.extxyz
n_train =  2000
n_test =  2000
Train RMSE: 6.51229690725098 [Train MAE: 5.059732711653573]
Test RMSE: 11.275188936391192 [Test MAE: 6.950088774874315]
FINISHED at Wed Jan 11 02:13:39 CET 2023
