STARTING AT Wed Jan 11 03:31:50 CET 2023
Random seed: 1000
7 16
Reading dataset
Shuffling and extracting from dataset (length: 105092)
Shuffling and extraction done
Calculating power spectrum
Expansion coefficients done
Computing training kernel
     Calculating kernels for center species 79
     Calculating kernels for center species 79
Beginning first index add...
Beginning second index add...
Training kernel done
Computing test kernel
     Calculating kernels for center species 79
     Calculating kernels for center species 79
Beginning first index add...
Beginning second index add...
Test kernel done
Calculating composition features
Composition features done
-8.0 114.59275880091113
-7.8 115.44507703412998
-7.6 116.38665579381907
-7.4 117.37402925289183
-7.2 118.34914746020713
-7.0 119.25961930619152
-6.8 120.08132633852154
-6.6 120.8390322446358
-6.4 121.62589055974856
-6.2 122.61696229271983
-6.0 124.06405758893648
-5.8 126.26481015768775
-5.6 129.52863054134355
-5.4 134.16984045281345
-5.199999999999999 140.4822569847748
-5.0 148.5828576884672
-4.8 158.14741440387024
-4.6 168.3177923489729
-4.4 178.001142590924
-4.199999999999999 186.34691508438257
-4.0 193.0137643463258
-3.8 198.13973295903972
-3.5999999999999996 202.19885557898235
-3.3999999999999995 205.90712709336566
-3.1999999999999993 210.20342467801618
-3.0 216.22041109389423
-2.8 225.0992171360485
-2.5999999999999996 237.55448204494823
-2.3999999999999995 253.3821382067644
-2.1999999999999993 271.4126347015532
-2.0 290.1131221231034
-1.7999999999999998 308.2816140001993
-1.5999999999999996 325.230444404403
-1.3999999999999995 340.5886119818285
-1.1999999999999993 354.143079025325
-1.0 365.7877508312228
-0.7999999999999998 375.4995935837081
-0.5999999999999996 383.3893620143713
-0.39999999999999947 389.84280638451906
-0.1999999999999993 395.7032400958613
0.0 402.5313993419379
0.20000000000000107 412.99150047145304
0.40000000000000036 431.09151504469094
0.5999999999999996 461.40375640897105
0.8000000000000007 506.5036439626885
1.0 564.0476477646584
1.200000000000001 626.8032372270222
1.4000000000000004 686.2373242525011
1.6000000000000014 736.3456427421461
1.8000000000000007 774.9660234131064
2.0 802.8427168343118
2.200000000000001 822.0615098460695
2.4000000000000004 834.9052576899068
2.6000000000000014 843.3129896727615
2.8000000000000007 848.7422091216673
3.0 852.215878405402
3.200000000000001 854.423277643463
3.4000000000000004 855.8175495411663
3.6000000000000014 856.6924554515688
3.8000000000000007 857.2373271821624
4.0 857.5741535060637
Result sigma optimization:  -8.0 114.59275880091113
E_max_2 =  500
Cutoff Radius =  6.0
Selected Radial Transform =  18.0
factor =  1.4
displacement =  0.0
dataset =  datasets/gold.xyz
n_train =  2000
n_test =  2000
Train RMSE: 111.20454712567113 [Train MAE: 87.37683137023448]
Test RMSE: 117.1939299517333 [Test MAE: 89.9375137668848]
FINISHED at Wed Jan 11 03:32:36 CET 2023
