STARTING AT Wed Jan 11 03:29:49 CET 2023
Random seed: 1000
7 16
Reading dataset
Shuffling and extracting from dataset (length: 105092)
Shuffling and extraction done
Calculating power spectrum
Expansion coefficients done
Computing training kernel
     Calculating kernels for center species 79
     Calculating kernels for center species 79
Beginning first index add...
Beginning second index add...
Training kernel done
Computing test kernel
     Calculating kernels for center species 79
     Calculating kernels for center species 79
Beginning first index add...
Beginning second index add...
Test kernel done
Calculating composition features
Composition features done
-8.0 143.6520709892922
-7.8 139.64106346509558
-7.6 135.69930192589197
-7.4 131.86831759937712
-7.2 128.24310878278808
-7.0 124.96148506744726
-6.8 122.13868802019533
-6.6 119.78514136726433
-6.4 117.77293062450859
-6.2 115.87839287832736
-6.0 113.86805247922942
-5.8 111.5790661572346
-5.6 108.96201958209738
-5.4 106.07139876258493
-5.199999999999999 103.0129673777624
-5.0 99.88183331064926
-4.8 96.72440477761353
-4.6 93.53431736223251
-4.4 90.27642418129915
-4.199999999999999 86.92970536204629
-4.0 83.52817840709538
-3.8 80.17311512376843
-3.5999999999999996 77.01240161400654
-3.3999999999999995 74.20760109121616
-3.1999999999999993 71.9066163163473
-3.0 70.22123642006113
-2.8 69.20980432016842
-2.5999999999999996 68.88265842304818
-2.3999999999999995 69.23195405811171
-2.1999999999999993 70.24979539992272
-2.0 71.91204286126886
-1.7999999999999998 74.15920018760045
-1.5999999999999996 76.91487384133191
-1.3999999999999995 80.13193820091706
-1.1999999999999993 83.81989285684824
-1.0 88.03282168841476
-0.7999999999999998 92.84714727096768
-0.5999999999999996 98.35573442737305
-0.39999999999999947 104.65515348836739
-0.1999999999999993 111.80437507374295
0.0 119.80117183613116
0.20000000000000107 128.62987016982692
0.40000000000000036 138.33452803368738
0.5999999999999996 149.00855785050783
0.8000000000000007 160.69087501878613
1.0 173.3258004960658
1.200000000000001 186.92749655903995
1.4000000000000004 201.82186038561653
1.6000000000000014 218.6289139429011
1.8000000000000007 237.8436234877091
2.0 259.41266866029184
2.200000000000001 282.96635287968587
2.4000000000000004 308.72949103150086
2.6000000000000014 338.14646457047354
2.8000000000000007 373.17538562265736
3.0 414.4440795337718
3.200000000000001 460.07417825846784
3.4000000000000004 506.7243664710054
3.6000000000000014 551.8643412849766
3.8000000000000007 594.869204256417
4.0 636.0290632461673
Result sigma optimization:  -2.5999999999999996 68.88265842304818
E_max_2 =  500
Cutoff Radius =  6.0
Selected Radial Transform =  18.0
factor =  0.2
displacement =  0.0
dataset =  datasets/gold.xyz
n_train =  2000
n_test =  2000
Train RMSE: 46.94982383556058 [Train MAE: 31.711844010529575]
Test RMSE: 66.99218689213905 [Test MAE: 41.59751076424622]
FINISHED at Wed Jan 11 03:33:44 CET 2023
