STARTING AT Tue Jan 10 12:07:40 CET 2023
Random seed: 1000
8 20
Reading dataset
Shuffling and extracting from dataset (length: 133885)
Shuffling and extraction done
Calculating power spectrum
Expansion coefficients done
Computing training kernel
     Calculating kernels for center species 1
     Calculating kernels for center species 1
Beginning first index add...
Beginning second index add...
     Calculating kernels for center species 6
     Calculating kernels for center species 6
Beginning first index add...
Beginning second index add...
     Calculating kernels for center species 7
     Calculating kernels for center species 7
Beginning first index add...
Beginning second index add...
     Calculating kernels for center species 8
     Calculating kernels for center species 8
Beginning first index add...
Beginning second index add...
     Calculating kernels for center species 9
     Calculating kernels for center species 9
Beginning first index add...
Beginning second index add...
Training kernel done
Computing test kernel
     Calculating kernels for center species 1
     Calculating kernels for center species 1
Beginning first index add...
Beginning second index add...
     Calculating kernels for center species 6
     Calculating kernels for center species 6
Beginning first index add...
Beginning second index add...
     Calculating kernels for center species 7
     Calculating kernels for center species 7
Beginning first index add...
Beginning second index add...
     Calculating kernels for center species 8
     Calculating kernels for center species 8
Beginning first index add...
Beginning second index add...
     Calculating kernels for center species 9
     Calculating kernels for center species 9
Beginning first index add...
Beginning second index add...
Test kernel done
Calculating composition features
Composition features done
-8.0 7.80111964026755
-7.8 7.801119640284349
-7.6 7.801119639647911
-7.4 7.801119637994766
-7.2 7.801119636107978
-7.0 7.801119633148909
-6.8 7.801119627951099
-6.6 7.801119619381099
-6.4 7.801119607739985
-6.2 7.80111958715742
-6.0 7.801119555814784
-5.8 7.801119504831127
-5.6 7.801119425099043
-5.4 7.801119298492376
-5.199999999999999 7.801119097485281
-5.0 7.801118779915349
-4.8 7.8011182763720495
-4.6 7.801117477899175
-4.4 7.801116211719241
-4.199999999999999 7.801114206184527
-4.0 7.801111026226081
-3.8 7.801105987575353
-3.5999999999999996 7.801098001556374
-3.3999999999999995 7.8010853452736875
-3.1999999999999993 7.8010652872022455
-3.0 7.801033496769575
-2.8 7.80098311383822
-2.5999999999999996 7.80090326735866
-2.3999999999999995 7.800776731931782
-2.1999999999999993 7.800576218107344
-2.0 7.8002585009522685
-1.7999999999999998 7.799755146535063
-1.5999999999999996 7.798957863851034
-1.3999999999999995 7.797695469541542
-1.1999999999999993 7.795697743737889
-1.0 7.792540870906695
-0.7999999999999998 7.787563998117907
-0.5999999999999996 7.779726178973242
-0.39999999999999947 7.767449238658909
-0.1999999999999993 7.748374177983932
0.0 7.7194530166242
0.20000000000000107 7.6758068470030585
0.40000000000000036 7.611518754071162
0.5999999999999996 7.520390440596422
0.8000000000000007 7.397243185324752
1.0 7.239006843979501
1.200000000000001 7.050425647036991
1.4000000000000004 6.846938104848482
1.6000000000000014 6.642363047785303
1.8000000000000007 6.4566388432557655
2.0 6.296714873584462
2.200000000000001 6.178750950168436
2.4000000000000004 6.103200805641541
2.6000000000000014 6.085135074204485
2.8000000000000007 6.111523596023076
3.0 6.203393670276577
3.200000000000001 6.342718950379656
3.4000000000000004 6.5063714143643425
3.6000000000000014 6.705490864301721
3.8000000000000007 6.94867350948256
4.0 7.248663252514391
Result sigma optimization:  2.6000000000000014 6.085135074204485
E_max_2 =  700
Cutoff Radius =  6.0
Selected Radial Transform =  18.0
factor =  0.1
displacement =  0.0
dataset =  datasets/qm9.xyz
n_train =  2000
n_test =  2000
Train RMSE: 4.053627897984728 [Train MAE: 2.86422698660899]
Test RMSE: 8.155715560086826 [Test MAE: 5.721386872771843]
FINISHED at Tue Jan 10 12:09:37 CET 2023
