STARTING AT Wed Jan 11 03:29:49 CET 2023
Random seed: 1000
7 16
Reading dataset
Shuffling and extracting from dataset (length: 105092)
Shuffling and extraction done
Calculating power spectrum
Expansion coefficients done
Computing training kernel
     Calculating kernels for center species 79
     Calculating kernels for center species 79
Beginning first index add...
Beginning second index add...
Training kernel done
Computing test kernel
     Calculating kernels for center species 79
     Calculating kernels for center species 79
Beginning first index add...
Beginning second index add...
Test kernel done
Calculating composition features
Composition features done
-8.0 148.24713968243515
-7.8 142.87903696002726
-7.6 138.1685800395378
-7.4 133.9741930761442
-7.2 130.1325753643071
-7.0 126.50734605102889
-6.8 122.99948958662559
-6.6 119.52910187479439
-6.4 116.01488662730645
-6.2 112.36919818630358
-6.0 108.51620383722656
-5.8 104.4268034120463
-5.6 100.1438729316953
-5.4 95.77756062171466
-5.199999999999999 91.47756416184176
-5.0 87.39922368275293
-4.8 83.67585628641028
-4.6 80.4039456472666
-4.4 77.64160672586797
-4.199999999999999 75.41946791444663
-4.0 73.7552207764264
-3.8 72.65521672264295
-3.5999999999999996 72.10444180827965
-3.3999999999999995 72.06344558577514
-3.1999999999999993 72.47899416514728
-3.0 73.30406586337826
-2.8 74.52190811584525
-2.5999999999999996 76.15958738989349
-2.3999999999999995 78.27669673880789
-2.1999999999999993 80.93896748251007
-2.0 84.20674940356345
-1.7999999999999998 88.15371729944079
-1.5999999999999996 92.88839393204165
-1.3999999999999995 98.53397692006476
-1.1999999999999993 105.16981711369449
-1.0 112.79427687778342
-0.7999999999999998 121.33681110626837
-0.5999999999999996 130.67124377548515
-0.39999999999999947 140.6034503146697
-0.1999999999999993 150.89023657494715
0.0 161.33460092337143
0.20000000000000107 171.92117167922288
0.40000000000000036 182.9387026089879
0.5999999999999996 195.02483425444586
0.8000000000000007 209.00555975531418
1.0 225.49944540621146
1.200000000000001 244.6036780667865
1.4000000000000004 266.1228830273024
1.6000000000000014 290.2674868566731
1.8000000000000007 318.0367887745132
2.0 350.55733970355607
2.200000000000001 387.68844637018617
2.4000000000000004 427.39250696306436
2.6000000000000014 466.94764849793734
2.8000000000000007 505.0269380493306
3.0 542.6551228154402
3.200000000000001 582.095740981311
3.4000000000000004 624.428416486976
3.6000000000000014 667.9206147131731
3.8000000000000007 708.849992474057
4.0 743.8486977036266
Result sigma optimization:  -3.3999999999999995 72.06344558577514
E_max_2 =  500
Cutoff Radius =  6.0
Selected Radial Transform =  18.0
factor =  0.4
displacement =  0.0
dataset =  datasets/gold.xyz
n_train =  2000
n_test =  2000
Train RMSE: 48.77308609153186 [Train MAE: 33.42755022174981]
Test RMSE: 70.85694761709789 [Test MAE: 44.23646707205614]
FINISHED at Wed Jan 11 03:30:44 CET 2023
