STARTING AT Wed Jan 11 03:30:50 CET 2023
Random seed: 1000
7 16
Reading dataset
Shuffling and extracting from dataset (length: 105092)
Shuffling and extraction done
Calculating power spectrum
Expansion coefficients done
Computing training kernel
     Calculating kernels for center species 79
     Calculating kernels for center species 79
Beginning first index add...
Beginning second index add...
Training kernel done
Computing test kernel
     Calculating kernels for center species 79
     Calculating kernels for center species 79
Beginning first index add...
Beginning second index add...
Test kernel done
Calculating composition features
Composition features done
-8.0 86.99410662326794
-7.8 87.0972720671204
-7.6 87.18852856499369
-7.4 87.25815233330978
-7.2 87.3207025373898
-7.0 87.41436195620085
-6.8 87.59452001076079
-6.6 87.92130256495943
-6.4 88.44319069538842
-6.2 89.18278914864169
-6.0 90.13033667055336
-5.8 91.24842482234823
-5.6 92.48569117622817
-5.4 93.79115740574149
-5.199999999999999 95.1219054387359
-5.0 96.44632440033251
-4.8 97.75434005352093
-4.6 99.07801359705257
-4.4 100.50144441394458
-4.199999999999999 102.13746208567858
-4.0 104.08255113212415
-3.8 106.38155469839386
-3.5999999999999996 109.01210727616292
-3.3999999999999995 111.88380521056347
-3.1999999999999993 114.86202533089758
-3.0 117.81882517227558
-2.8 120.68180243076023
-2.5999999999999996 123.45050538301658
-2.3999999999999995 126.18092859793586
-2.1999999999999993 128.966726978884
-2.0 131.95060918849447
-1.7999999999999998 135.3778723954717
-1.5999999999999996 139.6689844395844
-1.3999999999999995 145.4586698136856
-1.1999999999999993 153.5262319752301
-1.0 164.52149540666014
-0.7999999999999998 178.48738198518996
-0.5999999999999996 194.51561166118793
-0.39999999999999947 211.02152768684104
-0.1999999999999993 226.57026411931105
0.0 240.60540151065624
0.20000000000000107 253.65007747243095
0.40000000000000036 267.04844145201866
0.5999999999999996 282.40400903369346
0.8000000000000007 300.82556190226524
1.0 322.3694544104723
1.200000000000001 346.1825331746062
1.4000000000000004 371.1452557446457
1.6000000000000014 396.2673810525339
1.8000000000000007 420.7644224036716
2.0 444.44223309659003
2.200000000000001 468.4688707361446
2.4000000000000004 495.73962164821006
2.6000000000000014 529.9149780370367
2.8000000000000007 572.9731789191283
3.0 622.9204059032436
3.200000000000001 674.2044008564477
3.4000000000000004 720.7745818600592
3.6000000000000014 758.8745823494222
3.8000000000000007 787.667970885534
4.0 808.2936183485659
Result sigma optimization:  -8.0 86.99410662326794
E_max_2 =  500
Cutoff Radius =  6.0
Selected Radial Transform =  18.0
factor =  0.8
displacement =  0.0
dataset =  datasets/gold.xyz
n_train =  2000
n_test =  2000
Train RMSE: 62.81127963622963 [Train MAE: 45.44528911578655]
Test RMSE: 87.26675905893318 [Test MAE: 58.64852517282963]
FINISHED at Wed Jan 11 03:34:38 CET 2023
