STARTING AT Tue Jan 10 12:12:23 CET 2023
Random seed: 1000
6 14
Reading dataset
Shuffling and extracting from dataset (length: 133885)
Shuffling and extraction done
Calculating power spectrum
Expansion coefficients done
Computing training kernel
     Calculating kernels for center species 1
     Calculating kernels for center species 1
Beginning first index add...
Beginning second index add...
     Calculating kernels for center species 6
     Calculating kernels for center species 6
Beginning first index add...
Beginning second index add...
     Calculating kernels for center species 7
     Calculating kernels for center species 7
Beginning first index add...
Beginning second index add...
     Calculating kernels for center species 8
     Calculating kernels for center species 8
Beginning first index add...
Beginning second index add...
     Calculating kernels for center species 9
     Calculating kernels for center species 9
Beginning first index add...
Beginning second index add...
Training kernel done
Computing test kernel
     Calculating kernels for center species 1
     Calculating kernels for center species 1
Beginning first index add...
Beginning second index add...
     Calculating kernels for center species 6
     Calculating kernels for center species 6
Beginning first index add...
Beginning second index add...
     Calculating kernels for center species 7
     Calculating kernels for center species 7
Beginning first index add...
Beginning second index add...
     Calculating kernels for center species 8
     Calculating kernels for center species 8
Beginning first index add...
Beginning second index add...
     Calculating kernels for center species 9
     Calculating kernels for center species 9
Beginning first index add...
Beginning second index add...
Test kernel done
Calculating composition features
Composition features done
-8.0 2.9864553383368984
-7.8 3.2142531611778176
-7.6 3.4906028399221176
-7.4 3.8219515786912743
-7.2 4.191789387069432
-7.0 4.587939671605454
-6.8 4.998826732574562
-6.6 5.419511375165377
-6.4 5.83312205256828
-6.2 6.2414286867962
-6.0 6.656644799312992
-5.8 7.091401542903979
-5.6 7.556851914524806
-5.4 8.043612161205361
-5.199999999999999 8.5423318806908
-5.0 9.04567501902904
-4.8 9.57056987114493
-4.6 10.167510398873906
-4.4 10.893197566031965
-4.199999999999999 11.802067682658054
-4.0 12.818068545370995
-3.8 13.855775635383667
-3.5999999999999996 14.810694167351619
-3.3999999999999995 15.631341102051104
-3.1999999999999993 16.319722742278994
-3.0 16.901809280256714
-2.8 17.40766822172006
-2.5999999999999996 17.853838426844945
-2.3999999999999995 18.251828076830805
-2.1999999999999993 18.60836766866985
-2.0 18.918977501224138
-1.7999999999999998 19.196094030901953
-1.5999999999999996 19.438696376563623
-1.3999999999999995 19.657678493228495
-1.1999999999999993 19.87014441175365
-1.0 20.077764532113633
-0.7999999999999998 20.265574764661938
-0.5999999999999996 20.428642705082943
-0.39999999999999947 20.558234646750204
-0.1999999999999993 20.652430350148606
0.0 20.71714462911768
0.20000000000000107 20.75977204453448
0.40000000000000036 20.786888363498793
0.5999999999999996 20.80370383849609
0.8000000000000007 20.813396284318713
1.0 20.818246954680813
1.200000000000001 20.819890413879115
1.4000000000000004 20.819648556037208
1.6000000000000014 20.818479920642574
1.8000000000000007 20.816916064494436
2.0 20.81537041482763
2.200000000000001 20.81403191661196
2.4000000000000004 20.81293004299331
2.6000000000000014 20.812009223728754
2.8000000000000007 20.811187626521992
3.0 20.810404186689667
3.200000000000001 20.809610001681875
3.4000000000000004 20.808811783137685
3.6000000000000014 20.80805293253606
3.8000000000000007 20.807386706520663
4.0 20.806845909143526
Result sigma optimization:  -8.0 2.9864553383368984
E_max_2 =  400
Cutoff Radius =  6.0
Selected Radial Transform =  18.0
factor =  3.5
displacement =  0.0
dataset =  datasets/qm9.xyz
n_train =  2000
n_test =  2000
Train RMSE: 3.848940189729778 [Train MAE: 2.729072990855166]
Test RMSE: 4.31036287244726 [Test MAE: 2.9576062376636]
FINISHED at Tue Jan 10 12:13:52 CET 2023
