STARTING AT Wed Jan 11 02:10:17 CET 2023
Random seed: 1000
5 11
Reading dataset
Shuffling and extracting from dataset (length: 10000)
Shuffling and extraction done
Calculating power spectrum
Expansion coefficients done
Computing training kernel
     Calculating kernels for center species 1
     Calculating kernels for center species 1
Beginning first index add...
Beginning second index add...
     Calculating kernels for center species 6
     Calculating kernels for center species 6
Beginning first index add...
Beginning second index add...
Training kernel done
Computing test kernel
     Calculating kernels for center species 1
     Calculating kernels for center species 1
Beginning first index add...
Beginning second index add...
     Calculating kernels for center species 6
     Calculating kernels for center species 6
Beginning first index add...
Beginning second index add...
Test kernel done
Calculating composition features
Composition features done
-8.0 39.68835148525936
-7.8 39.87078779534105
-7.6 40.09369299429336
-7.4 40.351074894299735
-7.2 40.642304069611626
-7.0 40.96976664326286
-6.8 41.33637177513482
-6.6 41.748823373989104
-6.4 42.21273588538658
-6.2 42.7294797645851
-6.0 43.296245316584844
-5.8 43.90668898224929
-5.6 44.54936264139569
-5.4 45.20683096808852
-5.199999999999999 45.85920851242399
-5.0 46.49131063549458
-4.8 47.09932865715214
-4.6 47.69266761396333
-4.4 48.28912577449721
-4.199999999999999 48.90508645485281
-4.0 49.544965534952865
-3.8 50.19634295182445
-3.5999999999999996 50.835828385394144
-3.3999999999999995 51.4425952345786
-3.1999999999999993 52.009880149624195
-3.0 52.54730466360407
-2.8 53.07445048351705
-2.5999999999999996 53.611399291457126
-2.3999999999999995 54.172537220234595
-2.1999999999999993 54.76765317724572
-2.0 55.408964717029875
-1.7999999999999998 56.11628575708622
-1.5999999999999996 56.91217251291222
-1.3999999999999995 57.80719968678758
-1.1999999999999993 58.78587859676899
-1.0 59.804220850547445
-0.7999999999999998 60.80089041189606
-0.5999999999999996 61.715713147718134
-0.39999999999999947 62.506416608426136
-0.1999999999999993 63.157617928566665
0.0 63.68104198914245
0.20000000000000107 64.1089636959418
0.40000000000000036 64.48503776085552
0.5999999999999996 64.85744444294181
0.8000000000000007 65.27587490595403
1.0 65.78670768411634
1.200000000000001 66.41909604414782
1.4000000000000004 67.16754484193494
1.6000000000000014 67.98947568129954
1.8000000000000007 68.82436422783991
2.0 69.61757993686584
2.200000000000001 70.33267914176514
2.4000000000000004 70.95306176989023
2.6000000000000014 71.4795229162954
2.8000000000000007 71.92691613891158
3.0 72.31965994253015
3.200000000000001 72.68312993363583
3.4000000000000004 73.03144512503476
3.6000000000000014 73.36033909372101
3.8000000000000007 73.65315934563836
4.0 73.89472590906288
Result sigma optimization:  -8.0 39.68835148525936
E_max_2 =  300
Cutoff Radius =  6.0
Selected Radial Transform =  18.0
factor =  0.1
displacement =  0.0
dataset =  datasets/random-ch4-10k.extxyz
n_train =  2000
n_test =  2000
Train RMSE: 30.84726634318723 [Train MAE: 17.45878194108006]
Test RMSE: 37.195469328531914 [Test MAE: 21.798422419699925]
FINISHED at Wed Jan 11 02:15:05 CET 2023
