STARTING AT Wed Jan 11 02:15:19 CET 2023
Random seed: 1000
8 20
Reading dataset
Shuffling and extracting from dataset (length: 10000)
Shuffling and extraction done
Calculating power spectrum
Expansion coefficients done
Computing training kernel
     Calculating kernels for center species 1
     Calculating kernels for center species 1
Beginning first index add...
Beginning second index add...
     Calculating kernels for center species 6
     Calculating kernels for center species 6
Beginning first index add...
Beginning second index add...
Training kernel done
Computing test kernel
     Calculating kernels for center species 1
     Calculating kernels for center species 1
Beginning first index add...
Beginning second index add...
     Calculating kernels for center species 6
     Calculating kernels for center species 6
Beginning first index add...
Beginning second index add...
Test kernel done
Calculating composition features
Composition features done
-8.0 71.10273549512202
-7.8 62.54047583462225
-7.6 54.0995674825883
-7.4 45.976643865956675
-7.2 38.45017327957003
-7.0 31.842923556030303
-6.8 26.46735258510887
-6.6 22.544726758962213
-6.4 20.069352997243623
-6.2 18.72411051173683
-6.0 18.01245037664596
-5.8 17.51265606566482
-5.6 17.01481545336949
-5.4 16.491890490012164
-5.199999999999999 16.00005071979351
-5.0 15.593916168452425
-4.8 15.293149694142341
-4.6 15.092962988424128
-4.4 14.986413488163974
-4.199999999999999 14.973853195566146
-4.0 15.058090367477817
-3.8 15.236471138335137
-3.5999999999999996 15.499485463845868
-3.3999999999999995 15.837716168659496
-3.1999999999999993 16.252304541053906
-3.0 16.762060025186223
-2.8 17.401166290084007
-2.5999999999999996 18.20527754950524
-2.3999999999999995 19.191063981476912
-2.1999999999999993 20.340247948985812
-2.0 21.59842583692702
-1.7999999999999998 22.892212497130622
-1.5999999999999996 24.16014695546141
-1.3999999999999995 25.382980882302927
-1.1999999999999993 26.595530392600722
-1.0 27.881261807357564
-0.7999999999999998 29.37061883414109
-0.5999999999999996 31.247452722010603
-0.39999999999999947 33.734786770651525
-0.1999999999999993 37.02957491206901
0.0 41.19005561948353
0.20000000000000107 46.03579445801185
0.40000000000000036 51.16313944087397
0.5999999999999996 56.10501105136829
0.8000000000000007 60.51424331350814
1.0 64.23372941469958
1.200000000000001 67.24847636999603
1.4000000000000004 69.6089171610226
1.6000000000000014 71.39006134308512
1.8000000000000007 72.68246030466864
2.0 73.58626620506642
2.200000000000001 74.19914774175588
2.4000000000000004 74.60507926055062
2.6000000000000014 74.86937204591429
2.8000000000000007 75.03929392659805
3.0 75.14741020943796
3.200000000000001 75.21543276723033
3.4000000000000004 75.25754334330782
3.6000000000000014 75.28292662223389
3.8000000000000007 75.29757242804793
4.0 75.305473903214
Result sigma optimization:  -4.199999999999999 14.973853195566146
E_max_2 =  700
Cutoff Radius =  6.0
Selected Radial Transform =  18.0
factor =  2.5
displacement =  0.0
dataset =  datasets/random-ch4-10k.extxyz
n_train =  2000
n_test =  2000
Train RMSE: 11.957357439867955 [Train MAE: 9.484528957269564]
Test RMSE: 14.524258636412304 [Test MAE: 10.695244942750461]
FINISHED at Wed Jan 11 02:19:30 CET 2023
