STARTING AT Wed Jan 11 03:31:50 CET 2023
Random seed: 1000
7 18
Reading dataset
Shuffling and extracting from dataset (length: 105092)
Shuffling and extraction done
Calculating power spectrum
Expansion coefficients done
Computing training kernel
     Calculating kernels for center species 79
     Calculating kernels for center species 79
Beginning first index add...
Beginning second index add...
Training kernel done
Computing test kernel
     Calculating kernels for center species 79
     Calculating kernels for center species 79
Beginning first index add...
Beginning second index add...
Test kernel done
Calculating composition features
Composition features done
-8.0 110.49785591548586
-7.8 110.80936554880999
-7.6 111.09951555408847
-7.4 111.38626476534237
-7.2 111.6932498431473
-7.0 112.05404556106323
-6.8 112.51186585589824
-6.6 113.1121051513213
-6.4 113.88697620507386
-6.2 114.83602451346277
-6.0 115.9146896953172
-5.8 117.04694072241227
-5.6 118.16112317119428
-5.4 119.23179613687778
-5.199999999999999 120.3107134915127
-5.0 121.53566854573543
-4.8 123.11170746580892
-4.6 125.27529472070196
-4.4 128.2733525399487
-4.199999999999999 132.37869055271082
-4.0 137.90573168357386
-3.8 145.14888675296024
-3.5999999999999996 154.1982168419423
-3.3999999999999995 164.7000903908234
-3.1999999999999993 175.7848844562633
-3.0 186.35155261395084
-2.8 195.55648639711757
-2.5999999999999996 203.142219852049
-2.3999999999999995 209.47221158852562
-2.1999999999999993 215.41115973279804
-2.0 222.16036098614575
-1.7999999999999998 230.97930685895656
-1.5999999999999996 242.71056283795915
-1.3999999999999995 257.3234927563035
-1.1999999999999993 273.9396737202269
-1.0 291.3885020194433
-0.7999999999999998 308.7085234001299
-0.5999999999999996 325.2254243324558
-0.39999999999999947 340.4803025905702
-0.1999999999999993 354.2385867373963
0.0 366.44246379008047
0.20000000000000107 377.10018864275753
0.40000000000000036 386.34816920928347
0.5999999999999996 394.7549579829861
0.8000000000000007 403.73427178983775
1.0 415.9615290327848
1.200000000000001 435.5261902392661
1.4000000000000004 467.0131835214724
1.6000000000000014 512.8594443031845
1.8000000000000007 570.5294478700292
2.0 632.7538584502392
2.200000000000001 691.1945357610751
2.4000000000000004 740.1491631131817
2.6000000000000014 777.7003859157921
2.8000000000000007 804.7128595423053
3.0 823.2915231490598
3.200000000000001 835.6867608206177
3.4000000000000004 843.7907085904882
3.6000000000000014 849.0179696140505
3.8000000000000007 852.3586396392598
4.0 854.479449721566
Result sigma optimization:  -8.0 110.49785591548586
E_max_2 =  600
Cutoff Radius =  6.0
Selected Radial Transform =  18.0
factor =  1.3
displacement =  0.0
dataset =  datasets/gold.xyz
n_train =  2000
n_test =  2000
Train RMSE: 102.67250220769014 [Train MAE: 78.48175264465809]
Test RMSE: 111.85705362935913 [Test MAE: 83.15955189955234]
FINISHED at Wed Jan 11 03:39:19 CET 2023
