STARTING AT Wed Jan 11 03:34:21 CET 2023
Random seed: 1000
7 16
Reading dataset
Shuffling and extracting from dataset (length: 105092)
Shuffling and extraction done
Calculating power spectrum
Expansion coefficients done
Computing training kernel
     Calculating kernels for center species 79
     Calculating kernels for center species 79
Beginning first index add...
Beginning second index add...
Training kernel done
Computing test kernel
     Calculating kernels for center species 79
     Calculating kernels for center species 79
Beginning first index add...
Beginning second index add...
Test kernel done
Calculating composition features
Composition features done
-8.0 225.67251032338467
-7.8 252.61889363917453
-7.6 281.8078536894231
-7.4 310.7572930862491
-7.2 337.6195335179368
-7.0 361.4597063615492
-6.8 381.9334306456847
-6.6 398.8874850528286
-6.4 412.29389000364324
-6.2 422.370312596226
-6.0 429.5945749099748
-5.8 434.57752083350647
-5.6 437.9163144432587
-5.4 440.1081723213101
-5.199999999999999 441.52745238215164
-5.0 442.4387565507298
-4.8 443.02233278646094
-4.6 443.3997098671517
-4.4 443.65625198066823
-4.199999999999999 443.86291690326215
-4.0 444.1044458735626
-3.8 444.52905922166445
-3.5999999999999996 445.4486763539927
-3.3999999999999995 447.53729828909957
-3.1999999999999993 452.17374915327713
-3.0 461.86450444593703
-2.8 480.31708803162184
-2.5999999999999996 511.27611674395814
-2.3999999999999995 555.8237298078581
-2.1999999999999993 610.1857471838363
-2.0 666.8705037100328
-1.7999999999999998 718.4571731139686
-1.5999999999999996 760.5585088555019
-1.3999999999999995 792.2150930607248
-1.1999999999999993 814.6623389767598
-1.0 829.9494802064694
-0.7999999999999998 840.0828657688089
-0.5999999999999996 846.6819776148236
-0.39999999999999947 850.9304766707239
-0.1999999999999993 853.645610127709
0.0 855.3726791062218
0.20000000000000107 856.4679781872746
0.40000000000000036 857.161293708013
0.5999999999999996 857.5996196451481
0.8000000000000007 857.8765061423104
1.0 858.0512951490091
1.200000000000001 858.1615459320052
1.4000000000000004 858.2309890705919
1.6000000000000014 858.274587799443
1.8000000000000007 858.301744106104
2.0 858.3183200983534
2.200000000000001 858.3279035603348
2.4000000000000004 858.3325907437745
2.6000000000000014 858.3334617354362
2.8000000000000007 858.330867289721
3.0 858.3246219432527
3.200000000000001 858.3141997571198
3.4000000000000004 858.2990362052514
3.6000000000000014 858.2789961157499
3.8000000000000007 858.2548955714152
4.0 858.228713574542
Result sigma optimization:  -8.0 225.67251032338467
E_max_2 =  500
Cutoff Radius =  6.0
Selected Radial Transform =  18.0
factor =  2.6
displacement =  0.0
dataset =  datasets/gold.xyz
n_train =  2000
n_test =  2000
Train RMSE: 219.37557349901047 [Train MAE: 180.56240223801137]
Test RMSE: 220.35864501257845 [Test MAE: 179.4627888458967]
FINISHED at Wed Jan 11 03:37:51 CET 2023
