STARTING AT Wed Jan 11 02:22:22 CET 2023
Random seed: 1000
6 14
Reading dataset
Shuffling and extracting from dataset (length: 10000)
Shuffling and extraction done
Calculating power spectrum
Expansion coefficients done
Computing training kernel
     Calculating kernels for center species 1
     Calculating kernels for center species 1
Beginning first index add...
Beginning second index add...
     Calculating kernels for center species 6
     Calculating kernels for center species 6
Beginning first index add...
Beginning second index add...
Training kernel done
Computing test kernel
     Calculating kernels for center species 1
     Calculating kernels for center species 1
Beginning first index add...
Beginning second index add...
     Calculating kernels for center species 6
     Calculating kernels for center species 6
Beginning first index add...
Beginning second index add...
Test kernel done
Calculating composition features
Composition features done
-8.0 21.98651175790542
-7.8 22.188805334174873
-7.6 22.51919795340092
-7.4 23.003847214193886
-7.2 23.63381342546641
-7.0 24.311292788164703
-6.8 24.89984777557077
-6.6 25.31859936999714
-6.4 25.582880725835686
-6.2 25.770676986939478
-6.0 25.966672970389183
-5.8 26.22372335149473
-5.6 26.55024420562987
-5.4 26.926402292053304
-5.199999999999999 27.33853167579205
-5.0 27.80408568044071
-4.8 28.369379709763898
-4.6 29.082577326768742
-4.4 29.95726630266541
-4.199999999999999 30.95157757975837
-4.0 31.982469540613483
-3.8 32.96791665880061
-3.5999999999999996 33.87033716528471
-3.3999999999999995 34.71996354418401
-3.1999999999999993 35.60967126850963
-3.0 36.66393728514733
-2.8 38.003057236242086
-2.5999999999999996 39.73549451790748
-2.3999999999999995 41.971433079455046
-2.1999999999999993 44.79079539303574
-2.0 48.14310733165773
-1.7999999999999998 51.789881387906014
-1.5999999999999996 55.40033809177602
-1.3999999999999995 58.726602962555674
-1.1999999999999993 61.691874732610096
-1.0 64.3377897469496
-0.7999999999999998 66.71200605381338
-0.5999999999999996 68.80520066859413
-0.39999999999999947 70.57166028254973
-0.1999999999999993 71.98083086831933
0.0 73.0438396607139
0.20000000000000107 73.80760594774333
0.40000000000000036 74.3353853597373
0.5999999999999996 74.68955534527517
0.8000000000000007 74.92226134078507
1.0 75.07288655511317
1.200000000000001 75.16929388009046
1.4000000000000004 75.23036904779325
1.6000000000000014 75.26855208269794
1.8000000000000007 75.2918846143677
2.0 75.30552231185172
2.200000000000001 75.31280747402812
2.4000000000000004 75.31599990768538
2.6000000000000014 75.31672020083055
2.8000000000000007 75.31615146687048
3.0 75.31509722224648
3.200000000000001 75.31402004110215
3.4000000000000004 75.31312265928149
3.6000000000000014 75.31245112441627
3.8000000000000007 75.31197964087164
4.0 75.31166143514116
Result sigma optimization:  -8.0 21.98651175790542
E_max_2 =  400
Cutoff Radius =  6.0
Selected Radial Transform =  19.0
factor =  3.5
displacement =  0.0
dataset =  datasets/random-ch4-10k.extxyz
n_train =  2000
n_test =  2000
Train RMSE: 18.82266366007858 [Train MAE: 15.081014902780918]
Test RMSE: 33.30232200435605 [Test MAE: 16.84056375127257]
FINISHED at Wed Jan 11 02:23:03 CET 2023
