STARTING AT Tue Jan 10 12:12:52 CET 2023
Random seed: 1000
7 18
Reading dataset
Shuffling and extracting from dataset (length: 133885)
Shuffling and extraction done
Calculating power spectrum
Expansion coefficients done
Computing training kernel
     Calculating kernels for center species 1
     Calculating kernels for center species 1
Beginning first index add...
Beginning second index add...
     Calculating kernels for center species 6
     Calculating kernels for center species 6
Beginning first index add...
Beginning second index add...
     Calculating kernels for center species 7
     Calculating kernels for center species 7
Beginning first index add...
Beginning second index add...
     Calculating kernels for center species 8
     Calculating kernels for center species 8
Beginning first index add...
Beginning second index add...
     Calculating kernels for center species 9
     Calculating kernels for center species 9
Beginning first index add...
Beginning second index add...
Training kernel done
Computing test kernel
     Calculating kernels for center species 1
     Calculating kernels for center species 1
Beginning first index add...
Beginning second index add...
     Calculating kernels for center species 6
     Calculating kernels for center species 6
Beginning first index add...
Beginning second index add...
     Calculating kernels for center species 7
     Calculating kernels for center species 7
Beginning first index add...
Beginning second index add...
     Calculating kernels for center species 8
     Calculating kernels for center species 8
Beginning first index add...
Beginning second index add...
     Calculating kernels for center species 9
     Calculating kernels for center species 9
Beginning first index add...
Beginning second index add...
Test kernel done
Calculating composition features
Composition features done
-8.0 3.5154330337075725
-7.8 3.515433031867942
-7.6 3.5154330289567546
-7.4 3.51543302433801
-7.2 3.5154330170172394
-7.0 3.5154330054185223
-6.8 3.515432987034093
-6.6 3.515432957894192
-6.4 3.5154329117152976
-6.2 3.5154328385260714
-6.0 3.515432722524433
-5.8 3.5154325386796246
-5.6 3.5154322473056507
-5.4 3.51543178551249
-5.199999999999999 3.5154310536147455
-5.0 3.5154298936430446
-4.8 3.5154280552221255
-4.6 3.515425141566606
-4.4 3.5154205238132317
-4.199999999999999 3.5154132053898652
-4.0 3.515401607020537
-3.8 3.5153832262375366
-3.5999999999999996 3.5153540981472484
-3.3999999999999995 3.515307941989959
-3.1999999999999993 3.515234811399108
-3.0 3.5151189624149883
-2.8 3.514935492599762
-2.5999999999999996 3.514645059592199
-2.3999999999999995 3.5141910907706353
-2.1999999999999993 3.5134806659274305
-2.0 3.5123662689073267
-1.7999999999999998 3.5106134835832496
-1.5999999999999996 3.507913191758974
-1.3999999999999995 3.5038402397310198
-1.1999999999999993 3.4977673643834506
-1.0 3.4891125892224064
-0.7999999999999998 3.47767862098771
-0.5999999999999996 3.463110104116677
-0.39999999999999947 3.4468108236551527
-0.1999999999999993 3.430719449690483
0.0 3.4223271458244033
0.20000000000000107 3.433382207174556
0.40000000000000036 3.46420517298602
0.5999999999999996 3.5337052977508328
0.8000000000000007 3.639453687903546
1.0 3.790085198379361
1.200000000000001 3.9887699979169766
1.4000000000000004 4.23591265383458
1.6000000000000014 4.534588914658066
1.8000000000000007 4.884505785285757
2.0 5.289291949434276
2.200000000000001 5.779003630499523
2.4000000000000004 6.371824814284236
2.6000000000000014 7.067718690496069
2.8000000000000007 7.8698117927422855
3.0 8.787637866007518
3.200000000000001 9.79800895718153
3.4000000000000004 10.865193617183781
3.6000000000000014 11.980711025103908
3.8000000000000007 13.135833264577009
4.0 14.299647432630898
Result sigma optimization:  0.0 3.4223271458244033
E_max_2 =  600
Cutoff Radius =  6.0
Selected Radial Transform =  19.0
factor =  0.2
displacement =  0.0
dataset =  datasets/qm9.xyz
n_train =  2000
n_test =  2000
Train RMSE: 0.9753174338529973 [Train MAE: 0.6630859825798463]
Test RMSE: 4.882493309050054 [Test MAE: 3.234211896753133]
FINISHED at Tue Jan 10 12:18:30 CET 2023
