STARTING AT Wed Jan 11 02:16:50 CET 2023
Random seed: 1000
8 20
Reading dataset
Shuffling and extracting from dataset (length: 10000)
Shuffling and extraction done
Calculating power spectrum
Expansion coefficients done
Computing training kernel
     Calculating kernels for center species 1
     Calculating kernels for center species 1
Beginning first index add...
Beginning second index add...
     Calculating kernels for center species 6
     Calculating kernels for center species 6
Beginning first index add...
Beginning second index add...
Training kernel done
Computing test kernel
     Calculating kernels for center species 1
     Calculating kernels for center species 1
Beginning first index add...
Beginning second index add...
     Calculating kernels for center species 6
     Calculating kernels for center species 6
Beginning first index add...
Beginning second index add...
Test kernel done
Calculating composition features
Composition features done
-8.0 18.277968670712305
-7.8 18.277784345098546
-7.6 18.277492397813855
-7.4 18.277030185366023
-7.2 18.276298842956813
-7.0 18.275142788207695
-6.8 18.27331814159876
-6.6 18.27044507081238
-6.4 18.265937841021245
-6.2 18.258907002854542
-6.0 18.24803340167622
-5.8 18.231428582709793
-5.6 18.206525378824747
-5.4 18.17007948043989
-5.199999999999999 18.118377011137348
-5.0 18.047692683657825
-4.8 17.954957234408198
-4.6 17.838617275330375
-4.4 17.69982028301058
-4.199999999999999 17.543885124520777
-4.0 17.381111953116072
-3.8 17.22511096432361
-3.5999999999999996 17.0875823429004
-3.3999999999999995 16.971271023949864
-3.1999999999999993 16.865759218990636
-3.0 16.750501863556508
-2.8 16.604854490649792
-2.5999999999999996 16.41999029331308
-2.3999999999999995 16.207285759155482
-2.1999999999999993 15.999981195490639
-2.0 15.845598238571222
-1.7999999999999998 15.789326892387923
-1.5999999999999996 15.856601343853617
-1.3999999999999995 16.046130808447685
-1.1999999999999993 16.33555639822074
-1.0 16.692894661156174
-0.7999999999999998 17.0879327435745
-0.5999999999999996 17.50110065614094
-0.39999999999999947 17.928223843256994
-0.1999999999999993 18.381968973885165
0.0 18.893156077186745
0.20000000000000107 19.514121319965145
0.40000000000000036 20.323407554479655
0.5999999999999996 21.426396639903288
0.8000000000000007 22.942110539526183
1.0 24.97011827440016
1.200000000000001 27.548975366783964
1.4000000000000004 30.634258572444214
1.6000000000000014 34.106968736818565
1.8000000000000007 37.795415768816945
2.0 41.5132192534137
2.200000000000001 45.12860786939895
2.4000000000000004 48.62800211055919
2.6000000000000014 52.10530637508726
2.8000000000000007 55.660357044280765
3.0 59.27625670761878
3.200000000000001 62.78232194202042
3.4000000000000004 65.9384077509581
3.6000000000000014 68.56026630198284
3.8000000000000007 70.58582155073178
4.0 72.06182394199415
Result sigma optimization:  -1.7999999999999998 15.789326892387923
E_max_2 =  700
Cutoff Radius =  6.0
Selected Radial Transform =  19.0
factor =  0.3
displacement =  0.0
dataset =  datasets/random-ch4-10k.extxyz
n_train =  2000
n_test =  2000
Train RMSE: 5.74664778665871 [Train MAE: 3.8268500397914686]
Test RMSE: 19.586188492605856 [Test MAE: 7.972666848186149]
FINISHED at Wed Jan 11 02:17:38 CET 2023
