STARTING AT Wed Jan 11 02:21:52 CET 2023
Random seed: 1000
8 20
Reading dataset
Shuffling and extracting from dataset (length: 10000)
Shuffling and extraction done
Calculating power spectrum
Expansion coefficients done
Computing training kernel
     Calculating kernels for center species 1
     Calculating kernels for center species 1
Beginning first index add...
Beginning second index add...
     Calculating kernels for center species 6
     Calculating kernels for center species 6
Beginning first index add...
Beginning second index add...
Training kernel done
Computing test kernel
     Calculating kernels for center species 1
     Calculating kernels for center species 1
Beginning first index add...
Beginning second index add...
     Calculating kernels for center species 6
     Calculating kernels for center species 6
Beginning first index add...
Beginning second index add...
Test kernel done
Calculating composition features
Composition features done
-8.0 42.46893182959235
-7.8 35.29667685301383
-7.6 28.906681639749326
-7.4 23.76250383250209
-7.2 20.03340802257095
-7.0 17.575966471414745
-6.8 16.065506271541476
-6.6 15.183134844908242
-6.4 14.703131044200923
-6.2 14.467911143308724
-6.0 14.351255278244091
-5.8 14.258850836539363
-5.6 14.144574243672093
-5.4 14.011194873398173
-5.199999999999999 13.888597023017585
-5.0 13.806979646588227
-4.8 13.784114479121534
-4.6 13.828289404920481
-4.4 13.945536859860834
-4.199999999999999 14.14022038952964
-4.0 14.408626896621161
-3.8 14.735675985422533
-3.5999999999999996 15.10091936733332
-3.3999999999999995 15.489310719195236
-3.1999999999999993 15.901589729177953
-3.0 16.362203547615017
-2.8 16.92062192155175
-2.5999999999999996 17.640035698811893
-2.3999999999999995 18.57173355510166
-2.1999999999999993 19.7250370160475
-2.0 21.052798549186445
-1.7999999999999998 22.46708189038545
-1.5999999999999996 23.882048364056594
-1.3999999999999995 25.26332165301656
-1.1999999999999993 26.652427241665855
-1.0 28.148869184692686
-0.7999999999999998 29.87494746397118
-0.5999999999999996 31.973470240832054
-0.39999999999999947 34.636414667154185
-0.1999999999999993 38.07646339826168
0.0 42.380052660709836
0.20000000000000107 47.34778316416188
0.40000000000000036 52.51569846841752
0.5999999999999996 57.37638339088049
0.8000000000000007 61.5987092100507
1.0 65.0804990850406
1.200000000000001 67.86305212083148
1.4000000000000004 70.03104455459759
1.6000000000000014 71.66931878073088
1.8000000000000007 72.8630118030176
2.0 73.70153195182965
2.200000000000001 74.27226359611905
2.4000000000000004 74.65131579850836
2.6000000000000014 74.89856803093008
2.8000000000000007 75.05771577747706
3.0 75.15902822925653
3.200000000000001 75.22275674706017
3.4000000000000004 75.26215833312502
3.6000000000000014 75.28583329425945
3.8000000000000007 75.29940240669764
4.0 75.3066257377998
Result sigma optimization:  -4.8 13.784114479121534
E_max_2 =  700
Cutoff Radius =  6.0
Selected Radial Transform =  19.0
factor =  2.5
displacement =  0.0
dataset =  datasets/random-ch4-10k.extxyz
n_train =  2000
n_test =  2000
Train RMSE: 10.960195085170938 [Train MAE: 8.645947960392778]
Test RMSE: 16.74508328518566 [Test MAE: 10.34494132561902]
FINISHED at Wed Jan 11 02:23:54 CET 2023
