STARTING AT Wed Jan 11 02:19:51 CET 2023
Random seed: 1000
6 14
Reading dataset
Shuffling and extracting from dataset (length: 10000)
Shuffling and extraction done
Calculating power spectrum
Expansion coefficients done
Computing training kernel
     Calculating kernels for center species 1
     Calculating kernels for center species 1
Beginning first index add...
Beginning second index add...
     Calculating kernels for center species 6
     Calculating kernels for center species 6
Beginning first index add...
Beginning second index add...
Training kernel done
Computing test kernel
     Calculating kernels for center species 1
     Calculating kernels for center species 1
Beginning first index add...
Beginning second index add...
     Calculating kernels for center species 6
     Calculating kernels for center species 6
Beginning first index add...
Beginning second index add...
Test kernel done
Calculating composition features
Composition features done
-8.0 14.02186794027615
-7.8 12.910184844465821
-7.6 12.041030184818597
-7.4 11.341550135530866
-7.2 10.762410980340395
-7.0 10.29750869828735
-6.8 9.968660679444925
-6.6 9.795516834172027
-6.4 9.776086932411976
-6.2 9.884157441116539
-6.0 10.077533989099756
-5.8 10.311831794881144
-5.6 10.553862587189345
-5.4 10.787545623590484
-5.199999999999999 11.011377376192998
-5.0 11.232240594067093
-4.8 11.458899734255619
-4.6 11.696983353828848
-4.4 11.948895403764192
-4.199999999999999 12.219185883627512
-4.0 12.519984647309306
-3.8 12.872005604565729
-3.5999999999999996 13.302962972803911
-3.3999999999999995 13.84821583098241
-3.1999999999999993 14.55363443697067
-3.0 15.472131065633755
-2.8 16.644330188089683
-2.5999999999999996 18.06871010831408
-2.3999999999999995 19.688162039668626
-2.1999999999999993 21.418053337828262
-2.0 23.20571276194993
-1.7999999999999998 25.08543093036909
-1.5999999999999996 27.20190800442013
-1.3999999999999995 29.790276536576133
-1.1999999999999993 33.100635507968434
-1.0 37.267113601091445
-0.7999999999999998 42.18674673840452
-0.5999999999999996 47.51394446682981
-0.39999999999999947 52.79064794862888
-0.1999999999999993 57.619408275631635
0.0 61.77206838039487
0.20000000000000107 65.19355236651148
0.40000000000000036 67.93364841135622
0.5999999999999996 70.07364389772944
0.8000000000000007 71.69418031855275
1.0 72.87702480706197
1.200000000000001 73.70898341254518
1.4000000000000004 74.27559388317017
1.6000000000000014 74.65177559580992
1.8000000000000007 74.89669640263315
2.0 75.05367353784993
2.200000000000001 75.15286420686346
2.4000000000000004 75.21464793421929
2.6000000000000014 75.2525859761448
2.8000000000000007 75.27560486637303
3.0 75.28947865623577
3.200000000000001 75.29784035766882
3.4000000000000004 75.30290731377282
3.6000000000000014 75.30600286428447
3.8000000000000007 75.30790989495745
4.0 75.30909311989681
Result sigma optimization:  -6.4 9.776086932411976
E_max_2 =  400
Cutoff Radius =  6.0
Selected Radial Transform =  19.0
factor =  1.8
displacement =  0.0
dataset =  datasets/random-ch4-10k.extxyz
n_train =  2000
n_test =  2000
Train RMSE: 6.553876493373995 [Train MAE: 5.159327925327076]
Test RMSE: 12.634353696188807 [Test MAE: 7.003714156775073]
FINISHED at Wed Jan 11 02:20:35 CET 2023
