STARTING AT Wed Jan 11 02:17:20 CET 2023
Random seed: 1000
5 11
Reading dataset
Shuffling and extracting from dataset (length: 10000)
Shuffling and extraction done
Calculating power spectrum
Expansion coefficients done
Computing training kernel
     Calculating kernels for center species 1
     Calculating kernels for center species 1
Beginning first index add...
Beginning second index add...
     Calculating kernels for center species 6
     Calculating kernels for center species 6
Beginning first index add...
Beginning second index add...
Training kernel done
Computing test kernel
     Calculating kernels for center species 1
     Calculating kernels for center species 1
Beginning first index add...
Beginning second index add...
     Calculating kernels for center species 6
     Calculating kernels for center species 6
Beginning first index add...
Beginning second index add...
Test kernel done
Calculating composition features
Composition features done
-8.0 25.080458424673886
-7.8 23.477070317106406
-7.6 22.273781395292357
-7.4 21.2978496582215
-7.2 20.391677314859248
-7.0 19.454346317412806
-6.8 18.46721591686365
-6.6 17.49166550619512
-6.4 16.63968284887288
-6.2 16.02884641431684
-6.0 15.73639579191183
-5.8 15.769763415076756
-5.6 16.06661109235617
-5.4 16.521287099941983
-5.199999999999999 17.020757251145604
-5.0 17.474302356385984
-4.8 17.83107311040143
-4.6 18.083663597686865
-4.4 18.25589854440657
-4.199999999999999 18.37875981787212
-4.0 18.467390961099866
-3.8 18.513368383051287
-3.5999999999999996 18.496084778105313
-3.3999999999999995 18.403473492238675
-3.1999999999999993 18.24730193275755
-3.0 18.064530597580077
-2.8 17.904547736420426
-2.5999999999999996 17.8088222480188
-2.3999999999999995 17.79824577851412
-2.1999999999999993 17.883476152648377
-2.0 18.093925656741654
-1.7999999999999998 18.500156180294766
-1.5999999999999996 19.207945256819997
-1.3999999999999995 20.326416064801627
-1.1999999999999993 21.930513163879517
-1.0 24.038968333592432
-0.7999999999999998 26.63071063386105
-0.5999999999999996 29.710936474759315
-0.39999999999999947 33.37721984002737
-0.1999999999999993 37.786761085639526
0.0 42.99211774663397
0.20000000000000107 48.76863249690501
0.40000000000000036 54.61761285633123
0.5999999999999996 59.97197497634705
0.8000000000000007 64.43229673976646
1.0 67.86436445578305
1.200000000000001 70.34706796854191
1.4000000000000004 72.06346194403079
1.6000000000000014 73.21287070444663
1.8000000000000007 73.96606591869876
2.0 74.4526642857945
2.200000000000001 74.76437566082116
2.4000000000000004 74.96324332731874
2.6000000000000014 75.08995456848088
2.8000000000000007 75.1706611105821
3.0 75.2220288746852
3.200000000000001 75.25467901811568
3.4000000000000004 75.27539762202129
3.6000000000000014 75.28852428701498
3.8000000000000007 75.29683032922176
4.0 75.30208110894397
Result sigma optimization:  -6.0 15.73639579191183
E_max_2 =  300
Cutoff Radius =  6.0
Selected Radial Transform =  19.0
factor =  0.6
displacement =  0.0
dataset =  datasets/random-ch4-10k.extxyz
n_train =  2000
n_test =  2000
Train RMSE: 1.9543636158421185 [Train MAE: 1.4439526954909616]
Test RMSE: 7.8619136115627954 [Test MAE: 4.279839294968082]
FINISHED at Wed Jan 11 02:17:57 CET 2023
