STARTING AT Wed Jan 11 02:23:23 CET 2023
Random seed: 1000
6 14
Reading dataset
Shuffling and extracting from dataset (length: 10000)
Shuffling and extraction done
Calculating power spectrum
Expansion coefficients done
Computing training kernel
     Calculating kernels for center species 1
     Calculating kernels for center species 1
Beginning first index add...
Beginning second index add...
     Calculating kernels for center species 6
     Calculating kernels for center species 6
Beginning first index add...
Beginning second index add...
Training kernel done
Computing test kernel
     Calculating kernels for center species 1
     Calculating kernels for center species 1
Beginning first index add...
Beginning second index add...
     Calculating kernels for center species 6
     Calculating kernels for center species 6
Beginning first index add...
Beginning second index add...
Test kernel done
Calculating composition features
Composition features done
-8.0 17.121845820173125
-7.8 17.012887781567002
-7.6 16.86466029350123
-7.4 16.67223921441882
-7.2 16.434795209484577
-7.0 16.157027463829298
-6.8 15.84961529347371
-6.6 15.527808990059187
-6.4 15.207758158347913
-6.2 14.900827843066107
-6.0 14.607484465639295
-5.8 14.315405862766022
-5.6 14.006133304329921
-5.4 13.667785223785614
-5.199999999999999 13.305208403262679
-5.0 12.939783170530418
-4.8 12.59871573814905
-4.6 12.302487448251595
-4.4 12.060239215776889
-4.199999999999999 11.874469532987456
-4.0 11.747897702485716
-3.8 11.685489307792889
-3.5999999999999996 11.691289835234237
-3.3999999999999995 11.764729916788292
-3.1999999999999993 11.900550400889665
-3.0 12.09256326780684
-2.8 12.338281116566215
-2.5999999999999996 12.640969679202389
-2.3999999999999995 13.00791363438942
-2.1999999999999993 13.4470392677888
-2.0 13.964346032139371
-1.7999999999999998 14.562114490506445
-1.5999999999999996 15.238301950044775
-1.3999999999999995 15.990151814773471
-1.1999999999999993 16.823768850537856
-1.0 17.766257997776236
-0.7999999999999998 18.872952169668512
-0.5999999999999996 20.223089311326962
-0.39999999999999947 21.904244626845646
-0.1999999999999993 23.994299524577915
0.0 26.548440085502452
0.20000000000000107 29.583661552568227
0.40000000000000036 33.052714194068194
0.5999999999999996 36.83650075334745
0.8000000000000007 40.795559541441634
1.0 44.85236594965529
1.200000000000001 49.014659227617855
1.4000000000000004 53.29405479112827
1.6000000000000014 57.589023863330766
1.8000000000000007 61.66010226236004
2.0 65.23388473087373
2.200000000000001 68.13362245065036
2.4000000000000004 70.32982201023106
2.6000000000000014 71.90596492969654
2.8000000000000007 72.99562961339257
3.0 73.73385244890059
3.200000000000001 74.23251906908985
3.4000000000000004 74.57308317158034
3.6000000000000014 74.80906982995381
3.8000000000000007 74.97353684335216
4.0 75.0872978991308
Result sigma optimization:  -3.8 11.685489307792889
E_max_2 =  400
Cutoff Radius =  6.0
Selected Radial Transform =  20.0
factor =  0.3
displacement =  0.0
dataset =  datasets/random-ch4-10k.extxyz
n_train =  2000
n_test =  2000
Train RMSE: 3.9995689683539233 [Train MAE: 2.6587677841205943]
Test RMSE: 14.038895699522763 [Test MAE: 6.008668751512315]
FINISHED at Wed Jan 11 02:27:04 CET 2023
