STARTING AT Wed Jan 11 03:41:54 CET 2023
Random seed: 1000
6 14
Reading dataset
Shuffling and extracting from dataset (length: 105092)
Shuffling and extraction done
Calculating power spectrum
Expansion coefficients done
Computing training kernel
     Calculating kernels for center species 79
     Calculating kernels for center species 79
Beginning first index add...
Beginning second index add...
Training kernel done
Computing test kernel
     Calculating kernels for center species 79
     Calculating kernels for center species 79
Beginning first index add...
Beginning second index add...
Test kernel done
Calculating composition features
Composition features done
-8.0 109.31481977205999
-7.8 109.88126353075916
-7.6 110.48301380371853
-7.4 111.14065518504091
-7.2 111.8674565750106
-7.0 112.67867367091115
-6.8 113.59630193047413
-6.6 114.64611745466637
-6.4 115.85065521816014
-6.2 117.22816139347577
-6.0 118.81069135807886
-5.8 120.67731370228731
-5.6 122.96840788385211
-5.4 125.84233953100671
-5.199999999999999 129.38596112492516
-5.0 133.5708833102937
-4.8 138.34905819960017
-4.6 143.8456214771816
-4.4 150.47788187983755
-4.199999999999999 158.82213430267825
-4.0 169.16766161973848
-3.8 181.03820465550166
-3.5999999999999996 193.22718509213018
-3.3999999999999995 204.4416084107973
-3.1999999999999993 213.97375960203468
-3.0 221.92700293798256
-2.8 229.05067907537946
-2.5999999999999996 236.39915088324946
-2.3999999999999995 244.91120767395412
-2.1999999999999993 255.04482426116667
-2.0 266.74526438125173
-1.7999999999999998 279.8014241886733
-1.5999999999999996 294.158289926231
-1.3999999999999995 309.79026464277695
-1.1999999999999993 326.35951174690666
-1.0 343.130184550272
-0.7999999999999998 359.17107538871414
-0.5999999999999996 373.629106567582
-0.39999999999999947 386.0327270794471
-0.1999999999999993 396.6045946936911
0.0 406.5204223160915
0.20000000000000107 418.1621588006706
0.40000000000000036 435.30485782548084
0.5999999999999996 462.61693755998823
0.8000000000000007 503.5686952242832
1.0 557.3915867755759
1.200000000000001 618.129428129626
1.4000000000000004 677.4638349658197
1.6000000000000014 728.7591751019817
1.8000000000000007 769.0479410042725
2.0 798.5229996586228
2.200000000000001 819.0314206729566
2.4000000000000004 832.8200020977505
2.6000000000000014 841.8805532533613
2.8000000000000007 847.7450069581579
3.0 851.5041052635261
3.200000000000001 853.9003872285207
3.4000000000000004 855.4253085138113
3.6000000000000014 856.3972618909172
3.8000000000000007 857.0187355301424
4.0 857.4170379645896
Result sigma optimization:  -8.0 109.31481977205999
E_max_2 =  400
Cutoff Radius =  6.0
Selected Radial Transform =  20.0
factor =  1.2
displacement =  0.0
dataset =  datasets/gold.xyz
n_train =  2000
n_test =  2000
Train RMSE: 104.34094759074937 [Train MAE: 80.70883933126926]
Test RMSE: 111.66205599390408 [Test MAE: 83.53681100189687]
FINISHED at Wed Jan 11 03:42:41 CET 2023
