STARTING AT Wed Jan 11 03:41:23 CET 2023
Random seed: 1000
5 11
Reading dataset
Shuffling and extracting from dataset (length: 105092)
Shuffling and extraction done
Calculating power spectrum
Expansion coefficients done
Computing training kernel
     Calculating kernels for center species 79
     Calculating kernels for center species 79
Beginning first index add...
Beginning second index add...
Training kernel done
Computing test kernel
     Calculating kernels for center species 79
     Calculating kernels for center species 79
Beginning first index add...
Beginning second index add...
Test kernel done
Calculating composition features
Composition features done
-8.0 86.17228118929042
-7.8 86.69406414697302
-7.6 87.16596788026882
-7.4 87.61637951577504
-7.2 88.08149804978552
-7.0 88.59849759844059
-6.8 89.196745202271
-6.6 89.89265587453299
-6.4 90.69375455838444
-6.2 91.60799099423186
-6.0 92.64859864072086
-5.8 93.83167649319822
-5.6 95.1765015550406
-5.4 96.71858504682288
-5.199999999999999 98.5246258527027
-5.0 100.6858438636638
-4.8 103.28748865005532
-4.6 106.37641939802772
-4.4 109.94199835541303
-4.199999999999999 113.91156022123985
-4.0 118.15863634061473
-3.8 122.52329776868625
-3.5999999999999996 126.84901227547765
-3.3999999999999995 131.0359934536789
-3.1999999999999993 135.09594815919067
-3.0 139.17630767540896
-2.8 143.51469415670547
-2.5999999999999996 148.32403836001572
-2.3999999999999995 153.70570778369256
-2.1999999999999993 159.7321864453532
-2.0 166.6854677194574
-1.7999999999999998 175.19704832717528
-1.5999999999999996 186.00706298926755
-1.3999999999999995 199.38507375535644
-1.1999999999999993 214.74376532493977
-1.0 230.96699894899473
-0.7999999999999998 247.22467655903745
-0.5999999999999996 263.5261978285938
-0.39999999999999947 280.60354851227936
-0.1999999999999993 299.35116263692686
0.0 320.35360569159576
0.20000000000000107 343.77815359119455
0.40000000000000036 369.37485129424215
0.5999999999999996 396.32241716322665
0.8000000000000007 423.30056378701073
1.0 449.28848094444555
1.200000000000001 474.7152389758623
1.4000000000000004 501.9789844990291
1.6000000000000014 534.5920939621618
1.8000000000000007 574.888870169055
2.0 621.6695815499714
2.200000000000001 670.1867749895725
2.4000000000000004 714.8309654570679
2.6000000000000014 751.9333573009721
2.8000000000000007 780.6002305579607
3.0 801.8853069542437
3.200000000000001 817.5464651075099
3.4000000000000004 829.1658565587423
3.6000000000000014 837.8277229143273
3.8000000000000007 844.2082447135743
4.0 848.78640575542
Result sigma optimization:  -8.0 86.17228118929042
E_max_2 =  300
Cutoff Radius =  6.0
Selected Radial Transform =  20.0
factor =  0.7
displacement =  0.0
dataset =  datasets/gold.xyz
n_train =  2000
n_test =  2000
Train RMSE: 73.02063231175201 [Train MAE: 52.4029505134821]
Test RMSE: 88.1291404629646 [Test MAE: 59.656099063277246]
FINISHED at Wed Jan 11 03:42:18 CET 2023
