STARTING AT Tue Jan 10 12:18:30 CET 2023
Random seed: 1000
7 18
Reading dataset
Shuffling and extracting from dataset (length: 133885)
Shuffling and extraction done
Calculating power spectrum
Expansion coefficients done
Computing training kernel
     Calculating kernels for center species 1
     Calculating kernels for center species 1
Beginning first index add...
Beginning second index add...
     Calculating kernels for center species 6
     Calculating kernels for center species 6
Beginning first index add...
Beginning second index add...
     Calculating kernels for center species 7
     Calculating kernels for center species 7
Beginning first index add...
Beginning second index add...
     Calculating kernels for center species 8
     Calculating kernels for center species 8
Beginning first index add...
Beginning second index add...
     Calculating kernels for center species 9
     Calculating kernels for center species 9
Beginning first index add...
Beginning second index add...
Training kernel done
Computing test kernel
     Calculating kernels for center species 1
     Calculating kernels for center species 1
Beginning first index add...
Beginning second index add...
     Calculating kernels for center species 6
     Calculating kernels for center species 6
Beginning first index add...
Beginning second index add...
     Calculating kernels for center species 7
     Calculating kernels for center species 7
Beginning first index add...
Beginning second index add...
     Calculating kernels for center species 8
     Calculating kernels for center species 8
Beginning first index add...
Beginning second index add...
     Calculating kernels for center species 9
     Calculating kernels for center species 9
Beginning first index add...
Beginning second index add...
Test kernel done
Calculating composition features
Composition features done
-8.0 3.1250897297803197
-7.8 3.125089730070303
-7.6 3.125089730527427
-7.4 3.1250897312526567
-7.2 3.1250897324027975
-7.0 3.1250897342245674
-6.8 3.125089737112545
-6.6 3.1250897416884738
-6.4 3.1250897489313263
-6.2 3.1250897604254857
-6.0 3.1250897786221095
-5.8 3.125089807451551
-5.6 3.1250898530911004
-5.4 3.125089925304177
-5.199999999999999 3.125090039466703
-5.0 3.125090219678162
-4.8 3.1250905034458443
-4.6 3.125090948580912
-4.4 3.12509164250592
-4.199999999999999 3.125092743434394
-4.0 3.125095554530284
-3.8 3.125100099724336
-3.5999999999999996 3.125109983807191
-3.3999999999999995 3.1251247825034385
-3.1999999999999993 3.125178527774786
-3.0 3.1252785701028274
-2.8 3.125442231832187
-2.5999999999999996 3.125709557022446
-2.3999999999999995 3.126271999104342
-2.1999999999999993 3.1279297782984283
-2.0 3.132375817790078
-1.7999999999999998 3.1407522576422977
-1.5999999999999996 3.1561705554738237
-1.3999999999999995 3.1818570147787786
-1.1999999999999993 3.2220465445563424
-1.0 3.2844015889734517
-0.7999999999999998 3.3726123374778934
-0.5999999999999996 3.5055684371016853
-0.39999999999999947 3.6809957977310743
-0.1999999999999993 3.9036830568984047
0.0 4.174041940060102
0.20000000000000107 4.494362306839934
0.40000000000000036 4.881067659665607
0.5999999999999996 5.345760678929573
0.8000000000000007 5.907340354986627
1.0 6.58732287413526
1.200000000000001 7.377884867067215
1.4000000000000004 8.277202975836627
1.6000000000000014 9.26712072089508
1.8000000000000007 10.322237451946702
2.0 11.428219200104177
2.200000000000001 12.550938071338493
2.4000000000000004 13.682441025935974
2.6000000000000014 14.839918755329846
2.8000000000000007 15.992419101211471
3.0 17.08320240756821
3.200000000000001 18.052838458562395
3.4000000000000004 18.842514254842374
3.6000000000000014 19.45136855702539
3.8000000000000007 19.892229683373447
4.0 20.199085081937106
Result sigma optimization:  -8.0 3.1250897297803197
E_max_2 =  600
Cutoff Radius =  6.0
Selected Radial Transform =  20.0
factor =  0.5
displacement =  0.0
dataset =  datasets/qm9.xyz
n_train =  2000
n_test =  2000
Train RMSE: 2.8163191771923233e-07 [Train MAE: 1.9897881091868185e-07]
Test RMSE: 4.47696989731635 [Test MAE: 2.996028974622531]
FINISHED at Tue Jan 10 12:24:16 CET 2023
