STARTING AT Wed Jan 11 03:41:23 CET 2023
Random seed: 1000
5 11
Reading dataset
Shuffling and extracting from dataset (length: 105092)
Shuffling and extraction done
Calculating power spectrum
Expansion coefficients done
Computing training kernel
     Calculating kernels for center species 79
     Calculating kernels for center species 79
Beginning first index add...
Beginning second index add...
Training kernel done
Computing test kernel
     Calculating kernels for center species 79
     Calculating kernels for center species 79
Beginning first index add...
Beginning second index add...
Test kernel done
Calculating composition features
Composition features done
-8.0 90.57924759689735
-7.8 91.13907223566412
-7.6 91.83369721536808
-7.4 92.64565217746778
-7.2 93.55303851043425
-7.0 94.54466805758804
-6.8 95.61892325929546
-6.6 96.77269336125488
-6.4 97.99474008189578
-6.2 99.27524909006662
-6.0 100.63232067063483
-5.8 102.13363536484329
-5.6 103.88128240766511
-5.4 105.95645723057902
-5.199999999999999 108.36101394823784
-5.0 110.99999420796908
-4.8 113.72164336413837
-4.6 116.39174412194845
-4.4 118.95711577947678
-4.199999999999999 121.47369527227438
-4.0 124.10861841359062
-3.8 127.12351723415402
-3.5999999999999996 130.8180201160576
-3.3999999999999995 135.41696335338833
-3.1999999999999993 140.9559737807433
-3.0 147.28922432760052
-2.8 154.28527940252366
-2.5999999999999996 162.10485792039051
-2.3999999999999995 171.31879448964597
-2.1999999999999993 182.6384865010597
-2.0 196.295322201503
-1.7999999999999998 211.57509476666215
-1.5999999999999996 227.08861435166386
-1.3999999999999995 241.64055196825225
-1.1999999999999993 254.94654027973493
-1.0 267.73079833802615
-0.7999999999999998 281.305236581491
-0.5999999999999996 296.95100260625986
-0.39999999999999947 315.4199225660518
-0.1999999999999993 336.74765330309435
0.0 360.286571226669
0.20000000000000107 384.81269599403095
0.40000000000000036 408.9238671862595
0.5999999999999996 431.935399756004
0.8000000000000007 454.85102569750444
1.0 480.6773562646823
1.200000000000001 513.4735283629084
1.4000000000000004 555.9182213373876
1.6000000000000014 606.6924249022301
1.8000000000000007 660.3571432468523
2.0 710.3023747930564
2.200000000000001 751.9694102410193
2.4000000000000004 783.9281982545746
2.6000000000000014 807.0613307900051
2.8000000000000007 823.2511401691022
3.0 834.4282649394797
3.200000000000001 842.1317066513906
3.4000000000000004 847.4379564334371
3.6000000000000014 851.0681626690351
3.8000000000000007 853.5190081991268
4.0 855.1477470971572
Result sigma optimization:  -8.0 90.57924759689735
E_max_2 =  300
Cutoff Radius =  6.0
Selected Radial Transform =  20.0
factor =  0.8
displacement =  0.0
dataset =  datasets/gold.xyz
n_train =  2000
n_test =  2000
Train RMSE: 81.32341234953383 [Train MAE: 59.640207954764364]
Test RMSE: 92.30738932507315 [Test MAE: 65.30188105428219]
FINISHED at Wed Jan 11 03:42:08 CET 2023
