STARTING AT Wed Jan 11 03:42:54 CET 2023
Random seed: 1000
7 18
Reading dataset
Shuffling and extracting from dataset (length: 105092)
Shuffling and extraction done
Calculating power spectrum
Expansion coefficients done
Computing training kernel
     Calculating kernels for center species 79
     Calculating kernels for center species 79
Beginning first index add...
Beginning second index add...
Training kernel done
Computing test kernel
     Calculating kernels for center species 79
     Calculating kernels for center species 79
Beginning first index add...
Beginning second index add...
Test kernel done
Calculating composition features
Composition features done
-8.0 124.56039838627555
-7.8 126.8158499727714
-7.6 130.05819963238707
-7.4 134.28226244910368
-7.2 139.28327248079594
-7.0 144.69782842250356
-6.8 150.10978864250447
-6.6 155.1652161836733
-6.4 159.62870951286965
-6.2 163.37515156795442
-6.0 166.37237142060567
-5.8 168.67701710057736
-5.6 170.42010936888605
-5.4 171.7786857170685
-5.199999999999999 172.96555989135638
-5.0 174.27294178349635
-4.8 176.18467362514824
-4.6 179.53545786843907
-4.4 185.6239381533914
-4.199999999999999 196.0634261780485
-4.0 212.1332841729098
-3.8 233.80469293316787
-3.5999999999999996 259.24708178572916
-3.3999999999999995 285.44381349801426
-3.1999999999999993 309.4937497793597
-3.0 329.6184743776137
-2.8 345.364343864626
-2.5999999999999996 357.19491318592355
-2.3999999999999995 365.92859859164145
-2.1999999999999993 372.338704910114
-2.0 377.0078658590691
-1.7999999999999998 380.359981324669
-1.5999999999999996 382.73786756200013
-1.3999999999999995 384.45855359831404
-1.1999999999999993 385.8622701461878
-1.0 387.4074401814697
-0.7999999999999998 389.873496751475
-0.5999999999999996 394.73016721691465
-0.39999999999999947 404.6359615650136
-0.1999999999999993 423.65902485597945
0.0 456.2398590939305
0.20000000000000107 504.31773013581744
0.40000000000000036 564.5586029899191
0.5999999999999996 629.004876459019
0.8000000000000007 689.0297991452493
1.0 738.9763731206385
1.200000000000001 777.1013633203517
1.4000000000000004 804.4338833753623
1.6000000000000014 823.1909377857338
1.8000000000000007 835.6885521224388
2.0 843.8547642819956
2.200000000000001 849.1234030472676
2.4000000000000004 852.4947100143509
2.6000000000000014 854.6402511505911
2.8000000000000007 856.0004039757648
3.0 856.8596550347157
3.200000000000001 857.3999544075285
3.4000000000000004 857.7368185034347
3.6000000000000014 857.9431713657631
3.8000000000000007 858.0649623393141
4.0 858.1314560202712
Result sigma optimization:  -8.0 124.56039838627555
E_max_2 =  600
Cutoff Radius =  6.0
Selected Radial Transform =  20.0
factor =  1.8
displacement =  0.0
dataset =  datasets/gold.xyz
n_train =  2000
n_test =  2000
Train RMSE: 122.83239793950382 [Train MAE: 98.94191558563709]
Test RMSE: 127.04983681634022 [Test MAE: 101.95629391467571]
FINISHED at Wed Jan 11 03:43:45 CET 2023
