STARTING AT Wed Jan 11 02:24:53 CET 2023
Random seed: 1000
6 14
Reading dataset
Shuffling and extracting from dataset (length: 10000)
Shuffling and extraction done
Calculating power spectrum
Expansion coefficients done
Computing training kernel
     Calculating kernels for center species 1
     Calculating kernels for center species 1
Beginning first index add...
Beginning second index add...
     Calculating kernels for center species 6
     Calculating kernels for center species 6
Beginning first index add...
Beginning second index add...
Training kernel done
Computing test kernel
     Calculating kernels for center species 1
     Calculating kernels for center species 1
Beginning first index add...
Beginning second index add...
     Calculating kernels for center species 6
     Calculating kernels for center species 6
Beginning first index add...
Beginning second index add...
Test kernel done
Calculating composition features
Composition features done
-8.0 15.37384266279395
-7.8 13.875259925950774
-7.6 12.703621079781188
-7.4 11.796862224713394
-7.2 11.094428129696285
-7.0 10.545280530818788
-6.8 10.108308876066365
-6.6 9.7497754740854
-6.4 9.44236384071534
-6.2 9.168017022659011
-6.0 8.921002133053081
-5.8 8.706689552056899
-5.6 8.53619294744919
-5.4 8.41992631796482
-5.199999999999999 8.362847791682544
-5.0 8.363422556701645
-4.8 8.417011913736602
-4.6 8.521369193554921
-4.4 8.679291138011063
-4.199999999999999 8.895656341324344
-4.0 9.171985255924106
-3.8 9.504647348094736
-3.5999999999999996 9.889648548869426
-3.3999999999999995 10.330443867144302
-3.1999999999999993 10.84213310209537
-3.0 11.449223435454856
-2.8 12.179748163150988
-2.5999999999999996 13.059486573819818
-2.3999999999999995 14.10850259662159
-2.1999999999999993 15.341939352179544
-2.0 16.771876524923382
-1.7999999999999998 18.40155564384724
-1.5999999999999996 20.217272696853758
-1.3999999999999995 22.2033801397221
-1.1999999999999993 24.393152878044962
-1.0 26.924478652634754
-0.7999999999999998 30.03382329204547
-0.5999999999999996 33.942014982107295
-0.39999999999999947 38.6905618375143
-0.1999999999999993 44.07055197249406
0.0 49.693784838781724
0.20000000000000107 55.123983475428886
0.40000000000000036 59.99574453702935
0.5999999999999996 64.0902023734048
0.8000000000000007 67.3450682097469
1.0 69.81282695400809
1.200000000000001 71.60813817552727
1.4000000000000004 72.86797612149448
1.6000000000000014 73.72563020572503
1.8000000000000007 74.29549985439263
2.0 74.66711124588987
2.200000000000001 74.90592149541504
2.4000000000000004 75.05758418870815
2.6000000000000014 75.15297571390956
2.8000000000000007 75.2125484796401
3.0 75.24960799757903
3.200000000000001 75.27264816346052
3.4000000000000004 75.28699704740797
3.6000000000000014 75.29595777959723
3.8000000000000007 75.30156919695246
4.0 75.3050913012426
Result sigma optimization:  -5.199999999999999 8.362847791682544
E_max_2 =  400
Cutoff Radius =  6.0
Selected Radial Transform =  20.0
factor =  1.0
displacement =  0.0
dataset =  datasets/random-ch4-10k.extxyz
n_train =  2000
n_test =  2000
Train RMSE: 4.066807619131083 [Train MAE: 3.1629585041223454]
Test RMSE: 8.734859937597664 [Test MAE: 5.06072076585656]
FINISHED at Wed Jan 11 02:25:32 CET 2023
