STARTING AT Wed Jan 11 02:27:24 CET 2023
Random seed: 1000
7 16
Reading dataset
Shuffling and extracting from dataset (length: 10000)
Shuffling and extraction done
Calculating power spectrum
Expansion coefficients done
Computing training kernel
     Calculating kernels for center species 1
     Calculating kernels for center species 1
Beginning first index add...
Beginning second index add...
     Calculating kernels for center species 6
     Calculating kernels for center species 6
Beginning first index add...
Beginning second index add...
Training kernel done
Computing test kernel
     Calculating kernels for center species 1
     Calculating kernels for center species 1
Beginning first index add...
Beginning second index add...
     Calculating kernels for center species 6
     Calculating kernels for center species 6
Beginning first index add...
Beginning second index add...
Test kernel done
Calculating composition features
Composition features done
-8.0 33.88627539597039
-7.8 25.382838309478455
-7.6 18.546061640468075
-7.4 14.557580705985087
-7.2 13.92502410549214
-7.0 15.143442995920159
-6.8 16.36063667929979
-6.6 16.787031445732328
-6.4 16.415078667874972
-6.2 15.580795204736416
-6.0 14.67553355081277
-5.8 13.974995570864507
-5.6 13.574598225865447
-5.4 13.430481655075935
-5.199999999999999 13.45709296665663
-5.0 13.596477323637801
-4.8 13.827223345711644
-4.6 14.141581231313264
-4.4 14.52389281350925
-4.199999999999999 14.943485581832197
-4.0 15.362982592651312
-3.8 15.757082181390498
-3.5999999999999996 16.131724388683214
-3.3999999999999995 16.53384672967456
-3.1999999999999993 17.04587199456991
-3.0 17.761590637148892
-2.8 18.74840419578302
-2.5999999999999996 20.016531141980888
-2.3999999999999995 21.516065784950502
-2.1999999999999993 23.160285041086848
-2.0 24.857431935080037
-1.7999999999999998 26.539982175984765
-1.5999999999999996 28.20042525812632
-1.3999999999999995 29.944897168414247
-1.1999999999999993 32.0392617109228
-1.0 34.87397511072991
-0.7999999999999998 38.77390960272711
-0.5999999999999996 43.7216965296684
-0.39999999999999947 49.25957088814868
-0.1999999999999993 54.71709101114417
0.0 59.55493360150302
0.20000000000000107 63.538096945545604
0.40000000000000036 66.68413346783441
0.5999999999999996 69.11871780702353
0.8000000000000007 70.9709169643333
1.0 72.34513074859152
1.200000000000001 73.33213942962924
1.4000000000000004 74.0178827888507
1.6000000000000014 74.48084399802102
1.8000000000000007 74.7864941548825
2.0 74.98494193026279
2.200000000000001 75.11210774333092
2.4000000000000004 75.19259344616998
2.6000000000000014 75.24275789024087
2.8000000000000007 75.27331506380999
3.0 75.29128638349992
3.200000000000001 75.30134084093812
3.4000000000000004 75.3066197129967
3.6000000000000014 75.30919746066753
3.8000000000000007 75.31036309393781
4.0 75.31084882316661
Result sigma optimization:  -5.4 13.430481655075935
E_max_2 =  500
Cutoff Radius =  6.0
Selected Radial Transform =  20.0
factor =  2.4
displacement =  0.0
dataset =  datasets/random-ch4-10k.extxyz
n_train =  2000
n_test =  2000
Train RMSE: 11.12112849045908 [Train MAE: 8.782291245160756]
Test RMSE: 13.875096300563674 [Test MAE: 9.738644634509813]
FINISHED at Wed Jan 11 02:28:01 CET 2023
