STARTING AT Wed Jan 11 03:45:58 CET 2023
Random seed: 1000
6 14
Reading dataset
Shuffling and extracting from dataset (length: 105092)
Shuffling and extraction done
Calculating power spectrum
Expansion coefficients done
Computing training kernel
     Calculating kernels for center species 79
     Calculating kernels for center species 79
Beginning first index add...
Beginning second index add...
Training kernel done
Computing test kernel
     Calculating kernels for center species 79
     Calculating kernels for center species 79
Beginning first index add...
Beginning second index add...
Test kernel done
Calculating composition features
Composition features done
-8.0 83.50655288811312
-7.8 82.58575677497909
-7.6 81.66448179946555
-7.4 80.77028745664218
-7.2 79.94146208073293
-7.0 79.22247136986067
-6.8 78.65587120727254
-6.6 78.27309344510238
-6.4 78.09056075149203
-6.2 78.11100777772138
-6.0 78.32587564044955
-5.8 78.7221751569935
-5.6 79.29491570539165
-5.4 80.05127675009025
-5.199999999999999 80.99800116019335
-5.0 82.1247819021135
-4.8 83.39875280420813
-4.6 84.77497189991583
-4.4 86.21939608621511
-4.199999999999999 87.73098908977775
-4.0 89.35187679620736
-3.8 91.16836891172319
-3.5999999999999996 93.30286328441352
-3.3999999999999995 95.88566508467876
-3.1999999999999993 99.01421319599798
-3.0 102.741367896472
-2.8 107.11929974890523
-2.5999999999999996 112.24962327302998
-2.3999999999999995 118.25154643005456
-2.1999999999999993 125.14099511465685
-2.0 132.7351193718947
-1.7999999999999998 140.69589804541263
-1.5999999999999996 148.69671175060014
-1.3999999999999995 156.60288664594654
-1.1999999999999993 164.58725172538755
-1.0 173.16088261631882
-0.7999999999999998 183.079064766994
-0.5999999999999996 195.04174296843166
-0.39999999999999947 209.2442539365248
-0.1999999999999993 225.13907744010749
0.0 241.75895617994541
0.20000000000000107 258.4046561918736
0.40000000000000036 275.13117518032874
0.5999999999999996 292.73075651260933
0.8000000000000007 312.3420151915006
1.0 334.99275708133774
1.200000000000001 361.2297067636133
1.4000000000000004 390.73120920495774
1.6000000000000014 422.07547509422034
1.8000000000000007 453.3158893769917
2.0 483.3806433795684
2.200000000000001 513.1888706025768
2.4000000000000004 545.3839095791953
2.6000000000000014 582.4774525188216
2.8000000000000007 624.4723386137551
3.0 668.1179048722397
3.200000000000001 708.754214524626
3.4000000000000004 742.9120119745658
3.6000000000000014 769.4791895244135
3.8000000000000007 789.2702352243092
4.0 804.0204937365943
Result sigma optimization:  -6.4 78.09056075149203
E_max_2 =  400
Cutoff Radius =  6.0
Selected Radial Transform =  21.0
factor =  0.6
displacement =  0.0
dataset =  datasets/gold.xyz
n_train =  2000
n_test =  2000
Train RMSE: 54.455454338906094 [Train MAE: 37.72083663925528]
Test RMSE: 80.46186894400707 [Test MAE: 50.78042880693078]
FINISHED at Wed Jan 11 03:46:44 CET 2023
