STARTING AT Tue Jan 10 12:25:11 CET 2023
Random seed: 1000
7 16
Reading dataset
Shuffling and extracting from dataset (length: 133885)
Shuffling and extraction done
Calculating power spectrum
Expansion coefficients done
Computing training kernel
     Calculating kernels for center species 1
     Calculating kernels for center species 1
Beginning first index add...
Beginning second index add...
     Calculating kernels for center species 6
     Calculating kernels for center species 6
Beginning first index add...
Beginning second index add...
     Calculating kernels for center species 7
     Calculating kernels for center species 7
Beginning first index add...
Beginning second index add...
     Calculating kernels for center species 8
     Calculating kernels for center species 8
Beginning first index add...
Beginning second index add...
     Calculating kernels for center species 9
     Calculating kernels for center species 9
Beginning first index add...
Beginning second index add...
Training kernel done
Computing test kernel
     Calculating kernels for center species 1
     Calculating kernels for center species 1
Beginning first index add...
Beginning second index add...
     Calculating kernels for center species 6
     Calculating kernels for center species 6
Beginning first index add...
Beginning second index add...
     Calculating kernels for center species 7
     Calculating kernels for center species 7
Beginning first index add...
Beginning second index add...
     Calculating kernels for center species 8
     Calculating kernels for center species 8
Beginning first index add...
Beginning second index add...
     Calculating kernels for center species 9
     Calculating kernels for center species 9
Beginning first index add...
Beginning second index add...
Test kernel done
Calculating composition features
Composition features done
-8.0 1.5907810455117215
-7.8 1.590627340077779
-7.6 1.5903842126332528
-7.4 1.5900036867354137
-7.2 1.589407579941857
-7.0 1.5884860030896453
-6.8 1.587104234162376
-6.6 1.5849979852911273
-6.4 1.5819479587739698
-6.2 1.5779628394251994
-6.0 1.5727873908164984
-5.8 1.5668343268941753
-5.6 1.5610971499328516
-5.4 1.5569156508146333
-5.199999999999999 1.5566520830142618
-5.0 1.560827923871526
-4.8 1.5738082762818448
-4.6 1.5999722003897696
-4.4 1.6385257101064417
-4.199999999999999 1.6881510222346914
-4.0 1.7535496412229767
-3.8 1.8344459953675032
-3.5999999999999996 1.9329803236079097
-3.3999999999999995 2.047364976588018
-3.1999999999999993 2.1740281339421634
-3.0 2.325014463866821
-2.8 2.50408957525828
-2.5999999999999996 2.7154934125160297
-2.3999999999999995 2.96088820092723
-2.1999999999999993 3.23682590827229
-2.0 3.5372854233110615
-1.7999999999999998 3.8552935317798522
-1.5999999999999996 4.193173217491924
-1.3999999999999995 4.5574017583481945
-1.1999999999999993 4.969045858919248
-1.0 5.460811991361572
-0.7999999999999998 6.08551185825129
-0.5999999999999996 6.844340329463821
-0.39999999999999947 7.755117756663062
-0.1999999999999993 8.793348420341154
0.0 9.947088385892215
0.20000000000000107 11.197583902976474
0.40000000000000036 12.508414115180713
0.5999999999999996 13.815297077211595
0.8000000000000007 15.05609882582137
1.0 16.20577380512056
1.200000000000001 17.209432247841384
1.4000000000000004 18.06440692071207
1.6000000000000014 18.774730406274642
1.8000000000000007 19.340466650890566
2.0 19.769360600928106
2.200000000000001 20.085438550473032
2.4000000000000004 20.310225408293505
2.6000000000000014 20.4670231608817
2.8000000000000007 20.57656304239717
3.0 20.65278906486391
3.200000000000001 20.705140695779484
3.4000000000000004 20.740778917306105
3.6000000000000014 20.76432807390689
3.8000000000000007 20.779586342816796
4.0 20.78964475705223
Result sigma optimization:  -5.199999999999999 1.5566520830142618
E_max_2 =  500
Cutoff Radius =  6.0
Selected Radial Transform =  21.0
factor =  1.3
displacement =  0.0
dataset =  datasets/qm9.xyz
n_train =  2000
n_test =  2000
Train RMSE: 0.26332007832740983 [Train MAE: 0.19730121456294]
Test RMSE: 2.4227651969816044 [Test MAE: 1.475078729265104]
FINISHED at Tue Jan 10 12:26:56 CET 2023
