STARTING AT Wed Jan 11 02:31:56 CET 2023
Random seed: 1000
7 18
Reading dataset
Shuffling and extracting from dataset (length: 10000)
Shuffling and extraction done
Calculating power spectrum
Expansion coefficients done
Computing training kernel
     Calculating kernels for center species 1
     Calculating kernels for center species 1
Beginning first index add...
Beginning second index add...
     Calculating kernels for center species 6
     Calculating kernels for center species 6
Beginning first index add...
Beginning second index add...
Training kernel done
Computing test kernel
     Calculating kernels for center species 1
     Calculating kernels for center species 1
Beginning first index add...
Beginning second index add...
     Calculating kernels for center species 6
     Calculating kernels for center species 6
Beginning first index add...
Beginning second index add...
Test kernel done
Calculating composition features
Composition features done
-8.0 24.28618678199339
-7.8 21.038133304941546
-7.6 18.19196279975908
-7.4 16.027173904194708
-7.2 14.631543192872133
-7.0 13.859643429125917
-6.8 13.428734877553442
-6.6 13.080965732260301
-6.4 12.671787329778843
-6.2 12.1698179178242
-6.0 11.621797745272303
-5.8 11.112948419678007
-5.6 10.727380674974293
-5.4 10.514067740423618
-5.199999999999999 10.473018811595207
-5.0 10.567537580025595
-4.8 10.748078608350806
-4.6 10.970387860127357
-4.4 11.203566572098834
-4.199999999999999 11.430836706819012
-4.0 11.646374290795432
-3.8 11.85222668602043
-3.5999999999999996 12.057338160025097
-3.3999999999999995 12.277372672243859
-3.1999999999999993 12.534688187374718
-3.0 12.8595544291185
-2.8 13.292513858688514
-2.5999999999999996 13.885252237879294
-2.3999999999999995 14.695440518719932
-2.1999999999999993 15.77171344163072
-2.0 17.131279749764634
-1.7999999999999998 18.743670297850336
-1.5999999999999996 20.5393598405541
-1.3999999999999995 22.448341462408816
-1.1999999999999993 24.448267731688397
-1.0 26.592918680831154
-0.7999999999999998 29.007880592714898
-0.5999999999999996 31.853838439219228
-0.39999999999999947 35.25342580860394
-0.1999999999999993 39.204047450632885
0.0 43.55638513226173
0.20000000000000107 48.08875747398292
0.40000000000000036 52.586992198164495
0.5999999999999996 56.863081680833915
0.8000000000000007 60.75390425089473
1.0 64.14305436223813
1.200000000000001 66.9817966570718
1.4000000000000004 69.27787199556911
1.6000000000000014 71.06947272681617
1.8000000000000007 72.41287516848205
2.0 73.37995194002359
2.200000000000001 74.05097540263525
2.4000000000000004 74.50288278961321
2.6000000000000014 74.80037256050306
2.8000000000000007 74.99283097977613
3.0 75.11553212971224
3.200000000000001 75.19262271778243
3.4000000000000004 75.2402514575977
3.6000000000000014 75.26912271143337
3.8000000000000007 75.28630263519123
4.0 75.29639155805185
Result sigma optimization:  -5.199999999999999 10.473018811595207
E_max_2 =  600
Cutoff Radius =  6.0
Selected Radial Transform =  21.0
factor =  1.8
displacement =  0.0
dataset =  datasets/random-ch4-10k.extxyz
n_train =  2000
n_test =  2000
Train RMSE: 6.787251206406975 [Train MAE: 5.3136083946692105]
Test RMSE: 12.792738676989066 [Test MAE: 7.073346294498649]
FINISHED at Wed Jan 11 02:32:43 CET 2023
