STARTING AT Wed Jan 11 02:31:26 CET 2023
Random seed: 1000
7 18
Reading dataset
Shuffling and extracting from dataset (length: 10000)
Shuffling and extraction done
Calculating power spectrum
Expansion coefficients done
Computing training kernel
     Calculating kernels for center species 1
     Calculating kernels for center species 1
Beginning first index add...
Beginning second index add...
     Calculating kernels for center species 6
     Calculating kernels for center species 6
Beginning first index add...
Beginning second index add...
Training kernel done
Computing test kernel
     Calculating kernels for center species 1
     Calculating kernels for center species 1
Beginning first index add...
Beginning second index add...
     Calculating kernels for center species 6
     Calculating kernels for center species 6
Beginning first index add...
Beginning second index add...
Test kernel done
Calculating composition features
Composition features done
-8.0 19.746954510962368
-7.8 18.125275126386118
-7.6 16.766475710268697
-7.4 15.57865231366842
-7.2 14.512980605769858
-7.0 13.557298226246328
-6.8 12.722370806221722
-6.6 12.021679435503088
-6.4 11.454884832430887
-6.2 11.005116595667372
-6.0 10.647948282416772
-5.8 10.361206053212479
-5.6 10.129405628325426
-5.4 9.944268562801321
-5.199999999999999 9.803681220404764
-5.0 9.709160261694675
-4.8 9.66249747061588
-4.6 9.663791637617061
-4.4 9.711683073982487
-4.199999999999999 9.80428964424004
-4.0 9.939115531983798
-3.8 10.111735327573665
-3.5999999999999996 10.314971685991946
-3.3999999999999995 10.54133012883712
-3.1999999999999993 10.79007042359003
-3.0 11.076520979051002
-2.8 11.437473706259475
-2.5999999999999996 11.927207335157648
-2.3999999999999995 12.605721282817585
-2.1999999999999993 13.526229195570362
-2.0 14.724542392241828
-1.7999999999999998 16.206582255597944
-1.5999999999999996 17.93625421519402
-1.3999999999999995 19.837253841109344
-1.1999999999999993 21.819610382771224
-1.0 23.825425129885566
-0.7999999999999998 25.875045811877165
-0.5999999999999996 28.093195052226775
-0.39999999999999947 30.69109077532633
-0.1999999999999993 33.876879950652516
0.0 37.72078685810159
0.20000000000000107 42.0929361451392
0.40000000000000036 46.74428988606593
0.5999999999999996 51.43087670438682
0.8000000000000007 55.955252422214606
1.0 60.140518053741204
1.200000000000001 63.82632094541159
1.4000000000000004 66.90506274949976
1.6000000000000014 69.34884245794937
1.8000000000000007 71.20078388380024
2.0 72.54729195192755
2.200000000000001 73.49143591646568
2.4000000000000004 74.13365444147844
2.6000000000000014 74.56009148292738
2.8000000000000007 74.83801565295447
3.0 75.0164635820151
3.200000000000001 75.12951938062336
3.4000000000000004 75.20018285173677
3.6000000000000014 75.2437355220703
3.8000000000000007 75.27024112487226
4.0 75.28623968498363
Result sigma optimization:  -4.8 9.66249747061588
E_max_2 =  600
Cutoff Radius =  6.0
Selected Radial Transform =  21.0
factor =  1.3
displacement =  0.0
dataset =  datasets/random-ch4-10k.extxyz
n_train =  2000
n_test =  2000
Train RMSE: 4.929916053852636 [Train MAE: 3.863780573469199]
Test RMSE: 10.185974977388913 [Test MAE: 6.145046612771188]
FINISHED at Wed Jan 11 02:32:10 CET 2023
