STARTING AT Wed Jan 11 03:44:55 CET 2023
Random seed: 1000
7 18
Reading dataset
Shuffling and extracting from dataset (length: 105092)
Shuffling and extraction done
Calculating power spectrum
Expansion coefficients done
Computing training kernel
     Calculating kernels for center species 79
     Calculating kernels for center species 79
Beginning first index add...
Beginning second index add...
Training kernel done
Computing test kernel
     Calculating kernels for center species 79
     Calculating kernels for center species 79
Beginning first index add...
Beginning second index add...
Test kernel done
Calculating composition features
Composition features done
-8.0 160.93112987194542
-7.8 153.62924462761154
-7.6 147.01833789878248
-7.4 141.06073408350966
-7.2 135.85105665667123
-7.0 131.53429454893507
-6.8 128.12316964320027
-6.6 125.39702258641104
-6.4 122.98182484632721
-6.2 120.57606218282744
-6.0 118.12484449651785
-5.8 115.81356466260306
-5.6 113.90221413580618
-5.4 112.53285574943538
-5.199999999999999 111.64856492650436
-5.0 111.05482860254534
-4.8 110.53375114507234
-4.6 109.90839145829756
-4.4 109.04345091902132
-4.199999999999999 107.82800634439653
-4.0 106.18247606857827
-3.8 104.09763382501593
-3.5999999999999996 101.67374320175847
-3.3999999999999995 99.11363984864138
-3.1999999999999993 96.65883562944808
-3.0 94.50994582488242
-2.8 92.78683119680143
-2.5999999999999996 91.54669414702266
-2.3999999999999995 90.82520851837496
-2.1999999999999993 90.65334358623504
-2.0 91.04468176512735
-1.7999999999999998 91.98323046442258
-1.5999999999999996 93.42846779932593
-1.3999999999999995 95.33236970217463
-1.1999999999999993 97.6580587216974
-1.0 100.38769850303476
-0.7999999999999998 103.52293774677445
-0.5999999999999996 107.09836954198573
-0.39999999999999947 111.19673886632006
-0.1999999999999993 115.92272639935456
0.0 121.33818095278448
0.20000000000000107 127.42182334800228
0.40000000000000036 134.08869978854818
0.5999999999999996 141.24412766595213
0.8000000000000007 148.84346399739601
1.0 156.9454363352292
1.200000000000001 165.73528163137712
1.4000000000000004 175.48439233522004
1.6000000000000014 186.44377725708895
1.8000000000000007 198.7141107579483
2.0 212.15747943054816
2.200000000000001 226.44879035209237
2.4000000000000004 241.34511917943374
2.6000000000000014 257.05670227024626
2.8000000000000007 274.4191195274908
3.0 294.60345993670234
3.200000000000001 318.4155405932484
3.4000000000000004 345.79314890173595
3.6000000000000014 376.15857076411265
3.8000000000000007 409.1761174730142
4.0 444.6781234088697
Result sigma optimization:  -2.1999999999999993 90.65334358623504
E_max_2 =  600
Cutoff Radius =  6.0
Selected Radial Transform =  21.0
factor =  0.1
displacement =  0.0
dataset =  datasets/gold.xyz
n_train =  2000
n_test =  2000
Train RMSE: 63.823901169823216 [Train MAE: 44.96371597579773]
Test RMSE: 88.05037192361783 [Test MAE: 55.37248490681453]
FINISHED at Wed Jan 11 03:45:52 CET 2023
