STARTING AT Wed Jan 11 02:30:56 CET 2023
Random seed: 1000
5 11
Reading dataset
Shuffling and extracting from dataset (length: 10000)
Shuffling and extraction done
Calculating power spectrum
Expansion coefficients done
Computing training kernel
     Calculating kernels for center species 1
     Calculating kernels for center species 1
Beginning first index add...
Beginning second index add...
     Calculating kernels for center species 6
     Calculating kernels for center species 6
Beginning first index add...
Beginning second index add...
Training kernel done
Computing test kernel
     Calculating kernels for center species 1
     Calculating kernels for center species 1
Beginning first index add...
Beginning second index add...
     Calculating kernels for center species 6
     Calculating kernels for center species 6
Beginning first index add...
Beginning second index add...
Test kernel done
Calculating composition features
Composition features done
-8.0 11.926538025393157
-7.8 11.456720046188037
-7.6 10.936565254868267
-7.4 10.375341357447946
-7.2 9.801557403434266
-7.0 9.249755245675292
-6.8 8.751158619900938
-6.6 8.33295893586495
-6.4 8.020438455401564
-6.2 7.83412601029819
-6.0 7.782520793383231
-5.8 7.857967445958101
-5.6 8.039539899763867
-5.4 8.299473711534255
-5.199999999999999 8.609215717273369
-5.0 8.94440992369837
-4.8 9.288352975410875
-4.6 9.632751763146656
-4.4 9.977105195864578
-4.199999999999999 10.329657769376944
-4.0 10.710062103085473
-3.8 11.15140713501386
-3.5999999999999996 11.700045815839905
-3.3999999999999995 12.41306271718055
-3.1999999999999993 13.354450104678696
-3.0 14.589332027388025
-2.8 16.17121098033616
-2.5999999999999996 18.12542729370017
-2.3999999999999995 20.4462768646918
-2.1999999999999993 23.11470538931579
-2.0 26.125001447786847
-1.7999999999999998 29.507186248876184
-1.5999999999999996 33.317524133309085
-1.3999999999999995 37.57146025979216
-1.1999999999999993 42.17427045377443
-1.0 46.94062660682788
-0.7999999999999998 51.669880597483015
-0.5999999999999996 56.17557066323091
-0.39999999999999947 60.28210627681774
-0.1999999999999993 63.85352599994858
0.0 66.82864699088158
0.20000000000000107 69.21410862942062
0.40000000000000036 71.0554185089806
0.5999999999999996 72.42059329101775
0.8000000000000007 73.39327832709294
1.0 74.0624012095643
1.200000000000001 74.50984677250977
1.4000000000000004 74.80260229580153
1.6000000000000014 74.9909642171744
1.8000000000000007 75.11058709823926
2.0 75.1858157155171
2.200000000000001 75.23283048210224
2.4000000000000004 75.26213576355269
2.6000000000000014 75.28040763767147
2.8000000000000007 75.29182213758159
3.0 75.29896995003415
3.200000000000001 75.3034557329025
3.4000000000000004 75.30627572307246
3.6000000000000014 75.3080507037337
3.8000000000000007 75.30916887315095
4.0 75.30987367355694
Result sigma optimization:  -6.0 7.782520793383231
E_max_2 =  300
Cutoff Radius =  6.0
Selected Radial Transform =  21.0
factor =  1.2
displacement =  0.0
dataset =  datasets/random-ch4-10k.extxyz
n_train =  2000
n_test =  2000
Train RMSE: 5.045133748292555 [Train MAE: 3.9517334791849517]
Test RMSE: 9.130981039204856 [Test MAE: 5.291424793065416]
FINISHED at Wed Jan 11 02:31:43 CET 2023
