STARTING AT Wed Jan 11 03:45:25 CET 2023
Random seed: 1000
7 18
Reading dataset
Shuffling and extracting from dataset (length: 105092)
Shuffling and extraction done
Calculating power spectrum
Expansion coefficients done
Computing training kernel
     Calculating kernels for center species 79
     Calculating kernels for center species 79
Beginning first index add...
Beginning second index add...
Training kernel done
Computing test kernel
     Calculating kernels for center species 79
     Calculating kernels for center species 79
Beginning first index add...
Beginning second index add...
Test kernel done
Calculating composition features
Composition features done
-8.0 149.4766639614304
-7.8 146.3413948437921
-7.6 143.12500033404592
-7.4 139.8934336734564
-7.2 136.71367832094703
-7.0 133.61193640823467
-6.8 130.56257429240534
-6.6 127.51096378793055
-6.4 124.4016480797738
-6.2 121.19458417462774
-6.0 117.86991259320898
-5.8 114.42207820386244
-5.6 110.84657234590082
-5.4 107.13388093425193
-5.199999999999999 103.28420739503875
-5.0 99.3327539303509
-4.8 95.35831459032113
-4.6 91.46431842184558
-4.4 87.75166391426674
-4.199999999999999 84.3084537643562
-4.0 81.21995351689803
-3.8 78.57934776778093
-3.5999999999999996 76.47965665610683
-3.3999999999999995 74.98741293278968
-3.1999999999999993 74.11737276861999
-3.0 73.83010222799986
-2.8 74.05876480904959
-2.5999999999999996 74.7475027834301
-2.3999999999999995 75.87670524721553
-2.1999999999999993 77.46668808031134
-2.0 79.56346830701708
-1.7999999999999998 82.21136288337209
-1.5999999999999996 85.4319998252774
-1.3999999999999995 89.2432555297069
-1.1999999999999993 93.71023945608846
-1.0 98.95827264619328
-0.7999999999999998 105.10673785282327
-0.5999999999999996 112.18527766839644
-0.39999999999999947 120.1148694664402
-0.1999999999999993 128.73989607739622
0.0 137.8540572025207
0.20000000000000107 147.2396984728813
0.40000000000000036 156.76542617695299
0.5999999999999996 166.5131319672124
0.8000000000000007 176.87279328663828
1.0 188.5343973660034
1.200000000000001 202.279099604617
1.4000000000000004 218.60276666355705
1.6000000000000014 237.47466211393385
1.8000000000000007 258.52219846783794
2.0 281.5194184994952
2.200000000000001 306.7593737264741
2.4000000000000004 335.01009776937605
2.6000000000000014 367.00493685181664
2.8000000000000007 402.76654709478
3.0 441.5613721822217
3.200000000000001 482.8604627263244
3.4000000000000004 527.1180989263067
3.6000000000000014 574.8831194999345
3.8000000000000007 624.8847746417392
4.0 673.5233143962527
Result sigma optimization:  -3.0 73.83010222799986
E_max_2 =  600
Cutoff Radius =  6.0
Selected Radial Transform =  21.0
factor =  0.4
displacement =  0.0
dataset =  datasets/gold.xyz
n_train =  2000
n_test =  2000
Train RMSE: 47.85900553724346 [Train MAE: 33.033685515120624]
Test RMSE: 71.40484419531086 [Test MAE: 44.68747476196941]
FINISHED at Wed Jan 11 03:46:11 CET 2023
