STARTING AT Wed Jan 11 02:30:26 CET 2023
Random seed: 1000
8 20
Reading dataset
Shuffling and extracting from dataset (length: 10000)
Shuffling and extraction done
Calculating power spectrum
Expansion coefficients done
Computing training kernel
     Calculating kernels for center species 1
     Calculating kernels for center species 1
Beginning first index add...
Beginning second index add...
     Calculating kernels for center species 6
     Calculating kernels for center species 6
Beginning first index add...
Beginning second index add...
Training kernel done
Computing test kernel
     Calculating kernels for center species 1
     Calculating kernels for center species 1
Beginning first index add...
Beginning second index add...
     Calculating kernels for center species 6
     Calculating kernels for center species 6
Beginning first index add...
Beginning second index add...
Test kernel done
Calculating composition features
Composition features done
-8.0 13.71875854890491
-7.8 13.489129608373158
-7.6 13.207157471063253
-7.4 12.881409787799134
-7.2 12.525866636171004
-7.0 12.155880343952965
-6.8 11.784338094418318
-6.6 11.419413247186997
-6.4 11.064443658394449
-6.2 10.719794829897928
-6.0 10.385634059179967
-5.8 10.064135776978745
-5.6 9.760122026873566
-5.4 9.480110920274216
-5.199999999999999 9.230771622261857
-5.0 9.017970235767336
-4.8 8.846858844615772
-4.6 8.722717690857777
-4.4 8.651561673705759
-4.199999999999999 8.639315153829408
-4.0 8.689734932451724
-3.8 8.802732764683139
-3.5999999999999996 8.973922012154055
-3.3999999999999995 9.194809039917795
-3.1999999999999993 9.453592547664634
-3.0 9.737189593547555
-2.8 10.034277452788452
-2.5999999999999996 10.338247631222828
-2.3999999999999995 10.64902586230422
-2.1999999999999993 10.973816055611096
-2.0 11.328270919944805
-1.7999999999999998 11.739152851765045
-1.5999999999999996 12.246937069255946
-1.3999999999999995 12.904931597185831
-1.1999999999999993 13.771627778660227
-1.0 14.896573214822151
-0.7999999999999998 16.307963909658646
-0.5999999999999996 18.01293062695083
-0.39999999999999947 20.012594632732288
-0.1999999999999993 22.326873390540335
0.0 25.02248749126519
0.20000000000000107 28.224878537492494
0.40000000000000036 32.078048659792735
0.5999999999999996 36.63762998975295
0.8000000000000007 41.76102802940603
1.0 47.110494862831935
1.200000000000001 52.293894725951745
1.4000000000000004 57.02110011391474
1.6000000000000014 61.153879667343965
1.8000000000000007 64.65669904747445
2.0 67.53480094209363
2.200000000000001 69.8118173129041
2.4000000000000004 71.53633015848833
2.6000000000000014 72.78617603957306
2.8000000000000007 73.65736002416413
3.0 74.24586694860615
3.200000000000001 74.63407941774295
3.4000000000000004 74.8856136096293
3.6000000000000014 75.04625654597184
3.8000000000000007 75.14753436602706
4.0 75.21060586756076
Result sigma optimization:  -4.199999999999999 8.639315153829408
E_max_2 =  700
Cutoff Radius =  6.0
Selected Radial Transform =  21.0
factor =  0.9
displacement =  0.0
dataset =  datasets/random-ch4-10k.extxyz
n_train =  2000
n_test =  2000
Train RMSE: 3.0924452329152996 [Train MAE: 2.3945034527805276]
Test RMSE: 8.90129536216925 [Test MAE: 5.4245128701027205]
FINISHED at Wed Jan 11 02:31:10 CET 2023
