STARTING AT Tue Jan 10 12:24:05 CET 2023
Random seed: 1000
7 16
Reading dataset
Shuffling and extracting from dataset (length: 133885)
Shuffling and extraction done
Calculating power spectrum
Expansion coefficients done
Computing training kernel
     Calculating kernels for center species 1
     Calculating kernels for center species 1
Beginning first index add...
Beginning second index add...
     Calculating kernels for center species 6
     Calculating kernels for center species 6
Beginning first index add...
Beginning second index add...
     Calculating kernels for center species 7
     Calculating kernels for center species 7
Beginning first index add...
Beginning second index add...
     Calculating kernels for center species 8
     Calculating kernels for center species 8
Beginning first index add...
Beginning second index add...
     Calculating kernels for center species 9
     Calculating kernels for center species 9
Beginning first index add...
Beginning second index add...
Training kernel done
Computing test kernel
     Calculating kernels for center species 1
     Calculating kernels for center species 1
Beginning first index add...
Beginning second index add...
     Calculating kernels for center species 6
     Calculating kernels for center species 6
Beginning first index add...
Beginning second index add...
     Calculating kernels for center species 7
     Calculating kernels for center species 7
Beginning first index add...
Beginning second index add...
     Calculating kernels for center species 8
     Calculating kernels for center species 8
Beginning first index add...
Beginning second index add...
     Calculating kernels for center species 9
     Calculating kernels for center species 9
Beginning first index add...
Beginning second index add...
Test kernel done
Calculating composition features
Composition features done
-8.0 2.775760117178601
-7.8 2.7757600209079594
-7.6 2.77575986830465
-7.4 2.775759626485081
-7.2 2.7757592432371974
-7.0 2.7757586358018016
-6.8 2.775757673081624
-6.6 2.775756147299808
-6.4 2.7757537291749386
-6.2 2.775749896871402
-6.0 2.7757438234257243
-5.8 2.7757341986207473
-5.6 2.775718946765379
-5.4 2.7756949632925925
-5.199999999999999 2.7756569888339717
-5.0 2.775596840229406
-4.8 2.775501603620557
-4.6 2.7753529742459166
-4.4 2.7751200631355806
-4.199999999999999 2.7747522667915465
-4.0 2.7742245690510745
-3.8 2.773470680901838
-3.5999999999999996 2.7724493614163968
-3.3999999999999995 2.7712788966297284
-3.1999999999999993 2.7702592019404135
-3.0 2.7706686605948363
-2.8 2.774860799203826
-2.5999999999999996 2.786866771073177
-2.3999999999999995 2.8103019452265703
-2.1999999999999993 2.8488603171460185
-2.0 2.9104544969402455
-1.7999999999999998 2.9997700207105624
-1.5999999999999996 3.117686776795939
-1.3999999999999995 3.2723949117013262
-1.1999999999999993 3.4615455769085814
-1.0 3.682057936615095
-0.7999999999999998 3.932659912273245
-0.5999999999999996 4.226025188901964
-0.39999999999999947 4.567372603843677
-0.1999999999999993 4.980707856930852
0.0 5.4880642005230875
0.20000000000000107 6.101132692779851
0.40000000000000036 6.841527361360029
0.5999999999999996 7.701006601285331
0.8000000000000007 8.648905222261398
1.0 9.66842266997291
1.200000000000001 10.73232154156435
1.4000000000000004 11.806940781067166
1.6000000000000014 12.888293979365136
1.8000000000000007 13.975084457322213
2.0 15.081860263278767
2.200000000000001 16.19488753111424
2.4000000000000004 17.234390610327846
2.6000000000000014 18.150492402914395
2.8000000000000007 18.89876786639226
3.0 19.4774225321165
3.200000000000001 19.900924708821393
3.4000000000000004 20.199384791964544
3.6000000000000014 20.405060831738254
3.8000000000000007 20.544176437847582
4.0 20.63615972088987
Result sigma optimization:  -3.1999999999999993 2.7702592019404135
E_max_2 =  500
Cutoff Radius =  6.0
Selected Radial Transform =  21.0
factor =  0.7
displacement =  0.0
dataset =  datasets/qm9.xyz
n_train =  2000
n_test =  2000
Train RMSE: 0.1652004774312258 [Train MAE: 0.12029518320681984]
Test RMSE: 4.0023688674304605 [Test MAE: 2.537494407363469]
FINISHED at Tue Jan 10 12:27:11 CET 2023
