STARTING AT Wed Jan 11 02:32:57 CET 2023
Random seed: 1000
7 16
Reading dataset
Shuffling and extracting from dataset (length: 10000)
Shuffling and extraction done
Calculating power spectrum
Expansion coefficients done
Computing training kernel
     Calculating kernels for center species 1
     Calculating kernels for center species 1
Beginning first index add...
Beginning second index add...
     Calculating kernels for center species 6
     Calculating kernels for center species 6
Beginning first index add...
Beginning second index add...
Training kernel done
Computing test kernel
     Calculating kernels for center species 1
     Calculating kernels for center species 1
Beginning first index add...
Beginning second index add...
     Calculating kernels for center species 6
     Calculating kernels for center species 6
Beginning first index add...
Beginning second index add...
Test kernel done
Calculating composition features
Composition features done
-8.0 33.41454239237726
-7.8 27.504855216942673
-7.6 22.001214030583196
-7.4 17.3705355261168
-7.2 14.103908050201692
-7.0 12.522279715121668
-6.8 12.356019116596194
-6.6 12.827970297188754
-6.4 13.281043798421631
-6.2 13.442653997132178
-6.0 13.323105902827006
-5.8 13.0633236383226
-5.6 12.820960186454426
-5.4 12.698286154677996
-5.199999999999999 12.719507513729852
-5.0 12.858151410007572
-4.8 13.080224855816189
-4.6 13.364177093787085
-4.4 13.69573656352506
-4.199999999999999 14.058499784089761
-4.0 14.432429485815717
-3.8 14.800894663802655
-3.5999999999999996 15.164000549222797
-3.3999999999999995 15.55213788316121
-3.1999999999999993 16.03055333327947
-3.0 16.68801560167051
-2.8 17.60874722801907
-2.5999999999999996 18.838903113347296
-2.3999999999999995 20.366734907364503
-2.1999999999999993 22.123489768292846
-2.0 24.000073420395108
-1.7999999999999998 25.88094964215842
-1.5999999999999996 27.699508394139375
-1.3999999999999995 29.504729653744853
-1.1999999999999993 31.51094370526192
-1.0 34.08442747079275
-0.7999999999999998 37.60220691089469
-0.5999999999999996 42.18813804861605
-0.39999999999999947 47.530967739814855
-0.1999999999999993 53.009695788929236
0.0 58.02901616028699
0.20000000000000107 62.26161977713752
0.40000000000000036 65.6581291868123
0.5999999999999996 68.31709002990604
0.8000000000000007 70.36300953269118
1.0 71.90000682010684
1.200000000000001 73.01778425713842
1.4000000000000004 73.80287389991692
1.6000000000000014 74.337445890195
1.8000000000000007 74.69259030135149
2.0 74.92421599505438
2.200000000000001 75.07315925455876
2.4000000000000004 75.16774125019381
2.6000000000000014 75.22694848793321
2.8000000000000007 75.26327452126002
3.0 75.28491449246766
3.200000000000001 75.29729855592983
3.4000000000000004 75.30405614144142
3.6000000000000014 75.307572522775
3.8000000000000007 75.30933388590799
4.0 75.31019749353248
Result sigma optimization:  -6.8 12.356019116596194
E_max_2 =  500
Cutoff Radius =  6.0
Selected Radial Transform =  21.0
factor =  2.3
displacement =  0.0
dataset =  datasets/random-ch4-10k.extxyz
n_train =  2000
n_test =  2000
Train RMSE: 8.345224112371733 [Train MAE: 6.595392210157754]
Test RMSE: 13.789966765168268 [Test MAE: 8.14683443538997]
FINISHED at Wed Jan 11 02:33:43 CET 2023
