STARTING AT Wed Jan 11 02:35:58 CET 2023
Random seed: 1000
5 11
Reading dataset
Shuffling and extracting from dataset (length: 10000)
Shuffling and extraction done
Calculating power spectrum
Expansion coefficients done
Computing training kernel
     Calculating kernels for center species 1
     Calculating kernels for center species 1
Beginning first index add...
Beginning second index add...
     Calculating kernels for center species 6
     Calculating kernels for center species 6
Beginning first index add...
Beginning second index add...
Training kernel done
Computing test kernel
     Calculating kernels for center species 1
     Calculating kernels for center species 1
Beginning first index add...
Beginning second index add...
     Calculating kernels for center species 6
     Calculating kernels for center species 6
Beginning first index add...
Beginning second index add...
Test kernel done
Calculating composition features
Composition features done
-8.0 16.343161978276758
-7.8 15.219838850917021
-7.6 14.27886698160954
-7.4 13.507493946003299
-7.2 12.887307137688946
-7.0 12.400273515795302
-6.8 12.039874225682832
-6.6 11.818181117501467
-6.4 11.763081301779021
-6.2 11.903322120252541
-6.0 12.244273547200756
-5.8 12.74699868255339
-5.6 13.326094504115312
-5.4 13.87097273342314
-5.199999999999999 14.282390348330274
-5.0 14.508423987056497
-4.8 14.56236113434035
-4.6 14.513484527284765
-4.4 14.456130669034719
-4.199999999999999 14.472565120993236
-4.0 14.607099244427927
-3.8 14.861476801183535
-3.5999999999999996 15.208214324722778
-3.3999999999999995 15.609561461674554
-3.1999999999999993 16.032060401400965
-3.0 16.45422991263575
-2.8 16.86850848341399
-2.5999999999999996 17.279410325091998
-2.3999999999999995 17.70127400396863
-2.1999999999999993 18.15968627264031
-2.0 18.69960641250018
-1.7999999999999998 19.397793594517303
-1.5999999999999996 20.365450906048565
-1.3999999999999995 21.724383284363128
-1.1999999999999993 23.564781367482436
-1.0 25.917828614245927
-0.7999999999999998 28.757565921885945
-0.5999999999999996 32.011944226771796
-0.39999999999999947 35.5721776764435
-0.1999999999999993 39.32383759669198
0.0 43.20654102490296
0.20000000000000107 47.24421728948369
0.40000000000000036 51.47901897854322
0.5999999999999996 55.84266171511485
0.8000000000000007 60.10143774206331
1.0 63.94837683317863
1.200000000000001 67.1513724750554
1.4000000000000004 69.63042798359136
1.6000000000000014 71.43896904771837
1.8000000000000007 72.70143066032311
2.0 73.55727062739825
2.200000000000001 74.12917811768008
2.4000000000000004 74.51150662300172
2.6000000000000014 74.77001566411298
2.8000000000000007 74.94702031837056
3.0 75.06867893925086
3.200000000000001 75.15165835191503
3.4000000000000004 75.20742692202187
3.6000000000000014 75.24430809542248
3.8000000000000007 75.26835980345427
4.0 75.28387794991423
Result sigma optimization:  -6.4 11.763081301779021
E_max_2 =  300
Cutoff Radius =  6.0
Selected Radial Transform =  22.0
factor =  0.7
displacement =  0.0
dataset =  datasets/random-ch4-10k.extxyz
n_train =  2000
n_test =  2000
Train RMSE: 1.3871796147834825 [Train MAE: 1.0169473706829286]
Test RMSE: 24.052595101483604 [Test MAE: 6.944452445089443]
FINISHED at Wed Jan 11 02:36:33 CET 2023
