STARTING AT Tue Jan 10 12:29:51 CET 2023
Random seed: 1000
7 16
Reading dataset
Shuffling and extracting from dataset (length: 133885)
Shuffling and extraction done
Calculating power spectrum
Expansion coefficients done
Computing training kernel
     Calculating kernels for center species 1
     Calculating kernels for center species 1
Beginning first index add...
Beginning second index add...
     Calculating kernels for center species 6
     Calculating kernels for center species 6
Beginning first index add...
Beginning second index add...
     Calculating kernels for center species 7
     Calculating kernels for center species 7
Beginning first index add...
Beginning second index add...
     Calculating kernels for center species 8
     Calculating kernels for center species 8
Beginning first index add...
Beginning second index add...
     Calculating kernels for center species 9
     Calculating kernels for center species 9
Beginning first index add...
Beginning second index add...
Training kernel done
Computing test kernel
     Calculating kernels for center species 1
     Calculating kernels for center species 1
Beginning first index add...
Beginning second index add...
     Calculating kernels for center species 6
     Calculating kernels for center species 6
Beginning first index add...
Beginning second index add...
     Calculating kernels for center species 7
     Calculating kernels for center species 7
Beginning first index add...
Beginning second index add...
     Calculating kernels for center species 8
     Calculating kernels for center species 8
Beginning first index add...
Beginning second index add...
     Calculating kernels for center species 9
     Calculating kernels for center species 9
Beginning first index add...
Beginning second index add...
Test kernel done
Calculating composition features
Composition features done
-8.0 1.5307788623972973
-7.8 1.5307774487782682
-7.6 1.5307752083574906
-7.4 1.5307716573723573
-7.2 1.5307660293243643
-7.0 1.530757108561531
-6.8 1.5307429685637108
-6.6 1.5307205538356703
-6.4 1.5306850183846745
-6.2 1.5306286727533571
-6.0 1.5305401721859908
-5.8 1.530402937732837
-5.6 1.5301889284403005
-5.4 1.529854599518576
-5.199999999999999 1.5293305151171208
-5.0 1.5285340757852992
-4.8 1.527359319798823
-4.6 1.5259461811362598
-4.4 1.524480758411606
-4.199999999999999 1.5230758573325656
-4.0 1.5233402540401184
-3.8 1.5260043474862615
-3.5999999999999996 1.5334472624770823
-3.3999999999999995 1.5482215956710497
-3.1999999999999993 1.5751280289424012
-3.0 1.6152452375076682
-2.8 1.6717327957679653
-2.5999999999999996 1.7465114289704953
-2.3999999999999995 1.8433049849541172
-2.1999999999999993 1.9657524599701852
-2.0 2.113984385285927
-1.7999999999999998 2.2874624480769263
-1.5999999999999996 2.483434203274135
-1.3999999999999995 2.707575431526488
-1.1999999999999993 2.967332802728177
-1.0 3.267063906920944
-0.7999999999999998 3.6052026629091496
-0.5999999999999996 3.987053565966961
-0.39999999999999947 4.442616412760107
-0.1999999999999993 4.994292319921633
0.0 5.668219680535217
0.20000000000000107 6.49101880282008
0.40000000000000036 7.474873421448417
0.5999999999999996 8.599986165480912
0.8000000000000007 9.841931820891203
1.0 11.147685035783406
1.200000000000001 12.503692230060313
1.4000000000000004 13.87297365668475
1.6000000000000014 15.206566334629738
1.8000000000000007 16.45939224297581
2.0 17.56006808783354
2.200000000000001 18.455776704866626
2.4000000000000004 19.153428341943837
2.6000000000000014 19.672068813658036
2.8000000000000007 20.042467821398112
3.0 20.299071691530568
3.200000000000001 20.473256564270674
3.4000000000000004 20.589737434538147
3.6000000000000014 20.666570160837505
3.8000000000000007 20.716487228068406
4.0 20.74878464653371
Result sigma optimization:  -4.199999999999999 1.5230758573325656
E_max_2 =  500
Cutoff Radius =  6.0
Selected Radial Transform =  22.0
factor =  1.1
displacement =  0.0
dataset =  datasets/qm9.xyz
n_train =  2000
n_test =  2000
Train RMSE: 0.12325567315091564 [Train MAE: 0.0925539794872293]
Test RMSE: 2.251863343096063 [Test MAE: 1.413556730058568]
FINISHED at Tue Jan 10 12:33:42 CET 2023
