STARTING AT Tue Jan 10 12:28:52 CET 2023
Random seed: 1000
7 18
Reading dataset
Shuffling and extracting from dataset (length: 133885)
Shuffling and extraction done
Calculating power spectrum
Expansion coefficients done
Computing training kernel
     Calculating kernels for center species 1
     Calculating kernels for center species 1
Beginning first index add...
Beginning second index add...
     Calculating kernels for center species 6
     Calculating kernels for center species 6
Beginning first index add...
Beginning second index add...
     Calculating kernels for center species 7
     Calculating kernels for center species 7
Beginning first index add...
Beginning second index add...
     Calculating kernels for center species 8
     Calculating kernels for center species 8
Beginning first index add...
Beginning second index add...
     Calculating kernels for center species 9
     Calculating kernels for center species 9
Beginning first index add...
Beginning second index add...
Training kernel done
Computing test kernel
     Calculating kernels for center species 1
     Calculating kernels for center species 1
Beginning first index add...
Beginning second index add...
     Calculating kernels for center species 6
     Calculating kernels for center species 6
Beginning first index add...
Beginning second index add...
     Calculating kernels for center species 7
     Calculating kernels for center species 7
Beginning first index add...
Beginning second index add...
     Calculating kernels for center species 8
     Calculating kernels for center species 8
Beginning first index add...
Beginning second index add...
     Calculating kernels for center species 9
     Calculating kernels for center species 9
Beginning first index add...
Beginning second index add...
Test kernel done
Calculating composition features
Composition features done
-8.0 2.4257654218980034
-7.8 2.4257654234272676
-7.6 2.4257654258508548
-7.4 2.425765429697196
-7.2 2.42576543578982
-7.0 2.4257654454449837
-6.8 2.4257654607469292
-6.6 2.425765485003213
-6.4 2.425765523441676
-6.2 2.425765584364006
-6.0 2.4257656809187558
-5.8 2.425765833945648
-5.6 2.42576607647533
-5.4 2.4257664608444576
-5.199999999999999 2.4257670700002247
-5.0 2.4257680353739235
-4.8 2.425769565207128
-4.6 2.4257719893650544
-4.4 2.425775830244411
-4.199999999999999 2.4257819147348156
-4.0 2.4257915507312173
-3.8 2.4258068045129004
-3.5999999999999996 2.4258309343904276
-3.3999999999999995 2.4258690630739044
-3.1999999999999993 2.4259292063507503
-3.0 2.4260238119022093
-2.8 2.4261756287444527
-2.5999999999999996 2.426419824085951
-2.3999999999999995 2.426803630573961
-2.1999999999999993 2.427440573719779
-2.0 2.4285249034453296
-1.7999999999999998 2.4304955276350366
-1.5999999999999996 2.433980627915157
-1.3999999999999995 2.4401667785730687
-1.1999999999999993 2.4515893367952777
-1.0 2.471053768513011
-0.7999999999999998 2.5033230332291136
-0.5999999999999996 2.5561722341381263
-0.39999999999999947 2.62992068563826
-0.1999999999999993 2.737203961487209
0.0 2.8836537415679606
0.20000000000000107 3.0756070145452585
0.40000000000000036 3.3085080713501673
0.5999999999999996 3.597382560650609
0.8000000000000007 3.9493197253975025
1.0 4.362915016836544
1.200000000000001 4.858378619773513
1.4000000000000004 5.461968948064558
1.6000000000000014 6.182235713917713
1.8000000000000007 7.023562233429622
2.0 7.9852396258039855
2.200000000000001 9.084079526582878
2.4000000000000004 10.26807943498211
2.6000000000000014 11.525275567903838
2.8000000000000007 12.818659123926686
3.0 14.138372298686706
3.200000000000001 15.456675781667524
3.4000000000000004 16.693487088500923
3.6000000000000014 17.764885790599635
3.8000000000000007 18.635712679976784
4.0 19.30407961809888
Result sigma optimization:  -8.0 2.4257654218980034
E_max_2 =  600
Cutoff Radius =  6.0
Selected Radial Transform =  22.0
factor =  0.5
displacement =  0.0
dataset =  datasets/qm9.xyz
n_train =  2000
n_test =  2000
Train RMSE: 7.708694153324755e-08 [Train MAE: 5.396152186598613e-08]
Test RMSE: 3.5395245157471846 [Test MAE: 2.2521364499621295]
FINISHED at Tue Jan 10 12:37:13 CET 2023
