STARTING AT Wed Jan 11 03:50:26 CET 2023
Random seed: 1000
7 18
Reading dataset
Shuffling and extracting from dataset (length: 105092)
Shuffling and extraction done
Calculating power spectrum
Expansion coefficients done
Computing training kernel
     Calculating kernels for center species 79
     Calculating kernels for center species 79
Beginning first index add...
Beginning second index add...
Training kernel done
Computing test kernel
     Calculating kernels for center species 79
     Calculating kernels for center species 79
Beginning first index add...
Beginning second index add...
Test kernel done
Calculating composition features
Composition features done
-8.0 176.49695526026304
-7.8 173.10830143420185
-7.6 170.00869146183712
-7.4 167.13852688943504
-7.2 164.406082965524
-7.0 161.67346439727058
-6.8 158.79227176454438
-6.6 155.6704058888747
-6.4 152.32819212389185
-6.2 148.88869133698768
-6.0 145.49873487326664
-5.8 142.25094953646104
-5.6 139.17591004478305
-5.4 136.29076990706596
-5.199999999999999 133.6310449580574
-5.0 131.2222696567609
-4.8 129.02358045071833
-4.6 126.9082734081635
-4.4 124.70126067117123
-4.199999999999999 122.231968291342
-4.0 119.36599653693851
-3.8 116.02260055814776
-3.5999999999999996 112.19079191157184
-3.3999999999999995 107.93546422634132
-3.1999999999999993 103.38828032057455
-3.0 98.73264528552892
-2.8 94.18583051518274
-2.5999999999999996 89.97082662854893
-2.3999999999999995 86.28096735910161
-2.1999999999999993 83.26033254417084
-2.0 81.01500322534118
-1.7999999999999998 79.63443342890798
-1.5999999999999996 79.18888928217972
-1.3999999999999995 79.69652460556752
-1.1999999999999993 81.08860692791708
-1.0 83.2145341107563
-0.7999999999999998 85.90280160925232
-0.5999999999999996 89.04049684972894
-0.39999999999999947 92.6131137650428
-0.1999999999999993 96.68980287488482
0.0 101.3879139709357
0.20000000000000107 106.84076939160448
0.40000000000000036 113.15240965814301
0.5999999999999996 120.32567066347798
0.8000000000000007 128.19767902463641
1.0 136.4478636287306
1.200000000000001 144.72090710231126
1.4000000000000004 152.83876817810952
1.6000000000000014 161.0013819900586
1.8000000000000007 169.8488216821464
2.0 180.3040233620429
2.200000000000001 193.2445480689306
2.4000000000000004 209.2082213333452
2.6000000000000014 228.3012480567606
2.8000000000000007 250.28302494011004
3.0 274.8457064267066
3.200000000000001 302.11497670176897
3.4000000000000004 332.9562226443988
3.6000000000000014 368.5904893294406
3.8000000000000007 409.74151949885743
4.0 455.9965866074413
Result sigma optimization:  -1.5999999999999996 79.18888928217972
E_max_2 =  600
Cutoff Radius =  6.0
Selected Radial Transform =  22.0
factor =  0.2
displacement =  0.0
dataset =  datasets/gold.xyz
n_train =  2000
n_test =  2000
Train RMSE: 53.84926534649993 [Train MAE: 37.277684806698936]
Test RMSE: 81.16357952810843 [Test MAE: 51.05949375165207]
FINISHED at Wed Jan 11 03:51:19 CET 2023
