STARTING AT Tue Jan 10 12:29:59 CET 2023
Random seed: 1000
7 16
Reading dataset
Shuffling and extracting from dataset (length: 133885)
Shuffling and extraction done
Calculating power spectrum
Expansion coefficients done
Computing training kernel
     Calculating kernels for center species 1
     Calculating kernels for center species 1
Beginning first index add...
Beginning second index add...
     Calculating kernels for center species 6
     Calculating kernels for center species 6
Beginning first index add...
Beginning second index add...
     Calculating kernels for center species 7
     Calculating kernels for center species 7
Beginning first index add...
Beginning second index add...
     Calculating kernels for center species 8
     Calculating kernels for center species 8
Beginning first index add...
Beginning second index add...
     Calculating kernels for center species 9
     Calculating kernels for center species 9
Beginning first index add...
Beginning second index add...
Training kernel done
Computing test kernel
     Calculating kernels for center species 1
     Calculating kernels for center species 1
Beginning first index add...
Beginning second index add...
     Calculating kernels for center species 6
     Calculating kernels for center species 6
Beginning first index add...
Beginning second index add...
     Calculating kernels for center species 7
     Calculating kernels for center species 7
Beginning first index add...
Beginning second index add...
     Calculating kernels for center species 8
     Calculating kernels for center species 8
Beginning first index add...
Beginning second index add...
     Calculating kernels for center species 9
     Calculating kernels for center species 9
Beginning first index add...
Beginning second index add...
Test kernel done
Calculating composition features
Composition features done
-8.0 1.4380323152381824
-7.8 1.438026734539715
-7.6 1.4380178892732656
-7.4 1.4380038684352767
-7.2 1.4379816422400908
-7.0 1.4379464045653294
-6.8 1.4378905289354953
-6.6 1.437801903034946
-6.4 1.4376612758952252
-6.2 1.4374380142256633
-6.0 1.4370841381839128
-5.8 1.4365314608593909
-5.6 1.4356880557632175
-5.4 1.4344913010012097
-5.199999999999999 1.4328317843592304
-5.0 1.4304923547241197
-4.8 1.4278398160572032
-4.6 1.4253696066877892
-4.4 1.424445302192202
-4.199999999999999 1.4261797386964536
-4.0 1.4326361366386626
-3.8 1.4450611525615278
-3.5999999999999996 1.4665967560526987
-3.3999999999999995 1.5019811574354134
-3.1999999999999993 1.5515645176622692
-3.0 1.617890672647114
-2.8 1.7026858265323708
-2.5999999999999996 1.8122522682924027
-2.3999999999999995 1.9433741010508738
-2.1999999999999993 2.099632032650722
-2.0 2.286077809625719
-1.7999999999999998 2.4991117088808603
-1.5999999999999996 2.7387530923568475
-1.3999999999999995 3.007526645622382
-1.1999999999999993 3.3172348177562925
-1.0 3.6691105871748864
-0.7999999999999998 4.074371420591768
-0.5999999999999996 4.534456044664087
-0.39999999999999947 5.09469183213435
-0.1999999999999993 5.799852548681953
0.0 6.687719043776826
0.20000000000000107 7.730805903088164
0.40000000000000036 8.920704130386651
0.5999999999999996 10.205074556160142
0.8000000000000007 11.516719489103568
1.0 12.849245120194164
1.200000000000001 14.193269093556653
1.4000000000000004 15.475224438897703
1.6000000000000014 16.665439778520845
1.8000000000000007 17.710219600871678
2.0 18.558149087097714
2.200000000000001 19.212087567188455
2.4000000000000004 19.700433183023904
2.6000000000000014 20.050755348270826
2.8000000000000007 20.296751830102018
3.0 20.466294315589902
3.200000000000001 20.582249100305734
3.4000000000000004 20.660353723941185
3.6000000000000014 20.71212456116077
3.8000000000000007 20.74579031488858
4.0 20.767646816540843
Result sigma optimization:  -4.4 1.424445302192202
E_max_2 =  500
Cutoff Radius =  6.0
Selected Radial Transform =  22.0
factor =  1.2
displacement =  0.0
dataset =  datasets/qm9.xyz
n_train =  2000
n_test =  2000
Train RMSE: 0.17775246254756796 [Train MAE: 0.13353591287255767]
Test RMSE: 2.1593475089982874 [Test MAE: 1.3193416804490972]
FINISHED at Tue Jan 10 12:35:07 CET 2023
