STARTING AT Tue Jan 10 12:32:53 CET 2023
Random seed: 1000
5 11
Reading dataset
Shuffling and extracting from dataset (length: 133885)
Shuffling and extraction done
Calculating power spectrum
Expansion coefficients done
Computing training kernel
     Calculating kernels for center species 1
     Calculating kernels for center species 1
Beginning first index add...
Beginning second index add...
     Calculating kernels for center species 6
     Calculating kernels for center species 6
Beginning first index add...
Beginning second index add...
     Calculating kernels for center species 7
     Calculating kernels for center species 7
Beginning first index add...
Beginning second index add...
     Calculating kernels for center species 8
     Calculating kernels for center species 8
Beginning first index add...
Beginning second index add...
     Calculating kernels for center species 9
     Calculating kernels for center species 9
Beginning first index add...
Beginning second index add...
Training kernel done
Computing test kernel
     Calculating kernels for center species 1
     Calculating kernels for center species 1
Beginning first index add...
Beginning second index add...
     Calculating kernels for center species 6
     Calculating kernels for center species 6
Beginning first index add...
Beginning second index add...
     Calculating kernels for center species 7
     Calculating kernels for center species 7
Beginning first index add...
Beginning second index add...
     Calculating kernels for center species 8
     Calculating kernels for center species 8
Beginning first index add...
Beginning second index add...
     Calculating kernels for center species 9
     Calculating kernels for center species 9
Beginning first index add...
Beginning second index add...
Test kernel done
Calculating composition features
Composition features done
-8.0 5.907472450296809
-7.8 6.344246884231608
-7.6 6.787550387305156
-7.4 7.227571186698224
-7.2 7.64992303281837
-7.0 8.04588749216684
-6.8 8.434641347832258
-6.6 8.825313949717332
-6.4 9.242095565187258
-6.2 9.684400674305893
-6.0 10.16368315368302
-5.8 10.676309723433304
-5.6 11.234368987622169
-5.4 11.825711608192876
-5.199999999999999 12.436215149927905
-5.0 13.035457522384233
-4.8 13.6266710251384
-4.6 14.20361094039806
-4.4 14.780909009469463
-4.199999999999999 15.345458663080025
-4.0 15.889739040982262
-3.8 16.419533057903053
-3.5999999999999996 16.945448011288644
-3.3999999999999995 17.466372924393742
-3.1999999999999993 17.97466763832235
-3.0 18.417267427613233
-2.8 18.79770855376066
-2.5999999999999996 19.1067590844175
-2.3999999999999995 19.35576291397761
-2.1999999999999993 19.563075908639732
-2.0 19.74659299492302
-1.7999999999999998 19.923912875218615
-1.5999999999999996 20.103403967745688
-1.3999999999999995 20.272196947849128
-1.1999999999999993 20.4232925655457
-1.0 20.549754537773076
-0.7999999999999998 20.644392843274094
-0.5999999999999996 20.71045638683579
-0.39999999999999947 20.75466113722731
-0.1999999999999993 20.78300826919189
0.0 20.800647113733582
0.20000000000000107 20.810864934298035
0.40000000000000036 20.816043243445872
0.5999999999999996 20.817936004294445
0.8000000000000007 20.817985122360742
1.0 20.81705532629065
1.200000000000001 20.81575827371918
1.4000000000000004 20.81447207465571
1.6000000000000014 20.813351092533857
1.8000000000000007 20.81240709264738
2.0 20.811583800820014
2.200000000000001 20.810815527429245
2.4000000000000004 20.810048975842548
2.6000000000000014 20.809262249231747
2.8000000000000007 20.808481231050305
3.0 20.807758908988056
3.200000000000001 20.807145227844305
3.4000000000000004 20.80666037235477
3.6000000000000014 20.80630168815328
3.8000000000000007 20.80604941915807
4.0 20.805878332637764
Result sigma optimization:  -8.0 5.907472450296809
E_max_2 =  300
Cutoff Radius =  6.0
Selected Radial Transform =  22.0
factor =  4.0
displacement =  0.0
dataset =  datasets/qm9.xyz
n_train =  2000
n_test =  2000
Train RMSE: 7.607199507826016 [Train MAE: 5.600185373022519]
Test RMSE: 8.236344450277356 [Test MAE: 5.854297801211742]
FINISHED at Tue Jan 10 12:42:12 CET 2023
