STARTING AT Wed Jan 11 02:37:29 CET 2023
Random seed: 1000
8 20
Reading dataset
Shuffling and extracting from dataset (length: 10000)
Shuffling and extraction done
Calculating power spectrum
Expansion coefficients done
Computing training kernel
     Calculating kernels for center species 1
     Calculating kernels for center species 1
Beginning first index add...
Beginning second index add...
     Calculating kernels for center species 6
     Calculating kernels for center species 6
Beginning first index add...
Beginning second index add...
Training kernel done
Computing test kernel
     Calculating kernels for center species 1
     Calculating kernels for center species 1
Beginning first index add...
Beginning second index add...
     Calculating kernels for center species 6
     Calculating kernels for center species 6
Beginning first index add...
Beginning second index add...
Test kernel done
Calculating composition features
Composition features done
-8.0 43.8507378458522
-7.8 38.38210431179551
-7.6 34.04614974184126
-7.4 30.540432121278847
-7.2 27.67133718209861
-7.0 25.30607513869962
-6.8 23.34245756005819
-6.6 21.70393206215036
-6.4 20.336221495786482
-6.2 19.197378501742683
-6.0 18.249541381055753
-5.8 17.45696951810818
-5.6 16.788917197797357
-5.4 16.22266319299424
-5.199999999999999 15.741955378858913
-5.0 15.331911020749404
-4.8 14.975727401371682
-4.6 14.655973966124352
-4.4 14.358242147533941
-4.199999999999999 14.07343103988611
-4.0 13.797799681565365
-3.8 13.532342273259626
-3.5999999999999996 13.282042084845596
-3.3999999999999995 13.054700459734999
-3.1999999999999993 12.860458151371942
-3.0 12.71359471321946
-2.8 12.636468541429947
-2.5999999999999996 12.663809299283086
-2.3999999999999995 12.845171384387386
-2.1999999999999993 13.242570603391997
-2.0 13.918836122464425
-1.7999999999999998 14.914890557055669
-1.5999999999999996 16.22366539728152
-1.3999999999999995 17.775556886702912
-1.1999999999999993 19.446473631603123
-1.0 21.08963230451485
-0.7999999999999998 22.580581179684252
-0.5999999999999996 23.85531264470898
-0.39999999999999947 24.926949357216518
-0.1999999999999993 25.886801374321145
0.0 26.908673939668986
0.20000000000000107 28.26443058210642
0.40000000000000036 30.323283177321148
0.5999999999999996 33.46921925474499
0.8000000000000007 37.90408389851218
1.0 43.45230344546012
1.200000000000001 49.563837368078346
1.4000000000000004 55.54231095634308
1.6000000000000014 60.818636173433134
1.8000000000000007 65.095865548742
2.0 68.33624016196946
2.200000000000001 70.6657166880335
2.4000000000000004 72.27533377662311
2.6000000000000014 73.35560590514946
2.8000000000000007 74.06560760372531
3.0 74.52535553992155
3.200000000000001 74.81980091792965
3.4000000000000004 75.00665379660254
3.6000000000000014 75.12412877550705
3.8000000000000007 75.19718878524455
4.0 75.24206865042387
Result sigma optimization:  -2.8 12.636468541429947
E_max_2 =  700
Cutoff Radius =  6.0
Selected Radial Transform =  22.0
factor =  1.5
displacement =  0.0
dataset =  datasets/random-ch4-10k.extxyz
n_train =  2000
n_test =  2000
Train RMSE: 8.2897823174488 [Train MAE: 6.4965845105700115]
Test RMSE: 12.35619723276983 [Test MAE: 8.435254470259737]
FINISHED at Wed Jan 11 02:38:37 CET 2023
