STARTING AT Wed Jan 11 02:35:28 CET 2023
Random seed: 1000
6 14
Reading dataset
Shuffling and extracting from dataset (length: 10000)
Shuffling and extraction done
Calculating power spectrum
Expansion coefficients done
Computing training kernel
     Calculating kernels for center species 1
     Calculating kernels for center species 1
Beginning first index add...
Beginning second index add...
     Calculating kernels for center species 6
     Calculating kernels for center species 6
Beginning first index add...
Beginning second index add...
Training kernel done
Computing test kernel
     Calculating kernels for center species 1
     Calculating kernels for center species 1
Beginning first index add...
Beginning second index add...
     Calculating kernels for center species 6
     Calculating kernels for center species 6
Beginning first index add...
Beginning second index add...
Test kernel done
Calculating composition features
Composition features done
-8.0 16.17116811194815
-7.8 16.14679931903929
-7.6 16.11003088985296
-7.4 16.055863678595127
-7.2 15.97861925198894
-7.0 15.872967065434214
-6.8 15.735466930544423
-6.6 15.56599259469137
-6.4 15.36814926769137
-6.2 15.148298098215179
-6.0 14.913747950392867
-5.8 14.671311333638535
-5.6 14.427157619744818
-5.4 14.187732372857862
-5.199999999999999 13.960662426993949
-5.0 13.75483053153308
-4.8 13.578985498883531
-4.6 13.438250788953578
-4.4 13.330485220589818
-4.199999999999999 13.247805426744
-4.0 13.184995664813943
-3.8 13.148234268013985
-3.5999999999999996 13.156417198297317
-3.3999999999999995 13.23415107071608
-3.1999999999999993 13.4013347477584
-3.0 13.665555835903666
-2.8 14.02118120579422
-2.5999999999999996 14.454433587808449
-2.3999999999999995 14.950227521149511
-2.1999999999999993 15.496509671942073
-2.0 16.08379687912224
-1.7999999999999998 16.70149228736845
-1.5999999999999996 17.33879478163692
-1.3999999999999995 17.998128117694595
-1.1999999999999993 18.717250198848348
-1.0 19.585534747035904
-0.7999999999999998 20.741265687057542
-0.5999999999999996 22.342504011688305
-0.39999999999999947 24.512721932279675
-0.1999999999999993 27.284467936251385
0.0 30.580907692573092
0.20000000000000107 34.24637345465267
0.40000000000000036 38.09781618339839
0.5999999999999996 41.98105566434856
0.8000000000000007 45.82650033993775
1.0 49.66518490727431
1.200000000000001 53.56256553850619
1.4000000000000004 57.50200098576571
1.6000000000000014 61.32428361202486
1.8000000000000007 64.78824048355565
2.0 67.69350344785374
2.200000000000001 69.95976029549031
2.4000000000000004 71.62444929424919
2.6000000000000014 72.7936630688522
2.8000000000000007 73.59189762491238
3.0 74.1310505089209
3.200000000000001 74.49766045975572
3.4000000000000004 74.75133976123048
3.6000000000000014 74.92944747511218
3.8000000000000007 75.05457613369231
4.0 75.14132206330672
Result sigma optimization:  -3.8 13.148234268013985
E_max_2 =  400
Cutoff Radius =  6.0
Selected Radial Transform =  22.0
factor =  0.6
displacement =  0.0
dataset =  datasets/random-ch4-10k.extxyz
n_train =  2000
n_test =  2000
Train RMSE: 3.7316692226332306 [Train MAE: 2.751715159929112]
Test RMSE: 15.024843411021042 [Test MAE: 6.646691243435321]
FINISHED at Wed Jan 11 02:36:36 CET 2023
