STARTING AT Wed Jan 11 03:52:27 CET 2023
Random seed: 1000
7 16
Reading dataset
Shuffling and extracting from dataset (length: 105092)
Shuffling and extraction done
Calculating power spectrum
Expansion coefficients done
Computing training kernel
     Calculating kernels for center species 79
     Calculating kernels for center species 79
Beginning first index add...
Beginning second index add...
Training kernel done
Computing test kernel
     Calculating kernels for center species 79
     Calculating kernels for center species 79
Beginning first index add...
Beginning second index add...
Test kernel done
Calculating composition features
Composition features done
-8.0 111.1552390131288
-7.8 111.59548665069897
-7.6 112.06930296995034
-7.4 112.59942120516361
-7.2 113.2003109731188
-7.0 113.88644025768791
-6.8 114.6743964343628
-6.6 115.57537943017797
-6.4 116.58322017559261
-6.2 117.6641558431463
-6.0 118.75777573131222
-5.8 119.79959176489707
-5.6 120.75894522945532
-5.4 121.67379092438979
-5.199999999999999 122.67316036111865
-5.0 123.99000326600502
-4.8 125.96747510251991
-4.6 129.0533949949037
-4.4 133.75394233703446
-4.199999999999999 140.48686307455353
-4.0 149.30868806460128
-3.8 159.66425762444413
-3.5999999999999996 170.45494434594724
-3.3999999999999995 180.49664543375576
-3.1999999999999993 189.02745887814885
-3.0 195.92573687634987
-2.8 201.64882283984068
-2.5999999999999996 207.0890439762956
-2.3999999999999995 213.447542815761
-2.1999999999999993 222.05230037225218
-2.0 233.97501270478543
-1.7999999999999998 249.47556156500917
-1.5999999999999996 267.69193649751406
-1.3999999999999995 287.0267930796352
-1.1999999999999993 305.9707044784097
-1.0 323.60239937100636
-0.7999999999999998 339.5266759698139
-0.5999999999999996 353.6296670342606
-0.39999999999999947 365.9257998650179
-0.1999999999999993 376.51260935359613
0.0 385.67919589999576
0.20000000000000107 394.2029942019625
0.40000000000000036 403.7689547308204
0.5999999999999996 417.38985729684146
0.8000000000000007 439.4223643263924
1.0 474.269792989462
1.200000000000001 523.4412859734749
1.4000000000000004 583.1497805621017
1.6000000000000014 645.4737767599221
1.8000000000000007 702.3904335333575
2.0 749.0306988655618
2.200000000000001 784.2282188511516
2.4000000000000004 809.2574272675514
2.6000000000000014 826.3372164914598
2.8000000000000007 837.6730423743381
3.0 845.0591380766289
3.200000000000001 849.8130035596296
3.4000000000000004 852.847158503469
3.6000000000000014 854.7723429900853
3.8000000000000007 855.9893983881607
4.0 856.7583837377739
Result sigma optimization:  -8.0 111.1552390131288
E_max_2 =  500
Cutoff Radius =  6.0
Selected Radial Transform =  22.0
factor =  1.3
displacement =  0.0
dataset =  datasets/gold.xyz
n_train =  2000
n_test =  2000
Train RMSE: 105.21823136592732 [Train MAE: 81.21893829500675]
Test RMSE: 113.56696443632205 [Test MAE: 85.00514176380635]
FINISHED at Wed Jan 11 03:56:05 CET 2023
