STARTING AT Wed Jan 11 03:50:26 CET 2023
Random seed: 1000
5 11
Reading dataset
Shuffling and extracting from dataset (length: 105092)
Shuffling and extraction done
Calculating power spectrum
Expansion coefficients done
Computing training kernel
     Calculating kernels for center species 79
     Calculating kernels for center species 79
Beginning first index add...
Beginning second index add...
Training kernel done
Computing test kernel
     Calculating kernels for center species 79
     Calculating kernels for center species 79
Beginning first index add...
Beginning second index add...
Test kernel done
Calculating composition features
Composition features done
-8.0 145.58895222980317
-7.8 143.23225040318047
-7.6 140.5816730966341
-7.4 137.69066401762564
-7.2 134.5831287927443
-7.0 131.2437261469849
-6.8 127.63924225883225
-6.6 123.75023207517424
-6.4 119.58246123918501
-6.2 115.15941488176937
-6.0 110.52477056073896
-5.8 105.76319806480308
-5.6 101.01430981318155
-5.4 96.45662351496688
-5.199999999999999 92.2652294220278
-5.0 88.5674463914439
-4.8 85.42124437248602
-4.6 82.82139044582647
-4.4 80.71965115997494
-4.199999999999999 79.05281783504988
-4.0 77.78044995078083
-3.8 76.91653282548596
-3.5999999999999996 76.53085155125854
-3.3999999999999995 76.71585467478864
-3.1999999999999993 77.53915389884313
-3.0 79.01536182244517
-2.8 81.11288085932556
-2.5999999999999996 83.77434581559251
-2.3999999999999995 86.9366913391233
-2.1999999999999993 90.56698348715345
-2.0 94.70986463022552
-1.7999999999999998 99.50808414934893
-1.5999999999999996 105.17273863460447
-1.3999999999999995 111.91734202879603
-1.1999999999999993 119.88574839508549
-1.0 129.09837217204608
-0.7999999999999998 139.4371939982531
-0.5999999999999996 150.68712877555748
-0.39999999999999947 162.6207308797518
-0.1999999999999993 175.0805381666162
0.0 188.05669151241165
0.20000000000000107 201.80389526263926
0.40000000000000036 216.91013212469198
0.5999999999999996 234.11858155128635
0.8000000000000007 254.0235420122098
1.0 277.1552054113644
1.200000000000001 304.52325099217626
1.4000000000000004 337.6839245353692
1.6000000000000014 377.5227267119379
1.8000000000000007 422.75550642598523
2.0 470.1995068494471
2.200000000000001 516.9011254668703
2.4000000000000004 561.8249352295595
2.6000000000000014 605.3885827628471
2.8000000000000007 647.5933800998353
3.0 686.9532583128207
3.200000000000001 721.3036567087114
3.4000000000000004 749.3205640272865
3.6000000000000014 771.1993383375952
3.8000000000000007 788.2788402809498
4.0 802.2162038473872
Result sigma optimization:  -3.5999999999999996 76.53085155125854
E_max_2 =  300
Cutoff Radius =  6.0
Selected Radial Transform =  22.0
factor =  0.3
displacement =  0.0
dataset =  datasets/gold.xyz
n_train =  2000
n_test =  2000
Train RMSE: 54.691199283322575 [Train MAE: 38.341568570440025]
Test RMSE: 74.25376303258389 [Test MAE: 47.473846689067926]
FINISHED at Wed Jan 11 03:51:10 CET 2023
