STARTING AT Wed Jan 11 02:38:29 CET 2023
Random seed: 1000
6 14
Reading dataset
Shuffling and extracting from dataset (length: 10000)
Shuffling and extraction done
Calculating power spectrum
Expansion coefficients done
Computing training kernel
     Calculating kernels for center species 1
     Calculating kernels for center species 1
Beginning first index add...
Beginning second index add...
     Calculating kernels for center species 6
     Calculating kernels for center species 6
Beginning first index add...
Beginning second index add...
Training kernel done
Computing test kernel
     Calculating kernels for center species 1
     Calculating kernels for center species 1
Beginning first index add...
Beginning second index add...
     Calculating kernels for center species 6
     Calculating kernels for center species 6
Beginning first index add...
Beginning second index add...
Test kernel done
Calculating composition features
Composition features done
-8.0 27.32576001025409
-7.8 24.762377579403303
-7.6 22.515157243609007
-7.4 20.51846761451551
-7.2 18.754656726059366
-7.0 17.225928305499316
-6.8 15.93008758878366
-6.6 14.859477041988375
-6.4 14.009045306586037
-6.2 13.37675741689385
-6.0 12.95331164482666
-5.8 12.71033428445541
-5.6 12.600086372688555
-5.4 12.570627209224872
-5.199999999999999 12.584809119282218
-5.0 12.629161002748779
-4.8 12.709201852311393
-4.6 12.836015131031711
-4.4 13.013844896466242
-4.199999999999999 13.238960142314285
-4.0 13.510192462903134
-3.8 13.840519347710847
-3.5999999999999996 14.260369332414646
-3.3999999999999995 14.812413752026957
-3.1999999999999993 15.542375971594641
-3.0 16.48849606958493
-2.8 17.669397540799945
-2.5999999999999996 19.070580866750102
-2.3999999999999995 20.6353653901114
-2.1999999999999993 22.27315566251649
-2.0 23.89226033094365
-1.7999999999999998 25.448089217506723
-1.5999999999999996 26.990834898046753
-1.3999999999999995 28.696156556796502
-1.1999999999999993 30.854447269706494
-1.0 33.78977993355589
-0.7999999999999998 37.709225363384114
-0.5999999999999996 42.556558645891215
-0.39999999999999947 47.985119306084485
-0.1999999999999993 53.48556426701418
0.0 58.57865264059525
0.20000000000000107 62.95071104098286
0.40000000000000036 66.47963009745972
0.5999999999999996 69.1862093871478
0.8000000000000007 71.1722838965835
1.0 72.57452424845143
1.200000000000001 73.53316465986036
1.4000000000000004 74.17212954391645
1.6000000000000014 74.58995552185031
1.8000000000000007 74.85924676587204
2.0 75.03074661155131
2.200000000000001 75.13872616063364
2.4000000000000004 75.20588854722224
2.6000000000000014 75.2471417212077
2.8000000000000007 75.27221247234996
3.0 75.28735975548624
3.200000000000001 75.29651383244412
3.4000000000000004 75.30207512471065
3.6000000000000014 75.30547990276334
3.8000000000000007 75.30758083133999
4.0 75.30888587129252
Result sigma optimization:  -5.4 12.570627209224872
E_max_2 =  400
Cutoff Radius =  6.0
Selected Radial Transform =  22.0
factor =  2.1
displacement =  0.0
dataset =  datasets/random-ch4-10k.extxyz
n_train =  2000
n_test =  2000
Train RMSE: 8.952042263415246 [Train MAE: 7.0658116872499575]
Test RMSE: 12.702245293611247 [Test MAE: 8.471516054076059]
FINISHED at Wed Jan 11 02:41:55 CET 2023
