STARTING AT Tue Jan 10 12:29:21 CET 2023
Random seed: 1000
7 18
Reading dataset
Shuffling and extracting from dataset (length: 133885)
Shuffling and extraction done
Calculating power spectrum
Expansion coefficients done
Computing training kernel
     Calculating kernels for center species 1
     Calculating kernels for center species 1
Beginning first index add...
Beginning second index add...
     Calculating kernels for center species 6
     Calculating kernels for center species 6
Beginning first index add...
Beginning second index add...
     Calculating kernels for center species 7
     Calculating kernels for center species 7
Beginning first index add...
Beginning second index add...
     Calculating kernels for center species 8
     Calculating kernels for center species 8
Beginning first index add...
Beginning second index add...
     Calculating kernels for center species 9
     Calculating kernels for center species 9
Beginning first index add...
Beginning second index add...
Training kernel done
Computing test kernel
     Calculating kernels for center species 1
     Calculating kernels for center species 1
Beginning first index add...
Beginning second index add...
     Calculating kernels for center species 6
     Calculating kernels for center species 6
Beginning first index add...
Beginning second index add...
     Calculating kernels for center species 7
     Calculating kernels for center species 7
Beginning first index add...
Beginning second index add...
     Calculating kernels for center species 8
     Calculating kernels for center species 8
Beginning first index add...
Beginning second index add...
     Calculating kernels for center species 9
     Calculating kernels for center species 9
Beginning first index add...
Beginning second index add...
Test kernel done
Calculating composition features
Composition features done
-8.0 1.9836905621652945
-7.8 1.9836905803981142
-7.6 1.9836906092956617
-7.4 1.983690655080114
-7.2 1.9836907276588223
-7.0 1.9836908426747288
-6.8 1.9836910249662854
-6.6 1.9836913138726657
-6.4 1.983691771736443
-6.2 1.9836924973521761
-6.0 1.9836936472741704
-5.8 1.983695469477181
-5.6 1.9836983567590514
-5.4 1.983702930989931
-5.199999999999999 1.9837101761090803
-5.0 1.9837218894160584
-4.8 1.9837406051035669
-4.6 1.983770244494887
-4.4 1.9838175609028046
-4.199999999999999 1.9838921378401646
-4.0 1.9840178127489845
-3.8 1.9842190461266453
-3.5999999999999996 1.9845543775631675
-3.3999999999999995 1.9851294227763252
-3.1999999999999993 1.9860695146727156
-3.0 1.98784516641792
-2.8 1.9906757413707374
-2.5999999999999996 1.9951481422786208
-2.3999999999999995 2.002641141614148
-2.1999999999999993 2.01581997938357
-2.0 2.037789517931489
-1.7999999999999998 2.0732905565413593
-1.5999999999999996 2.126151319093653
-1.3999999999999995 2.1994958782060374
-1.1999999999999993 2.296659860216501
-1.0 2.4187251469922146
-0.7999999999999998 2.566468897514645
-0.5999999999999996 2.7395236591210255
-0.39999999999999947 2.9510043828021106
-0.1999999999999993 3.2091986052363968
0.0 3.5179625427084393
0.20000000000000107 3.884917183701632
0.40000000000000036 4.337994530322904
0.5999999999999996 4.887885627940844
0.8000000000000007 5.544414486511317
1.0 6.318636604664706
1.200000000000001 7.228845811704356
1.4000000000000004 8.294219078545042
1.6000000000000014 9.47884373163849
1.8000000000000007 10.75682354526504
2.0 12.09174474250511
2.200000000000001 13.462086774013738
2.4000000000000004 14.82463935855077
2.6000000000000014 16.134634123907784
2.8000000000000007 17.29619142787857
3.0 18.26545195016218
3.200000000000001 19.025974467096813
3.4000000000000004 19.594265060697428
3.6000000000000014 19.99876869464994
3.8000000000000007 20.277166455294765
4.0 20.46449325619511
Result sigma optimization:  -8.0 1.9836905621652945
E_max_2 =  600
Cutoff Radius =  6.0
Selected Radial Transform =  22.0
factor =  0.8
displacement =  0.0
dataset =  datasets/qm9.xyz
n_train =  2000
n_test =  2000
Train RMSE: 7.302394069575273e-07 [Train MAE: 5.344582437487589e-07]
Test RMSE: 2.9539606954468582 [Test MAE: 1.8794961064206732]
FINISHED at Tue Jan 10 12:31:15 CET 2023
