STARTING AT Tue Jan 10 12:32:03 CET 2023
Random seed: 1000
6 14
Reading dataset
Shuffling and extracting from dataset (length: 133885)
Shuffling and extraction done
Calculating power spectrum
Expansion coefficients done
Computing training kernel
     Calculating kernels for center species 1
     Calculating kernels for center species 1
Beginning first index add...
Beginning second index add...
     Calculating kernels for center species 6
     Calculating kernels for center species 6
Beginning first index add...
Beginning second index add...
     Calculating kernels for center species 7
     Calculating kernels for center species 7
Beginning first index add...
Beginning second index add...
     Calculating kernels for center species 8
     Calculating kernels for center species 8
Beginning first index add...
Beginning second index add...
     Calculating kernels for center species 9
     Calculating kernels for center species 9
Beginning first index add...
Beginning second index add...
Training kernel done
Computing test kernel
     Calculating kernels for center species 1
     Calculating kernels for center species 1
Beginning first index add...
Beginning second index add...
     Calculating kernels for center species 6
     Calculating kernels for center species 6
Beginning first index add...
Beginning second index add...
     Calculating kernels for center species 7
     Calculating kernels for center species 7
Beginning first index add...
Beginning second index add...
     Calculating kernels for center species 8
     Calculating kernels for center species 8
Beginning first index add...
Beginning second index add...
     Calculating kernels for center species 9
     Calculating kernels for center species 9
Beginning first index add...
Beginning second index add...
Test kernel done
Calculating composition features
Composition features done
-8.0 1.5451146778375333
-7.8 1.5739339576657876
-7.6 1.6113440538448995
-7.4 1.6523190691816927
-7.2 1.6962940765110033
-7.0 1.740785655737338
-6.8 1.7876762625222982
-6.6 1.838295948011095
-6.4 1.8934717416756248
-6.2 1.9610283801325932
-6.0 2.0427724520754054
-5.8 2.142481385734973
-5.6 2.267496295425102
-5.4 2.419193882488842
-5.199999999999999 2.598345698524376
-5.0 2.8173501989949656
-4.8 3.082501605205609
-4.6 3.389125959224992
-4.4 3.737138495522107
-4.199999999999999 4.129077704594536
-4.0 4.549576489320483
-3.8 4.982751407622065
-3.5999999999999996 5.427738334520694
-3.3999999999999995 5.888774753711947
-3.1999999999999993 6.379733082440473
-3.0 6.954000640699288
-2.8 7.63553219538316
-2.5999999999999996 8.404442771138804
-2.3999999999999995 9.272112897805073
-2.1999999999999993 10.222202162673472
-2.0 11.232404122350978
-1.7999999999999998 12.320519432127776
-1.5999999999999996 13.47498688674055
-1.3999999999999995 14.634673166815134
-1.1999999999999993 15.722870338861105
-1.0 16.688839064208924
-0.7999999999999998 17.483376850351704
-0.5999999999999996 18.127854086929116
-0.39999999999999947 18.667761356118294
-0.1999999999999993 19.119731315504335
0.0 19.50305134378449
0.20000000000000107 19.832595828478535
0.40000000000000036 20.10723733077404
0.5999999999999996 20.32323361425451
0.8000000000000007 20.48593039766141
1.0 20.600164584791482
1.200000000000001 20.677059142287902
1.4000000000000004 20.727158457078936
1.6000000000000014 20.759066572974696
1.8000000000000007 20.77899778728281
2.0 20.791249804886103
2.200000000000001 20.798736161004403
2.4000000000000004 20.80324534080325
2.6000000000000014 20.805888830310153
2.8000000000000007 20.80733332305045
3.0 20.807983464805968
3.200000000000001 20.808101728583466
3.4000000000000004 20.80788241856075
3.6000000000000014 20.807485873043596
3.8000000000000007 20.807040482110256
4.0 20.80663508946275
Result sigma optimization:  -8.0 1.5451146778375333
E_max_2 =  400
Cutoff Radius =  6.0
Selected Radial Transform =  22.0
factor =  2.6
displacement =  0.0
dataset =  datasets/qm9.xyz
n_train =  2000
n_test =  2000
Train RMSE: 1.3670932887484957 [Train MAE: 0.9911480676413121]
Test RMSE: 2.6010607917645125 [Test MAE: 1.4973477805856128]
FINISHED at Tue Jan 10 12:33:54 CET 2023
