STARTING AT Wed Jan 11 03:51:56 CET 2023
Random seed: 1000
5 11
Reading dataset
Shuffling and extracting from dataset (length: 105092)
Shuffling and extraction done
Calculating power spectrum
Expansion coefficients done
Computing training kernel
     Calculating kernels for center species 79
     Calculating kernels for center species 79
Beginning first index add...
Beginning second index add...
Training kernel done
Computing test kernel
     Calculating kernels for center species 79
     Calculating kernels for center species 79
Beginning first index add...
Beginning second index add...
Test kernel done
Calculating composition features
Composition features done
-8.0 108.61605056457019
-7.8 109.24932847973028
-7.6 109.87251371539087
-7.4 110.50316442312312
-7.2 111.16189330360746
-7.0 111.87028555816919
-6.8 112.64731814899773
-6.6 113.51006747497462
-6.4 114.48128804548716
-6.2 115.59345546007867
-6.0 116.87772190302907
-5.8 118.34959580575459
-5.6 120.0225329171233
-5.4 121.96113050243314
-5.199999999999999 124.33943536017716
-5.0 127.4395337551136
-4.8 131.5565279591711
-4.6 136.8919607454036
-4.4 143.58521590719255
-4.199999999999999 151.84519075564216
-4.0 161.89105739342713
-3.8 173.58367526489735
-3.5999999999999996 186.15987339167384
-3.3999999999999995 198.54087392671687
-3.1999999999999993 210.0057790761844
-3.0 220.6012431023867
-2.8 231.0093051651467
-2.5999999999999996 242.06159302431004
-2.3999999999999995 254.25356306934071
-2.1999999999999993 267.57408180404326
-2.0 281.7545760157198
-1.7999999999999998 296.6683241921883
-1.5999999999999996 312.42576796356
-1.3999999999999995 329.06980237432657
-1.1999999999999993 346.2455420162727
-1.0 363.19841039229146
-0.7999999999999998 379.168891302012
-0.5999999999999996 394.05036718450634
-0.39999999999999947 409.050001449496
-0.1999999999999993 427.09586104831317
0.0 452.60749255848293
0.20000000000000107 489.89170763152737
0.40000000000000036 540.1256303083298
0.5999999999999996 599.2722652988535
0.8000000000000007 659.6157118771556
1.0 713.766730284774
1.200000000000001 757.556566130356
1.4000000000000004 790.2841517502559
1.6000000000000014 813.3976370045527
1.8000000000000007 829.094691009491
2.0 839.477437757237
2.200000000000001 846.225566782921
2.4000000000000004 850.5609880377477
2.6000000000000014 853.3259373052242
2.8000000000000007 855.0820589680914
3.0 856.1955644034433
3.200000000000001 856.9013949039056
3.4000000000000004 857.3488014445173
3.6000000000000014 857.6323031916355
3.8000000000000007 857.8118194427061
4.0 857.9253957720912
Result sigma optimization:  -8.0 108.61605056457019
E_max_2 =  300
Cutoff Radius =  6.0
Selected Radial Transform =  22.0
factor =  1.1
displacement =  0.0
dataset =  datasets/gold.xyz
n_train =  2000
n_test =  2000
Train RMSE: 104.05166869584232 [Train MAE: 80.53317107784748]
Test RMSE: 111.15718192860946 [Test MAE: 83.19089219987393]
FINISHED at Wed Jan 11 03:54:50 CET 2023
