STARTING AT Wed Jan 11 02:42:31 CET 2023
Random seed: 1000
5 11
Reading dataset
Shuffling and extracting from dataset (length: 10000)
Shuffling and extraction done
Calculating power spectrum
Expansion coefficients done
Computing training kernel
     Calculating kernels for center species 1
     Calculating kernels for center species 1
Beginning first index add...
Beginning second index add...
     Calculating kernels for center species 6
     Calculating kernels for center species 6
Beginning first index add...
Beginning second index add...
Training kernel done
Computing test kernel
     Calculating kernels for center species 1
     Calculating kernels for center species 1
Beginning first index add...
Beginning second index add...
     Calculating kernels for center species 6
     Calculating kernels for center species 6
Beginning first index add...
Beginning second index add...
Test kernel done
Calculating composition features
Composition features done
-8.0 59.00906091620634
-7.8 52.77460891189783
-7.6 48.24923101024102
-7.4 44.654556728202934
-7.2 41.45609747890873
-7.0 38.413436247399495
-6.8 35.51355339593726
-6.6 32.85938587857166
-6.4 30.572179103327482
-6.2 28.73171961372604
-6.0 27.35194988468375
-5.8 26.381349809862176
-5.6 25.719836122414392
-5.4 25.2440109589005
-5.199999999999999 24.831216982933324
-5.0 24.379152944345847
-4.8 23.824793647413617
-4.6 23.159749266894586
-4.4 22.42931793425235
-4.199999999999999 21.70982577187253
-4.0 21.07742300085796
-3.8 20.588457274488896
-3.5999999999999996 20.2795710290869
-3.3999999999999995 20.178860476990316
-3.1999999999999993 20.313380483143415
-3.0 20.70534062720191
-2.8 21.36050218112056
-2.5999999999999996 22.257509424062505
-2.3999999999999995 23.346703319688686
-2.1999999999999993 24.562836258979583
-2.0 25.84240224433423
-1.7999999999999998 27.131010391744276
-1.5999999999999996 28.389382888917062
-1.3999999999999995 29.619027193920164
-1.1999999999999993 30.90084419719031
-1.0 32.416416302718424
-0.7999999999999998 34.43192624863288
-0.5999999999999996 37.2403662278572
-0.39999999999999947 41.053235644589996
-0.1999999999999993 45.84912298126386
0.0 51.27771479183451
0.20000000000000107 56.751261696160356
0.40000000000000036 61.69117008457732
0.5999999999999996 65.73992873489598
0.8000000000000007 68.81063945622502
1.0 71.00690010099187
1.200000000000001 72.51269459944189
1.4000000000000004 73.51500069695477
1.6000000000000014 74.16861131040305
1.8000000000000007 74.58872782856483
2.0 74.85600838954647
2.200000000000001 75.02487327866595
2.4000000000000004 75.13113056395886
2.6000000000000014 75.19788622681061
2.8000000000000007 75.23982633701037
3.0 75.26619611185295
3.200000000000001 75.2827913363109
3.4000000000000004 75.29324345580615
3.6000000000000014 75.29983039995278
3.8000000000000007 75.3039832272021
4.0 75.30660216111143
Result sigma optimization:  -3.3999999999999995 20.178860476990316
E_max_2 =  300
Cutoff Radius =  6.0
Selected Radial Transform =  23.0
factor =  1.3
displacement =  0.0
dataset =  datasets/random-ch4-10k.extxyz
n_train =  2000
n_test =  2000
Train RMSE: 11.509125384160413 [Train MAE: 8.949259324757804]
Test RMSE: 16.008260138274792 [Test MAE: 10.28066901495839]
FINISHED at Wed Jan 11 02:43:14 CET 2023
