STARTING AT Wed Jan 11 03:54:57 CET 2023
Random seed: 1000
7 16
Reading dataset
Shuffling and extracting from dataset (length: 105092)
Shuffling and extraction done
Calculating power spectrum
Expansion coefficients done
Computing training kernel
     Calculating kernels for center species 79
     Calculating kernels for center species 79
Beginning first index add...
Beginning second index add...
Training kernel done
Computing test kernel
     Calculating kernels for center species 79
     Calculating kernels for center species 79
Beginning first index add...
Beginning second index add...
Test kernel done
Calculating composition features
Composition features done
-8.0 240.09956358895954
-7.8 233.0305705836715
-7.6 226.69597444649978
-7.4 220.7251824626121
-7.2 215.0388081763383
-7.0 209.22395565512167
-6.8 203.1529070273225
-6.6 196.82627367011878
-6.4 190.46500897864902
-6.2 184.3465364628144
-6.0 178.72270843299873
-5.8 173.74640134245035
-5.6 169.48983124275904
-5.4 165.95897969743987
-5.199999999999999 163.0687293347747
-5.0 160.6653598997213
-4.8 158.5823246760359
-4.6 156.67816651971373
-4.4 154.8314128574797
-4.199999999999999 152.93525503079888
-4.0 150.91700525288445
-3.8 148.76619284969252
-3.5999999999999996 146.54320492369976
-3.3999999999999995 144.3618378580884
-3.1999999999999993 142.35810063680378
-3.0 140.65879539629967
-2.8 139.3499422932035
-2.5999999999999996 138.45583065081374
-2.3999999999999995 137.9561754634854
-2.1999999999999993 137.83888174421546
-2.0 138.14212732686664
-1.7999999999999998 138.94879691844218
-1.5999999999999996 140.34718293740193
-1.3999999999999995 142.3979623449615
-1.1999999999999993 145.13004781494772
-1.0 148.57191703248108
-0.7999999999999998 152.8098249484152
-0.5999999999999996 158.01108271346743
-0.39999999999999947 164.33530381510886
-0.1999999999999993 171.77726560892492
0.0 180.11589736261607
0.20000000000000107 189.04680018307675
0.40000000000000036 198.3359579285908
0.5999999999999996 207.8283386657595
0.8000000000000007 217.37713559586464
1.0 226.8359792661067
1.200000000000001 236.1186681220598
1.4000000000000004 245.24802759534725
1.6000000000000014 254.35483601917525
1.8000000000000007 263.63912213609825
2.0 273.31046426888065
2.200000000000001 283.50192920089256
2.4000000000000004 294.1897503261699
2.6000000000000014 305.22682537547075
2.8000000000000007 316.5449456719091
3.0 328.4095154932866
3.200000000000001 341.556422900891
3.4000000000000004 357.11666501546614
3.6000000000000014 376.268211028774
3.8000000000000007 399.67702896175666
4.0 427.05369951721724
Result sigma optimization:  -2.1999999999999993 137.83888174421546
E_max_2 =  500
Cutoff Radius =  6.0
Selected Radial Transform =  23.0
factor =  0.1
displacement =  0.0
dataset =  datasets/gold.xyz
n_train =  2000
n_test =  2000
Train RMSE: 102.32790007847963 [Train MAE: 67.1117370712906]
Test RMSE: 135.84761128239964 [Test MAE: 83.73703215500713]
FINISHED at Wed Jan 11 03:55:48 CET 2023
