STARTING AT Wed Jan 11 02:45:32 CET 2023
Random seed: 1000
7 16
Reading dataset
Shuffling and extracting from dataset (length: 10000)
Shuffling and extraction done
Calculating power spectrum
Expansion coefficients done
Computing training kernel
     Calculating kernels for center species 1
     Calculating kernels for center species 1
Beginning first index add...
Beginning second index add...
     Calculating kernels for center species 6
     Calculating kernels for center species 6
Beginning first index add...
Beginning second index add...
Training kernel done
Computing test kernel
     Calculating kernels for center species 1
     Calculating kernels for center species 1
Beginning first index add...
Beginning second index add...
     Calculating kernels for center species 6
     Calculating kernels for center species 6
Beginning first index add...
Beginning second index add...
Test kernel done
Calculating composition features
Composition features done
-8.0 83.39184090106859
-7.8 70.21127534195762
-7.6 59.66418928088558
-7.4 51.061254876925496
-7.2 43.855848654248724
-7.0 37.8112705032434
-6.8 33.00043528940004
-6.6 29.55760845203996
-6.4 27.373780192249818
-6.2 26.09491703032439
-6.0 25.377048724066494
-5.8 25.04263441162226
-5.6 25.042609069919255
-5.4 25.349905606793897
-5.199999999999999 25.892546982664943
-5.0 26.55911811952489
-4.8 27.245019535355535
-4.6 27.887842117555916
-4.4 28.47148000404245
-4.199999999999999 29.013889929153002
-4.0 29.552621883101686
-3.8 30.128115012161217
-3.5999999999999996 30.76555024066111
-3.3999999999999995 31.462680016120093
-3.1999999999999993 32.19096778518427
-3.0 32.910977647923886
-2.8 33.59517234167765
-2.5999999999999996 34.246444090718285
-2.3999999999999995 34.90195980391869
-2.1999999999999993 35.61866267652782
-2.0 36.445491970963765
-1.7999999999999998 37.39899310471742
-1.5999999999999996 38.467182133652216
-1.3999999999999995 39.65055866356218
-1.1999999999999993 41.017257413032425
-1.0 42.73556961839723
-0.7999999999999998 45.04838133893941
-0.5999999999999996 48.16054713409957
-0.39999999999999947 52.06558893253
-0.1999999999999993 56.45121292664745
0.0 60.81408640967914
0.20000000000000107 64.69820021136017
0.40000000000000036 67.85275676624514
0.5999999999999996 70.23749680601306
0.8000000000000007 71.94511621018977
1.0 73.11998156759928
1.200000000000001 73.90549942186622
1.4000000000000004 74.42032607765873
1.6000000000000014 74.75315725721191
1.8000000000000007 74.96628530810248
2.0 75.1017562987696
2.200000000000001 75.18722840458459
2.4000000000000004 75.24059177800135
2.6000000000000014 75.27330688718725
2.8000000000000007 75.2927146828514
3.0 75.30359122906327
3.200000000000001 75.30914112568219
3.4000000000000004 75.31156277196301
3.6000000000000014 75.31232864154975
3.8000000000000007 75.31234541082549
4.0 75.31210294310819
Result sigma optimization:  -5.6 25.042609069919255
E_max_2 =  500
Cutoff Radius =  6.0
Selected Radial Transform =  23.0
factor =  3.5
displacement =  0.0
dataset =  datasets/random-ch4-10k.extxyz
n_train =  2000
n_test =  2000
Train RMSE: 22.350721744788434 [Train MAE: 17.73813966782787]
Test RMSE: 29.020051970197784 [Test MAE: 20.542927272167763]
FINISHED at Wed Jan 11 02:46:12 CET 2023
