STARTING AT Wed Jan 11 03:56:58 CET 2023
Random seed: 1000
8 20
Reading dataset
Shuffling and extracting from dataset (length: 105092)
Shuffling and extraction done
Calculating power spectrum
Expansion coefficients done
Computing training kernel
     Calculating kernels for center species 79
     Calculating kernels for center species 79
Beginning first index add...
Beginning second index add...
Training kernel done
Computing test kernel
     Calculating kernels for center species 79
     Calculating kernels for center species 79
Beginning first index add...
Beginning second index add...
Test kernel done
Calculating composition features
Composition features done
-8.0 111.86535963833316
-7.8 112.12246865017434
-7.6 112.4172686008983
-7.4 112.79443077508195
-7.2 113.29807544250531
-7.0 113.95626360726213
-6.8 114.77285392731312
-6.6 115.71897565991576
-6.4 116.73532974765278
-6.2 117.74711563146792
-6.0 118.6893837165793
-5.8 119.53412355383213
-5.6 120.31072763693113
-5.4 121.11862701092849
-5.199999999999999 122.13773560933832
-5.0 123.6365643855935
-4.8 125.96144019951666
-4.6 129.48036112924757
-4.4 134.48160612188286
-4.199999999999999 141.07647919737587
-4.0 149.1322592046557
-3.8 158.2034132947272
-3.5999999999999996 167.52727470584605
-3.3999999999999995 176.23311977746525
-3.1999999999999993 183.68711270332773
-3.0 189.703431901882
-2.8 194.5296372622238
-2.5999999999999996 198.7385061236637
-2.3999999999999995 203.1531335202218
-2.1999999999999993 208.81561440874958
-2.0 216.90641188532544
-1.7999999999999998 228.45436548901873
-1.5999999999999996 243.79887121424647
-1.3999999999999995 262.1793667256524
-1.1999999999999993 281.9733151907611
-1.0 301.46083875835626
-0.7999999999999998 319.42712572166505
-0.5999999999999996 335.27732434278005
-0.39999999999999947 348.8986008936049
-0.1999999999999993 360.4795391748688
0.0 370.3074065550421
0.20000000000000107 378.65140119584635
0.40000000000000036 385.8799517865295
0.5999999999999996 392.7827039765661
0.8000000000000007 400.990510149826
1.0 413.4110649343086
1.200000000000001 434.31617570207635
1.4000000000000004 468.16306410537504
1.6000000000000014 516.7003505609557
1.8000000000000007 576.4034189343004
2.0 639.3920532303013
2.200000000000001 697.4179895638096
2.4000000000000004 745.2899167855147
2.6000000000000014 781.598462007024
2.8000000000000007 807.5098670677368
3.0 825.2352734222703
3.200000000000001 837.0196404585841
3.4000000000000004 844.7074770951018
3.6000000000000014 849.6604315220704
3.8000000000000007 852.8240667013281
4.0 854.8313161823138
Result sigma optimization:  -8.0 111.86535963833316
E_max_2 =  700
Cutoff Radius =  6.0
Selected Radial Transform =  23.0
factor =  1.4
displacement =  0.0
dataset =  datasets/gold.xyz
n_train =  2000
n_test =  2000
Train RMSE: 104.93291390516174 [Train MAE: 80.72071398508548]
Test RMSE: 113.59066038009065 [Test MAE: 85.04994161498547]
FINISHED at Wed Jan 11 03:57:47 CET 2023
