STARTING AT Wed Jan 11 03:58:28 CET 2023
Random seed: 1000
8 20
Reading dataset
Shuffling and extracting from dataset (length: 105092)
Shuffling and extraction done
Calculating power spectrum
Expansion coefficients done
Computing training kernel
     Calculating kernels for center species 79
     Calculating kernels for center species 79
Beginning first index add...
Beginning second index add...
Training kernel done
Computing test kernel
     Calculating kernels for center species 79
     Calculating kernels for center species 79
Beginning first index add...
Beginning second index add...
Test kernel done
Calculating composition features
Composition features done
-8.0 156.48011239018604
-7.8 156.74975315057713
-7.6 157.00009816891827
-7.4 157.27926902575928
-7.2 157.68075270421275
-7.0 158.40568655026811
-6.8 159.8676005900055
-6.6 162.8279867029624
-6.4 168.49215688279676
-6.2 178.37539169724207
-6.0 193.74693310005887
-5.8 214.82811231743298
-5.6 240.39704927375777
-5.4 268.1814912538648
-5.199999999999999 295.66036751416704
-5.0 320.77459928433876
-4.8 342.32055071971365
-4.6 359.9252834609263
-4.4 373.7410728812065
-4.199999999999999 384.1707444854938
-4.0 391.7427860175572
-3.8 397.04374933627963
-3.5999999999999996 400.643554523514
-3.3999999999999995 403.0325675634629
-3.1999999999999993 404.59427174952134
-3.0 405.6103429112275
-2.8 406.283861787687
-2.5999999999999996 406.77158976599384
-2.3999999999999995 407.2273065213567
-2.1999999999999993 407.8722547380921
-2.0 409.1279856872665
-1.7999999999999998 411.8678121531036
-1.5999999999999996 417.82859977511845
-1.3999999999999995 430.05495240194045
-1.1999999999999993 452.77475115550465
-1.0 489.7080917319334
-0.7999999999999998 540.9626400476957
-0.5999999999999996 601.309425284286
-0.39999999999999947 662.3054689641061
-0.1999999999999993 716.4646014866978
0.0 759.8657077422038
0.20000000000000107 792.0811110439997
0.40000000000000036 814.724165769226
0.5999999999999996 830.0544439257901
0.8000000000000007 840.1775087360862
1.0 846.7535787616382
1.200000000000001 850.9805184952735
1.4000000000000004 853.6791256882506
1.6000000000000014 855.3945519141572
1.8000000000000007 856.4819787585938
2.0 857.1700609593345
2.200000000000001 857.6048916712641
2.4000000000000004 857.8793589087838
2.6000000000000014 858.0523207815711
2.8000000000000007 858.1609610651105
3.0 858.2286791079487
3.200000000000001 858.2700940338735
3.4000000000000004 858.2942001946959
3.6000000000000014 858.3063507975064
3.8000000000000007 858.3095215949401
4.0 858.3051775619808
Result sigma optimization:  -8.0 156.48011239018604
E_max_2 =  700
Cutoff Radius =  6.0
Selected Radial Transform =  23.0
factor =  2.3
displacement =  0.0
dataset =  datasets/gold.xyz
n_train =  2000
n_test =  2000
Train RMSE: 155.38248717625 [Train MAE: 129.91608133137225]
Test RMSE: 163.52852520664968 [Test MAE: 135.26000191223622]
FINISHED at Wed Jan 11 04:02:35 CET 2023
