STARTING AT Wed Jan 11 03:55:58 CET 2023
Random seed: 1000
7 18
Reading dataset
Shuffling and extracting from dataset (length: 105092)
Shuffling and extraction done
Calculating power spectrum
Expansion coefficients done
Computing training kernel
     Calculating kernels for center species 79
     Calculating kernels for center species 79
Beginning first index add...
Beginning second index add...
Training kernel done
Computing test kernel
     Calculating kernels for center species 79
     Calculating kernels for center species 79
Beginning first index add...
Beginning second index add...
Test kernel done
Calculating composition features
Composition features done
-8.0 94.72566888521612
-7.8 93.20045781915856
-7.6 91.86352659434108
-7.4 90.73398793551179
-7.2 89.79123640330415
-7.0 88.99776103249646
-6.8 88.31275879279613
-6.6 87.69511288943613
-6.4 87.11001490591347
-6.2 86.53957911936729
-6.0 85.9892608189488
-5.8 85.49021236635295
-5.6 85.09662212561652
-5.4 84.87327909451996
-5.199999999999999 84.87674824342659
-5.0 85.1426759360876
-4.8 85.6822095337083
-4.6 86.4795482585432
-4.4 87.49220495850096
-4.199999999999999 88.66417450378438
-4.0 89.95132990412806
-3.8 91.34548717494312
-3.5999999999999996 92.88308404820586
-3.3999999999999995 94.63188483388163
-3.1999999999999993 96.65928952938572
-3.0 98.99947597174045
-2.8 101.64701566288986
-2.5999999999999996 104.59004977599058
-2.3999999999999995 107.86067048025782
-2.1999999999999993 111.56018844146651
-2.0 115.82585527840855
-1.7999999999999998 120.74083817557786
-1.5999999999999996 126.24633713416654
-1.3999999999999995 132.14308385524342
-1.1999999999999993 138.21042707108742
-1.0 144.38066973930074
-0.7999999999999998 150.89057076937328
-0.5999999999999996 158.34906880978363
-0.39999999999999947 167.6103260398708
-0.1999999999999993 179.3444419046703
0.0 193.49646613593114
0.20000000000000107 209.17667998942582
0.40000000000000036 225.22652827277068
0.5999999999999996 240.97259386245
0.8000000000000007 256.5660210221813
1.0 272.77440080912834
1.200000000000001 290.40923687236216
1.4000000000000004 309.7233869285035
1.6000000000000014 330.26255843918915
1.8000000000000007 351.38890859879103
2.0 372.9714305462599
2.200000000000001 395.4791684066627
2.4000000000000004 419.432940296521
2.6000000000000014 445.09361562098707
2.8000000000000007 473.06430048087924
3.0 505.07518827690956
3.200000000000001 543.4340561693789
3.4000000000000004 588.8365489572791
3.6000000000000014 638.541866602562
3.8000000000000007 687.2376939830095
4.0 729.9151118663577
Result sigma optimization:  -5.4 84.87327909451996
E_max_2 =  600
Cutoff Radius =  6.0
Selected Radial Transform =  23.0
factor =  0.7
displacement =  0.0
dataset =  datasets/gold.xyz
n_train =  2000
n_test =  2000
Train RMSE: 59.60994378769676 [Train MAE: 42.938856466948984]
Test RMSE: 85.36013655991631 [Test MAE: 56.36495031428337]
FINISHED at Wed Jan 11 03:56:46 CET 2023
