STARTING AT Wed Jan 11 02:42:01 CET 2023
Random seed: 1000
8 20
Reading dataset
Shuffling and extracting from dataset (length: 10000)
Shuffling and extraction done
Calculating power spectrum
Expansion coefficients done
Computing training kernel
     Calculating kernels for center species 1
     Calculating kernels for center species 1
Beginning first index add...
Beginning second index add...
     Calculating kernels for center species 6
     Calculating kernels for center species 6
Beginning first index add...
Beginning second index add...
Training kernel done
Computing test kernel
     Calculating kernels for center species 1
     Calculating kernels for center species 1
Beginning first index add...
Beginning second index add...
     Calculating kernels for center species 6
     Calculating kernels for center species 6
Beginning first index add...
Beginning second index add...
Test kernel done
Calculating composition features
Composition features done
-8.0 33.48794222381544
-7.8 31.660985299803478
-7.6 30.055302968197125
-7.4 28.713736722607567
-7.2 27.63854417293545
-7.0 26.81122618449957
-6.8 26.19984901382345
-6.6 25.758302435881376
-6.4 25.430615414636804
-6.2 25.160595624800752
-6.0 24.89822045258032
-5.8 24.602132933557822
-5.6 24.24554461166689
-5.4 23.82404656979258
-5.199999999999999 23.354323148683203
-5.0 22.86186043336083
-4.8 22.36939130573927
-4.6 21.89459938026372
-4.4 21.451934909388903
-4.199999999999999 21.049775275998787
-4.0 20.684300905388984
-3.8 20.33954105632635
-3.5999999999999996 19.99786343080156
-3.3999999999999995 19.65396180506754
-3.1999999999999993 19.32097097554163
-3.0 19.023116202420834
-2.8 18.77984879884609
-2.5999999999999996 18.594128910737293
-2.3999999999999995 18.455399941448785
-2.1999999999999993 18.355644433450077
-2.0 18.305677493184362
-1.7999999999999998 18.339303044319823
-1.5999999999999996 18.503019604925168
-1.3999999999999995 18.838352472533497
-1.1999999999999993 19.366597441329283
-1.0 20.083016429032632
-0.7999999999999998 20.962493659210914
-0.5999999999999996 21.97251412102983
-0.39999999999999947 23.08312424314044
-0.1999999999999993 24.26516333084728
0.0 25.483746355752096
0.20000000000000107 26.70532396792964
0.40000000000000036 27.923164287026747
0.5999999999999996 29.18762368250315
0.8000000000000007 30.630470551445107
1.0 32.47654548355627
1.200000000000001 35.01532974996444
1.4000000000000004 38.49598681589636
1.6000000000000014 42.973263107886616
1.8000000000000007 48.213441272599646
2.0 53.73978308463955
2.200000000000001 58.9952244970829
2.4000000000000004 63.53392368914209
2.6000000000000014 67.13796487398623
2.8000000000000007 69.81141902303207
3.0 71.69460302313107
3.200000000000001 72.97251030878498
3.4000000000000004 73.81728673883438
3.6000000000000014 74.36557074737479
3.8000000000000007 74.71666827604662
4.0 74.93914543139853
Result sigma optimization:  -2.0 18.305677493184362
E_max_2 =  700
Cutoff Radius =  6.0
Selected Radial Transform =  23.0
factor =  1.1
displacement =  0.0
dataset =  datasets/random-ch4-10k.extxyz
n_train =  2000
n_test =  2000
Train RMSE: 9.503147536700006 [Train MAE: 7.389306188211629]
Test RMSE: 14.056737476853819 [Test MAE: 9.215206028010162]
FINISHED at Wed Jan 11 02:42:56 CET 2023
