STARTING AT Wed Jan 11 03:56:58 CET 2023
Random seed: 1000
7 16
Reading dataset
Shuffling and extracting from dataset (length: 105092)
Shuffling and extraction done
Calculating power spectrum
Expansion coefficients done
Computing training kernel
     Calculating kernels for center species 79
     Calculating kernels for center species 79
Beginning first index add...
Beginning second index add...
Training kernel done
Computing test kernel
     Calculating kernels for center species 79
     Calculating kernels for center species 79
Beginning first index add...
Beginning second index add...
Test kernel done
Calculating composition features
Composition features done
-8.0 107.59409986062755
-7.8 108.23412553267269
-7.6 108.88053762014103
-7.4 109.50249205561201
-7.2 110.08926758816862
-7.0 110.65358619343262
-6.8 111.22177942064916
-6.6 111.82535373129157
-6.4 112.49930214614886
-6.2 113.280638321235
-6.0 114.20022235889599
-5.8 115.26972958661055
-5.6 116.47218288679328
-5.4 117.77035815971607
-5.199999999999999 119.14382695811238
-5.0 120.64377085210039
-4.8 122.42998786934095
-4.6 124.75151034289108
-4.4 127.87308307600253
-4.199999999999999 132.02641752529556
-4.0 137.4692483086599
-3.8 144.569380923569
-3.5999999999999996 153.67960546359734
-3.3999999999999995 164.74497648173386
-3.1999999999999993 177.00564483740536
-3.0 189.2185393061831
-2.8 200.26810493197374
-2.5999999999999996 209.6508997411301
-2.3999999999999995 217.5792650212713
-2.1999999999999993 224.81005928690408
-2.0 232.35660735007653
-1.7999999999999998 241.14733173992693
-1.5999999999999996 251.70720087263953
-1.3999999999999995 264.0596493191466
-1.1999999999999993 277.96588289242726
-1.0 293.22241686563683
-0.7999999999999998 309.6097727692023
-0.5999999999999996 326.61308543372877
-0.39999999999999947 343.41953360220316
-0.1999999999999993 359.23464521570327
0.0 373.51577117213526
0.20000000000000107 386.05122733032636
0.40000000000000036 397.13971638065175
0.5999999999999996 407.94362665618337
0.8000000000000007 420.893476637046
1.0 439.87896900371254
1.200000000000001 469.52769673965855
1.4000000000000004 512.8258304990392
1.6000000000000014 568.1736912750075
1.8000000000000007 629.0306248929464
2.0 687.1725345188777
2.200000000000001 736.5510531170731
2.4000000000000004 774.8185288435055
2.6000000000000014 802.5476048530433
2.8000000000000007 821.7143313823966
3.0 834.5444677222287
3.200000000000001 842.951623097266
3.4000000000000004 848.3842094123297
3.6000000000000014 851.8642608297413
3.8000000000000007 854.0843210629511
4.0 855.5020630836256
Result sigma optimization:  -8.0 107.59409986062755
E_max_2 =  500
Cutoff Radius =  6.0
Selected Radial Transform =  23.0
factor =  1.2
displacement =  0.0
dataset =  datasets/gold.xyz
n_train =  2000
n_test =  2000
Train RMSE: 100.4066088311009 [Train MAE: 77.03109726440907]
Test RMSE: 110.04229490720674 [Test MAE: 81.7616567362547]
FINISHED at Wed Jan 11 03:57:47 CET 2023
