STARTING AT Wed Jan 11 03:59:29 CET 2023
Random seed: 1000
5 11
Reading dataset
Shuffling and extracting from dataset (length: 105092)
Shuffling and extraction done
Calculating power spectrum
Expansion coefficients done
Computing training kernel
     Calculating kernels for center species 79
     Calculating kernels for center species 79
Beginning first index add...
Beginning second index add...
Training kernel done
Computing test kernel
     Calculating kernels for center species 79
     Calculating kernels for center species 79
Beginning first index add...
Beginning second index add...
Test kernel done
Calculating composition features
Composition features done
-8.0 517.2518420036307
-7.8 517.8739741627376
-7.6 518.2685832179739
-7.4 518.5192356168943
-7.2 518.6805513985364
-7.0 518.7903586346541
-6.8 518.8805029860271
-6.6 518.9905820773353
-6.4 519.1927887450183
-6.2 519.6437979607678
-6.0 520.693054170752
-5.8 523.0886947070835
-5.6 528.2961589016597
-5.4 538.7848614068965
-5.199999999999999 557.7744894181002
-5.0 587.7535030953744
-4.8 628.1386791325671
-4.6 674.3328874806126
-4.4 719.7720628508318
-4.199999999999999 759.1568396381931
-4.0 790.0983151876636
-3.8 812.7193524176461
-3.5999999999999996 828.4458886734667
-3.3999999999999995 839.0133635575603
-3.1999999999999993 845.9562722427441
-3.0 850.451587454497
-2.8 853.3349067211532
-2.5999999999999996 855.1732004338817
-2.3999999999999995 856.3407541001144
-2.1999999999999993 857.0805055113241
-2.0 857.5484859810451
-1.7999999999999998 857.8442509004443
-1.5999999999999996 858.0310587568281
-1.3999999999999995 858.1489997355189
-1.1999999999999993 858.2234388230528
-1.0 858.2704068283167
-0.7999999999999998 858.300027124047
-0.5999999999999996 858.3186874259613
-0.39999999999999947 858.330413273668
-0.1999999999999993 858.3377348566738
0.0 858.3422323917134
0.20000000000000107 858.3448770745712
0.40000000000000036 858.3462410714188
0.5999999999999996 858.3466221887732
0.8000000000000007 858.3461111413163
1.0 858.3446184482468
1.200000000000001 858.3418726342409
1.4000000000000004 858.3374023638854
1.6000000000000014 858.3305252855174
1.8000000000000007 858.3203885374858
2.0 858.3061331223529
2.200000000000001 858.2872486434788
2.4000000000000004 858.2640699789733
2.6000000000000014 858.2381243643214
2.8000000000000007 858.2119059313285
3.0 858.1880103421544
3.200000000000001 858.1681942991978
3.4000000000000004 858.1530075657371
3.6000000000000014 858.1420567743439
3.8000000000000007 858.1345024282232
4.0 858.1294488272234
Result sigma optimization:  -8.0 517.2518420036307
E_max_2 =  300
Cutoff Radius =  6.0
Selected Radial Transform =  23.0
factor =  3.0
displacement =  0.0
dataset =  datasets/gold.xyz
n_train =  2000
n_test =  2000
Train RMSE: 516.5734934145692 [Train MAE: 399.6829679168463]
Test RMSE: 507.4918948294717 [Test MAE: 391.3569765468836]
FINISHED at Wed Jan 11 04:02:06 CET 2023
