STARTING AT Tue Jan 10 12:33:33 CET 2023
Random seed: 1000
7 16
Reading dataset
Shuffling and extracting from dataset (length: 133885)
Shuffling and extraction done
Calculating power spectrum
Expansion coefficients done
Computing training kernel
     Calculating kernels for center species 1
     Calculating kernels for center species 1
Beginning first index add...
Beginning second index add...
     Calculating kernels for center species 6
     Calculating kernels for center species 6
Beginning first index add...
Beginning second index add...
     Calculating kernels for center species 7
     Calculating kernels for center species 7
Beginning first index add...
Beginning second index add...
     Calculating kernels for center species 8
     Calculating kernels for center species 8
Beginning first index add...
Beginning second index add...
     Calculating kernels for center species 9
     Calculating kernels for center species 9
Beginning first index add...
Beginning second index add...
Training kernel done
Computing test kernel
     Calculating kernels for center species 1
     Calculating kernels for center species 1
Beginning first index add...
Beginning second index add...
     Calculating kernels for center species 6
     Calculating kernels for center species 6
Beginning first index add...
Beginning second index add...
     Calculating kernels for center species 7
     Calculating kernels for center species 7
Beginning first index add...
Beginning second index add...
     Calculating kernels for center species 8
     Calculating kernels for center species 8
Beginning first index add...
Beginning second index add...
     Calculating kernels for center species 9
     Calculating kernels for center species 9
Beginning first index add...
Beginning second index add...
Test kernel done
Calculating composition features
Composition features done
-8.0 2.448945493250644
-7.8 2.4489454892409404
-7.6 2.448945482879068
-7.4 2.448945472801933
-7.2 2.4489454568283664
-7.0 2.4489454315123047
-6.8 2.448945391390272
-6.6 2.44894532780066
-6.4 2.4489452270169356
-6.2 2.44894506728446
-6.0 2.4489448141337764
-5.8 2.448944412914086
-5.6 2.4489437770382434
-5.4 2.448942769265598
-5.199999999999999 2.448941172110772
-5.0 2.4489386409541565
-4.8 2.448934629723528
-4.6 2.4489282733203064
-4.4 2.4489182015415785
-4.199999999999999 2.4489022449671545
-4.0 2.4488769708469613
-3.8 2.448836952509605
-3.5999999999999996 2.4487736238939837
-3.3999999999999995 2.4486734948027005
-3.1999999999999993 2.4485207687528128
-3.0 2.448288693603144
-2.8 2.447928945435931
-2.5999999999999996 2.4474223690472994
-2.3999999999999995 2.446756674255822
-2.1999999999999993 2.446086669650222
-2.0 2.44580872649775
-1.7999999999999998 2.4467537738864005
-1.5999999999999996 2.450041510091067
-1.3999999999999995 2.457072070301654
-1.1999999999999993 2.472457224461801
-1.0 2.5033196938650133
-0.7999999999999998 2.5520407008851445
-0.5999999999999996 2.624348056143543
-0.39999999999999947 2.7261830509157488
-0.1999999999999993 2.867053065380097
0.0 3.041319128604395
0.20000000000000107 3.2544978420422384
0.40000000000000036 3.522925216605882
0.5999999999999996 3.840119793072977
0.8000000000000007 4.210225956613527
1.0 4.6475693170828185
1.200000000000001 5.173908777366922
1.4000000000000004 5.802953494666199
1.6000000000000014 6.550490916075243
1.8000000000000007 7.421217350049497
2.0 8.439035117017605
2.200000000000001 9.574623349975667
2.4000000000000004 10.79799848043842
2.6000000000000014 12.037587851379119
2.8000000000000007 13.282589528719836
3.0 14.537246598448386
3.200000000000001 15.78968387095529
3.4000000000000004 16.964382984210598
3.6000000000000014 17.989028402722237
3.8000000000000007 18.812886782988237
4.0 19.435124671320274
Result sigma optimization:  -2.0 2.44580872649775
E_max_2 =  500
Cutoff Radius =  6.0
Selected Radial Transform =  23.0
factor =  0.4
displacement =  0.0
dataset =  datasets/qm9.xyz
n_train =  2000
n_test =  2000
Train RMSE: 0.12094594322001158 [Train MAE: 0.08452754685125961]
Test RMSE: 3.4513172007375674 [Test MAE: 2.279659938346833]
FINISHED at Tue Jan 10 12:35:13 CET 2023
