STARTING AT Wed Jan 11 03:55:28 CET 2023
Random seed: 1000
5 11
Reading dataset
Shuffling and extracting from dataset (length: 105092)
Shuffling and extraction done
Calculating power spectrum
Expansion coefficients done
Computing training kernel
     Calculating kernels for center species 79
     Calculating kernels for center species 79
Beginning first index add...
Beginning second index add...
Training kernel done
Computing test kernel
     Calculating kernels for center species 79
     Calculating kernels for center species 79
Beginning first index add...
Beginning second index add...
Test kernel done
Calculating composition features
Composition features done
-8.0 134.82474185958725
-7.8 129.82542293801203
-7.6 124.84501375043438
-7.4 120.01735737664714
-7.2 115.45389062775038
-7.0 111.22397606393523
-6.8 107.36640815592067
-6.6 103.9133005119152
-6.4 100.88744952693737
-6.2 98.27526127940985
-6.0 96.00880279004343
-5.8 93.97401691085481
-5.6 92.04186683101233
-5.4 90.11070479282675
-5.199999999999999 88.1388074427921
-5.0 86.15003251777752
-4.8 84.21767221975236
-4.6 82.44462013127396
-4.4 80.94698924528204
-4.199999999999999 79.83221700113938
-4.0 79.16853051736199
-3.8 78.96651948941592
-3.5999999999999996 79.1948810752971
-3.3999999999999995 79.81730502106677
-3.1999999999999993 80.81577623780457
-3.0 82.19042157408116
-2.8 83.95713772853388
-2.5999999999999996 86.15631660617834
-2.3999999999999995 88.85676138089231
-2.1999999999999993 92.13658140097263
-2.0 96.05325761400951
-1.7999999999999998 100.63500055063004
-1.5999999999999996 105.90783718087827
-1.3999999999999995 111.93978797436398
-1.1999999999999993 118.86764079512436
-1.0 126.87999491093274
-0.7999999999999998 136.14827872755188
-0.5999999999999996 146.72502439895544
-0.39999999999999947 158.47224254137882
-0.1999999999999993 171.07974290184657
0.0 184.17941211567458
0.20000000000000107 197.56115259674024
0.40000000000000036 211.45816228585323
0.5999999999999996 226.686552989255
0.8000000000000007 244.3452615062753
1.0 265.1360540410907
1.200000000000001 288.9976119687469
1.4000000000000004 315.6649456265586
1.6000000000000014 345.565156576334
1.8000000000000007 379.74510403392236
2.0 418.5392876924386
2.200000000000001 460.41454771326767
2.4000000000000004 502.6037954995557
2.6000000000000014 543.0300930355104
2.8000000000000007 581.4290351416673
3.0 618.5776712820284
3.200000000000001 654.5868221590282
3.4000000000000004 688.1317353326174
3.6000000000000014 717.329252114725
3.8000000000000007 741.1038886561856
4.0 759.7562647770535
Result sigma optimization:  -3.8 78.96651948941592
E_max_2 =  300
Cutoff Radius =  6.0
Selected Radial Transform =  23.0
factor =  0.2
displacement =  0.0
dataset =  datasets/gold.xyz
n_train =  2000
n_test =  2000
Train RMSE: 56.82616092226132 [Train MAE: 40.25285494855538]
Test RMSE: 77.13505193308124 [Test MAE: 49.65709679672745]
FINISHED at Wed Jan 11 03:59:10 CET 2023
