STARTING AT Wed Jan 11 03:58:59 CET 2023
Random seed: 1000
5 11
Reading dataset
Shuffling and extracting from dataset (length: 105092)
Shuffling and extraction done
Calculating power spectrum
Expansion coefficients done
Computing training kernel
     Calculating kernels for center species 79
     Calculating kernels for center species 79
Beginning first index add...
Beginning second index add...
Training kernel done
Computing test kernel
     Calculating kernels for center species 79
     Calculating kernels for center species 79
Beginning first index add...
Beginning second index add...
Test kernel done
Calculating composition features
Composition features done
-8.0 367.28372833720783
-7.8 384.70507285788335
-7.6 398.2488780177713
-7.4 408.3033386690671
-7.2 415.46026475181986
-7.0 420.37891553338926
-6.8 423.6691408876678
-6.6 425.8275823816764
-6.4 427.2248874039324
-6.2 428.1221753611699
-6.0 428.6972520631707
-5.8 429.0703584685689
-5.6 429.3269755619518
-5.4 429.54049412976076
-5.199999999999999 429.80287658032177
-5.0 430.2801563988775
-4.8 431.32497529082013
-4.6 433.69755115934754
-4.4 438.93869144414043
-4.199999999999999 449.8003330104385
-4.0 470.2233694848651
-3.8 503.9208524461347
-3.5999999999999996 551.480383206451
-3.3999999999999995 608.4035071378736
-3.1999999999999993 666.7492275886251
-3.0 719.1191221519452
-2.8 761.4180359301491
-2.5999999999999996 792.9878663686983
-2.3999999999999995 815.2594537903294
-2.1999999999999993 830.3751529325228
-2.0 840.3724186937887
-1.7999999999999998 846.8734276243617
-1.5999999999999996 851.0548659332527
-1.3999999999999995 853.7255521017846
-1.1999999999999993 855.423704857667
-1.0 856.5004042839345
-0.7999999999999998 857.1818378560775
-0.5999999999999996 857.6126021794154
-0.39999999999999947 857.8846823088271
-0.1999999999999993 858.0564095929858
0.0 858.164693227843
0.20000000000000107 858.2328436990616
0.40000000000000036 858.2755475372235
0.5999999999999996 858.3020157801031
0.8000000000000007 858.3179660792426
1.0 858.3268605514389
1.200000000000001 858.3306691458408
1.4000000000000004 858.3303350022037
1.6000000000000014 858.3260683505828
1.8000000000000007 858.3175795342245
2.0 858.3043648320695
2.200000000000001 858.2861377934819
2.4000000000000004 858.2633742845782
2.6000000000000014 858.2376902700026
2.8000000000000007 858.2116359342884
3.0 858.1878426679693
3.200000000000001 858.1680901081935
3.4000000000000004 858.152942678923
3.6000000000000014 858.1420162480155
3.8000000000000007 858.1344770463296
4.0 858.129432894212
Result sigma optimization:  -8.0 367.28372833720783
E_max_2 =  300
Cutoff Radius =  6.0
Selected Radial Transform =  23.0
factor =  2.5
displacement =  0.0
dataset =  datasets/gold.xyz
n_train =  2000
n_test =  2000
Train RMSE: 362.194465034413 [Train MAE: 285.8387066246271]
Test RMSE: 359.04778407633074 [Test MAE: 281.0739412983656]
FINISHED at Wed Jan 11 04:01:14 CET 2023
