STARTING AT Tue Jan 10 12:36:47 CET 2023
Random seed: 1000
5 11
Reading dataset
Shuffling and extracting from dataset (length: 133885)
Shuffling and extraction done
Calculating power spectrum
Expansion coefficients done
Computing training kernel
     Calculating kernels for center species 1
     Calculating kernels for center species 1
Beginning first index add...
Beginning second index add...
     Calculating kernels for center species 6
     Calculating kernels for center species 6
Beginning first index add...
Beginning second index add...
     Calculating kernels for center species 7
     Calculating kernels for center species 7
Beginning first index add...
Beginning second index add...
     Calculating kernels for center species 8
     Calculating kernels for center species 8
Beginning first index add...
Beginning second index add...
     Calculating kernels for center species 9
     Calculating kernels for center species 9
Beginning first index add...
Beginning second index add...
Training kernel done
Computing test kernel
     Calculating kernels for center species 1
     Calculating kernels for center species 1
Beginning first index add...
Beginning second index add...
     Calculating kernels for center species 6
     Calculating kernels for center species 6
Beginning first index add...
Beginning second index add...
     Calculating kernels for center species 7
     Calculating kernels for center species 7
Beginning first index add...
Beginning second index add...
     Calculating kernels for center species 8
     Calculating kernels for center species 8
Beginning first index add...
Beginning second index add...
     Calculating kernels for center species 9
     Calculating kernels for center species 9
Beginning first index add...
Beginning second index add...
Test kernel done
Calculating composition features
Composition features done
-8.0 1.708369100166201
-7.8 1.7656310000817248
-7.6 1.8277631026057715
-7.4 1.8955176341138795
-7.2 1.9630024656960523
-7.0 2.0295824956210926
-6.8 2.097381867482232
-6.6 2.1706244374381423
-6.4 2.2531459325061225
-6.2 2.3528048142031985
-6.0 2.4760340874062896
-5.8 2.63373321172702
-5.6 2.826556679099005
-5.4 3.0551663935476756
-5.199999999999999 3.327748601372841
-5.0 3.6341365111059933
-4.8 3.9725240814941354
-4.6 4.344870945521609
-4.4 4.759161224461815
-4.199999999999999 5.203576170102045
-4.0 5.692270365371689
-3.8 6.250053337501257
-3.5999999999999996 6.894081633484686
-3.3999999999999995 7.641709576861097
-3.1999999999999993 8.484660635751936
-3.0 9.397797569055104
-2.8 10.355796360463545
-2.5999999999999996 11.327347371029607
-2.3999999999999995 12.321237963503378
-2.1999999999999993 13.350584635279258
-2.0 14.398295563586974
-1.7999999999999998 15.431512430926428
-1.5999999999999996 16.380424263618334
-1.3999999999999995 17.205208067402783
-1.1999999999999993 17.88908262871395
-1.0 18.461704969924472
-0.7999999999999998 18.94669288072421
-0.5999999999999996 19.358838063333724
-0.39999999999999947 19.706717596331096
-0.1999999999999993 20.004023504876375
0.0 20.242371048679182
0.20000000000000107 20.425207272743855
0.40000000000000036 20.556953775432394
0.5999999999999996 20.647151286556152
0.8000000000000007 20.707008335452784
1.0 20.745566874320314
1.200000000000001 20.77001493178777
1.4000000000000004 20.78530697964295
1.6000000000000014 20.794798543916375
1.8000000000000007 20.800613080064828
2.0 20.804093068028266
2.200000000000001 20.806065767045865
2.4000000000000004 20.807048214345098
2.6000000000000014 20.80738236176841
2.8000000000000007 20.807316957405362
3.0 20.80704435725197
3.200000000000001 20.806705773661495
3.4000000000000004 20.806389792200545
3.6000000000000014 20.806135740724805
3.8000000000000007 20.80594704915177
4.0 20.805814806001962
Result sigma optimization:  -8.0 1.708369100166201
E_max_2 =  300
Cutoff Radius =  6.0
Selected Radial Transform =  23.0
factor =  2.3
displacement =  0.0
dataset =  datasets/qm9.xyz
n_train =  2000
n_test =  2000
Train RMSE: 1.6857802019333625 [Train MAE: 1.1931840547649553]
Test RMSE: 2.618796135475695 [Test MAE: 1.659234863290887]
FINISHED at Tue Jan 10 12:38:31 CET 2023
