STARTING AT Wed Jan 11 02:41:00 CET 2023
Random seed: 1000
7 18
Reading dataset
Shuffling and extracting from dataset (length: 10000)
Shuffling and extraction done
Calculating power spectrum
Expansion coefficients done
Computing training kernel
     Calculating kernels for center species 1
     Calculating kernels for center species 1
Beginning first index add...
Beginning second index add...
     Calculating kernels for center species 6
     Calculating kernels for center species 6
Beginning first index add...
Beginning second index add...
Training kernel done
Computing test kernel
     Calculating kernels for center species 1
     Calculating kernels for center species 1
Beginning first index add...
Beginning second index add...
     Calculating kernels for center species 6
     Calculating kernels for center species 6
Beginning first index add...
Beginning second index add...
Test kernel done
Calculating composition features
Composition features done
-8.0 22.602565151409838
-7.8 22.602005025686474
-7.6 22.601118966567817
-7.4 22.59971886087571
-7.2 22.59751026028561
-7.0 22.594035532676276
-6.8 22.588591021478308
-6.6 22.58011204891228
-6.4 22.5670247679649
-6.2 22.547075996756774
-6.0 22.51716907450704
-5.8 22.473243449423197
-5.6 22.41023173387061
-5.4 22.322163169026215
-5.199999999999999 22.202650019648075
-5.0 22.046117681154907
-4.8 21.849611619025982
-4.6 21.613904427693075
-4.4 21.34259978273105
-4.199999999999999 21.039763262033972
-4.0 20.70828017051512
-3.8 20.351023692336394
-3.5999999999999996 19.975112274900216
-3.3999999999999995 19.596202859920954
-3.1999999999999993 19.237768022549762
-3.0 18.924513477348217
-2.8 18.67625050547195
-2.5999999999999996 18.507832879204063
-2.3999999999999995 18.432378896415408
-2.1999999999999993 18.46131431760827
-2.0 18.59967576986769
-1.7999999999999998 18.841279438811252
-1.5999999999999996 19.16961618549708
-1.3999999999999995 19.565664588418244
-1.1999999999999993 20.01744969820961
-1.0 20.525409635636368
-0.7999999999999998 21.10349510330288
-0.5999999999999996 21.779020843234477
-0.39999999999999947 22.59043816150261
-0.1999999999999993 23.5827527867699
0.0 24.80756384985166
0.20000000000000107 26.331439704032576
0.40000000000000036 28.240334819788416
0.5999999999999996 30.619307250743397
0.8000000000000007 33.50174031470856
1.0 36.81707392951484
1.200000000000001 40.38407608154002
1.4000000000000004 43.966498023142094
1.6000000000000014 47.36110907815563
1.8000000000000007 50.4705708227238
2.0 53.3260622520951
2.200000000000001 56.046918983656056
2.4000000000000004 58.75338342768915
2.6000000000000014 61.483667985946944
2.8000000000000007 64.17027456106945
3.0 66.67909871478616
3.200000000000001 68.87203170800838
3.4000000000000004 70.65994547247033
3.6000000000000014 72.02668009729044
3.8000000000000007 73.01835424840266
4.0 73.7132922211071
Result sigma optimization:  -2.3999999999999995 18.432378896415408
E_max_2 =  600
Cutoff Radius =  6.0
Selected Radial Transform =  23.0
factor =  0.5
displacement =  0.0
dataset =  datasets/random-ch4-10k.extxyz
n_train =  2000
n_test =  2000
Train RMSE: 7.223648940069803 [Train MAE: 4.588229672035472]
Test RMSE: 25.880999059569852 [Test MAE: 10.494059724459674]
FINISHED at Wed Jan 11 02:41:43 CET 2023
