STARTING AT Wed Jan 11 02:42:31 CET 2023
Random seed: 1000
7 16
Reading dataset
Shuffling and extracting from dataset (length: 10000)
Shuffling and extraction done
Calculating power spectrum
Expansion coefficients done
Computing training kernel
     Calculating kernels for center species 1
     Calculating kernels for center species 1
Beginning first index add...
Beginning second index add...
     Calculating kernels for center species 6
     Calculating kernels for center species 6
Beginning first index add...
Beginning second index add...
Training kernel done
Computing test kernel
     Calculating kernels for center species 1
     Calculating kernels for center species 1
Beginning first index add...
Beginning second index add...
     Calculating kernels for center species 6
     Calculating kernels for center species 6
Beginning first index add...
Beginning second index add...
Test kernel done
Calculating composition features
Composition features done
-8.0 47.9410860491199
-7.8 44.86200496168855
-7.6 41.354565451513245
-7.4 37.53864356926258
-7.2 33.62556106599482
-7.0 29.815458552844937
-6.8 26.26730513306878
-6.6 23.113677056907402
-6.4 20.476094523888925
-6.2 18.45171523623052
-6.0 17.070147248325576
-5.8 16.260674027906553
-5.6 15.878461486056302
-5.4 15.769529122702728
-5.199999999999999 15.8117386388872
-5.0 15.919055076316944
-4.8 16.03605131396954
-4.6 16.132950396253378
-4.4 16.19585063556536
-4.199999999999999 16.215752943691133
-4.0 16.18605202292721
-3.8 16.108833580196894
-3.5999999999999996 16.000605117905923
-3.3999999999999995 15.88979339723396
-3.1999999999999993 15.808493080126546
-3.0 15.788386540625863
-2.8 15.866186540731903
-2.5999999999999996 16.09116145236976
-2.3999999999999995 16.521503117054657
-2.1999999999999993 17.2055259075626
-2.0 18.157883691154375
-1.7999999999999998 19.345827724478493
-1.5999999999999996 20.693773258026443
-1.3999999999999995 22.10341350358245
-1.1999999999999993 23.47827476750177
-1.0 24.743836336350665
-0.7999999999999998 25.86572875187104
-0.5999999999999996 26.87002212388699
-0.39999999999999947 27.85907827855195
-0.1999999999999993 29.01248747033725
0.0 30.568059769824263
0.20000000000000107 32.785677092866734
0.40000000000000036 35.898046379495106
0.5999999999999996 40.034589675202035
0.8000000000000007 45.11008305561839
1.0 50.751609314708304
1.200000000000001 56.38015621605792
1.4000000000000004 61.43326323467934
1.6000000000000014 65.5647670566704
1.8000000000000007 68.69477572390096
2.0 70.93235197168485
2.200000000000001 72.46630959430054
2.4000000000000004 73.48762006112557
2.6000000000000014 74.15401781644728
2.8000000000000007 74.58263107916368
3.0 74.85526912413708
3.200000000000001 75.02708152317531
3.4000000000000004 75.13450270891127
3.6000000000000014 75.20128117209312
3.8000000000000007 75.24268326756463
4.0 75.26836248001408
Result sigma optimization:  -5.4 15.769529122702728
E_max_2 =  500
Cutoff Radius =  6.0
Selected Radial Transform =  23.0
factor =  1.3
displacement =  0.0
dataset =  datasets/random-ch4-10k.extxyz
n_train =  2000
n_test =  2000
Train RMSE: 4.187597017138203 [Train MAE: 3.171717108465031]
Test RMSE: 16.03135621183836 [Test MAE: 7.548845120075264]
FINISHED at Wed Jan 11 02:43:18 CET 2023
