STARTING AT Tue Jan 10 12:35:19 CET 2023
Random seed: 1000
8 20
Reading dataset
Shuffling and extracting from dataset (length: 133885)
Shuffling and extraction done
Calculating power spectrum
Expansion coefficients done
Computing training kernel
     Calculating kernels for center species 1
     Calculating kernels for center species 1
Beginning first index add...
Beginning second index add...
     Calculating kernels for center species 6
     Calculating kernels for center species 6
Beginning first index add...
Beginning second index add...
     Calculating kernels for center species 7
     Calculating kernels for center species 7
Beginning first index add...
Beginning second index add...
     Calculating kernels for center species 8
     Calculating kernels for center species 8
Beginning first index add...
Beginning second index add...
     Calculating kernels for center species 9
     Calculating kernels for center species 9
Beginning first index add...
Beginning second index add...
Training kernel done
Computing test kernel
     Calculating kernels for center species 1
     Calculating kernels for center species 1
Beginning first index add...
Beginning second index add...
     Calculating kernels for center species 6
     Calculating kernels for center species 6
Beginning first index add...
Beginning second index add...
     Calculating kernels for center species 7
     Calculating kernels for center species 7
Beginning first index add...
Beginning second index add...
     Calculating kernels for center species 8
     Calculating kernels for center species 8
Beginning first index add...
Beginning second index add...
     Calculating kernels for center species 9
     Calculating kernels for center species 9
Beginning first index add...
Beginning second index add...
Test kernel done
Calculating composition features
Composition features done
-8.0 1.436411443148805
-7.8 1.4364081303483618
-7.6 1.436402878857749
-7.4 1.436394556868363
-7.2 1.4363816374163945
-7.0 1.436361548052366
-6.8 1.4363299094457107
-6.6 1.4362797680455042
-6.4 1.4362003061569921
-6.2 1.4360743843843884
-6.0 1.4358818423193516
-5.8 1.4355806192240634
-5.6 1.4351154652479963
-5.4 1.4344521743336591
-5.199999999999999 1.4334369765813535
-5.0 1.431979979828502
-4.8 1.4301375381214747
-4.6 1.427600704056713
-4.4 1.4252408567179737
-4.199999999999999 1.4251451640881059
-4.0 1.4269406495464136
-3.8 1.4318240860418445
-3.5999999999999996 1.4414494532445896
-3.3999999999999995 1.4608899751828395
-3.1999999999999993 1.4924496824514717
-3.0 1.534560838933754
-2.8 1.5882458110902662
-2.5999999999999996 1.6601719500095897
-2.3999999999999995 1.7491685655543552
-2.1999999999999993 1.8628861345021759
-2.0 2.0063563895235665
-1.7999999999999998 2.1788268577444505
-1.5999999999999996 2.369592091070424
-1.3999999999999995 2.588986256807558
-1.1999999999999993 2.8458810846356064
-1.0 3.144098801229244
-0.7999999999999998 3.4873453108526777
-0.5999999999999996 3.869813181569101
-0.39999999999999947 4.301695795453261
-0.1999999999999993 4.814633602398881
0.0 5.430779666636629
0.20000000000000107 6.168091303987857
0.40000000000000036 7.064588073873122
0.5999999999999996 8.098189189411391
0.8000000000000007 9.267562647558554
1.0 10.542599833061653
1.200000000000001 11.85760696570034
1.4000000000000004 13.18152563420046
1.6000000000000014 14.471901849457845
1.8000000000000007 15.679845775501878
2.0 16.757642983247788
2.200000000000001 17.702673409922653
2.4000000000000004 18.50601110584534
2.6000000000000014 19.153458863337626
2.8000000000000007 19.648897195003062
3.0 20.015406195821566
3.200000000000001 20.27530684137275
3.4000000000000004 20.454467038125
3.6000000000000014 20.576292177958834
3.8000000000000007 20.65785769304875
4.0 20.711639668825786
Result sigma optimization:  -4.199999999999999 1.4251451640881059
E_max_2 =  700
Cutoff Radius =  6.0
Selected Radial Transform =  23.0
factor =  1.3
displacement =  0.0
dataset =  datasets/qm9.xyz
n_train =  2000
n_test =  2000
Train RMSE: 0.17378212081279554 [Train MAE: 0.13088947388258385]
Test RMSE: 2.0484313573035147 [Test MAE: 1.283081226699669]
FINISHED at Tue Jan 10 12:41:09 CET 2023
