STARTING AT Wed Jan 11 03:56:28 CET 2023
Random seed: 1000
6 14
Reading dataset
Shuffling and extracting from dataset (length: 105092)
Shuffling and extraction done
Calculating power spectrum
Expansion coefficients done
Computing training kernel
     Calculating kernels for center species 79
     Calculating kernels for center species 79
Beginning first index add...
Beginning second index add...
Training kernel done
Computing test kernel
     Calculating kernels for center species 79
     Calculating kernels for center species 79
Beginning first index add...
Beginning second index add...
Test kernel done
Calculating composition features
Composition features done
-8.0 87.55101599716237
-7.8 87.79229290250862
-7.6 88.06849550779279
-7.4 88.43721954495247
-7.2 88.94931481139241
-7.0 89.63065916306518
-6.8 90.46894965736722
-6.6 91.42139294713584
-6.4 92.43848084229913
-6.2 93.48315607221626
-6.0 94.53661992867681
-5.8 95.59771306843675
-5.6 96.67824432221586
-5.4 97.79534280674643
-5.199999999999999 98.97348005544727
-5.0 100.25996841991955
-4.8 101.73200082294547
-4.6 103.47469349125873
-4.4 105.5389905854049
-4.199999999999999 107.90787341689645
-4.0 110.49322564570791
-3.8 113.16642990181259
-3.5999999999999996 115.80870713584984
-3.3999999999999995 118.35862495796351
-3.1999999999999993 120.84042926310414
-3.0 123.3704872977115
-2.8 126.14791150634974
-2.5999999999999996 129.44660890525753
-2.3999999999999995 133.63021847022458
-2.1999999999999993 139.1870628957169
-2.0 146.73857640423694
-1.7999999999999998 156.94008372819857
-1.5999999999999996 170.19508539160591
-1.3999999999999995 186.22891230026875
-1.1999999999999993 203.8520042999456
-1.0 221.30491331308338
-0.7999999999999998 237.06461602072383
-0.5999999999999996 250.51296093270074
-0.39999999999999947 262.1013944566981
-0.1999999999999993 273.1237789137286
0.0 285.28267346001843
0.20000000000000107 300.097446034369
0.40000000000000036 318.32765814524987
0.5999999999999996 339.80564625729403
0.8000000000000007 363.76143350644884
1.0 389.1914608677421
1.200000000000001 415.1004672406538
1.4000000000000004 441.04835392260236
1.6000000000000014 468.02503831752676
1.8000000000000007 498.76238728241856
2.0 536.4976073566723
2.200000000000001 582.3498754008046
2.4000000000000004 633.4353038791579
2.6000000000000014 683.9755607559367
2.8000000000000007 728.4890782557421
3.0 764.0815913773332
3.200000000000001 790.579599218239
3.4000000000000004 809.4458897141343
3.6000000000000014 822.6689635129062
3.8000000000000007 832.0756329083989
4.0 839.0171065558025
Result sigma optimization:  -8.0 87.55101599716237
E_max_2 =  400
Cutoff Radius =  6.0
Selected Radial Transform =  23.0
factor =  0.8
displacement =  0.0
dataset =  datasets/gold.xyz
n_train =  2000
n_test =  2000
Train RMSE: 71.23367077178705 [Train MAE: 51.20152569591999]
Test RMSE: 87.73474689498235 [Test MAE: 60.472377509713176]
FINISHED at Wed Jan 11 03:59:41 CET 2023
