STARTING AT Wed Jan 11 02:46:33 CET 2023
Random seed: 1000
8 20
Reading dataset
Shuffling and extracting from dataset (length: 10000)
Shuffling and extraction done
Calculating power spectrum
Expansion coefficients done
Computing training kernel
     Calculating kernels for center species 1
     Calculating kernels for center species 1
Beginning first index add...
Beginning second index add...
     Calculating kernels for center species 6
     Calculating kernels for center species 6
Beginning first index add...
Beginning second index add...
Training kernel done
Computing test kernel
     Calculating kernels for center species 1
     Calculating kernels for center species 1
Beginning first index add...
Beginning second index add...
     Calculating kernels for center species 6
     Calculating kernels for center species 6
Beginning first index add...
Beginning second index add...
Test kernel done
Calculating composition features
Composition features done
-8.0 42.052077844533095
-7.8 42.052049295181604
-7.6 42.05200408362032
-7.4 42.051932533655176
-7.2 42.05181940170315
-7.0 42.051640749238814
-6.8 42.051359251736464
-6.6 42.05091717358392
-6.4 42.05022652104216
-6.2 42.04915613182768
-6.0 42.04751713964245
-5.8 42.04505156191607
-5.6 42.04143205381775
-5.4 42.03627617082738
-5.199999999999999 42.029137810196104
-5.0 42.01933402284466
-4.8 42.005355533302215
-4.6 41.98375997635419
-4.4 41.94805739376122
-4.199999999999999 41.88862284942332
-4.0 41.794073434212784
-3.8 41.652928276533714
-3.5999999999999996 41.4535745679315
-3.3999999999999995 41.18224408100407
-3.1999999999999993 40.821560151185544
-3.0 40.35212434672126
-2.8 39.75587895106296
-2.5999999999999996 39.01931556923104
-2.3999999999999995 38.139584800368574
-2.1999999999999993 37.13664257142414
-2.0 36.06359890972656
-1.7999999999999998 35.00085382333517
-1.5999999999999996 34.03281782636807
-1.3999999999999995 33.22368262547157
-1.1999999999999993 32.6070070297851
-1.0 32.189541937200616
-0.7999999999999998 31.96243175301581
-0.5999999999999996 31.913435142577153
-0.39999999999999947 32.035396535423374
-0.1999999999999993 32.3291340307959
0.0 32.80208253540329
0.20000000000000107 33.46562954134209
0.40000000000000036 34.33355441876033
0.5999999999999996 35.42276686765353
0.8000000000000007 36.75913168486471
1.0 38.38654412641193
1.200000000000001 40.36341672328555
1.4000000000000004 42.73122124950363
1.6000000000000014 45.46552842601936
1.8000000000000007 48.44697873136221
2.0 51.48480605919085
2.200000000000001 54.386154538681
2.4000000000000004 57.02779546715425
2.6000000000000014 59.386336929634275
2.8000000000000007 61.51482620246892
3.0 63.48720377344915
3.200000000000001 65.3492806652297
3.4000000000000004 67.10518739744826
3.6000000000000014 68.7298705683927
3.8000000000000007 70.1817867991738
4.0 71.4162472608578
Result sigma optimization:  -0.5999999999999996 31.913435142577153
E_max_2 =  700
Cutoff Radius =  6.0
Selected Radial Transform =  24.0
factor =  0.4
displacement =  0.0
dataset =  datasets/random-ch4-10k.extxyz
n_train =  2000
n_test =  2000
Train RMSE: 21.550580488130656 [Train MAE: 11.417401592999212]
Test RMSE: 37.93518158740577 [Test MAE: 15.968328081926673]
FINISHED at Wed Jan 11 02:53:49 CET 2023
