STARTING AT Wed Jan 11 03:59:59 CET 2023
Random seed: 1000
5 11
Reading dataset
Shuffling and extracting from dataset (length: 105092)
Shuffling and extraction done
Calculating power spectrum
Expansion coefficients done
Computing training kernel
     Calculating kernels for center species 79
     Calculating kernels for center species 79
Beginning first index add...
Beginning second index add...
Training kernel done
Computing test kernel
     Calculating kernels for center species 79
     Calculating kernels for center species 79
Beginning first index add...
Beginning second index add...
Test kernel done
Calculating composition features
Composition features done
-8.0 102.8524015420656
-7.8 101.30075332047112
-7.6 99.62564238345469
-7.4 97.7678699291639
-7.2 95.71625482273872
-7.0 93.50929418817506
-6.8 91.22168571320194
-6.6 88.94262485105763
-6.4 86.75345708607983
-6.2 84.71573691055278
-6.0 82.87332408887445
-5.8 81.25586025612581
-5.6 79.87055252802158
-5.4 78.69167821107376
-5.199999999999999 77.66885697954469
-5.0 76.75615993623988
-4.8 75.94565130979205
-4.6 75.29120721718766
-4.4 74.91086510607457
-4.199999999999999 74.95885816141741
-4.0 75.57720067927202
-3.8 76.85066703886211
-3.5999999999999996 78.78266235152995
-3.3999999999999995 81.30064759056339
-3.1999999999999993 84.2922813780479
-3.0 87.65966892231566
-2.8 91.37024100732314
-2.5999999999999996 95.4841663678466
-2.3999999999999995 100.14888054241374
-2.1999999999999993 105.57088100922266
-2.0 111.98551628177194
-1.7999999999999998 119.62067535900583
-1.5999999999999996 128.61599682958155
-1.3999999999999995 138.91279573527126
-1.1999999999999993 150.2258461572857
-1.0 162.1378543657398
-0.7999999999999998 174.21835479228017
-0.5999999999999996 186.1303046717223
-0.39999999999999947 197.78752156503634
-0.1999999999999993 209.53703464784746
0.0 222.22147831356685
0.20000000000000107 236.9817282549345
0.40000000000000036 254.7961620851275
0.5999999999999996 276.08898402667154
0.8000000000000007 300.9268422645488
1.0 329.65870014497125
1.200000000000001 362.9696686198398
1.4000000000000004 400.81046524061065
1.6000000000000014 441.3230223448516
1.8000000000000007 481.35956738693545
2.0 518.3922896869382
2.200000000000001 552.0415978131712
2.4000000000000004 584.0280441063373
2.6000000000000014 616.6438776435738
2.8000000000000007 650.7442110571887
3.0 684.8461414707131
3.200000000000001 716.1838542665292
3.4000000000000004 742.5889012312151
3.6000000000000014 763.511728025498
3.8000000000000007 779.8398985415004
4.0 793.1450586299121
Result sigma optimization:  -4.4 74.91086510607457
E_max_2 =  300
Cutoff Radius =  6.0
Selected Radial Transform =  24.0
factor =  0.3
displacement =  0.0
dataset =  datasets/gold.xyz
n_train =  2000
n_test =  2000
Train RMSE: 52.41006666244414 [Train MAE: 35.95625107800146]
Test RMSE: 72.8457935440897 [Test MAE: 45.453923199614046]
FINISHED at Wed Jan 11 04:00:44 CET 2023
