STARTING AT Wed Jan 11 02:47:03 CET 2023
Random seed: 1000
8 20
Reading dataset
Shuffling and extracting from dataset (length: 10000)
Shuffling and extraction done
Calculating power spectrum
Expansion coefficients done
Computing training kernel
     Calculating kernels for center species 1
     Calculating kernels for center species 1
Beginning first index add...
Beginning second index add...
     Calculating kernels for center species 6
     Calculating kernels for center species 6
Beginning first index add...
Beginning second index add...
Training kernel done
Computing test kernel
     Calculating kernels for center species 1
     Calculating kernels for center species 1
Beginning first index add...
Beginning second index add...
     Calculating kernels for center species 6
     Calculating kernels for center species 6
Beginning first index add...
Beginning second index add...
Test kernel done
Calculating composition features
Composition features done
-8.0 35.30933350263613
-7.8 35.30303685981342
-7.6 35.293197190663975
-7.4 35.27793911021486
-7.2 35.25454834844518
-7.0 35.219276389706465
-6.8 35.16727156791949
-6.6 35.092757518878344
-6.4 34.989467218699446
-6.2 34.85116313144352
-6.0 34.672211335657636
-5.8 34.44882470884209
-5.6 34.181633980844644
-5.4 33.87870276873314
-5.199999999999999 33.55686377545757
-5.0 33.240141299093665
-4.8 32.955725681987566
-4.6 32.73006952215326
-4.4 32.58843252698848
-4.199999999999999 32.556353525609545
-4.0 32.65651078671659
-3.8 32.89927468015377
-3.5999999999999996 33.27296063485813
-3.3999999999999995 33.73741714429304
-3.1999999999999993 34.220650935554985
-3.0 34.624263212068094
-2.8 34.84556556939687
-2.5999999999999996 34.80955478836303
-2.3999999999999995 34.490762969901745
-2.1999999999999993 33.91275900188639
-2.0 33.130050257380745
-1.7999999999999998 32.20481539588731
-1.5999999999999996 31.189370648035524
-1.3999999999999995 30.120739472297583
-1.1999999999999993 29.02736566197204
-1.0 27.942209035152693
-0.7999999999999998 26.915798647243058
-0.5999999999999996 26.025815837959495
-0.39999999999999947 25.379368564785818
-0.1999999999999993 25.098278202562962
0.0 25.281371059619367
0.20000000000000107 25.965425542484574
0.40000000000000036 27.122197516220304
0.5999999999999996 28.688869624530128
0.8000000000000007 30.58649076639284
1.0 32.70925332269959
1.200000000000001 34.92805257554271
1.4000000000000004 37.147474842481124
1.6000000000000014 39.380186927146156
1.8000000000000007 41.763119208266545
2.0 44.485468822442265
2.200000000000001 47.67314122111847
2.4000000000000004 51.31263469046841
2.6000000000000014 55.25471826429654
2.8000000000000007 59.25843522478962
3.0 63.03948783694874
3.200000000000001 66.3395946896793
3.4000000000000004 69.00443224341625
3.6000000000000014 71.01364377296706
3.8000000000000007 72.44770863402398
4.0 73.43066175734032
Result sigma optimization:  -0.1999999999999993 25.098278202562962
E_max_2 =  700
Cutoff Radius =  6.0
Selected Radial Transform =  24.0
factor =  0.7
displacement =  0.0
dataset =  datasets/random-ch4-10k.extxyz
n_train =  2000
n_test =  2000
Train RMSE: 15.652018511913452 [Train MAE: 11.182345268618175]
Test RMSE: 21.010671253680982 [Test MAE: 13.42944395724917]
FINISHED at Wed Jan 11 02:47:51 CET 2023
