STARTING AT Tue Jan 10 12:38:55 CET 2023
Random seed: 1000
7 16
Reading dataset
Shuffling and extracting from dataset (length: 133885)
Shuffling and extraction done
Calculating power spectrum
Expansion coefficients done
Computing training kernel
     Calculating kernels for center species 1
     Calculating kernels for center species 1
Beginning first index add...
Beginning second index add...
     Calculating kernels for center species 6
     Calculating kernels for center species 6
Beginning first index add...
Beginning second index add...
     Calculating kernels for center species 7
     Calculating kernels for center species 7
Beginning first index add...
Beginning second index add...
     Calculating kernels for center species 8
     Calculating kernels for center species 8
Beginning first index add...
Beginning second index add...
     Calculating kernels for center species 9
     Calculating kernels for center species 9
Beginning first index add...
Beginning second index add...
Training kernel done
Computing test kernel
     Calculating kernels for center species 1
     Calculating kernels for center species 1
Beginning first index add...
Beginning second index add...
     Calculating kernels for center species 6
     Calculating kernels for center species 6
Beginning first index add...
Beginning second index add...
     Calculating kernels for center species 7
     Calculating kernels for center species 7
Beginning first index add...
Beginning second index add...
     Calculating kernels for center species 8
     Calculating kernels for center species 8
Beginning first index add...
Beginning second index add...
     Calculating kernels for center species 9
     Calculating kernels for center species 9
Beginning first index add...
Beginning second index add...
Test kernel done
Calculating composition features
Composition features done
-8.0 2.3653598604811106
-7.8 2.365359848955112
-7.6 2.365359830692234
-7.4 2.3653598017459188
-7.2 2.3653597558744153
-7.0 2.365359683165013
-6.8 2.3653595679332584
-6.6 2.365359385305805
-6.4 2.365359095859064
-6.2 2.3653586371239483
-6.0 2.3653579100688096
-5.8 2.3653567577691255
-5.6 2.365354931492838
-5.4 2.3653520370418817
-5.199999999999999 2.365347449648846
-5.0 2.365340179109806
-4.8 2.3653286560849245
-4.6 2.3653103933151245
-4.4 2.3652814487740734
-4.199999999999999 2.3652355747828167
-4.0 2.3651646613652173
-3.8 2.3650566657941963
-3.5999999999999996 2.3648912388211776
-3.3999999999999995 2.364634423704584
-3.1999999999999993 2.364242858163272
-3.0 2.3636880212829947
-2.8 2.3628651916194148
-2.5999999999999996 2.3619230890789122
-2.3999999999999995 2.361165819213268
-2.1999999999999993 2.3613407852356154
-2.0 2.363642357599303
-1.7999999999999998 2.369464191549752
-1.5999999999999996 2.3829738331489234
-1.3999999999999995 2.4081135740646515
-1.1999999999999993 2.4534001622112482
-1.0 2.5188828096317555
-0.7999999999999998 2.612728452448474
-0.5999999999999996 2.7396660901046226
-0.39999999999999947 2.908505727713446
-0.1999999999999993 3.1274361555232075
0.0 3.398660952879078
0.20000000000000107 3.7181073829252185
0.40000000000000036 4.0984975597948345
0.5999999999999996 4.54914957808574
0.8000000000000007 5.078871671656058
1.0 5.702012992928505
1.200000000000001 6.429385589549169
1.4000000000000004 7.270495177826942
1.6000000000000014 8.215623102573465
1.8000000000000007 9.301489647067891
2.0 10.493412551392073
2.200000000000001 11.728328924862366
2.4000000000000004 12.96894335090294
2.6000000000000014 14.235657402095422
2.8000000000000007 15.527461217969742
3.0 16.751396925114
3.200000000000001 17.815908583693087
3.4000000000000004 18.68954905128352
3.6000000000000014 19.351948237752197
3.8000000000000007 19.82661266556408
4.0 20.1562826600163
Result sigma optimization:  -2.3999999999999995 2.361165819213268
E_max_2 =  500
Cutoff Radius =  6.0
Selected Radial Transform =  24.0
factor =  0.5
displacement =  0.0
dataset =  datasets/qm9.xyz
n_train =  2000
n_test =  2000
Train RMSE: 0.12323480314737977 [Train MAE: 0.08602728759664123]
Test RMSE: 3.424695842448702 [Test MAE: 2.2250483000000014]
FINISHED at Tue Jan 10 12:40:51 CET 2023
