STARTING AT Tue Jan 10 12:40:03 CET 2023
Random seed: 1000
7 18
Reading dataset
Shuffling and extracting from dataset (length: 133885)
Shuffling and extraction done
Calculating power spectrum
Expansion coefficients done
Computing training kernel
     Calculating kernels for center species 1
     Calculating kernels for center species 1
Beginning first index add...
Beginning second index add...
     Calculating kernels for center species 6
     Calculating kernels for center species 6
Beginning first index add...
Beginning second index add...
     Calculating kernels for center species 7
     Calculating kernels for center species 7
Beginning first index add...
Beginning second index add...
     Calculating kernels for center species 8
     Calculating kernels for center species 8
Beginning first index add...
Beginning second index add...
     Calculating kernels for center species 9
     Calculating kernels for center species 9
Beginning first index add...
Beginning second index add...
Training kernel done
Computing test kernel
     Calculating kernels for center species 1
     Calculating kernels for center species 1
Beginning first index add...
Beginning second index add...
     Calculating kernels for center species 6
     Calculating kernels for center species 6
Beginning first index add...
Beginning second index add...
     Calculating kernels for center species 7
     Calculating kernels for center species 7
Beginning first index add...
Beginning second index add...
     Calculating kernels for center species 8
     Calculating kernels for center species 8
Beginning first index add...
Beginning second index add...
     Calculating kernels for center species 9
     Calculating kernels for center species 9
Beginning first index add...
Beginning second index add...
Test kernel done
Calculating composition features
Composition features done
-8.0 1.8298155875350057
-7.8 1.8298152704449595
-7.6 1.8298147679197345
-7.4 1.829813971339847
-7.2 1.8298127089065137
-7.0 1.8298107079909978
-6.8 1.8298075365623163
-6.6 1.8298025097669242
-6.4 1.8297945868108354
-6.2 1.8297820629370063
-6.0 1.8297622069350992
-5.8 1.8297307198980415
-5.6 1.8296807730388591
-5.4 1.8296015051006116
-5.199999999999999 1.8294756089091488
-5.0 1.829278470745414
-4.8 1.8289761967039848
-4.6 1.828511345402203
-4.4 1.8277771863676353
-4.199999999999999 1.8266931890910405
-4.0 1.8252177909142402
-3.8 1.8234421913329217
-3.5999999999999996 1.8216491009859797
-3.3999999999999995 1.8202983517725055
-3.1999999999999993 1.820618500912542
-3.0 1.8253905855233838
-2.8 1.83773958786895
-2.5999999999999996 1.861743117165362
-2.3999999999999995 1.9021278686115866
-2.1999999999999993 1.9565306380049887
-2.0 2.0316483239661416
-1.7999999999999998 2.1318881636843634
-1.5999999999999996 2.261986851090201
-1.3999999999999995 2.422487787900866
-1.1999999999999993 2.6088882538508713
-1.0 2.8295100371783866
-0.7999999999999998 3.0756807302406215
-0.5999999999999996 3.35830811228656
-0.39999999999999947 3.6920663492321175
-0.1999999999999993 4.084978594664618
0.0 4.54371760340054
0.20000000000000107 5.106947310605564
0.40000000000000036 5.7954448629662725
0.5999999999999996 6.623673390950122
0.8000000000000007 7.6098625290949204
1.0 8.756196631545683
1.200000000000001 10.019528200594422
1.4000000000000004 11.364760445769086
1.6000000000000014 12.74719545394534
1.8000000000000007 14.131743413878525
2.0 15.467688530601153
2.200000000000001 16.71098398995683
2.4000000000000004 17.771350996858423
2.6000000000000014 18.62849352118263
2.8000000000000007 19.2836563566627
3.0 19.764031957982592
3.200000000000001 20.10337060675955
3.4000000000000004 20.3380278043522
3.6000000000000014 20.496811432400477
3.8000000000000007 20.60328485723045
4.0 20.673776448744878
Result sigma optimization:  -3.3999999999999995 1.8202983517725055
E_max_2 =  600
Cutoff Radius =  6.0
Selected Radial Transform =  24.0
factor =  1.0
displacement =  0.0
dataset =  datasets/qm9.xyz
n_train =  2000
n_test =  2000
Train RMSE: 0.2021765847962128 [Train MAE: 0.15185833391087816]
Test RMSE: 2.5204502217521796 [Test MAE: 1.614775602976184]
FINISHED at Tue Jan 10 12:42:07 CET 2023
