STARTING AT Wed Jan 11 02:50:04 CET 2023
Random seed: 1000
8 20
Reading dataset
Shuffling and extracting from dataset (length: 10000)
Shuffling and extraction done
Calculating power spectrum
Expansion coefficients done
Computing training kernel
     Calculating kernels for center species 1
     Calculating kernels for center species 1
Beginning first index add...
Beginning second index add...
     Calculating kernels for center species 6
     Calculating kernels for center species 6
Beginning first index add...
Beginning second index add...
Training kernel done
Computing test kernel
     Calculating kernels for center species 1
     Calculating kernels for center species 1
Beginning first index add...
Beginning second index add...
     Calculating kernels for center species 6
     Calculating kernels for center species 6
Beginning first index add...
Beginning second index add...
Test kernel done
Calculating composition features
Composition features done
-8.0 111.2309848372793
-7.8 95.91198461510814
-7.6 81.81652634450265
-7.4 69.0028802904368
-7.2 57.83508101667767
-7.0 48.680460639275296
-6.8 41.64145278431634
-6.6 36.45529284762052
-6.4 32.61943833875233
-6.2 29.642416475721653
-6.0 27.20108942948356
-5.8 25.127231617535937
-5.6 23.33312075493737
-5.4 21.76945592785293
-5.199999999999999 20.413132213335373
-5.0 19.258535882957226
-4.8 18.309701772299043
-4.6 17.576355259251272
-4.4 17.06491740915259
-4.199999999999999 16.76213292527852
-4.0 16.6288289259591
-3.8 16.615268673416377
-3.5999999999999996 16.684592998680753
-3.3999999999999995 16.827310509665505
-3.1999999999999993 17.063902263999974
-3.0 17.437965003342207
-2.8 18.000513169416696
-2.5999999999999996 18.788205587530616
-2.3999999999999995 19.802703154859568
-2.1999999999999993 20.998910926411693
-2.0 22.28875528304692
-1.7999999999999998 23.56617426941131
-1.5999999999999996 24.747357835248362
-1.3999999999999995 25.80160194581692
-1.1999999999999993 26.749815027002224
-1.0 27.63427710894165
-0.7999999999999998 28.487129905127656
-0.5999999999999996 29.32610758890467
-0.39999999999999947 30.185491460680325
-0.1999999999999993 31.166307579439554
0.0 32.48087926217702
0.20000000000000107 34.460773590235135
0.40000000000000036 37.47531425423327
0.5999999999999996 41.72735507327647
0.8000000000000007 47.036254814764746
1.0 52.82930703727008
1.200000000000001 58.39312697937816
1.4000000000000004 63.17781573621251
1.6000000000000014 66.94061908220641
1.8000000000000007 69.70435622135632
2.0 71.6357690133028
2.200000000000001 72.93931387497219
2.4000000000000004 73.79849759124072
2.6000000000000014 74.35587024851499
2.8000000000000007 74.71356606128555
3.0 74.94129584347868
3.200000000000001 75.08523350491451
3.4000000000000004 75.17540733769488
3.6000000000000014 75.2311660364193
3.8000000000000007 75.2649802325718
4.0 75.28496172659682
Result sigma optimization:  -3.8 16.615268673416377
E_max_2 =  700
Cutoff Radius =  6.0
Selected Radial Transform =  24.0
factor =  2.5
displacement =  0.0
dataset =  datasets/random-ch4-10k.extxyz
n_train =  2000
n_test =  2000
Train RMSE: 12.50592525469539 [Train MAE: 9.990166166755126]
Test RMSE: 17.26166098426711 [Test MAE: 11.878530691569452]
FINISHED at Wed Jan 11 02:50:50 CET 2023
