STARTING AT Tue Jan 10 12:38:43 CET 2023
Random seed: 1000
8 20
Reading dataset
Shuffling and extracting from dataset (length: 133885)
Shuffling and extraction done
Calculating power spectrum
Expansion coefficients done
Computing training kernel
     Calculating kernels for center species 1
     Calculating kernels for center species 1
Beginning first index add...
Beginning second index add...
     Calculating kernels for center species 6
     Calculating kernels for center species 6
Beginning first index add...
Beginning second index add...
     Calculating kernels for center species 7
     Calculating kernels for center species 7
Beginning first index add...
Beginning second index add...
     Calculating kernels for center species 8
     Calculating kernels for center species 8
Beginning first index add...
Beginning second index add...
     Calculating kernels for center species 9
     Calculating kernels for center species 9
Beginning first index add...
Beginning second index add...
Training kernel done
Computing test kernel
     Calculating kernels for center species 1
     Calculating kernels for center species 1
Beginning first index add...
Beginning second index add...
     Calculating kernels for center species 6
     Calculating kernels for center species 6
Beginning first index add...
Beginning second index add...
     Calculating kernels for center species 7
     Calculating kernels for center species 7
Beginning first index add...
Beginning second index add...
     Calculating kernels for center species 8
     Calculating kernels for center species 8
Beginning first index add...
Beginning second index add...
     Calculating kernels for center species 9
     Calculating kernels for center species 9
Beginning first index add...
Beginning second index add...
Test kernel done
Calculating composition features
Composition features done
-8.0 2.255357296434762
-7.8 2.25535729666331
-7.6 2.2553572970226416
-7.4 2.255357297594496
-7.2 2.255357298496214
-7.0 2.255357299928519
-6.8 2.2553573022018782
-6.6 2.2553573058007905
-6.4 2.2553573115053482
-6.2 2.2553573205441473
-6.0 2.255357334876088
-5.8 2.255357357581739
-5.6 2.255357393575192
-5.4 2.255357450616844
-5.199999999999999 2.2553575410131432
-5.0 2.255357684274465
-4.8 2.2553579112985807
-4.6 2.2553582710301963
-4.4 2.2553588409782805
-4.199999999999999 2.2553597438151023
-4.0 2.2553611735313033
-3.8 2.255363436505559
-3.5999999999999996 2.2553670156215038
-3.3999999999999995 2.2553726694394527
-3.1999999999999993 2.255381583275047
-3.0 2.2553955935127785
-2.8 2.2554175055681625
-2.5999999999999996 2.2554534406695383
-2.3999999999999995 2.2555113719347726
-2.1999999999999993 2.2556334856345255
-2.0 2.2558482213951656
-1.7999999999999998 2.256226790080063
-1.5999999999999996 2.256978143643187
-1.3999999999999995 2.2586966247517317
-1.1999999999999993 2.2620902368621563
-1.0 2.2680994536220287
-0.7999999999999998 2.2793666537246198
-0.5999999999999996 2.299119108962468
-0.39999999999999947 2.333875950958304
-0.1999999999999993 2.3883490257725537
0.0 2.4649479995112706
0.20000000000000107 2.5740527550540815
0.40000000000000036 2.723197872813892
0.5999999999999996 2.9150101695511768
0.8000000000000007 3.1611454602338953
1.0 3.454573952674046
1.200000000000001 3.807752868790345
1.4000000000000004 4.226495151351121
1.6000000000000014 4.722319374563099
1.8000000000000007 5.326364923900288
2.0 6.04318948532598
2.200000000000001 6.877250798028019
2.4000000000000004 7.856982616467585
2.6000000000000014 8.99166339026608
2.8000000000000007 10.226741583127199
3.0 11.516571569299654
3.200000000000001 12.817698895866009
3.4000000000000004 14.150266083862308
3.6000000000000014 15.488345161235266
3.8000000000000007 16.733382303269746
4.0 17.819180638175705
Result sigma optimization:  -8.0 2.255357296434762
E_max_2 =  700
Cutoff Radius =  6.0
Selected Radial Transform =  24.0
factor =  0.4
displacement =  0.0
dataset =  datasets/qm9.xyz
n_train =  2000
n_test =  2000
Train RMSE: 3.256820366185946e-08 [Train MAE: 2.2492183097355677e-08]
Test RMSE: 3.2407588764891995 [Test MAE: 2.138838559243776]
FINISHED at Tue Jan 10 12:42:20 CET 2023
