STARTING AT Wed Jan 11 04:00:29 CET 2023
Random seed: 1000
6 14
Reading dataset
Shuffling and extracting from dataset (length: 105092)
Shuffling and extraction done
Calculating power spectrum
Expansion coefficients done
Computing training kernel
     Calculating kernels for center species 79
     Calculating kernels for center species 79
Beginning first index add...
Beginning second index add...
Training kernel done
Computing test kernel
     Calculating kernels for center species 79
     Calculating kernels for center species 79
Beginning first index add...
Beginning second index add...
Test kernel done
Calculating composition features
Composition features done
-8.0 121.78229098923886
-7.8 119.98830942107153
-7.6 118.32866228072062
-7.4 116.62461117404564
-7.2 114.70987227935777
-7.0 112.47270744114472
-6.8 109.87180482515821
-6.6 106.92161855489188
-6.4 103.6617494025147
-6.2 100.14078978881412
-6.0 96.42800762006966
-5.8 92.63128887823328
-5.6 88.8925128996299
-5.4 85.35803807492442
-5.199999999999999 82.14487396072812
-5.0 79.32261147834619
-4.8 76.92275651954375
-4.6 74.97241774527131
-4.4 73.52453465665492
-4.199999999999999 72.65287554025454
-4.0 72.41355968315888
-3.8 72.81030694130187
-3.5999999999999996 73.79773123302418
-3.3999999999999995 75.31769516468523
-3.1999999999999993 77.33161201750556
-3.0 79.82548241111999
-2.8 82.80134096477916
-2.5999999999999996 86.27846843572068
-2.3999999999999995 90.31150738578211
-2.1999999999999993 95.0139432720041
-2.0 100.56249570237912
-1.7999999999999998 107.1556977530792
-1.5999999999999996 114.91704335697192
-1.3999999999999995 123.78610582927425
-1.1999999999999993 133.49392425293303
-1.0 143.6719227801421
-0.7999999999999998 154.0094817734802
-0.5999999999999996 164.32437491854034
-0.39999999999999947 174.53075668964397
-0.1999999999999993 184.64585329671118
0.0 194.93079155935092
0.20000000000000107 206.03017745357187
0.40000000000000036 218.8893726033781
0.5999999999999996 234.4348179606753
0.8000000000000007 253.32168451817364
1.0 276.0626849027085
1.200000000000001 303.28568129272827
1.4000000000000004 335.45427945425143
1.6000000000000014 371.9919039563249
1.8000000000000007 410.7769023935175
2.0 448.9637888684933
2.200000000000001 484.73752106621833
2.4000000000000004 518.5618519960495
2.6000000000000014 552.8849487373571
2.8000000000000007 590.2833881270406
3.0 631.1349914922101
3.200000000000001 672.8119185823165
3.4000000000000004 711.3018871373823
3.6000000000000014 743.6069881653688
3.8000000000000007 768.8655211220766
4.0 787.9787904429116
Result sigma optimization:  -4.0 72.41355968315888
E_max_2 =  400
Cutoff Radius =  6.0
Selected Radial Transform =  24.0
factor =  0.4
displacement =  0.0
dataset =  datasets/gold.xyz
n_train =  2000
n_test =  2000
Train RMSE: 51.212658968430645 [Train MAE: 34.87523280162387]
Test RMSE: 70.98834219009494 [Test MAE: 44.54227825172571]
FINISHED at Wed Jan 11 04:01:17 CET 2023
