STARTING AT Tue Jan 10 12:47:38 CET 2023
Random seed: 1000
8 20
Reading dataset
Shuffling and extracting from dataset (length: 133885)
Shuffling and extraction done
Calculating power spectrum
Expansion coefficients done
Computing training kernel
     Calculating kernels for center species 1
     Calculating kernels for center species 1
Beginning first index add...
Beginning second index add...
     Calculating kernels for center species 6
     Calculating kernels for center species 6
Beginning first index add...
Beginning second index add...
     Calculating kernels for center species 7
     Calculating kernels for center species 7
Beginning first index add...
Beginning second index add...
     Calculating kernels for center species 8
     Calculating kernels for center species 8
Beginning first index add...
Beginning second index add...
     Calculating kernels for center species 9
     Calculating kernels for center species 9
Beginning first index add...
Beginning second index add...
Training kernel done
Computing test kernel
     Calculating kernels for center species 1
     Calculating kernels for center species 1
Beginning first index add...
Beginning second index add...
     Calculating kernels for center species 6
     Calculating kernels for center species 6
Beginning first index add...
Beginning second index add...
     Calculating kernels for center species 7
     Calculating kernels for center species 7
Beginning first index add...
Beginning second index add...
     Calculating kernels for center species 8
     Calculating kernels for center species 8
Beginning first index add...
Beginning second index add...
     Calculating kernels for center species 9
     Calculating kernels for center species 9
Beginning first index add...
Beginning second index add...
Test kernel done
Calculating composition features
Composition features done
-8.0 2.133379409349924
-7.8 2.1996164646547625
-7.6 2.2631032597917584
-7.4 2.3329537037009067
-7.2 2.40849145320322
-7.0 2.505684097936166
-6.8 2.6254391875232903
-6.6 2.775376145124719
-6.4 2.9547552150568444
-6.2 3.1733798219100207
-6.0 3.4504453280867238
-5.8 3.7839615672128204
-5.6 4.169321167799084
-5.4 4.590238172789956
-5.199999999999999 5.026446626746481
-5.0 5.458222071215576
-4.8 5.874707921764093
-4.6 6.27724743611928
-4.4 6.6783714657253945
-4.199999999999999 7.096639677280218
-4.0 7.550431173946192
-3.8 8.040234167631635
-3.5999999999999996 8.546675434024808
-3.3999999999999995 9.055095761880198
-3.1999999999999993 9.601474092184864
-3.0 10.224142918662482
-2.8 11.002921705732522
-2.5999999999999996 11.968727396978872
-2.3999999999999995 13.055777352460654
-2.1999999999999993 14.14071376374727
-2.0 15.131285491025453
-1.7999999999999998 15.978812402862415
-1.5999999999999996 16.689681943878313
-1.3999999999999995 17.284184447062334
-1.1999999999999993 17.78784800682404
-1.0 18.22105837549316
-0.7999999999999998 18.595408020769717
-0.5999999999999996 18.911734064364143
-0.39999999999999947 19.187340934412813
-0.1999999999999993 19.426034556218116
0.0 19.638269457152365
0.20000000000000107 19.843417764548363
0.40000000000000036 20.044656204071188
0.5999999999999996 20.232826405738155
0.8000000000000007 20.398052256577667
1.0 20.53383356781347
1.200000000000001 20.634891724763033
1.4000000000000004 20.70503916512747
1.6000000000000014 20.751946225563906
1.8000000000000007 20.78197322599094
2.0 20.800811127303216
2.200000000000001 20.811899482537175
2.4000000000000004 20.817725137389463
2.6000000000000014 20.82001231635941
2.8000000000000007 20.820079669772305
3.0 20.81907036449253
3.200000000000001 20.81751890297222
3.4000000000000004 20.815901666899656
3.6000000000000014 20.814465602230015
3.8000000000000007 20.81327767907698
4.0 20.812299027274936
Result sigma optimization:  -8.0 2.133379409349924
E_max_2 =  700
Cutoff Radius =  6.0
Selected Radial Transform =  25.0
factor =  3.5
displacement =  0.0
dataset =  datasets/qm9.xyz
n_train =  2000
n_test =  2000
Train RMSE: 2.4483083392881424 [Train MAE: 1.7531110963399914]
Test RMSE: 3.161743137930952 [Test MAE: 2.13310065715294]
FINISHED at Tue Jan 10 12:49:46 CET 2023
