STARTING AT Wed Jan 11 04:07:01 CET 2023
Random seed: 1000
5 11
Reading dataset
Shuffling and extracting from dataset (length: 105092)
Shuffling and extraction done
Calculating power spectrum
Expansion coefficients done
Computing training kernel
     Calculating kernels for center species 79
     Calculating kernels for center species 79
Beginning first index add...
Beginning second index add...
Training kernel done
Computing test kernel
     Calculating kernels for center species 79
     Calculating kernels for center species 79
Beginning first index add...
Beginning second index add...
Test kernel done
Calculating composition features
Composition features done
-8.0 123.51826163072641
-7.8 124.73559905502333
-7.6 126.54960212629389
-7.4 129.24035398340834
-7.2 133.01915857174194
-7.0 138.0476039579347
-6.8 144.4948952318228
-6.6 152.44264969267138
-6.4 161.61153513775878
-6.2 171.23873509885985
-6.0 180.35635831684425
-5.8 188.22272922719975
-5.6 194.53673144261896
-5.4 199.4013597031419
-5.199999999999999 203.20954792409748
-5.0 206.57349973915495
-4.8 210.30939988876108
-4.6 215.402544702558
-4.4 222.8423227512691
-4.199999999999999 233.29967804950667
-4.0 246.79247955195757
-3.8 262.5956109239868
-3.5999999999999996 279.56999961173335
-3.3999999999999995 296.7208082578343
-3.1999999999999993 313.4918976983911
-3.0 329.59696244417086
-2.8 344.6986128608326
-2.5999999999999996 358.2937210737362
-2.3999999999999995 369.8776542659491
-2.1999999999999993 379.2199446881393
-2.0 386.53879363400426
-1.7999999999999998 392.5440191461917
-1.5999999999999996 398.51515073617924
-1.3999999999999995 406.57698798573256
-1.1999999999999993 420.09099997561015
-1.0 443.5592311607571
-0.7999999999999998 481.00048787937686
-0.5999999999999996 532.8471945782939
-0.39999999999999947 594.0949432095034
-0.1999999999999993 656.3017883668514
0.0 711.7981753399877
0.20000000000000107 756.4482981308514
0.40000000000000036 789.6919779383284
0.5999999999999996 813.1087804544402
0.8000000000000007 828.9862421443179
1.0 839.4801298918701
1.200000000000001 846.2998760249413
1.4000000000000004 850.682674407526
1.6000000000000014 853.4776134116742
1.8000000000000007 855.2489360636415
2.0 856.3642467153298
2.200000000000001 857.0603561995074
2.4000000000000004 857.4892771116807
2.6000000000000014 857.7490058734091
2.8000000000000007 857.9032113477507
3.0 857.9932206154126
3.200000000000001 858.0452922002163
3.4000000000000004 858.0754659373682
3.6000000000000014 858.0931343256132
3.8000000000000007 858.1036360522917
4.0 858.1099742161831
Result sigma optimization:  -8.0 123.51826163072641
E_max_2 =  300
Cutoff Radius =  6.0
Selected Radial Transform =  25.0
factor =  1.4
displacement =  0.0
dataset =  datasets/gold.xyz
n_train =  2000
n_test =  2000
Train RMSE: 121.89919455832955 [Train MAE: 97.96204193842411]
Test RMSE: 126.59708132786444 [Test MAE: 100.67583141458034]
FINISHED at Wed Jan 11 04:11:57 CET 2023
