STARTING AT Wed Jan 11 04:05:31 CET 2023
Random seed: 1000
5 11
Reading dataset
Shuffling and extracting from dataset (length: 105092)
Shuffling and extraction done
Calculating power spectrum
Expansion coefficients done
Computing training kernel
     Calculating kernels for center species 79
     Calculating kernels for center species 79
Beginning first index add...
Beginning second index add...
Training kernel done
Computing test kernel
     Calculating kernels for center species 79
     Calculating kernels for center species 79
Beginning first index add...
Beginning second index add...
Test kernel done
Calculating composition features
Composition features done
-8.0 79.53263437834728
-7.8 78.57721713243818
-7.6 77.68511391425376
-7.4 76.90245111569575
-7.2 76.27261969650101
-7.0 75.82098789597768
-6.8 75.5416010281816
-6.6 75.40145667286431
-6.4 75.36318633970463
-6.2 75.41050474900752
-6.0 75.56331104253105
-5.8 75.88013704641709
-5.6 76.44945970842454
-5.4 77.36421095083847
-5.199999999999999 78.67826017272907
-5.0 80.3714301713112
-4.8 82.35722904360819
-4.6 84.52817757937716
-4.4 86.79947286842544
-4.199999999999999 89.12918760089137
-4.0 91.5273476200246
-3.8 94.06844163978147
-3.5999999999999996 96.90051742804702
-3.3999999999999995 100.22810535083893
-3.1999999999999993 104.25667259759413
-3.0 109.1242282278972
-2.8 114.87619489518714
-2.5999999999999996 121.51655152763641
-2.3999999999999995 129.0798059461596
-2.1999999999999993 137.60718209209443
-2.0 147.00278223626518
-1.7999999999999998 156.92525894869806
-1.5999999999999996 166.90349825839058
-1.3999999999999995 176.65846164516145
-1.1999999999999993 186.38271753029542
-1.0 196.7361669691064
-0.7999999999999998 208.52171207124672
-0.5999999999999996 222.2422267593979
-0.39999999999999947 237.89338936777025
-0.1999999999999993 255.20110211094322
0.0 274.08234133869297
0.20000000000000107 294.8655333438924
0.40000000000000036 318.09255448800786
0.5999999999999996 344.2129045112238
0.8000000000000007 373.40684399529715
1.0 405.2836220055921
1.200000000000001 438.4754020942231
1.4000000000000004 470.9032721107976
1.6000000000000014 501.0134026799836
1.8000000000000007 529.0183811527172
2.0 557.0533869613015
2.200000000000001 587.9411123116042
2.4000000000000004 623.0797933609141
2.6000000000000014 660.9791750410698
2.8000000000000007 697.9788784084124
3.0 730.5431235916901
3.200000000000001 756.9787132862384
3.4000000000000004 777.5764106139412
3.6000000000000014 793.76815490941
3.8000000000000007 807.1269927613744
4.0 818.6639040019796
Result sigma optimization:  -6.4 75.36318633970463
E_max_2 =  300
Cutoff Radius =  6.0
Selected Radial Transform =  25.0
factor =  0.5
displacement =  0.0
dataset =  datasets/gold.xyz
n_train =  2000
n_test =  2000
Train RMSE: 55.55481881366533 [Train MAE: 37.98646916521341]
Test RMSE: 79.33662645522048 [Test MAE: 49.38535917494446]
FINISHED at Wed Jan 11 04:06:23 CET 2023
