STARTING AT Wed Jan 11 02:55:06 CET 2023
Random seed: 1000
7 16
Reading dataset
Shuffling and extracting from dataset (length: 10000)
Shuffling and extraction done
Calculating power spectrum
Expansion coefficients done
Computing training kernel
     Calculating kernels for center species 1
     Calculating kernels for center species 1
Beginning first index add...
Beginning second index add...
     Calculating kernels for center species 6
     Calculating kernels for center species 6
Beginning first index add...
Beginning second index add...
Training kernel done
Computing test kernel
     Calculating kernels for center species 1
     Calculating kernels for center species 1
Beginning first index add...
Beginning second index add...
     Calculating kernels for center species 6
     Calculating kernels for center species 6
Beginning first index add...
Beginning second index add...
Test kernel done
Calculating composition features
Composition features done
-8.0 30.168609233818486
-7.8 28.487742346824025
-7.6 27.045868649010863
-7.4 25.369887151039926
-7.2 23.365323103426988
-7.0 21.251422250951958
-6.8 19.333138920551782
-6.6 17.81667928185528
-6.4 16.749710701993592
-6.2 16.05311623129672
-6.0 15.584933561219716
-5.8 15.207562934357432
-5.6 14.839577540476125
-5.4 14.469850163481626
-5.199999999999999 14.134846794225062
-5.0 13.884000315826501
-4.8 13.752498234283548
-4.6 13.747396753199352
-4.4 13.849968828773553
-4.199999999999999 14.031674330945298
-4.0 14.27199332955092
-3.8 14.56782027529328
-3.5999999999999996 14.934602909768085
-3.3999999999999995 15.404890482485715
-3.1999999999999993 16.025717197087875
-3.0 16.849182897983603
-2.8 17.909829283521113
-2.5999999999999996 19.195092818691375
-2.3999999999999995 20.632973903692772
-2.1999999999999993 22.115851866440217
-2.0 23.54775371290145
-1.7999999999999998 24.882270540921272
-1.5999999999999996 26.132121589629193
-1.3999999999999995 27.364990254736576
-1.1999999999999993 28.71686816378679
-1.0 30.42324765570801
-0.7999999999999998 32.8144929100096
-0.5999999999999996 36.20569446730703
-0.39999999999999947 40.69074505455883
-0.1999999999999993 45.99953869478989
0.0 51.584301150062885
0.20000000000000107 56.87602747927367
0.40000000000000036 61.492571519224946
0.5999999999999996 65.27996524633615
0.8000000000000007 68.24246504713872
1.0 70.46478476047585
1.200000000000001 72.06772205985241
1.4000000000000004 73.18375449696353
1.6000000000000014 73.93835651501998
1.8000000000000007 74.43722577248835
2.0 74.76161333319446
2.200000000000001 74.96995007898893
2.4000000000000004 75.10236292294955
2.6000000000000014 75.18558663234833
2.8000000000000007 75.23712772462727
3.0 75.26839469610292
3.200000000000001 75.28686526767422
3.4000000000000004 75.29746885338741
3.6000000000000014 75.303414438992
3.8000000000000007 75.30670960403394
4.0 75.3085414088572
Result sigma optimization:  -4.6 13.747396753199352
E_max_2 =  500
Cutoff Radius =  6.0
Selected Radial Transform =  25.0
factor =  2.2
displacement =  0.0
dataset =  datasets/random-ch4-10k.extxyz
n_train =  2000
n_test =  2000
Train RMSE: 10.922307334483248 [Train MAE: 8.573714417977941]
Test RMSE: 13.667723193685115 [Test MAE: 9.662965291267064]
FINISHED at Wed Jan 11 02:58:31 CET 2023
