STARTING AT Wed Jan 11 02:53:06 CET 2023
Random seed: 1000
8 20
Reading dataset
Shuffling and extracting from dataset (length: 10000)
Shuffling and extraction done
Calculating power spectrum
Expansion coefficients done
Computing training kernel
     Calculating kernels for center species 1
     Calculating kernels for center species 1
Beginning first index add...
Beginning second index add...
     Calculating kernels for center species 6
     Calculating kernels for center species 6
Beginning first index add...
Beginning second index add...
Training kernel done
Computing test kernel
     Calculating kernels for center species 1
     Calculating kernels for center species 1
Beginning first index add...
Beginning second index add...
     Calculating kernels for center species 6
     Calculating kernels for center species 6
Beginning first index add...
Beginning second index add...
Test kernel done
Calculating composition features
Composition features done
-8.0 26.5280577588594
-7.8 24.917208634232377
-7.6 23.452604114204153
-7.4 22.08658111683287
-7.2 20.787676316209915
-7.0 19.55164819711488
-6.8 18.40042507153738
-6.6 17.366254999104388
-6.4 16.47109630499677
-6.2 15.716095699736359
-6.0 15.08505877933413
-5.8 14.553980774588075
-5.6 14.09923191026174
-5.4 13.702865586434251
-5.199999999999999 13.354735773177056
-5.0 13.051235052252576
-4.8 12.792453711517249
-4.6 12.579594580228436
-4.4 12.413035232231191
-4.199999999999999 12.291017218873154
-4.0 12.209013473717297
-3.8 12.159996741323582
-3.5999999999999996 12.136044517082048
-3.3999999999999995 12.131028449939114
-3.1999999999999993 12.143698508444542
-3.0 12.180890112235653
-2.8 12.259811664520283
-2.5999999999999996 12.407047902312934
-2.3999999999999995 12.653264033588123
-2.1999999999999993 13.026276247348346
-2.0 13.546321420837819
-1.7999999999999998 14.22470137426457
-1.5999999999999996 15.064877909540462
-1.3999999999999995 16.063999840380305
-1.1999999999999993 17.211041787095233
-1.0 18.47909384926745
-0.7999999999999998 19.81727297678798
-0.5999999999999996 21.1546423648153
-0.39999999999999947 22.421712329137254
-0.1999999999999993 23.581618585332937
0.0 24.661036528805937
0.20000000000000107 25.777727621639038
0.40000000000000036 27.163989724334265
0.5999999999999996 29.172676963230387
0.8000000000000007 32.21823340129551
1.0 36.59324580479795
1.200000000000001 42.21966430629669
1.4000000000000004 48.564408637095546
1.6000000000000014 54.853274787205194
1.8000000000000007 60.41558322373034
2.0 64.89704534384155
2.200000000000001 68.25666455997178
2.4000000000000004 70.6444363227923
2.6000000000000014 72.27758054757626
2.8000000000000007 73.36473942548295
3.0 74.07488517919784
3.200000000000001 74.53259416425718
3.4000000000000004 74.82462243990307
3.6000000000000014 75.00929350453431
3.8000000000000007 75.12501825151296
4.0 75.19684193021703
Result sigma optimization:  -3.3999999999999995 12.131028449939114
E_max_2 =  700
Cutoff Radius =  6.0
Selected Radial Transform =  25.0
factor =  1.1
displacement =  0.0
dataset =  datasets/random-ch4-10k.extxyz
n_train =  2000
n_test =  2000
Train RMSE: 5.8200909036016055 [Train MAE: 4.527695606628995]
Test RMSE: 11.602451413434894 [Test MAE: 7.161651298488625]
FINISHED at Wed Jan 11 02:53:48 CET 2023
