STARTING AT Wed Jan 11 04:09:32 CET 2023
Random seed: 1000
7 16
Reading dataset
Shuffling and extracting from dataset (length: 105092)
Shuffling and extraction done
Calculating power spectrum
Expansion coefficients done
Computing training kernel
     Calculating kernels for center species 79
     Calculating kernels for center species 79
Beginning first index add...
Beginning second index add...
Training kernel done
Computing test kernel
     Calculating kernels for center species 79
     Calculating kernels for center species 79
Beginning first index add...
Beginning second index add...
Test kernel done
Calculating composition features
Composition features done
-8.0 746.070716759858
-7.8 746.0763826192302
-7.6 746.0908035467493
-7.4 746.1279075888524
-7.2 746.2207897000064
-7.0 746.4469299463306
-6.8 746.9771529413648
-6.6 748.1595649935961
-6.4 750.6222716852859
-6.2 755.2992852778017
-6.0 763.182931701955
-5.8 774.6966773806108
-5.6 789.0649183557852
-5.4 804.4076255065929
-5.199999999999999 818.6553503931577
-5.0 830.4571110680375
-4.8 839.4201003504584
-4.6 845.8165847205817
-4.4 850.1904158833263
-4.199999999999999 853.0970490726146
-4.0 854.9929216306323
-3.8 856.2146942075304
-3.5999999999999996 856.9959928507673
-3.3999999999999995 857.4931653262767
-3.1999999999999993 857.8085501158628
-3.0 858.0082212689932
-2.8 858.1344756936801
-2.5999999999999996 858.2142447519758
-2.3999999999999995 858.2646186298128
-2.1999999999999993 858.2964195067345
-2.0 858.3164912757268
-1.7999999999999998 858.3291583346244
-1.5999999999999996 858.3371516470129
-1.3999999999999995 858.3421952885028
-1.1999999999999993 858.3453774198928
-1.0 858.3473847024891
-0.7999999999999998 858.3486503279768
-0.5999999999999996 858.3494474501116
-0.39999999999999947 858.3499481153405
-0.1999999999999993 858.3502603876059
0.0 858.3504516694827
0.20000000000000107 858.350563249666
0.40000000000000036 858.3506192155146
0.5999999999999996 858.3506316547915
0.8000000000000007 858.3506032716426
1.0 858.3505279876316
1.200000000000001 858.3503896733072
1.4000000000000004 858.350158775792
1.6000000000000014 858.3497862123639
1.8000000000000007 858.3491934543807
2.0 858.3482572564743
2.200000000000001 858.3467871771554
2.4000000000000004 858.3444944590027
2.6000000000000014 858.3409533853749
2.8000000000000007 858.3355637232287
3.0 858.327539453589
3.200000000000001 858.3159762892965
3.4000000000000004 858.3000737049199
3.6000000000000014 858.2795529872733
3.8000000000000007 858.255145972733
4.0 858.2287815065773
Result sigma optimization:  -8.0 746.070716759858
E_max_2 =  500
Cutoff Radius =  6.0
Selected Radial Transform =  25.0
factor =  4.0
displacement =  0.0
dataset =  datasets/gold.xyz
n_train =  2000
n_test =  2000
Train RMSE: 745.2079474183199 [Train MAE: 606.0230283478498]
Test RMSE: 740.7754928478913 [Test MAE: 606.8571106489896]
FINISHED at Wed Jan 11 04:10:19 CET 2023
