STARTING AT Wed Jan 11 04:09:32 CET 2023
Random seed: 1000
8 20
Reading dataset
Shuffling and extracting from dataset (length: 105092)
Shuffling and extraction done
Calculating power spectrum
Expansion coefficients done
Computing training kernel
     Calculating kernels for center species 79
     Calculating kernels for center species 79
Beginning first index add...
Beginning second index add...
Training kernel done
Computing test kernel
     Calculating kernels for center species 79
     Calculating kernels for center species 79
Beginning first index add...
Beginning second index add...
Test kernel done
Calculating composition features
Composition features done
-8.0 746.0559565386739
-7.8 746.0618213319289
-7.6 746.063945286643
-7.4 746.0647636188064
-7.2 746.0673872513582
-7.0 746.073420560192
-6.8 746.0887337059041
-6.6 746.1281584937578
-6.4 746.2277410799093
-6.2 746.4697636531806
-6.0 747.0352049903023
-5.8 748.2903673479425
-5.6 750.8883679621615
-5.4 755.7816303608688
-5.199999999999999 763.9448311998044
-5.0 775.7259072161294
-4.8 790.2471185750011
-4.6 805.5745402883946
-4.4 819.6685100728357
-4.199999999999999 831.2532313976047
-4.0 840.0017983733704
-3.8 846.2206695953764
-3.5999999999999996 850.4617453202617
-3.3999999999999995 853.2752146330514
-3.1999999999999993 855.1082321970374
-3.0 856.2886349865726
-2.8 857.0431262729176
-2.5999999999999996 857.5230976742228
-2.3999999999999995 857.8275136039855
-2.1999999999999993 858.0202174078331
-2.0 858.1420571273173
-1.7999999999999998 858.219033266935
-1.5999999999999996 858.2676419667148
-1.3999999999999995 858.2983279108843
-1.1999999999999993 858.3176957361114
-1.0 858.3299184526479
-0.7999999999999998 858.3376313336973
-0.5999999999999996 858.3424980136572
-0.39999999999999947 858.3455684908387
-0.1999999999999993 858.3475053398649
0.0 858.3487265550409
0.20000000000000107 858.3494957063356
0.40000000000000036 858.3499788035598
0.5999999999999996 858.3502801188945
0.8000000000000007 858.3504646899851
1.0 858.3505723569735
1.200000000000001 858.3506263623598
1.4000000000000004 858.3506383702277
1.6000000000000014 858.3506109902722
1.8000000000000007 858.3505383572758
2.0 858.3504049056681
2.200000000000001 858.3501821113165
2.4000000000000004 858.3498225884193
2.6000000000000014 858.3492504932804
2.8000000000000007 858.3483467188878
3.0 858.3469270316588
3.200000000000001 858.3447116322417
3.4000000000000004 858.3412869266486
3.6000000000000014 858.336067262005
3.8000000000000007 858.3282801223073
4.0 858.317024927235
Result sigma optimization:  -8.0 746.0559565386739
E_max_2 =  700
Cutoff Radius =  6.0
Selected Radial Transform =  25.0
factor =  4.0
displacement =  0.0
dataset =  datasets/gold.xyz
n_train =  2000
n_test =  2000
Train RMSE: 745.1919251185773 [Train MAE: 605.8198355177641]
Test RMSE: 740.6677630086106 [Test MAE: 606.5900196441412]
FINISHED at Wed Jan 11 04:10:20 CET 2023
