STARTING AT Wed Jan 11 02:53:06 CET 2023
Random seed: 1000
6 14
Reading dataset
Shuffling and extracting from dataset (length: 10000)
Shuffling and extraction done
Calculating power spectrum
Expansion coefficients done
Computing training kernel
     Calculating kernels for center species 1
     Calculating kernels for center species 1
Beginning first index add...
Beginning second index add...
     Calculating kernels for center species 6
     Calculating kernels for center species 6
Beginning first index add...
Beginning second index add...
Training kernel done
Computing test kernel
     Calculating kernels for center species 1
     Calculating kernels for center species 1
Beginning first index add...
Beginning second index add...
     Calculating kernels for center species 6
     Calculating kernels for center species 6
Beginning first index add...
Beginning second index add...
Test kernel done
Calculating composition features
Composition features done
-8.0 28.72379923726926
-7.8 25.73939123935971
-7.6 22.88724024727084
-7.4 20.322036323145568
-7.2 18.15463743333441
-7.0 16.421693801680867
-6.8 15.09054278026696
-6.6 14.081114186421084
-6.4 13.292886026968159
-6.2 12.632446335100063
-6.0 12.036504277053886
-5.8 11.483987351942751
-5.6 10.992405009337565
-5.4 10.59819007358516
-5.199999999999999 10.330349409477673
-5.0 10.194254688554967
-4.8 10.174107925023364
-4.6 10.245740249798434
-4.4 10.38649663696659
-4.199999999999999 10.577534191719959
-4.0 10.803403875597485
-3.8 11.055590931630972
-3.5999999999999996 11.340118664435053
-3.3999999999999995 11.683239774392987
-3.1999999999999993 12.131357007853008
-3.0 12.745665461023496
-2.8 13.590033604554648
-2.5999999999999996 14.708822238214363
-2.3999999999999995 16.1008220774639
-2.1999999999999993 17.705479481346348
-2.0 19.411022355147296
-1.7999999999999998 21.08307068367109
-1.5999999999999996 22.607191352477766
-1.3999999999999995 23.92969372124978
-1.1999999999999993 25.080834424416096
-1.0 26.18546021372418
-0.7999999999999998 27.479721460536158
-0.5999999999999996 29.327591909149888
-0.39999999999999947 32.17277826686528
-0.1999999999999993 36.34843446617259
0.0 41.812966606517506
0.20000000000000107 48.05749276074857
0.40000000000000036 54.31554536405877
0.5999999999999996 59.906966063106886
0.8000000000000007 64.45748819222351
1.0 67.9042598657913
1.200000000000001 70.37912169205659
1.4000000000000004 72.08766430109755
1.6000000000000014 73.23376520645533
1.8000000000000007 73.98666219456274
2.0 74.47371461855903
2.200000000000001 74.78510327466218
2.4000000000000004 74.98227015855011
2.6000000000000014 75.10609874757411
2.8000000000000007 75.18338154802854
3.0 75.23144214200514
3.200000000000001 75.26131115540979
3.4000000000000004 75.27990458073513
3.6000000000000014 75.29151046620483
3.8000000000000007 75.29877523748472
4.0 75.303333551926
Result sigma optimization:  -4.8 10.174107925023364
E_max_2 =  400
Cutoff Radius =  6.0
Selected Radial Transform =  25.0
factor =  1.2
displacement =  0.0
dataset =  datasets/random-ch4-10k.extxyz
n_train =  2000
n_test =  2000
Train RMSE: 5.862050057708457 [Train MAE: 4.547401738533709]
Test RMSE: 11.733816527090296 [Test MAE: 6.630341929959744]
FINISHED at Wed Jan 11 02:54:14 CET 2023
