STARTING AT Wed Jan 11 02:55:06 CET 2023
Random seed: 1000
8 20
Reading dataset
Shuffling and extracting from dataset (length: 10000)
Shuffling and extraction done
Calculating power spectrum
Expansion coefficients done
Computing training kernel
     Calculating kernels for center species 1
     Calculating kernels for center species 1
Beginning first index add...
Beginning second index add...
     Calculating kernels for center species 6
     Calculating kernels for center species 6
Beginning first index add...
Beginning second index add...
Training kernel done
Computing test kernel
     Calculating kernels for center species 1
     Calculating kernels for center species 1
Beginning first index add...
Beginning second index add...
     Calculating kernels for center species 6
     Calculating kernels for center species 6
Beginning first index add...
Beginning second index add...
Test kernel done
Calculating composition features
Composition features done
-8.0 43.065049093307124
-7.8 37.62359675863887
-7.6 33.13077454861451
-7.4 29.461444588310112
-7.2 26.48058194381509
-7.0 24.032307570421896
-6.8 21.98890200033247
-6.6 20.30615395146199
-6.4 19.005056122022307
-6.2 18.099529384500762
-6.0 17.54562551494571
-5.8 17.238804284311815
-5.6 17.039833561509653
-5.4 16.814791351586955
-5.199999999999999 16.478575938761594
-5.0 16.02147919666684
-4.8 15.502295149184329
-4.6 15.011062253627825
-4.4 14.623874383095977
-4.199999999999999 14.377254654495486
-4.0 14.271085963375002
-3.8 14.285866860900544
-3.5999999999999996 14.39934140920063
-3.3999999999999995 14.598168465514188
-3.1999999999999993 14.883757810860617
-3.0 15.27311508062106
-2.8 15.79734105659272
-2.5999999999999996 16.49649863587592
-2.3999999999999995 17.405730007533442
-2.1999999999999993 18.532732624066938
-2.0 19.83891400135802
-1.7999999999999998 21.2415902832394
-1.5999999999999996 22.641583955474914
-1.3999999999999995 23.962597728385994
-1.1999999999999993 25.18254079724828
-1.0 26.34254299751396
-0.7999999999999998 27.53852196936534
-0.5999999999999996 28.92275059774245
-0.39999999999999947 30.728583675650718
-0.1999999999999993 33.266872998240125
0.0 36.8073631492915
0.20000000000000107 41.368000551082105
0.40000000000000036 46.613138970161586
0.5999999999999996 51.999996169539635
0.8000000000000007 57.03567238219608
1.0 61.4265139773323
1.200000000000001 65.06990900874452
1.4000000000000004 67.97635019769635
1.6000000000000014 70.20795658699902
1.8000000000000007 71.85434794373481
2.0 73.02277126520242
2.200000000000001 73.82453452190894
2.4000000000000004 74.36029712543413
2.6000000000000014 74.71135580259569
2.8000000000000007 74.93812901238033
3.0 75.08300162611248
3.200000000000001 75.17457915679019
3.4000000000000004 75.23169690431673
3.6000000000000014 75.26660399129761
3.8000000000000007 75.28727708596348
4.0 75.29898523851222
Result sigma optimization:  -4.0 14.271085963375002
E_max_2 =  700
Cutoff Radius =  6.0
Selected Radial Transform =  25.0
factor =  2.3
displacement =  0.0
dataset =  datasets/random-ch4-10k.extxyz
n_train =  2000
n_test =  2000
Train RMSE: 10.878494939330151 [Train MAE: 8.576221406874442]
Test RMSE: 13.629426040553946 [Test MAE: 9.865712739649275]
FINISHED at Wed Jan 11 02:56:14 CET 2023
