STARTING AT Wed Jan 11 02:54:06 CET 2023
Random seed: 1000
5 11
Reading dataset
Shuffling and extracting from dataset (length: 10000)
Shuffling and extraction done
Calculating power spectrum
Expansion coefficients done
Computing training kernel
     Calculating kernels for center species 1
     Calculating kernels for center species 1
Beginning first index add...
Beginning second index add...
     Calculating kernels for center species 6
     Calculating kernels for center species 6
Beginning first index add...
Beginning second index add...
Training kernel done
Computing test kernel
     Calculating kernels for center species 1
     Calculating kernels for center species 1
Beginning first index add...
Beginning second index add...
     Calculating kernels for center species 6
     Calculating kernels for center species 6
Beginning first index add...
Beginning second index add...
Test kernel done
Calculating composition features
Composition features done
-8.0 22.291694657927163
-7.8 20.452269866924677
-7.6 18.68813235749407
-7.4 17.042508774966823
-7.2 15.563028830086687
-7.0 14.292946035204338
-6.8 13.259962901568569
-6.6 12.472578008910133
-6.4 11.923668807089948
-6.2 11.591924775010453
-6.0 11.441333351029437
-5.8 11.428406712175297
-5.6 11.516980993969058
-5.4 11.686060410926045
-5.199999999999999 11.922802456495262
-5.0 12.211289659147896
-4.8 12.531407771647315
-4.6 12.869314194812485
-4.4 13.22903318628867
-4.199999999999999 13.63568967461679
-4.0 14.131310632611557
-3.8 14.769624360677762
-3.5999999999999996 15.609453930196496
-3.3999999999999995 16.697789131595986
-3.1999999999999993 18.040911218295392
-3.0 19.582609129301645
-2.8 21.21389932480902
-2.5999999999999996 22.81556958184975
-2.3999999999999995 24.3126083017493
-2.1999999999999993 25.721300711767515
-2.0 27.181932308519258
-1.7999999999999998 28.971592315017457
-1.5999999999999996 31.470460911942578
-1.3999999999999995 35.03066516124981
-1.1999999999999993 39.75646108818073
-1.0 45.36049370534061
-0.7999999999999998 51.26283855870623
-0.5999999999999996 56.85579056656415
-0.39999999999999947 61.7142738377641
-0.1999999999999993 65.64902894202027
0.0 68.65639942792073
0.20000000000000107 70.84549882942396
0.40000000000000036 72.37605614321694
0.5999999999999996 73.41283789699528
0.8000000000000007 74.09871663590123
1.0 74.5446941694326
1.200000000000001 74.83095794299071
1.4000000000000004 75.01274475655774
1.6000000000000014 75.12700492099134
1.8000000000000007 75.19806777293049
2.0 75.24182673461375
2.200000000000001 75.26857912949995
2.4000000000000004 75.28489216797699
2.6000000000000014 75.29486075230983
2.8000000000000007 75.30098436077351
3.0 75.30476963876485
3.200000000000001 75.30712301553254
3.4000000000000004 75.30859290929511
3.6000000000000014 75.30951409338428
3.8000000000000007 75.31009275388364
4.0 75.31045682195575
Result sigma optimization:  -5.8 11.428406712175297
E_max_2 =  300
Cutoff Radius =  6.0
Selected Radial Transform =  25.0
factor =  1.8
displacement =  0.0
dataset =  datasets/random-ch4-10k.extxyz
n_train =  2000
n_test =  2000
Train RMSE: 8.76629972300488 [Train MAE: 6.840193679632817]
Test RMSE: 12.253874305156309 [Test MAE: 8.025444112201418]
FINISHED at Wed Jan 11 02:54:43 CET 2023
