STARTING AT Tue Jan 10 12:45:45 CET 2023
Random seed: 1000
5 11
Reading dataset
Shuffling and extracting from dataset (length: 133885)
Shuffling and extraction done
Calculating power spectrum
Expansion coefficients done
Computing training kernel
     Calculating kernels for center species 1
     Calculating kernels for center species 1
Beginning first index add...
Beginning second index add...
     Calculating kernels for center species 6
     Calculating kernels for center species 6
Beginning first index add...
Beginning second index add...
     Calculating kernels for center species 7
     Calculating kernels for center species 7
Beginning first index add...
Beginning second index add...
     Calculating kernels for center species 8
     Calculating kernels for center species 8
Beginning first index add...
Beginning second index add...
     Calculating kernels for center species 9
     Calculating kernels for center species 9
Beginning first index add...
Beginning second index add...
Training kernel done
Computing test kernel
     Calculating kernels for center species 1
     Calculating kernels for center species 1
Beginning first index add...
Beginning second index add...
     Calculating kernels for center species 6
     Calculating kernels for center species 6
Beginning first index add...
Beginning second index add...
     Calculating kernels for center species 7
     Calculating kernels for center species 7
Beginning first index add...
Beginning second index add...
     Calculating kernels for center species 8
     Calculating kernels for center species 8
Beginning first index add...
Beginning second index add...
     Calculating kernels for center species 9
     Calculating kernels for center species 9
Beginning first index add...
Beginning second index add...
Test kernel done
Calculating composition features
Composition features done
-8.0 1.4985027748188222
-7.8 1.5083040039133848
-7.6 1.5245854218384411
-7.4 1.5475700749833705
-7.2 1.5773094113456245
-7.0 1.612471625218539
-6.8 1.6536971737448984
-6.6 1.6998742333114132
-6.4 1.751320891471223
-6.2 1.8116198047191647
-6.0 1.8771890129960302
-5.8 1.9542140110711843
-5.6 2.048452513384
-5.4 2.1551507243823873
-5.199999999999999 2.2781579467963673
-5.0 2.4160306931678095
-4.8 2.5648868725419796
-4.6 2.733953499314317
-4.4 2.941384008672525
-4.199999999999999 3.2134112488015925
-4.0 3.5826692417610686
-3.8 4.076171657779818
-3.5999999999999996 4.672798411573491
-3.3999999999999995 5.344873783429604
-3.1999999999999993 6.037796409667208
-3.0 6.7233278891771295
-2.8 7.406848860119794
-2.5999999999999996 8.1086613844135
-2.3999999999999995 8.87342641738776
-2.1999999999999993 9.728666580592995
-2.0 10.680573733104367
-1.7999999999999998 11.725340117153497
-1.5999999999999996 12.815663118858996
-1.3999999999999995 13.91581370673072
-1.1999999999999993 14.980915933846255
-1.0 15.967798557951205
-0.7999999999999998 16.850405552324585
-0.5999999999999996 17.629798569739407
-0.39999999999999947 18.33565031468904
-0.1999999999999993 18.959962190538825
0.0 19.475205962231033
0.20000000000000107 19.87760727026422
0.40000000000000036 20.176005383406416
0.5999999999999996 20.389450982008753
0.8000000000000007 20.535522369249144
1.0 20.632669050702347
1.200000000000001 20.69609360352389
1.4000000000000004 20.737191821042686
1.6000000000000014 20.76367606515609
1.8000000000000007 20.7806253146432
2.0 20.791278311970608
2.200000000000001 20.7978585977149
2.4000000000000004 20.801814221524104
2.6000000000000014 20.804061030411628
2.8000000000000007 20.80522443050536
3.0 20.805736078216107
3.200000000000001 20.805892419628414
3.4000000000000004 20.80588358658505
3.6000000000000014 20.80581771974696
3.8000000000000007 20.805748793870617
4.0 20.80569084594181
Result sigma optimization:  -8.0 1.4985027748188222
E_max_2 =  300
Cutoff Radius =  6.0
Selected Radial Transform =  25.0
factor =  1.7
displacement =  0.0
dataset =  datasets/qm9.xyz
n_train =  2000
n_test =  2000
Train RMSE: 0.6152994111029721 [Train MAE: 0.46081014505141504]
Test RMSE: 2.365956037646166 [Test MAE: 1.4024127530613368]
FINISHED at Tue Jan 10 12:47:36 CET 2023
