STARTING AT Tue Jan 10 12:47:28 CET 2023
Random seed: 1000
7 18
Reading dataset
Shuffling and extracting from dataset (length: 133885)
Shuffling and extraction done
Calculating power spectrum
Expansion coefficients done
Computing training kernel
     Calculating kernels for center species 1
     Calculating kernels for center species 1
Beginning first index add...
Beginning second index add...
     Calculating kernels for center species 6
     Calculating kernels for center species 6
Beginning first index add...
Beginning second index add...
     Calculating kernels for center species 7
     Calculating kernels for center species 7
Beginning first index add...
Beginning second index add...
     Calculating kernels for center species 8
     Calculating kernels for center species 8
Beginning first index add...
Beginning second index add...
     Calculating kernels for center species 9
     Calculating kernels for center species 9
Beginning first index add...
Beginning second index add...
Training kernel done
Computing test kernel
     Calculating kernels for center species 1
     Calculating kernels for center species 1
Beginning first index add...
Beginning second index add...
     Calculating kernels for center species 6
     Calculating kernels for center species 6
Beginning first index add...
Beginning second index add...
     Calculating kernels for center species 7
     Calculating kernels for center species 7
Beginning first index add...
Beginning second index add...
     Calculating kernels for center species 8
     Calculating kernels for center species 8
Beginning first index add...
Beginning second index add...
     Calculating kernels for center species 9
     Calculating kernels for center species 9
Beginning first index add...
Beginning second index add...
Test kernel done
Calculating composition features
Composition features done
-8.0 1.7961444350809834
-7.8 1.8290789557287863
-7.6 1.8646545817663063
-7.4 1.902914615262176
-7.2 1.9426444479348357
-7.0 1.9863322942296726
-6.8 2.035660786098677
-6.6 2.0977171409919317
-6.4 2.1745807905537005
-6.2 2.270296383771514
-6.0 2.388772708261524
-5.8 2.531734676554559
-5.6 2.7073522930297114
-5.4 2.9225346614912486
-5.199999999999999 3.1916591473423686
-5.0 3.525554160578169
-4.8 3.9199567558533235
-4.6 4.352459037710775
-4.4 4.804155393731468
-4.199999999999999 5.256342028651365
-4.0 5.689022136351189
-3.8 6.101941429256498
-3.5999999999999996 6.535276131185623
-3.3999999999999995 7.024352090295965
-3.1999999999999993 7.611792322319328
-3.0 8.286686106909452
-2.8 9.041020033079018
-2.5999999999999996 9.86077967268396
-2.3999999999999995 10.75595128332885
-2.1999999999999993 11.740159966149188
-2.0 12.822049094647605
-1.7999999999999998 13.928881947349355
-1.5999999999999996 15.005454983026732
-1.3999999999999995 15.966548836347306
-1.1999999999999993 16.78446681319442
-1.0 17.451067761901175
-0.7999999999999998 17.980606332796963
-0.5999999999999996 18.41071527503251
-0.39999999999999947 18.7758881294526
-0.1999999999999993 19.09981390024891
0.0 19.382869331083462
0.20000000000000107 19.644326483452378
0.40000000000000036 19.886868094095142
0.5999999999999996 20.115362606614184
0.8000000000000007 20.31044391791393
1.0 20.46996543275216
1.200000000000001 20.589563417815413
1.4000000000000004 20.673247491479664
1.6000000000000014 20.729220117091426
1.8000000000000007 20.765030950648534
2.0 20.787397529254587
2.200000000000001 20.800489940309266
2.4000000000000004 20.807556630204267
2.6000000000000014 20.811012657822364
2.8000000000000007 20.812350723019737
3.0 20.81259109002216
3.200000000000001 20.812346008145994
3.4000000000000004 20.811917949223545
3.6000000000000014 20.811421812333503
3.8000000000000007 20.810876386196746
4.0 20.810278043907825
Result sigma optimization:  -8.0 1.7961444350809834
E_max_2 =  600
Cutoff Radius =  6.0
Selected Radial Transform =  25.0
factor =  3.0
displacement =  0.0
dataset =  datasets/qm9.xyz
n_train =  2000
n_test =  2000
Train RMSE: 1.8199357843713484 [Train MAE: 1.298830972336662]
Test RMSE: 2.625470117499538 [Test MAE: 1.7135492214613224]
FINISHED at Tue Jan 10 12:53:23 CET 2023
