STARTING AT Wed Jan 11 02:56:07 CET 2023
Random seed: 1000
7 16
Reading dataset
Shuffling and extracting from dataset (length: 10000)
Shuffling and extraction done
Calculating power spectrum
Expansion coefficients done
Computing training kernel
     Calculating kernels for center species 1
     Calculating kernels for center species 1
Beginning first index add...
Beginning second index add...
     Calculating kernels for center species 6
     Calculating kernels for center species 6
Beginning first index add...
Beginning second index add...
Training kernel done
Computing test kernel
     Calculating kernels for center species 1
     Calculating kernels for center species 1
Beginning first index add...
Beginning second index add...
     Calculating kernels for center species 6
     Calculating kernels for center species 6
Beginning first index add...
Beginning second index add...
Test kernel done
Calculating composition features
Composition features done
-8.0 40.2989860607143
-7.8 34.023345398534126
-7.6 29.577497569888273
-7.4 26.495956257469334
-7.2 24.228366472908043
-7.0 22.438239467262033
-6.8 21.029251504577623
-6.6 19.985413798896044
-6.4 19.24157228254579
-6.2 18.693060366211366
-6.0 18.288961662032516
-5.8 18.090186864761076
-5.6 18.221059270176497
-5.4 18.741421321326946
-5.199999999999999 19.562017376241403
-5.0 20.489906245573085
-4.8 21.34064952009049
-4.6 22.013206873157458
-4.4 22.501363870920855
-4.199999999999999 22.868566736042748
-4.0 23.212788552370224
-3.8 23.632691098534945
-3.5999999999999996 24.198552594018135
-3.3999999999999995 24.93326280598366
-3.1999999999999993 25.811778129693806
-3.0 26.780681946729235
-2.8 27.786467756119336
-2.5999999999999996 28.799873139360038
-2.3999999999999995 29.832570503782552
-2.1999999999999993 30.942023755238175
-2.0 32.213011925880856
-1.7999999999999998 33.71734836932951
-1.5999999999999996 35.48611921961431
-1.3999999999999995 37.53508338622907
-1.1999999999999993 39.93629503400735
-1.0 42.85827903882638
-0.7999999999999998 46.476895030642424
-0.5999999999999996 50.774516488548336
-0.39999999999999947 55.42855867988638
-0.1999999999999993 59.94700954729446
0.0 63.91975879800157
0.20000000000000107 67.15224767779821
0.40000000000000036 69.63630784655331
0.5999999999999996 71.46307760960912
0.8000000000000007 72.75815138364811
1.0 73.64816278633961
1.200000000000001 74.2445324532115
1.4000000000000004 74.63648668873458
1.6000000000000014 74.89047057255655
1.8000000000000007 75.05334952630224
2.0 75.15692179955988
2.200000000000001 75.22218826174426
2.4000000000000004 75.2627661665121
2.6000000000000014 75.28739202152885
2.8000000000000007 75.30167740019846
3.0 75.30930391357609
3.200000000000001 75.31278590838635
3.4000000000000004 75.31388799069727
3.6000000000000014 75.31381030841803
3.8000000000000007 75.31328782940793
4.0 75.31270119144796
Result sigma optimization:  -5.8 18.090186864761076
E_max_2 =  500
Cutoff Radius =  6.0
Selected Radial Transform =  25.0
factor =  3.0
displacement =  0.0
dataset =  datasets/random-ch4-10k.extxyz
n_train =  2000
n_test =  2000
Train RMSE: 15.48488877797969 [Train MAE: 12.317740140471678]
Test RMSE: 26.580051104680436 [Test MAE: 14.198622295975241]
FINISHED at Wed Jan 11 02:57:03 CET 2023
