STARTING AT Wed Jan 11 03:00:09 CET 2023
Random seed: 1000
8 20
Reading dataset
Shuffling and extracting from dataset (length: 10000)
Shuffling and extraction done
Calculating power spectrum
Expansion coefficients done
Computing training kernel
     Calculating kernels for center species 1
     Calculating kernels for center species 1
Beginning first index add...
Beginning second index add...
     Calculating kernels for center species 6
     Calculating kernels for center species 6
Beginning first index add...
Beginning second index add...
Training kernel done
Computing test kernel
     Calculating kernels for center species 1
     Calculating kernels for center species 1
Beginning first index add...
Beginning second index add...
     Calculating kernels for center species 6
     Calculating kernels for center species 6
Beginning first index add...
Beginning second index add...
Test kernel done
Calculating composition features
Composition features done
-8.0 34.856158949153304
-7.8 30.42055957434636
-7.6 26.449441026134636
-7.4 23.100671362127336
-7.2 20.402514457765868
-7.0 18.304059403666518
-6.8 16.692759651716756
-6.6 15.423365730513922
-6.4 14.361745656869843
-6.2 13.420541156448415
-6.0 12.573314419917569
-5.8 11.84600074907208
-5.6 11.289390803304757
-5.4 10.942388482579183
-5.199999999999999 10.80375666722662
-5.0 10.829269857112221
-4.8 10.95394960683661
-4.6 11.119974041736905
-4.4 11.292322303123198
-4.199999999999999 11.459607977140388
-4.0 11.626035188140454
-3.8 11.800961162658982
-3.5999999999999996 11.991877258624625
-3.3999999999999995 12.203262135061863
-3.1999999999999993 12.439654418477463
-3.0 12.711008281851953
-2.8 13.038778737104957
-2.5999999999999996 13.460443646812045
-2.3999999999999995 14.030076273863457
-2.1999999999999993 14.811113298318057
-2.0 15.856730013835636
-1.7999999999999998 17.181918254121772
-1.5999999999999996 18.746369320702346
-1.3999999999999995 20.467402882992037
-1.1999999999999993 22.2608076134954
-1.0 24.087517015279634
-0.7999999999999998 25.982076887217648
-0.5999999999999996 28.052410312130384
-0.39999999999999947 30.45792382692907
-0.1999999999999993 33.366498094539146
0.0 36.87612363801983
0.20000000000000107 40.93792071890754
0.40000000000000036 45.36516243159144
0.5999999999999996 49.918912504394854
0.8000000000000007 54.372953374510466
1.0 58.53304860500451
1.200000000000001 62.252539144319535
1.4000000000000004 65.44791409295715
1.6000000000000014 68.09169214181408
1.8000000000000007 70.19334084710076
2.0 71.79184605644683
2.200000000000001 72.95457533600123
2.4000000000000004 73.76730570191204
2.6000000000000014 74.31751512976889
2.8000000000000007 74.681178124446
3.0 74.91734050322235
3.200000000000001 75.068599993487
3.4000000000000004 75.16423705545412
3.6000000000000014 75.22380080901227
3.8000000000000007 75.26017425385058
4.0 75.28184637806777
Result sigma optimization:  -5.199999999999999 10.80375666722662
E_max_2 =  700
Cutoff Radius =  6.0
Selected Radial Transform =  26.0
factor =  1.9
displacement =  0.0
dataset =  datasets/random-ch4-10k.extxyz
n_train =  2000
n_test =  2000
Train RMSE: 6.731475529765829 [Train MAE: 5.288184374699371]
Test RMSE: 14.20153330425544 [Test MAE: 7.3955278543530225]
FINISHED at Wed Jan 11 03:00:47 CET 2023
