STARTING AT Wed Jan 11 03:00:09 CET 2023
Random seed: 1000
6 14
Reading dataset
Shuffling and extracting from dataset (length: 10000)
Shuffling and extraction done
Calculating power spectrum
Expansion coefficients done
Computing training kernel
     Calculating kernels for center species 1
     Calculating kernels for center species 1
Beginning first index add...
Beginning second index add...
     Calculating kernels for center species 6
     Calculating kernels for center species 6
Beginning first index add...
Beginning second index add...
Training kernel done
Computing test kernel
     Calculating kernels for center species 1
     Calculating kernels for center species 1
Beginning first index add...
Beginning second index add...
     Calculating kernels for center species 6
     Calculating kernels for center species 6
Beginning first index add...
Beginning second index add...
Test kernel done
Calculating composition features
Composition features done
-8.0 15.703130257286524
-7.8 14.157638980475866
-7.6 12.860759275925652
-7.4 11.867030371046077
-7.2 11.222327722397248
-7.0 10.928560245155275
-6.8 10.903309539931609
-6.6 11.004018651891196
-6.4 11.110204919948345
-6.2 11.175353420412607
-6.0 11.216808816662713
-5.8 11.278193433179075
-5.6 11.394825659091692
-5.4 11.57613642444245
-5.199999999999999 11.811453469018954
-5.0 12.087419065588465
-4.8 12.39706973579971
-4.6 12.737117525705978
-4.4 13.102805255857474
-4.199999999999999 13.485913732955291
-4.0 13.87850007514194
-3.8 14.285110466903983
-3.5999999999999996 14.738203157387993
-3.3999999999999995 15.3045021750094
-3.1999999999999993 16.07453779585074
-3.0 17.137690172616768
-2.8 18.55316002999421
-2.5999999999999996 20.32392875245641
-2.3999999999999995 22.37901708795361
-2.1999999999999993 24.59291686563062
-2.0 26.867654481396023
-1.7999999999999998 29.239055104406866
-1.5999999999999996 31.930794934431447
-1.3999999999999995 35.293035744749226
-1.1999999999999993 39.59416913217983
-1.0 44.7620201035895
-0.7999999999999998 50.322678565773415
-0.5999999999999996 55.64121430004524
-0.39999999999999947 60.24389613572489
-0.1999999999999993 63.96269530222038
0.0 66.8696124657109
0.20000000000000107 69.12753981560965
0.40000000000000036 70.87933009886406
0.5999999999999996 72.21844776604749
0.8000000000000007 73.21112435606204
1.0 73.91993447962317
1.200000000000001 74.4085860034676
1.4000000000000004 74.73595873598187
1.6000000000000014 74.95051110101583
1.8000000000000007 75.08869151517138
2.0 75.17628030705032
2.200000000000001 75.23083660294265
2.4000000000000004 75.2641048134836
2.6000000000000014 75.28390388846084
2.8000000000000007 75.29541530052975
3.0 75.30200077499802
3.200000000000001 75.30575137387673
3.4000000000000004 75.30790325232559
3.6000000000000014 75.30915698344171
3.8000000000000007 75.30990080425394
4.0 75.31034962649198
Result sigma optimization:  -6.8 10.903309539931609
E_max_2 =  400
Cutoff Radius =  6.0
Selected Radial Transform =  26.0
factor =  2.1
displacement =  0.0
dataset =  datasets/random-ch4-10k.extxyz
n_train =  2000
n_test =  2000
Train RMSE: 7.888680301614948 [Train MAE: 6.227438095261265]
Test RMSE: 12.142902709592882 [Test MAE: 7.423029163561426]
FINISHED at Wed Jan 11 03:00:41 CET 2023
