STARTING AT Wed Jan 11 02:57:07 CET 2023
Random seed: 1000
8 20
Reading dataset
Shuffling and extracting from dataset (length: 10000)
Shuffling and extraction done
Calculating power spectrum
Expansion coefficients done
Computing training kernel
     Calculating kernels for center species 1
     Calculating kernels for center species 1
Beginning first index add...
Beginning second index add...
     Calculating kernels for center species 6
     Calculating kernels for center species 6
Beginning first index add...
Beginning second index add...
Training kernel done
Computing test kernel
     Calculating kernels for center species 1
     Calculating kernels for center species 1
Beginning first index add...
Beginning second index add...
     Calculating kernels for center species 6
     Calculating kernels for center species 6
Beginning first index add...
Beginning second index add...
Test kernel done
Calculating composition features
Composition features done
-8.0 8.640723920221918
-7.8 8.638497725829327
-7.6 8.634981018661305
-7.4 8.629436252176893
-7.2 8.62071987781262
-7.0 8.607081294117451
-6.8 8.58589352759096
-6.6 8.553335719244023
-6.4 8.504114619394437
-6.2 8.431431943946755
-6.0 8.3275375531569
-5.8 8.185182439580187
-5.6 7.9998357031826295
-5.4 7.77169545616562
-5.199999999999999 7.506169329966903
-5.0 7.212637556036586
-4.8 6.903089662574667
-4.6 6.592184866816101
-4.4 6.2981001364963465
-4.199999999999999 6.041994566513572
-4.0 5.845238538508118
-3.8 5.726183343085303
-3.5999999999999996 5.698258989078961
-3.3999999999999995 5.768378524572491
-3.1999999999999993 5.934084207768957
-3.0 6.181477790060588
-2.8 6.4877750366645035
-2.5999999999999996 6.828178589494223
-2.3999999999999995 7.182480019254371
-2.1999999999999993 7.538629210416893
-2.0 7.89418656883321
-1.7999999999999998 8.256120067436552
-1.5999999999999996 8.637720684187984
-1.3999999999999995 9.052762701442658
-1.1999999999999993 9.509851249914682
-1.0 10.01100153596925
-0.7999999999999998 10.555886697887559
-0.5999999999999996 11.147180492531385
-0.39999999999999947 11.790240878628897
-0.1999999999999993 12.487897818761974
0.0 13.23898336183329
0.20000000000000107 14.04599928889772
0.40000000000000036 14.927973446773482
0.5999999999999996 15.930908998015278
0.8000000000000007 17.133925496493667
1.0 18.65483594404575
1.200000000000001 20.647174501962674
1.4000000000000004 23.26204585770492
1.6000000000000014 26.572190708342433
1.8000000000000007 30.520722937572618
2.0 34.95922408916488
2.200000000000001 39.741277470572385
2.4000000000000004 44.76651265995748
2.6000000000000014 49.92765348666002
2.8000000000000007 55.02836592272312
3.0 59.779284602413526
3.200000000000001 63.89735859376393
3.4000000000000004 67.21892059598687
3.6000000000000014 69.7341108449093
3.8000000000000007 71.54436196978507
4.0 72.79837086571003
Result sigma optimization:  -3.5999999999999996 5.698258989078961
E_max_2 =  700
Cutoff Radius =  6.0
Selected Radial Transform =  26.0
factor =  0.2
displacement =  0.0
dataset =  datasets/random-ch4-10k.extxyz
n_train =  2000
n_test =  2000
Train RMSE: 1.259316638535403 [Train MAE: 0.9383124966044101]
Test RMSE: 8.821080490774644 [Test MAE: 3.962960933691033]
FINISHED at Wed Jan 11 03:00:18 CET 2023
