STARTING AT Wed Jan 11 02:57:07 CET 2023
Random seed: 1000
8 20
Reading dataset
Shuffling and extracting from dataset (length: 10000)
Shuffling and extraction done
Calculating power spectrum
Expansion coefficients done
Computing training kernel
     Calculating kernels for center species 1
     Calculating kernels for center species 1
Beginning first index add...
Beginning second index add...
     Calculating kernels for center species 6
     Calculating kernels for center species 6
Beginning first index add...
Beginning second index add...
Training kernel done
Computing test kernel
     Calculating kernels for center species 1
     Calculating kernels for center species 1
Beginning first index add...
Beginning second index add...
     Calculating kernels for center species 6
     Calculating kernels for center species 6
Beginning first index add...
Beginning second index add...
Test kernel done
Calculating composition features
Composition features done
-8.0 9.457868900623824
-7.8 9.457310688873442
-7.6 9.456427129823886
-7.4 9.455029655275657
-7.2 9.452821975440806
-7.0 9.449340859424721
-6.8 9.443867726071701
-6.6 9.435301295016677
-6.4 9.42198505275627
-6.2 9.401496603827864
-6.0 9.370437812693568
-5.8 9.324314852145093
-5.6 9.257641022019396
-5.4 9.16438066802904
-5.199999999999999 9.038790388270169
-5.0 8.876758358850276
-4.8 8.677837725550033
-4.6 8.447637180559978
-4.4 8.19898957171003
-4.199999999999999 7.950134091384605
-4.0 7.720058682666375
-3.8 7.523330578131833
-3.5999999999999996 7.367218416236576
-3.3999999999999995 7.252463621099537
-3.1999999999999993 7.1765172209458505
-3.0 7.136367030512827
-2.8 7.129275649323109
-2.5999999999999996 7.152785976216518
-2.3999999999999995 7.206399596558405
-2.1999999999999993 7.294732095520024
-2.0 7.4288762138592555
-1.7999999999999998 7.623382885402221
-1.5999999999999996 7.88984063322522
-1.3999999999999995 8.23038901871635
-1.1999999999999993 8.634901741897725
-1.0 9.084580193490067
-0.7999999999999998 9.561311711183889
-0.5999999999999996 10.058982980663053
-0.39999999999999947 10.594303990820745
-0.1999999999999993 11.21703647173951
0.0 12.01668097454108
0.20000000000000107 13.117083553211417
0.40000000000000036 14.651137429861826
0.5999999999999996 16.723125192181257
0.8000000000000007 19.385861621590998
1.0 22.652450061037786
1.200000000000001 26.525912255494678
1.4000000000000004 31.004737898475543
1.6000000000000014 36.04135738847154
1.8000000000000007 41.487154964741336
2.0 47.08544313686955
2.200000000000001 52.52669891256716
2.4000000000000004 57.52564068889057
2.6000000000000014 61.87846376887509
2.8000000000000007 65.48477833248309
3.0 68.33811927407596
3.200000000000001 70.49987530935313
3.4000000000000004 72.07205277534214
3.6000000000000014 73.17392615865388
3.8000000000000007 73.92244264500788
4.0 74.41860278840716
Result sigma optimization:  -2.8 7.129275649323109
E_max_2 =  700
Cutoff Radius =  6.0
Selected Radial Transform =  26.0
factor =  0.3
displacement =  0.0
dataset =  datasets/random-ch4-10k.extxyz
n_train =  2000
n_test =  2000
Train RMSE: 2.513263842434364 [Train MAE: 1.9260818867312428]
Test RMSE: 7.971958134501482 [Test MAE: 4.125325892381687]
FINISHED at Wed Jan 11 02:57:52 CET 2023
