STARTING AT Wed Jan 11 04:10:02 CET 2023
Random seed: 1000
6 14
Reading dataset
Shuffling and extracting from dataset (length: 105092)
Shuffling and extraction done
Calculating power spectrum
Expansion coefficients done
Computing training kernel
     Calculating kernels for center species 79
     Calculating kernels for center species 79
Beginning first index add...
Beginning second index add...
Training kernel done
Computing test kernel
     Calculating kernels for center species 79
     Calculating kernels for center species 79
Beginning first index add...
Beginning second index add...
Test kernel done
Calculating composition features
Composition features done
-8.0 152.01697860048398
-7.8 146.77097781957582
-7.6 141.44337431972207
-7.4 136.1540586583917
-7.2 130.9983362286963
-7.0 126.0464636641404
-6.8 121.35969853378957
-6.6 116.99147979862538
-6.4 112.97009699272738
-6.2 109.28302659750788
-6.0 105.87371408301625
-5.8 102.65038083532698
-5.6 99.50688604393518
-5.4 96.35200822318048
-5.199999999999999 93.14338603274842
-5.0 89.91626780588311
-4.8 86.77946123168401
-4.6 83.86881993455657
-4.4 81.29683853676487
-4.199999999999999 79.13641252698594
-4.0 77.43242396653697
-3.8 76.21856552088398
-3.5999999999999996 75.53004849483533
-3.3999999999999995 75.40905245714028
-3.1999999999999993 75.90059426618856
-3.0 77.04210587143989
-2.8 78.85224708421403
-2.5999999999999996 81.32243324648257
-2.3999999999999995 84.41419009873644
-2.1999999999999993 88.06607217137011
-2.0 92.21451416516065
-1.7999999999999998 96.83194460121766
-1.5999999999999996 101.96608451963884
-1.3999999999999995 107.73363253614653
-1.1999999999999993 114.24915182441774
-1.0 121.55940993413701
-0.7999999999999998 129.66334954603855
-0.5999999999999996 138.5777329304547
-0.39999999999999947 148.3455458225894
-0.1999999999999993 158.9733482712308
0.0 170.35779534040063
0.20000000000000107 182.24535525163796
0.40000000000000036 194.2714970357406
0.5999999999999996 206.13875435079325
0.8000000000000007 217.89423678076966
1.0 230.15065596157748
1.200000000000001 244.1021747669297
1.4000000000000004 261.23270623459877
1.6000000000000014 282.78919354058115
1.8000000000000007 309.43434880210305
2.0 341.3288612772774
2.200000000000001 378.10995116724683
2.4000000000000004 418.3622165573574
2.6000000000000014 459.43042004565996
2.8000000000000007 498.45676866009916
3.0 533.9536578402827
3.200000000000001 566.5518347210597
3.4000000000000004 598.357396325919
3.6000000000000014 631.2391625607625
3.8000000000000007 665.1580259977114
4.0 698.0065785906066
Result sigma optimization:  -3.3999999999999995 75.40905245714028
E_max_2 =  400
Cutoff Radius =  6.0
Selected Radial Transform =  26.0
factor =  0.2
displacement =  0.0
dataset =  datasets/gold.xyz
n_train =  2000
n_test =  2000
Train RMSE: 51.00254719899268 [Train MAE: 35.15845428215968]
Test RMSE: 71.27592569948504 [Test MAE: 45.288543334412154]
FINISHED at Wed Jan 11 04:10:49 CET 2023
