STARTING AT Wed Jan 11 03:00:39 CET 2023
Random seed: 1000
7 18
Reading dataset
Shuffling and extracting from dataset (length: 10000)
Shuffling and extraction done
Calculating power spectrum
Expansion coefficients done
Computing training kernel
     Calculating kernels for center species 1
     Calculating kernels for center species 1
Beginning first index add...
Beginning second index add...
     Calculating kernels for center species 6
     Calculating kernels for center species 6
Beginning first index add...
Beginning second index add...
Training kernel done
Computing test kernel
     Calculating kernels for center species 1
     Calculating kernels for center species 1
Beginning first index add...
Beginning second index add...
     Calculating kernels for center species 6
     Calculating kernels for center species 6
Beginning first index add...
Beginning second index add...
Test kernel done
Calculating composition features
Composition features done
-8.0 29.814155430611766
-7.8 27.905152880215354
-7.6 25.92120728763095
-7.4 23.770004923101297
-7.2 21.406486067096722
-7.0 18.89602895245629
-6.8 16.430806523239692
-6.6 14.290153759275348
-6.4 12.739094111737197
-6.2 11.890871935515845
-6.0 11.637051786810739
-5.8 11.734323286945449
-5.6 11.953938681388136
-5.4 12.158814276100271
-5.199999999999999 12.302595122327347
-5.0 12.395707942366624
-4.8 12.469494450684895
-4.6 12.555335950411502
-4.4 12.678535726302874
-4.199999999999999 12.856190582652355
-4.0 13.093430532870144
-3.8 13.381680553680308
-3.5999999999999996 13.705026630951055
-3.3999999999999995 14.05366227358382
-3.1999999999999993 14.436156797729746
-3.0 14.885152288292113
-2.8 15.45520527834957
-2.5999999999999996 16.209540544826684
-2.3999999999999995 17.19557534756934
-2.1999999999999993 18.422996738861602
-2.0 19.863708957919197
-1.7999999999999998 21.472874675745057
-1.5999999999999996 23.212381997526435
-1.3999999999999995 25.06711343558748
-1.1999999999999993 27.055830648035926
-1.0 29.241440260473038
-0.7999999999999998 31.742140000017915
-0.5999999999999996 34.7298149605082
-0.39999999999999947 38.38499128547464
-0.1999999999999993 42.778540184728016
0.0 47.73238076843027
0.20000000000000107 52.820146986234114
0.40000000000000036 57.563873168587556
0.5999999999999996 61.651943833104966
0.8000000000000007 65.00259864954431
1.0 67.68306203646037
1.200000000000001 69.79852289067117
1.4000000000000004 71.43500468680668
1.6000000000000014 72.66089588475842
1.8000000000000007 73.54457698129083
2.0 74.15869612535134
2.200000000000001 74.57282247443071
2.4000000000000004 74.84576227440473
2.6000000000000014 75.02257517041244
2.8000000000000007 75.13549807423931
3.0 75.20657751519008
3.200000000000001 75.25049864738146
3.4000000000000004 75.27695156586121
3.6000000000000014 75.2923588993261
3.8000000000000007 75.30099985023521
4.0 75.30568161567716
Result sigma optimization:  -6.0 11.637051786810739
E_max_2 =  600
Cutoff Radius =  6.0
Selected Radial Transform =  26.0
factor =  2.2
displacement =  0.0
dataset =  datasets/random-ch4-10k.extxyz
n_train =  2000
n_test =  2000
Train RMSE: 7.965740677056668 [Train MAE: 6.25263100111082]
Test RMSE: 13.18529437707695 [Test MAE: 7.874614924641464]
FINISHED at Wed Jan 11 03:07:34 CET 2023
