STARTING AT Wed Jan 11 03:05:11 CET 2023
Random seed: 1000
7 16
Reading dataset
Shuffling and extracting from dataset (length: 10000)
Shuffling and extraction done
Calculating power spectrum
Expansion coefficients done
Computing training kernel
     Calculating kernels for center species 1
     Calculating kernels for center species 1
Beginning first index add...
Beginning second index add...
     Calculating kernels for center species 6
     Calculating kernels for center species 6
Beginning first index add...
Beginning second index add...
Training kernel done
Computing test kernel
     Calculating kernels for center species 1
     Calculating kernels for center species 1
Beginning first index add...
Beginning second index add...
     Calculating kernels for center species 6
     Calculating kernels for center species 6
Beginning first index add...
Beginning second index add...
Test kernel done
Calculating composition features
Composition features done
-8.0 25.877930127484564
-7.8 21.448126581942706
-7.6 17.863382393463635
-7.4 15.192668052642711
-7.2 13.308838048131953
-7.0 12.001373672676372
-6.8 11.08698795745331
-6.6 10.44769864243547
-6.4 10.023638870578457
-6.2 9.792853976778769
-6.0 9.744330571300992
-5.8 9.853409149134368
-5.6 10.074908503898005
-5.4 10.35438206606736
-5.199999999999999 10.642899564257998
-5.0 10.90606436655756
-4.8 11.128314716095657
-4.6 11.313453290896597
-4.4 11.479743398671088
-4.199999999999999 11.651178478604896
-4.0 11.849475866323832
-3.8 12.090068733272044
-3.5999999999999996 12.383481287358524
-3.3999999999999995 12.740760360817626
-3.1999999999999993 13.179859576699206
-3.0 13.732401136682341
-2.8 14.449788275037006
-2.5999999999999996 15.398801125289806
-2.3999999999999995 16.634903074198405
-2.1999999999999993 18.16387403755123
-2.0 19.92832415202017
-1.7999999999999998 21.841672199351823
-1.5999999999999996 23.848897951792317
-1.3999999999999995 25.975443494729678
-1.1999999999999993 28.337739312706073
-1.0 31.0980131908353
-0.7999999999999998 34.3672712221319
-0.5999999999999996 38.12729309260348
-0.39999999999999947 42.257633892026405
-0.1999999999999993 46.621189342375324
0.0 51.08362107168233
0.20000000000000107 55.471516388558214
0.40000000000000036 59.575843835774826
0.5999999999999996 63.21834614811779
0.8000000000000007 66.30223712928563
1.0 68.80632643978946
1.200000000000001 70.75687574165893
1.4000000000000004 72.21191077325228
1.6000000000000014 73.25282318196086
1.8000000000000007 73.97097448485019
2.0 74.4524660252885
2.200000000000001 74.76843676895842
2.4000000000000004 74.9724548415228
2.6000000000000014 75.10241870139185
2.8000000000000007 75.18410406153515
3.0 75.23466884818025
3.200000000000001 75.26544130825087
3.4000000000000004 75.28387046568082
3.6000000000000014 75.29478960790296
3.8000000000000007 75.30124401088624
4.0 75.30508110850914
Result sigma optimization:  -6.0 9.744330571300992
E_max_2 =  500
Cutoff Radius =  6.0
Selected Radial Transform =  27.0
factor =  1.8
displacement =  0.0
dataset =  datasets/random-ch4-10k.extxyz
n_train =  2000
n_test =  2000
Train RMSE: 6.35617502566987 [Train MAE: 5.021252474495998]
Test RMSE: 12.760160426853018 [Test MAE: 6.9166348918720795]
FINISHED at Wed Jan 11 03:05:56 CET 2023
