STARTING AT Wed Jan 11 03:07:11 CET 2023
Random seed: 1000
6 14
Reading dataset
Shuffling and extracting from dataset (length: 10000)
Shuffling and extraction done
Calculating power spectrum
Expansion coefficients done
Computing training kernel
     Calculating kernels for center species 1
     Calculating kernels for center species 1
Beginning first index add...
Beginning second index add...
     Calculating kernels for center species 6
     Calculating kernels for center species 6
Beginning first index add...
Beginning second index add...
Training kernel done
Computing test kernel
     Calculating kernels for center species 1
     Calculating kernels for center species 1
Beginning first index add...
Beginning second index add...
     Calculating kernels for center species 6
     Calculating kernels for center species 6
Beginning first index add...
Beginning second index add...
Test kernel done
Calculating composition features
Composition features done
-8.0 21.245406623375978
-7.8 21.504501547645447
-7.6 21.77559820421212
-7.4 22.1305858112976
-7.2 22.64116199806206
-7.0 23.345665458913597
-6.8 24.211235591201557
-6.6 25.10748358076037
-6.4 25.852195062235527
-6.2 26.322074814763145
-6.0 26.531656617096026
-5.8 26.615139003644384
-5.6 26.737719454792074
-5.4 27.00433756881936
-5.199999999999999 27.42460002510709
-5.0 27.946780570758268
-4.8 28.516400242243083
-4.6 29.108634495316036
-4.4 29.7245756589361
-4.199999999999999 30.371694843310102
-4.0 31.05151042476798
-3.8 31.764912636385475
-3.5999999999999996 32.528508881946685
-3.3999999999999995 33.388525120541495
-3.1999999999999993 34.433263476303395
-3.0 35.81409223980447
-2.8 37.750410257353764
-2.5999999999999996 40.452411646156655
-2.3999999999999995 43.95162800522412
-2.1999999999999993 47.9850545851761
-2.0 52.09208815767456
-1.7999999999999998 55.851406811233765
-1.5999999999999996 59.05080838324713
-1.3999999999999995 61.70470438278285
-1.1999999999999993 63.96617057084373
-1.0 66.00282083375859
-0.7999999999999998 67.89868260333807
-0.5999999999999996 69.63412353509231
-0.39999999999999947 71.14001809606766
-0.1999999999999993 72.36354365907366
0.0 73.29732576283429
0.20000000000000107 73.97319322017492
0.40000000000000036 74.44239697943107
0.5999999999999996 74.7581708208296
0.8000000000000007 74.966016984525
1.0 75.10068668218396
1.200000000000001 75.18691429015362
1.4000000000000004 75.24152033334595
1.6000000000000014 75.2756028104263
1.8000000000000007 75.29634035091122
2.0 75.30833744911077
2.200000000000001 75.31458594323901
2.4000000000000004 75.31712345291653
2.6000000000000014 75.31742998445209
2.8000000000000007 75.31659982272957
3.0 75.31538039346452
3.200000000000001 75.31419884922269
3.4000000000000004 75.31323554477537
3.6000000000000014 75.31252237935449
3.8000000000000007 75.31202461213171
4.0 75.31168981528255
Result sigma optimization:  -8.0 21.245406623375978
E_max_2 =  400
Cutoff Radius =  6.0
Selected Radial Transform =  27.0
factor =  3.5
displacement =  0.0
dataset =  datasets/random-ch4-10k.extxyz
n_train =  2000
n_test =  2000
Train RMSE: 18.84336007580222 [Train MAE: 15.101844982025826]
Test RMSE: 30.244840026895602 [Test MAE: 16.73205405578179]
FINISHED at Wed Jan 11 03:07:50 CET 2023
