STARTING AT Wed Jan 11 03:06:11 CET 2023
Random seed: 1000
5 11
Reading dataset
Shuffling and extracting from dataset (length: 10000)
Shuffling and extraction done
Calculating power spectrum
Expansion coefficients done
Computing training kernel
     Calculating kernels for center species 1
     Calculating kernels for center species 1
Beginning first index add...
Beginning second index add...
     Calculating kernels for center species 6
     Calculating kernels for center species 6
Beginning first index add...
Beginning second index add...
Training kernel done
Computing test kernel
     Calculating kernels for center species 1
     Calculating kernels for center species 1
Beginning first index add...
Beginning second index add...
     Calculating kernels for center species 6
     Calculating kernels for center species 6
Beginning first index add...
Beginning second index add...
Test kernel done
Calculating composition features
Composition features done
-8.0 11.249618461532387
-7.8 11.057798685921835
-7.6 10.826920147016525
-7.4 10.587865161776879
-7.2 10.515087324761758
-7.0 10.6947550822937
-6.8 11.053470796550842
-6.6 11.458181607929264
-6.4 11.823563547814558
-6.2 12.13621319529443
-6.0 12.422460510329328
-5.8 12.71148942929591
-5.6 13.021272863491165
-5.4 13.360895260162893
-5.199999999999999 13.730470417148387
-5.0 14.117060125587317
-4.8 14.500909797619094
-4.6 14.876741663579288
-4.4 15.27665728983736
-4.199999999999999 15.77926539433215
-4.0 16.495659960007412
-3.8 17.526742739077807
-3.5999999999999996 18.905464094734366
-3.3999999999999995 20.56603840697629
-3.1999999999999993 22.3727549225263
-3.0 24.19741089646554
-2.8 26.01140694690158
-2.5999999999999996 27.960131765774282
-2.3999999999999995 30.382565008625697
-2.1999999999999993 33.71372964713081
-2.0 38.229592015428224
-1.7999999999999998 43.776379493246175
-1.5999999999999996 49.76506888656692
-1.3999999999999995 55.473963959811684
-1.1999999999999993 60.38476871234964
-1.0 64.31214223615771
-0.7999999999999998 67.32615658277986
-0.5999999999999996 69.60134293908546
-0.39999999999999947 71.30555212910168
-0.1999999999999993 72.56395550004103
0.0 73.47031628220721
0.20000000000000107 74.10378036177008
0.40000000000000036 74.5340450456339
0.5999999999999996 74.81946912345985
0.8000000000000007 75.00534534730583
1.0 75.12457723146439
1.200000000000001 75.19994028320028
1.4000000000000004 75.24671885684147
1.6000000000000014 75.27502726115017
1.8000000000000007 75.2915721002568
2.0 75.30083825838342
2.200000000000001 75.30580402444976
2.4000000000000004 75.308369730523
2.6000000000000014 75.3096678904369
2.8000000000000007 75.3103237962216
3.0 75.31066090242336
3.200000000000001 75.31083947941622
3.4000000000000004 75.31093755377174
3.6000000000000014 75.31099334550011
3.8000000000000007 75.31102605043388
4.0 75.31104567266588
Result sigma optimization:  -7.2 10.515087324761758
E_max_2 =  300
Cutoff Radius =  6.0
Selected Radial Transform =  27.0
factor =  2.2
displacement =  0.0
dataset =  datasets/random-ch4-10k.extxyz
n_train =  2000
n_test =  2000
Train RMSE: 9.247911390821825 [Train MAE: 7.338712943126966]
Test RMSE: 11.658350275017927 [Test MAE: 8.07060433694533]
FINISHED at Wed Jan 11 03:06:50 CET 2023
