STARTING AT Wed Jan 11 03:04:10 CET 2023
Random seed: 1000
6 14
Reading dataset
Shuffling and extracting from dataset (length: 10000)
Shuffling and extraction done
Calculating power spectrum
Expansion coefficients done
Computing training kernel
     Calculating kernels for center species 1
     Calculating kernels for center species 1
Beginning first index add...
Beginning second index add...
     Calculating kernels for center species 6
     Calculating kernels for center species 6
Beginning first index add...
Beginning second index add...
Training kernel done
Computing test kernel
     Calculating kernels for center species 1
     Calculating kernels for center species 1
Beginning first index add...
Beginning second index add...
     Calculating kernels for center species 6
     Calculating kernels for center species 6
Beginning first index add...
Beginning second index add...
Test kernel done
Calculating composition features
Composition features done
-8.0 14.156553994613628
-7.8 12.883374715427026
-7.6 11.863262733355329
-7.4 11.032140762469115
-7.2 10.340714346878123
-7.0 9.760095639336662
-6.8 9.277880968329233
-6.6 8.891031055336487
-6.4 8.59824548772451
-6.2 8.395601351869027
-6.0 8.27782957654508
-5.8 8.242406943452464
-5.6 8.290261877805506
-5.4 8.420678570728278
-5.199999999999999 8.62501243277214
-5.0 8.885303774152808
-4.8 9.179175382166553
-4.6 9.487397393736067
-4.4 9.798651483816432
-4.199999999999999 10.108956109835555
-4.0 10.419557553022187
-3.8 10.738850765069145
-3.5999999999999996 11.087587073614335
-3.3999999999999995 11.502536203257206
-3.1999999999999993 12.037143110529163
-3.0 12.75804896516755
-2.8 13.732468685574958
-2.5999999999999996 15.007034523213981
-2.3999999999999995 16.591809453067782
-2.1999999999999993 18.463417259251816
-2.0 20.58730310932907
-1.7999999999999998 22.94855174122856
-1.5999999999999996 25.574988538710482
-1.3999999999999995 28.5341169013585
-1.1999999999999993 31.901056828816493
-1.0 35.713211782067724
-0.7999999999999998 39.92674365848081
-0.5999999999999996 44.40604918322087
-0.39999999999999947 48.97345177196274
-0.1999999999999993 53.46500960620195
0.0 57.72801417048498
0.20000000000000107 61.604260982892384
0.40000000000000036 64.96006898272358
0.5999999999999996 67.72954588938106
0.8000000000000007 69.9189866884046
1.0 71.58206374341454
1.200000000000001 72.79709755068853
1.4000000000000004 73.6528309578888
1.6000000000000014 74.23661411180777
1.8000000000000007 74.6247534457864
2.0 74.87766941611697
2.200000000000001 75.03983614491958
2.4000000000000004 75.14241316022229
2.6000000000000014 75.20655971705366
2.8000000000000007 75.24633696816072
3.0 75.2708969463762
3.200000000000001 75.28605980555486
3.4000000000000004 75.29544794050092
3.6000000000000014 75.30128451954484
3.8000000000000007 75.30492772574723
4.0 75.3072093565632
Result sigma optimization:  -5.8 8.242406943452464
E_max_2 =  400
Cutoff Radius =  6.0
Selected Radial Transform =  27.0
factor =  1.3
displacement =  0.0
dataset =  datasets/random-ch4-10k.extxyz
n_train =  2000
n_test =  2000
Train RMSE: 4.745110253188055 [Train MAE: 3.7262767293152956]
Test RMSE: 9.505619390054962 [Test MAE: 5.449066140982162]
FINISHED at Wed Jan 11 03:05:58 CET 2023
