STARTING AT Wed Jan 11 03:02:39 CET 2023
Random seed: 1000
6 14
Reading dataset
Shuffling and extracting from dataset (length: 10000)
Shuffling and extraction done
Calculating power spectrum
Expansion coefficients done
Computing training kernel
     Calculating kernels for center species 1
     Calculating kernels for center species 1
Beginning first index add...
Beginning second index add...
     Calculating kernels for center species 6
     Calculating kernels for center species 6
Beginning first index add...
Beginning second index add...
Training kernel done
Computing test kernel
     Calculating kernels for center species 1
     Calculating kernels for center species 1
Beginning first index add...
Beginning second index add...
     Calculating kernels for center species 6
     Calculating kernels for center species 6
Beginning first index add...
Beginning second index add...
Test kernel done
Calculating composition features
Composition features done
-8.0 8.40673694437722
-7.8 8.250457654727994
-7.6 8.065180261830589
-7.4 7.861309309337214
-7.2 7.6526065066327496
-7.0 7.451319106950651
-6.8 7.263570157733308
-6.6 7.087963125709514
-6.4 6.918733585806085
-6.2 6.751333948186013
-6.0 6.5860797204547605
-5.8 6.427402977577406
-5.6 6.2805032791819455
-5.4 6.148888922390887
-5.199999999999999 6.034321129690794
-5.0 5.938282617201496
-4.8 5.86362811373374
-4.6 5.815619119337273
-4.4 5.801838707745167
-4.199999999999999 5.830927629837271
-4.0 5.910937902108774
-3.8 6.048289320295997
-3.5999999999999996 6.247703051011062
-3.3999999999999995 6.513117868920719
-3.1999999999999993 6.849044008283196
-3.0 7.2607952669116385
-2.8 7.752527210198073
-2.5999999999999996 8.325099467788597
-2.3999999999999995 8.978430744731872
-2.1999999999999993 9.720642777887413
-2.0 10.580329080106932
-1.7999999999999998 11.614751897717301
-1.5999999999999996 12.907723976522044
-1.3999999999999995 14.55592828680051
-1.1999999999999993 16.649523811274534
-1.0 19.2566557275228
-0.7999999999999998 22.41908634926609
-0.5999999999999996 26.154748837813536
-0.39999999999999947 30.44667683176886
-0.1999999999999993 35.212536187587716
0.0 40.29149437340585
0.20000000000000107 45.47255552712277
0.40000000000000036 50.53660333230915
0.5999999999999996 55.285634033650425
0.8000000000000007 59.56055416676288
1.0 63.256272981644216
1.200000000000001 66.33209526723496
1.4000000000000004 68.80455405240656
1.6000000000000014 70.72557499015197
1.8000000000000007 72.16512227492233
2.0 73.20394366949033
2.200000000000001 73.92729693757116
2.4000000000000004 74.41587090566874
2.6000000000000014 74.73806542350377
2.8000000000000007 74.94683489822478
3.0 75.08048928899412
3.200000000000001 75.16541348972932
3.4000000000000004 75.21914947212933
3.6000000000000014 75.25308249414867
3.8000000000000007 75.27449283732825
4.0 75.28799849823298
Result sigma optimization:  -4.4 5.801838707745167
E_max_2 =  400
Cutoff Radius =  6.0
Selected Radial Transform =  27.0
factor =  0.5
displacement =  0.0
dataset =  datasets/random-ch4-10k.extxyz
n_train =  2000
n_test =  2000
Train RMSE: 2.7417019521834467 [Train MAE: 2.110906013851998]
Test RMSE: 5.955101037115285 [Test MAE: 3.8307758845944337]
FINISHED at Wed Jan 11 03:08:08 CET 2023
