STARTING AT Tue Jan 10 12:52:33 CET 2023
Random seed: 1000
5 11
Reading dataset
Shuffling and extracting from dataset (length: 133885)
Shuffling and extraction done
Calculating power spectrum
Expansion coefficients done
Computing training kernel
     Calculating kernels for center species 1
     Calculating kernels for center species 1
Beginning first index add...
Beginning second index add...
     Calculating kernels for center species 6
     Calculating kernels for center species 6
Beginning first index add...
Beginning second index add...
     Calculating kernels for center species 7
     Calculating kernels for center species 7
Beginning first index add...
Beginning second index add...
     Calculating kernels for center species 8
     Calculating kernels for center species 8
Beginning first index add...
Beginning second index add...
     Calculating kernels for center species 9
     Calculating kernels for center species 9
Beginning first index add...
Beginning second index add...
Training kernel done
Computing test kernel
     Calculating kernels for center species 1
     Calculating kernels for center species 1
Beginning first index add...
Beginning second index add...
     Calculating kernels for center species 6
     Calculating kernels for center species 6
Beginning first index add...
Beginning second index add...
     Calculating kernels for center species 7
     Calculating kernels for center species 7
Beginning first index add...
Beginning second index add...
     Calculating kernels for center species 8
     Calculating kernels for center species 8
Beginning first index add...
Beginning second index add...
     Calculating kernels for center species 9
     Calculating kernels for center species 9
Beginning first index add...
Beginning second index add...
Test kernel done
Calculating composition features
Composition features done
-8.0 14.72158299296697
-7.8 14.721580800831497
-7.6 14.721577379015303
-7.4 14.721571918508507
-7.2 14.721563274220863
-7.0 14.721549577462795
-6.8 14.72152786708111
-6.6 14.721493447977315
-6.4 14.72143894014051
-6.2 14.721352505579832
-6.0 14.721215531428951
-5.8 14.72099846866296
-5.6 14.720654487535707
-5.4 14.720109437504759
-5.199999999999999 14.719245837712148
-5.0 14.717877821481114
-4.8 14.715711350371643
-4.6 14.712282003373254
-4.4 14.706857517102174
-4.199999999999999 14.698286992858728
-4.0 14.684787525787778
-3.8 14.663697307938586
-3.5999999999999996 14.631065037396219
-3.3999999999999995 14.5809198528684
-3.1999999999999993 14.504672624395159
-3.0 14.39006282585935
-2.8 14.223386761747431
-2.5999999999999996 13.987965741345437
-2.3999999999999995 13.669123495432395
-2.1999999999999993 13.270351764281532
-2.0 12.795715401146317
-1.7999999999999998 12.260160120908855
-1.5999999999999996 11.68236607434634
-1.3999999999999995 11.08155035598088
-1.1999999999999993 10.501934306045017
-1.0 9.974475516928303
-0.7999999999999998 9.497026951233414
-0.5999999999999996 9.08368990910339
-0.39999999999999947 8.73846470000516
-0.1999999999999993 8.462276062671494
0.0 8.277504744005013
0.20000000000000107 8.192532144887744
0.40000000000000036 8.201202032673566
0.5999999999999996 8.26633169060635
0.8000000000000007 8.38339090700509
1.0 8.525089711379103
1.200000000000001 8.701994335994701
1.4000000000000004 8.902698479402039
1.6000000000000014 9.140496792875549
1.8000000000000007 9.418427031690204
2.0 9.725796192045495
2.200000000000001 10.070271393245145
2.4000000000000004 10.45484731117804
2.6000000000000014 10.881647843591741
2.8000000000000007 11.37441891199467
3.0 11.895474877344988
3.200000000000001 12.438693772041708
3.4000000000000004 12.994798980446939
3.6000000000000014 13.5632618418061
3.8000000000000007 14.131961932266911
4.0 14.673546014447124
Result sigma optimization:  0.20000000000000107 8.192532144887744
E_max_2 =  300
Cutoff Radius =  6.0
Selected Radial Transform =  27.0
factor =  0.1
displacement =  0.0
dataset =  datasets/qm9.xyz
n_train =  2000
n_test =  2000
Train RMSE: 5.776713856969705 [Train MAE: 4.159408508725006]
Test RMSE: 11.02488900897954 [Test MAE: 8.1822182166408]
FINISHED at Tue Jan 10 12:57:29 CET 2023
