STARTING AT Wed Jan 11 01:39:34 CET 2023
Random seed: 1000
5 11
Reading dataset
Shuffling and extracting from dataset (length: 10000)
Shuffling and extraction done
Calculating power spectrum
Expansion coefficients done
Computing training kernel
     Calculating kernels for center species 1
     Calculating kernels for center species 1
Beginning first index add...
Beginning second index add...
     Calculating kernels for center species 6
     Calculating kernels for center species 6
Beginning first index add...
Beginning second index add...
Training kernel done
Computing test kernel
     Calculating kernels for center species 1
     Calculating kernels for center species 1
Beginning first index add...
Beginning second index add...
     Calculating kernels for center species 6
     Calculating kernels for center species 6
Beginning first index add...
Beginning second index add...
Test kernel done
Calculating composition features
Composition features done
-8.0 9.127526280543517
-7.8 8.56061096903742
-7.6 8.063774154957954
-7.4 7.628318444775165
-7.2 7.24267281657741
-7.0 6.901453191246221
-6.8 6.60826097820836
-6.6 6.371226766348043
-6.4 6.196062484266061
-6.2 6.082591303369342
-6.0 6.026271111599229
-5.8 6.021534948891385
-5.6 6.063440930918434
-5.4 6.147230770192146
-5.199999999999999 6.267679224178632
-5.0 6.41950094634501
-4.8 6.598403021194121
-4.6 6.801309991629726
-4.4 7.024705349936939
-4.199999999999999 7.262647544985507
-4.0 7.507832079874467
-3.8 7.756566212502575
-3.5999999999999996 8.014296133873652
-3.3999999999999995 8.297556135157096
-3.1999999999999993 8.631624186200506
-3.0 9.046463555066541
-2.8 9.573600736701326
-2.5999999999999996 10.244780551380995
-2.3999999999999995 11.091670756663364
-2.1999999999999993 12.14765148585552
-2.0 13.45722129458758
-1.7999999999999998 15.094451729447483
-1.5999999999999996 17.177164400450565
-1.3999999999999995 19.852971524890656
-1.1999999999999993 23.24139767227992
-1.0 27.355703938417438
-0.7999999999999998 32.06660811058195
-0.5999999999999996 37.13993043073448
-0.39999999999999947 42.31266679334949
-0.1999999999999993 47.36001314234446
0.0 52.13222592345182
0.20000000000000107 56.54428150915463
0.40000000000000036 60.52675299880866
0.5999999999999996 63.99980686098009
0.8000000000000007 66.90283396096994
1.0 69.22979237346883
1.200000000000001 71.02618954646557
1.4000000000000004 72.36486902447209
1.6000000000000014 73.32826700198069
1.8000000000000007 73.9992246913772
2.0 74.45379987792123
2.200000000000001 74.75555628512139
2.4000000000000004 74.95320415450708
2.6000000000000014 75.08158237856293
2.8000000000000007 75.16448052471769
3.0 75.21774529486511
3.200000000000001 75.2518160613002
3.4000000000000004 75.27352548781035
3.6000000000000014 75.28731637979767
3.8000000000000007 75.29605744622255
4.0 75.30158914296405
Result sigma optimization:  -5.8 6.021534948891385
E_max_2 =  300
Cutoff Radius =  6.0
Selected Radial Transform =  2.0
factor =  0.4
displacement =  0.0
dataset =  datasets/random-ch4-10k.extxyz
n_train =  2000
n_test =  2000
Train RMSE: 1.6428892653786902 [Train MAE: 1.2352191721618164]
Test RMSE: 6.635966811059375 [Test MAE: 3.457795036816129]
FINISHED at Wed Jan 11 01:40:09 CET 2023
