STARTING AT Tue Jan 10 11:47:30 CET 2023
Random seed: 1000
5 11
Reading dataset
Shuffling and extracting from dataset (length: 133885)
Shuffling and extraction done
Calculating power spectrum
Expansion coefficients done
Computing training kernel
     Calculating kernels for center species 1
     Calculating kernels for center species 1
Beginning first index add...
Beginning second index add...
     Calculating kernels for center species 6
     Calculating kernels for center species 6
Beginning first index add...
Beginning second index add...
     Calculating kernels for center species 7
     Calculating kernels for center species 7
Beginning first index add...
Beginning second index add...
     Calculating kernels for center species 8
     Calculating kernels for center species 8
Beginning first index add...
Beginning second index add...
     Calculating kernels for center species 9
     Calculating kernels for center species 9
Beginning first index add...
Beginning second index add...
Training kernel done
Computing test kernel
     Calculating kernels for center species 1
     Calculating kernels for center species 1
Beginning first index add...
Beginning second index add...
     Calculating kernels for center species 6
     Calculating kernels for center species 6
Beginning first index add...
Beginning second index add...
     Calculating kernels for center species 7
     Calculating kernels for center species 7
Beginning first index add...
Beginning second index add...
     Calculating kernels for center species 8
     Calculating kernels for center species 8
Beginning first index add...
Beginning second index add...
     Calculating kernels for center species 9
     Calculating kernels for center species 9
Beginning first index add...
Beginning second index add...
Test kernel done
Calculating composition features
Composition features done
-8.0 4.846101180393707
-7.8 4.846100647039683
-7.6 4.846099801727108
-7.4 4.846098462022622
-7.2 4.846096338741912
-7.0 4.846092973558727
-6.8 4.846087640162295
-6.6 4.846079187413158
-6.4 4.846065790974506
-6.2 4.8460445597912205
-6.0 4.846010912363734
-5.8 4.8459575892279085
-5.6 4.845873088928936
-5.4 4.845739192963797
-5.199999999999999 4.845527052497642
-5.0 4.845191009007829
-4.8 4.84465885884272
-4.6 4.843817034487726
-4.4 4.842496487290548
-4.199999999999999 4.840428543953209
-4.0 4.837219008307122
-3.8 4.832259720513997
-3.5999999999999996 4.824638494662315
-3.3999999999999995 4.813240968747135
-3.1999999999999993 4.796418431040721
-3.0 4.772771109495308
-2.8 4.740247456501654
-2.5999999999999996 4.699135602257233
-2.3999999999999995 4.653251664334076
-2.1999999999999993 4.608872686340119
-2.0 4.571929652421738
-1.7999999999999998 4.552436227732322
-1.5999999999999996 4.569805187630944
-1.3999999999999995 4.627127448629257
-1.1999999999999993 4.7396088541355015
-1.0 4.912862803024679
-0.7999999999999998 5.149747593127525
-0.5999999999999996 5.441979037604269
-0.39999999999999947 5.77261667062399
-0.1999999999999993 6.155253295060644
0.0 6.60455457339405
0.20000000000000107 7.119125430383698
0.40000000000000036 7.7284781166983505
0.5999999999999996 8.432016277611707
0.8000000000000007 9.233911821583346
1.0 10.121513462431645
1.200000000000001 11.05805694095917
1.4000000000000004 11.991531696226756
1.6000000000000014 12.924551899764758
1.8000000000000007 13.853815036053135
2.0 14.789343699780828
2.200000000000001 15.747190914130618
2.4000000000000004 16.71140775575275
2.6000000000000014 17.64050148561056
2.8000000000000007 18.461486478622213
3.0 19.124345504679845
3.200000000000001 19.631876257030466
3.4000000000000004 20.000320681129995
3.6000000000000014 20.257680760727318
3.8000000000000007 20.436932105235183
4.0 20.5577582846561
Result sigma optimization:  -1.7999999999999998 4.552436227732322
E_max_2 =  300
Cutoff Radius =  6.0
Selected Radial Transform =  2.0
factor =  0.3
displacement =  0.0
dataset =  datasets/qm9.xyz
n_train =  2000
n_test =  2000
Train RMSE: 1.7900854368137002 [Train MAE: 1.2223008009451077]
Test RMSE: 6.109936852513317 [Test MAE: 4.237133979442485]
FINISHED at Tue Jan 10 11:52:43 CET 2023
