STARTING AT Wed Jan 11 01:43:05 CET 2023
Random seed: 1000
5 11
Reading dataset
Shuffling and extracting from dataset (length: 10000)
Shuffling and extraction done
Calculating power spectrum
Expansion coefficients done
Computing training kernel
     Calculating kernels for center species 1
     Calculating kernels for center species 1
Beginning first index add...
Beginning second index add...
     Calculating kernels for center species 6
     Calculating kernels for center species 6
Beginning first index add...
Beginning second index add...
Training kernel done
Computing test kernel
     Calculating kernels for center species 1
     Calculating kernels for center species 1
Beginning first index add...
Beginning second index add...
     Calculating kernels for center species 6
     Calculating kernels for center species 6
Beginning first index add...
Beginning second index add...
Test kernel done
Calculating composition features
Composition features done
-8.0 13.79610638440865
-7.8 13.003901507189152
-7.6 12.018773956227944
-7.4 10.967817396724678
-7.2 9.971426707077788
-7.0 9.128626185713292
-6.8 8.501961386722392
-6.6 8.106320311389062
-6.4 7.916074085867626
-6.2 7.888469670489415
-6.0 7.984359313607922
-5.8 8.174596787777212
-5.6 8.436180603369454
-5.4 8.747529849229307
-5.199999999999999 9.087752936878731
-5.0 9.4387642532279
-4.8 9.788193254926572
-4.6 10.132485873170364
-4.4 10.478421605175797
-4.199999999999999 10.841621778039613
-4.0 11.244992297630683
-3.8 11.721128221994023
-3.5999999999999996 12.317804246082527
-3.3999999999999995 13.101726858887519
-3.1999999999999993 14.154463499625601
-3.0 15.55404955442178
-2.8 17.34652704996987
-2.5999999999999996 19.53062336447013
-2.3999999999999995 22.072794893054454
-2.1999999999999993 24.94367105938378
-2.0 28.154820505039357
-1.7999999999999998 31.759731948375197
-1.5999999999999996 35.78656907629609
-1.3999999999999995 40.157827041266046
-1.1999999999999993 44.70586254632237
-1.0 49.264213375413554
-0.7999999999999998 53.70220315327749
-0.5999999999999996 57.88484592345602
-0.39999999999999947 61.6648675461805
-0.1999999999999993 64.93314400531713
0.0 67.64960049047974
0.20000000000000107 69.8255361726375
0.40000000000000036 71.50042080769164
0.5999999999999996 72.73568270546384
0.8000000000000007 73.61019808060402
1.0 74.20814677594753
1.200000000000001 74.60597018332227
1.4000000000000004 74.8651875496336
1.6000000000000014 75.03137678027078
1.8000000000000007 75.13654916079822
2.0 75.20243914654489
2.200000000000001 75.24344695394879
2.4000000000000004 75.2688996922378
2.6000000000000014 75.28470722071002
2.8000000000000007 75.29454970061647
3.0 75.30069742717747
3.200000000000001 75.30454847493846
3.4000000000000004 75.3069663552319
3.6000000000000014 75.30848693855611
3.8000000000000007 75.30944431168547
4.0 75.31004754130443
Result sigma optimization:  -6.2 7.888469670489415
E_max_2 =  300
Cutoff Radius =  6.0
Selected Radial Transform =  2.0
factor =  1.3
displacement =  0.0
dataset =  datasets/random-ch4-10k.extxyz
n_train =  2000
n_test =  2000
Train RMSE: 5.268406638623191 [Train MAE: 4.1412097946796145]
Test RMSE: 9.544099219492525 [Test MAE: 5.466956323078437]
FINISHED at Wed Jan 11 01:43:39 CET 2023
