STARTING AT Wed Jan 11 01:39:34 CET 2023
Random seed: 1000
7 18
Reading dataset
Shuffling and extracting from dataset (length: 10000)
Shuffling and extraction done
Calculating power spectrum
Expansion coefficients done
Computing training kernel
     Calculating kernels for center species 1
     Calculating kernels for center species 1
Beginning first index add...
Beginning second index add...
     Calculating kernels for center species 6
     Calculating kernels for center species 6
Beginning first index add...
Beginning second index add...
Training kernel done
Computing test kernel
     Calculating kernels for center species 1
     Calculating kernels for center species 1
Beginning first index add...
Beginning second index add...
     Calculating kernels for center species 6
     Calculating kernels for center species 6
Beginning first index add...
Beginning second index add...
Test kernel done
Calculating composition features
Composition features done
-8.0 8.972841038429468
-7.8 8.971029287535995
-7.6 8.968170187105587
-7.4 8.963669383783222
-7.2 8.95661129994499
-7.0 8.945607912439977
-6.8 8.92860588394498
-6.6 8.90267755596514
-6.4 8.863868669697617
-6.2 8.807237214675794
-6.0 8.727250703840935
-5.8 8.618659486243107
-5.6 8.477841033650291
-5.4 8.304448144191507
-5.199999999999999 8.102885693902298
-5.0 7.882799574378706
-4.8 7.658065573979429
-4.6 7.444639569732238
-4.4 7.257803101223243
-4.199999999999999 7.10901752660672
-4.0 7.00334895276234
-3.8 6.939329774844308
-3.5999999999999996 6.911764518212679
-3.3999999999999995 6.9152254632458705
-3.1999999999999993 6.9455910580854985
-3.0 6.9998072403177325
-2.8 7.076094054797778
-2.5999999999999996 7.17555729256828
-2.3999999999999995 7.303959532446946
-2.1999999999999993 7.4719931171311025
-2.0 7.69376010452998
-1.7999999999999998 7.98425026447329
-1.5999999999999996 8.35617379908764
-1.3999999999999995 8.81685639885484
-1.1999999999999993 9.368747391102318
-1.0 10.018043364358558
-0.7999999999999998 10.790819554442564
-0.5999999999999996 11.748568075389416
-0.39999999999999947 12.990956805129017
-0.1999999999999993 14.637589499037134
0.0 16.794725038547675
0.20000000000000107 19.526508452087924
0.40000000000000036 22.84768332861087
0.5999999999999996 26.734031392101492
0.8000000000000007 31.12496339148348
1.0 35.90558593930044
1.200000000000001 40.90054771461244
1.4000000000000004 45.91084303080474
1.6000000000000014 50.764190985197914
1.8000000000000007 55.33066841683931
2.0 59.503337252194804
2.200000000000001 63.184079860749584
2.4000000000000004 66.29885010105046
2.6000000000000014 68.82072751617113
2.8000000000000007 70.7741603047715
3.0 72.22334959998493
3.200000000000001 73.25606438178046
3.4000000000000004 73.96681526266241
3.6000000000000014 74.44259151545997
3.8000000000000007 74.75462970764663
4.0 74.95644483355727
Result sigma optimization:  -3.5999999999999996 6.911764518212679
E_max_2 =  600
Cutoff Radius =  6.0
Selected Radial Transform =  2.0
factor =  0.3
displacement =  0.0
dataset =  datasets/random-ch4-10k.extxyz
n_train =  2000
n_test =  2000
Train RMSE: 1.9088310709220366 [Train MAE: 1.4407698929017696]
Test RMSE: 7.015572948725634 [Test MAE: 3.792613705166961]
FINISHED at Wed Jan 11 01:40:20 CET 2023
