STARTING AT Wed Jan 11 01:47:07 CET 2023
Random seed: 1000
7 18
Reading dataset
Shuffling and extracting from dataset (length: 10000)
Shuffling and extraction done
Calculating power spectrum
Expansion coefficients done
Computing training kernel
     Calculating kernels for center species 1
     Calculating kernels for center species 1
Beginning first index add...
Beginning second index add...
     Calculating kernels for center species 6
     Calculating kernels for center species 6
Beginning first index add...
Beginning second index add...
Training kernel done
Computing test kernel
     Calculating kernels for center species 1
     Calculating kernels for center species 1
Beginning first index add...
Beginning second index add...
     Calculating kernels for center species 6
     Calculating kernels for center species 6
Beginning first index add...
Beginning second index add...
Test kernel done
Calculating composition features
Composition features done
-8.0 36.101690207031965
-7.8 24.796839167302764
-7.6 17.808333064959157
-7.4 15.989795137097325
-7.2 17.183589478387077
-7.0 18.394299694184024
-6.8 18.494308170453106
-6.6 17.630622888125448
-6.4 16.393889893663037
-6.2 15.314780490058196
-6.0 14.629313576069183
-5.8 14.305983108143877
-5.6 14.209973550541601
-5.4 14.232181757170949
-5.199999999999999 14.323887905052295
-5.0 14.475631435380981
-4.8 14.68745237191245
-4.6 14.95422065498706
-4.4 15.26660263561847
-4.199999999999999 15.613625034108583
-4.0 15.978824626331836
-3.8 16.339449591108995
-3.5999999999999996 16.678900578651955
-3.3999999999999995 17.005711718550735
-3.1999999999999993 17.36485768597983
-3.0 17.833437652332545
-2.8 18.49956812220114
-2.5999999999999996 19.431999259951155
-2.3999999999999995 20.656109177431535
-2.1999999999999993 22.143796613338186
-2.0 23.813733016312682
-1.7999999999999998 25.548347829242857
-1.5999999999999996 27.2402105579233
-1.3999999999999995 28.861507417266157
-1.1999999999999993 30.530120105276733
-1.0 32.54010571485373
-0.7999999999999998 35.30743865950949
-0.5999999999999996 39.171201110230896
-0.39999999999999947 44.11372767630806
-0.1999999999999993 49.66122635529111
0.0 55.11589322819505
0.20000000000000107 59.911103425995485
0.40000000000000036 63.799824437247466
0.5999999999999996 66.81447758684241
0.8000000000000007 69.11855898502868
1.0 70.87857080849659
1.200000000000001 72.21270230370502
1.4000000000000004 73.20079009206101
1.6000000000000014 73.90876249765525
1.8000000000000007 74.39922382583411
2.0 74.7294280227634
2.200000000000001 74.94689732594556
2.4000000000000004 75.08776013863204
2.6000000000000014 75.17775864448926
2.8000000000000007 75.23443737854505
3.0 75.26942156962129
3.200000000000001 75.2903193274286
3.4000000000000004 75.3021441739472
3.6000000000000014 75.30828087615512
3.8000000000000007 75.31105617227244
4.0 75.31203063590148
Result sigma optimization:  -5.6 14.209973550541601
E_max_2 =  600
Cutoff Radius =  6.0
Selected Radial Transform =  2.0
factor =  2.6
displacement =  0.0
dataset =  datasets/random-ch4-10k.extxyz
n_train =  2000
n_test =  2000
Train RMSE: 11.293821467684939 [Train MAE: 8.969658350313033]
Test RMSE: 16.040238121545475 [Test MAE: 10.391737432613027]
FINISHED at Wed Jan 11 01:48:08 CET 2023
