STARTING AT Wed Jan 11 01:39:33 CET 2023
Random seed: 1000
7 18
Reading dataset
Shuffling and extracting from dataset (length: 10000)
Shuffling and extraction done
Calculating power spectrum
Expansion coefficients done
Computing training kernel
     Calculating kernels for center species 1
     Calculating kernels for center species 1
Beginning first index add...
Beginning second index add...
     Calculating kernels for center species 6
     Calculating kernels for center species 6
Beginning first index add...
Beginning second index add...
Training kernel done
Computing test kernel
     Calculating kernels for center species 1
     Calculating kernels for center species 1
Beginning first index add...
Beginning second index add...
     Calculating kernels for center species 6
     Calculating kernels for center species 6
Beginning first index add...
Beginning second index add...
Test kernel done
Calculating composition features
Composition features done
-8.0 9.65068725779201
-7.8 9.633158057932278
-7.6 9.605879367652753
-7.4 9.563850409570673
-7.2 9.500051010905754
-7.0 9.40526190595403
-6.8 9.268552911761505
-6.6 9.078906034169284
-6.4 8.82805539369187
-6.2 8.513733109540002
-6.0 8.141719440264087
-5.8 7.7255201865036245
-5.6 7.284395500143368
-5.4 6.841726021182602
-5.199999999999999 6.42370242402896
-5.0 6.055923524450986
-4.8 5.758008342068963
-4.6 5.540177660786383
-4.4 5.404297890708285
-4.199999999999999 5.347621596320285
-4.0 5.366015367346602
-3.8 5.455295480556351
-3.5999999999999996 5.611025712957354
-3.3999999999999995 5.827249305466505
-3.1999999999999993 6.095240139706909
-3.0 6.404248993852898
-2.8 6.744523883433053
-2.5999999999999996 7.110262614226588
-2.3999999999999995 7.500242293508719
-2.1999999999999993 7.915841782887976
-2.0 8.357910432884276
-1.7999999999999998 8.825319792252497
-1.5999999999999996 9.318116536509251
-1.3999999999999995 9.844887107584908
-1.1999999999999993 10.429400352300561
-1.0 11.111225329627514
-0.7999999999999998 11.938942842696367
-0.5999999999999996 12.958483569856487
-0.39999999999999947 14.201103480700306
-0.1999999999999993 15.676221624232038
0.0 17.375476841153272
0.20000000000000107 19.29269961270567
0.40000000000000036 21.453862516224937
0.5999999999999996 23.937195499763977
0.8000000000000007 26.85504561869175
1.0 30.28455300236384
1.200000000000001 34.19385187216075
1.4000000000000004 38.441571415253506
1.6000000000000014 42.85025651832555
1.8000000000000007 47.27746826304825
2.0 51.63514147087861
2.200000000000001 55.85716016820992
2.4000000000000004 59.84448482377744
2.6000000000000014 63.44866087311656
2.8000000000000007 66.52441663823033
3.0 68.99700280635808
3.200000000000001 70.88104561702428
3.4000000000000004 72.25416618595261
3.6000000000000014 73.22081982743444
3.8000000000000007 73.8857432129306
4.0 74.3388309813523
Result sigma optimization:  -4.199999999999999 5.347621596320285
E_max_2 =  600
Cutoff Radius =  6.0
Selected Radial Transform =  2.0
factor =  0.2
displacement =  0.0
dataset =  datasets/random-ch4-10k.extxyz
n_train =  2000
n_test =  2000
Train RMSE: 1.2187430092752434 [Train MAE: 0.9188777292941067]
Test RMSE: 7.870509012587992 [Test MAE: 3.769771582411733]
FINISHED at Wed Jan 11 01:40:41 CET 2023
