STARTING AT Sat Nov 26 13:19:03 CET 2022
Random seed: 1000
8 22
Reading dataset
Shuffling and extracting from dataset (length: 10000)
Shuffling and extraction done
Calculating power spectrum
Expansion coefficients done
Computing training kernel
     Calculating kernels for center species 1
     Calculating kernels for center species 6
Training kernel done
Computing test kernel
     Calculating kernels for center species 1
     Calculating kernels for center species 6
Test kernel done
Calculating composition features
Composition features done
-8.0 73.21036043484555
-7.8 73.67856794889542
-7.6 73.98315919011569
-7.4 74.17912336870799
-7.2 74.30430884208533
-7.0 74.38391732256375
-6.8 74.43439603100168
-6.6 74.4663451667933
-6.4 74.48654387706547
-6.2 74.49930494642214
-6.0 74.50736289119351
-5.8 74.51244820498115
-5.6 74.51566005713161
-5.4 74.5176856105314
-5.199999999999999 74.5189638196211
-5.0 74.5197696084737
-4.8 74.52028037722349
-4.6 74.52060075911895
-4.4 74.52080288416114
-4.199999999999999 74.52093162326945
-4.0 74.52101171817247
-3.8 74.52106308789482
-3.5999999999999996 74.52109495807211
-3.3999999999999995 74.52111550594235
-3.1999999999999993 74.52112766692409
-3.0 74.52113626347897
-2.8 74.52114150528023
-2.5999999999999996 74.52114506970489
-2.3999999999999995 74.5211465374091
-2.1999999999999993 74.52114758576923
-2.0 74.52114926314542
-1.7999999999999998 74.52115010183351
-1.5999999999999996 74.52115052117755
-1.3999999999999995 74.52115052117755
-1.1999999999999993 74.52115052117755
-1.0 74.52115052117755
-0.7999999999999998 74.52115052117755
-0.5999999999999996 74.52115052117755
-0.39999999999999947 74.52115052117755
-0.1999999999999993 74.52115052117755
0.0 74.52115052117755
0.20000000000000107 74.52115052117755
0.40000000000000036 74.52115052117755
0.5999999999999996 74.52115052117755
0.8000000000000007 74.52115052117755
1.0 74.52115052117755
1.200000000000001 74.52115052117755
1.4000000000000004 74.52115052117755
1.6000000000000014 74.52115052117755
1.8000000000000007 74.52115052117755
2.0 74.52115052117755
2.200000000000001 74.52115052117755
2.4000000000000004 74.52115052117755
2.6000000000000014 74.52115052117755
2.8000000000000007 74.52115052117755
3.0 74.52115052117755
3.200000000000001 74.52115052117755
3.4000000000000004 74.52115052117755
3.6000000000000014 74.52115052117755
3.8000000000000007 74.52115052117755
4.0 74.52115052117755
Result sigma optimization:  -8.0 73.21036043484555
E_max_2 =  800
Cutoff Radius =  6.0
Selected Radial Transform =  2.0
factor =  2.4
displacement =  0.0
dataset =  datasets/random-ch4-10k.extxyz
n_train =  1000
n_test =  1000
Train RMSE: 72.7030029296875 [Train MAE: 50.28103256225586]
Test RMSE: 74.8079605102539 [Test MAE: 50.367347717285156]
FINISHED at Sat Nov 26 13:33:07 CET 2022
