STARTING AT Mon Nov 28 18:22:35 CET 2022
Random seed: 1000
6 14
Reading dataset
Shuffling and extracting from dataset (length: 105092)
Shuffling and extraction done
Calculating power spectrum
Expansion coefficients done
Computing training kernel
     Calculating kernels for center species 79
Training kernel done
Computing test kernel
     Calculating kernels for center species 79
Test kernel done
Calculating composition features
Composition features done
-8.0 1848202.5436408857
-7.8 54717.8092777845
-7.6 78488.84742300653
-7.4 30520.61443575473
-7.2 52116.47003364676
-7.0 59576.99331950212
-6.8 172717.24568683928
-6.6 5229.7457758479995
-6.4 3656.9564044434546
-6.2 1617.8313162996938
-6.0 369984.60598913574
-5.8 3653.9799320740667
-5.6 13119.357379231653
-5.4 1475.8065957299418
-5.199999999999999 2530.2543146885455
-5.0 369.2044420101145
-4.8 341.64613344804593
-4.6 329.01628683091053
-4.4 320.1176682096757
-4.199999999999999 311.9793719142341
-4.0 310.607846005216
-3.8 311.22874545902727
-3.5999999999999996 315.2137631830184
-3.3999999999999995 321.25576337242575
-3.1999999999999993 330.53372974629985
-3.0 343.4774264780729
-2.8 361.71774493380883
-2.5999999999999996 387.00120671646494
-2.3999999999999995 420.10124732021444
-2.1999999999999993 460.73899986868923
-2.0 508.0552962030806
-1.7999999999999998 561.6852980094815
-1.5999999999999996 622.7667765704911
-1.3999999999999995 693.6428461391351
-1.1999999999999993 776.619317297735
-1.0 873.2631470524792
-0.7999999999999998 984.8012591381065
-0.5999999999999996 1112.314347655374
-0.39999999999999947 1255.9237811268645
-0.1999999999999993 1414.115186256056
0.0 1583.9420292422321
0.20000000000000107 1761.6476651135436
0.40000000000000036 1944.2775645467907
0.5999999999999996 2133.282713566113
0.8000000000000007 2337.7736691134155
1.0 2571.7568718679454
1.200000000000001 2842.858966603866
1.4000000000000004 3140.894996016263
1.6000000000000014 3440.011813933202
1.8000000000000007 3714.773343287582
2.0 3955.755608224553
2.200000000000001 4174.344944060086
2.4000000000000004 4397.051259196326
2.6000000000000014 4651.776407352357
2.8000000000000007 4949.634924719196
3.0 5274.2977208345
3.200000000000001 5590.784463024845
3.4000000000000004 5866.345309986448
3.6000000000000014 6084.467200996321
3.8000000000000007 6245.025606993137
4.0 6357.230209454428
Result sigma optimization:  -4.0 310.607846005216
E_max_2 =  400
Cutoff Radius =  6.0
Selected Radial Transform =  2.0
factor =  0.3
displacement =  0.0
dataset =  datasets/gold.xyz
n_train =  500
n_test =  500
Train RMSE: 146.42791748046875 [Train MAE: 102.37371063232422]
Test RMSE: 282.7432861328125 [Test MAE: 195.98187255859375]
FINISHED at Mon Nov 28 18:33:24 CET 2022
