STARTING AT Mon Nov 28 18:40:15 CET 2022
Random seed: 1000
6 14
Reading dataset
Shuffling and extracting from dataset (length: 10000)
Shuffling and extraction done
Calculating power spectrum
Expansion coefficients done
Computing training kernel
     Calculating kernels for center species 1
     Calculating kernels for center species 6
Training kernel done
Computing test kernel
     Calculating kernels for center species 1
     Calculating kernels for center species 6
Test kernel done
Calculating composition features
Composition features done
-8.0 31.180760794919678
-7.8 31.235182721547147
-7.6 31.09873284509053
-7.4 31.07610771482048
-7.2 30.98708707558178
-7.0 30.743141384502334
-6.8 30.48585047364699
-6.6 30.187335597378414
-6.4 29.60043542490127
-6.2 28.88971777239698
-6.0 28.071010089091466
-5.8 27.071143629015978
-5.6 25.95932207959274
-5.4 24.83704609825248
-5.199999999999999 23.717189414651745
-5.0 22.656925873539475
-4.8 21.695140337361558
-4.6 20.933230651474044
-4.4 20.322709813892622
-4.199999999999999 19.870584968054068
-4.0 19.49982421795771
-3.8 19.19361013259035
-3.5999999999999996 18.918652504807426
-3.3999999999999995 18.663485458325436
-3.1999999999999993 18.458108503615694
-3.0 18.360792099564698
-2.8 18.44656403261526
-2.5999999999999996 18.789237382242263
-2.3999999999999995 19.459282785432702
-2.1999999999999993 20.529622985380783
-2.0 22.071979240161607
-1.7999999999999998 24.143948234042522
-1.5999999999999996 26.769470972954903
-1.3999999999999995 29.91693585214318
-1.1999999999999993 33.48954897613582
-1.0 37.347458550164426
-0.7999999999999998 41.333407814533025
-0.5999999999999996 45.26550502659282
-0.39999999999999947 48.93447276716078
-0.1999999999999993 52.17344279240637
0.0 54.969871293282104
0.20000000000000107 57.49346552544037
0.40000000000000036 59.97546112786462
0.5999999999999996 62.53081527834896
0.8000000000000007 65.08450468429487
1.0 67.4497882687559
1.200000000000001 69.4571860033215
1.4000000000000004 71.0293500075849
1.6000000000000014 72.1821259904417
1.8000000000000007 72.9863591707382
2.0 73.52806309498436
2.200000000000001 73.88443277341987
2.4000000000000004 74.11531260475125
2.6000000000000014 74.26343628428461
2.8000000000000007 74.35788458529466
3.0 74.4178723073295
3.200000000000001 74.45588123177376
3.4000000000000004 74.47992556722919
3.6000000000000014 74.495122743036
3.8000000000000007 74.50472300465253
4.0 74.51078067971103
Result sigma optimization:  -3.0 18.360792099564698
E_max_2 =  400
Cutoff Radius =  6.0
Selected Radial Transform =  0.0
factor =  1.0
displacement =  0.0
dataset =  datasets/random-ch4-10k.extxyz
n_train =  1000
n_test =  1000
Train RMSE: 7.0208845138549805 [Train MAE: 4.774727821350098]
Test RMSE: 16.092771530151367 [Test MAE: 8.269998550415039]
FINISHED at Mon Nov 28 18:52:09 CET 2022
