STARTING AT Mon Nov 28 18:41:22 CET 2022
Random seed: 1000
8 22
Reading dataset
Shuffling and extracting from dataset (length: 10000)
Shuffling and extraction done
Calculating power spectrum
Expansion coefficients done
Computing training kernel
     Calculating kernels for center species 1
     Calculating kernels for center species 6
Training kernel done
Computing test kernel
     Calculating kernels for center species 1
     Calculating kernels for center species 6
Test kernel done
Calculating composition features
Composition features done
-8.0 22.948946245722535
-7.8 22.95319566871354
-7.6 22.946948656340318
-7.4 22.935960747484643
-7.2 22.950423279559303
-7.0 22.948509544892698
-6.8 22.941275798305252
-6.6 22.951365944763914
-6.4 22.945973964759183
-6.2 22.940985823769783
-6.0 22.933546246863592
-5.8 22.937000973795048
-5.6 22.94025920052997
-5.4 22.946728963344373
-5.199999999999999 22.936977110014137
-5.0 22.948568972184162
-4.8 22.928524565909846
-4.6 22.91302060365664
-4.4 22.913662926962783
-4.199999999999999 22.890401086788813
-4.0 22.875111370545145
-3.8 22.864642912317972
-3.5999999999999996 22.86811906626573
-3.3999999999999995 22.89109598491573
-3.1999999999999993 22.97071149150111
-3.0 23.102977826952444
-2.8 23.27795004926537
-2.5999999999999996 23.48280200986192
-2.3999999999999995 23.67480647071442
-2.1999999999999993 23.802170649684847
-2.0 23.801126395105364
-1.7999999999999998 23.636377809576306
-1.5999999999999996 23.296959297298866
-1.3999999999999995 22.84920826548209
-1.1999999999999993 22.43807554972128
-1.0 22.22881088144674
-0.7999999999999998 22.35237327042282
-0.5999999999999996 22.862755517298215
-0.39999999999999947 23.77211979793767
-0.1999999999999993 25.114680094518423
0.0 26.985478227303105
0.20000000000000107 29.512182799544835
0.40000000000000036 32.77632172201451
0.5999999999999996 36.741795959268245
0.8000000000000007 41.22869667704159
1.0 45.94072650233668
1.200000000000001 50.53813921806975
1.4000000000000004 54.72007001548883
1.6000000000000014 58.27320715281595
1.8000000000000007 61.09407026770274
2.0 63.22090215071278
2.200000000000001 64.85030141603043
2.4000000000000004 66.2630506013721
2.6000000000000014 67.66699666380946
2.8000000000000007 69.09333406704297
3.0 70.44080693213274
3.200000000000001 71.59441559053332
3.4000000000000004 72.49930452252627
3.6000000000000014 73.16314667405989
3.8000000000000007 73.62729559239563
4.0 73.94108190816523
Result sigma optimization:  -1.0 22.22881088144674
E_max_2 =  800
Cutoff Radius =  6.0
Selected Radial Transform =  0.0
factor =  1.0
displacement =  0.3
dataset =  datasets/random-ch4-10k.extxyz
n_train =  1000
n_test =  1000
Train RMSE: 8.272462844848633 [Train MAE: 6.073802471160889]
Test RMSE: 17.720685958862305 [Test MAE: 9.541390419006348]
FINISHED at Mon Nov 28 18:48:38 CET 2022
