STARTING AT Tue Jan 10 09:24:42 CET 2023
Random seed: 1000
7 18
Reading dataset
Shuffling and extracting from dataset (length: 105092)
Shuffling and extraction done
Calculating power spectrum
Expansion coefficients done
Computing training kernel
     Calculating kernels for center species 79
     Calculating kernels for center species 79
Beginning first index add...
Beginning second index add...
Training kernel done
Computing test kernel
     Calculating kernels for center species 79
     Calculating kernels for center species 79
Beginning first index add...
Beginning second index add...
Test kernel done
Calculating composition features
Composition features done
-8.0 1205.0355711016448
-7.8 1203.855739007526
-7.6 1201.9971633481928
-7.4 1199.076857144276
-7.2 1194.51142419275
-7.0 1187.4347492279899
-6.8 1176.5928668831423
-6.6 1160.29108996809
-6.4 1136.4526996282254
-6.2 1102.9914796419491
-6.0 1058.6225759667211
-5.8 1004.0949502292286
-5.6 943.1892066366411
-5.4 882.4719562757728
-5.199999999999999 829.3655263253402
-5.0 789.4701073696663
-4.8 764.713438882169
-4.6 753.1907850120882
-4.4 750.5453668617197
-4.199999999999999 752.0082798137693
-4.0 754.0859115158438
-3.8 755.398864901756
-3.5999999999999996 756.5737442350836
-3.3999999999999995 759.159857662811
-3.1999999999999993 764.0801072045424
-3.0 770.7585693217264
-2.8 777.3134994300012
-2.5999999999999996 781.0156931404155
-2.3999999999999995 778.6244655399689
-2.1999999999999993 767.1158871923166
-2.0 744.9175650699208
-1.7999999999999998 712.7683939623822
-1.5999999999999996 673.2707686945342
-1.3999999999999995 629.4847725742052
-1.1999999999999993 584.0285893543926
-1.0 539.2484259794782
-0.7999999999999998 497.47593813519705
-0.5999999999999996 460.7132780903723
-0.39999999999999947 430.1616928575309
-0.1999999999999993 406.01246594909816
0.0 387.5659302939334
0.20000000000000107 373.6537290668506
0.40000000000000036 363.1565205757789
0.5999999999999996 355.3030961319313
0.8000000000000007 349.6239821275889
1.0 345.6975352177422
1.200000000000001 342.98171653803735
1.4000000000000004 340.9411784297255
1.6000000000000014 339.38410782813287
1.8000000000000007 338.7309406123705
2.0 340.02571024951743
2.200000000000001 344.6591852255121
2.4000000000000004 353.8546803892633
2.6000000000000014 368.0903155802111
2.8000000000000007 386.8032139863447
3.0 408.67826147229425
3.200000000000001 432.37233540281466
3.4000000000000004 457.0007573374401
3.6000000000000014 481.9108116308961
3.8000000000000007 506.20178793574127
4.0 528.8093241751852
Result sigma optimization:  1.8000000000000007 338.7309406123705
E_max_2 =  600
Cutoff Radius =  6.0
Selected Radial Transform =  14.0
factor =  0.1
displacement =  0.0
dataset =  datasets/gold.xyz
n_train =  100
n_test =  2000
Train RMSE: 298.977581823392 [Train MAE: 192.79029003914263]
Test RMSE: 333.8951091253246 [Test MAE: 232.4823569596233]
FINISHED at Tue Jan 10 09:25:01 CET 2023
