STARTING AT Tue Jan 10 09:11:49 CET 2023
Random seed: 1000
7 18
Reading dataset
Shuffling and extracting from dataset (length: 133885)
Shuffling and extraction done
Calculating power spectrum
Expansion coefficients done
Computing training kernel
     Calculating kernels for center species 1
     Calculating kernels for center species 1
Beginning first index add...
Beginning second index add...
     Calculating kernels for center species 6
     Calculating kernels for center species 6
Beginning first index add...
Beginning second index add...
     Calculating kernels for center species 7
     Calculating kernels for center species 7
Beginning first index add...
Beginning second index add...
     Calculating kernels for center species 8
     Calculating kernels for center species 8
Beginning first index add...
Beginning second index add...
     Calculating kernels for center species 9
     Calculating kernels for center species 9
Beginning first index add...
Beginning second index add...
Training kernel done
Computing test kernel
     Calculating kernels for center species 1
     Calculating kernels for center species 1
Beginning first index add...
Beginning second index add...
     Calculating kernels for center species 6
     Calculating kernels for center species 6
Beginning first index add...
Beginning second index add...
     Calculating kernels for center species 7
     Calculating kernels for center species 7
Beginning first index add...
Beginning second index add...
     Calculating kernels for center species 8
     Calculating kernels for center species 8
Beginning first index add...
Beginning second index add...
     Calculating kernels for center species 9
     Calculating kernels for center species 9
Beginning first index add...
Beginning second index add...
Test kernel done
Calculating composition features
Composition features done
-8.0 6.309928111059417
-7.8 6.309926626608103
-7.6 6.309924273896686
-7.4 6.309920545074055
-7.2 6.309914635140412
-7.0 6.3099052683049015
-6.8 6.309890422083808
-6.6 6.309866890576341
-6.4 6.309829591076159
-6.2 6.309770463869135
-6.0 6.309676724731689
-5.8 6.3095280864122465
-5.6 6.309292331666438
-5.4 6.308918243032276
-5.199999999999999 6.3083242668231465
-5.0 6.307380252372022
-4.8 6.305877885686132
-4.6 6.303482682423273
-4.4 6.299656483094077
-4.199999999999999 6.2948499838195495
-4.0 6.290383673495381
-3.8 6.291367983010096
-3.5999999999999996 6.291782272629352
-3.3999999999999995 6.293201063358392
-3.1999999999999993 6.311179803328814
-3.0 6.398816606988748
-2.8 6.570541365760946
-2.5999999999999996 6.7756934551368975
-2.3999999999999995 7.043054275388967
-2.1999999999999993 7.374951142312366
-2.0 7.8772598632749755
-1.7999999999999998 8.492553704705278
-1.5999999999999996 9.285258991725522
-1.3999999999999995 10.187279299060474
-1.1999999999999993 11.132016624812
-1.0 12.136906488994208
-0.7999999999999998 13.169116348388341
-0.5999999999999996 14.167760326361376
-0.39999999999999947 15.0868209463527
-0.1999999999999993 15.885368849352783
0.0 16.608634250585336
0.20000000000000107 17.313207822752307
0.40000000000000036 17.949335666202693
0.5999999999999996 18.48025567692699
0.8000000000000007 18.885082785909677
1.0 19.177063367940523
1.200000000000001 19.357916646755566
1.4000000000000004 19.44550529439464
1.6000000000000014 19.473927388148137
1.8000000000000007 19.475295747027342
2.0 19.46240887855517
2.200000000000001 19.443727135421696
2.4000000000000004 19.422720222370632
2.6000000000000014 19.399695063260186
2.8000000000000007 19.373814215898737
3.0 19.34455874229335
3.200000000000001 19.31265637162663
3.4000000000000004 19.280241600279652
3.6000000000000014 19.250104135638892
3.8000000000000007 19.224511972460224
4.0 19.20446727792993
Result sigma optimization:  -4.0 6.290383673495381
E_max_2 =  600
Cutoff Radius =  6.0
Selected Radial Transform =  14.0
factor =  1.6
displacement =  0.0
dataset =  datasets/qm9.xyz
n_train =  100
n_test =  2000
Train RMSE: 0.24449321211508704 [Train MAE: 0.18610000926482997]
Test RMSE: 10.514649654846679 [Test MAE: 6.722270912459702]
FINISHED at Tue Jan 10 09:12:29 CET 2023
