STARTING AT Tue Jan 10 09:25:03 CET 2023
Random seed: 1000
6 14
Reading dataset
Shuffling and extracting from dataset (length: 105092)
Shuffling and extraction done
Calculating power spectrum
Expansion coefficients done
Computing training kernel
     Calculating kernels for center species 79
     Calculating kernels for center species 79
Beginning first index add...
Beginning second index add...
Training kernel done
Computing test kernel
     Calculating kernels for center species 79
     Calculating kernels for center species 79
Beginning first index add...
Beginning second index add...
Test kernel done
Calculating composition features
Composition features done
-8.0 430.0477969714324
-7.8 442.29141918362325
-7.6 450.957866933074
-7.4 456.88596665868954
-7.2 460.83835728927886
-7.0 463.42613234326524
-6.8 465.1003883412849
-6.6 466.1768363651197
-6.4 466.8696955419841
-6.2 467.323454969614
-6.0 467.63988196523434
-5.8 467.9032200540974
-5.6 468.21138352153747
-5.4 468.72863245424026
-5.199999999999999 469.7882886675844
-5.0 472.0892938474806
-4.8 477.01944055679155
-4.6 487.01218493309113
-4.4 505.4891858804158
-4.199999999999999 535.6002278376394
-4.0 577.7264153889101
-3.8 627.8264970101616
-3.5999999999999996 678.916199876929
-3.3999999999999995 724.5715514836949
-3.1999999999999993 761.3109156598899
-3.0 788.6516649966602
-2.8 807.8984116720534
-2.5999999999999996 820.9414939812376
-2.3999999999999995 829.5591170610605
-2.1999999999999993 835.159059527349
-2.0 838.7591025859631
-1.7999999999999998 841.0573841964363
-1.5999999999999996 842.5178066903577
-1.3999999999999995 843.4425955570795
-1.1999999999999993 844.0261393981374
-1.0 844.3923043937423
-0.7999999999999998 844.619295695688
-0.5999999999999996 844.7557883598265
-0.39999999999999947 844.8311433757212
-0.1999999999999993 844.8616533966085
0.0 844.8540829070671
0.20000000000000107 844.8072852362426
0.40000000000000036 844.7123756055367
0.5999999999999996 844.5518320773583
0.8000000000000007 844.2980789574656
1.0 843.9127657250423
1.200000000000001 843.3492337390412
1.4000000000000004 842.5620897861075
1.6000000000000014 841.5271237327938
1.8000000000000007 840.267901761669
2.0 838.8721614750557
2.200000000000001 837.4760110927203
2.4000000000000004 836.2156385789821
2.6000000000000014 835.1789300021097
2.8000000000000007 834.3894935171703
3.0 833.8229335563586
3.200000000000001 833.4333872198188
3.4000000000000004 833.1733769116972
3.6000000000000014 833.0032461141518
3.8000000000000007 832.8933698638106
4.0 832.8230053451749
Result sigma optimization:  -8.0 430.0477969714324
E_max_2 =  400
Cutoff Radius =  6.0
Selected Radial Transform =  14.0
factor =  2.5
displacement =  0.0
dataset =  datasets/gold.xyz
n_train =  100
n_test =  2000
Train RMSE: 414.2831147068152 [Train MAE: 327.9489652710535]
Test RMSE: 390.2936042487807 [Test MAE: 303.5625839145748]
FINISHED at Tue Jan 10 09:25:21 CET 2023
