STARTING AT Tue Jan 10 09:31:34 CET 2023
Random seed: 1000
8 20
Reading dataset
Shuffling and extracting from dataset (length: 10000)
Shuffling and extraction done
Calculating power spectrum
Expansion coefficients done
Computing training kernel
     Calculating kernels for center species 1
     Calculating kernels for center species 1
Beginning first index add...
Beginning second index add...
     Calculating kernels for center species 6
     Calculating kernels for center species 6
Beginning first index add...
Beginning second index add...
Training kernel done
Computing test kernel
     Calculating kernels for center species 1
     Calculating kernels for center species 1
Beginning first index add...
Beginning second index add...
     Calculating kernels for center species 6
     Calculating kernels for center species 6
Beginning first index add...
Beginning second index add...
Test kernel done
Calculating composition features
Composition features done
-8.0 218.0049362026149
-7.8 173.72587252374345
-7.6 137.5301373605358
-7.4 109.71983455620935
-7.2 89.58230619481343
-7.0 75.55932490016514
-6.8 65.82713337584669
-6.6 58.86789198742234
-6.4 53.67427503462508
-6.2 49.62011133209601
-6.0 46.27949610771365
-5.8 43.3595242259099
-5.6 40.71666515814876
-5.4 38.35964594588257
-5.199999999999999 36.37555446402309
-5.0 34.80738216728306
-4.8 33.58201499605343
-4.6 32.548992287545694
-4.4 31.585402150255977
-4.199999999999999 30.678939070832815
-4.0 29.938297385652273
-3.8 29.526242390545978
-3.5999999999999996 29.552411086094484
-3.3999999999999995 30.00405266459798
-3.1999999999999993 30.76876191077221
-3.0 31.715159747152644
-2.8 32.75555452251755
-2.5999999999999996 33.850856136084346
-2.3999999999999995 34.977958891638345
-2.1999999999999993 36.113386850098294
-2.0 37.261439257313015
-1.7999999999999998 38.50434097674844
-1.5999999999999996 40.03822170314372
-1.3999999999999995 42.156875875117215
-1.1999999999999993 45.132735212518284
-1.0 49.01535461751577
-0.7999999999999998 53.52338793428005
-0.5999999999999996 58.17597068711807
-0.39999999999999947 62.540414502800104
-0.1999999999999993 66.36643843311296
0.0 69.55931161632421
0.20000000000000107 72.1074029180203
0.40000000000000036 74.04811951362402
0.5999999999999996 75.45930634732963
0.8000000000000007 76.44410382728726
1.0 77.10859325300873
1.200000000000001 77.54475069715399
1.4000000000000004 77.82355725916658
1.6000000000000014 77.99554717241529
1.8000000000000007 78.09467606775688
2.0 78.14291269798862
2.200000000000001 78.15453231833007
2.4000000000000004 78.13981257616292
2.6000000000000014 78.10774866217326
2.8000000000000007 78.06713454133458
3.0 78.02585297839084
3.200000000000001 77.98944972421886
3.4000000000000004 77.96048548741996
3.6000000000000014 77.93909959398266
3.8000000000000007 77.92412158985923
4.0 77.91400425484045
Result sigma optimization:  -3.8 29.526242390545978
E_max_2 =  700
Cutoff Radius =  6.0
Selected Radial Transform =  14.0
factor =  3.0
displacement =  0.0
dataset =  datasets/random-ch4-10k.extxyz
n_train =  100
n_test =  2000
Train RMSE: 19.67406100059796 [Train MAE: 14.954637292205163]
Test RMSE: 37.5712813556676 [Test MAE: 23.934184620999222]
FINISHED at Tue Jan 10 09:31:40 CET 2023
