STARTING AT Tue Jan 10 09:24:56 CET 2023
Random seed: 1000
6 14
Reading dataset
Shuffling and extracting from dataset (length: 105092)
Shuffling and extraction done
Calculating power spectrum
Expansion coefficients done
Computing training kernel
     Calculating kernels for center species 79
     Calculating kernels for center species 79
Beginning first index add...
Beginning second index add...
Training kernel done
Computing test kernel
     Calculating kernels for center species 79
     Calculating kernels for center species 79
Beginning first index add...
Beginning second index add...
Test kernel done
Calculating composition features
Composition features done
-8.0 169.99880167091703
-7.8 175.59062847769843
-7.6 182.59181525482012
-7.4 190.6731373282071
-7.2 199.1622118977929
-7.0 207.19255879347574
-6.8 214.05510873163485
-6.6 219.43140731219478
-6.4 223.37597488736876
-6.2 226.17840167308435
-6.0 228.27650667626472
-5.8 230.28273779129185
-5.6 233.07437537081165
-5.4 237.82026179103843
-5.199999999999999 245.78041267057094
-5.0 257.8094374433856
-4.8 273.79726151194217
-4.6 292.5620299142267
-4.4 312.4332592676691
-4.199999999999999 332.01114559142115
-4.0 350.4353875356808
-3.8 367.1881822985434
-3.5999999999999996 381.88390762204557
-3.3999999999999995 394.24090989040815
-3.1999999999999993 404.1508589397369
-3.0 411.7460587698242
-2.8 417.4133668342359
-2.5999999999999996 421.7751392842423
-2.3999999999999995 425.73447736810795
-2.1999999999999993 430.6892588858325
-2.0 438.9285894951954
-1.7999999999999998 453.9491285141698
-1.5999999999999996 479.9233604401126
-1.3999999999999995 519.5261519718449
-1.1999999999999993 571.1192210402902
-1.0 628.3524857876881
-0.7999999999999998 683.2615689710137
-0.5999999999999996 729.9812828532563
-0.39999999999999947 766.211398040985
-0.1999999999999993 792.4598217456893
0.0 810.582720821033
0.20000000000000107 822.6773735150887
0.40000000000000036 830.5427013820523
0.5999999999999996 835.5300635705381
0.8000000000000007 838.576879619773
1.0 840.2968961706088
1.200000000000001 841.0727939649851
1.4000000000000004 841.1370777885304
1.6000000000000014 840.6430990976635
1.8000000000000007 839.7266407927181
2.0 838.5460495904944
2.200000000000001 837.2824929254002
2.4000000000000004 836.101875976635
2.6000000000000014 835.112091081759
2.8000000000000007 834.3499288661618
3.0 833.7992296464668
3.200000000000001 833.4190016688799
3.4000000000000004 833.1645474537132
3.6000000000000014 832.9977790518204
3.8000000000000007 832.8899632401464
4.0 832.8208733592061
Result sigma optimization:  -8.0 169.99880167091703
E_max_2 =  400
Cutoff Radius =  6.0
Selected Radial Transform =  14.0
factor =  1.5
displacement =  0.0
dataset =  datasets/gold.xyz
n_train =  100
n_test =  2000
Train RMSE: 130.42604802623697 [Train MAE: 100.51200124796763]
Test RMSE: 159.45050458241158 [Test MAE: 123.63889499869464]
FINISHED at Tue Jan 10 09:25:15 CET 2023
