STARTING AT Tue Jan 10 09:11:21 CET 2023
Random seed: 1000
8 20
Reading dataset
Shuffling and extracting from dataset (length: 133885)
Shuffling and extraction done
Calculating power spectrum
Expansion coefficients done
Computing training kernel
     Calculating kernels for center species 1
     Calculating kernels for center species 1
Beginning first index add...
Beginning second index add...
     Calculating kernels for center species 6
     Calculating kernels for center species 6
Beginning first index add...
Beginning second index add...
     Calculating kernels for center species 7
     Calculating kernels for center species 7
Beginning first index add...
Beginning second index add...
     Calculating kernels for center species 8
     Calculating kernels for center species 8
Beginning first index add...
Beginning second index add...
     Calculating kernels for center species 9
     Calculating kernels for center species 9
Beginning first index add...
Beginning second index add...
Training kernel done
Computing test kernel
     Calculating kernels for center species 1
     Calculating kernels for center species 1
Beginning first index add...
Beginning second index add...
     Calculating kernels for center species 6
     Calculating kernels for center species 6
Beginning first index add...
Beginning second index add...
     Calculating kernels for center species 7
     Calculating kernels for center species 7
Beginning first index add...
Beginning second index add...
     Calculating kernels for center species 8
     Calculating kernels for center species 8
Beginning first index add...
Beginning second index add...
     Calculating kernels for center species 9
     Calculating kernels for center species 9
Beginning first index add...
Beginning second index add...
Test kernel done
Calculating composition features
Composition features done
-8.0 8.894133364536835
-7.8 8.894133368719016
-7.6 8.894133375347643
-7.4 8.894133385853587
-7.2 8.894133402503584
-7.0 8.894133428892324
-6.8 8.89413347071577
-6.6 8.894133537001597
-6.4 8.894133642057302
-6.2 8.894133808559303
-6.0 8.8941340724471
-5.8 8.894134490681134
-5.6 8.894135153536348
-5.4 8.894136204088785
-5.199999999999999 8.894137869097872
-5.0 8.894140507946682
-4.8 8.894144690209302
-4.6 8.89415131857028
-4.4 8.894161823617933
-4.199999999999999 8.894178472503645
-4.0 8.894204857970434
-3.8 8.894246673004089
-3.5999999999999996 8.894312937549723
-3.3999999999999995 8.894417940147555
-3.1999999999999993 8.894584308761774
-3.0 8.894847861513966
-2.8 8.895265253977582
-2.5999999999999996 8.895925997704092
-2.3999999999999995 8.896971254542
-2.1999999999999993 8.898622992048065
-2.0 8.901228628257593
-1.7999999999999998 8.90532795161593
-1.5999999999999996 8.911749890745737
-1.3999999999999995 8.9217438668913
-1.1999999999999993 8.937137558179849
-1.0 8.960477670407505
-0.7999999999999998 8.995036488945367
-0.5999999999999996 9.044453673603664
-0.39999999999999947 9.114432395488615
-0.1999999999999993 9.223869719585146
0.0 9.372181228346946
0.20000000000000107 9.565744885402642
0.40000000000000036 9.834594264765371
0.5999999999999996 10.214908224714156
0.8000000000000007 10.689638863671325
1.0 11.272425100329599
1.200000000000001 11.944983397069006
1.4000000000000004 12.781601910687439
1.6000000000000014 13.766867032965894
1.8000000000000007 14.764795717993984
2.0 15.779896506845287
2.200000000000001 16.740793616370226
2.4000000000000004 17.54378088321506
2.6000000000000014 18.155479568609678
2.8000000000000007 18.59571408548288
3.0 18.8910472759166
3.200000000000001 19.08181593849961
3.4000000000000004 19.196594027903828
3.6000000000000014 19.26105029411578
3.8000000000000007 19.290715755372904
4.0 19.296398724157658
Result sigma optimization:  -8.0 8.894133364536835
E_max_2 =  700
Cutoff Radius =  6.0
Selected Radial Transform =  14.0
factor =  0.6
displacement =  0.0
dataset =  datasets/qm9.xyz
n_train =  100
n_test =  2000
Train RMSE: 3.450301455863423e-08 [Train MAE: 2.568605332164364e-08]
Test RMSE: 12.86150877465739 [Test MAE: 8.66503088188191]
FINISHED at Tue Jan 10 09:12:05 CET 2023
