STARTING AT Tue Jan 10 09:11:33 CET 2023
Random seed: 1000
7 18
Reading dataset
Shuffling and extracting from dataset (length: 133885)
Shuffling and extraction done
Calculating power spectrum
Expansion coefficients done
Computing training kernel
     Calculating kernels for center species 1
     Calculating kernels for center species 1
Beginning first index add...
Beginning second index add...
     Calculating kernels for center species 6
     Calculating kernels for center species 6
Beginning first index add...
Beginning second index add...
     Calculating kernels for center species 7
     Calculating kernels for center species 7
Beginning first index add...
Beginning second index add...
     Calculating kernels for center species 8
     Calculating kernels for center species 8
Beginning first index add...
Beginning second index add...
     Calculating kernels for center species 9
     Calculating kernels for center species 9
Beginning first index add...
Beginning second index add...
Training kernel done
Computing test kernel
     Calculating kernels for center species 1
     Calculating kernels for center species 1
Beginning first index add...
Beginning second index add...
     Calculating kernels for center species 6
     Calculating kernels for center species 6
Beginning first index add...
Beginning second index add...
     Calculating kernels for center species 7
     Calculating kernels for center species 7
Beginning first index add...
Beginning second index add...
     Calculating kernels for center species 8
     Calculating kernels for center species 8
Beginning first index add...
Beginning second index add...
     Calculating kernels for center species 9
     Calculating kernels for center species 9
Beginning first index add...
Beginning second index add...
Test kernel done
Calculating composition features
Composition features done
-8.0 7.920675093523815
-7.8 7.920675142120132
-7.6 7.9206752191396586
-7.4 7.920675341207009
-7.2 7.920675534671956
-7.0 7.920675841291496
-6.8 7.920676327251401
-6.6 7.9206770974447736
-6.4 7.920678318115917
-6.2 7.920680252745962
-6.0 7.9206833189114665
-5.8 7.920688178423935
-5.6 7.920695880144006
-5.4 7.920708086325885
-5.199999999999999 7.920727431266885
-5.0 7.920758089544713
-4.8 7.920806676147534
-4.6 7.920883671956537
-4.4 7.921005680072866
-4.199999999999999 7.9211989946293695
-4.0 7.921505238809159
-3.8 7.921990255031884
-3.5999999999999996 7.922758081222587
-3.3999999999999995 7.923972818103429
-3.1999999999999993 7.925892582178495
-3.0 7.928921579860804
-2.8 7.933688396370216
-2.5999999999999996 7.941951144286312
-2.3999999999999995 7.9565984138165335
-2.1999999999999993 7.979199757357054
-2.0 8.013579823302168
-1.7999999999999998 8.064791532692464
-1.5999999999999996 8.138829288527692
-1.3999999999999995 8.253012292571276
-1.1999999999999993 8.444250840830561
-1.0 8.719769575108524
-0.7999999999999998 9.079610950824156
-0.5999999999999996 9.531116926180939
-0.39999999999999947 10.086571314346735
-0.1999999999999993 10.671667815911032
0.0 11.386094688138641
0.20000000000000107 12.14016610007534
0.40000000000000036 12.906250876065057
0.5999999999999996 13.819471552941412
0.8000000000000007 14.67900139800075
1.0 15.559232284576368
1.200000000000001 16.49372768914474
1.4000000000000004 17.318062796121414
1.6000000000000014 18.00625259129362
1.8000000000000007 18.50860034858039
2.0 18.85192956083398
2.200000000000001 19.072121273244594
2.4000000000000004 19.21061480119197
2.6000000000000014 19.287231132638656
2.8000000000000007 19.323828959888225
3.0 19.3351268908427
3.200000000000001 19.33458969999978
3.4000000000000004 19.32241548349005
3.6000000000000014 19.301682087335823
3.8000000000000007 19.276187896757047
4.0 19.249830421999246
Result sigma optimization:  -8.0 7.920675093523815
E_max_2 =  600
Cutoff Radius =  6.0
Selected Radial Transform =  14.0
factor =  0.9
displacement =  0.0
dataset =  datasets/qm9.xyz
n_train =  100
n_test =  2000
Train RMSE: 3.996733189081792e-07 [Train MAE: 3.0103372884473147e-07]
Test RMSE: 11.882286981538076 [Test MAE: 7.953007878937432]
FINISHED at Tue Jan 10 09:12:17 CET 2023
