STARTING AT Tue Jan 10 09:25:11 CET 2023
Random seed: 1000
5 11
Reading dataset
Shuffling and extracting from dataset (length: 105092)
Shuffling and extraction done
Calculating power spectrum
Expansion coefficients done
Computing training kernel
     Calculating kernels for center species 79
     Calculating kernels for center species 79
Beginning first index add...
Beginning second index add...
Training kernel done
Computing test kernel
     Calculating kernels for center species 79
     Calculating kernels for center species 79
Beginning first index add...
Beginning second index add...
Test kernel done
Calculating composition features
Composition features done
-8.0 227.56973175610105
-7.8 226.73095699872528
-7.6 225.49262154820457
-7.4 223.72316861793732
-7.2 221.2942211894583
-7.0 218.09994689812356
-6.8 214.06265130901073
-6.6 209.1297049805887
-6.4 203.28266010813928
-6.2 196.55867643536592
-6.0 189.0632138448394
-5.8 180.97125103446268
-5.6 172.53315449441249
-5.4 164.07617420819005
-5.199999999999999 155.9566854127807
-5.0 148.4456075700639
-4.8 141.63775845574213
-4.6 135.55219716820883
-4.4 130.44148445272194
-4.199999999999999 127.02327506403606
-4.0 126.30110549157354
-3.8 129.03089572431574
-3.5999999999999996 135.28593940138535
-3.3999999999999995 144.43646537497673
-3.1999999999999993 155.42053631721834
-3.0 167.0586733067829
-2.8 178.3324070040041
-2.5999999999999996 188.62140659132083
-2.3999999999999995 197.79710375999184
-2.1999999999999993 206.07510544010705
-2.0 213.77089322539413
-1.7999999999999998 221.24759541189331
-1.5999999999999996 229.10586655771158
-1.3999999999999995 238.35340450491276
-1.1999999999999993 250.2847490017659
-1.0 266.00590123798634
-0.7999999999999998 285.83919970269653
-0.5999999999999996 309.2112051602592
-0.39999999999999947 335.42090841301456
-0.1999999999999993 364.60648810493586
0.0 397.6414477472581
0.20000000000000107 434.71962444851613
0.40000000000000036 474.10381947493516
0.5999999999999996 512.7072309633024
0.8000000000000007 548.1253470739978
1.0 580.1303843349665
1.200000000000001 610.3883222435537
1.4000000000000004 640.7305217161471
1.6000000000000014 671.3823931251733
1.8000000000000007 700.6953796313135
2.0 726.4948743859679
2.200000000000001 747.5481747546621
2.4000000000000004 764.0020450097692
2.6000000000000014 776.9404100031992
2.8000000000000007 787.6674430727331
3.0 797.1063288397696
3.200000000000001 805.5469464140172
3.4000000000000004 812.8263168648411
3.6000000000000014 818.716300034105
3.8000000000000007 823.1772545219112
4.0 826.3735014799037
Result sigma optimization:  -4.0 126.30110549157354
E_max_2 =  300
Cutoff Radius =  6.0
Selected Radial Transform =  16.0
factor =  0.3
displacement =  0.0
dataset =  datasets/gold.xyz
n_train =  100
n_test =  2000
Train RMSE: 37.58820284558111 [Train MAE: 25.494742990789856]
Test RMSE: 142.89902848523695 [Test MAE: 96.07787310356551]
FINISHED at Tue Jan 10 09:25:29 CET 2023
