STARTING AT Tue Jan 10 09:12:36 CET 2023
Random seed: 1000
5 11
Reading dataset
Shuffling and extracting from dataset (length: 133885)
Shuffling and extraction done
Calculating power spectrum
Expansion coefficients done
Computing training kernel
     Calculating kernels for center species 1
     Calculating kernels for center species 1
Beginning first index add...
Beginning second index add...
     Calculating kernels for center species 6
     Calculating kernels for center species 6
Beginning first index add...
Beginning second index add...
     Calculating kernels for center species 7
     Calculating kernels for center species 7
Beginning first index add...
Beginning second index add...
     Calculating kernels for center species 8
     Calculating kernels for center species 8
Beginning first index add...
Beginning second index add...
     Calculating kernels for center species 9
     Calculating kernels for center species 9
Beginning first index add...
Beginning second index add...
Training kernel done
Computing test kernel
     Calculating kernels for center species 1
     Calculating kernels for center species 1
Beginning first index add...
Beginning second index add...
     Calculating kernels for center species 6
     Calculating kernels for center species 6
Beginning first index add...
Beginning second index add...
     Calculating kernels for center species 7
     Calculating kernels for center species 7
Beginning first index add...
Beginning second index add...
     Calculating kernels for center species 8
     Calculating kernels for center species 8
Beginning first index add...
Beginning second index add...
     Calculating kernels for center species 9
     Calculating kernels for center species 9
Beginning first index add...
Beginning second index add...
Test kernel done
Calculating composition features
Composition features done
-8.0 8.801096237281927
-7.8 8.800837199927155
-7.6 8.80042677515783
-7.4 8.79977660150893
-7.2 8.798746912883416
-7.0 8.797116890127182
-6.8 8.794538297067884
-6.6 8.790463554411872
-6.4 8.784035587900398
-6.2 8.773922653440058
-6.0 8.758079212154607
-5.8 8.733420240884334
-5.6 8.696944926380075
-5.4 8.641705761137782
-5.199999999999999 8.559664464825929
-5.0 8.441630234314962
-4.8 8.280632885665419
-4.6 8.085469378817088
-4.4 7.855813354780803
-4.199999999999999 7.67073305058022
-4.0 7.633984294022466
-3.8 7.764717462959925
-3.5999999999999996 8.082762787300917
-3.3999999999999995 8.601203504086607
-3.1999999999999993 9.23334026468277
-3.0 9.985960329626103
-2.8 10.827187177609266
-2.5999999999999996 11.704143629297027
-2.3999999999999995 12.572562586378167
-2.1999999999999993 13.388342231686472
-2.0 14.26476034464077
-1.7999999999999998 15.144762968684963
-1.5999999999999996 15.936099365545502
-1.3999999999999995 16.660182499603323
-1.1999999999999993 17.3593273513952
-1.0 17.981437648855067
-0.7999999999999998 18.484669576187787
-0.5999999999999996 18.860109321404426
-0.39999999999999947 19.132474563603928
-0.1999999999999993 19.296193576127408
0.0 19.37896137649846
0.20000000000000107 19.411261568850225
0.40000000000000036 19.415542490806075
0.5999999999999996 19.41043707386389
0.8000000000000007 19.39909897826262
1.0 19.381681108384054
1.200000000000001 19.35898716068215
1.4000000000000004 19.331666715198526
1.6000000000000014 19.30128311194228
1.8000000000000007 19.27046389392216
2.0 19.24211963090712
2.200000000000001 19.218368052113917
2.4000000000000004 19.199991589682018
2.6000000000000014 19.18663973933924
2.8000000000000007 19.177377323967043
3.0 19.17115681351582
3.200000000000001 19.16706981845111
3.4000000000000004 19.164423179889415
3.6000000000000014 19.162725325848132
3.8000000000000007 19.16164269576299
4.0 19.16095502096343
Result sigma optimization:  -4.0 7.633984294022466
E_max_2 =  300
Cutoff Radius =  6.0
Selected Radial Transform =  16.0
factor =  1.3
displacement =  0.0
dataset =  datasets/qm9.xyz
n_train =  100
n_test =  2000
Train RMSE: 2.539371690060866 [Train MAE: 1.8287658049880164]
Test RMSE: 12.976696200637488 [Test MAE: 8.849506684051834]
FINISHED at Tue Jan 10 09:13:12 CET 2023
