STARTING AT Tue Jan 10 09:25:27 CET 2023
Random seed: 1000
8 20
Reading dataset
Shuffling and extracting from dataset (length: 105092)
Shuffling and extraction done
Calculating power spectrum
Expansion coefficients done
Computing training kernel
     Calculating kernels for center species 79
     Calculating kernels for center species 79
Beginning first index add...
Beginning second index add...
Training kernel done
Computing test kernel
     Calculating kernels for center species 79
     Calculating kernels for center species 79
Beginning first index add...
Beginning second index add...
Test kernel done
Calculating composition features
Composition features done
-8.0 183.9796977397811
-7.8 185.31176087119528
-7.6 186.14144573088475
-7.4 186.58137596000842
-7.2 186.79169914011482
-7.0 187.00608062644892
-6.8 187.6009462005031
-6.6 189.18511033955502
-6.4 192.66962790815418
-6.2 199.24282960779124
-6.0 210.14160355430965
-5.8 226.18524519980875
-5.6 247.3028632483036
-5.4 272.4004987835552
-5.199999999999999 299.57601267780376
-5.0 326.4929968368837
-4.8 350.910712501804
-4.6 371.2787265600392
-4.4 387.0505841017255
-4.199999999999999 398.54368022655814
-4.0 406.5436029860381
-3.8 411.9364450637584
-3.5999999999999996 415.4993118117912
-3.3999999999999995 417.8352875180213
-3.1999999999999993 419.39186730240533
-3.0 420.51858282600944
-2.8 421.55385980506924
-2.5999999999999996 422.96355151562165
-2.3999999999999995 425.5799883856775
-2.1999999999999993 430.9840958195192
-2.0 441.9343888787403
-1.7999999999999998 462.33460246947755
-1.5999999999999996 495.8183786468103
-1.3999999999999995 542.9011853729479
-1.1999999999999993 599.100558420118
-1.0 656.5968857881118
-0.7999999999999998 708.1437606835312
-0.5999999999999996 749.7493637674372
-0.39999999999999947 780.7897762909126
-0.1999999999999993 802.6829406784522
0.0 817.5393241288572
0.20000000000000107 827.363071886948
0.40000000000000036 833.7487280931285
0.5999999999999996 837.8522079119698
0.8000000000000007 840.4672101218255
1.0 842.1206485945668
1.200000000000001 843.1542904986786
1.4000000000000004 843.7852910001124
1.6000000000000014 844.1477775369549
1.8000000000000007 844.3199331756321
2.0 844.3407689837916
2.200000000000001 844.2200125584861
2.4000000000000004 843.944161421285
2.6000000000000014 843.4821522521048
2.8000000000000007 842.795122507766
3.0 841.8547920757156
3.200000000000001 840.6702575141173
3.4000000000000004 839.3109158251794
3.6000000000000014 837.9029857163492
3.8000000000000007 836.5895743848642
4.0 835.478034889483
Result sigma optimization:  -8.0 183.9796977397811
E_max_2 =  700
Cutoff Radius =  6.0
Selected Radial Transform =  16.0
factor =  2.0
displacement =  0.0
dataset =  datasets/gold.xyz
n_train =  100
n_test =  2000
Train RMSE: 154.76757056551645 [Train MAE: 125.42968795198196]
Test RMSE: 178.81389998179822 [Test MAE: 147.92034852295282]
FINISHED at Tue Jan 10 09:25:47 CET 2023
