STARTING AT Tue Jan 10 09:25:28 CET 2023
Random seed: 1000
8 20
Reading dataset
Shuffling and extracting from dataset (length: 105092)
Shuffling and extraction done
Calculating power spectrum
Expansion coefficients done
Computing training kernel
     Calculating kernels for center species 79
     Calculating kernels for center species 79
Beginning first index add...
Beginning second index add...
Training kernel done
Computing test kernel
     Calculating kernels for center species 79
     Calculating kernels for center species 79
Beginning first index add...
Beginning second index add...
Test kernel done
Calculating composition features
Composition features done
-8.0 178.47969515636242
-7.8 182.2228889945235
-7.6 189.28025410073448
-7.4 200.74251200247627
-7.2 217.17805416143773
-7.0 238.3264639652766
-6.8 263.1919186769484
-6.6 290.34454135008815
-6.4 318.10362514266825
-6.2 344.69346650373785
-6.0 368.5544732712756
-5.8 388.65450685750176
-5.6 404.6037975250652
-5.4 416.58531269481165
-5.199999999999999 425.17108562119876
-5.0 431.09552319211593
-4.8 435.07062805802923
-4.6 437.6879723176159
-4.4 439.39575349422347
-4.199999999999999 440.5184390932962
-4.0 441.2949265831139
-3.8 441.92787627303954
-3.5999999999999996 442.6540243519727
-3.3999999999999995 443.86418952105316
-3.1999999999999993 446.32065834559086
-3.0 451.51027087964803
-2.8 462.0386056180272
-2.5999999999999996 481.58572398923155
-2.3999999999999995 513.5639560058652
-2.1999999999999993 558.4310201888832
-2.0 611.9069732899558
-1.7999999999999998 666.5465181980655
-1.5999999999999996 715.4680263175076
-1.3999999999999995 754.905298850205
-1.1999999999999993 784.2969198663058
-1.0 805.010553367052
-0.7999999999999998 819.058899152652
-0.5999999999999996 828.34568544294
-0.39999999999999947 834.3824850230395
-0.1999999999999993 838.2640006355122
0.0 840.7418866372486
0.20000000000000107 842.315846246155
0.40000000000000036 843.31140986526
0.5999999999999996 843.9377611765598
0.8000000000000007 844.3278195239038
1.0 844.5648885863309
1.200000000000001 844.6998348612419
1.4000000000000004 844.761790744384
1.6000000000000014 844.7644432466809
1.8000000000000007 844.7092590737401
2.0 844.5865572447541
2.200000000000001 844.375230691349
2.4000000000000004 844.0422789807651
2.6000000000000014 843.5443187281593
2.8000000000000007 842.834699754301
3.0 841.8802059652851
3.200000000000001 840.6867875833767
3.4000000000000004 839.3218284225362
3.6000000000000014 837.9102750734729
3.8000000000000007 836.5944626014455
4.0 835.4812977624632
Result sigma optimization:  -8.0 178.47969515636242
E_max_2 =  700
Cutoff Radius =  6.0
Selected Radial Transform =  16.0
factor =  2.3
displacement =  0.0
dataset =  datasets/gold.xyz
n_train =  100
n_test =  2000
Train RMSE: 156.29942147747627 [Train MAE: 134.53116426981217]
Test RMSE: 173.10505595124422 [Test MAE: 145.34159590010037]
FINISHED at Tue Jan 10 09:25:51 CET 2023
