STARTING AT Tue Jan 10 09:25:09 CET 2023
Random seed: 1000
8 20
Reading dataset
Shuffling and extracting from dataset (length: 105092)
Shuffling and extraction done
Calculating power spectrum
Expansion coefficients done
Computing training kernel
     Calculating kernels for center species 79
     Calculating kernels for center species 79
Beginning first index add...
Beginning second index add...
Training kernel done
Computing test kernel
     Calculating kernels for center species 79
     Calculating kernels for center species 79
Beginning first index add...
Beginning second index add...
Test kernel done
Calculating composition features
Composition features done
-8.0 557.5286937196082
-7.8 557.5114407817885
-7.6 557.4841116257778
-7.4 557.4408464829186
-7.2 557.3723988643264
-7.0 557.2642069757624
-6.8 557.0934911304361
-6.6 556.8247778838215
-6.4 556.4035027162814
-6.2 555.7470990421807
-6.0 554.7340169949915
-5.8 553.1928811517113
-5.6 550.8981666416906
-5.4 547.5849457410918
-5.199999999999999 542.9985457147302
-5.0 536.9850516145468
-4.8 529.5962649641511
-4.6 521.1496961578944
-4.4 512.1943752320499
-4.199999999999999 503.3869582989431
-4.0 495.32017259647876
-3.8 488.3445350578117
-3.5999999999999996 482.4374393212911
-3.3999999999999995 477.22699914648734
-3.1999999999999993 472.21780387458125
-3.0 467.01818320264056
-2.8 461.2936714729995
-2.5999999999999996 454.49893406575933
-2.3999999999999995 445.77877769139167
-2.1999999999999993 434.34809355948295
-2.0 420.2102312789825
-1.7999999999999998 404.6104901378104
-1.5999999999999996 389.6402693196908
-1.3999999999999995 377.16265650040555
-1.1999999999999993 368.0099164199545
-1.0 362.040691887972
-0.7999999999999998 358.5224528706315
-0.5999999999999996 356.2006392420148
-0.39999999999999947 353.3939517173397
-0.1999999999999993 348.63670773623363
0.0 341.4570933930176
0.20000000000000107 332.50854049019455
0.40000000000000036 322.9738150024842
0.5999999999999996 313.87714679453325
0.8000000000000007 305.8625015676385
1.0 299.37699975890416
1.200000000000001 294.84441200262575
1.4000000000000004 292.59205717304377
1.6000000000000014 292.6574760679141
1.8000000000000007 294.77540346728915
2.0 298.67443350350476
2.200000000000001 304.49625772987537
2.4000000000000004 313.00701807312623
2.6000000000000014 325.33409415101596
2.8000000000000007 342.2211787056607
3.0 363.3217242078263
3.200000000000001 387.34112093966706
3.4000000000000004 413.0926863765688
3.6000000000000014 440.41617185508267
3.8000000000000007 469.91390288705975
4.0 501.6512395952741
Result sigma optimization:  1.4000000000000004 292.59205717304377
E_max_2 =  700
Cutoff Radius =  6.0
Selected Radial Transform =  16.0
factor =  0.1
displacement =  0.0
dataset =  datasets/gold.xyz
n_train =  100
n_test =  2000
Train RMSE: 240.56167190989888 [Train MAE: 148.0764106272335]
Test RMSE: 261.8386377534273 [Test MAE: 183.02881928333704]
FINISHED at Tue Jan 10 09:25:28 CET 2023
