STARTING AT Tue Jan 10 09:31:42 CET 2023
Random seed: 1000
6 14
Reading dataset
Shuffling and extracting from dataset (length: 10000)
Shuffling and extraction done
Calculating power spectrum
Expansion coefficients done
Computing training kernel
     Calculating kernels for center species 1
     Calculating kernels for center species 1
Beginning first index add...
Beginning second index add...
     Calculating kernels for center species 6
     Calculating kernels for center species 6
Beginning first index add...
Beginning second index add...
Training kernel done
Computing test kernel
     Calculating kernels for center species 1
     Calculating kernels for center species 1
Beginning first index add...
Beginning second index add...
     Calculating kernels for center species 6
     Calculating kernels for center species 6
Beginning first index add...
Beginning second index add...
Test kernel done
Calculating composition features
Composition features done
-8.0 57.6544178145525
-7.8 55.84347320583336
-7.6 54.0140617807429
-7.4 51.80416946482637
-7.2 49.101445652266854
-7.0 45.969337937835945
-6.8 42.5354645001663
-6.6 38.93785112391003
-6.4 35.331598043186446
-6.2 31.898001645002374
-6.0 28.808902031929023
-5.8 26.166903068168534
-5.6 23.985069386196503
-5.4 22.230885997934454
-5.199999999999999 20.887565037832204
-5.0 19.97568414887959
-4.8 19.532519261500703
-4.6 19.583644671479103
-4.4 20.127069497460692
-4.199999999999999 21.12488937416133
-4.0 22.495509748760526
-3.8 24.114479736903437
-3.5999999999999996 25.836867276308745
-3.3999999999999995 27.538107000127034
-3.1999999999999993 29.156312591774466
-3.0 30.723155286437393
-2.8 32.38037829283558
-2.5999999999999996 34.37989529669259
-2.3999999999999995 37.04040571475232
-2.1999999999999993 40.61247019186456
-2.0 45.09031567342238
-1.7999999999999998 50.1451925244876
-1.5999999999999996 55.280012470699624
-1.3999999999999995 60.067872425813285
-1.1999999999999993 64.2763528492659
-1.0 67.83300391997422
-0.7999999999999998 70.73541789041133
-0.5999999999999996 73.00776110422144
-0.39999999999999947 74.70493936012105
-0.1999999999999993 75.91521834990795
0.0 76.74353777880481
0.20000000000000107 77.28999419519924
0.40000000000000036 77.63679765304552
0.5999999999999996 77.8452757534062
0.8000000000000007 77.95898111058541
1.0 78.00894409314496
1.200000000000001 78.01837957988127
1.4000000000000004 78.00531282901011
1.6000000000000014 77.98309365085447
1.8000000000000007 77.96021529932825
2.0 77.9408351241169
2.200000000000001 77.92611386750609
2.4000000000000004 77.91566046468748
2.6000000000000014 77.90854916583514
2.8000000000000007 77.90384227024909
3.0 77.90078086173719
3.200000000000001 77.8988117408789
3.4000000000000004 77.89755410652934
3.6000000000000014 77.89675447046447
3.8000000000000007 77.89624747902536
4.0 77.89592660711494
Result sigma optimization:  -4.8 19.532519261500703
E_max_2 =  400
Cutoff Radius =  6.0
Selected Radial Transform =  16.0
factor =  2.1
displacement =  0.0
dataset =  datasets/random-ch4-10k.extxyz
n_train =  100
n_test =  2000
Train RMSE: 11.207919726327582 [Train MAE: 8.917461651829239]
Test RMSE: 24.536102647534445 [Test MAE: 15.436378540169338]
FINISHED at Tue Jan 10 09:31:47 CET 2023
