STARTING AT Tue Jan 10 09:25:36 CET 2023
Random seed: 1000
7 18
Reading dataset
Shuffling and extracting from dataset (length: 105092)
Shuffling and extraction done
Calculating power spectrum
Expansion coefficients done
Computing training kernel
     Calculating kernels for center species 79
     Calculating kernels for center species 79
Beginning first index add...
Beginning second index add...
Training kernel done
Computing test kernel
     Calculating kernels for center species 79
     Calculating kernels for center species 79
Beginning first index add...
Beginning second index add...
Test kernel done
Calculating composition features
Composition features done
-8.0 342.18826788255893
-7.8 369.9424507818996
-7.6 395.64351976754
-7.4 418.15422127238367
-7.2 436.74687034594564
-7.0 451.23673907882693
-6.8 461.94554191829684
-6.6 469.51424979954163
-6.4 474.6802623102901
-6.2 478.1177027995209
-6.0 480.3656529581784
-5.8 481.8207705985234
-5.6 482.7606353566816
-5.4 483.37564872069424
-5.199999999999999 483.80006416408156
-5.0 484.1422326808586
-4.8 484.5214188892926
-4.6 485.1277160663738
-4.4 486.335182328396
-4.199999999999999 488.9112603249124
-4.0 494.3431514014858
-3.8 505.1489235343969
-3.5999999999999996 524.6723282182369
-3.3999999999999995 555.631458219075
-3.1999999999999993 597.6876843290761
-3.0 646.2901336652188
-2.8 694.6047035335966
-2.5999999999999996 736.8843987803186
-2.3999999999999995 770.3629406128529
-2.1999999999999993 794.9860967424441
-2.0 812.1783769008607
-1.7999999999999998 823.7649632163126
-1.5999999999999996 831.3924250730561
-1.3999999999999995 836.3372567309892
-1.1999999999999993 839.5113938103233
-1.0 841.5359416536648
-0.7999999999999998 842.8218443319379
-0.5999999999999996 843.6361470185201
-0.39999999999999947 844.1503935817483
-0.1999999999999993 844.4738940854786
0.0 844.6758023546412
0.20000000000000107 844.7994349244566
0.40000000000000036 844.871380687445
0.5999999999999996 844.9071518811094
0.8000000000000007 844.9145164898968
1.0 844.8952164670352
1.200000000000001 844.8454781347293
1.4000000000000004 844.7555382049617
1.6000000000000014 844.6083584937855
1.8000000000000007 844.3778711840184
2.0 844.0276625454078
2.200000000000001 843.5121605479071
2.4000000000000004 842.7839208212815
2.6000000000000014 841.8108138858231
2.8000000000000007 840.6019345043137
3.0 839.2287689958181
3.200000000000001 837.8188451986956
3.4000000000000004 836.5135749406159
3.6000000000000014 835.4160151319898
3.8000000000000007 834.5653244820862
4.0 833.9466688574859
Result sigma optimization:  -8.0 342.18826788255893
E_max_2 =  600
Cutoff Radius =  6.0
Selected Radial Transform =  16.0
factor =  2.6
displacement =  0.0
dataset =  datasets/gold.xyz
n_train =  100
n_test =  2000
Train RMSE: 320.31494271123825 [Train MAE: 253.3013520442488]
Test RMSE: 318.1726543811414 [Test MAE: 251.2050852819285]
FINISHED at Tue Jan 10 09:26:00 CET 2023
