STARTING AT Tue Jan 10 09:25:28 CET 2023
Random seed: 1000
7 18
Reading dataset
Shuffling and extracting from dataset (length: 105092)
Shuffling and extraction done
Calculating power spectrum
Expansion coefficients done
Computing training kernel
     Calculating kernels for center species 79
     Calculating kernels for center species 79
Beginning first index add...
Beginning second index add...
Training kernel done
Computing test kernel
     Calculating kernels for center species 79
     Calculating kernels for center species 79
Beginning first index add...
Beginning second index add...
Test kernel done
Calculating composition features
Composition features done
-8.0 189.54118929905408
-7.8 200.77970003613314
-7.6 217.15507884190654
-7.4 238.5782934767722
-7.2 264.17098782217147
-7.0 292.4247168837286
-6.8 321.377728089514
-6.6 348.89513768891976
-6.4 373.14352673093214
-6.2 393.03294127195056
-6.0 408.3384890577975
-5.8 419.50225292885
-5.6 427.3065662307872
-5.4 432.5912907367035
-5.199999999999999 436.0894997842438
-5.0 438.37055191547
-4.8 439.84668949264983
-4.6 440.8057302271039
-4.4 441.44996224973914
-4.199999999999999 441.9363069724651
-4.0 442.4244715187176
-3.8 443.1523702564842
-3.5999999999999996 444.57508097645484
-3.3999999999999995 447.6180351141794
-3.1999999999999993 454.0620804424497
-3.0 466.8784264636915
-2.8 489.882451968894
-2.5999999999999996 525.8982913384712
-2.3999999999999995 574.0121344649336
-2.1999999999999993 628.6628152093059
-2.0 682.17779236244
-1.7999999999999998 728.4635633116209
-1.5999999999999996 764.806096270608
-1.3999999999999995 791.3807021983197
-1.1999999999999993 809.8634949252485
-1.0 822.2879881797093
-0.7999999999999998 830.4533050247502
-0.5999999999999996 835.7407553949566
-0.39999999999999947 839.1317517809345
-0.1999999999999993 841.2924329299569
0.0 842.6624238054595
0.20000000000000107 843.5266438999417
0.40000000000000036 844.0673103227169
0.5999999999999996 844.3994163559031
0.8000000000000007 844.5940176124609
1.0 844.6930006991636
1.200000000000001 844.7180140912444
1.4000000000000004 844.6753825041487
1.6000000000000014 844.5582517673454
1.8000000000000007 844.3470088514038
2.0 844.0093359631129
2.200000000000001 843.5022483661933
2.4000000000000004 842.7798892607331
2.6000000000000014 841.8110103337731
2.8000000000000007 840.6050775902196
3.0 839.2336553439831
3.200000000000001 837.8243256548227
3.4000000000000004 836.5187277046141
3.6000000000000014 835.4203037707725
3.8000000000000007 834.5685926124755
4.0 833.9490078376014
Result sigma optimization:  -8.0 189.54118929905408
E_max_2 =  600
Cutoff Radius =  6.0
Selected Radial Transform =  16.0
factor =  2.3
displacement =  0.0
dataset =  datasets/gold.xyz
n_train =  100
n_test =  2000
Train RMSE: 168.2374042932296 [Train MAE: 142.87931258961814]
Test RMSE: 181.27366084763167 [Test MAE: 152.48825474497926]
FINISHED at Tue Jan 10 09:25:46 CET 2023
