STARTING AT Tue Jan 10 09:25:27 CET 2023
Random seed: 1000
7 18
Reading dataset
Shuffling and extracting from dataset (length: 105092)
Shuffling and extraction done
Calculating power spectrum
Expansion coefficients done
Computing training kernel
     Calculating kernels for center species 79
     Calculating kernels for center species 79
Beginning first index add...
Beginning second index add...
Training kernel done
Computing test kernel
     Calculating kernels for center species 79
     Calculating kernels for center species 79
Beginning first index add...
Beginning second index add...
Test kernel done
Calculating composition features
Composition features done
-8.0 185.79167123645382
-7.8 186.14966452058027
-7.6 186.38061428357372
-7.4 186.65328464757852
-7.2 187.27640094392484
-7.0 188.80835816363935
-6.8 192.1518432897287
-6.6 198.5409242707137
-6.4 209.31155770653848
-6.2 225.4289983925579
-6.0 246.948338349526
-5.8 272.73642510428624
-5.6 300.64763609555354
-5.4 328.07146749341496
-5.199999999999999 352.64592499602503
-5.0 372.8727362165706
-4.8 388.3426326500184
-4.6 399.5037040346613
-4.4 407.2190871715305
-4.199999999999999 412.39855099374194
-4.0 415.81066309692056
-3.8 418.03712769367667
-3.5999999999999996 419.497896954397
-3.3999999999999995 420.5021676482619
-3.1999999999999993 421.3132519747403
-3.0 422.2407123812073
-2.8 423.7963561778486
-2.5999999999999996 426.9686536327282
-2.3999999999999995 433.6377462586336
-2.1999999999999993 446.9430806260406
-2.0 470.9331534239055
-1.7999999999999998 508.628224097883
-1.5999999999999996 559.1095991584913
-1.3999999999999995 616.5560901371115
-1.1999999999999993 672.9047055906142
-1.0 721.7209543845694
-0.7999999999999998 760.105781306873
-0.5999999999999996 788.2061560693752
-0.39999999999999947 807.7664022990688
-0.1999999999999993 820.9220215654568
0.0 829.5694652160352
0.20000000000000107 835.1675310625318
0.40000000000000036 838.7534076825534
0.5999999999999996 841.030645376334
0.8000000000000007 842.4621776579494
1.0 843.3455865570758
1.200000000000001 843.8672981196137
1.4000000000000004 844.1390218655021
1.6000000000000014 844.2210036966537
1.8000000000000007 844.136253600538
2.0 843.8794928595336
2.200000000000001 843.4248386555798
2.4000000000000004 842.737117125727
2.6000000000000014 841.7914998574809
2.8000000000000007 840.6010043626997
3.0 839.239010068119
3.200000000000001 837.834254198956
3.4000000000000004 836.5296275660249
3.6000000000000014 835.4300214764879
3.8000000000000007 834.5762645328531
4.0 833.9546078251096
Result sigma optimization:  -8.0 185.79167123645382
E_max_2 =  600
Cutoff Radius =  6.0
Selected Radial Transform =  16.0
factor =  2.0
displacement =  0.0
dataset =  datasets/gold.xyz
n_train =  100
n_test =  2000
Train RMSE: 160.074838159209 [Train MAE: 129.8731829311589]
Test RMSE: 177.73033259568078 [Test MAE: 148.37288617201764]
FINISHED at Tue Jan 10 09:25:46 CET 2023
