STARTING AT Tue Jan 10 09:12:24 CET 2023
Random seed: 1000
8 20
Reading dataset
Shuffling and extracting from dataset (length: 133885)
Shuffling and extraction done
Calculating power spectrum
Expansion coefficients done
Computing training kernel
     Calculating kernels for center species 1
     Calculating kernels for center species 1
Beginning first index add...
Beginning second index add...
     Calculating kernels for center species 6
     Calculating kernels for center species 6
Beginning first index add...
Beginning second index add...
     Calculating kernels for center species 7
     Calculating kernels for center species 7
Beginning first index add...
Beginning second index add...
     Calculating kernels for center species 8
     Calculating kernels for center species 8
Beginning first index add...
Beginning second index add...
     Calculating kernels for center species 9
     Calculating kernels for center species 9
Beginning first index add...
Beginning second index add...
Training kernel done
Computing test kernel
     Calculating kernels for center species 1
     Calculating kernels for center species 1
Beginning first index add...
Beginning second index add...
     Calculating kernels for center species 6
     Calculating kernels for center species 6
Beginning first index add...
Beginning second index add...
     Calculating kernels for center species 7
     Calculating kernels for center species 7
Beginning first index add...
Beginning second index add...
     Calculating kernels for center species 8
     Calculating kernels for center species 8
Beginning first index add...
Beginning second index add...
     Calculating kernels for center species 9
     Calculating kernels for center species 9
Beginning first index add...
Beginning second index add...
Test kernel done
Calculating composition features
Composition features done
-8.0 10.005855438561005
-7.8 10.005855438848391
-7.6 10.005855439303254
-7.4 10.005855440024602
-7.2 10.005855441168048
-7.0 10.00585544298009
-6.8 10.005855445851953
-6.6 10.005855450403635
-6.4 10.005855457617393
-6.2 10.0058554690505
-6.0 10.005855487170555
-5.8 10.005855515889163
-5.6 10.005855561404804
-5.4 10.005855633542547
-5.199999999999999 10.005855747873305
-5.0 10.005855929074807
-4.8 10.005856216259254
-4.6 10.005856671415057
-4.4 10.00585739278618
-4.199999999999999 10.005858536075664
-4.0 10.005860348051336
-3.8 10.00586321979922
-3.5999999999999996 10.00586777111149
-3.3999999999999995 10.00587498420168
-3.1999999999999993 10.005886415541273
-3.0 10.00590453139127
-2.8 10.005933239055475
-2.5999999999999996 10.00597872753235
-2.3999999999999995 10.006050796537886
-2.1999999999999993 10.006164954521472
-2.0 10.006345722895151
-1.7999999999999998 10.006631820565532
-1.5999999999999996 10.00708425019921
-1.3999999999999995 10.007798788810543
-1.1999999999999993 10.008924978571203
-1.0 10.010694247450438
-0.7999999999999998 10.013459685355533
-0.5999999999999996 10.01774771786831
-0.39999999999999947 10.024361940662132
-0.1999999999999993 10.037803203232713
0.0 10.05799193815374
0.20000000000000107 10.086706375941612
0.40000000000000036 10.13861763664057
0.5999999999999996 10.217219074590156
0.8000000000000007 10.339039589113682
1.0 10.481081151747844
1.200000000000001 10.71071219611189
1.4000000000000004 11.06359202533325
1.6000000000000014 11.47329841464547
1.8000000000000007 11.985708042347994
2.0 12.550920089271436
2.200000000000001 13.091689066079248
2.4000000000000004 13.819770582950454
2.6000000000000014 14.69869201679491
2.8000000000000007 15.589800539262264
3.0 16.441001963966436
3.200000000000001 17.182465439688787
3.4000000000000004 17.802490240653093
3.6000000000000014 18.285911412521152
3.8000000000000007 18.63696475308511
4.0 18.88063891997178
Result sigma optimization:  -8.0 10.005855438561005
E_max_2 =  700
Cutoff Radius =  6.0
Selected Radial Transform =  16.0
factor =  0.3
displacement =  0.0
dataset =  datasets/qm9.xyz
n_train =  100
n_test =  2000
Train RMSE: 4.561281793960285e-09 [Train MAE: 3.45860179274327e-09]
Test RMSE: 14.102669330880884 [Test MAE: 9.55484239136643]
FINISHED at Tue Jan 10 09:13:07 CET 2023
