STARTING AT Tue Jan 10 09:25:19 CET 2023
Random seed: 1000
7 18
Reading dataset
Shuffling and extracting from dataset (length: 105092)
Shuffling and extraction done
Calculating power spectrum
Expansion coefficients done
Computing training kernel
     Calculating kernels for center species 79
     Calculating kernels for center species 79
Beginning first index add...
Beginning second index add...
Training kernel done
Computing test kernel
     Calculating kernels for center species 79
     Calculating kernels for center species 79
Beginning first index add...
Beginning second index add...
Test kernel done
Calculating composition features
Composition features done
-8.0 164.5445030949549
-7.8 163.7884791056733
-7.6 163.10560293784437
-7.4 162.47841993825597
-7.2 161.9873838305334
-7.0 161.85439507446512
-6.8 162.4238801802939
-6.6 164.06723844091056
-6.4 167.09476022157673
-6.2 171.72997404662237
-6.0 178.09411494394976
-5.8 186.14070060902864
-5.6 195.56816254134836
-5.4 205.7742221394343
-5.199999999999999 215.9062886402252
-5.0 225.06049848705635
-4.8 232.57247154320828
-4.6 238.20729869924327
-4.4 242.15818621549664
-4.199999999999999 244.96581793121638
-4.0 247.49021359869334
-3.8 250.9235705204867
-3.5999999999999996 256.67606435858085
-3.3999999999999995 265.95107044605203
-3.1999999999999993 279.1270109213058
-3.0 295.48460799161364
-2.8 313.6339539925962
-2.5999999999999996 332.20260079346554
-2.3999999999999995 350.14305881731104
-2.1999999999999993 366.69256511266053
-2.0 381.35855123237167
-1.7999999999999998 393.9409823514215
-1.5999999999999996 404.45698104349617
-1.3999999999999995 413.079598356024
-1.1999999999999993 420.2329507070585
-1.0 426.81756233907765
-0.7999999999999998 434.52370110012606
-0.5999999999999996 446.18788281414015
-0.39999999999999947 465.81646528080006
-0.1999999999999993 497.40410952795037
0.0 542.233832023781
0.20000000000000107 596.6868759249406
0.40000000000000036 653.3818560890245
0.5999999999999996 704.9593101417963
0.8000000000000007 747.050704289028
1.0 778.6911797943578
1.200000000000001 801.1026628248098
1.4000000000000004 816.3188854991992
1.6000000000000014 826.327688550271
1.8000000000000007 832.723742201127
2.0 836.656747928185
2.200000000000001 838.9005313764694
2.4000000000000004 839.9528029273895
2.6000000000000014 840.1328196599928
2.8000000000000007 839.6684704038265
3.0 838.7639913969882
3.200000000000001 837.6306399472627
3.4000000000000004 836.4706069236847
3.6000000000000014 835.4360744679459
3.8000000000000007 834.6038794348561
4.0 833.9838777932547
Result sigma optimization:  -7.0 161.85439507446512
E_max_2 =  600
Cutoff Radius =  6.0
Selected Radial Transform =  16.0
factor =  1.4
displacement =  0.0
dataset =  datasets/gold.xyz
n_train =  100
n_test =  2000
Train RMSE: 107.80524651249875 [Train MAE: 86.46499031853794]
Test RMSE: 156.77868072857356 [Test MAE: 120.0030097652746]
FINISHED at Tue Jan 10 09:25:38 CET 2023
