STARTING AT Tue Jan 10 09:31:47 CET 2023
Random seed: 1000
7 18
Reading dataset
Shuffling and extracting from dataset (length: 10000)
Shuffling and extraction done
Calculating power spectrum
Expansion coefficients done
Computing training kernel
     Calculating kernels for center species 1
     Calculating kernels for center species 1
Beginning first index add...
Beginning second index add...
     Calculating kernels for center species 6
     Calculating kernels for center species 6
Beginning first index add...
Beginning second index add...
Training kernel done
Computing test kernel
     Calculating kernels for center species 1
     Calculating kernels for center species 1
Beginning first index add...
Beginning second index add...
     Calculating kernels for center species 6
     Calculating kernels for center species 6
Beginning first index add...
Beginning second index add...
Test kernel done
Calculating composition features
Composition features done
-8.0 142.6638595132037
-7.8 127.35991133165126
-7.6 111.51366425188957
-7.4 96.28165762019655
-7.2 82.49115232271389
-7.0 70.51394041405496
-6.8 60.33780950620049
-6.6 51.85977779244501
-6.4 45.07664664814618
-6.2 39.976875026411655
-6.0 36.34553531376035
-5.8 33.75149659373195
-5.6 31.71176797449019
-5.4 29.86700016887427
-5.199999999999999 28.061891409260504
-5.0 26.324405116848453
-4.8 24.792943577435388
-4.6 23.63723030275265
-4.4 22.988380882676665
-4.199999999999999 22.89523028435874
-4.0 23.32673376582468
-3.8 24.201527874100233
-3.5999999999999996 25.409188060958673
-3.3999999999999995 26.82304020200763
-3.1999999999999993 28.319237918175997
-3.0 29.796972444491377
-2.8 31.19357276509802
-2.5999999999999996 32.50128857499873
-2.3999999999999995 33.784800229740846
-2.1999999999999993 35.19137151195745
-2.0 36.953385374719424
-1.7999999999999998 39.36085353474846
-1.5999999999999996 42.64608942301579
-1.3999999999999995 46.79944150211073
-1.1999999999999993 51.493622785821785
-1.0 56.24080646146254
-0.7999999999999998 60.641337474780386
-0.5999999999999996 64.50503941360176
-0.39999999999999947 67.80160195653752
-0.1999999999999993 70.55172707302722
0.0 72.77135853095125
0.20000000000000107 74.48326315195771
0.40000000000000036 75.74016694014121
0.5999999999999996 76.62257473242744
0.8000000000000007 77.21932515806076
1.0 77.61007174304473
1.200000000000001 77.85724975419305
1.4000000000000004 78.00562788424153
1.6000000000000014 78.0855540023309
1.8000000000000007 78.11730881098072
2.0 78.11531004341265
2.200000000000001 78.09133983617296
2.4000000000000004 78.05600137311545
2.6000000000000014 78.01827625290468
2.8000000000000007 77.98433037171051
3.0 77.9570715032777
3.200000000000001 77.93685482569221
3.4000000000000004 77.92266355221875
3.6000000000000014 77.913066055734
3.8000000000000007 77.90673363522691
4.0 77.90262228403981
Result sigma optimization:  -4.199999999999999 22.89523028435874
E_max_2 =  600
Cutoff Radius =  6.0
Selected Radial Transform =  16.0
factor =  2.6
displacement =  0.0
dataset =  datasets/random-ch4-10k.extxyz
n_train =  100
n_test =  2000
Train RMSE: 14.301172373215598 [Train MAE: 10.954905856568919]
Test RMSE: 29.900118652088395 [Test MAE: 18.56040915769704]
FINISHED at Tue Jan 10 09:31:57 CET 2023
