STARTING AT Tue Jan 10 09:12:30 CET 2023
Random seed: 1000
7 16
Reading dataset
Shuffling and extracting from dataset (length: 133885)
Shuffling and extraction done
Calculating power spectrum
Expansion coefficients done
Computing training kernel
     Calculating kernels for center species 1
     Calculating kernels for center species 1
Beginning first index add...
Beginning second index add...
     Calculating kernels for center species 6
     Calculating kernels for center species 6
Beginning first index add...
Beginning second index add...
     Calculating kernels for center species 7
     Calculating kernels for center species 7
Beginning first index add...
Beginning second index add...
     Calculating kernels for center species 8
     Calculating kernels for center species 8
Beginning first index add...
Beginning second index add...
     Calculating kernels for center species 9
     Calculating kernels for center species 9
Beginning first index add...
Beginning second index add...
Training kernel done
Computing test kernel
     Calculating kernels for center species 1
     Calculating kernels for center species 1
Beginning first index add...
Beginning second index add...
     Calculating kernels for center species 6
     Calculating kernels for center species 6
Beginning first index add...
Beginning second index add...
     Calculating kernels for center species 7
     Calculating kernels for center species 7
Beginning first index add...
Beginning second index add...
     Calculating kernels for center species 8
     Calculating kernels for center species 8
Beginning first index add...
Beginning second index add...
     Calculating kernels for center species 9
     Calculating kernels for center species 9
Beginning first index add...
Beginning second index add...
Test kernel done
Calculating composition features
Composition features done
-8.0 9.582026045093608
-7.8 9.582026082499858
-7.6 9.582026141782634
-7.4 9.58202623574119
-7.2 9.582026384655352
-7.0 9.582026620668056
-6.8 9.58202699472336
-6.6 9.582027587558159
-6.4 9.582028527138869
-6.2 9.582030016269838
-6.0 9.58203237637494
-5.8 9.582036116867576
-5.6 9.58204204509917
-5.4 9.582051440581033
-5.199999999999999 9.58206633108777
-5.0 9.582089930121974
-4.8 9.582127329994439
-4.6 9.58218659958342
-4.4 9.582280522450942
-4.199999999999999 9.582429347266334
-4.0 9.582665136098317
-3.8 9.58303862883829
-3.5999999999999996 9.583630054510467
-3.3999999999999995 9.58456609565587
-3.1999999999999993 9.586046349416709
-3.0 9.588384205649216
-2.8 9.592069008851096
-2.5999999999999996 9.597858128158068
-2.3999999999999995 9.606907243891465
-2.1999999999999993 9.622083375210572
-2.0 9.64620750064933
-1.7999999999999998 9.682307209832379
-1.5999999999999996 9.73469311729376
-1.3999999999999995 9.807355810280496
-1.1999999999999993 9.90921008088886
-1.0 10.044477597999334
-0.7999999999999998 10.213211356256318
-0.5999999999999996 10.474391164134031
-0.39999999999999947 10.844897067789914
-0.1999999999999993 11.342396309292267
0.0 11.95416128571961
0.20000000000000107 12.604822045235618
0.40000000000000036 13.224361471040755
0.5999999999999996 13.91815433468963
0.8000000000000007 14.71076172246534
1.0 15.544524045695534
1.200000000000001 16.432336910789115
1.4000000000000004 17.26769095237168
1.6000000000000014 17.953835920499074
1.8000000000000007 18.47383373428705
2.0 18.833722123522186
2.200000000000001 19.066132659514007
2.4000000000000004 19.211030943666284
2.6000000000000014 19.2904074391417
2.8000000000000007 19.32755869767128
3.0 19.34205421518024
3.200000000000001 19.339045910637775
3.4000000000000004 19.32410328383142
3.6000000000000014 19.30131466121651
3.8000000000000007 19.274583695202974
4.0 19.247741601399138
Result sigma optimization:  -8.0 9.582026045093608
E_max_2 =  500
Cutoff Radius =  6.0
Selected Radial Transform =  16.0
factor =  0.7
displacement =  0.0
dataset =  datasets/qm9.xyz
n_train =  100
n_test =  2000
Train RMSE: 3.7714479135911033e-07 [Train MAE: 2.8143485839640363e-07]
Test RMSE: 13.433391292981865 [Test MAE: 9.135189037321812]
FINISHED at Tue Jan 10 09:13:08 CET 2023
