STARTING AT Tue Jan 10 09:31:41 CET 2023
Random seed: 1000
8 20
Reading dataset
Shuffling and extracting from dataset (length: 10000)
Shuffling and extraction done
Calculating power spectrum
Expansion coefficients done
Computing training kernel
     Calculating kernels for center species 1
     Calculating kernels for center species 1
Beginning first index add...
Beginning second index add...
     Calculating kernels for center species 6
     Calculating kernels for center species 6
Beginning first index add...
Beginning second index add...
Training kernel done
Computing test kernel
     Calculating kernels for center species 1
     Calculating kernels for center species 1
Beginning first index add...
Beginning second index add...
     Calculating kernels for center species 6
     Calculating kernels for center species 6
Beginning first index add...
Beginning second index add...
Test kernel done
Calculating composition features
Composition features done
-8.0 28.53129081392364
-7.8 28.532145013426266
-7.6 28.533489916907953
-7.4 28.53559956343359
-7.2 28.53888981690743
-7.0 28.54397678853405
-6.8 28.551739698973705
-6.6 28.563361022814092
-6.4 28.58027686741374
-6.2 28.60389310417687
-6.0 28.63481306888216
-5.8 28.671369452388763
-5.6 28.707968125042438
-5.4 28.735094399356445
-5.199999999999999 28.74274062137205
-5.0 28.725693829249195
-4.8 28.685597000018326
-4.6 28.626330199102586
-4.4 28.546962899996057
-4.199999999999999 28.442233635497345
-4.0 28.31245562534782
-3.8 28.170231085003753
-3.5999999999999996 28.034082007768312
-3.3999999999999995 27.91678823139038
-3.1999999999999993 27.822075159954764
-3.0 27.751556379354593
-2.8 27.711895928456197
-2.5999999999999996 27.712295010200975
-2.3999999999999995 27.75414604024166
-2.1999999999999993 27.826037926822032
-2.0 27.913733673836767
-1.7999999999999998 28.021078837285344
-1.5999999999999996 28.193230193592715
-1.3999999999999995 28.541272726451243
-1.1999999999999993 29.27193712516005
-1.0 30.708706709604332
-0.7999999999999998 33.24491397321915
-0.5999999999999996 37.16362184849027
-0.39999999999999947 42.40280677879875
-0.1999999999999993 48.49258464338317
0.0 54.74683548538488
0.20000000000000107 60.53561117935445
0.40000000000000036 65.45178165005956
0.5999999999999996 69.33834587141787
0.8000000000000007 72.23349631922366
1.0 74.28853785890995
1.200000000000001 75.69293704972425
1.4000000000000004 76.62451223495947
1.6000000000000014 77.22678395096396
1.8000000000000007 77.60526743021157
2.0 77.83306958068094
2.200000000000001 77.95934711440823
2.4000000000000004 78.01747009355996
2.6000000000000014 78.0314426535686
2.8000000000000007 78.0197344274493
3.0 77.99646971300456
3.200000000000001 77.97122816902323
3.4000000000000004 77.9491595429327
3.6000000000000014 77.93203724365466
3.8000000000000007 77.91970392158741
4.0 77.91123363996381
Result sigma optimization:  -2.8 27.711895928456197
E_max_2 =  700
Cutoff Radius =  6.0
Selected Radial Transform =  16.0
factor =  1.4
displacement =  0.0
dataset =  datasets/random-ch4-10k.extxyz
n_train =  100
n_test =  2000
Train RMSE: 10.094109449792724 [Train MAE: 8.308949958770615]
Test RMSE: 28.861184654810454 [Test MAE: 17.896984029258718]
FINISHED at Tue Jan 10 09:31:48 CET 2023
