STARTING AT Tue Jan 10 09:31:38 CET 2023
Random seed: 1000
5 11
Reading dataset
Shuffling and extracting from dataset (length: 10000)
Shuffling and extraction done
Calculating power spectrum
Expansion coefficients done
Computing training kernel
     Calculating kernels for center species 1
     Calculating kernels for center species 1
Beginning first index add...
Beginning second index add...
     Calculating kernels for center species 6
     Calculating kernels for center species 6
Beginning first index add...
Beginning second index add...
Training kernel done
Computing test kernel
     Calculating kernels for center species 1
     Calculating kernels for center species 1
Beginning first index add...
Beginning second index add...
     Calculating kernels for center species 6
     Calculating kernels for center species 6
Beginning first index add...
Beginning second index add...
Test kernel done
Calculating composition features
Composition features done
-8.0 95.03796635965372
-7.8 94.7452539303067
-7.6 94.3087816728247
-7.4 93.67901939504037
-7.2 92.81336788990733
-7.0 91.70371660696637
-6.8 90.41329095970602
-6.6 89.09844388002236
-6.4 87.97606901196383
-6.2 87.22445803055523
-6.0 86.8715399045153
-5.8 86.7562031523366
-5.6 86.59788035538507
-5.4 86.12798691019601
-5.199999999999999 85.19840081777933
-5.0 83.81837259495835
-4.8 82.12529758122218
-4.6 80.31104493454103
-4.4 78.53367420684064
-4.199999999999999 76.85942405568584
-4.0 75.26597271959552
-3.8 73.69771414182355
-3.5999999999999996 72.13740362420332
-3.3999999999999995 70.65693962753286
-3.1999999999999993 69.41644859046673
-3.0 68.59247901612763
-2.8 68.26020642222616
-2.5999999999999996 68.32375974075555
-2.3999999999999995 68.5744761039301
-2.1999999999999993 68.82300218880287
-2.0 68.98055501945836
-1.7999999999999998 69.04969691589221
-1.5999999999999996 69.07526932803515
-1.3999999999999995 69.10508613694526
-1.1999999999999993 69.17178240207895
-1.0 69.28741503508901
-0.7999999999999998 69.44619860315869
-0.5999999999999996 69.63663957059306
-0.39999999999999947 69.85876367817018
-0.1999999999999993 70.13677849202861
0.0 70.51775496660935
0.20000000000000107 71.04842070598608
0.40000000000000036 71.7368632175185
0.5999999999999996 72.53172458675111
0.8000000000000007 73.34536890563639
1.0 74.10034005328173
1.200000000000001 74.75753352082042
1.4000000000000004 75.31713393133438
1.6000000000000014 75.8072452740974
1.8000000000000007 76.26420602657922
2.0 76.7059665122998
2.200000000000001 77.11719291494417
2.4000000000000004 77.46224588426394
2.6000000000000014 77.71280207063158
2.8000000000000007 77.86441840411953
3.0 77.93382115742719
3.200000000000001 77.94612989814108
3.4000000000000004 77.92362355335581
3.6000000000000014 77.88166241755428
3.8000000000000007 77.83082769838398
4.0 77.78104140020369
Result sigma optimization:  -2.8 68.26020642222616
E_max_2 =  300
Cutoff Radius =  6.0
Selected Radial Transform =  16.0
factor =  0.1
displacement =  0.0
dataset =  datasets/random-ch4-10k.extxyz
n_train =  100
n_test =  2000
Train RMSE: 44.06933831322582 [Train MAE: 26.985587162914314]
Test RMSE: 71.28361635143278 [Test MAE: 41.073978218470074]
FINISHED at Tue Jan 10 09:31:46 CET 2023
