STARTING AT Tue Jan 10 09:31:39 CET 2023
Random seed: 1000
5 11
Reading dataset
Shuffling and extracting from dataset (length: 10000)
Shuffling and extraction done
Calculating power spectrum
Expansion coefficients done
Computing training kernel
     Calculating kernels for center species 1
     Calculating kernels for center species 1
Beginning first index add...
Beginning second index add...
     Calculating kernels for center species 6
     Calculating kernels for center species 6
Beginning first index add...
Beginning second index add...
Training kernel done
Computing test kernel
     Calculating kernels for center species 1
     Calculating kernels for center species 1
Beginning first index add...
Beginning second index add...
     Calculating kernels for center species 6
     Calculating kernels for center species 6
Beginning first index add...
Beginning second index add...
Test kernel done
Calculating composition features
Composition features done
-8.0 34.11053470596651
-7.8 34.10800764157845
-7.6 34.10402722310167
-7.4 34.097779814582694
-7.2 34.0880282650581
-7.0 34.07293586683857
-6.8 34.049875731916565
-6.6 34.01530221498628
-6.4 33.964835602049654
-6.2 33.89373642715591
-6.0 33.79773372326224
-5.8 33.67357569559885
-5.6 33.51814688945493
-5.4 33.32573296179809
-5.199999999999999 33.08506580829475
-5.0 32.77856579407331
-4.8 32.38436327293647
-4.6 31.88070725812797
-4.4 31.254451321396964
-4.199999999999999 30.5150442246755
-4.0 29.70829432629976
-3.8 28.918177135577935
-3.5999999999999996 28.251688050896508
-3.3999999999999995 27.81638910785863
-3.1999999999999993 27.704731490557915
-3.0 27.987086019405012
-2.8 28.704044230930734
-2.5999999999999996 29.856641292472403
-2.3999999999999995 31.407864768268606
-2.1999999999999993 33.302574277562506
-2.0 35.49593730178751
-1.7999999999999998 37.982630511714866
-1.5999999999999996 40.82744743954927
-1.3999999999999995 44.17082836083278
-1.1999999999999993 48.14948921194245
-1.0 52.73899994753745
-0.7999999999999998 57.65759789396909
-0.5999999999999996 62.45043235891018
-0.39999999999999947 66.68812484795673
-0.1999999999999993 70.1200166098477
0.0 72.70298544319249
0.20000000000000107 74.53777734880332
0.40000000000000036 75.78414888866769
0.5999999999999996 76.6010156431171
0.8000000000000007 77.11969948487248
1.0 77.43908975378973
1.200000000000001 77.6300293358091
1.4000000000000004 77.74139848555303
1.6000000000000014 77.80541342158565
1.8000000000000007 77.84213953794135
2.0 77.86340504525195
2.200000000000001 77.87591262368126
2.4000000000000004 77.88339587951046
2.6000000000000014 77.88794163603185
2.8000000000000007 77.89073618169317
3.0 77.89246914546645
3.200000000000001 77.89355026861789
3.4000000000000004 77.89422744898086
3.6000000000000014 77.8946527290238
3.8000000000000007 77.8949202654562
4.0 77.89508875113931
Result sigma optimization:  -3.1999999999999993 27.704731490557915
E_max_2 =  300
Cutoff Radius =  6.0
Selected Radial Transform =  16.0
factor =  0.7
displacement =  0.0
dataset =  datasets/random-ch4-10k.extxyz
n_train =  100
n_test =  2000
Train RMSE: 10.940676881523231 [Train MAE: 9.034924115804834]
Test RMSE: 25.9081251383586 [Test MAE: 13.991790331399867]
FINISHED at Tue Jan 10 09:31:46 CET 2023
