STARTING AT Tue Jan 10 09:31:50 CET 2023
Random seed: 1000
7 16
Reading dataset
Shuffling and extracting from dataset (length: 10000)
Shuffling and extraction done
Calculating power spectrum
Expansion coefficients done
Computing training kernel
     Calculating kernels for center species 1
     Calculating kernels for center species 1
Beginning first index add...
Beginning second index add...
     Calculating kernels for center species 6
     Calculating kernels for center species 6
Beginning first index add...
Beginning second index add...
Training kernel done
Computing test kernel
     Calculating kernels for center species 1
     Calculating kernels for center species 1
Beginning first index add...
Beginning second index add...
     Calculating kernels for center species 6
     Calculating kernels for center species 6
Beginning first index add...
Beginning second index add...
Test kernel done
Calculating composition features
Composition features done
-8.0 30.463970763051737
-7.8 30.463930653195668
-7.6 30.463867086352707
-7.4 30.463766347257042
-7.2 30.46360670548674
-7.0 30.463353737967825
-6.8 30.46295293098207
-6.6 30.46231799478966
-6.4 30.461312441770232
-6.2 30.459720636261842
-6.0 30.457202527169567
-5.8 30.453223435754428
-5.6 30.446946569161216
-5.4 30.437071974309575
-5.199999999999999 30.421603838726607
-5.0 30.39753511239377
-4.8 30.360470015133323
-4.6 30.304290901501478
-4.4 30.221155337997168
-4.199999999999999 30.102382575525095
-4.0 29.940978011013286
-3.8 29.736133495781285
-3.5999999999999996 29.498484573211257
-3.3999999999999995 29.252954525338787
-3.1999999999999993 29.036386122170853
-3.0 28.890868206619874
-2.8 28.85630553584638
-2.5999999999999996 28.96433217466228
-2.3999999999999995 29.23469246984683
-2.1999999999999993 29.676972449161273
-2.0 30.29990239530296
-1.7999999999999998 31.124368167260737
-1.5999999999999996 32.188365727430515
-1.3999999999999995 33.53131637203656
-1.1999999999999993 35.1602528250636
-1.0 37.02368330683325
-0.7999999999999998 39.02280077391083
-0.5999999999999996 41.06279960140901
-0.39999999999999947 43.11853629345698
-0.1999999999999993 45.28062466363179
0.0 47.74924323792607
0.20000000000000107 50.7539296713722
0.40000000000000036 54.409761221421086
0.5999999999999996 58.58211344688824
0.8000000000000007 62.8856987853235
1.0 66.85839097576763
1.200000000000001 70.17001103240402
1.4000000000000004 72.7079757422082
1.6000000000000014 74.53100374184389
1.8000000000000007 75.77810237948286
2.0 76.5991716307906
2.200000000000001 77.12196152706063
2.4000000000000004 77.4440940100812
2.6000000000000014 77.63616834791323
2.8000000000000007 77.74736686820599
3.0 77.81045230116911
3.200000000000001 77.84600498827535
3.4000000000000004 77.86618077136326
3.6000000000000014 77.87781833711263
3.8000000000000007 77.88466571864568
4.0 77.88877135259253
Result sigma optimization:  -2.8 28.85630553584638
E_max_2 =  500
Cutoff Radius =  6.0
Selected Radial Transform =  17.0
factor =  0.8
displacement =  0.0
dataset =  datasets/random-ch4-10k.extxyz
n_train =  100
n_test =  2000
Train RMSE: 3.3712175596384433 [Train MAE: 2.558734704279643]
Test RMSE: 24.869554445464573 [Test MAE: 13.354281790929596]
FINISHED at Tue Jan 10 09:31:57 CET 2023
