STARTING AT Tue Jan 10 09:31:59 CET 2023
Random seed: 1000
5 11
Reading dataset
Shuffling and extracting from dataset (length: 10000)
Shuffling and extraction done
Calculating power spectrum
Expansion coefficients done
Computing training kernel
     Calculating kernels for center species 1
     Calculating kernels for center species 1
Beginning first index add...
Beginning second index add...
     Calculating kernels for center species 6
     Calculating kernels for center species 6
Beginning first index add...
Beginning second index add...
Training kernel done
Computing test kernel
     Calculating kernels for center species 1
     Calculating kernels for center species 1
Beginning first index add...
Beginning second index add...
     Calculating kernels for center species 6
     Calculating kernels for center species 6
Beginning first index add...
Beginning second index add...
Test kernel done
Calculating composition features
Composition features done
-8.0 69.83081024489353
-7.8 58.4307495333549
-7.6 48.414763196469785
-7.4 40.23939898057775
-7.2 34.07235200694292
-7.0 29.73322811360783
-6.8 26.81494865171299
-6.6 24.887788575310545
-6.4 23.617506372441326
-6.2 22.78634340405794
-6.0 22.28919409150511
-5.8 22.132685379549724
-5.6 22.40177791283524
-5.4 23.164388332716563
-5.199999999999999 24.373934945903102
-5.0 25.865892239787485
-4.8 27.4426381597948
-4.6 28.959006649375187
-4.4 30.355194357669887
-4.199999999999999 31.638211442043385
-4.0 32.84118196730042
-3.8 34.006230207498476
-3.5999999999999996 35.22020489750286
-3.3999999999999995 36.680149656762964
-3.1999999999999993 38.71905123323221
-3.0 41.70823189102573
-2.8 45.82324710385496
-2.5999999999999996 50.84539221483046
-2.3999999999999995 56.222827034493285
-2.1999999999999993 61.34800008936664
-2.0 65.79748611041076
-1.7999999999999998 69.39423884650434
-1.5999999999999996 72.1450401349497
-1.3999999999999995 74.15537562095457
-1.1999999999999993 75.56877746901678
-1.0 76.53035163651025
-0.7999999999999998 77.16635076917755
-0.5999999999999996 77.57578905947528
-0.39999999999999947 77.83057588190633
-0.1999999999999993 77.9801447663949
0.0 78.05751393818504
0.20000000000000107 78.08513786640539
0.40000000000000036 78.07966142469428
0.5999999999999996 78.05479514704939
0.8000000000000007 78.02193892024452
1.0 77.9893895095552
1.200000000000001 77.96177164970794
1.4000000000000004 77.94057059845822
1.6000000000000014 77.92535507429153
1.8000000000000007 77.91491682204096
2.0 77.90796614604312
2.200000000000001 77.90342681373896
2.4000000000000004 77.90049917179172
2.6000000000000014 77.8986260640149
2.8000000000000007 77.89743374987596
3.0 77.89667724530688
3.200000000000001 77.89619823896612
3.4000000000000004 77.89589533333942
3.6000000000000014 77.89570394421582
3.8000000000000007 77.89558307875119
4.0 77.89550677512386
Result sigma optimization:  -5.8 22.132685379549724
E_max_2 =  300
Cutoff Radius =  6.0
Selected Radial Transform =  17.0
factor =  3.5
displacement =  0.0
dataset =  datasets/random-ch4-10k.extxyz
n_train =  100
n_test =  2000
Train RMSE: 14.419294125581015 [Train MAE: 11.138776816105185]
Test RMSE: 25.924826567764264 [Test MAE: 17.008982805552694]
FINISHED at Tue Jan 10 09:32:06 CET 2023
