STARTING AT Tue Jan 10 09:31:48 CET 2023
Random seed: 1000
8 20
Reading dataset
Shuffling and extracting from dataset (length: 10000)
Shuffling and extraction done
Calculating power spectrum
Expansion coefficients done
Computing training kernel
     Calculating kernels for center species 1
     Calculating kernels for center species 1
Beginning first index add...
Beginning second index add...
     Calculating kernels for center species 6
     Calculating kernels for center species 6
Beginning first index add...
Beginning second index add...
Training kernel done
Computing test kernel
     Calculating kernels for center species 1
     Calculating kernels for center species 1
Beginning first index add...
Beginning second index add...
     Calculating kernels for center species 6
     Calculating kernels for center species 6
Beginning first index add...
Beginning second index add...
Test kernel done
Calculating composition features
Composition features done
-8.0 123.9825844921718
-7.8 123.97710279074032
-7.6 123.9684163528075
-7.4 123.95467979194947
-7.2 123.93291836678704
-7.0 123.89845535177797
-6.8 123.84397156351635
-6.6 123.75787723196927
-6.4 123.6222220862722
-6.2 123.4090007690718
-6.0 123.07558734679327
-5.8 122.55810297763881
-5.6 121.76442548561813
-5.4 120.56873803811443
-5.199999999999999 118.81503275528272
-5.0 116.34109754995872
-4.8 113.03580842017166
-4.6 108.92778041064328
-4.4 104.26346586185035
-4.199999999999999 99.49660539260495
-4.0 95.14187199980785
-3.8 91.56588696275672
-3.5999999999999996 88.869698437368
-3.3999999999999995 86.93201707934503
-3.1999999999999993 85.52874617025665
-3.0 84.42484619715788
-2.8 83.4262700380959
-2.5999999999999996 82.41670997929772
-2.3999999999999995 81.37020574349377
-2.1999999999999993 80.31709469924985
-2.0 79.27610517959042
-1.7999999999999998 78.21105441367368
-1.5999999999999996 77.05919963329957
-1.3999999999999995 75.80076150542904
-1.1999999999999993 74.49609165464797
-1.0 73.26200718114171
-0.7999999999999998 72.21744905641836
-0.5999999999999996 71.4378195056575
-0.39999999999999947 70.93480140258391
-0.1999999999999993 70.66117709391382
0.0 70.53470382525458
0.20000000000000107 70.47010142339529
0.40000000000000036 70.40650578321298
0.5999999999999996 70.32111073482577
0.8000000000000007 70.22664437677122
1.0 70.15838217042884
1.200000000000001 70.15674479169125
1.4000000000000004 70.25042803303882
1.6000000000000014 70.44807136594164
1.8000000000000007 70.74494416767418
2.0 71.14127250991346
2.200000000000001 71.65450616113708
2.4000000000000004 72.30458494495029
2.6000000000000014 73.07666103527859
2.8000000000000007 73.90068101492145
3.0 74.67914015570958
3.200000000000001 75.34029418868286
3.4000000000000004 75.86901828273854
3.6000000000000014 76.29935281329956
3.8000000000000007 76.68395985890531
4.0 77.0593113356736
Result sigma optimization:  1.200000000000001 70.15674479169125
E_max_2 =  700
Cutoff Radius =  6.0
Selected Radial Transform =  17.0
factor =  0.1
displacement =  0.0
dataset =  datasets/random-ch4-10k.extxyz
n_train =  100
n_test =  2000
Train RMSE: 60.601090432629555 [Train MAE: 35.445827979629236]
Test RMSE: 68.71298735231443 [Test MAE: 39.24292312788153]
FINISHED at Tue Jan 10 09:31:57 CET 2023
