STARTING AT Tue Jan 10 09:31:49 CET 2023
Random seed: 1000
6 14
Reading dataset
Shuffling and extracting from dataset (length: 10000)
Shuffling and extraction done
Calculating power spectrum
Expansion coefficients done
Computing training kernel
     Calculating kernels for center species 1
     Calculating kernels for center species 1
Beginning first index add...
Beginning second index add...
     Calculating kernels for center species 6
     Calculating kernels for center species 6
Beginning first index add...
Beginning second index add...
Training kernel done
Computing test kernel
     Calculating kernels for center species 1
     Calculating kernels for center species 1
Beginning first index add...
Beginning second index add...
     Calculating kernels for center species 6
     Calculating kernels for center species 6
Beginning first index add...
Beginning second index add...
Test kernel done
Calculating composition features
Composition features done
-8.0 91.89155221076913
-7.8 91.8914837869824
-7.6 91.89137534399586
-7.4 91.8912034767808
-7.2 91.89093109338332
-7.0 91.89049941456608
-6.8 91.88981529993505
-6.6 91.8887311771502
-6.4 91.88701327400318
-6.2 91.8842913738664
-6.0 91.87997944313679
-5.8 91.87315048839048
-5.6 91.86233985265433
-5.4 91.84523754402433
-5.199999999999999 91.81821077718303
-5.0 91.77557242465917
-4.8 91.70848341041827
-4.6 91.60336292971698
-4.4 91.43972422931994
-4.199999999999999 91.18755962861037
-4.0 90.80496550897205
-3.8 90.23788701926287
-3.5999999999999996 89.42565953099896
-3.3999999999999995 88.31714035014762
-3.1999999999999993 86.89888198565501
-3.0 85.22479836965182
-2.8 83.4211635257222
-2.5999999999999996 81.64274626822287
-2.3999999999999995 79.99161477329731
-2.1999999999999993 78.4554964743129
-2.0 76.92339558403086
-1.7999999999999998 75.27582423241573
-1.5999999999999996 73.48681592870999
-1.3999999999999995 71.67303221203211
-1.1999999999999993 70.05928254150895
-1.0 68.87089508084384
-0.7999999999999998 68.21463690162028
-0.5999999999999996 68.03555674952209
-0.39999999999999947 68.18501326205849
-0.1999999999999993 68.53925247907371
0.0 69.06795587739683
0.20000000000000107 69.8059714263521
0.40000000000000036 70.77057671765942
0.5999999999999996 71.90474334484591
0.8000000000000007 73.08597417253338
1.0 74.1772199181402
1.200000000000001 75.07603500228139
1.4000000000000004 75.73849782909893
1.6000000000000014 76.1757240413202
1.8000000000000007 76.43216203567992
2.0 76.56141521283776
2.200000000000001 76.61131356919289
2.4000000000000004 76.61914299841335
2.6000000000000014 76.61264821099356
2.8000000000000007 76.61357440380381
3.0 76.64127323883483
3.200000000000001 76.71266785764787
3.4000000000000004 76.83612708364967
3.6000000000000014 77.00370076158387
3.8000000000000007 77.19164475328577
4.0 77.37186758570328
Result sigma optimization:  -0.5999999999999996 68.03555674952209
E_max_2 =  400
Cutoff Radius =  6.0
Selected Radial Transform =  17.0
factor =  0.3
displacement =  0.0
dataset =  datasets/random-ch4-10k.extxyz
n_train =  100
n_test =  2000
Train RMSE: 43.802216830894864 [Train MAE: 25.91505078122399]
Test RMSE: 67.18134385188554 [Test MAE: 34.85344608266414]
FINISHED at Tue Jan 10 09:31:57 CET 2023
