STARTING AT Tue Jan 10 09:25:41 CET 2023
Random seed: 1000
8 20
Reading dataset
Shuffling and extracting from dataset (length: 105092)
Shuffling and extraction done
Calculating power spectrum
Expansion coefficients done
Computing training kernel
     Calculating kernels for center species 79
     Calculating kernels for center species 79
Beginning first index add...
Beginning second index add...
Training kernel done
Computing test kernel
     Calculating kernels for center species 79
     Calculating kernels for center species 79
Beginning first index add...
Beginning second index add...
Test kernel done
Calculating composition features
Composition features done
-8.0 249.0666272844739
-7.8 249.0657618544832
-7.6 249.0643563918126
-7.4 249.06204424634709
-7.2 249.05817035418556
-7.0 249.0515150036989
-6.8 249.03971226321187
-6.6 249.01800761212198
-6.4 248.97663887384752
-6.2 248.89554163532094
-6.0 248.73449276591882
-5.8 248.4171093945796
-5.6 247.81008305909378
-5.4 246.70549132066304
-5.199999999999999 244.82014131563275
-5.0 241.82459814682804
-4.8 237.40677867053472
-4.6 231.36715061658057
-4.4 223.72402911156604
-4.199999999999999 214.77753873306213
-4.0 205.08908931451296
-3.8 195.3923934868013
-3.5999999999999996 186.4832839403734
-3.3999999999999995 179.10646544073794
-3.1999999999999993 173.84503446172258
-3.0 171.05733208515863
-2.8 170.87911414175838
-2.5999999999999996 173.19545358167107
-2.3999999999999995 177.52811878321444
-2.1999999999999993 183.00196452382093
-2.0 188.57070074038086
-1.7999999999999998 193.4163223043443
-1.5999999999999996 197.27764357696574
-1.3999999999999995 200.56928623923267
-1.1999999999999993 204.29859095333458
-1.0 209.80167750165788
-0.7999999999999998 218.2647885600023
-0.5999999999999996 230.12442934292125
-0.39999999999999947 244.79690999146453
-0.1999999999999993 261.1497628267723
0.0 278.3618645507318
0.20000000000000107 296.3863034498337
0.40000000000000036 315.75762985113
0.5999999999999996 337.01995118815665
0.8000000000000007 360.14806181873814
1.0 384.4438094880352
1.200000000000001 409.1101517901935
1.4000000000000004 433.87133336172604
1.6000000000000014 458.97522012341494
1.8000000000000007 484.95093662218244
2.0 512.8327303171347
2.200000000000001 544.4362472466992
2.4000000000000004 581.4845848395607
2.6000000000000014 623.6584805479903
2.8000000000000007 667.6587030180013
3.0 708.7413062323985
3.200000000000001 743.2396542799997
3.4000000000000004 769.806541480399
3.6000000000000014 789.037000594209
3.8000000000000007 802.4712149381554
4.0 811.7663943457767
Result sigma optimization:  -2.8 170.87911414175838
E_max_2 =  700
Cutoff Radius =  6.0
Selected Radial Transform =  17.0
factor =  0.8
displacement =  0.0
dataset =  datasets/gold.xyz
n_train =  100
n_test =  2000
Train RMSE: 49.21659210410825 [Train MAE: 38.05012439429765]
Test RMSE: 163.0799842588195 [Test MAE: 119.50858922841365]
FINISHED at Tue Jan 10 09:26:01 CET 2023
