STARTING AT Tue Jan 10 09:13:30 CET 2023
Random seed: 1000
7 16
Reading dataset
Shuffling and extracting from dataset (length: 133885)
Shuffling and extraction done
Calculating power spectrum
Expansion coefficients done
Computing training kernel
     Calculating kernels for center species 1
     Calculating kernels for center species 1
Beginning first index add...
Beginning second index add...
     Calculating kernels for center species 6
     Calculating kernels for center species 6
Beginning first index add...
Beginning second index add...
     Calculating kernels for center species 7
     Calculating kernels for center species 7
Beginning first index add...
Beginning second index add...
     Calculating kernels for center species 8
     Calculating kernels for center species 8
Beginning first index add...
Beginning second index add...
     Calculating kernels for center species 9
     Calculating kernels for center species 9
Beginning first index add...
Beginning second index add...
Training kernel done
Computing test kernel
     Calculating kernels for center species 1
     Calculating kernels for center species 1
Beginning first index add...
Beginning second index add...
     Calculating kernels for center species 6
     Calculating kernels for center species 6
Beginning first index add...
Beginning second index add...
     Calculating kernels for center species 7
     Calculating kernels for center species 7
Beginning first index add...
Beginning second index add...
     Calculating kernels for center species 8
     Calculating kernels for center species 8
Beginning first index add...
Beginning second index add...
     Calculating kernels for center species 9
     Calculating kernels for center species 9
Beginning first index add...
Beginning second index add...
Test kernel done
Calculating composition features
Composition features done
-8.0 9.878609792320315
-7.8 9.878609798483671
-7.6 9.878609808252381
-7.4 9.878609823735406
-7.2 9.878609848273829
-7.0 9.878609887164679
-6.8 9.878609948802302
-6.6 9.878610046491382
-6.4 9.878610201318056
-6.2 9.878610446701185
-6.0 9.87861083560565
-5.8 9.87861145197455
-5.6 9.878612428845702
-5.4 9.878613977062203
-5.199999999999999 9.878616430768552
-5.0 9.878620319503598
-4.8 9.878626482412983
-4.6 9.878636249162188
-4.4 9.878651726395992
-4.199999999999999 9.878676251083732
-4.0 9.878715107353091
-3.8 9.878776658400353
-3.5999999999999996 9.878874129944414
-3.3999999999999995 9.879028410497794
-3.1999999999999993 9.879272423720169
-3.0 9.879657894126215
-2.8 9.880265662959408
-2.5999999999999996 9.881221034390403
-2.3999999999999995 9.882715651740709
-2.1999999999999993 9.88571441162753
-2.0 9.891426975222656
-1.7999999999999998 9.900436874462411
-1.5999999999999996 9.913892212430149
-1.3999999999999995 9.935065444581051
-1.1999999999999993 9.967787249727344
-1.0 10.014369437077798
-0.7999999999999998 10.088085458762418
-0.5999999999999996 10.198036874814058
-0.39999999999999947 10.402690187124918
-0.1999999999999993 10.66602240953182
0.0 10.984401947513929
0.20000000000000107 11.380721195973742
0.40000000000000036 11.845441219204563
0.5999999999999996 12.361173519738918
0.8000000000000007 12.941138247317145
1.0 13.77233149030403
1.200000000000001 14.69146075509193
1.4000000000000004 15.652276519376114
1.6000000000000014 16.610875169329464
1.8000000000000007 17.439290940309835
2.0 18.092086028677258
2.200000000000001 18.56309759497363
2.4000000000000004 18.880766325008604
2.6000000000000014 19.082191024679684
2.8000000000000007 19.202926772210866
3.0 19.27242194746485
3.200000000000001 19.307274731037324
3.4000000000000004 19.31733205123285
3.6000000000000014 19.310709619391854
3.8000000000000007 19.29317794174643
4.0 19.269723178424194
Result sigma optimization:  -8.0 9.878609792320315
E_max_2 =  500
Cutoff Radius =  6.0
Selected Radial Transform =  17.0
factor =  0.8
displacement =  0.0
dataset =  datasets/qm9.xyz
n_train =  100
n_test =  2000
Train RMSE: 1.5440696242194952e-07 [Train MAE: 1.1288553151570688e-07]
Test RMSE: 13.876226500608572 [Test MAE: 9.490401266473445]
FINISHED at Tue Jan 10 09:14:09 CET 2023
