STARTING AT Tue Jan 10 09:31:49 CET 2023
Random seed: 1000
7 16
Reading dataset
Shuffling and extracting from dataset (length: 10000)
Shuffling and extraction done
Calculating power spectrum
Expansion coefficients done
Computing training kernel
     Calculating kernels for center species 1
     Calculating kernels for center species 1
Beginning first index add...
Beginning second index add...
     Calculating kernels for center species 6
     Calculating kernels for center species 6
Beginning first index add...
Beginning second index add...
Training kernel done
Computing test kernel
     Calculating kernels for center species 1
     Calculating kernels for center species 1
Beginning first index add...
Beginning second index add...
     Calculating kernels for center species 6
     Calculating kernels for center species 6
Beginning first index add...
Beginning second index add...
Test kernel done
Calculating composition features
Composition features done
-8.0 90.65620803811255
-7.8 90.65616474188487
-7.6 90.6560961230267
-7.4 90.65598737108962
-7.2 90.65581502183133
-7.0 90.65554187124772
-6.8 90.65510898902147
-6.6 90.6544229899853
-6.4 90.65333593834409
-6.2 90.6516135402839
-6.0 90.64888489152605
-5.8 90.6445631901771
-5.6 90.63772108123473
-5.4 90.62689542547382
-5.199999999999999 90.60978385697976
-5.0 90.58277857697723
-4.8 90.5402636629902
-4.6 90.47358911566177
-4.4 90.36965326701291
-4.199999999999999 90.20913486696509
-4.0 89.96473309158038
-3.8 89.60045195076393
-3.5999999999999996 89.07399830868201
-3.3999999999999995 88.34498579277951
-3.1999999999999993 87.38961047348236
-3.0 86.21550974549599
-2.8 84.86268237349124
-2.5999999999999996 83.38095347617451
-2.3999999999999995 81.79529994777113
-2.1999999999999993 80.08518164620185
-2.0 78.19841420350987
-1.7999999999999998 76.10472687090902
-1.5999999999999996 73.8634853009541
-1.3999999999999995 71.6455618787844
-1.1999999999999993 69.67268545387377
-1.0 68.11372757023452
-0.7999999999999998 67.016055114
-0.5999999999999996 66.3159325281365
-0.39999999999999947 65.91016702247991
-0.1999999999999993 65.73578522676863
0.0 65.80599299881881
0.20000000000000107 66.17625533398976
0.40000000000000036 66.86750222291536
0.5999999999999996 67.81670391930442
0.8000000000000007 68.89262095081352
1.0 69.94619390650413
1.200000000000001 70.85395544109966
1.4000000000000004 71.54635852977803
1.6000000000000014 72.02620607347252
1.8000000000000007 72.37018737056025
2.0 72.70091599147018
2.200000000000001 73.13165532772022
2.4000000000000004 73.70891213151364
2.6000000000000014 74.39063988695487
2.8000000000000007 75.07890121770616
3.0 75.67981313648738
3.200000000000001 76.14358101572164
3.4000000000000004 76.46700167639128
3.6000000000000014 76.67463331387603
3.8000000000000007 76.79972203490993
4.0 76.87444431479595
Result sigma optimization:  -0.1999999999999993 65.73578522676863
E_max_2 =  500
Cutoff Radius =  6.0
Selected Radial Transform =  17.0
factor =  0.2
displacement =  0.0
dataset =  datasets/random-ch4-10k.extxyz
n_train =  100
n_test =  2000
Train RMSE: 43.86583461646226 [Train MAE: 27.06582652429499]
Test RMSE: 76.58353794148447 [Test MAE: 42.262001297082534]
FINISHED at Tue Jan 10 09:31:57 CET 2023
