STARTING AT Tue Jan 10 09:26:00 CET 2023
Random seed: 1000
7 16
Reading dataset
Shuffling and extracting from dataset (length: 105092)
Shuffling and extraction done
Calculating power spectrum
Expansion coefficients done
Computing training kernel
     Calculating kernels for center species 79
     Calculating kernels for center species 79
Beginning first index add...
Beginning second index add...
Training kernel done
Computing test kernel
     Calculating kernels for center species 79
     Calculating kernels for center species 79
Beginning first index add...
Beginning second index add...
Test kernel done
Calculating composition features
Composition features done
-8.0 163.49431322688935
-7.8 162.72791162493974
-7.6 163.42471700608502
-7.4 166.0785739014944
-7.2 170.90868461888562
-7.0 177.79844685552192
-6.8 186.2735502876793
-6.6 195.54551026810347
-6.4 204.70678348219215
-6.2 213.00844967875625
-6.0 220.02054286598582
-5.8 225.60155025047726
-5.6 229.7957027233496
-5.4 232.7809022953234
-5.199999999999999 234.88309174429253
-5.0 236.63616596662607
-4.8 238.87698489702595
-4.6 242.81702013021223
-4.4 249.91594588478813
-4.199999999999999 261.3552029108123
-4.0 277.265492424015
-3.8 296.42758861835955
-3.5999999999999996 316.91403040003433
-3.3999999999999995 337.0309208866648
-3.1999999999999993 355.68557669120395
-3.0 372.238340705064
-2.8 386.3519584336271
-2.5999999999999996 397.9516954361404
-2.3999999999999995 407.175328480115
-2.1999999999999993 414.33349033623375
-2.0 419.9408059931628
-1.7999999999999998 424.8237026680181
-1.5999999999999996 430.34032256803494
-1.3999999999999995 438.7474645588951
-1.1999999999999993 453.51146390920815
-1.0 478.84303059235174
-0.7999999999999998 517.6234332302473
-0.5999999999999996 568.5556058718406
-0.39999999999999947 625.547480641655
-0.1999999999999993 680.6479125410427
0.0 727.8221799500244
0.20000000000000107 764.5767041710616
0.40000000000000036 791.2964819613388
0.5999999999999996 809.7921192865498
0.8000000000000007 822.1629315325252
1.0 830.2295161789224
1.200000000000001 835.3688405464002
1.4000000000000004 838.5415293115785
1.6000000000000014 840.3801336367299
1.8000000000000007 841.2803310282161
2.0 841.4788824248917
2.200000000000001 841.1203911032156
2.4000000000000004 840.3173720015874
2.6000000000000014 839.1983224306068
2.8000000000000007 837.9257688879444
3.0 836.6721953079594
3.200000000000001 835.5729636174236
3.4000000000000004 834.6956377789809
3.6000000000000014 834.044478831087
3.8000000000000007 833.5862242946525
4.0 833.2755238688162
Result sigma optimization:  -7.8 162.72791162493974
E_max_2 =  500
Cutoff Radius =  6.0
Selected Radial Transform =  17.0
factor =  2.1
displacement =  0.0
dataset =  datasets/gold.xyz
n_train =  100
n_test =  2000
Train RMSE: 116.45169147385965 [Train MAE: 93.46004725826248]
Test RMSE: 154.34528684053345 [Test MAE: 120.55865083125917]
FINISHED at Tue Jan 10 09:26:24 CET 2023
