STARTING AT Tue Jan 10 09:25:39 CET 2023
Random seed: 1000
7 18
Reading dataset
Shuffling and extracting from dataset (length: 105092)
Shuffling and extraction done
Calculating power spectrum
Expansion coefficients done
Computing training kernel
     Calculating kernels for center species 79
     Calculating kernels for center species 79
Beginning first index add...
Beginning second index add...
Training kernel done
Computing test kernel
     Calculating kernels for center species 79
     Calculating kernels for center species 79
Beginning first index add...
Beginning second index add...
Test kernel done
Calculating composition features
Composition features done
-8.0 163.06575599705965
-7.8 163.0630483034901
-7.6 163.05875949841655
-7.4 163.05196877212586
-7.2 163.04122260888823
-7.0 163.0242321223447
-6.8 162.9974062382107
-6.6 162.95514364222868
-6.4 162.8887863187765
-6.2 162.78513741621285
-6.0 162.62450398389052
-5.8 162.3784055950974
-5.6 162.00743551020057
-5.4 161.46014077613626
-5.199999999999999 160.6736812411245
-5.0 159.5759238981514
-4.8 158.087767867455
-4.6 156.12719683895307
-4.4 153.62116733318237
-4.199999999999999 150.52748822793814
-4.0 146.85878027148632
-3.8 142.7092364408172
-3.5999999999999996 138.30237123696156
-3.3999999999999995 134.04795167251604
-3.1999999999999993 130.5380534817827
-3.0 128.43265202110686
-2.8 128.283905656316
-2.5999999999999996 130.39269376405883
-2.3999999999999995 134.75883344997726
-2.1999999999999993 141.14690081496389
-2.0 149.193675660525
-1.7999999999999998 158.41182920037718
-1.5999999999999996 168.09940057686688
-1.3999999999999995 177.3615997283843
-1.1999999999999993 185.37496800726245
-1.0 191.75408463951544
-0.7999999999999998 196.73778559123315
-0.5999999999999996 201.0851485586094
-0.39999999999999947 205.85033929087433
-0.1999999999999993 212.20998507963424
0.0 221.29717529624727
0.20000000000000107 233.90949697232853
0.40000000000000036 250.152045714018
0.5999999999999996 269.4055790207041
0.8000000000000007 290.9629601239894
1.0 314.99492181410795
1.200000000000001 342.931327521348
1.4000000000000004 376.58813578742956
1.6000000000000014 416.48332218782537
1.8000000000000007 461.0057077528974
2.0 507.53924726740075
2.200000000000001 554.2784369285002
2.4000000000000004 600.5590537470035
2.6000000000000014 645.5339979374731
2.8000000000000007 687.2048112098036
3.0 723.1437098329975
3.200000000000001 751.8910153618243
3.4000000000000004 773.5254815971598
3.6000000000000014 789.2523942177831
3.8000000000000007 800.6650364336779
4.0 809.1588289849421
Result sigma optimization:  -2.8 128.283905656316
E_max_2 =  600
Cutoff Radius =  6.0
Selected Radial Transform =  17.0
factor =  0.4
displacement =  0.0
dataset =  datasets/gold.xyz
n_train =  100
n_test =  2000
Train RMSE: 22.949027939826326 [Train MAE: 15.116172719839055]
Test RMSE: 135.1184920371054 [Test MAE: 92.52120827484264]
FINISHED at Tue Jan 10 09:26:00 CET 2023
