STARTING AT Tue Jan 10 09:25:59 CET 2023
Random seed: 1000
5 11
Reading dataset
Shuffling and extracting from dataset (length: 105092)
Shuffling and extraction done
Calculating power spectrum
Expansion coefficients done
Computing training kernel
     Calculating kernels for center species 79
     Calculating kernels for center species 79
Beginning first index add...
Beginning second index add...
Training kernel done
Computing test kernel
     Calculating kernels for center species 79
     Calculating kernels for center species 79
Beginning first index add...
Beginning second index add...
Test kernel done
Calculating composition features
Composition features done
-8.0 166.61381991764168
-7.8 173.18065661935347
-7.6 181.329924875777
-7.4 190.8007345947459
-7.2 201.25372323236923
-7.0 212.12102384540222
-6.8 222.62786644913274
-6.6 231.97925297852743
-6.4 239.59376607606055
-6.2 245.26542853940649
-6.0 249.19498619866653
-5.8 251.95066259294234
-5.6 254.4461531497267
-5.4 257.90735859058145
-5.199999999999999 263.66114380213895
-5.0 272.6447768551529
-4.8 284.9425761805077
-4.6 299.8881261552207
-4.4 316.6483373005228
-4.199999999999999 334.5610336011978
-4.0 352.95259115154073
-3.8 370.90851840774803
-3.5999999999999996 387.38316616224336
-3.3999999999999995 401.5346419439393
-3.1999999999999993 413.0242067084958
-3.0 422.1578868928459
-2.8 429.9288926409292
-2.5999999999999996 438.13448147774244
-2.3999999999999995 449.6385923442256
-2.1999999999999993 468.4351948635039
-2.0 498.63384453397794
-1.7999999999999998 541.9017305509727
-1.5999999999999996 595.1319121916972
-1.3999999999999995 651.2412006973299
-1.1999999999999993 702.8179087504586
-1.0 745.2479297246628
-0.7999999999999998 777.3311883145634
-0.5999999999999996 800.1518261508899
-0.39999999999999947 815.6932596671536
-0.1999999999999993 825.942136352361
0.0 832.5109827537196
0.20000000000000107 836.5705716163
0.40000000000000036 838.9124916691779
0.5999999999999996 840.0464200011347
0.8000000000000007 840.2964345775554
1.0 839.8876830580127
1.200000000000001 839.0165333958578
1.4000000000000004 837.8876485982609
1.6000000000000014 836.7045475248617
1.8000000000000007 835.6292764135767
2.0 834.7512773879304
2.200000000000001 834.0897490555552
2.4000000000000004 833.6195446577649
2.6000000000000014 833.2986553307001
2.8000000000000007 833.085610141381
3.0 832.946714566222
3.200000000000001 832.8572261237578
3.4000000000000004 832.800007243811
3.6000000000000014 832.763599029563
3.8000000000000007 832.7405041400101
4.0 832.7258830284607
Result sigma optimization:  -8.0 166.61381991764168
E_max_2 =  300
Cutoff Radius =  6.0
Selected Radial Transform =  17.0
factor =  1.9
displacement =  0.0
dataset =  datasets/gold.xyz
n_train =  100
n_test =  2000
Train RMSE: 128.1462018747676 [Train MAE: 100.16579418453627]
Test RMSE: 161.1484668771014 [Test MAE: 124.11895813909403]
FINISHED at Tue Jan 10 09:26:21 CET 2023
