STARTING AT Tue Jan 10 09:31:58 CET 2023
Random seed: 1000
5 11
Reading dataset
Shuffling and extracting from dataset (length: 10000)
Shuffling and extraction done
Calculating power spectrum
Expansion coefficients done
Computing training kernel
     Calculating kernels for center species 1
     Calculating kernels for center species 1
Beginning first index add...
Beginning second index add...
     Calculating kernels for center species 6
     Calculating kernels for center species 6
Beginning first index add...
Beginning second index add...
Training kernel done
Computing test kernel
     Calculating kernels for center species 1
     Calculating kernels for center species 1
Beginning first index add...
Beginning second index add...
     Calculating kernels for center species 6
     Calculating kernels for center species 6
Beginning first index add...
Beginning second index add...
Test kernel done
Calculating composition features
Composition features done
-8.0 48.270564755793266
-7.8 42.94349054282123
-7.6 38.25183623655864
-7.4 34.50921798052896
-7.2 31.89179881955244
-7.0 30.32550729140103
-6.8 29.499891603834353
-6.6 29.001051601424923
-6.4 28.456769992409868
-6.2 27.623396262404157
-6.0 26.418637604259967
-5.8 24.918111749821833
-5.6 23.31715590576971
-5.4 21.860820561757674
-5.199999999999999 20.761984664428415
-5.0 20.138643419536116
-4.8 19.99858031568967
-4.6 20.274957864350508
-4.4 20.88056233211223
-4.199999999999999 21.73891125862498
-4.0 22.77829189203447
-3.8 23.91404813027613
-3.5999999999999996 25.058600223419255
-3.3999999999999995 26.168281552661508
-3.1999999999999993 27.296236707588065
-3.0 28.61965500317836
-2.8 30.4283736417161
-2.5999999999999996 33.06186544088263
-2.3999999999999995 36.78141252541952
-2.1999999999999993 41.61061771229642
-2.0 47.25301654558218
-1.7999999999999998 53.18006857073558
-1.5999999999999996 58.838230631941116
-1.3999999999999995 63.82100649644169
-1.1999999999999993 67.92091169433486
-1.0 71.09998159281317
-0.7999999999999998 73.43860763735447
-0.5999999999999996 75.08236282997643
-0.39999999999999947 76.19385736171219
-0.1999999999999993 76.91979217545614
0.0 77.37678008778701
0.20000000000000107 77.65097818446809
0.40000000000000036 77.80418035860833
0.5999999999999996 77.88071943799497
0.8000000000000007 77.91227273005292
1.0 77.92041741540689
1.200000000000001 77.91841322777984
1.4000000000000004 77.91330444584017
1.6000000000000014 77.90819681988458
1.8000000000000007 77.90411163791343
2.0 77.90115767787933
2.200000000000001 77.8991348199124
2.4000000000000004 77.89779270130788
2.6000000000000014 77.8969190465039
2.8000000000000007 77.89635695725796
3.0 77.89599794063423
3.200000000000001 77.89576966895964
3.4000000000000004 77.89562494083582
3.6000000000000014 77.89553334481958
3.8000000000000007 77.89547544049634
4.0 77.89543886104721
Result sigma optimization:  -4.8 19.99858031568967
E_max_2 =  300
Cutoff Radius =  6.0
Selected Radial Transform =  17.0
factor =  2.2
displacement =  0.0
dataset =  datasets/random-ch4-10k.extxyz
n_train =  100
n_test =  2000
Train RMSE: 9.436099490366079 [Train MAE: 7.90791491662156]
Test RMSE: 24.616906685464922 [Test MAE: 14.540685063374811]
FINISHED at Tue Jan 10 09:32:05 CET 2023
