STARTING AT Tue Jan 10 09:31:50 CET 2023
Random seed: 1000
6 14
Reading dataset
Shuffling and extracting from dataset (length: 10000)
Shuffling and extraction done
Calculating power spectrum
Expansion coefficients done
Computing training kernel
     Calculating kernels for center species 1
     Calculating kernels for center species 1
Beginning first index add...
Beginning second index add...
     Calculating kernels for center species 6
     Calculating kernels for center species 6
Beginning first index add...
Beginning second index add...
Training kernel done
Computing test kernel
     Calculating kernels for center species 1
     Calculating kernels for center species 1
Beginning first index add...
Beginning second index add...
     Calculating kernels for center species 6
     Calculating kernels for center species 6
Beginning first index add...
Beginning second index add...
Test kernel done
Calculating composition features
Composition features done
-8.0 70.54998439138132
-7.8 70.55001641470585
-7.6 70.55006716560837
-7.4 70.55014759368255
-7.2 70.5502750468321
-7.0 70.5504770043516
-6.8 70.55079697972292
-6.6 70.55130384106864
-6.4 70.55210649601199
-6.2 70.55337694735694
-6.0 70.55538628882225
-5.8 70.5585603963219
-5.6 70.56356482598478
-5.4 70.57143108432616
-5.199999999999999 70.58373661162258
-5.0 70.60284196673015
-4.8 70.63215528398597
-4.6 70.67630429448992
-4.4 70.74089793425215
-4.199999999999999 70.83120369007192
-4.0 70.94862105399719
-3.8 71.0837700483222
-3.5999999999999996 71.20653169882529
-3.3999999999999995 71.25761937719075
-3.1999999999999993 71.15103721806597
-3.0 70.79464289713374
-2.8 70.12256643740434
-2.5999999999999996 69.11882594582927
-2.3999999999999995 67.81529736743614
-2.1999999999999993 66.27301080191346
-2.0 64.57511181244853
-1.7999999999999998 62.840891902802596
-1.5999999999999996 61.23375225460778
-1.3999999999999995 59.93735410603306
-1.1999999999999993 59.11492915523691
-1.0 58.8794740606616
-0.7999999999999998 59.265151339376104
-0.5999999999999996 60.18971096161087
-0.39999999999999947 61.463009079525364
-0.1999999999999993 62.8885860041067
0.0 64.3829427236144
0.20000000000000107 65.98619096910691
0.40000000000000036 67.75091239617437
0.5999999999999996 69.63130062995465
0.8000000000000007 71.48179473265829
1.0 73.14008786474858
1.200000000000001 74.50097024841563
1.4000000000000004 75.53661926514165
1.6000000000000014 76.27782588892742
1.8000000000000007 76.78442269570908
2.0 77.12187842834307
2.200000000000001 77.3475278178941
2.4000000000000004 77.50384019606403
2.6000000000000014 77.61711777866698
2.8000000000000007 77.7011008283372
3.0 77.76278763791987
3.200000000000001 77.8068262639713
3.4000000000000004 77.83726887290436
3.6000000000000014 77.85773796212537
3.8000000000000007 77.87121632416016
4.0 77.87996209691772
Result sigma optimization:  -1.0 58.8794740606616
E_max_2 =  400
Cutoff Radius =  6.0
Selected Radial Transform =  17.0
factor =  0.6
displacement =  0.0
dataset =  datasets/random-ch4-10k.extxyz
n_train =  100
n_test =  2000
Train RMSE: 30.993796335972007 [Train MAE: 20.428222347200354]
Test RMSE: 45.080990223912146 [Test MAE: 24.9112776232151]
FINISHED at Tue Jan 10 09:32:00 CET 2023
