STARTING AT Tue Jan 10 09:31:57 CET 2023
Random seed: 1000
6 14
Reading dataset
Shuffling and extracting from dataset (length: 10000)
Shuffling and extraction done
Calculating power spectrum
Expansion coefficients done
Computing training kernel
     Calculating kernels for center species 1
     Calculating kernels for center species 1
Beginning first index add...
Beginning second index add...
     Calculating kernels for center species 6
     Calculating kernels for center species 6
Beginning first index add...
Beginning second index add...
Training kernel done
Computing test kernel
     Calculating kernels for center species 1
     Calculating kernels for center species 1
Beginning first index add...
Beginning second index add...
     Calculating kernels for center species 6
     Calculating kernels for center species 6
Beginning first index add...
Beginning second index add...
Test kernel done
Calculating composition features
Composition features done
-8.0 29.951657420022542
-7.8 29.799476889705257
-7.6 29.671592677009926
-7.4 29.579966986677842
-7.2 29.529998508485857
-7.0 29.524190755993843
-6.8 29.56188370503205
-6.6 29.631408520940788
-6.4 29.70077245807788
-6.2 29.717993192784576
-6.0 29.6243282507138
-5.8 29.371330407016757
-5.6 28.932626901155434
-5.4 28.309524926773726
-5.199999999999999 27.5324828134278
-5.0 26.66079248607191
-4.8 25.78116964539031
-4.6 24.99946965069459
-4.4 24.419689370108376
-4.199999999999999 24.11539419019232
-4.0 24.107714430513457
-3.8 24.36152839335477
-3.5999999999999996 24.801882940755405
-3.3999999999999995 25.343119817482982
-3.1999999999999993 25.91607995729617
-3.0 26.4816164626448
-2.8 27.03597135405767
-2.5999999999999996 27.626991413339507
-2.3999999999999995 28.3894244716907
-2.1999999999999993 29.581381017666796
-2.0 31.575525254591394
-1.7999999999999998 34.744184551249745
-1.5999999999999996 39.24533469662424
-1.3999999999999995 44.860071626571425
-1.1999999999999993 51.038275447998096
-1.0 57.119201737306526
-0.7999999999999998 62.56077566307227
-0.5999999999999996 67.05640128564434
-0.39999999999999947 70.5313839281421
-0.1999999999999993 73.0737655432504
0.0 74.85241138926601
0.20000000000000107 76.05219204896551
0.40000000000000036 76.83624442692526
0.5999999999999996 77.33203149982263
0.8000000000000007 77.63227962194544
1.0 77.80238463302159
1.200000000000001 77.88864421881809
1.4000000000000004 77.92428943776915
1.6000000000000014 77.93266582888158
1.8000000000000007 77.92885051501023
2.0 77.92129719950381
2.200000000000001 77.91391166025645
2.4000000000000004 77.90801921509335
2.6000000000000014 77.90375318894945
2.8000000000000007 77.90082693433698
3.0 77.89888275228957
3.200000000000001 77.89761592660352
3.4000000000000004 77.89680033153913
3.6000000000000014 77.8962791652736
3.8000000000000007 77.89594769978243
4.0 77.89573750638824
Result sigma optimization:  -4.0 24.107714430513457
E_max_2 =  400
Cutoff Radius =  6.0
Selected Radial Transform =  17.0
factor =  2.0
displacement =  0.0
dataset =  datasets/random-ch4-10k.extxyz
n_train =  100
n_test =  2000
Train RMSE: 9.069882276362252 [Train MAE: 7.581431612946489]
Test RMSE: 24.592366920566267 [Test MAE: 15.10134636752682]
FINISHED at Tue Jan 10 09:32:05 CET 2023
