STARTING AT Tue Jan 10 09:26:21 CET 2023
Random seed: 1000
6 14
Reading dataset
Shuffling and extracting from dataset (length: 105092)
Shuffling and extraction done
Calculating power spectrum
Expansion coefficients done
Computing training kernel
     Calculating kernels for center species 79
     Calculating kernels for center species 79
Beginning first index add...
Beginning second index add...
Training kernel done
Computing test kernel
     Calculating kernels for center species 79
     Calculating kernels for center species 79
Beginning first index add...
Beginning second index add...
Test kernel done
Calculating composition features
Composition features done
-8.0 207.9365664935474
-7.8 197.5785714269506
-7.6 188.24880928055939
-7.4 179.85179869255313
-7.2 172.55164154184848
-7.0 166.65690858303645
-6.8 162.3396000222456
-6.6 159.51389915395106
-6.4 157.91919970156113
-6.2 157.25025154414348
-6.0 157.25213573475455
-5.8 157.8012004524565
-5.6 158.98065146931458
-5.4 161.08778037642685
-5.199999999999999 164.48998989903612
-5.0 169.37785106282368
-4.8 175.64962313671947
-4.6 183.12192575483735
-4.4 191.93542974855717
-4.199999999999999 202.70943499024483
-4.0 216.05397417188638
-3.8 231.6796160802403
-3.5999999999999996 248.06034948261345
-3.3999999999999995 263.18584220441454
-3.1999999999999993 275.6712337145981
-3.0 285.2530899048824
-2.8 292.5699300784999
-2.5999999999999996 298.7094337566297
-2.3999999999999995 304.91813999968065
-2.1999999999999993 312.5293539856475
-2.0 322.8532904365351
-1.7999999999999998 336.75826361894156
-1.5999999999999996 354.1464550871399
-1.3999999999999995 373.9081591021833
-1.1999999999999993 394.45621273571425
-1.0 414.3646737700801
-0.7999999999999998 432.91176194946325
-0.5999999999999996 450.63665207399595
-0.39999999999999947 469.77410143585416
-0.1999999999999993 494.09325762486316
0.0 527.4779497465223
0.20000000000000107 571.24565366694
0.40000000000000036 622.2059538386659
0.5999999999999996 673.8817517157297
0.8000000000000007 720.0034903061741
1.0 757.0606089491513
1.200000000000001 784.5037193937735
1.4000000000000004 803.5882995960393
1.6000000000000014 816.1807360468863
1.8000000000000007 824.0649207687943
2.0 828.697377091499
2.200000000000001 831.195352817488
2.4000000000000004 832.3882561274935
2.6000000000000014 832.8595475296257
2.8000000000000007 832.9816559343573
3.0 832.9630668253076
3.200000000000001 832.9041551752696
3.4000000000000004 832.8453331752702
3.6000000000000014 832.7987655239413
3.8000000000000007 832.7653897806503
4.0 832.7426799358653
Result sigma optimization:  -6.2 157.25025154414348
E_max_2 =  400
Cutoff Radius =  6.0
Selected Radial Transform =  18.0
factor =  1.0
displacement =  0.0
dataset =  datasets/gold.xyz
n_train =  100
n_test =  2000
Train RMSE: 93.8346464560221 [Train MAE: 73.48005873900803]
Test RMSE: 148.8219234335775 [Test MAE: 111.18458931216456]
FINISHED at Tue Jan 10 09:26:46 CET 2023
