STARTING AT Tue Jan 10 09:26:04 CET 2023
Random seed: 1000
7 16
Reading dataset
Shuffling and extracting from dataset (length: 105092)
Shuffling and extraction done
Calculating power spectrum
Expansion coefficients done
Computing training kernel
     Calculating kernels for center species 79
     Calculating kernels for center species 79
Beginning first index add...
Beginning second index add...
Training kernel done
Computing test kernel
     Calculating kernels for center species 79
     Calculating kernels for center species 79
Beginning first index add...
Beginning second index add...
Test kernel done
Calculating composition features
Composition features done
-8.0 202.63848724954045
-7.8 202.60672750611897
-7.6 202.55657816845974
-7.4 202.477561143463
-7.2 202.35347830338105
-7.0 202.1596502095601
-6.8 201.85933049613968
-6.6 201.39976669577374
-6.4 200.70951604848156
-6.2 199.70058270335488
-6.0 198.2809264451077
-5.8 196.381694757499
-5.6 193.99404800717534
-5.4 191.19377266410044
-5.199999999999999 188.12717577452236
-5.0 184.959544786087
-4.8 181.8204443733529
-4.6 178.77096687278356
-4.4 175.79633459640615
-4.199999999999999 172.83371344951837
-4.0 169.83080616377163
-3.8 166.77881883057842
-3.5999999999999996 163.6582312826226
-3.3999999999999995 160.33534149933556
-3.1999999999999993 156.5608234519331
-3.0 152.17593228706494
-2.8 147.4315704857141
-2.5999999999999996 143.16242300116687
-2.3999999999999995 140.5942023431088
-2.1999999999999993 140.83537792484114
-2.0 144.3881967662448
-1.7999999999999998 150.9767135079181
-1.5999999999999996 159.7211661348251
-1.3999999999999995 169.50581370684162
-1.1999999999999993 179.35987091526886
-1.0 188.69932771471184
-0.7999999999999998 197.33842589818133
-0.5999999999999996 205.3628203803238
-0.39999999999999947 213.104528486126
-0.1999999999999993 221.28985979189522
0.0 231.12767572307624
0.20000000000000107 244.03915812920366
0.40000000000000036 260.97464631242957
0.5999999999999996 281.74275926114854
0.8000000000000007 305.1176167538786
1.0 329.9592338010414
1.200000000000001 356.46409380907056
1.4000000000000004 386.31562057895667
1.6000000000000014 421.3146175215117
1.8000000000000007 461.4649816677012
2.0 504.4312973019041
2.200000000000001 547.1220711826443
2.4000000000000004 587.7067590918426
2.6000000000000014 625.9732351618271
2.8000000000000007 662.0060987802767
3.0 694.9950359205853
3.200000000000001 723.493811336287
3.4000000000000004 746.5115332707746
3.6000000000000014 764.1411549145206
3.8000000000000007 777.3955834703252
4.0 787.6810095276466
Result sigma optimization:  -2.3999999999999995 140.5942023431088
E_max_2 =  500
Cutoff Radius =  6.0
Selected Radial Transform =  18.0
factor =  0.2
displacement =  0.0
dataset =  datasets/gold.xyz
n_train =  100
n_test =  2000
Train RMSE: 39.28134234994794 [Train MAE: 27.384503859125587]
Test RMSE: 130.5483237211085 [Test MAE: 88.32695753332706]
FINISHED at Tue Jan 10 09:26:25 CET 2023
