STARTING AT Tue Jan 10 09:26:07 CET 2023
Random seed: 1000
5 11
Reading dataset
Shuffling and extracting from dataset (length: 105092)
Shuffling and extraction done
Calculating power spectrum
Expansion coefficients done
Computing training kernel
     Calculating kernels for center species 79
     Calculating kernels for center species 79
Beginning first index add...
Beginning second index add...
Training kernel done
Computing test kernel
     Calculating kernels for center species 79
     Calculating kernels for center species 79
Beginning first index add...
Beginning second index add...
Test kernel done
Calculating composition features
Composition features done
-8.0 280.9988094863684
-7.8 271.0757606874483
-7.6 260.9321002699802
-7.4 250.49373879454916
-7.2 239.81856493788834
-7.0 229.0249303162272
-6.8 218.177340522373
-6.6 207.33327555680526
-6.4 196.73542495000095
-6.2 186.89540717132957
-6.0 178.40549906331134
-5.8 171.6490328898468
-5.6 166.69684063455108
-5.4 163.41934726860907
-5.199999999999999 161.62636874477826
-5.0 161.17450339104025
-4.8 162.11301392728882
-4.6 164.75053076528448
-4.4 169.4065590829354
-4.199999999999999 175.94077729611627
-4.0 183.52803969203435
-3.8 190.97310969451522
-3.5999999999999996 197.3077538558367
-3.3999999999999995 202.20111969757258
-3.1999999999999993 205.99075388429242
-3.0 209.46456265521317
-2.8 213.62525443869262
-2.5999999999999996 219.53936638709928
-2.3999999999999995 228.14123798333046
-2.1999999999999993 239.8762928007559
-2.0 254.43465086365066
-1.7999999999999998 270.9916527765768
-1.5999999999999996 288.89454767148027
-1.3999999999999995 308.15239556858165
-1.1999999999999993 329.27087239507546
-1.0 352.7214915614393
-0.7999999999999998 378.6021699892713
-0.5999999999999996 406.5687258494256
-0.39999999999999947 435.75062781744214
-0.1999999999999993 464.7437085503414
0.0 492.1713143161206
0.20000000000000107 517.7476840253831
0.40000000000000036 542.9764479426484
0.5999999999999996 570.6542404836727
0.8000000000000007 603.0491797190297
1.0 639.8384468843589
1.200000000000001 677.7954550339068
1.4000000000000004 712.757081228834
1.6000000000000014 741.9139098122643
1.8000000000000007 764.603758362918
2.0 781.716295385353
2.200000000000001 794.6849535051552
2.4000000000000004 804.7321678181714
2.6000000000000014 812.5943709174052
2.8000000000000007 818.6450837977537
3.0 823.137299605087
3.200000000000001 826.3392390056597
3.4000000000000004 828.5409532289336
3.6000000000000014 830.013502099765
3.8000000000000007 830.9790676354069
4.0 831.6037157162539
Result sigma optimization:  -5.0 161.17450339104025
E_max_2 =  300
Cutoff Radius =  6.0
Selected Radial Transform =  18.0
factor =  0.6
displacement =  0.0
dataset =  datasets/gold.xyz
n_train =  100
n_test =  2000
Train RMSE: 73.16812456680083 [Train MAE: 56.69717013871981]
Test RMSE: 153.06974144886436 [Test MAE: 109.64318275433229]
FINISHED at Tue Jan 10 09:26:25 CET 2023
