STARTING AT Tue Jan 10 09:32:07 CET 2023
Random seed: 1000
7 18
Reading dataset
Shuffling and extracting from dataset (length: 10000)
Shuffling and extraction done
Calculating power spectrum
Expansion coefficients done
Computing training kernel
     Calculating kernels for center species 1
     Calculating kernels for center species 1
Beginning first index add...
Beginning second index add...
     Calculating kernels for center species 6
     Calculating kernels for center species 6
Beginning first index add...
Beginning second index add...
Training kernel done
Computing test kernel
     Calculating kernels for center species 1
     Calculating kernels for center species 1
Beginning first index add...
Beginning second index add...
     Calculating kernels for center species 6
     Calculating kernels for center species 6
Beginning first index add...
Beginning second index add...
Test kernel done
Calculating composition features
Composition features done
-8.0 40.013173190352944
-7.8 39.69307887814611
-7.6 39.35032862913516
-7.4 39.01146987474009
-7.2 38.68888913449649
-7.0 38.36394659401199
-6.8 37.98641689559012
-6.6 37.497809640091646
-6.4 36.86697207254119
-6.2 36.11449323644705
-6.0 35.30761807021815
-5.8 34.526851149294096
-5.6 33.824894880383155
-5.4 33.20172687422192
-5.199999999999999 32.605984286361554
-5.0 31.958274684140672
-4.8 31.187348991740155
-4.6 30.26679726420427
-4.4 29.234245797090068
-4.199999999999999 28.18115397826607
-4.0 27.220718928750877
-3.8 26.453883752128455
-3.5999999999999996 25.94691538002941
-3.3999999999999995 25.721390001837445
-3.1999999999999993 25.755629401848235
-3.0 25.998641645795182
-2.8 26.389792855674685
-2.5999999999999996 26.872934664130696
-2.3999999999999995 27.40765824178629
-2.1999999999999993 27.991674252193754
-2.0 28.697134223404262
-1.7999999999999998 29.70532707822535
-1.5999999999999996 31.307896527548976
-1.3999999999999995 33.826749857106016
-1.1999999999999993 37.44384140795672
-1.0 42.05930808700363
-0.7999999999999998 47.3217270607852
-0.5999999999999996 52.78529715611077
-0.39999999999999947 58.04259854194712
-0.1999999999999993 62.78565396669766
0.0 66.82694716078679
0.20000000000000107 70.09506898949924
0.40000000000000036 72.61150914773089
0.5999999999999996 74.46186301039741
0.8000000000000007 75.76676616141133
1.0 76.65412133523813
1.200000000000001 77.23824128195947
1.4000000000000004 77.60982951161667
1.6000000000000014 77.83520193758883
1.8000000000000007 77.9606402397586
2.0 78.01840041452165
2.200000000000001 78.03212056067181
2.4000000000000004 78.02019504374418
2.6000000000000014 77.99675681379571
2.8000000000000007 77.971394897168
3.0 77.94925228579966
3.200000000000001 77.93208808259322
3.4000000000000004 77.91973200479308
3.6000000000000014 77.9112494794671
3.8000000000000007 77.90560141675297
4.0 77.90191367175854
Result sigma optimization:  -3.3999999999999995 25.721390001837445
E_max_2 =  600
Cutoff Radius =  6.0
Selected Radial Transform =  18.0
factor =  1.6
displacement =  0.0
dataset =  datasets/random-ch4-10k.extxyz
n_train =  100
n_test =  2000
Train RMSE: 9.891593157861417 [Train MAE: 8.13413598990928]
Test RMSE: 26.922534024779715 [Test MAE: 16.159323752058835]
FINISHED at Tue Jan 10 09:32:15 CET 2023
