STARTING AT Tue Jan 10 09:32:08 CET 2023
Random seed: 1000
5 11
Reading dataset
Shuffling and extracting from dataset (length: 10000)
Shuffling and extraction done
Calculating power spectrum
Expansion coefficients done
Computing training kernel
     Calculating kernels for center species 1
     Calculating kernels for center species 1
Beginning first index add...
Beginning second index add...
     Calculating kernels for center species 6
     Calculating kernels for center species 6
Beginning first index add...
Beginning second index add...
Training kernel done
Computing test kernel
     Calculating kernels for center species 1
     Calculating kernels for center species 1
Beginning first index add...
Beginning second index add...
     Calculating kernels for center species 6
     Calculating kernels for center species 6
Beginning first index add...
Beginning second index add...
Test kernel done
Calculating composition features
Composition features done
-8.0 47.71256197560534
-7.8 45.753222411917854
-7.6 43.24351706763927
-7.4 40.17689338166652
-7.2 36.67310348164416
-7.0 32.96155208087957
-6.8 29.344965832502904
-6.6 26.1235790980925
-6.4 23.492845937733314
-6.2 21.489242033792472
-6.0 20.037401522376584
-5.8 19.05075430408789
-5.6 18.501286470210456
-5.4 18.425554414862233
-5.199999999999999 18.878994377336703
-5.0 19.8690982670346
-4.8 21.313069178768785
-4.6 23.052935866058117
-4.4 24.911700302084046
-4.199999999999999 26.745608335670685
-4.0 28.469200714668098
-3.8 30.067938581698943
-3.5999999999999996 31.624208377614472
-3.3999999999999995 33.35292566099186
-3.1999999999999993 35.600456082694066
-3.0 38.739085234554416
-2.8 42.948002372598594
-2.5999999999999996 48.03438353121511
-2.3999999999999995 53.492660584534384
-2.1999999999999993 58.76209417089152
-2.0 63.44752191849614
-1.7999999999999998 67.36993243852586
-1.5999999999999996 70.5025894755067
-1.3999999999999995 72.89947662480614
-1.1999999999999993 74.6575983851768
-1.0 75.8966291013097
-0.7999999999999998 76.73926628604528
-0.5999999999999996 77.29428030649791
-0.39999999999999947 77.64778902043219
-0.1999999999999993 77.86263329468392
0.0 77.9824626900021
0.20000000000000107 78.03742085443018
0.40000000000000036 78.04942390190068
0.5999999999999996 78.0356826155701
0.8000000000000007 78.00988007234194
1.0 77.98178902757931
1.200000000000001 77.95698298297917
1.4000000000000004 77.93755331751854
1.6000000000000014 77.92345343025357
1.8000000000000007 77.91371795889498
2.0 77.90721015113797
2.200000000000001 77.90294999826034
2.4000000000000004 77.90019839821451
2.6000000000000014 77.89843632000621
2.8000000000000007 77.89731404215492
3.0 77.8966017199296
3.200000000000001 77.89615058771321
3.4000000000000004 77.89586526824624
3.6000000000000014 77.89568497474967
3.8000000000000007 77.89557110995686
4.0 77.89549922337686
Result sigma optimization:  -5.4 18.425554414862233
E_max_2 =  300
Cutoff Radius =  6.0
Selected Radial Transform =  18.0
factor =  2.1
displacement =  0.0
dataset =  datasets/random-ch4-10k.extxyz
n_train =  100
n_test =  2000
Train RMSE: 12.02484197397133 [Train MAE: 9.459127773094503]
Test RMSE: 22.536524941545245 [Test MAE: 14.691451554657526]
FINISHED at Tue Jan 10 09:32:14 CET 2023
