STARTING AT Tue Jan 10 09:32:06 CET 2023
Random seed: 1000
7 18
Reading dataset
Shuffling and extracting from dataset (length: 10000)
Shuffling and extraction done
Calculating power spectrum
Expansion coefficients done
Computing training kernel
     Calculating kernels for center species 1
     Calculating kernels for center species 1
Beginning first index add...
Beginning second index add...
     Calculating kernels for center species 6
     Calculating kernels for center species 6
Beginning first index add...
Beginning second index add...
Training kernel done
Computing test kernel
     Calculating kernels for center species 1
     Calculating kernels for center species 1
Beginning first index add...
Beginning second index add...
     Calculating kernels for center species 6
     Calculating kernels for center species 6
Beginning first index add...
Beginning second index add...
Test kernel done
Calculating composition features
Composition features done
-8.0 29.87675037907398
-7.8 29.876506681533712
-7.6 29.876120911880207
-7.4 29.87551067247833
-7.2 29.874546421097808
-7.0 29.873025456275645
-6.8 29.87063296761375
-6.6 29.866885815734815
-6.4 29.86105644318866
-6.2 29.85208187270854
-6.0 29.83848294116026
-5.8 29.81835967059863
-5.6 29.789586398754654
-5.4 29.750355872032376
-5.199999999999999 29.700087932215542
-5.0 29.64029951519901
-4.8 29.574485287198424
-4.6 29.50599270312116
-4.4 29.433871728953946
-4.199999999999999 29.34846004282239
-4.0 29.22969034833538
-3.8 29.050822454828396
-3.5999999999999996 28.789274358511165
-3.3999999999999995 28.442874891432766
-3.1999999999999993 28.041944349581687
-3.0 27.64485979752178
-2.8 27.317112626229083
-2.5999999999999996 27.10796653233623
-2.3999999999999995 27.038039163880367
-2.1999999999999993 27.102373818664223
-2.0 27.288373084771763
-1.7999999999999998 27.605413965841525
-1.5999999999999996 28.122582239429928
-1.3999999999999995 29.011832268063866
-1.1999999999999993 30.578751805800387
-1.0 33.21919135105083
-0.7999999999999998 37.23326447133125
-0.5999999999999996 42.57400526579336
-0.39999999999999947 48.76675560884375
-0.1999999999999993 55.09917383355123
0.0 60.915234440976334
0.20000000000000107 65.80517226261084
0.40000000000000036 69.63169146362038
0.5999999999999996 72.45702378703628
0.8000000000000007 74.44828523949944
1.0 75.80107850768947
1.200000000000001 76.69320112738608
1.4000000000000004 77.26555151217713
1.6000000000000014 77.62067050531917
1.8000000000000007 77.82953784673772
2.0 77.94058390772541
2.200000000000001 77.98777676086235
2.4000000000000004 77.99616497736697
2.6000000000000014 77.98440969455712
2.8000000000000007 77.96534404643683
3.0 77.9463857147485
3.200000000000001 77.93075148357156
3.4000000000000004 77.91910671071216
3.6000000000000014 77.91095068594005
3.8000000000000007 77.90545351045382
4.0 77.90183719564547
Result sigma optimization:  -2.3999999999999995 27.038039163880367
E_max_2 =  600
Cutoff Radius =  6.0
Selected Radial Transform =  18.0
factor =  1.1
displacement =  0.0
dataset =  datasets/random-ch4-10k.extxyz
n_train =  100
n_test =  2000
Train RMSE: 12.982935436591045 [Train MAE: 10.545309890964228]
Test RMSE: 25.948596334406606 [Test MAE: 17.7867960023407]
FINISHED at Tue Jan 10 09:32:15 CET 2023
