STARTING AT Tue Jan 10 09:26:22 CET 2023
Random seed: 1000
7 18
Reading dataset
Shuffling and extracting from dataset (length: 105092)
Shuffling and extraction done
Calculating power spectrum
Expansion coefficients done
Computing training kernel
     Calculating kernels for center species 79
     Calculating kernels for center species 79
Beginning first index add...
Beginning second index add...
Training kernel done
Computing test kernel
     Calculating kernels for center species 79
     Calculating kernels for center species 79
Beginning first index add...
Beginning second index add...
Test kernel done
Calculating composition features
Composition features done
-8.0 304.8687285680255
-7.8 300.2252025150248
-7.6 293.9841722420456
-7.4 286.30653026008997
-7.2 277.4821118962799
-7.0 267.81123377030826
-6.8 257.4896889385168
-6.6 246.5659542122421
-6.4 235.04638258547635
-6.2 223.11014450560612
-6.0 211.23914722493635
-5.8 200.115697085833
-5.6 190.3700511755272
-5.4 182.37307489378142
-5.199999999999999 176.18100540043048
-5.0 171.61156380609225
-4.8 168.38279185894237
-4.6 166.2603035334178
-4.4 165.16415557211369
-4.199999999999999 165.18161426012404
-4.0 166.480997828344
-3.8 169.23439214160587
-3.5999999999999996 173.69369661929306
-3.3999999999999995 180.383721033122
-3.1999999999999993 190.1071572174506
-3.0 203.44577473579096
-2.8 219.9444950467744
-2.5999999999999996 237.80726218172512
-2.3999999999999995 254.63881630798696
-2.1999999999999993 268.6272279692416
-2.0 279.19983287655964
-1.7999999999999998 286.90830240717014
-1.5999999999999996 292.94364460557216
-1.3999999999999995 298.7287227032967
-1.1999999999999993 305.74067794337935
-1.0 315.354296175459
-0.7999999999999998 328.4129420343813
-0.5999999999999996 344.7141435159191
-0.39999999999999947 363.07900181020045
-0.1999999999999993 382.1355827782479
0.0 401.0260339173554
0.20000000000000107 419.53637397211713
0.40000000000000036 438.12340772581155
0.5999999999999996 458.32823664214146
0.8000000000000007 483.1296138181596
1.0 516.1469413687383
1.200000000000001 559.2309365010879
1.4000000000000004 610.0967198431237
1.6000000000000014 662.7591488081216
1.8000000000000007 710.738603097909
2.0 749.9699138850732
2.200000000000001 779.4386746278957
2.4000000000000004 800.1807037928571
2.6000000000000014 814.0315691300327
2.8000000000000007 822.82819901367
3.0 828.0927267365553
3.200000000000001 830.9957526450278
3.4000000000000004 832.4135345389466
3.6000000000000014 832.9801783798641
3.8000000000000007 833.1198333512884
4.0 833.0827750163619
Result sigma optimization:  -4.4 165.16415557211369
E_max_2 =  600
Cutoff Radius =  6.0
Selected Radial Transform =  18.0
factor =  1.0
displacement =  0.0
dataset =  datasets/gold.xyz
n_train =  100
n_test =  2000
Train RMSE: 101.37746616677582 [Train MAE: 81.1786605875892]
Test RMSE: 148.21104742394306 [Test MAE: 115.09063753559744]
FINISHED at Tue Jan 10 09:26:46 CET 2023
