STARTING AT Tue Jan 10 09:14:21 CET 2023
Random seed: 1000
7 18
Reading dataset
Shuffling and extracting from dataset (length: 133885)
Shuffling and extraction done
Calculating power spectrum
Expansion coefficients done
Computing training kernel
     Calculating kernels for center species 1
     Calculating kernels for center species 1
Beginning first index add...
Beginning second index add...
     Calculating kernels for center species 6
     Calculating kernels for center species 6
Beginning first index add...
Beginning second index add...
     Calculating kernels for center species 7
     Calculating kernels for center species 7
Beginning first index add...
Beginning second index add...
     Calculating kernels for center species 8
     Calculating kernels for center species 8
Beginning first index add...
Beginning second index add...
     Calculating kernels for center species 9
     Calculating kernels for center species 9
Beginning first index add...
Beginning second index add...
Training kernel done
Computing test kernel
     Calculating kernels for center species 1
     Calculating kernels for center species 1
Beginning first index add...
Beginning second index add...
     Calculating kernels for center species 6
     Calculating kernels for center species 6
Beginning first index add...
Beginning second index add...
     Calculating kernels for center species 7
     Calculating kernels for center species 7
Beginning first index add...
Beginning second index add...
     Calculating kernels for center species 8
     Calculating kernels for center species 8
Beginning first index add...
Beginning second index add...
     Calculating kernels for center species 9
     Calculating kernels for center species 9
Beginning first index add...
Beginning second index add...
Test kernel done
Calculating composition features
Composition features done
-8.0 12.297087100844513
-7.8 12.29708710087826
-7.6 12.297087100931174
-7.4 12.297087101015231
-7.2 12.297087101148458
-7.0 12.29708710135933
-6.8 12.297087101694474
-6.6 12.297087102225275
-6.4 12.297087103066126
-6.2 12.2970871043994
-6.0 12.297087106512008
-5.8 12.297087109860584
-5.6 12.297087115166933
-5.4 12.297087123577592
-5.199999999999999 12.297087136907479
-5.0 12.297087158033657
-4.8 12.297087191517056
-4.6 12.297087244583714
-4.4 12.29708732868881
-4.199999999999999 12.297087461985319
-4.0 12.297087673243448
-3.8 12.2970880080586
-3.5999999999999996 12.29708853869041
-3.3999999999999995 12.297089379645787
-3.1999999999999993 12.297090712373642
-3.0 12.297092824362112
-2.8 12.29709617102686
-2.5999999999999996 12.297101473598795
-2.3999999999999995 12.297109873754508
-2.1999999999999993 12.297123177427109
-2.0 12.297144238027375
-1.7999999999999998 12.297177555833862
-1.5999999999999996 12.29723020794953
-1.3999999999999995 12.297313272148617
-1.1999999999999993 12.297443958628104
-1.0 12.297648678154971
-0.7999999999999998 12.29796713759014
-0.5999999999999996 12.298456953478592
-0.39999999999999947 12.299196439879218
-0.1999999999999993 12.30027838967116
0.0 12.301776185285023
0.20000000000000107 12.303639229096389
0.40000000000000036 12.306301096770076
0.5999999999999996 12.310621988994042
0.8000000000000007 12.312186505493182
1.0 12.30508848956488
1.200000000000001 12.278889638801491
1.4000000000000004 12.243954962994405
1.6000000000000014 12.27816925635468
1.8000000000000007 12.412255865435982
2.0 12.721491154072373
2.200000000000001 13.049830994561692
2.4000000000000004 13.39081506053129
2.6000000000000014 13.717703288554793
2.8000000000000007 14.038381392009546
3.0 14.526910161708779
3.200000000000001 15.093978201711689
3.4000000000000004 15.782437561695545
3.6000000000000014 16.472660071242018
3.8000000000000007 17.114611907603976
4.0 17.658336656457948
Result sigma optimization:  1.4000000000000004 12.243954962994405
E_max_2 =  600
Cutoff Radius =  6.0
Selected Radial Transform =  18.0
factor =  0.2
displacement =  0.0
dataset =  datasets/qm9.xyz
n_train =  100
n_test =  2000
Train RMSE: 2.746652546531384 [Train MAE: 2.0755782593765253]
Test RMSE: 15.986373870296067 [Test MAE: 11.116778160422188]
FINISHED at Tue Jan 10 09:15:00 CET 2023
