STARTING AT Tue Jan 10 09:32:01 CET 2023
Random seed: 1000
8 20
Reading dataset
Shuffling and extracting from dataset (length: 10000)
Shuffling and extraction done
Calculating power spectrum
Expansion coefficients done
Computing training kernel
     Calculating kernels for center species 1
     Calculating kernels for center species 1
Beginning first index add...
Beginning second index add...
     Calculating kernels for center species 6
     Calculating kernels for center species 6
Beginning first index add...
Beginning second index add...
Training kernel done
Computing test kernel
     Calculating kernels for center species 1
     Calculating kernels for center species 1
Beginning first index add...
Beginning second index add...
     Calculating kernels for center species 6
     Calculating kernels for center species 6
Beginning first index add...
Beginning second index add...
Test kernel done
Calculating composition features
Composition features done
-8.0 33.13632661271291
-7.8 33.13632649463278
-7.6 33.136326307486996
-7.4 33.13632601088893
-7.2 33.13632554082808
-7.0 33.13632479587235
-6.8 33.13632361530041
-6.6 33.13632174447241
-6.4 33.13631878006052
-6.2 33.136314083411904
-6.0 33.13630664379424
-5.8 33.136294863029185
-5.6 33.13627621747952
-5.4 33.136246730738065
-5.199999999999999 33.13620015916795
-5.0 33.136126753682845
-4.8 33.136011428966164
-4.6 33.13583118820935
-4.4 33.13555184497771
-4.199999999999999 33.135124782675454
-4.0 33.134486486676536
-3.8 33.13356861895127
-3.5999999999999996 33.132337856360735
-3.3999999999999995 33.13090765411371
-3.1999999999999993 33.12980164469682
-3.0 33.13048800732516
-2.8 33.13629352098058
-2.5999999999999996 33.15365608124245
-2.3999999999999995 33.19336024042419
-2.1999999999999993 33.27106172061143
-2.0 33.40618723795399
-1.7999999999999998 33.618496886375404
-1.5999999999999996 33.923490467874615
-1.3999999999999995 34.33150684512868
-1.1999999999999993 34.85563964305707
-1.0 35.52605562036053
-0.7999999999999998 36.39840368968639
-0.5999999999999996 37.54168542970677
-0.39999999999999947 39.0031439695767
-0.1999999999999993 40.76917524786521
0.0 42.749994178702934
0.20000000000000107 44.803634595945425
0.40000000000000036 46.79874793082346
0.5999999999999996 48.698689654829884
0.8000000000000007 50.61973127138477
1.0 52.80440356653044
1.200000000000001 55.49595646078591
1.4000000000000004 58.76879178153152
1.6000000000000014 62.42957226200864
1.8000000000000007 66.09068884461767
2.0 69.36634381461859
2.200000000000001 72.02707920354135
2.4000000000000004 74.0262907999619
2.6000000000000014 75.43971876304357
2.8000000000000007 76.39163926956475
3.0 77.00623543012249
3.200000000000001 77.38697209625333
3.4000000000000004 77.61289395047035
3.6000000000000014 77.7413470220515
3.8000000000000007 77.81179485630119
4.0 77.84958291408948
Result sigma optimization:  -3.1999999999999993 33.12980164469682
E_max_2 =  700
Cutoff Radius =  6.0
Selected Radial Transform =  18.0
factor =  0.4
displacement =  0.0
dataset =  datasets/random-ch4-10k.extxyz
n_train =  100
n_test =  2000
Train RMSE: 0.272024014752569 [Train MAE: 0.1998033231969471]
Test RMSE: 27.561632354084256 [Test MAE: 14.601751630091053]
FINISHED at Tue Jan 10 09:32:07 CET 2023
