STARTING AT Tue Jan 10 09:14:18 CET 2023
Random seed: 1000
7 18
Reading dataset
Shuffling and extracting from dataset (length: 133885)
Shuffling and extraction done
Calculating power spectrum
Expansion coefficients done
Computing training kernel
     Calculating kernels for center species 1
     Calculating kernels for center species 1
Beginning first index add...
Beginning second index add...
     Calculating kernels for center species 6
     Calculating kernels for center species 6
Beginning first index add...
Beginning second index add...
     Calculating kernels for center species 7
     Calculating kernels for center species 7
Beginning first index add...
Beginning second index add...
     Calculating kernels for center species 8
     Calculating kernels for center species 8
Beginning first index add...
Beginning second index add...
     Calculating kernels for center species 9
     Calculating kernels for center species 9
Beginning first index add...
Beginning second index add...
Training kernel done
Computing test kernel
     Calculating kernels for center species 1
     Calculating kernels for center species 1
Beginning first index add...
Beginning second index add...
     Calculating kernels for center species 6
     Calculating kernels for center species 6
Beginning first index add...
Beginning second index add...
     Calculating kernels for center species 7
     Calculating kernels for center species 7
Beginning first index add...
Beginning second index add...
     Calculating kernels for center species 8
     Calculating kernels for center species 8
Beginning first index add...
Beginning second index add...
     Calculating kernels for center species 9
     Calculating kernels for center species 9
Beginning first index add...
Beginning second index add...
Test kernel done
Calculating composition features
Composition features done
-8.0 16.548535303721042
-7.8 16.54853530370734
-7.6 16.548535303669865
-7.4 16.548535303624472
-7.2 16.54853530354977
-7.0 16.54853530343233
-6.8 16.548535303229286
-6.6 16.548535302923963
-6.4 16.548535302433642
-6.2 16.54853530166208
-6.0 16.54853530043208
-5.8 16.548535298490236
-5.6 16.54853529541319
-5.4 16.548535290536464
-5.199999999999999 16.548535282812225
-5.0 16.548535270556123
-4.8 16.548535251144507
-4.6 16.548535220370933
-4.4 16.54853517159811
-4.199999999999999 16.54853509429566
-4.0 16.548534971798166
-3.8 16.54853477763703
-3.5999999999999996 16.548534469908635
-3.3999999999999995 16.548533982194947
-3.1999999999999993 16.54853320922538
-3.0 16.548531984171618
-2.8 16.548530042553836
-2.5999999999999996 16.54852696531905
-2.3999999999999995 16.54852208824681
-2.1999999999999993 16.548514358609562
-2.0 16.548502108039244
-1.7999999999999998 16.548482692316906
-1.5999999999999996 16.548451920850702
-1.3999999999999995 16.548403152260413
-1.1999999999999993 16.54832586152692
-1.0 16.54820336967495
-0.7999999999999998 16.5480092474888
-0.5999999999999996 16.547701620566627
-0.39999999999999947 16.547214155099024
-0.1999999999999993 16.546441801272554
0.0 16.545218272331056
0.20000000000000107 16.543280537916004
0.40000000000000036 16.540213015886604
0.5999999999999996 16.535382471606155
0.8000000000000007 16.528027071078416
1.0 16.516419856218715
1.200000000000001 16.498148450117757
1.4000000000000004 16.46949755260579
1.6000000000000014 16.425061343485655
1.8000000000000007 16.357261009831014
2.0 16.25393973051289
2.200000000000001 16.104275074978954
2.4000000000000004 15.907693105937359
2.6000000000000014 15.646339652323078
2.8000000000000007 15.309076558613604
3.0 14.986275368407423
3.200000000000001 14.74063439685448
3.4000000000000004 14.491325591091654
3.6000000000000014 14.235763464808377
3.8000000000000007 13.95161604624938
4.0 13.70116349791457
Result sigma optimization:  4.0 13.70116349791457
E_max_2 =  600
Cutoff Radius =  6.0
Selected Radial Transform =  18.0
factor =  0.1
displacement =  0.0
dataset =  datasets/qm9.xyz
n_train =  100
n_test =  2000
Train RMSE: 8.794252196411447 [Train MAE: 6.444806574421886]
Test RMSE: 21.207041467733053 [Test MAE: 15.62474786617231]
FINISHED at Tue Jan 10 09:15:01 CET 2023
