STARTING AT Tue Jan 10 09:32:06 CET 2023
Random seed: 1000
5 11
Reading dataset
Shuffling and extracting from dataset (length: 10000)
Shuffling and extraction done
Calculating power spectrum
Expansion coefficients done
Computing training kernel
     Calculating kernels for center species 1
     Calculating kernels for center species 1
Beginning first index add...
Beginning second index add...
     Calculating kernels for center species 6
     Calculating kernels for center species 6
Beginning first index add...
Beginning second index add...
Training kernel done
Computing test kernel
     Calculating kernels for center species 1
     Calculating kernels for center species 1
Beginning first index add...
Beginning second index add...
     Calculating kernels for center species 6
     Calculating kernels for center species 6
Beginning first index add...
Beginning second index add...
Test kernel done
Calculating composition features
Composition features done
-8.0 38.07399569431845
-7.8 36.51417107029392
-7.6 34.73522206307279
-7.4 32.83446578045224
-7.2 30.976387821131723
-7.0 29.357830812182424
-6.8 28.122396524470055
-6.6 27.273789290270066
-6.4 26.66900163790038
-6.2 26.101494787455042
-6.0 25.402300892867203
-5.8 24.500522895201048
-5.6 23.43658569034025
-5.4 22.340642239268256
-5.199999999999999 21.387663143883028
-5.0 20.7407596139328
-4.8 20.497877308991637
-4.6 20.663604587232463
-4.4 21.16290592609974
-4.199999999999999 21.887563662988086
-4.0 22.742403587889427
-3.8 23.663263998528237
-3.5999999999999996 24.61071065741591
-3.3999999999999995 25.570936966961373
-3.1999999999999993 26.584817123814627
-3.0 27.790600478346956
-2.8 29.443363646527505
-2.5999999999999996 31.873041230915323
-2.3999999999999995 35.362898415043155
-2.1999999999999993 39.98822002979083
-2.0 45.51695628172858
-1.7999999999999998 51.45933520910775
-1.5999999999999996 57.250220940351255
-1.3999999999999995 62.44091776190906
-1.1999999999999993 66.78377736023393
-1.0 70.21082438067816
-0.7999999999999998 72.77789738918659
-0.5999999999999996 74.61315137153974
-0.39999999999999947 75.87262638129863
-0.1999999999999993 76.70591753727672
0.0 77.23734941774651
0.20000000000000107 77.56158774655826
0.40000000000000036 77.74768037805381
0.5999999999999996 77.84543252312686
0.8000000000000007 77.89042173182816
1.0 77.90693993101775
1.200000000000001 77.91009693518271
1.4000000000000004 77.90815602034682
1.6000000000000014 77.9049957544135
1.8000000000000007 77.90211319803814
2.0 77.89990591843127
2.200000000000001 77.89834885266626
2.4000000000000004 77.89729836794035
2.6000000000000014 77.89660778457126
2.8000000000000007 77.89616082289736
3.0 77.8958742920315
3.200000000000001 77.8956916935083
3.4000000000000004 77.8955757582446
3.6000000000000014 77.89550231932168
3.8000000000000007 77.89545586736917
4.0 77.89542651229017
Result sigma optimization:  -4.8 20.497877308991637
E_max_2 =  300
Cutoff Radius =  6.0
Selected Radial Transform =  18.0
factor =  1.3
displacement =  0.0
dataset =  datasets/random-ch4-10k.extxyz
n_train =  100
n_test =  2000
Train RMSE: 7.79393899933937 [Train MAE: 6.497684497991993]
Test RMSE: 23.54008434066131 [Test MAE: 14.114714417355943]
FINISHED at Tue Jan 10 09:32:14 CET 2023
