STARTING AT Tue Jan 10 09:26:22 CET 2023
Random seed: 1000
7 16
Reading dataset
Shuffling and extracting from dataset (length: 105092)
Shuffling and extraction done
Calculating power spectrum
Expansion coefficients done
Computing training kernel
     Calculating kernels for center species 79
     Calculating kernels for center species 79
Beginning first index add...
Beginning second index add...
Training kernel done
Computing test kernel
     Calculating kernels for center species 79
     Calculating kernels for center species 79
Beginning first index add...
Beginning second index add...
Test kernel done
Calculating composition features
Composition features done
-8.0 170.1036824727453
-7.8 170.05915895877533
-7.6 169.58030295458025
-7.4 168.61926794625495
-7.2 167.26885072662543
-7.0 165.79862747007056
-6.8 164.69511203688353
-6.6 164.60629620594318
-6.4 166.15147144512542
-6.2 169.7193725075066
-6.0 175.44829142327012
-5.8 183.3515862856118
-5.6 193.30257213951612
-5.4 204.80503654243063
-5.199999999999999 216.88908933679707
-5.0 228.37191544343344
-4.8 238.26680333112432
-4.6 246.04264084143878
-4.4 251.6864489536362
-4.199999999999999 255.66704686058938
-4.0 258.88565445793904
-3.8 262.6072611180062
-3.5999999999999996 268.2423169040378
-3.3999999999999995 276.8666213615465
-3.1999999999999993 288.7121436738303
-3.0 303.16729293193106
-2.8 319.35041757763923
-2.5999999999999996 336.5484688901218
-2.3999999999999995 354.08950771761573
-2.1999999999999993 371.1234436009923
-2.0 386.77858051876285
-1.7999999999999998 400.45780178900884
-1.5999999999999996 411.95758468755605
-1.3999999999999995 421.50730692700574
-1.1999999999999993 429.9079576316879
-1.0 438.79933088260384
-0.7999999999999998 450.9841685955809
-0.5999999999999996 470.45214491337066
-0.39999999999999947 501.2734663576314
-0.1999999999999993 544.983750057069
0.0 598.3223809942493
0.20000000000000107 654.1683920375217
0.40000000000000036 705.2229738378637
0.5999999999999996 747.0432498396602
0.8000000000000007 778.5596075988726
1.0 800.9138173806617
1.200000000000001 816.0916293220475
1.4000000000000004 826.0545890053272
1.6000000000000014 832.3821011540873
1.8000000000000007 836.2141251186082
2.0 838.3203843473608
2.200000000000001 839.2051834684278
2.4000000000000004 839.2120998798349
2.6000000000000014 838.6120206667413
2.8000000000000007 837.6559299809277
3.0 836.5780248237533
3.200000000000001 835.5629800412165
3.4000000000000004 834.7174050872752
3.6000000000000014 834.0725256645492
3.8000000000000007 833.6106576651879
4.0 833.2939365636929
Result sigma optimization:  -6.6 164.60629620594318
E_max_2 =  500
Cutoff Radius =  6.0
Selected Radial Transform =  18.0
factor =  1.3
displacement =  0.0
dataset =  datasets/gold.xyz
n_train =  100
n_test =  2000
Train RMSE: 116.28413896792118 [Train MAE: 93.28394818720002]
Test RMSE: 156.106240959404 [Test MAE: 121.4472884600585]
FINISHED at Tue Jan 10 09:26:45 CET 2023
