STARTING AT Tue Jan 10 09:26:25 CET 2023
Random seed: 1000
7 16
Reading dataset
Shuffling and extracting from dataset (length: 105092)
Shuffling and extraction done
Calculating power spectrum
Expansion coefficients done
Computing training kernel
     Calculating kernels for center species 79
     Calculating kernels for center species 79
Beginning first index add...
Beginning second index add...
Training kernel done
Computing test kernel
     Calculating kernels for center species 79
     Calculating kernels for center species 79
Beginning first index add...
Beginning second index add...
Test kernel done
Calculating composition features
Composition features done
-8.0 189.91993021071823
-7.8 190.42310183067164
-7.6 190.79520942663547
-7.4 191.1801341695748
-7.2 191.8702014082313
-7.0 193.3977132841747
-6.8 196.63912363753104
-6.6 202.87702003661474
-6.4 213.67143585869874
-6.2 230.33703831972576
-6.0 253.0670569358169
-5.8 280.3028632794983
-5.6 309.0660598525609
-5.4 336.1404592506209
-5.199999999999999 359.22493637243787
-5.0 377.3899822785895
-4.8 390.841143672991
-4.6 400.3846371134803
-4.4 406.96376028487873
-4.199999999999999 411.41113993936233
-4.0 414.37914992258516
-3.8 416.35795935015534
-3.5999999999999996 417.72401602043885
-3.3999999999999995 418.8071131764861
-3.1999999999999993 419.9941562489607
-3.0 421.9108349481073
-2.8 425.7352094244103
-2.5999999999999996 433.63902909000615
-2.3999999999999995 449.0780951085833
-2.1999999999999993 476.13945578812775
-2.0 517.2164744503397
-1.7999999999999998 570.2227149934739
-1.5999999999999996 628.4505451793458
-1.3999999999999995 683.8540765565612
-1.1999999999999993 730.699388716801
-1.0 766.8680511319885
-0.7999999999999998 793.0023879083606
-0.5999999999999996 811.0308942181671
-0.39999999999999947 823.0827536851357
-0.1999999999999993 830.9720171830628
0.0 836.0638416076089
0.20000000000000107 839.3162615267115
0.40000000000000036 841.3734728828985
0.5999999999999996 842.6561736881152
0.8000000000000007 843.4321373385787
1.0 843.8659787700676
1.200000000000001 844.052076744708
1.4000000000000004 844.0354095148981
1.6000000000000014 843.8248305524409
1.8000000000000007 843.4034392454904
2.0 842.741394483434
2.200000000000001 841.8162772962759
2.4000000000000004 840.6411273007789
2.6000000000000014 839.288030958855
2.8000000000000007 837.8848862482627
3.0 836.5755863874771
3.200000000000001 835.4676413607514
3.4000000000000004 834.6046924598629
3.6000000000000014 833.9748627721351
3.8000000000000007 833.5366247495054
4.0 833.2417298369338
Result sigma optimization:  -8.0 189.91993021071823
E_max_2 =  500
Cutoff Radius =  6.0
Selected Radial Transform =  18.0
factor =  1.9
displacement =  0.0
dataset =  datasets/gold.xyz
n_train =  100
n_test =  2000
Train RMSE: 165.5996653791224 [Train MAE: 131.36065774908812]
Test RMSE: 183.17675483037686 [Test MAE: 152.13488783976288]
FINISHED at Tue Jan 10 09:26:47 CET 2023
