STARTING AT Tue Jan 10 09:32:17 CET 2023
Random seed: 1000
8 20
Reading dataset
Shuffling and extracting from dataset (length: 10000)
Shuffling and extraction done
Calculating power spectrum
Expansion coefficients done
Computing training kernel
     Calculating kernels for center species 1
     Calculating kernels for center species 1
Beginning first index add...
Beginning second index add...
     Calculating kernels for center species 6
     Calculating kernels for center species 6
Beginning first index add...
Beginning second index add...
Training kernel done
Computing test kernel
     Calculating kernels for center species 1
     Calculating kernels for center species 1
Beginning first index add...
Beginning second index add...
     Calculating kernels for center species 6
     Calculating kernels for center species 6
Beginning first index add...
Beginning second index add...
Test kernel done
Calculating composition features
Composition features done
-8.0 27.75731198730367
-7.8 27.757307656160236
-7.6 27.757300792746435
-7.4 27.757289917351198
-7.2 27.757272687095334
-7.0 27.757245394225208
-6.8 27.757202175936733
-6.6 27.75713377359936
-6.4 27.757025594831415
-6.2 27.75685470550583
-6.0 27.75658520318237
-5.8 27.756161152668874
-5.6 27.7554957696423
-5.4 27.754454256572195
-5.199999999999999 27.752823625942046
-5.0 27.750250317448106
-4.8 27.746093789931834
-4.6 27.739080648877792
-4.4 27.72656986081558
-4.199999999999999 27.70325282543808
-4.0 27.659417630921503
-3.8 27.57983608552017
-3.5999999999999996 27.44582578716227
-3.3999999999999995 27.243075930748777
-3.1999999999999993 26.973674524345114
-3.0 26.665032877132248
-2.8 26.36798516845393
-2.5999999999999996 26.142851208687564
-2.3999999999999995 26.04031944941784
-2.1999999999999993 26.087752145293184
-2.0 26.288313666506973
-1.7999999999999998 26.632556153386467
-1.5999999999999996 27.118245398547884
-1.3999999999999995 27.778888054903497
-1.1999999999999993 28.72382432683321
-1.0 30.176594835433296
-0.7999999999999998 32.4623853457058
-0.5999999999999996 35.881347478864036
-0.39999999999999947 40.49787905958297
-0.1999999999999993 46.02546984863798
0.0 51.93258550361442
0.20000000000000107 57.66284848415586
0.40000000000000036 62.79432655880792
0.5999999999999996 67.08721765978316
0.8000000000000007 70.46712606606182
1.0 72.98704069350192
1.200000000000001 74.77928917604575
1.4000000000000004 76.00533806194231
1.6000000000000014 76.8174581373242
1.8000000000000007 77.33942513908089
2.0 77.66283257515646
2.200000000000001 77.851830380874
2.4000000000000004 77.95065966616897
2.6000000000000014 77.990721672851
2.8000000000000007 77.9954028331125
3.0 77.98215150526397
3.200000000000001 77.96285447353553
3.4000000000000004 77.94424384913462
3.6000000000000014 77.92912003414342
3.8000000000000007 77.91794895603849
4.0 77.91016408084087
Result sigma optimization:  -2.3999999999999995 26.04031944941784
E_max_2 =  700
Cutoff Radius =  6.0
Selected Radial Transform =  19.0
factor =  1.0
displacement =  0.0
dataset =  datasets/random-ch4-10k.extxyz
n_train =  100
n_test =  2000
Train RMSE: 8.539416123506971 [Train MAE: 6.883897302249982]
Test RMSE: 23.34157829162897 [Test MAE: 15.450458313506573]
FINISHED at Tue Jan 10 09:32:25 CET 2023
