STARTING AT Tue Jan 10 09:32:26 CET 2023
Random seed: 1000
6 14
Reading dataset
Shuffling and extracting from dataset (length: 10000)
Shuffling and extraction done
Calculating power spectrum
Expansion coefficients done
Computing training kernel
     Calculating kernels for center species 1
     Calculating kernels for center species 1
Beginning first index add...
Beginning second index add...
     Calculating kernels for center species 6
     Calculating kernels for center species 6
Beginning first index add...
Beginning second index add...
Training kernel done
Computing test kernel
     Calculating kernels for center species 1
     Calculating kernels for center species 1
Beginning first index add...
Beginning second index add...
     Calculating kernels for center species 6
     Calculating kernels for center species 6
Beginning first index add...
Beginning second index add...
Test kernel done
Calculating composition features
Composition features done
-8.0 39.95570668367679
-7.8 38.228779041795455
-7.6 35.55916168328453
-7.4 32.90009806845161
-7.2 31.011923865700666
-7.0 30.105288895755585
-6.8 29.99399355176987
-6.6 30.399782926405717
-6.4 31.097046669347105
-6.2 31.916155572339708
-6.0 32.72836169021827
-5.8 33.44853338251131
-5.6 34.03556362168842
-5.4 34.48408788153995
-5.199999999999999 34.819030241042334
-5.0 35.09517892135642
-4.8 35.39024189334555
-4.6 35.78926260068613
-4.4 36.383096190126686
-4.199999999999999 37.30153080001119
-4.0 38.75310711552631
-3.8 40.99238588871971
-3.5999999999999996 44.1628376954628
-3.3999999999999995 48.118797962034186
-3.1999999999999993 52.43543405046629
-3.0 56.63039427189866
-2.8 60.389771828128886
-2.5999999999999996 63.638048974695984
-2.3999999999999995 66.4581998148949
-2.1999999999999993 68.95391052716062
-2.0 71.15823851944815
-1.7999999999999998 73.03995989148034
-1.5999999999999996 74.56404665148285
-1.3999999999999995 75.732719938984
-1.1999999999999993 76.58623308793501
-1.0 77.18473300423192
-0.7999999999999998 77.59079467607957
-0.5999999999999996 77.85892458125132
-0.39999999999999947 78.03155645938622
-0.1999999999999993 78.13918352418733
0.0 78.20235945070253
0.20000000000000107 78.23411893417924
0.40000000000000036 78.24221091490318
0.5999999999999996 78.23109365457407
0.8000000000000007 78.20384266927299
1.0 78.16392619029465
1.200000000000001 78.1163053667726
1.4000000000000004 78.06712561623029
1.6000000000000014 78.02209168630657
1.8000000000000007 77.9848148251222
2.0 77.95635192383327
2.200000000000001 77.93590195829191
2.4000000000000004 77.92183522992504
2.6000000000000014 77.91244469391592
2.8000000000000007 77.90629997662828
3.0 77.90233148449491
3.200000000000001 77.89979008296604
3.4000000000000004 77.89817138461416
3.6000000000000014 77.89714394096171
3.8000000000000007 77.89649321603541
4.0 77.89608165578282
Result sigma optimization:  -6.8 29.99399355176987
E_max_2 =  400
Cutoff Radius =  6.0
Selected Radial Transform =  19.0
factor =  3.5
displacement =  0.0
dataset =  datasets/random-ch4-10k.extxyz
n_train =  100
n_test =  2000
Train RMSE: 23.92813822734792 [Train MAE: 18.199530096119265]
Test RMSE: 50.39435876674332 [Test MAE: 24.211912467440463]
FINISHED at Tue Jan 10 09:32:33 CET 2023
