STARTING AT Tue Jan 10 09:15:42 CET 2023
Random seed: 1000
5 11
Reading dataset
Shuffling and extracting from dataset (length: 133885)
Shuffling and extraction done
Calculating power spectrum
Expansion coefficients done
Computing training kernel
     Calculating kernels for center species 1
     Calculating kernels for center species 1
Beginning first index add...
Beginning second index add...
     Calculating kernels for center species 6
     Calculating kernels for center species 6
Beginning first index add...
Beginning second index add...
     Calculating kernels for center species 7
     Calculating kernels for center species 7
Beginning first index add...
Beginning second index add...
     Calculating kernels for center species 8
     Calculating kernels for center species 8
Beginning first index add...
Beginning second index add...
     Calculating kernels for center species 9
     Calculating kernels for center species 9
Beginning first index add...
Beginning second index add...
Training kernel done
Computing test kernel
     Calculating kernels for center species 1
     Calculating kernels for center species 1
Beginning first index add...
Beginning second index add...
     Calculating kernels for center species 6
     Calculating kernels for center species 6
Beginning first index add...
Beginning second index add...
     Calculating kernels for center species 7
     Calculating kernels for center species 7
Beginning first index add...
Beginning second index add...
     Calculating kernels for center species 8
     Calculating kernels for center species 8
Beginning first index add...
Beginning second index add...
     Calculating kernels for center species 9
     Calculating kernels for center species 9
Beginning first index add...
Beginning second index add...
Test kernel done
Calculating composition features
Composition features done
-8.0 10.01356641042803
-7.8 10.0125046983223
-7.6 10.010823369139398
-7.4 10.008162078993337
-7.2 10.003952822521024
-7.0 9.997303097872937
-6.8 9.986817540654084
-6.6 9.970331783648435
-6.4 9.944530178056302
-6.2 9.905016579064904
-6.0 9.844772270209141
-5.8 9.753492966282066
-5.6 9.625221611342203
-5.4 9.458297492913552
-5.199999999999999 9.229734408205113
-5.0 8.947680634396384
-4.8 8.647278442628958
-4.6 8.388060012711286
-4.4 8.225668761964371
-4.199999999999999 8.169205444567197
-4.0 8.302348405635966
-3.8 8.540912750373936
-3.5999999999999996 8.995244120204207
-3.3999999999999995 9.636396393174145
-3.1999999999999993 10.418211319939996
-3.0 11.246530984880923
-2.8 12.007745594366401
-2.5999999999999996 12.755882569681113
-2.3999999999999995 13.619988984669703
-2.1999999999999993 14.491330786351018
-2.0 15.366920008024021
-1.7999999999999998 16.164576683060897
-1.5999999999999996 16.893684347473712
-1.3999999999999995 17.533664771798843
-1.1999999999999993 18.09425662079702
-1.0 18.552520404744836
-0.7999999999999998 18.909345264570167
-0.5999999999999996 19.18131467472552
-0.39999999999999947 19.351254977570807
-0.1999999999999993 19.435352374922942
0.0 19.463789597908807
0.20000000000000107 19.461143692988983
0.40000000000000036 19.446389411786896
0.5999999999999996 19.429926444627018
0.8000000000000007 19.409891307131492
1.0 19.386853206151116
1.200000000000001 19.36040669857123
1.4000000000000004 19.330607115581273
1.6000000000000014 19.298771477261447
1.8000000000000007 19.267378004696024
2.0 19.239122943513607
2.200000000000001 19.215840451030243
2.4000000000000004 19.198054064516374
2.6000000000000014 19.185249269607667
2.8000000000000007 19.176423116814764
3.0 19.170521204715058
3.200000000000001 19.166654604578888
3.4000000000000004 19.164155336404704
3.6000000000000014 19.162553937156172
3.8000000000000007 19.16153359015153
4.0 19.16088579135335
Result sigma optimization:  -4.199999999999999 8.169205444567197
E_max_2 =  300
Cutoff Radius =  6.0
Selected Radial Transform =  19.0
factor =  1.4
displacement =  0.0
dataset =  datasets/qm9.xyz
n_train =  100
n_test =  2000
Train RMSE: 3.3902511536208735 [Train MAE: 2.4657850812893543]
Test RMSE: 13.270878647089916 [Test MAE: 9.239987203715442]
FINISHED at Tue Jan 10 09:16:15 CET 2023
