STARTING AT Tue Jan 10 09:15:21 CET 2023
Random seed: 1000
6 14
Reading dataset
Shuffling and extracting from dataset (length: 133885)
Shuffling and extraction done
Calculating power spectrum
Expansion coefficients done
Computing training kernel
     Calculating kernels for center species 1
     Calculating kernels for center species 1
Beginning first index add...
Beginning second index add...
     Calculating kernels for center species 6
     Calculating kernels for center species 6
Beginning first index add...
Beginning second index add...
     Calculating kernels for center species 7
     Calculating kernels for center species 7
Beginning first index add...
Beginning second index add...
     Calculating kernels for center species 8
     Calculating kernels for center species 8
Beginning first index add...
Beginning second index add...
     Calculating kernels for center species 9
     Calculating kernels for center species 9
Beginning first index add...
Beginning second index add...
Training kernel done
Computing test kernel
     Calculating kernels for center species 1
     Calculating kernels for center species 1
Beginning first index add...
Beginning second index add...
     Calculating kernels for center species 6
     Calculating kernels for center species 6
Beginning first index add...
Beginning second index add...
     Calculating kernels for center species 7
     Calculating kernels for center species 7
Beginning first index add...
Beginning second index add...
     Calculating kernels for center species 8
     Calculating kernels for center species 8
Beginning first index add...
Beginning second index add...
     Calculating kernels for center species 9
     Calculating kernels for center species 9
Beginning first index add...
Beginning second index add...
Test kernel done
Calculating composition features
Composition features done
-8.0 12.343188410692742
-7.8 12.343188371007846
-7.6 12.343188308109232
-7.4 12.343188208422811
-7.2 12.343188050430559
-7.0 12.343187800029309
-6.8 12.343187403170907
-6.6 12.343186774192288
-6.4 12.343185777329417
-6.2 12.343184197410803
-6.0 12.343181693413193
-5.8 12.343177724856947
-5.6 12.34317143514978
-5.4 12.343161466714987
-5.199999999999999 12.343145668008358
-5.0 12.343120629242506
-4.8 12.343080946719903
-4.6 12.343018057293612
-4.4 12.342918392140126
-4.199999999999999 12.342760453283494
-4.0 12.342510186710337
-3.8 12.3421136655914
-3.5999999999999996 12.341485535000045
-3.3999999999999995 12.340490800896294
-3.1999999999999993 12.338916225389848
-3.0 12.336425636168714
-2.8 12.33266473102843
-2.5999999999999996 12.327550666870165
-2.3999999999999995 12.319621595279354
-2.1999999999999993 12.30873077554857
-2.0 12.29192211184883
-1.7999999999999998 12.266611716172408
-1.5999999999999996 12.227736662916932
-1.3999999999999995 12.181189846264653
-1.1999999999999993 12.118478769913233
-1.0 12.07033696071533
-0.7999999999999998 12.108769785796826
-0.5999999999999996 12.136925427160064
-0.39999999999999947 12.243305901293356
-0.1999999999999993 12.425496147761997
0.0 12.69791683954269
0.20000000000000107 13.024916721627166
0.40000000000000036 13.419093812760066
0.5999999999999996 14.015336749115793
0.8000000000000007 14.78817349876047
1.0 15.622088647015408
1.200000000000001 16.476503674504496
1.4000000000000004 17.27338147353954
1.6000000000000014 17.949182052820206
1.8000000000000007 18.4523787753311
2.0 18.801447317175583
2.200000000000001 19.030252873565942
2.4000000000000004 19.171830953212726
2.6000000000000014 19.250753395809614
2.8000000000000007 19.28872106438976
3.0 19.304613824792384
3.200000000000001 19.302508968143933
3.4000000000000004 19.288553889413926
3.6000000000000014 19.267756033988043
3.8000000000000007 19.244606149294817
4.0 19.222738020329246
Result sigma optimization:  -1.0 12.07033696071533
E_max_2 =  400
Cutoff Radius =  6.0
Selected Radial Transform =  19.0
factor =  0.5
displacement =  0.0
dataset =  datasets/qm9.xyz
n_train =  100
n_test =  2000
Train RMSE: 3.0032339377024395 [Train MAE: 2.2377812543144695]
Test RMSE: 17.112533495406147 [Test MAE: 12.147035615645946]
FINISHED at Tue Jan 10 09:16:13 CET 2023
