STARTING AT Tue Jan 10 09:26:55 CET 2023
Random seed: 1000
5 11
Reading dataset
Shuffling and extracting from dataset (length: 105092)
Shuffling and extraction done
Calculating power spectrum
Expansion coefficients done
Computing training kernel
     Calculating kernels for center species 79
     Calculating kernels for center species 79
Beginning first index add...
Beginning second index add...
Training kernel done
Computing test kernel
     Calculating kernels for center species 79
     Calculating kernels for center species 79
Beginning first index add...
Beginning second index add...
Test kernel done
Calculating composition features
Composition features done
-8.0 367.5589023390193
-7.8 387.0855883682113
-7.6 401.8609773177279
-7.4 412.426118087914
-7.2 419.67301853341206
-7.0 424.5027448431217
-6.8 427.6613445961951
-6.6 429.70453585855074
-6.4 431.0233090053911
-6.2 431.8880935927137
-6.0 432.495176516512
-5.8 433.01661436849605
-5.6 433.6687876330889
-5.4 434.8312085992779
-5.199999999999999 437.2653464647549
-5.0 442.4740751624339
-4.8 453.108049330946
-4.6 472.93092286171236
-4.4 505.45758629327213
-4.199999999999999 551.2020966346793
-4.0 605.8314400036847
-3.8 661.7468451191431
-3.5999999999999996 711.8880355615034
-3.3999999999999995 752.3609124261862
-3.1999999999999993 782.5548592701028
-3.0 803.8496812897768
-2.8 818.2996236327092
-2.5999999999999996 827.8551391168677
-2.3999999999999995 834.067917704474
-2.1999999999999993 838.0629651950763
-2.0 840.6132315331289
-1.7999999999999998 842.2327255153832
-1.5999999999999996 843.2562723476209
-1.3999999999999995 843.8988837487708
-1.1999999999999993 844.2969112598857
-1.0 844.5353666153337
-0.7999999999999998 844.665457875559
-0.5999999999999996 844.7154032055879
-0.39999999999999947 844.6966375465723
-0.1999999999999993 844.6068366120077
0.0 844.4308348158745
0.20000000000000107 844.140627476972
0.40000000000000036 843.696397778627
0.5999999999999996 843.0518733394524
0.8000000000000007 842.1682368424904
1.0 841.0380724226275
1.200000000000001 839.7107306068173
1.4000000000000004 838.2978930438215
1.6000000000000014 836.9426359188833
1.8000000000000007 835.7661469993371
2.0 834.8301002709621
2.200000000000001 834.1356529875483
2.4000000000000004 833.6467090234993
2.6000000000000014 833.3149957462693
2.8000000000000007 833.0955785702223
3.0 832.9528617970768
3.200000000000001 832.8610463734783
3.4000000000000004 832.8023939737724
3.6000000000000014 832.7650954127815
3.8000000000000007 832.7414444667766
4.0 832.7264748036431
Result sigma optimization:  -8.0 367.5589023390193
E_max_2 =  300
Cutoff Radius =  6.0
Selected Radial Transform =  19.0
factor =  2.2
displacement =  0.0
dataset =  datasets/gold.xyz
n_train =  100
n_test =  2000
Train RMSE: 347.64843838086597 [Train MAE: 277.04102909152016]
Test RMSE: 338.21024572965206 [Test MAE: 266.1456996921356]
FINISHED at Tue Jan 10 09:27:15 CET 2023
