STARTING AT Tue Jan 10 09:16:43 CET 2023
Random seed: 1000
6 14
Reading dataset
Shuffling and extracting from dataset (length: 133885)
Shuffling and extraction done
Calculating power spectrum
Expansion coefficients done
Computing training kernel
     Calculating kernels for center species 1
     Calculating kernels for center species 1
Beginning first index add...
Beginning second index add...
     Calculating kernels for center species 6
     Calculating kernels for center species 6
Beginning first index add...
Beginning second index add...
     Calculating kernels for center species 7
     Calculating kernels for center species 7
Beginning first index add...
Beginning second index add...
     Calculating kernels for center species 8
     Calculating kernels for center species 8
Beginning first index add...
Beginning second index add...
     Calculating kernels for center species 9
     Calculating kernels for center species 9
Beginning first index add...
Beginning second index add...
Training kernel done
Computing test kernel
     Calculating kernels for center species 1
     Calculating kernels for center species 1
Beginning first index add...
Beginning second index add...
     Calculating kernels for center species 6
     Calculating kernels for center species 6
Beginning first index add...
Beginning second index add...
     Calculating kernels for center species 7
     Calculating kernels for center species 7
Beginning first index add...
Beginning second index add...
     Calculating kernels for center species 8
     Calculating kernels for center species 8
Beginning first index add...
Beginning second index add...
     Calculating kernels for center species 9
     Calculating kernels for center species 9
Beginning first index add...
Beginning second index add...
Test kernel done
Calculating composition features
Composition features done
-8.0 9.222837008534698
-7.8 9.222525604693073
-7.6 9.222032164731209
-7.4 9.221250372264477
-7.2 9.220011959602125
-7.0 9.218050828150735
-6.8 9.214946715552506
-6.6 9.210068460141919
-6.4 9.202487200232717
-6.2 9.190813200352132
-6.0 9.173454881702492
-5.8 9.146301297971222
-5.6 9.10415995703981
-5.4 9.040134537332706
-5.199999999999999 8.949161852811812
-5.0 8.824901185090493
-4.8 8.660563009011021
-4.6 8.43869879145248
-4.4 8.190221131244835
-4.199999999999999 7.973019866948671
-4.0 7.890627214062261
-3.8 7.872902769849024
-3.5999999999999996 7.994914838970799
-3.3999999999999995 8.269004775381436
-3.1999999999999993 8.705801472554795
-3.0 9.273310169911255
-2.8 9.945445986526346
-2.5999999999999996 10.72187772622986
-2.3999999999999995 11.591509303190175
-2.1999999999999993 12.511607489321102
-2.0 13.497175323316617
-1.7999999999999998 14.498942429882623
-1.5999999999999996 15.38976212850914
-1.3999999999999995 16.154554755216097
-1.1999999999999993 16.861190444276634
-1.0 17.50356540259529
-0.7999999999999998 18.037599353002012
-0.5999999999999996 18.494383993621295
-0.39999999999999947 18.87642261553098
-0.1999999999999993 19.17124660870423
0.0 19.378983012051023
0.20000000000000107 19.48731145691524
0.40000000000000036 19.52585132425376
0.5999999999999996 19.52240882698483
0.8000000000000007 19.50125974720259
1.0 19.47691060665591
1.200000000000001 19.451028551184475
1.4000000000000004 19.4252432016725
1.6000000000000014 19.39878778605701
1.8000000000000007 19.3703102913317
2.0 19.339177916214894
2.200000000000001 19.306222561677874
2.4000000000000004 19.2736601898435
2.6000000000000014 19.244152884358282
2.8000000000000007 19.219645263078778
3.0 19.200788868762004
3.200000000000001 19.18713682380182
3.4000000000000004 19.177687715708437
3.6000000000000014 19.171351096086365
3.8000000000000007 19.167191703936965
4.0 19.164499785318636
Result sigma optimization:  -3.8 7.872902769849024
E_max_2 =  400
Cutoff Radius =  6.0
Selected Radial Transform =  20.0
factor =  1.6
displacement =  0.0
dataset =  datasets/qm9.xyz
n_train =  100
n_test =  2000
Train RMSE: 3.3270641569780994 [Train MAE: 2.5671166509309318]
Test RMSE: 12.654533643421988 [Test MAE: 8.785415538005394]
FINISHED at Tue Jan 10 09:17:19 CET 2023
