STARTING AT Tue Jan 10 09:27:15 CET 2023
Random seed: 1000
6 14
Reading dataset
Shuffling and extracting from dataset (length: 105092)
Shuffling and extraction done
Calculating power spectrum
Expansion coefficients done
Computing training kernel
     Calculating kernels for center species 79
     Calculating kernels for center species 79
Beginning first index add...
Beginning second index add...
Training kernel done
Computing test kernel
     Calculating kernels for center species 79
     Calculating kernels for center species 79
Beginning first index add...
Beginning second index add...
Test kernel done
Calculating composition features
Composition features done
-8.0 266.6954243831624
-7.8 266.30991599305133
-7.6 265.7700549903627
-7.4 265.02921745866394
-7.2 264.0209076749919
-7.0 262.64874676359165
-6.8 260.7869510307183
-6.6 258.2829318270844
-6.4 254.93362764722823
-6.2 250.43487799551482
-6.0 244.36336830544914
-5.8 236.26287821206233
-5.6 225.83537214653063
-5.4 213.14544986380454
-5.199999999999999 198.72804666860495
-5.0 183.5575925548635
-4.8 168.9156614321607
-4.6 156.2184590561944
-4.4 146.8224005827569
-4.199999999999999 141.77461939124262
-4.0 141.51808723912674
-3.8 145.72185302142398
-3.5999999999999996 153.4235311634944
-3.3999999999999995 163.3577049925865
-3.1999999999999993 174.19203744631426
-3.0 184.6610245621559
-2.8 193.76744268277022
-2.5999999999999996 201.04819558955032
-2.3999999999999995 206.70306907930168
-2.1999999999999993 211.4855364756668
-2.0 216.49065702218016
-1.7999999999999998 222.9601113403075
-1.5999999999999996 232.00818096705638
-1.3999999999999995 244.20541524469851
-1.1999999999999993 259.28838822249526
-1.0 276.3209240294166
-0.7999999999999998 294.2658310933978
-0.5999999999999996 312.68857689326086
-0.39999999999999947 332.25091039443134
-0.1999999999999993 354.55206663392624
0.0 381.108202510252
0.20000000000000107 412.01263728818043
0.40000000000000036 445.429336666358
0.5999999999999996 478.59160321596795
0.8000000000000007 509.6273561055258
1.0 538.8217983176332
1.200000000000001 568.4219510864941
1.4000000000000004 600.9465397148032
1.6000000000000014 636.9517051553904
1.8000000000000007 674.1342241675453
2.0 708.7535588595618
2.200000000000001 737.8951984798184
2.4000000000000004 760.5856834268506
2.6000000000000014 777.4934105052554
2.8000000000000007 790.071773004693
3.0 799.7939712028837
3.200000000000001 807.6867563079808
3.4000000000000004 814.2209619896748
3.6000000000000014 819.5093252879232
3.8000000000000007 823.5891984887016
4.0 826.5765983861215
Result sigma optimization:  -4.0 141.51808723912674
E_max_2 =  400
Cutoff Radius =  6.0
Selected Radial Transform =  20.0
factor =  0.5
displacement =  0.0
dataset =  datasets/gold.xyz
n_train =  100
n_test =  2000
Train RMSE: 49.00251019741762 [Train MAE: 35.36779559404909]
Test RMSE: 147.3755091745376 [Test MAE: 106.29604609930745]
FINISHED at Tue Jan 10 09:27:33 CET 2023
