STARTING AT Tue Jan 10 09:16:31 CET 2023
Random seed: 1000
6 14
Reading dataset
Shuffling and extracting from dataset (length: 133885)
Shuffling and extraction done
Calculating power spectrum
Expansion coefficients done
Computing training kernel
     Calculating kernels for center species 1
     Calculating kernels for center species 1
Beginning first index add...
Beginning second index add...
     Calculating kernels for center species 6
     Calculating kernels for center species 6
Beginning first index add...
Beginning second index add...
     Calculating kernels for center species 7
     Calculating kernels for center species 7
Beginning first index add...
Beginning second index add...
     Calculating kernels for center species 8
     Calculating kernels for center species 8
Beginning first index add...
Beginning second index add...
     Calculating kernels for center species 9
     Calculating kernels for center species 9
Beginning first index add...
Beginning second index add...
Training kernel done
Computing test kernel
     Calculating kernels for center species 1
     Calculating kernels for center species 1
Beginning first index add...
Beginning second index add...
     Calculating kernels for center species 6
     Calculating kernels for center species 6
Beginning first index add...
Beginning second index add...
     Calculating kernels for center species 7
     Calculating kernels for center species 7
Beginning first index add...
Beginning second index add...
     Calculating kernels for center species 8
     Calculating kernels for center species 8
Beginning first index add...
Beginning second index add...
     Calculating kernels for center species 9
     Calculating kernels for center species 9
Beginning first index add...
Beginning second index add...
Test kernel done
Calculating composition features
Composition features done
-8.0 9.53714750879923
-7.8 9.537147537983664
-7.6 9.537147584238262
-7.4 9.537147657540887
-7.2 9.537147773707872
-7.0 9.537147957794447
-6.8 9.537148249488359
-6.6 9.53714871162561
-6.4 9.53714944365194
-6.2 9.53715060281747
-6.0 9.537152437384252
-5.8 9.537155338501645
-5.6 9.53715992021803
-5.4 9.53716714105834
-5.199999999999999 9.537178483515056
-5.0 9.537196206035665
-4.8 9.537223662650508
-4.6 9.53726561726787
-4.4 9.537328289090224
-4.199999999999999 9.537418402296574
-4.0 9.537539534680814
-3.8 9.537682421691006
-3.5999999999999996 9.537964585844856
-3.3999999999999995 9.544904949942875
-3.1999999999999993 9.55479233640653
-3.0 9.576432000166067
-2.8 9.6239980132746
-2.5999999999999996 9.708008854961712
-2.3999999999999995 9.853663958362938
-2.1999999999999993 10.095099759405386
-2.0 10.434097732152665
-1.7999999999999998 10.872787373536358
-1.5999999999999996 11.457146385768292
-1.3999999999999995 12.061232279975007
-1.1999999999999993 12.704665068407936
-1.0 13.315000957447014
-0.7999999999999998 13.930957140939972
-0.5999999999999996 14.75934989105323
-0.39999999999999947 15.532115321860234
-0.1999999999999993 16.27621926021062
0.0 17.01977241647987
0.20000000000000107 17.651355887714097
0.40000000000000036 18.18321736404844
0.5999999999999996 18.604831395289956
0.8000000000000007 18.90720729960136
1.0 19.10282767871237
1.200000000000001 19.22120578763686
1.4000000000000004 19.28782436041161
1.6000000000000014 19.321265478225747
1.8000000000000007 19.333420017117064
2.0 19.331140801933955
2.200000000000001 19.322263707055757
2.4000000000000004 19.30635481276624
2.6000000000000014 19.284220313537002
2.8000000000000007 19.25927852241331
3.0 19.234979009821316
3.200000000000001 19.213895151094356
3.4000000000000004 19.197216116341437
3.6000000000000014 19.184920802566612
3.8000000000000007 19.176310299604662
4.0 19.17049200751886
Result sigma optimization:  -8.0 9.53714750879923
E_max_2 =  400
Cutoff Radius =  6.0
Selected Radial Transform =  20.0
factor =  1.0
displacement =  0.0
dataset =  datasets/qm9.xyz
n_train =  100
n_test =  2000
Train RMSE: 1.2239839060169088e-05 [Train MAE: 9.265776082884621e-06]
Test RMSE: 13.780079388140631 [Test MAE: 9.388149311981394]
FINISHED at Tue Jan 10 09:17:07 CET 2023
