STARTING AT Tue Jan 10 09:32:33 CET 2023
Random seed: 1000
7 18
Reading dataset
Shuffling and extracting from dataset (length: 10000)
Shuffling and extraction done
Calculating power spectrum
Expansion coefficients done
Computing training kernel
     Calculating kernels for center species 1
     Calculating kernels for center species 1
Beginning first index add...
Beginning second index add...
     Calculating kernels for center species 6
     Calculating kernels for center species 6
Beginning first index add...
Beginning second index add...
Training kernel done
Computing test kernel
     Calculating kernels for center species 1
     Calculating kernels for center species 1
Beginning first index add...
Beginning second index add...
     Calculating kernels for center species 6
     Calculating kernels for center species 6
Beginning first index add...
Beginning second index add...
Test kernel done
Calculating composition features
Composition features done
-8.0 26.631220283553414
-7.8 26.63418188598985
-7.6 26.63883068044707
-7.4 26.646083548333593
-7.2 26.65728460869558
-7.0 26.674289769037152
-6.8 26.699380093950754
-6.6 26.734720575645124
-6.4 26.781042937460157
-6.2 26.835749063504764
-6.0 26.891947194171564
-5.8 26.94058849530561
-5.6 26.975203914228082
-5.4 26.994270081818225
-5.199999999999999 26.997004682025313
-5.0 26.97601557337065
-4.8 26.915156631802724
-4.6 26.79632686732935
-4.4 26.610739745996025
-4.199999999999999 26.36718285577215
-4.0 26.093387047375394
-3.8 25.83135051140183
-3.5999999999999996 25.628948706670165
-3.3999999999999995 25.53024156078586
-3.1999999999999993 25.567629191567978
-3.0 25.757903335774653
-2.8 26.10149998635362
-2.5999999999999996 26.58595163972123
-2.3999999999999995 27.199358819781708
-2.1999999999999993 27.956666696719523
-2.0 28.931415151977156
-1.7999999999999998 30.278321511001163
-1.5999999999999996 32.219907755650794
-1.3999999999999995 34.96373805960432
-1.1999999999999993 38.57436835706505
-1.0 42.91501876291128
-0.7999999999999998 47.72003860264052
-0.5999999999999996 52.69797863710923
-0.39999999999999947 57.57362801717837
-0.1999999999999993 62.102740914656934
0.0 66.09547893306727
0.20000000000000107 69.43377228830576
0.40000000000000036 72.0780000796552
0.5999999999999996 74.06468499435202
0.8000000000000007 75.48756573633948
1.0 76.46587588009554
1.200000000000001 77.11536481237953
1.4000000000000004 77.53194593432542
1.6000000000000014 77.78748869710621
1.8000000000000007 77.93281016317043
2.0 78.00341216127282
2.200000000000001 78.02510254781978
2.4000000000000004 78.01775152201182
2.6000000000000014 77.99660543283696
2.8000000000000007 77.97214690412656
3.0 77.9501853641177
3.200000000000001 77.9329026764979
3.4000000000000004 77.92034974486772
3.6000000000000014 77.91168464627444
3.8000000000000007 77.90589520422266
4.0 77.90210699630154
Result sigma optimization:  -3.3999999999999995 25.53024156078586
E_max_2 =  600
Cutoff Radius =  6.0
Selected Radial Transform =  20.0
factor =  1.3
displacement =  0.0
dataset =  datasets/random-ch4-10k.extxyz
n_train =  100
n_test =  2000
Train RMSE: 7.478487096123475 [Train MAE: 6.0913648689213575]
Test RMSE: 25.37043315475842 [Test MAE: 15.796811352985763]
FINISHED at Tue Jan 10 09:32:43 CET 2023
