STARTING AT Tue Jan 10 09:32:34 CET 2023
Random seed: 1000
7 18
Reading dataset
Shuffling and extracting from dataset (length: 10000)
Shuffling and extraction done
Calculating power spectrum
Expansion coefficients done
Computing training kernel
     Calculating kernels for center species 1
     Calculating kernels for center species 1
Beginning first index add...
Beginning second index add...
     Calculating kernels for center species 6
     Calculating kernels for center species 6
Beginning first index add...
Beginning second index add...
Training kernel done
Computing test kernel
     Calculating kernels for center species 1
     Calculating kernels for center species 1
Beginning first index add...
Beginning second index add...
     Calculating kernels for center species 6
     Calculating kernels for center species 6
Beginning first index add...
Beginning second index add...
Test kernel done
Calculating composition features
Composition features done
-8.0 71.24384091045813
-7.8 67.77632955003502
-7.6 63.66527988746259
-7.4 59.079609297349286
-7.2 54.33103532388519
-7.0 49.76251895518448
-6.8 45.64757293994826
-6.6 42.151424752308564
-6.4 39.33741140341306
-6.2 37.16626186693026
-6.0 35.48677645028936
-5.8 34.07251552970354
-5.6 32.70952077911368
-5.4 31.267991920794593
-5.199999999999999 29.714370713618532
-5.0 28.082658975678385
-4.8 26.441594173011502
-4.6 24.873887454915014
-4.4 23.464502378915284
-4.199999999999999 22.29372991071729
-4.0 21.433355389290195
-3.8 20.94059185446291
-3.5999999999999996 20.84667493738828
-3.3999999999999995 21.148693023487677
-3.1999999999999993 21.814750622130866
-3.0 22.79619616987297
-2.8 24.036469695431155
-2.5999999999999996 25.485618303438695
-2.3999999999999995 27.130502520168594
-2.1999999999999993 29.022757582413888
-2.0 31.27851005406913
-1.7999999999999998 34.04120747612573
-1.5999999999999996 37.41075773913789
-1.3999999999999995 41.36967373604934
-1.1999999999999993 45.765463824852716
-1.0 50.36183555043603
-0.7999999999999998 54.906533417016945
-0.5999999999999996 59.181548837588075
-0.39999999999999947 63.03948005079237
-0.1999999999999993 66.41715357680961
0.0 69.30757831834913
0.20000000000000107 71.71468293838836
0.40000000000000036 73.64079936126028
0.5999999999999996 75.10751424604918
0.8000000000000007 76.16956428445675
1.0 76.90465243920205
1.200000000000001 77.39347765347563
1.4000000000000004 77.70539902251264
1.6000000000000014 77.89341931986134
1.8000000000000007 77.99554687525783
2.0 78.03888620193692
2.200000000000001 78.04384110819805
2.4000000000000004 78.02673505075774
2.6000000000000014 78.00034057929949
2.8000000000000007 77.97334772947923
3.0 77.95032550152972
3.200000000000001 77.93268948873822
3.4000000000000004 77.92007741570973
3.6000000000000014 77.91145273133357
3.8000000000000007 77.90572349991855
4.0 77.90198816506188
Result sigma optimization:  -3.5999999999999996 20.84667493738828
E_max_2 =  600
Cutoff Radius =  6.0
Selected Radial Transform =  20.0
factor =  1.8
displacement =  0.0
dataset =  datasets/random-ch4-10k.extxyz
n_train =  100
n_test =  2000
Train RMSE: 10.25110830910032 [Train MAE: 8.408997968290398]
Test RMSE: 23.17866905627739 [Test MAE: 14.818282380292102]
FINISHED at Tue Jan 10 09:32:43 CET 2023
