STARTING AT Tue Jan 10 09:16:25 CET 2023
Random seed: 1000
5 11
Reading dataset
Shuffling and extracting from dataset (length: 133885)
Shuffling and extraction done
Calculating power spectrum
Expansion coefficients done
Computing training kernel
     Calculating kernels for center species 1
     Calculating kernels for center species 1
Beginning first index add...
Beginning second index add...
     Calculating kernels for center species 6
     Calculating kernels for center species 6
Beginning first index add...
Beginning second index add...
     Calculating kernels for center species 7
     Calculating kernels for center species 7
Beginning first index add...
Beginning second index add...
     Calculating kernels for center species 8
     Calculating kernels for center species 8
Beginning first index add...
Beginning second index add...
     Calculating kernels for center species 9
     Calculating kernels for center species 9
Beginning first index add...
Beginning second index add...
Training kernel done
Computing test kernel
     Calculating kernels for center species 1
     Calculating kernels for center species 1
Beginning first index add...
Beginning second index add...
     Calculating kernels for center species 6
     Calculating kernels for center species 6
Beginning first index add...
Beginning second index add...
     Calculating kernels for center species 7
     Calculating kernels for center species 7
Beginning first index add...
Beginning second index add...
     Calculating kernels for center species 8
     Calculating kernels for center species 8
Beginning first index add...
Beginning second index add...
     Calculating kernels for center species 9
     Calculating kernels for center species 9
Beginning first index add...
Beginning second index add...
Test kernel done
Calculating composition features
Composition features done
-8.0 12.09308879913486
-7.8 12.09308793088396
-7.6 12.093086554800452
-7.4 12.093084373859158
-7.2 12.093080917311795
-7.0 12.09307543907834
-6.8 12.093066756735864
-6.6 12.093052996316542
-6.4 12.093031187950514
-6.2 12.092996625091642
-6.0 12.092941849349701
-5.8 12.09285504242632
-5.6 12.092717479736068
-5.4 12.092499500299304
-5.199999999999999 12.092154133477305
-5.0 12.091607033354988
-4.8 12.090740614286167
-4.6 12.089369129023021
-4.4 12.087199724256523
-4.199999999999999 12.083772098968014
-4.0 12.078366296813615
-3.8 12.070087501571738
-3.5999999999999996 12.057440052333202
-3.3999999999999995 12.037742086312601
-3.1999999999999993 12.007372188225562
-3.0 11.969433537984083
-2.8 11.916028705916588
-2.5999999999999996 11.851820962050487
-2.3999999999999995 11.824424813885784
-2.1999999999999993 11.83336701001582
-2.0 11.883611641550228
-1.7999999999999998 11.975775954465403
-1.5999999999999996 12.207144554068087
-1.3999999999999995 12.54653360446154
-1.1999999999999993 12.941603589478524
-1.0 13.409943277053905
-0.7999999999999998 13.87322247071271
-0.5999999999999996 14.400599728198568
-0.39999999999999947 15.058144181979229
-0.1999999999999993 15.735031203601514
0.0 16.484774692600922
0.20000000000000107 17.209501316188465
0.40000000000000036 17.83743545662206
0.5999999999999996 18.342793192875263
0.8000000000000007 18.70998199486153
1.0 18.97106019587404
1.200000000000001 19.13810812600476
1.4000000000000004 19.237513185162065
1.6000000000000014 19.291123281331036
1.8000000000000007 19.314691643471548
2.0 19.318527144539008
2.200000000000001 19.308969727648993
2.4000000000000004 19.290125083838305
2.6000000000000014 19.269851663176784
2.8000000000000007 19.248190788290806
3.0 19.226822097559232
3.200000000000001 19.20814616043502
3.4000000000000004 19.193300827222625
3.6000000000000014 19.18232091837852
3.8000000000000007 19.174614058632265
4.0 19.169398362398987
Result sigma optimization:  -2.3999999999999995 11.824424813885784
E_max_2 =  300
Cutoff Radius =  6.0
Selected Radial Transform =  20.0
factor =  0.7
displacement =  0.0
dataset =  datasets/qm9.xyz
n_train =  100
n_test =  2000
Train RMSE: 2.100473638847725 [Train MAE: 1.5488640015528683]
Test RMSE: 16.615724049116032 [Test MAE: 11.806937421348886]
FINISHED at Tue Jan 10 09:16:58 CET 2023
