STARTING AT Tue Jan 10 09:16:58 CET 2023
Random seed: 1000
7 16
Reading dataset
Shuffling and extracting from dataset (length: 133885)
Shuffling and extraction done
Calculating power spectrum
Expansion coefficients done
Computing training kernel
     Calculating kernels for center species 1
     Calculating kernels for center species 1
Beginning first index add...
Beginning second index add...
     Calculating kernels for center species 6
     Calculating kernels for center species 6
Beginning first index add...
Beginning second index add...
     Calculating kernels for center species 7
     Calculating kernels for center species 7
Beginning first index add...
Beginning second index add...
     Calculating kernels for center species 8
     Calculating kernels for center species 8
Beginning first index add...
Beginning second index add...
     Calculating kernels for center species 9
     Calculating kernels for center species 9
Beginning first index add...
Beginning second index add...
Training kernel done
Computing test kernel
     Calculating kernels for center species 1
     Calculating kernels for center species 1
Beginning first index add...
Beginning second index add...
     Calculating kernels for center species 6
     Calculating kernels for center species 6
Beginning first index add...
Beginning second index add...
     Calculating kernels for center species 7
     Calculating kernels for center species 7
Beginning first index add...
Beginning second index add...
     Calculating kernels for center species 8
     Calculating kernels for center species 8
Beginning first index add...
Beginning second index add...
     Calculating kernels for center species 9
     Calculating kernels for center species 9
Beginning first index add...
Beginning second index add...
Test kernel done
Calculating composition features
Composition features done
-8.0 5.557326418388402
-7.8 5.562690724669956
-7.6 5.571830951808952
-7.4 5.5852849643258375
-7.2 5.60428832528647
-7.0 5.629477860606276
-6.8 5.659729235838167
-6.6 5.6942145941441416
-6.4 5.740525586408912
-6.2 5.799569190407055
-6.0 5.885779791779351
-5.8 6.046699715952273
-5.6 6.238092708121985
-5.4 6.3993702797684815
-5.199999999999999 6.532091540248948
-5.0 6.670420142899384
-4.8 6.869786682761624
-4.6 7.134187919801916
-4.4 7.446399086697493
-4.199999999999999 7.827751229307032
-4.0 8.28201590887853
-3.8 8.771663990718952
-3.5999999999999996 9.428877967437439
-3.3999999999999995 10.118339412119894
-3.1999999999999993 10.911532756562519
-3.0 11.702687289014575
-2.8 12.630742503239999
-2.5999999999999996 13.76455088146362
-2.3999999999999995 14.878396856573236
-2.1999999999999993 15.932509050343397
-2.0 16.846156259602395
-1.7999999999999998 17.558730211298872
-1.5999999999999996 18.133501349232606
-1.3999999999999995 18.55934319084854
-1.1999999999999993 18.86403091450445
-1.0 19.09525891604584
-0.7999999999999998 19.383829605025127
-0.5999999999999996 19.60504512992738
-0.39999999999999947 19.800157594563967
-0.1999999999999993 19.922395396361168
0.0 19.981604458930633
0.20000000000000107 20.000094617130866
0.40000000000000036 19.971428761042244
0.5999999999999996 19.908595039473106
0.8000000000000007 19.825861718657222
1.0 19.737371611383278
1.200000000000001 19.654492146691087
1.4000000000000004 19.58374983020437
1.6000000000000014 19.526646304832187
1.8000000000000007 19.481075044134386
2.0 19.44319789046966
2.200000000000001 19.408981459752948
2.4000000000000004 19.375277425477176
2.6000000000000014 19.340580477233
2.8000000000000007 19.305359436627946
3.0 19.27163287435441
3.200000000000001 19.24181252315225
3.4000000000000004 19.217516163573997
3.6000000000000014 19.19909174276919
3.8000000000000007 19.18589188673268
4.0 19.17682232347353
Result sigma optimization:  -8.0 5.557326418388402
E_max_2 =  500
Cutoff Radius =  6.0
Selected Radial Transform =  20.0
factor =  2.4
displacement =  0.0
dataset =  datasets/qm9.xyz
n_train =  100
n_test =  2000
Train RMSE: 0.024951084937845282 [Train MAE: 0.02002233375949398]
Test RMSE: 8.665859763092913 [Test MAE: 5.888600495145949]
FINISHED at Tue Jan 10 09:17:35 CET 2023
