STARTING AT Tue Jan 10 09:17:00 CET 2023
Random seed: 1000
6 14
Reading dataset
Shuffling and extracting from dataset (length: 133885)
Shuffling and extraction done
Calculating power spectrum
Expansion coefficients done
Computing training kernel
     Calculating kernels for center species 1
     Calculating kernels for center species 1
Beginning first index add...
Beginning second index add...
     Calculating kernels for center species 6
     Calculating kernels for center species 6
Beginning first index add...
Beginning second index add...
     Calculating kernels for center species 7
     Calculating kernels for center species 7
Beginning first index add...
Beginning second index add...
     Calculating kernels for center species 8
     Calculating kernels for center species 8
Beginning first index add...
Beginning second index add...
     Calculating kernels for center species 9
     Calculating kernels for center species 9
Beginning first index add...
Beginning second index add...
Training kernel done
Computing test kernel
     Calculating kernels for center species 1
     Calculating kernels for center species 1
Beginning first index add...
Beginning second index add...
     Calculating kernels for center species 6
     Calculating kernels for center species 6
Beginning first index add...
Beginning second index add...
     Calculating kernels for center species 7
     Calculating kernels for center species 7
Beginning first index add...
Beginning second index add...
     Calculating kernels for center species 8
     Calculating kernels for center species 8
Beginning first index add...
Beginning second index add...
     Calculating kernels for center species 9
     Calculating kernels for center species 9
Beginning first index add...
Beginning second index add...
Test kernel done
Calculating composition features
Composition features done
-8.0 5.312598842064035
-7.8 5.3472180252784165
-7.6 5.428106553119141
-7.4 5.527892265584087
-7.2 5.641125611681491
-7.0 5.75674835936923
-6.8 5.8945004120527305
-6.6 6.089209475252428
-6.4 6.285478096436709
-6.2 6.448831400847994
-6.0 6.623018202370731
-5.8 6.824351200029486
-5.6 7.042887837174931
-5.4 7.307715263396967
-5.199999999999999 7.639962841460947
-5.0 8.000176009921125
-4.8 8.391903306152672
-4.6 8.833076211983862
-4.4 9.378780703092634
-4.199999999999999 10.027053427177162
-4.0 10.695084207088511
-3.8 11.48713450029929
-3.5999999999999996 12.446841298378057
-3.3999999999999995 13.565464608444163
-3.1999999999999993 14.73531432119762
-3.0 15.814550765902604
-2.8 16.738502587942875
-2.5999999999999996 17.46765827748836
-2.3999999999999995 18.027267494887045
-2.1999999999999993 18.460310578867702
-2.0 18.78366676058014
-1.7999999999999998 19.016909030886474
-1.5999999999999996 19.23555373429958
-1.3999999999999995 19.496148731035444
-1.1999999999999993 19.696760066981586
-1.0 19.860217418605167
-0.7999999999999998 19.955511616972842
-0.5999999999999996 19.997397555214544
-0.39999999999999947 19.99599043176559
-0.1999999999999993 19.952765803671063
0.0 19.88084740471525
0.20000000000000107 19.79449590954965
0.40000000000000036 19.707053075703076
0.5999999999999996 19.628225178279493
0.8000000000000007 19.562601669611713
1.0 19.510149888722445
1.200000000000001 19.467925182726525
1.4000000000000004 19.43186804554685
1.6000000000000014 19.398155211682603
1.8000000000000007 19.36415011199945
2.0 19.32904169795837
2.200000000000001 19.293948375658065
2.4000000000000004 19.26119864921706
2.6000000000000014 19.233056284800526
2.8000000000000007 19.210719258104564
3.0 19.194137954064132
3.200000000000001 19.182447143012315
3.4000000000000004 19.174504989632638
3.6000000000000014 19.1692459073198
3.8000000000000007 19.165822596803654
4.0 19.163619098580348
Result sigma optimization:  -8.0 5.312598842064035
E_max_2 =  400
Cutoff Radius =  6.0
Selected Radial Transform =  20.0
factor =  2.5
displacement =  0.0
dataset =  datasets/qm9.xyz
n_train =  100
n_test =  2000
Train RMSE: 0.19867284110538497 [Train MAE: 0.15920618155262123]
Test RMSE: 13.721725682769344 [Test MAE: 7.30336496469583]
FINISHED at Tue Jan 10 09:17:36 CET 2023
