STARTING AT Tue Jan 10 09:32:28 CET 2023
Random seed: 1000
7 16
Reading dataset
Shuffling and extracting from dataset (length: 10000)
Shuffling and extraction done
Calculating power spectrum
Expansion coefficients done
Computing training kernel
     Calculating kernels for center species 1
     Calculating kernels for center species 1
Beginning first index add...
Beginning second index add...
     Calculating kernels for center species 6
     Calculating kernels for center species 6
Beginning first index add...
Beginning second index add...
Training kernel done
Computing test kernel
     Calculating kernels for center species 1
     Calculating kernels for center species 1
Beginning first index add...
Beginning second index add...
     Calculating kernels for center species 6
     Calculating kernels for center species 6
Beginning first index add...
Beginning second index add...
Test kernel done
Calculating composition features
Composition features done
-8.0 26.554614374533752
-7.8 26.554450082294238
-7.6 26.554189730198292
-7.4 26.553777184190544
-7.2 26.553123554341056
-7.0 26.55208815175714
-6.8 26.550448481386116
-6.6 26.54785311898915
-6.4 26.54374811272431
-6.2 26.53726303548881
-6.0 26.527037053010254
-5.8 26.510959542651907
-5.6 26.485798160929587
-5.4 26.446701161339234
-5.199999999999999 26.386615150250986
-5.0 26.295797230549596
-4.8 26.1618629962652
-4.6 25.971142968587518
-4.4 25.71216370313367
-4.199999999999999 25.381123759833127
-4.0 24.98712519974805
-3.8 24.553588442130756
-3.5999999999999996 24.11448542770125
-3.3999999999999995 23.70821908320759
-3.1999999999999993 23.373091615632134
-3.0 23.145552543855732
-2.8 23.059270566468346
-2.5999999999999996 23.142828537925162
-2.3999999999999995 23.416843736615466
-2.1999999999999993 23.892794397160824
-2.0 24.574852025870708
-1.7999999999999998 25.469394812300578
-1.5999999999999996 26.6119137744301
-1.3999999999999995 28.10975735339251
-1.1999999999999993 30.16860488536293
-1.0 33.05187716056454
-0.7999999999999998 36.95526736700679
-0.5999999999999996 41.86198262639954
-0.39999999999999947 47.48793358240842
-0.1999999999999993 53.35804586239399
0.0 58.96174256955864
0.20000000000000107 63.90138782531265
0.40000000000000036 67.96489550980452
0.5999999999999996 71.1142857149949
0.8000000000000007 73.43216957262679
1.0 75.06345592957908
1.200000000000001 76.16785718553442
1.4000000000000004 76.88936424138237
1.6000000000000014 77.34323427574736
1.8000000000000007 77.61560478461355
2.0 77.76895975153275
2.200000000000001 77.84813344648838
2.4000000000000004 77.88446332377451
2.6000000000000014 77.89844112815358
2.8000000000000007 77.90214169120361
3.0 77.90184916467945
3.200000000000001 77.90042148959283
3.4000000000000004 77.89896571634375
3.6000000000000014 77.8978090929547
3.8000000000000007 77.89697984262341
4.0 77.89641577967609
Result sigma optimization:  -2.8 23.059270566468346
E_max_2 =  500
Cutoff Radius =  6.0
Selected Radial Transform =  20.0
factor =  0.6
displacement =  0.0
dataset =  datasets/random-ch4-10k.extxyz
n_train =  100
n_test =  2000
Train RMSE: 5.6978625689992795 [Train MAE: 4.5791581427472146]
Test RMSE: 20.767276467573613 [Test MAE: 12.909389749339779]
FINISHED at Tue Jan 10 09:32:34 CET 2023
