STARTING AT Tue Jan 10 09:27:37 CET 2023
Random seed: 1000
6 14
Reading dataset
Shuffling and extracting from dataset (length: 105092)
Shuffling and extraction done
Calculating power spectrum
Expansion coefficients done
Computing training kernel
     Calculating kernels for center species 79
     Calculating kernels for center species 79
Beginning first index add...
Beginning second index add...
Training kernel done
Computing test kernel
     Calculating kernels for center species 79
     Calculating kernels for center species 79
Beginning first index add...
Beginning second index add...
Test kernel done
Calculating composition features
Composition features done
-8.0 465.08442069347836
-7.8 471.70989399174454
-7.6 476.1562663533089
-7.4 479.07958899902803
-7.2 480.97540356817495
-7.0 482.1949415622108
-6.8 482.97769018999094
-6.6 483.4840263695888
-6.4 483.8227096590287
-6.2 484.07390273286427
-6.0 484.31237693933525
-5.8 484.6401896576103
-5.6 485.2465089930866
-5.4 486.52601115209626
-5.199999999999999 489.2989273770314
-5.0 495.145486437365
-4.8 506.6936776444972
-4.6 527.3146125232237
-4.4 559.5223630082667
-4.199999999999999 602.5437315716352
-4.0 651.447862177398
-3.8 699.3613723197252
-3.5999999999999996 740.8008224116431
-3.3999999999999995 773.3242420134503
-3.1999999999999993 797.0932318013101
-3.0 813.616524186194
-2.8 824.719614269267
-2.5999999999999996 832.0147215586736
-2.3999999999999995 836.738185425739
-2.1999999999999993 839.7677771048309
-2.0 841.6991052186047
-1.7999999999999998 842.9253371331105
-1.5999999999999996 843.7015907694414
-1.3999999999999995 844.1915813403193
-1.1999999999999993 844.4995376041728
-1.0 844.6913202759868
-0.7999999999999998 844.8080859722255
-0.5999999999999996 844.8749538348336
-0.39999999999999947 844.9063505444418
-0.1999999999999993 844.9091178463075
0.0 844.8840467782759
0.20000000000000107 844.8262187927485
0.40000000000000036 844.7243697849557
0.5999999999999996 844.559478979283
0.8000000000000007 844.3030282423765
1.0 843.9160750035411
1.200000000000001 843.3515860105338
1.4000000000000004 842.5639224856513
1.6000000000000014 841.5286986229725
1.8000000000000007 840.2693418299406
2.0 838.8734835071193
2.200000000000001 837.4771733308747
2.4000000000000004 836.216595172623
2.6000000000000014 835.1796657689363
2.8000000000000007 834.3900275009856
3.0 833.8233041538142
3.200000000000001 833.433636300751
3.4000000000000004 833.1735406765653
3.6000000000000014 833.003352219885
3.8000000000000007 832.8934379569179
4.0 832.8230487750913
Result sigma optimization:  -8.0 465.08442069347836
E_max_2 =  400
Cutoff Radius =  6.0
Selected Radial Transform =  20.0
factor =  2.6
displacement =  0.0
dataset =  datasets/gold.xyz
n_train =  100
n_test =  2000
Train RMSE: 452.6801915104104 [Train MAE: 357.08320009675197]
Test RMSE: 420.63359678268426 [Test MAE: 325.0042984158711]
FINISHED at Tue Jan 10 09:27:57 CET 2023
