STARTING AT Tue Jan 10 09:32:28 CET 2023
Random seed: 1000
7 18
Reading dataset
Shuffling and extracting from dataset (length: 10000)
Shuffling and extraction done
Calculating power spectrum
Expansion coefficients done
Computing training kernel
     Calculating kernels for center species 1
     Calculating kernels for center species 1
Beginning first index add...
Beginning second index add...
     Calculating kernels for center species 6
     Calculating kernels for center species 6
Beginning first index add...
Beginning second index add...
Training kernel done
Computing test kernel
     Calculating kernels for center species 1
     Calculating kernels for center species 1
Beginning first index add...
Beginning second index add...
     Calculating kernels for center species 6
     Calculating kernels for center species 6
Beginning first index add...
Beginning second index add...
Test kernel done
Calculating composition features
Composition features done
-8.0 24.772719125145414
-7.8 24.77269857987093
-7.6 24.77266601883283
-7.4 24.772614415634493
-7.2 24.772532636577214
-7.0 24.772403041797137
-6.8 24.772197688800055
-6.6 24.77187232893983
-6.4 24.77135692606186
-6.2 24.770540714160443
-6.0 24.769248726450602
-5.8 24.767205122512937
-5.6 24.76397637180196
-5.4 24.758884422295957
-5.199999999999999 24.75087692010654
-5.0 24.73834027834028
-4.8 24.718847059853537
-4.6 24.68885277841114
-4.4 24.643417104951773
-4.199999999999999 24.576136816585617
-4.0 24.479619569061366
-3.8 24.346874328108555
-3.5999999999999996 24.173741013185186
-3.3999999999999995 23.961932064346467
-3.1999999999999993 23.72197263497149
-3.0 23.475872618385697
-2.8 23.25965781698859
-2.5999999999999996 23.12362366586303
-2.3999999999999995 23.12528508949765
-2.1999999999999993 23.31329303431757
-2.0 23.70994161887927
-1.7999999999999998 24.305392240522153
-1.5999999999999996 25.072167823200555
-1.3999999999999995 25.99863155707444
-1.1999999999999993 27.133310895787066
-1.0 28.625257848691707
-0.7999999999999998 30.730920821256884
-0.5999999999999996 33.746796235331765
-0.39999999999999947 37.85950302401117
-0.1999999999999993 42.99485508704517
0.0 48.78958738015723
0.20000000000000107 54.712823883370234
0.40000000000000036 60.24758730452503
0.5999999999999996 65.0278095960885
0.8000000000000007 68.88471671549047
1.0 71.819603960663
1.200000000000001 73.94383600292348
1.4000000000000004 75.41738221162636
1.6000000000000014 76.40257776761364
1.8000000000000007 77.03853909637736
2.0 77.43321868071055
2.200000000000001 77.66604901600202
2.4000000000000004 77.79431622594905
2.6000000000000014 77.85882994612642
2.8000000000000007 77.88756758224913
3.0 77.89823665750477
3.200000000000001 77.9008717245493
3.4000000000000004 77.90049749156991
3.6000000000000014 77.89931964902235
3.8000000000000007 77.89816273168546
4.0 77.89725715888852
Result sigma optimization:  -2.5999999999999996 23.12362366586303
E_max_2 =  600
Cutoff Radius =  6.0
Selected Radial Transform =  20.0
factor =  0.6
displacement =  0.0
dataset =  datasets/random-ch4-10k.extxyz
n_train =  100
n_test =  2000
Train RMSE: 4.748370258367591 [Train MAE: 3.8513043778595684]
Test RMSE: 21.13037833187375 [Test MAE: 13.445673440591884]
FINISHED at Tue Jan 10 09:32:34 CET 2023
