STARTING AT Tue Jan 10 09:32:45 CET 2023
Random seed: 1000
5 11
Reading dataset
Shuffling and extracting from dataset (length: 10000)
Shuffling and extraction done
Calculating power spectrum
Expansion coefficients done
Computing training kernel
     Calculating kernels for center species 1
     Calculating kernels for center species 1
Beginning first index add...
Beginning second index add...
     Calculating kernels for center species 6
     Calculating kernels for center species 6
Beginning first index add...
Beginning second index add...
Training kernel done
Computing test kernel
     Calculating kernels for center species 1
     Calculating kernels for center species 1
Beginning first index add...
Beginning second index add...
     Calculating kernels for center species 6
     Calculating kernels for center species 6
Beginning first index add...
Beginning second index add...
Test kernel done
Calculating composition features
Composition features done
-8.0 30.254183500481126
-7.8 26.618822030435744
-7.6 23.940496464981464
-7.4 22.280081112430615
-7.2 21.49920071649315
-7.0 21.2550408660934
-6.8 21.173114509664824
-6.6 21.007198646535784
-6.4 20.67221354361991
-6.2 20.1938022092768
-6.0 19.645307339286298
-5.8 19.104397844139726
-5.6 18.633627242103167
-5.4 18.28242233402072
-5.199999999999999 18.10313887084693
-5.0 18.16656465123983
-4.8 18.56554908717347
-4.6 19.403626029261176
-4.4 20.766012952823814
-4.199999999999999 22.675968576687886
-4.0 25.061983615362823
-3.8 27.77195303262125
-3.5999999999999996 30.639180194163625
-3.3999999999999995 33.56786344203995
-3.1999999999999993 36.602691895709015
-3.0 39.93847360887774
-2.8 43.808819494047896
-2.5999999999999996 48.27370572044485
-2.3999999999999995 53.09102252812915
-2.1999999999999993 57.83324626387102
-2.0 62.135066854836495
-1.7999999999999998 65.83117249464043
-1.5999999999999996 68.91603818218024
-1.3999999999999995 71.43708559702692
-1.1999999999999993 73.43652741160334
-1.0 74.95699644746185
-0.7999999999999998 76.06014894870165
-0.5999999999999996 76.82522268948166
-0.39999999999999947 77.33386653726585
-0.1999999999999993 77.65699485308384
0.0 77.84972338912644
0.20000000000000107 77.95263284401958
0.40000000000000036 77.99569095437491
0.5999999999999996 78.00183094237772
0.8000000000000007 77.98863585441626
1.0 77.96847994946151
1.200000000000001 77.9486448679448
1.4000000000000004 77.93232392760754
1.6000000000000014 77.92016911567003
1.8000000000000007 77.91165254099488
2.0 77.90590990902386
2.200000000000001 77.90213083544272
2.4000000000000004 77.89968204889713
2.6000000000000014 77.89811073179584
2.8000000000000007 77.89710869302989
3.0 77.89647218676342
3.200000000000001 77.89606887116503
3.4000000000000004 77.89581371392379
3.6000000000000014 77.89565244829905
3.8000000000000007 77.89555058800214
4.0 77.89548627523673
Result sigma optimization:  -5.199999999999999 18.10313887084693
E_max_2 =  300
Cutoff Radius =  6.0
Selected Radial Transform =  21.0
factor =  1.7
displacement =  0.0
dataset =  datasets/random-ch4-10k.extxyz
n_train =  100
n_test =  2000
Train RMSE: 10.295037772987166 [Train MAE: 8.476698505968681]
Test RMSE: 17.18641542137254 [Test MAE: 11.841859445388847]
FINISHED at Tue Jan 10 09:32:52 CET 2023
