STARTING AT Tue Jan 10 09:17:37 CET 2023
Random seed: 1000
8 20
Reading dataset
Shuffling and extracting from dataset (length: 133885)
Shuffling and extraction done
Calculating power spectrum
Expansion coefficients done
Computing training kernel
     Calculating kernels for center species 1
     Calculating kernels for center species 1
Beginning first index add...
Beginning second index add...
     Calculating kernels for center species 6
     Calculating kernels for center species 6
Beginning first index add...
Beginning second index add...
     Calculating kernels for center species 7
     Calculating kernels for center species 7
Beginning first index add...
Beginning second index add...
     Calculating kernels for center species 8
     Calculating kernels for center species 8
Beginning first index add...
Beginning second index add...
     Calculating kernels for center species 9
     Calculating kernels for center species 9
Beginning first index add...
Beginning second index add...
Training kernel done
Computing test kernel
     Calculating kernels for center species 1
     Calculating kernels for center species 1
Beginning first index add...
Beginning second index add...
     Calculating kernels for center species 6
     Calculating kernels for center species 6
Beginning first index add...
Beginning second index add...
     Calculating kernels for center species 7
     Calculating kernels for center species 7
Beginning first index add...
Beginning second index add...
     Calculating kernels for center species 8
     Calculating kernels for center species 8
Beginning first index add...
Beginning second index add...
     Calculating kernels for center species 9
     Calculating kernels for center species 9
Beginning first index add...
Beginning second index add...
Test kernel done
Calculating composition features
Composition features done
-8.0 8.729437649998081
-7.8 8.729437367143856
-7.6 8.729436918832425
-7.4 8.729436208329034
-7.2 8.72943508226106
-7.0 8.729433297534243
-6.8 8.729430469005365
-6.6 8.729425986136366
-6.4 8.72941888143473
-6.2 8.729407621665823
-6.0 8.729389777164306
-5.8 8.72936149820447
-5.6 8.7293166857066
-5.4 8.72924567935639
-5.199999999999999 8.729133183714065
-5.0 8.728954995270888
-4.8 8.728672849501963
-4.6 8.728226340706005
-4.4 8.727520332387986
-4.199999999999999 8.726405544412955
-4.0 8.7246491294914
-3.8 8.72189135923779
-3.5999999999999996 8.717585087181961
-3.3999999999999995 8.710919266184856
-3.1999999999999993 8.700742959323179
-3.0 8.68554417280885
-2.8 8.666678838153393
-2.5999999999999996 8.641131612930758
-2.3999999999999995 8.613779069749643
-2.1999999999999993 8.612111388074972
-2.0 8.666798247856041
-1.7999999999999998 8.809155123838718
-1.5999999999999996 9.048314018555457
-1.3999999999999995 9.421360961205988
-1.1999999999999993 9.895555958587387
-1.0 10.481714883880564
-0.7999999999999998 11.174851054708492
-0.5999999999999996 11.964288127374404
-0.39999999999999947 12.725523010007137
-0.1999999999999993 13.485629006911088
0.0 14.284372131510832
0.20000000000000107 15.056837051495782
0.40000000000000036 15.785942629573041
0.5999999999999996 16.53363738237039
0.8000000000000007 17.264271168082566
1.0 17.919560822153247
1.200000000000001 18.449663227906793
1.4000000000000004 18.858141824505143
1.6000000000000014 19.14199882661949
1.8000000000000007 19.307108582845398
2.0 19.3894341767157
2.200000000000001 19.420629041041206
2.4000000000000004 19.423931828413835
2.6000000000000014 19.42020792740849
2.8000000000000007 19.408658631613115
3.0 19.391740273683105
3.200000000000001 19.369939860354357
3.4000000000000004 19.343452175826943
3.6000000000000014 19.313333522636587
3.8000000000000007 19.28187864093708
4.0 19.25204153554663
Result sigma optimization:  -2.1999999999999993 8.612111388074972
E_max_2 =  700
Cutoff Radius =  6.0
Selected Radial Transform =  21.0
factor =  1.3
displacement =  0.0
dataset =  datasets/qm9.xyz
n_train =  100
n_test =  2000
Train RMSE: 1.5434964485553613 [Train MAE: 1.1652695927658825]
Test RMSE: 12.64206003157327 [Test MAE: 8.433402617382665]
FINISHED at Tue Jan 10 09:18:49 CET 2023
