STARTING AT Tue Jan 10 09:17:31 CET 2023
Random seed: 1000
6 14
Reading dataset
Shuffling and extracting from dataset (length: 133885)
Shuffling and extraction done
Calculating power spectrum
Expansion coefficients done
Computing training kernel
     Calculating kernels for center species 1
     Calculating kernels for center species 1
Beginning first index add...
Beginning second index add...
     Calculating kernels for center species 6
     Calculating kernels for center species 6
Beginning first index add...
Beginning second index add...
     Calculating kernels for center species 7
     Calculating kernels for center species 7
Beginning first index add...
Beginning second index add...
     Calculating kernels for center species 8
     Calculating kernels for center species 8
Beginning first index add...
Beginning second index add...
     Calculating kernels for center species 9
     Calculating kernels for center species 9
Beginning first index add...
Beginning second index add...
Training kernel done
Computing test kernel
     Calculating kernels for center species 1
     Calculating kernels for center species 1
Beginning first index add...
Beginning second index add...
     Calculating kernels for center species 6
     Calculating kernels for center species 6
Beginning first index add...
Beginning second index add...
     Calculating kernels for center species 7
     Calculating kernels for center species 7
Beginning first index add...
Beginning second index add...
     Calculating kernels for center species 8
     Calculating kernels for center species 8
Beginning first index add...
Beginning second index add...
     Calculating kernels for center species 9
     Calculating kernels for center species 9
Beginning first index add...
Beginning second index add...
Test kernel done
Calculating composition features
Composition features done
-8.0 9.101727569611477
-7.8 9.101726086596194
-7.6 9.101723736200865
-7.4 9.10172001114178
-7.2 9.101714107457234
-7.0 9.101704751127645
-6.8 9.10168992328307
-6.6 9.101666425105295
-6.4 9.101629188941956
-6.2 9.101570188523965
-6.0 9.10147671660774
-5.8 9.101328667624953
-5.6 9.101094261688573
-5.4 9.10072334479186
-5.199999999999999 9.10013696265943
-5.0 9.099211314455001
-4.8 9.097753501688981
-4.6 9.09546597922722
-4.4 9.09199328069205
-4.199999999999999 9.086909700358692
-4.0 9.079169457666497
-3.8 9.067649076735062
-3.5999999999999996 9.051094583201284
-3.3999999999999995 9.037929806352402
-3.1999999999999993 9.05866861777094
-3.0 9.09329488522176
-2.8 9.163792993827771
-2.5999999999999996 9.314355763362151
-2.3999999999999995 9.59497366667804
-2.1999999999999993 9.961413794738533
-2.0 10.510172991805199
-1.7999999999999998 11.168385293536499
-1.5999999999999996 11.890945726030417
-1.3999999999999995 12.619592469320244
-1.1999999999999993 13.26310505960585
-1.0 13.93904045073687
-0.7999999999999998 14.738362470454017
-0.5999999999999996 15.49250779248996
-0.39999999999999947 16.23123972292507
-0.1999999999999993 16.982335476778346
0.0 17.649728445251654
0.20000000000000107 18.189626947896144
0.40000000000000036 18.624748364473394
0.5999999999999996 18.926633753010634
0.8000000000000007 19.119730203817202
1.0 19.235026993187006
1.200000000000001 19.299029682034053
1.4000000000000004 19.33085362872867
1.6000000000000014 19.342507340716555
1.8000000000000007 19.342213175277017
2.0 19.336108728412352
2.200000000000001 19.32085563388417
2.4000000000000004 19.29878170716245
2.6000000000000014 19.272944889405164
2.8000000000000007 19.246824033164554
3.0 19.22338822960717
3.200000000000001 19.204325758234003
3.4000000000000004 19.189969192127936
3.6000000000000014 19.179757835179206
3.8000000000000007 19.172783157505428
4.0 19.16814914764199
Result sigma optimization:  -3.3999999999999995 9.037929806352402
E_max_2 =  400
Cutoff Radius =  6.0
Selected Radial Transform =  21.0
factor =  1.1
displacement =  0.0
dataset =  datasets/qm9.xyz
n_train =  100
n_test =  2000
Train RMSE: 0.8243891582276027 [Train MAE: 0.6232343873476113]
Test RMSE: 13.12569490778699 [Test MAE: 8.756908906980428]
FINISHED at Tue Jan 10 09:18:07 CET 2023
