STARTING AT Tue Jan 10 09:17:39 CET 2023
Random seed: 1000
8 20
Reading dataset
Shuffling and extracting from dataset (length: 133885)
Shuffling and extraction done
Calculating power spectrum
Expansion coefficients done
Computing training kernel
     Calculating kernels for center species 1
     Calculating kernels for center species 1
Beginning first index add...
Beginning second index add...
     Calculating kernels for center species 6
     Calculating kernels for center species 6
Beginning first index add...
Beginning second index add...
     Calculating kernels for center species 7
     Calculating kernels for center species 7
Beginning first index add...
Beginning second index add...
     Calculating kernels for center species 8
     Calculating kernels for center species 8
Beginning first index add...
Beginning second index add...
     Calculating kernels for center species 9
     Calculating kernels for center species 9
Beginning first index add...
Beginning second index add...
Training kernel done
Computing test kernel
     Calculating kernels for center species 1
     Calculating kernels for center species 1
Beginning first index add...
Beginning second index add...
     Calculating kernels for center species 6
     Calculating kernels for center species 6
Beginning first index add...
Beginning second index add...
     Calculating kernels for center species 7
     Calculating kernels for center species 7
Beginning first index add...
Beginning second index add...
     Calculating kernels for center species 8
     Calculating kernels for center species 8
Beginning first index add...
Beginning second index add...
     Calculating kernels for center species 9
     Calculating kernels for center species 9
Beginning first index add...
Beginning second index add...
Test kernel done
Calculating composition features
Composition features done
-8.0 8.429221311262335
-7.8 8.429220639630385
-7.6 8.429219575225579
-7.4 8.429217888181956
-7.2 8.429215214456509
-7.0 8.429210976876092
-6.8 8.429204260943898
-6.6 8.429193617063975
-6.4 8.429176748278733
-6.2 8.429150014509778
-6.0 8.429107648076933
-5.8 8.429040511215462
-5.6 8.428934129926
-5.4 8.428765586008339
-5.199999999999999 8.428498610154803
-5.0 8.428075854237395
-4.8 8.42740676573805
-4.6 8.426348676466223
-4.4 8.42467759580919
-4.199999999999999 8.422043830192415
-4.0 8.41790637394146
-3.8 8.411440532677897
-3.5999999999999996 8.401419475081985
-3.3999999999999995 8.386091559726374
-3.1999999999999993 8.363127712610622
-3.0 8.329811111808995
-2.8 8.283748386142397
-2.5999999999999996 8.229434219299492
-2.3999999999999995 8.187643105697099
-2.1999999999999993 8.20331742007038
-2.0 8.306793209371808
-1.7999999999999998 8.543049735631948
-1.5999999999999996 8.909676579464158
-1.3999999999999995 9.434133745038762
-1.1999999999999993 10.038950707598696
-1.0 10.796383223944604
-0.7999999999999998 11.661634073457831
-0.5999999999999996 12.496193021321444
-0.39999999999999947 13.31861777155237
-0.1999999999999993 14.141750351974787
0.0 14.928116969106036
0.20000000000000107 15.681323368121252
0.40000000000000036 16.385608953385407
0.5999999999999996 17.10898521677518
0.8000000000000007 17.746908803919972
1.0 18.31813478506084
1.200000000000001 18.76310174530957
1.4000000000000004 19.09424079688639
1.6000000000000014 19.3042034089477
1.8000000000000007 19.41332983319309
2.0 19.45611201183482
2.200000000000001 19.461037584876227
2.4000000000000004 19.453832111082967
2.6000000000000014 19.438677961523812
2.8000000000000007 19.41965510648683
3.0 19.39772415408611
3.200000000000001 19.37243873568135
3.4000000000000004 19.343510727729363
3.6000000000000014 19.311807119302912
3.8000000000000007 19.279543105052856
4.0 19.24954435671681
Result sigma optimization:  -2.3999999999999995 8.187643105697099
E_max_2 =  700
Cutoff Radius =  6.0
Selected Radial Transform =  21.0
factor =  1.4
displacement =  0.0
dataset =  datasets/qm9.xyz
n_train =  100
n_test =  2000
Train RMSE: 1.6485919342553859 [Train MAE: 1.2292858777798543]
Test RMSE: 11.987349961648006 [Test MAE: 7.870127967655709]
FINISHED at Tue Jan 10 09:18:28 CET 2023
