STARTING AT Tue Jan 10 09:32:44 CET 2023
Random seed: 1000
7 16
Reading dataset
Shuffling and extracting from dataset (length: 10000)
Shuffling and extraction done
Calculating power spectrum
Expansion coefficients done
Computing training kernel
     Calculating kernels for center species 1
     Calculating kernels for center species 1
Beginning first index add...
Beginning second index add...
     Calculating kernels for center species 6
     Calculating kernels for center species 6
Beginning first index add...
Beginning second index add...
Training kernel done
Computing test kernel
     Calculating kernels for center species 1
     Calculating kernels for center species 1
Beginning first index add...
Beginning second index add...
     Calculating kernels for center species 6
     Calculating kernels for center species 6
Beginning first index add...
Beginning second index add...
Test kernel done
Calculating composition features
Composition features done
-8.0 28.966162798844742
-7.8 28.96778242682829
-7.6 28.97032853785921
-7.4 28.974311788875024
-7.2 28.98049511695725
-7.0 28.9899738393088
-6.8 29.004209814891475
-6.6 29.024882386490145
-6.4 29.053259702960048
-6.2 29.088618535516858
-6.0 29.12535290103586
-5.8 29.149357726656444
-5.6 29.13598533421848
-5.4 29.052561838268538
-5.199999999999999 28.866314722081324
-5.0 28.555147646651623
-4.8 28.117113182528954
-4.6 27.575081068089617
-4.4 26.974245622915774
-4.199999999999999 26.37224701418984
-4.0 25.82760252276362
-3.8 25.394859147978895
-3.5999999999999996 25.124620027758397
-3.3999999999999995 25.059016588559654
-3.1999999999999993 25.224501842417716
-3.0 25.632551584650273
-2.8 26.28832745105383
-2.5999999999999996 27.200764581990946
-2.3999999999999995 28.39664285814462
-2.1999999999999993 29.94133258119945
-2.0 31.9477623853923
-1.7999999999999998 34.54261190008532
-1.5999999999999996 37.79306568399956
-1.3999999999999995 41.65611761159357
-1.1999999999999993 45.99921658010457
-1.0 50.64474190895376
-0.7999999999999998 55.37492946688004
-0.5999999999999996 59.93661668332528
-0.39999999999999947 64.09613168780312
-0.1999999999999993 67.69470492664338
0.0 70.65582544358783
0.20000000000000107 72.97165740824235
0.40000000000000036 74.69334511898607
0.5999999999999996 75.91487948436577
0.8000000000000007 76.74697013423949
1.0 77.29327390881774
1.200000000000001 77.63781713870644
1.4000000000000004 77.84290099124767
1.6000000000000014 77.9528740426707
1.8000000000000007 77.99965609969357
2.0 78.00727727600973
2.200000000000001 77.99410154002562
2.4000000000000004 77.9731666204778
2.6000000000000014 77.95227701089983
2.8000000000000007 77.93495107987448
3.0 77.92198202342247
3.200000000000001 77.91286474502489
3.4000000000000004 77.9067038015765
3.6000000000000014 77.90264380813537
3.8000000000000007 77.90001064538778
4.0 77.89832005988522
Result sigma optimization:  -3.3999999999999995 25.059016588559654
E_max_2 =  500
Cutoff Radius =  6.0
Selected Radial Transform =  21.0
factor =  1.1
displacement =  0.0
dataset =  datasets/random-ch4-10k.extxyz
n_train =  100
n_test =  2000
Train RMSE: 8.664593336385598 [Train MAE: 6.896171098227454]
Test RMSE: 23.208687360813016 [Test MAE: 15.124100106493275]
FINISHED at Tue Jan 10 09:32:55 CET 2023
