STARTING AT Tue Jan 10 09:27:56 CET 2023
Random seed: 1000
8 20
Reading dataset
Shuffling and extracting from dataset (length: 105092)
Shuffling and extraction done
Calculating power spectrum
Expansion coefficients done
Computing training kernel
     Calculating kernels for center species 79
     Calculating kernels for center species 79
Beginning first index add...
Beginning second index add...
Training kernel done
Computing test kernel
     Calculating kernels for center species 79
     Calculating kernels for center species 79
Beginning first index add...
Beginning second index add...
Test kernel done
Calculating composition features
Composition features done
-8.0 254.87209182494848
-7.8 254.87112060050845
-7.6 254.8695734338872
-7.4 254.86710161923526
-7.2 254.8631350925028
-7.0 254.856727429234
-6.8 254.84627587704588
-6.6 254.82899692543415
-6.4 254.79992801100224
-6.2 254.750022835078
-6.0 254.66263176254122
-5.8 254.5074434191268
-5.6 254.23119160862586
-5.4 253.74543870215558
-5.199999999999999 252.91301103018202
-5.0 251.5351485483504
-4.8 249.3427673060135
-4.6 246.00281073340406
-4.4 241.16464520347904
-4.199999999999999 234.5725488632835
-4.0 226.22743832299858
-3.8 216.5022615284466
-3.5999999999999996 206.0937485590925
-3.3999999999999995 195.82723250495363
-3.1999999999999993 186.50280054942445
-3.0 178.9024671268139
-2.8 173.83193543053082
-2.5999999999999996 172.00846044871327
-2.3999999999999995 173.7710108616014
-2.1999999999999993 178.7682366869573
-2.0 185.88698227463823
-1.7999999999999998 193.59816480626267
-1.5999999999999996 200.5590315415327
-1.3999999999999995 206.0811181754135
-1.1999999999999993 210.2450271391569
-1.0 213.75436995458676
-0.7999999999999998 217.70482133327198
-0.5999999999999996 223.31578836883145
-0.39999999999999947 231.59957857752892
-0.1999999999999993 243.0625963823077
0.0 257.6418348087284
0.20000000000000107 274.9331146085181
0.40000000000000036 294.5494234730291
0.5999999999999996 316.3670866201655
0.8000000000000007 340.40437738161313
1.0 366.4016041708894
1.200000000000001 393.6800634274173
1.4000000000000004 421.51400882185885
1.6000000000000014 449.48091589283774
1.8000000000000007 477.56578424179685
2.0 506.4491397820601
2.200000000000001 537.8327211661937
2.4000000000000004 573.7757864589056
2.6000000000000014 614.7813907110981
2.8000000000000007 658.3782852110227
3.0 700.083961145057
3.200000000000001 735.9100326475279
3.4000000000000004 764.0119073254732
3.6000000000000014 784.6324665897755
3.8000000000000007 799.1732197173085
4.0 809.2999823990808
Result sigma optimization:  -2.5999999999999996 172.00846044871327
E_max_2 =  700
Cutoff Radius =  6.0
Selected Radial Transform =  21.0
factor =  0.5
displacement =  0.0
dataset =  datasets/gold.xyz
n_train =  100
n_test =  2000
Train RMSE: 47.33423472202727 [Train MAE: 35.03345151319845]
Test RMSE: 157.2234506812281 [Test MAE: 114.73263676177564]
FINISHED at Tue Jan 10 09:28:22 CET 2023
