STARTING AT Tue Jan 10 09:32:43 CET 2023
Random seed: 1000
8 20
Reading dataset
Shuffling and extracting from dataset (length: 10000)
Shuffling and extraction done
Calculating power spectrum
Expansion coefficients done
Computing training kernel
     Calculating kernels for center species 1
     Calculating kernels for center species 1
Beginning first index add...
Beginning second index add...
     Calculating kernels for center species 6
     Calculating kernels for center species 6
Beginning first index add...
Beginning second index add...
Training kernel done
Computing test kernel
     Calculating kernels for center species 1
     Calculating kernels for center species 1
Beginning first index add...
Beginning second index add...
     Calculating kernels for center species 6
     Calculating kernels for center species 6
Beginning first index add...
Beginning second index add...
Test kernel done
Calculating composition features
Composition features done
-8.0 26.02844969764605
-7.8 26.02843650535438
-7.6 26.02841559676148
-7.4 26.02838245841579
-7.2 26.028329936317256
-7.0 26.02824669109095
-6.8 26.028114747963542
-6.6 26.027905611138532
-6.4 26.027574098414643
-6.2 26.02704855172788
-6.0 26.026215275346377
-5.8 26.02489375138466
-5.6 26.02279704384624
-5.4 26.019468209988545
-5.199999999999999 26.014177331905852
-5.0 26.005752794189448
-4.8 25.99230138458217
-4.6 25.97074433250998
-4.4 25.936084853786735
-4.199999999999999 25.88043465159062
-4.0 25.79228464556462
-3.8 25.657348038607886
-3.5999999999999996 25.462682621770732
-3.3999999999999995 25.20432925208843
-3.1999999999999993 24.89592168936437
-3.0 24.574393783785222
-2.8 24.29945738508412
-2.5999999999999996 24.14408694969942
-2.3999999999999995 24.176949983047752
-2.1999999999999993 24.446818350962786
-2.0 24.982251722535015
-1.7999999999999998 25.808634853333192
-1.5999999999999996 26.971711938571666
-1.3999999999999995 28.556022186604796
-1.1999999999999993 30.68961618126236
-1.0 33.518359544494345
-0.7999999999999998 37.13198343246265
-0.5999999999999996 41.46827980386326
-0.39999999999999947 46.28117114766105
-0.1999999999999993 51.2270108569733
0.0 56.0029244997999
0.20000000000000107 60.4201243610707
0.40000000000000036 64.38049867042002
0.5999999999999996 67.82058748011976
0.8000000000000007 70.68827395241844
1.0 72.96058610053218
1.200000000000001 74.66678812791898
1.4000000000000004 75.88540483716253
1.6000000000000014 76.71889379300238
1.8000000000000007 77.26729302972774
2.0 77.61340760253792
2.200000000000001 77.81945517867851
2.4000000000000004 77.93023799008625
2.6000000000000014 77.97830200933683
2.8000000000000007 77.98811064737441
3.0 77.97799136809091
3.200000000000001 77.9605194092289
3.4000000000000004 77.94293437333815
3.6000000000000014 77.92837671827017
3.8000000000000007 77.9175186984812
4.0 77.90990974113183
Result sigma optimization:  -2.5999999999999996 24.14408694969942
E_max_2 =  700
Cutoff Radius =  6.0
Selected Radial Transform =  21.0
factor =  0.9
displacement =  0.0
dataset =  datasets/random-ch4-10k.extxyz
n_train =  100
n_test =  2000
Train RMSE: 6.037000526134641 [Train MAE: 4.796483149647324]
Test RMSE: 22.30730857471943 [Test MAE: 14.311536080565507]
FINISHED at Tue Jan 10 09:32:53 CET 2023
