STARTING AT Tue Jan 10 09:17:38 CET 2023
Random seed: 1000
6 14
Reading dataset
Shuffling and extracting from dataset (length: 133885)
Shuffling and extraction done
Calculating power spectrum
Expansion coefficients done
Computing training kernel
     Calculating kernels for center species 1
     Calculating kernels for center species 1
Beginning first index add...
Beginning second index add...
     Calculating kernels for center species 6
     Calculating kernels for center species 6
Beginning first index add...
Beginning second index add...
     Calculating kernels for center species 7
     Calculating kernels for center species 7
Beginning first index add...
Beginning second index add...
     Calculating kernels for center species 8
     Calculating kernels for center species 8
Beginning first index add...
Beginning second index add...
     Calculating kernels for center species 9
     Calculating kernels for center species 9
Beginning first index add...
Beginning second index add...
Training kernel done
Computing test kernel
     Calculating kernels for center species 1
     Calculating kernels for center species 1
Beginning first index add...
Beginning second index add...
     Calculating kernels for center species 6
     Calculating kernels for center species 6
Beginning first index add...
Beginning second index add...
     Calculating kernels for center species 7
     Calculating kernels for center species 7
Beginning first index add...
Beginning second index add...
     Calculating kernels for center species 8
     Calculating kernels for center species 8
Beginning first index add...
Beginning second index add...
     Calculating kernels for center species 9
     Calculating kernels for center species 9
Beginning first index add...
Beginning second index add...
Test kernel done
Calculating composition features
Composition features done
-8.0 9.292575680205331
-7.8 9.292483186400117
-7.6 9.292336605478987
-7.4 9.292104320287867
-7.2 9.291736248165398
-7.0 9.291153081735374
-6.8 9.290229298649088
-6.6 9.288766388812274
-6.4 9.286450811253554
-6.2 9.282788328353481
-6.0 9.277002341147432
-5.8 9.26787870866115
-5.6 9.253534347751739
-5.4 9.231085497345466
-5.199999999999999 9.196478856432513
-5.0 9.144358531579195
-4.8 9.06616186652569
-4.6 8.95275429681386
-4.4 8.79163443654641
-4.199999999999999 8.581111716520864
-4.0 8.335238275566917
-3.8 8.110014446806563
-3.5999999999999996 7.94222140616248
-3.3999999999999995 7.976004757686442
-3.1999999999999993 8.1781787956247
-3.0 8.562740186280944
-2.8 9.060868170269568
-2.5999999999999996 9.72161329940944
-2.3999999999999995 10.509437826849176
-2.1999999999999993 11.284112818308564
-2.0 12.111435745950308
-1.7999999999999998 12.940883551483847
-1.5999999999999996 13.889036103860782
-1.3999999999999995 14.820613480771266
-1.1999999999999993 15.614424314217567
-1.0 16.342925231786904
-0.7999999999999998 17.036586759497833
-0.5999999999999996 17.678365442816094
-0.39999999999999947 18.23893633909501
-0.1999999999999993 18.674679754816236
0.0 18.9917810501551
0.20000000000000107 19.221129078732893
0.40000000000000036 19.353057588234257
0.5999999999999996 19.41508982507083
0.8000000000000007 19.434475142880657
1.0 19.4311178274223
1.200000000000001 19.421308581923057
1.4000000000000004 19.408447584697967
1.6000000000000014 19.391033289926916
1.8000000000000007 19.369189162912622
2.0 19.342894636675275
2.200000000000001 19.31305295429968
2.4000000000000004 19.28184583150245
2.6000000000000014 19.252166286398992
2.8000000000000007 19.226501993285012
3.0 19.20611580895722
3.200000000000001 19.191000146888268
3.4000000000000004 19.18035908960201
3.6000000000000014 19.173139804277067
3.8000000000000007 19.168364230322794
4.0 19.16525785823477
Result sigma optimization:  -3.5999999999999996 7.94222140616248
E_max_2 =  400
Cutoff Radius =  6.0
Selected Radial Transform =  21.0
factor =  1.4
displacement =  0.0
dataset =  datasets/qm9.xyz
n_train =  100
n_test =  2000
Train RMSE: 2.3735874953301477 [Train MAE: 1.8055293992177683]
Test RMSE: 12.403136565344141 [Test MAE: 8.407498617993735]
FINISHED at Tue Jan 10 09:18:14 CET 2023
