STARTING AT Tue Jan 10 09:17:42 CET 2023
Random seed: 1000
7 16
Reading dataset
Shuffling and extracting from dataset (length: 133885)
Shuffling and extraction done
Calculating power spectrum
Expansion coefficients done
Computing training kernel
     Calculating kernels for center species 1
     Calculating kernels for center species 1
Beginning first index add...
Beginning second index add...
     Calculating kernels for center species 6
     Calculating kernels for center species 6
Beginning first index add...
Beginning second index add...
     Calculating kernels for center species 7
     Calculating kernels for center species 7
Beginning first index add...
Beginning second index add...
     Calculating kernels for center species 8
     Calculating kernels for center species 8
Beginning first index add...
Beginning second index add...
     Calculating kernels for center species 9
     Calculating kernels for center species 9
Beginning first index add...
Beginning second index add...
Training kernel done
Computing test kernel
     Calculating kernels for center species 1
     Calculating kernels for center species 1
Beginning first index add...
Beginning second index add...
     Calculating kernels for center species 6
     Calculating kernels for center species 6
Beginning first index add...
Beginning second index add...
     Calculating kernels for center species 7
     Calculating kernels for center species 7
Beginning first index add...
Beginning second index add...
     Calculating kernels for center species 8
     Calculating kernels for center species 8
Beginning first index add...
Beginning second index add...
     Calculating kernels for center species 9
     Calculating kernels for center species 9
Beginning first index add...
Beginning second index add...
Test kernel done
Calculating composition features
Composition features done
-8.0 8.699500682077051
-7.8 8.699414407031291
-7.6 8.69927768214664
-7.4 8.699061018583016
-7.2 8.69871770623271
-7.0 8.698173784697865
-6.8 8.697312208397053
-6.6 8.695947909160022
-6.4 8.693788666045439
-6.2 8.690374067412195
-6.0 8.684981198962197
-5.8 8.676481129676977
-5.6 8.6635126851307
-5.4 8.643822230492733
-5.199999999999999 8.614555317469858
-5.0 8.569768639800241
-4.8 8.504333706249746
-4.6 8.411077001882077
-4.4 8.290361020884848
-4.199999999999999 8.147405169187532
-4.0 7.994593890770302
-3.8 7.839586281399061
-3.5999999999999996 7.657688282746749
-3.3999999999999995 7.504165436670956
-3.1999999999999993 7.511773652815172
-3.0 7.710052325828328
-2.8 8.063728817311585
-2.5999999999999996 8.57705508999241
-2.3999999999999995 9.194501968194672
-2.1999999999999993 9.975408950257014
-2.0 10.822613165523798
-1.7999999999999998 11.681367589492138
-1.5999999999999996 12.625266859163741
-1.3999999999999995 13.617255795430326
-1.1999999999999993 14.590924242932285
-1.0 15.437256564587656
-0.7999999999999998 16.152515775601593
-0.5999999999999996 16.859052791217692
-0.39999999999999947 17.516572997158026
-0.1999999999999993 18.06824972536702
0.0 18.568365694930634
0.20000000000000107 18.955112217266215
0.40000000000000036 19.264128937401065
0.5999999999999996 19.459609792211985
0.8000000000000007 19.555771086680146
1.0 19.58274191572245
1.200000000000001 19.568298187852648
1.4000000000000004 19.535735402940062
1.6000000000000014 19.502676727573895
1.8000000000000007 19.47041177124635
2.0 19.44064948929252
2.200000000000001 19.412345205801618
2.4000000000000004 19.383570677487963
2.6000000000000014 19.352874002031122
2.8000000000000007 19.3201784531107
3.0 19.287023399470595
3.200000000000001 19.255924258907864
3.4000000000000004 19.229182234216367
3.6000000000000014 19.20797914704584
3.8000000000000007 19.192262674424494
4.0 19.181196291897294
Result sigma optimization:  -3.3999999999999995 7.504165436670956
E_max_2 =  500
Cutoff Radius =  6.0
Selected Radial Transform =  21.0
factor =  1.6
displacement =  0.0
dataset =  datasets/qm9.xyz
n_train =  100
n_test =  2000
Train RMSE: 2.5639619122735686 [Train MAE: 1.9292322139103004]
Test RMSE: 12.470686175601845 [Test MAE: 8.443599287778872]
FINISHED at Tue Jan 10 09:18:23 CET 2023
