STARTING AT Tue Jan 10 09:18:09 CET 2023
Random seed: 1000
7 16
Reading dataset
Shuffling and extracting from dataset (length: 133885)
Shuffling and extraction done
Calculating power spectrum
Expansion coefficients done
Computing training kernel
     Calculating kernels for center species 1
     Calculating kernels for center species 1
Beginning first index add...
Beginning second index add...
     Calculating kernels for center species 6
     Calculating kernels for center species 6
Beginning first index add...
Beginning second index add...
     Calculating kernels for center species 7
     Calculating kernels for center species 7
Beginning first index add...
Beginning second index add...
     Calculating kernels for center species 8
     Calculating kernels for center species 8
Beginning first index add...
Beginning second index add...
     Calculating kernels for center species 9
     Calculating kernels for center species 9
Beginning first index add...
Beginning second index add...
Training kernel done
Computing test kernel
     Calculating kernels for center species 1
     Calculating kernels for center species 1
Beginning first index add...
Beginning second index add...
     Calculating kernels for center species 6
     Calculating kernels for center species 6
Beginning first index add...
Beginning second index add...
     Calculating kernels for center species 7
     Calculating kernels for center species 7
Beginning first index add...
Beginning second index add...
     Calculating kernels for center species 8
     Calculating kernels for center species 8
Beginning first index add...
Beginning second index add...
     Calculating kernels for center species 9
     Calculating kernels for center species 9
Beginning first index add...
Beginning second index add...
Test kernel done
Calculating composition features
Composition features done
-8.0 7.67621152435895
-7.8 7.740336594079854
-7.6 7.800669897393672
-7.4 7.874660901966854
-7.2 8.02152766274463
-7.0 8.21710212300648
-6.8 8.429870396956103
-6.6 8.678909344180138
-6.4 8.9952878525079
-6.2 9.505393189134775
-6.0 10.165334716586512
-5.8 10.920916828094633
-5.6 11.704091801806936
-5.4 12.544131852235296
-5.199999999999999 13.40282740071125
-5.0 14.27246530844015
-4.8 15.054119684597245
-4.6 15.750787644280354
-4.4 16.32821993129095
-4.199999999999999 16.826438854795995
-4.0 17.319082944928088
-3.8 17.903468731802423
-3.5999999999999996 18.437894656109858
-3.3999999999999995 18.869489518201444
-3.1999999999999993 19.213897082847833
-3.0 19.47708875162687
-2.8 19.66355945332485
-2.5999999999999996 19.781054083524943
-2.3999999999999995 19.846897427136028
-2.1999999999999993 19.954425802195
-2.0 20.05426722866685
-1.7999999999999998 20.149029897275128
-1.5999999999999996 20.21555660199576
-1.3999999999999995 20.26455433549687
-1.1999999999999993 20.296037450261853
-1.0 20.31552869214857
-0.7999999999999998 20.32054081955541
-0.5999999999999996 20.31282533113338
-0.39999999999999947 20.292341176262262
-0.1999999999999993 20.257548762336587
0.0 20.20612709197475
0.20000000000000107 20.13633058858509
0.40000000000000036 20.04883009874263
0.5999999999999996 19.948175079899773
0.8000000000000007 19.84259715329104
1.0 19.741675037568413
1.200000000000001 19.653077865106457
1.4000000000000004 19.580399584350012
1.6000000000000014 19.523072820860946
1.8000000000000007 19.477754853660393
2.0 19.44000833405983
2.200000000000001 19.405614846452128
2.4000000000000004 19.371499885040606
2.6000000000000014 19.336385685328274
2.8000000000000007 19.300999624309235
3.0 19.267503270749277
3.200000000000001 19.238260232452355
3.4000000000000004 19.214711119124242
3.6000000000000014 19.197023408047862
3.8000000000000007 19.18444241206229
4.0 19.175842262702705
Result sigma optimization:  -8.0 7.67621152435895
E_max_2 =  500
Cutoff Radius =  6.0
Selected Radial Transform =  21.0
factor =  4.0
displacement =  0.0
dataset =  datasets/qm9.xyz
n_train =  100
n_test =  2000
Train RMSE: 5.619780752798476 [Train MAE: 4.452603598108042]
Test RMSE: 12.881905492241811 [Test MAE: 8.96478228753859]
FINISHED at Tue Jan 10 09:18:53 CET 2023
