STARTING AT Tue Jan 10 09:32:44 CET 2023
Random seed: 1000
6 14
Reading dataset
Shuffling and extracting from dataset (length: 10000)
Shuffling and extraction done
Calculating power spectrum
Expansion coefficients done
Computing training kernel
     Calculating kernels for center species 1
     Calculating kernels for center species 1
Beginning first index add...
Beginning second index add...
     Calculating kernels for center species 6
     Calculating kernels for center species 6
Beginning first index add...
Beginning second index add...
Training kernel done
Computing test kernel
     Calculating kernels for center species 1
     Calculating kernels for center species 1
Beginning first index add...
Beginning second index add...
     Calculating kernels for center species 6
     Calculating kernels for center species 6
Beginning first index add...
Beginning second index add...
Test kernel done
Calculating composition features
Composition features done
-8.0 28.483707099018645
-7.8 28.474820052918247
-7.6 28.46171148934629
-7.4 28.443001882025015
-7.2 28.417333822943643
-7.0 28.38333466423659
-6.8 28.338486415076996
-6.6 28.275860207441063
-6.4 28.17925890838972
-6.2 28.020394473945313
-6.0 27.762421711458156
-5.8 27.37003866088885
-5.6 26.822112283602696
-5.4 26.123135246820986
-5.199999999999999 25.310793168617938
-5.0 24.454025328626802
-4.8 23.637160903828345
-4.6 22.93865889672548
-4.4 22.421657067998822
-4.199999999999999 22.139262185961698
-4.0 22.137843017902618
-3.8 22.447191723490683
-3.5999999999999996 23.069067910780866
-3.3999999999999995 23.980253844888225
-3.1999999999999993 25.150532429893886
-3.0 26.568827062100446
-2.8 28.27060581208265
-2.5999999999999996 30.345974397822996
-2.3999999999999995 32.90367990339597
-2.1999999999999993 36.006771229455694
-2.0 39.64089434888545
-1.7999999999999998 43.74243999934564
-1.5999999999999996 48.225237440892926
-1.3999999999999995 52.94647365050818
-1.1999999999999993 57.67028945025032
-1.0 62.117584787137204
-0.7999999999999998 66.06081484716248
-0.5999999999999996 69.36923371345634
-0.39999999999999947 72.00196109991977
-0.1999999999999993 73.99115445794479
0.0 75.42278916154325
0.20000000000000107 76.40944536445882
0.40000000000000036 77.06323807111882
0.5999999999999996 77.47907557383306
0.8000000000000007 77.72974403070336
1.0 77.86852068411856
1.200000000000001 77.93434681932484
1.4000000000000004 77.95609510798037
1.6000000000000014 77.95467390454084
1.8000000000000007 77.94385615942318
2.0 77.93134650372052
2.200000000000001 77.920530381531
2.4000000000000004 77.91232051915128
2.6000000000000014 77.90652115398335
2.8000000000000007 77.90259606597537
3.0 77.90000832975493
3.200000000000001 77.89832991311745
3.4000000000000004 77.89725235815996
3.6000000000000014 77.89656498980918
3.8000000000000007 77.89612828905634
4.0 77.89585154886333
Result sigma optimization:  -4.0 22.137843017902618
E_max_2 =  400
Cutoff Radius =  6.0
Selected Radial Transform =  21.0
factor =  1.1
displacement =  0.0
dataset =  datasets/random-ch4-10k.extxyz
n_train =  100
n_test =  2000
Train RMSE: 7.606162288401223 [Train MAE: 6.175171936538373]
Test RMSE: 21.71235230767502 [Test MAE: 14.038437010818791]
FINISHED at Tue Jan 10 09:32:52 CET 2023
