STARTING AT Tue Jan 10 09:33:02 CET 2023
Random seed: 1000
7 18
Reading dataset
Shuffling and extracting from dataset (length: 10000)
Shuffling and extraction done
Calculating power spectrum
Expansion coefficients done
Computing training kernel
     Calculating kernels for center species 1
     Calculating kernels for center species 1
Beginning first index add...
Beginning second index add...
     Calculating kernels for center species 6
     Calculating kernels for center species 6
Beginning first index add...
Beginning second index add...
Training kernel done
Computing test kernel
     Calculating kernels for center species 1
     Calculating kernels for center species 1
Beginning first index add...
Beginning second index add...
     Calculating kernels for center species 6
     Calculating kernels for center species 6
Beginning first index add...
Beginning second index add...
Test kernel done
Calculating composition features
Composition features done
-8.0 80.50935434193816
-7.8 74.07133593972553
-7.6 68.3575590377579
-7.4 63.15722691299684
-7.2 58.49630918263449
-7.0 54.42106193429658
-6.8 50.86494689930561
-6.6 47.67757717781568
-6.4 44.72908479516616
-6.2 41.97488285218202
-6.0 39.44148949796172
-5.8 37.1718588135328
-5.6 35.187429161788984
-5.4 33.48008520370246
-5.199999999999999 32.01206821554674
-5.0 30.71825539121106
-4.8 29.524237588464693
-4.6 28.381189087763538
-4.4 27.297453742465468
-4.199999999999999 26.34210528920856
-4.0 25.61343429092072
-3.8 25.192765070921897
-3.5999999999999996 25.113714432579744
-3.3999999999999995 25.359047020526944
-3.1999999999999993 25.87346971234586
-3.0 26.57765765894434
-2.8 27.385072808248715
-2.5999999999999996 28.22764183732106
-2.3999999999999995 29.082105952400706
-2.1999999999999993 29.98896056817935
-2.0 31.07163711030916
-1.7999999999999998 32.55300919240496
-1.5999999999999996 34.72563896285157
-1.3999999999999995 37.82834074296329
-1.1999999999999993 41.88177236602068
-1.0 46.638499000033036
-0.7999999999999998 51.70241358706956
-0.5999999999999996 56.68863350415162
-0.39999999999999947 61.30799270374271
-0.1999999999999993 65.37899275611936
0.0 68.80656605531541
0.20000000000000107 71.55959394337962
0.40000000000000036 73.66374469967543
0.5999999999999996 75.19596035836884
0.8000000000000007 76.26484511115031
1.0 76.98398630327064
1.200000000000001 77.45233813778395
1.4000000000000004 77.7463683319944
1.6000000000000014 77.92077031147866
1.8000000000000007 78.01318374477306
2.0 78.0498449220279
2.200000000000001 78.05035853398643
2.4000000000000004 78.03042789132806
2.6000000000000014 78.0023401642774
2.8000000000000007 77.97439542386734
3.0 77.95086690629076
3.200000000000001 77.93297106063011
3.4000000000000004 77.92022719690166
3.6000000000000014 77.91153496133755
3.8000000000000007 77.90577016766316
4.0 77.90201544542704
Result sigma optimization:  -3.5999999999999996 25.113714432579744
E_max_2 =  600
Cutoff Radius =  6.0
Selected Radial Transform =  22.0
factor =  2.2
displacement =  0.0
dataset =  datasets/random-ch4-10k.extxyz
n_train =  100
n_test =  2000
Train RMSE: 12.42449781621038 [Train MAE: 10.226402594106723]
Test RMSE: 28.00289438139689 [Test MAE: 17.699785315745764]
FINISHED at Tue Jan 10 09:33:11 CET 2023
