STARTING AT Tue Jan 10 09:33:02 CET 2023
Random seed: 1000
5 11
Reading dataset
Shuffling and extracting from dataset (length: 10000)
Shuffling and extraction done
Calculating power spectrum
Expansion coefficients done
Computing training kernel
     Calculating kernels for center species 1
     Calculating kernels for center species 1
Beginning first index add...
Beginning second index add...
     Calculating kernels for center species 6
     Calculating kernels for center species 6
Beginning first index add...
Beginning second index add...
Training kernel done
Computing test kernel
     Calculating kernels for center species 1
     Calculating kernels for center species 1
Beginning first index add...
Beginning second index add...
     Calculating kernels for center species 6
     Calculating kernels for center species 6
Beginning first index add...
Beginning second index add...
Test kernel done
Calculating composition features
Composition features done
-8.0 50.877944334333684
-7.8 48.215602144651356
-7.6 45.7978582770701
-7.4 43.36691485326001
-7.2 40.76981051280371
-7.0 37.965954196275725
-6.8 34.9990320176377
-6.6 31.952040092801088
-6.4 28.925534989252327
-6.2 26.049627854570783
-6.0 23.49372366223719
-5.8 21.436573685212938
-5.6 20.007373621490153
-5.4 19.25037039780354
-5.199999999999999 19.140993687294372
-5.0 19.621913390436628
-4.8 20.619981841790015
-4.6 22.04343282587426
-4.4 23.77729823286013
-4.199999999999999 25.689878266531302
-4.0 27.655540228227615
-3.8 29.585783202098437
-3.5999999999999996 31.45687771184838
-3.3999999999999995 33.337226883771265
-3.1999999999999993 35.41085264365655
-3.0 37.9567987378366
-2.8 41.23959475599944
-2.5999999999999996 45.34334572846595
-2.3999999999999995 50.07833425956318
-2.1999999999999993 55.05357930132998
-2.0 59.85327352424231
-1.7999999999999998 64.17418161031289
-1.5999999999999996 67.85397258833524
-1.3999999999999995 70.83516541630269
-1.1999999999999993 73.13323678395363
-1.0 74.82046642892765
-0.7999999999999998 76.00555412805278
-0.5999999999999996 76.8065628569066
-0.39999999999999947 77.32920135541204
-0.1999999999999993 77.65689875900712
0.0 77.85055214805226
0.20000000000000107 77.95319400533619
0.40000000000000036 77.9957624166279
0.5999999999999996 78.00153533467989
0.8000000000000007 77.9881707863511
1.0 77.96800217256137
1.200000000000001 77.94823851856708
1.4000000000000004 77.93201416918899
1.6000000000000014 77.9199486238601
1.8000000000000007 77.91150230791774
2.0 77.90581037245587
2.200000000000001 77.9020660554512
2.4000000000000004 77.89964036554136
2.6000000000000014 77.89808410296635
2.8000000000000007 77.89709175910357
3.0 77.89646144913155
3.200000000000001 77.89606207496062
3.4000000000000004 77.89580941733732
3.6000000000000014 77.8956497339575
3.8000000000000007 77.89554887402171
4.0 77.89548519325167
Result sigma optimization:  -5.199999999999999 19.140993687294372
E_max_2 =  300
Cutoff Radius =  6.0
Selected Radial Transform =  22.0
factor =  2.3
displacement =  0.0
dataset =  datasets/random-ch4-10k.extxyz
n_train =  100
n_test =  2000
Train RMSE: 13.32757019034307 [Train MAE: 10.539233365035688]
Test RMSE: 23.113502415973244 [Test MAE: 16.48389638688711]
FINISHED at Tue Jan 10 09:33:14 CET 2023
