STARTING AT Tue Jan 10 09:18:10 CET 2023
Random seed: 1000
5 11
Reading dataset
Shuffling and extracting from dataset (length: 133885)
Shuffling and extraction done
Calculating power spectrum
Expansion coefficients done
Computing training kernel
     Calculating kernels for center species 1
     Calculating kernels for center species 1
Beginning first index add...
Beginning second index add...
     Calculating kernels for center species 6
     Calculating kernels for center species 6
Beginning first index add...
Beginning second index add...
     Calculating kernels for center species 7
     Calculating kernels for center species 7
Beginning first index add...
Beginning second index add...
     Calculating kernels for center species 8
     Calculating kernels for center species 8
Beginning first index add...
Beginning second index add...
     Calculating kernels for center species 9
     Calculating kernels for center species 9
Beginning first index add...
Beginning second index add...
Training kernel done
Computing test kernel
     Calculating kernels for center species 1
     Calculating kernels for center species 1
Beginning first index add...
Beginning second index add...
     Calculating kernels for center species 6
     Calculating kernels for center species 6
Beginning first index add...
Beginning second index add...
     Calculating kernels for center species 7
     Calculating kernels for center species 7
Beginning first index add...
Beginning second index add...
     Calculating kernels for center species 8
     Calculating kernels for center species 8
Beginning first index add...
Beginning second index add...
     Calculating kernels for center species 9
     Calculating kernels for center species 9
Beginning first index add...
Beginning second index add...
Test kernel done
Calculating composition features
Composition features done
-8.0 34.15144187378588
-7.8 34.15144187175691
-7.6 34.15144186923437
-7.4 34.151441866335006
-7.2 34.15144186143192
-7.0 34.151441854066796
-6.8 34.15144184169556
-6.6 34.15144182280521
-6.4 34.151441790763926
-6.2 34.15144174183981
-6.0 34.15144166269947
-5.8 34.151441538650545
-5.6 34.151441342156
-5.4 34.15144103011822
-5.199999999999999 34.15144053612872
-5.0 34.151439754552776
-4.8 34.15143851266381
-4.6 34.151436547134146
-4.4 34.15143342911142
-4.199999999999999 34.15142849040967
-4.0 34.151420662686654
-3.8 34.15140825426501
-3.5999999999999996 34.151388588980446
-3.3999999999999995 34.15135742156465
-3.1999999999999993 34.15130802662017
-3.0 34.15122973922582
-2.8 34.15110566717645
-2.5999999999999996 34.15090902912212
-2.3999999999999995 34.150597389346366
-2.1999999999999993 34.150103502218265
-2.0 34.14932081754269
-1.7999999999999998 34.148080524648684
-1.5999999999999996 34.1461152478859
-1.3999999999999995 34.1430016286311
-1.1999999999999993 34.138069730927455
-1.0 34.13026036327716
-0.7999999999999998 34.11790130108707
-0.5999999999999996 34.09835845792688
-0.39999999999999947 34.067497460985976
-0.1999999999999993 34.01886592449387
0.0 33.94248407555926
0.20000000000000107 33.82313516650888
0.40000000000000036 33.63813678114566
0.5999999999999996 33.35487427235035
0.8000000000000007 32.929082657383404
1.0 32.34664551402071
1.200000000000001 31.57903723151292
1.4000000000000004 30.57664151750756
1.6000000000000014 29.328641481289306
1.8000000000000007 27.84140295983525
2.0 26.33777982588348
2.200000000000001 24.99974457382457
2.4000000000000004 23.769941629305322
2.6000000000000014 22.56433342959277
2.8000000000000007 21.486048089462493
3.0 20.497561541309313
3.200000000000001 19.485344917859837
3.4000000000000004 18.615081382653408
3.6000000000000014 17.85069515096162
3.8000000000000007 17.196011184523307
4.0 16.720026403933865
Result sigma optimization:  4.0 16.720026403933865
E_max_2 =  300
Cutoff Radius =  6.0
Selected Radial Transform =  22.0
factor =  0.1
displacement =  0.0
dataset =  datasets/qm9.xyz
n_train =  100
n_test =  2000
Train RMSE: 12.562194883550616 [Train MAE: 9.97992796782636]
Test RMSE: 26.4937242620755 [Test MAE: 19.907519043885927]
FINISHED at Tue Jan 10 09:18:44 CET 2023
