STARTING AT Tue Jan 10 09:18:19 CET 2023
Random seed: 1000
6 14
Reading dataset
Shuffling and extracting from dataset (length: 133885)
Shuffling and extraction done
Calculating power spectrum
Expansion coefficients done
Computing training kernel
     Calculating kernels for center species 1
     Calculating kernels for center species 1
Beginning first index add...
Beginning second index add...
     Calculating kernels for center species 6
     Calculating kernels for center species 6
Beginning first index add...
Beginning second index add...
     Calculating kernels for center species 7
     Calculating kernels for center species 7
Beginning first index add...
Beginning second index add...
     Calculating kernels for center species 8
     Calculating kernels for center species 8
Beginning first index add...
Beginning second index add...
     Calculating kernels for center species 9
     Calculating kernels for center species 9
Beginning first index add...
Beginning second index add...
Training kernel done
Computing test kernel
     Calculating kernels for center species 1
     Calculating kernels for center species 1
Beginning first index add...
Beginning second index add...
     Calculating kernels for center species 6
     Calculating kernels for center species 6
Beginning first index add...
Beginning second index add...
     Calculating kernels for center species 7
     Calculating kernels for center species 7
Beginning first index add...
Beginning second index add...
     Calculating kernels for center species 8
     Calculating kernels for center species 8
Beginning first index add...
Beginning second index add...
     Calculating kernels for center species 9
     Calculating kernels for center species 9
Beginning first index add...
Beginning second index add...
Test kernel done
Calculating composition features
Composition features done
-8.0 10.094215052619582
-7.8 10.09421506219395
-7.6 10.094215077368313
-7.4 10.094215101417737
-7.2 10.094215139533784
-7.0 10.094215199943683
-6.8 10.094215295686304
-6.6 10.094215447428313
-6.4 10.094215687921986
-6.2 10.094216069077182
-6.0 10.094216673161146
-5.8 10.094217630556836
-5.6 10.094219147892224
-5.4 10.094221552621137
-5.199999999999999 10.094225363644421
-5.0 10.094231403167246
-4.8 10.094240973807405
-4.6 10.094256138835155
-4.4 10.094280165211982
-4.199999999999999 10.09431822292903
-4.0 10.094378486321435
-3.8 10.094473861824172
-3.5999999999999996 10.094624682009025
-3.3999999999999995 10.094862864947421
-3.1999999999999993 10.09523823226208
-3.0 10.095827846640994
-2.8 10.096777141199755
-2.5999999999999996 10.098703326502173
-2.3999999999999995 10.10166940250028
-2.1999999999999993 10.106161963209038
-2.0 10.113705937948552
-1.7999999999999998 10.125965332571239
-1.5999999999999996 10.142915535006338
-1.3999999999999995 10.16482372670115
-1.1999999999999993 10.196758694416816
-1.0 10.239086300681148
-0.7999999999999998 10.30940011045549
-0.5999999999999996 10.496507873325916
-0.39999999999999947 10.740619041681462
-0.1999999999999993 11.0727429407208
0.0 11.54318677521307
0.20000000000000107 12.1286208482257
0.40000000000000036 12.722502624188566
0.5999999999999996 13.470576623306371
0.8000000000000007 14.345558267002795
1.0 15.228014861619661
1.200000000000001 16.117033605877133
1.4000000000000004 16.9537579628398
1.6000000000000014 17.673004982829806
1.8000000000000007 18.22718102426208
2.0 18.62508947291381
2.200000000000001 18.896353844016016
2.4000000000000004 19.07266868234996
2.6000000000000014 19.17800229169426
2.8000000000000007 19.239595192149253
3.0 19.267847706327693
3.200000000000001 19.272949287220698
3.4000000000000004 19.263314855755567
3.6000000000000014 19.245886209728972
3.8000000000000007 19.226240602459697
4.0 19.208149930018315
Result sigma optimization:  -8.0 10.094215052619582
E_max_2 =  400
Cutoff Radius =  6.0
Selected Radial Transform =  22.0
factor =  0.6
displacement =  0.0
dataset =  datasets/qm9.xyz
n_train =  100
n_test =  2000
Train RMSE: 3.3779535032040857e-07 [Train MAE: 2.4866212488308276e-07]
Test RMSE: 14.133109736404826 [Test MAE: 9.638683879470209]
FINISHED at Tue Jan 10 09:18:55 CET 2023
