STARTING AT Tue Jan 10 09:28:23 CET 2023
Random seed: 1000
6 14
Reading dataset
Shuffling and extracting from dataset (length: 105092)
Shuffling and extraction done
Calculating power spectrum
Expansion coefficients done
Computing training kernel
     Calculating kernels for center species 79
     Calculating kernels for center species 79
Beginning first index add...
Beginning second index add...
Training kernel done
Computing test kernel
     Calculating kernels for center species 79
     Calculating kernels for center species 79
Beginning first index add...
Beginning second index add...
Test kernel done
Calculating composition features
Composition features done
-8.0 496.4061399287462
-7.8 496.2117503217455
-7.6 495.90819933776
-7.4 495.4382021106172
-7.2 494.72005858216045
-7.0 493.64490359169304
-6.8 492.0843174731867
-6.6 489.92092188604454
-6.4 487.1143666396093
-6.2 483.79448809396257
-6.0 480.32464352753396
-5.8 477.2434375149298
-5.6 475.0602095343542
-5.4 474.02702116777624
-5.199999999999999 474.0395098231295
-5.0 474.674437259027
-4.8 475.2814184076739
-4.6 475.1015169338669
-4.4 473.4138682098384
-4.199999999999999 469.667251704946
-4.0 463.5572173589234
-3.8 455.0431555040782
-3.5999999999999996 444.28844707681526
-3.3999999999999995 431.51418926285777
-3.1999999999999993 416.83088178617396
-3.0 400.19630160433917
-2.8 381.60824539451596
-2.5999999999999996 361.41940575470767
-2.3999999999999995 340.5079102635467
-2.1999999999999993 320.15673412922143
-2.0 301.71122015475214
-1.7999999999999998 286.22597470361455
-1.5999999999999996 274.29671366502794
-1.3999999999999995 266.0424559162986
-1.1999999999999993 261.0927317974104
-1.0 258.65463843901114
-0.7999999999999998 257.7990136841841
-0.5999999999999996 257.8197501767878
-0.39999999999999947 258.420460050452
-0.1999999999999993 259.69601043842476
0.0 262.01718428983185
0.20000000000000107 265.91282057413656
0.40000000000000036 271.9775431382644
0.5999999999999996 280.7527780661236
0.8000000000000007 292.5046781933004
1.0 306.95333345227976
1.200000000000001 323.2991438935567
1.4000000000000004 340.8617038480222
1.6000000000000014 359.96567283649154
1.8000000000000007 382.2320288190206
2.0 409.81994421126626
2.200000000000001 443.9569813086122
2.4000000000000004 483.81985971045555
2.6000000000000014 526.870473016941
2.8000000000000007 570.4373829357484
3.0 612.8531001812938
3.200000000000001 653.0701615923812
3.4000000000000004 689.7639088283671
3.6000000000000014 721.4014279216318
3.8000000000000007 747.1028875344766
4.0 767.1344306692586
Result sigma optimization:  -0.7999999999999998 257.7990136841841
E_max_2 =  400
Cutoff Radius =  6.0
Selected Radial Transform =  22.0
factor =  0.2
displacement =  0.0
dataset =  datasets/gold.xyz
n_train =  100
n_test =  2000
Train RMSE: 169.2158156946128 [Train MAE: 103.91705750340924]
Test RMSE: 198.6460038571623 [Test MAE: 144.35557903990943]
FINISHED at Tue Jan 10 09:28:45 CET 2023
