STARTING AT Tue Jan 10 09:33:02 CET 2023
Random seed: 1000
5 11
Reading dataset
Shuffling and extracting from dataset (length: 10000)
Shuffling and extraction done
Calculating power spectrum
Expansion coefficients done
Computing training kernel
     Calculating kernels for center species 1
     Calculating kernels for center species 1
Beginning first index add...
Beginning second index add...
     Calculating kernels for center species 6
     Calculating kernels for center species 6
Beginning first index add...
Beginning second index add...
Training kernel done
Computing test kernel
     Calculating kernels for center species 1
     Calculating kernels for center species 1
Beginning first index add...
Beginning second index add...
     Calculating kernels for center species 6
     Calculating kernels for center species 6
Beginning first index add...
Beginning second index add...
Test kernel done
Calculating composition features
Composition features done
-8.0 72.0508446999397
-7.8 65.99873940924218
-7.6 59.55786720312075
-7.4 52.97183299421225
-7.2 46.51196033923523
-7.0 40.46947226385658
-6.8 35.112248495683076
-6.6 30.6212731010208
-6.4 27.077689336844465
-6.2 24.4822522731531
-6.0 22.76428471246602
-5.8 21.803960509906883
-5.6 21.48615144231207
-5.4 21.737947798598046
-5.199999999999999 22.50760011117322
-5.0 23.71577360122432
-4.8 25.23887942056397
-4.6 26.936106976670906
-4.4 28.685166266223167
-4.199999999999999 30.39802209003858
-4.0 32.01977029442149
-3.8 33.53584003822569
-3.5999999999999996 35.004366975812204
-3.3999999999999995 36.59717865782115
-3.1999999999999993 38.60702691244331
-3.0 41.37192769954183
-2.8 45.100790101494105
-2.5999999999999996 49.69552505657633
-2.3999999999999995 54.74337463525361
-2.1999999999999993 59.71470281400709
-2.0 64.19011366804824
-1.7999999999999998 67.95241725839082
-1.5999999999999996 70.95072552546483
-1.3999999999999995 73.23210985490404
-1.1999999999999993 74.89488378794609
-1.0 76.06002840549466
-0.7999999999999998 76.84871267515265
-0.5999999999999996 77.36611957566625
-0.39999999999999947 77.69426853736002
-0.1999999999999993 77.89238643146417
0.0 78.00133929813309
0.20000000000000107 78.04929148160056
0.40000000000000036 78.05681902276935
0.5999999999999996 78.04024833375898
0.8000000000000007 78.01268075029671
1.0 77.98350326252734
1.200000000000001 77.95803444307272
1.4000000000000004 77.93820136473516
1.6000000000000014 77.92385508758095
1.8000000000000007 77.91396817398814
2.0 77.9073666523377
2.200000000000001 77.90304817125894
2.4000000000000004 77.90026010647173
2.6000000000000014 77.89847516008707
2.8000000000000007 77.89733851024081
3.0 77.89661714286696
3.200000000000001 77.89616031277649
3.4000000000000004 77.89587140188975
3.6000000000000014 77.89568884383725
3.8000000000000007 77.89557355079555
4.0 77.89550076328635
Result sigma optimization:  -5.6 21.48615144231207
E_max_2 =  300
Cutoff Radius =  6.0
Selected Radial Transform =  22.0
factor =  2.6
displacement =  0.0
dataset =  datasets/random-ch4-10k.extxyz
n_train =  100
n_test =  2000
Train RMSE: 15.587904066034081 [Train MAE: 12.163287265257956]
Test RMSE: 25.127092399213282 [Test MAE: 18.03938051198977]
FINISHED at Tue Jan 10 09:33:10 CET 2023
