STARTING AT Tue Jan 10 09:32:57 CET 2023
Random seed: 1000
7 18
Reading dataset
Shuffling and extracting from dataset (length: 10000)
Shuffling and extraction done
Calculating power spectrum
Expansion coefficients done
Computing training kernel
     Calculating kernels for center species 1
     Calculating kernels for center species 1
Beginning first index add...
Beginning second index add...
     Calculating kernels for center species 6
     Calculating kernels for center species 6
Beginning first index add...
Beginning second index add...
Training kernel done
Computing test kernel
     Calculating kernels for center species 1
     Calculating kernels for center species 1
Beginning first index add...
Beginning second index add...
     Calculating kernels for center species 6
     Calculating kernels for center species 6
Beginning first index add...
Beginning second index add...
Test kernel done
Calculating composition features
Composition features done
-8.0 33.38190692262788
-7.8 33.380985735685144
-7.6 33.37952796070224
-7.4 33.37722307183984
-7.2 33.373583895145366
-7.0 33.36785067121734
-6.8 33.3588497620572
-6.6 33.34479553886826
-6.4 33.323036631786344
-6.2 33.28978762873397
-6.0 33.23997738668391
-5.8 33.16748910565874
-5.6 33.0661621596073
-5.4 32.931655356820535
-5.199999999999999 32.763345522461826
-5.0 32.564539528548416
-4.8 32.340213237059295
-4.6 32.093996415038916
-4.4 31.826232558209544
-4.199999999999999 31.532097993266124
-4.0 31.199335686963696
-3.8 30.810353625914953
-3.5999999999999996 30.35358037396082
-3.3999999999999995 29.839408511966592
-3.1999999999999993 29.307259644885985
-3.0 28.814743982601907
-2.8 28.41509188102141
-2.5999999999999996 28.138483718278177
-2.3999999999999995 27.988200646902524
-2.1999999999999993 27.951570366603505
-2.0 28.01859765616077
-1.7999999999999998 28.204199600925044
-1.5999999999999996 28.57768257336181
-1.3999999999999995 29.29937937352905
-1.1999999999999993 30.64427969111391
-1.0 32.967677376479884
-0.7999999999999998 36.56831325935005
-0.5999999999999996 41.48490008407179
-0.39999999999999947 47.37938288703773
-0.1999999999999993 53.62780917020305
0.0 59.55995891941903
0.20000000000000107 64.68249121643333
0.40000000000000036 68.77082293413675
0.5999999999999996 71.83240641546895
0.8000000000000007 74.01246972679749
1.0 75.50495934593943
1.200000000000001 76.49513324905946
1.4000000000000004 77.1337886946902
1.6000000000000014 77.53259095886952
1.8000000000000007 77.76978095089686
2.0 77.89914985900674
2.200000000000001 77.95843241947927
2.4000000000000004 77.97515521703235
2.6000000000000014 77.96943602250984
2.8000000000000007 77.9548554101321
3.0 77.93920495514048
3.200000000000001 77.92594317262801
3.4000000000000004 77.91594515562457
3.6000000000000014 77.90889992606097
3.8000000000000007 77.90413586123167
4.0 77.90099599110256
Result sigma optimization:  -2.1999999999999993 27.951570366603505
E_max_2 =  600
Cutoff Radius =  6.0
Selected Radial Transform =  22.0
factor =  1.3
displacement =  0.0
dataset =  datasets/random-ch4-10k.extxyz
n_train =  100
n_test =  2000
Train RMSE: 15.63476353475584 [Train MAE: 12.625819283230213]
Test RMSE: 27.673217899407742 [Test MAE: 19.19069069390418]
FINISHED at Tue Jan 10 09:33:07 CET 2023
