STARTING AT Tue Jan 10 09:32:57 CET 2023
Random seed: 1000
6 14
Reading dataset
Shuffling and extracting from dataset (length: 10000)
Shuffling and extraction done
Calculating power spectrum
Expansion coefficients done
Computing training kernel
     Calculating kernels for center species 1
     Calculating kernels for center species 1
Beginning first index add...
Beginning second index add...
     Calculating kernels for center species 6
     Calculating kernels for center species 6
Beginning first index add...
Beginning second index add...
Training kernel done
Computing test kernel
     Calculating kernels for center species 1
     Calculating kernels for center species 1
Beginning first index add...
Beginning second index add...
     Calculating kernels for center species 6
     Calculating kernels for center species 6
Beginning first index add...
Beginning second index add...
Test kernel done
Calculating composition features
Composition features done
-8.0 43.84651355972371
-7.8 42.45833779165198
-7.6 41.37268683685915
-7.4 40.394308262331855
-7.2 39.37621705608199
-7.0 38.24262915056763
-6.8 37.01263536097838
-6.6 35.782292514551244
-6.4 34.64466467874719
-6.2 33.61268477545054
-6.0 32.613289319586784
-5.8 31.536112356566292
-5.6 30.286842151008834
-5.4 28.82871465730411
-5.199999999999999 27.212400742572356
-5.0 25.58183569782248
-4.8 24.138661106284786
-4.6 23.070154195668692
-4.4 22.47994627419921
-4.199999999999999 22.367938405021235
-4.0 22.664295133326572
-3.8 23.276312239079253
-3.5999999999999996 24.111954464323375
-3.3999999999999995 25.083424090999955
-3.1999999999999993 26.117394174465296
-3.0 27.186970187365297
-2.8 28.353165433624888
-2.5999999999999996 29.789531215678572
-2.3999999999999995 31.76167835149377
-2.1999999999999993 34.539719588342656
-2.0 38.267554485837195
-1.7999999999999998 42.87321365922918
-1.5999999999999996 48.07891682255164
-1.3999999999999995 53.48599400051675
-1.1999999999999993 58.686135011696265
-1.0 63.35951381434102
-0.7999999999999998 67.31913144728134
-0.5999999999999996 70.49931163718398
-0.39999999999999947 72.92660810808763
-0.1999999999999993 74.69256234819976
0.0 75.92354810978819
0.20000000000000107 76.75016161737462
0.40000000000000036 77.28596266653545
0.5999999999999996 77.61920916114747
0.8000000000000007 77.81412131235646
1.0 77.91647823129429
1.200000000000001 77.95953646669719
1.4000000000000004 77.96796355751732
1.6000000000000014 77.95943775707117
1.8000000000000007 77.94525588157693
2.0 77.93138470391551
2.200000000000001 77.9201471651648
2.4000000000000004 77.91189444943755
2.6000000000000014 77.90617254483162
2.8000000000000007 77.9023425783286
3.0 77.89983456882561
3.200000000000001 77.8982146517593
3.4000000000000004 77.89717736179378
3.6000000000000014 77.89651675794907
3.8000000000000007 77.89609749153983
4.0 77.8958319710077
Result sigma optimization:  -4.199999999999999 22.367938405021235
E_max_2 =  400
Cutoff Radius =  6.0
Selected Radial Transform =  22.0
factor =  1.9
displacement =  0.0
dataset =  datasets/random-ch4-10k.extxyz
n_train =  100
n_test =  2000
Train RMSE: 10.955097840491693 [Train MAE: 9.048507910709354]
Test RMSE: 23.492237115886702 [Test MAE: 15.401176010354728]
FINISHED at Tue Jan 10 09:33:02 CET 2023
