STARTING AT Tue Jan 10 09:28:27 CET 2023
Random seed: 1000
8 20
Reading dataset
Shuffling and extracting from dataset (length: 105092)
Shuffling and extraction done
Calculating power spectrum
Expansion coefficients done
Computing training kernel
     Calculating kernels for center species 79
     Calculating kernels for center species 79
Beginning first index add...
Beginning second index add...
Training kernel done
Computing test kernel
     Calculating kernels for center species 79
     Calculating kernels for center species 79
Beginning first index add...
Beginning second index add...
Test kernel done
Calculating composition features
Composition features done
-8.0 170.4851149640115
-7.8 166.3061532074656
-7.6 163.87129850339645
-7.4 162.84410632088552
-7.2 162.8146397736156
-7.0 163.34965092078107
-6.8 164.0420554630671
-6.6 164.6003688851798
-6.4 164.9413629514774
-6.2 165.22723938110056
-6.0 165.83923770530004
-5.8 167.31915205364794
-5.6 170.28619139009425
-5.4 175.28029652247452
-5.199999999999999 182.49006410551578
-5.0 191.48737249288726
-4.8 201.25080635166347
-4.6 210.56478083411895
-4.4 218.49637135133037
-4.199999999999999 224.62671778086903
-4.0 229.0208053900938
-3.8 232.11369866533997
-3.5999999999999996 234.64979497776724
-3.3999999999999995 237.68990358803373
-3.1999999999999993 242.58768311579612
-3.0 250.76876724106742
-2.8 263.24158149417
-2.5999999999999996 280.06705791058016
-2.3999999999999995 300.1834677061276
-2.1999999999999993 321.7438084791525
-2.0 342.76486667759167
-1.7999999999999998 361.72662373897816
-1.5999999999999996 377.8617715472224
-1.3999999999999995 391.10920716024026
-1.1999999999999993 401.85972880604896
-1.0 410.71186503511245
-0.7999999999999998 418.4630397522665
-0.5999999999999996 426.40145361626287
-0.39999999999999947 436.77323909472557
-0.1999999999999993 453.1044697418034
0.0 479.66656646055594
0.20000000000000107 519.3317871154821
0.40000000000000036 570.7436820386429
0.5999999999999996 627.8021402378508
0.8000000000000007 682.6558123345271
1.0 729.4284102612562
1.200000000000001 765.7619278415458
1.4000000000000004 792.1154407830167
1.6000000000000014 810.3195973187234
1.8000000000000007 822.4628637623041
2.0 830.3425157398393
2.200000000000001 835.3093293257915
2.4000000000000004 838.2989247046023
2.6000000000000014 839.9229879650161
2.8000000000000007 840.5660535263391
3.0 840.4733449390782
3.200000000000001 839.8277895814406
3.4000000000000004 838.808098827598
3.6000000000000014 837.609854855803
3.8000000000000007 836.421907404863
4.0 835.3829465888632
Result sigma optimization:  -7.2 162.8146397736156
E_max_2 =  700
Cutoff Radius =  6.0
Selected Radial Transform =  22.0
factor =  1.4
displacement =  0.0
dataset =  datasets/gold.xyz
n_train =  100
n_test =  2000
Train RMSE: 93.53425300993614 [Train MAE: 74.22491446441961]
Test RMSE: 172.2460575510167 [Test MAE: 129.47575222396307]
FINISHED at Tue Jan 10 09:28:46 CET 2023
