STARTING AT Tue Jan 10 09:18:51 CET 2023
Random seed: 1000
8 20
Reading dataset
Shuffling and extracting from dataset (length: 133885)
Shuffling and extraction done
Calculating power spectrum
Expansion coefficients done
Computing training kernel
     Calculating kernels for center species 1
     Calculating kernels for center species 1
Beginning first index add...
Beginning second index add...
     Calculating kernels for center species 6
     Calculating kernels for center species 6
Beginning first index add...
Beginning second index add...
     Calculating kernels for center species 7
     Calculating kernels for center species 7
Beginning first index add...
Beginning second index add...
     Calculating kernels for center species 8
     Calculating kernels for center species 8
Beginning first index add...
Beginning second index add...
     Calculating kernels for center species 9
     Calculating kernels for center species 9
Beginning first index add...
Beginning second index add...
Training kernel done
Computing test kernel
     Calculating kernels for center species 1
     Calculating kernels for center species 1
Beginning first index add...
Beginning second index add...
     Calculating kernels for center species 6
     Calculating kernels for center species 6
Beginning first index add...
Beginning second index add...
     Calculating kernels for center species 7
     Calculating kernels for center species 7
Beginning first index add...
Beginning second index add...
     Calculating kernels for center species 8
     Calculating kernels for center species 8
Beginning first index add...
Beginning second index add...
     Calculating kernels for center species 9
     Calculating kernels for center species 9
Beginning first index add...
Beginning second index add...
Test kernel done
Calculating composition features
Composition features done
-8.0 5.86980255522416
-7.8 5.869807417756529
-7.6 5.86981512307364
-7.4 5.8698273341893215
-7.2 5.869846684433287
-7.0 5.869877343418775
-6.8 5.869925914147171
-6.6 5.870002840413945
-6.4 5.870124627763289
-6.2 5.87031731314084
-6.0 5.870621855604695
-5.8 5.871116031665588
-5.6 5.872170067814295
-5.4 5.8745874907705
-5.199999999999999 5.880155631843954
-5.0 5.8884232387121305
-4.8 5.90029221356439
-4.6 5.922855695765466
-4.4 5.959824143984005
-4.199999999999999 6.0203403608882216
-4.0 6.109069067059027
-3.8 6.229557573125639
-3.5999999999999996 6.362165429849702
-3.3999999999999995 6.51385639844666
-3.1999999999999993 6.661107027332182
-3.0 6.819694621226226
-2.8 7.0005085892979695
-2.5999999999999996 7.258185378727576
-2.3999999999999995 7.636165304852748
-2.1999999999999993 8.082639615140952
-2.0 8.586733731229488
-1.7999999999999998 9.202686733562004
-1.5999999999999996 9.922642643636072
-1.3999999999999995 10.775574627041596
-1.1999999999999993 11.773463843138911
-1.0 12.878186660262282
-0.7999999999999998 14.064006382428957
-0.5999999999999996 15.191009156617492
-0.39999999999999947 16.187962427944875
-0.1999999999999993 17.064599303727533
0.0 17.793949869700572
0.20000000000000107 18.366174663613236
0.40000000000000036 18.81532488213237
0.5999999999999996 19.212500365358995
0.8000000000000007 19.508609985391303
1.0 19.69242060784055
1.200000000000001 19.77964572182905
1.4000000000000004 19.79554644945695
1.6000000000000014 19.762790879814194
1.8000000000000007 19.70429619554351
2.0 19.63827817737526
2.200000000000001 19.576390065221027
2.4000000000000004 19.523674419312282
2.6000000000000014 19.480225164720544
2.8000000000000007 19.443426590773875
3.0 19.409847970274132
3.200000000000001 19.376586293469035
3.4000000000000004 19.342188610937328
3.6000000000000014 19.307095420269217
3.8000000000000007 19.27330499117919
4.0 19.243264417938768
Result sigma optimization:  -8.0 5.86980255522416
E_max_2 =  700
Cutoff Radius =  6.0
Selected Radial Transform =  22.0
factor =  2.1
displacement =  0.0
dataset =  datasets/qm9.xyz
n_train =  100
n_test =  2000
Train RMSE: 0.00012468334519628464 [Train MAE: 9.636321695897917e-05]
Test RMSE: 9.351602110531818 [Test MAE: 6.135563286995162]
FINISHED at Tue Jan 10 09:20:04 CET 2023
