STARTING AT Tue Jan 10 09:28:48 CET 2023
Random seed: 1000
6 14
Reading dataset
Shuffling and extracting from dataset (length: 105092)
Shuffling and extraction done
Calculating power spectrum
Expansion coefficients done
Computing training kernel
     Calculating kernels for center species 79
     Calculating kernels for center species 79
Beginning first index add...
Beginning second index add...
Training kernel done
Computing test kernel
     Calculating kernels for center species 79
     Calculating kernels for center species 79
Beginning first index add...
Beginning second index add...
Test kernel done
Calculating composition features
Composition features done
-8.0 573.9102118296702
-7.8 574.2353705421052
-7.6 574.4521115468448
-7.4 574.6094437534168
-7.2 574.7475906698178
-7.0 574.9119505441518
-6.8 575.1754176481766
-6.6 575.6816345102515
-6.4 576.7316190374839
-6.2 578.9430356520351
-6.0 583.4873573180852
-5.8 592.2859296152799
-5.6 607.7832452321386
-5.4 631.8115283952128
-5.199999999999999 663.8443157226801
-5.0 700.2974806389936
-4.8 736.0768937822133
-4.6 767.0613174334143
-4.4 791.3929242142669
-4.199999999999999 809.1769546360111
-4.0 821.5385187813388
-3.8 829.8438512045402
-3.5999999999999996 835.3000386741237
-3.3999999999999995 838.8325334952162
-3.1999999999999993 841.0981913923998
-3.0 842.5426253304965
-2.8 843.4599699123936
-2.5999999999999996 844.041117349391
-2.3999999999999995 844.4086519370919
-2.1999999999999993 844.640763045291
-2.0 844.7870954036404
-1.7999999999999998 844.879052830478
-1.5999999999999996 844.9364119043605
-1.3999999999999995 844.9715250048714
-1.1999999999999993 844.9919606019245
-1.0 845.0021271779434
-0.7999999999999998 845.0042224762575
-0.5999999999999996 844.9987108487044
-0.39999999999999947 844.9844343834292
-0.1999999999999993 844.9583915040141
0.0 844.9151603803867
0.20000000000000107 844.845904309318
0.40000000000000036 844.7368916054056
0.5999999999999996 844.5675513035219
0.8000000000000007 844.3083950248788
1.0 843.9198740545675
1.200000000000001 843.3545704564159
1.4000000000000004 842.5665822058643
1.6000000000000014 841.5313110020085
1.8000000000000007 840.2719875728963
2.0 838.8760773342118
2.200000000000001 837.4795440178336
2.4000000000000004 836.2185907388234
2.6000000000000014 835.1812208813408
2.8000000000000007 834.391164909397
3.0 833.8240972406043
3.200000000000001 833.4341708654741
3.4000000000000004 833.1738927618343
3.6000000000000014 833.0035805922819
3.8000000000000007 832.8935846152285
4.0 832.8231423544318
Result sigma optimization:  -8.0 573.9102118296702
E_max_2 =  400
Cutoff Radius =  6.0
Selected Radial Transform =  22.0
factor =  3.0
displacement =  0.0
dataset =  datasets/gold.xyz
n_train =  100
n_test =  2000
Train RMSE: 564.1152611021884 [Train MAE: 442.7201994896504]
Test RMSE: 514.612967793895 [Test MAE: 396.96516791336063]
FINISHED at Tue Jan 10 09:29:07 CET 2023
