STARTING AT Tue Jan 10 09:18:25 CET 2023
Random seed: 1000
7 18
Reading dataset
Shuffling and extracting from dataset (length: 133885)
Shuffling and extraction done
Calculating power spectrum
Expansion coefficients done
Computing training kernel
     Calculating kernels for center species 1
     Calculating kernels for center species 1
Beginning first index add...
Beginning second index add...
     Calculating kernels for center species 6
     Calculating kernels for center species 6
Beginning first index add...
Beginning second index add...
     Calculating kernels for center species 7
     Calculating kernels for center species 7
Beginning first index add...
Beginning second index add...
     Calculating kernels for center species 8
     Calculating kernels for center species 8
Beginning first index add...
Beginning second index add...
     Calculating kernels for center species 9
     Calculating kernels for center species 9
Beginning first index add...
Beginning second index add...
Training kernel done
Computing test kernel
     Calculating kernels for center species 1
     Calculating kernels for center species 1
Beginning first index add...
Beginning second index add...
     Calculating kernels for center species 6
     Calculating kernels for center species 6
Beginning first index add...
Beginning second index add...
     Calculating kernels for center species 7
     Calculating kernels for center species 7
Beginning first index add...
Beginning second index add...
     Calculating kernels for center species 8
     Calculating kernels for center species 8
Beginning first index add...
Beginning second index add...
     Calculating kernels for center species 9
     Calculating kernels for center species 9
Beginning first index add...
Beginning second index add...
Test kernel done
Calculating composition features
Composition features done
-8.0 8.680866791281556
-7.8 8.680866810402572
-7.6 8.680866840706608
-7.4 8.680866888734663
-7.2 8.680866964854125
-7.0 8.680867085495377
-6.8 8.68086727669845
-6.6 8.680867579736029
-6.4 8.680868060016817
-6.2 8.680868821210545
-6.0 8.680870027617381
-5.8 8.680871939638246
-5.6 8.680874969971264
-5.4 8.680879772688106
-5.199999999999999 8.68088738438378
-5.0 8.680899447867313
-4.8 8.680918566590169
-4.6 8.680948866194559
-4.4 8.680996883992282
-4.199999999999999 8.681072977428581
-4.0 8.68119355317808
-3.8 8.681384592055341
-3.5999999999999996 8.681687215636156
-3.3999999999999995 8.68216645872312
-3.1999999999999993 8.682925047574052
-3.0 8.684124924636563
-2.8 8.686020586884444
-2.5999999999999996 8.689010007140228
-2.3999999999999995 8.693710653805017
-2.1999999999999993 8.701068700332078
-2.0 8.712505659972868
-1.7999999999999998 8.730091180274197
-1.5999999999999996 8.757443688012096
-1.3999999999999995 8.798683390077809
-1.1999999999999993 8.85895807745239
-1.0 8.95194328856025
-0.7999999999999998 9.097465536079556
-0.5999999999999996 9.293084225208794
-0.39999999999999947 9.584763554755646
-0.1999999999999993 10.044748211467137
0.0 10.655000477706494
0.20000000000000107 11.350852670375659
0.40000000000000036 12.046642345230623
0.5999999999999996 12.741341278819707
0.8000000000000007 13.470251358179878
1.0 14.390416595367915
1.200000000000001 15.326530944803812
1.4000000000000004 16.279944151480425
1.6000000000000014 17.14354453870489
1.8000000000000007 17.848993158887925
2.0 18.38733400888848
2.200000000000001 18.763266806255558
2.4000000000000004 19.01003866750914
2.6000000000000014 19.167327282905024
2.8000000000000007 19.2569766649228
3.0 19.305326173805607
3.200000000000001 19.326093444618554
3.4000000000000004 19.326776246254163
3.6000000000000014 19.313623798733758
3.8000000000000007 19.291661591035428
4.0 19.26566011695898
Result sigma optimization:  -8.0 8.680866791281556
E_max_2 =  600
Cutoff Radius =  6.0
Selected Radial Transform =  22.0
factor =  0.8
displacement =  0.0
dataset =  datasets/qm9.xyz
n_train =  100
n_test =  2000
Train RMSE: 1.878802264406418e-07 [Train MAE: 1.4239733042519432e-07]
Test RMSE: 12.191369619906 [Test MAE: 8.118990369479928]
FINISHED at Tue Jan 10 09:19:05 CET 2023
