STARTING AT Tue Jan 10 09:28:46 CET 2023
Random seed: 1000
7 18
Reading dataset
Shuffling and extracting from dataset (length: 105092)
Shuffling and extraction done
Calculating power spectrum
Expansion coefficients done
Computing training kernel
     Calculating kernels for center species 79
     Calculating kernels for center species 79
Beginning first index add...
Beginning second index add...
Training kernel done
Computing test kernel
     Calculating kernels for center species 79
     Calculating kernels for center species 79
Beginning first index add...
Beginning second index add...
Test kernel done
Calculating composition features
Composition features done
-8.0 337.72743606583515
-7.8 366.0656819140505
-7.6 392.99350647696616
-7.4 417.22601095690067
-7.2 437.7594425276543
-7.0 454.1160659187106
-6.8 466.4150748788544
-6.6 475.2195584999737
-6.4 481.28340466304536
-6.2 485.34290052883773
-6.0 488.0080896905552
-5.8 489.73707765179154
-5.6 490.8541740754824
-5.4 491.582709746534
-5.199999999999999 492.0789780218085
-5.0 492.4651575847555
-4.8 492.8677170278683
-4.6 493.4771338910587
-4.4 494.65808765223625
-4.199999999999999 497.15198877291505
-4.0 502.3931073014879
-3.8 512.814849991579
-3.5999999999999996 531.6688108478784
-3.3999999999999995 561.6444303844389
-3.1999999999999993 602.5047387154649
-3.0 649.8953210027
-2.8 697.1557406880105
-2.5999999999999996 738.6170961829655
-2.3999999999999995 771.5078826868681
-2.1999999999999993 795.7294932996165
-2.0 812.655815335695
-1.7999999999999998 824.0695378591768
-1.5999999999999996 831.585920361911
-1.3999999999999995 836.4598689488673
-1.1999999999999993 839.5889659593417
-1.0 841.584970102951
-0.7999999999999998 842.8528131486829
-0.5999999999999996 843.6557012009399
-0.39999999999999947 844.1627377640197
-0.1999999999999993 844.4816859603609
0.0 844.6807207126948
0.20000000000000107 844.8025397844564
0.40000000000000036 844.8733412117588
0.5999999999999996 844.908390459982
0.8000000000000007 844.9152997723577
1.0 844.8957128579461
1.200000000000001 844.8457941149262
1.4000000000000004 844.7557412874115
1.6000000000000014 844.608491747838
1.8000000000000007 844.3779624271655
2.0 844.0277301210023
2.200000000000001 843.5122168277637
2.4000000000000004 842.7839740649796
2.6000000000000014 841.810868859765
2.8000000000000007 840.6019924093791
3.0 839.2288276504694
3.200000000000001 837.8189003604391
3.4000000000000004 836.5136225264524
3.6000000000000014 835.4160529592141
3.8000000000000007 834.5653525699504
4.0 833.9466886562902
Result sigma optimization:  -8.0 337.72743606583515
E_max_2 =  600
Cutoff Radius =  6.0
Selected Radial Transform =  22.0
factor =  2.6
displacement =  0.0
dataset =  datasets/gold.xyz
n_train =  100
n_test =  2000
Train RMSE: 315.8895422461506 [Train MAE: 249.59662348393604]
Test RMSE: 314.8530221299172 [Test MAE: 248.73117755775678]
FINISHED at Tue Jan 10 09:29:07 CET 2023
