STARTING AT Tue Jan 10 09:33:13 CET 2023
Random seed: 1000
7 16
Reading dataset
Shuffling and extracting from dataset (length: 10000)
Shuffling and extraction done
Calculating power spectrum
Expansion coefficients done
Computing training kernel
     Calculating kernels for center species 1
     Calculating kernels for center species 1
Beginning first index add...
Beginning second index add...
     Calculating kernels for center species 6
     Calculating kernels for center species 6
Beginning first index add...
Beginning second index add...
Training kernel done
Computing test kernel
     Calculating kernels for center species 1
     Calculating kernels for center species 1
Beginning first index add...
Beginning second index add...
     Calculating kernels for center species 6
     Calculating kernels for center species 6
Beginning first index add...
Beginning second index add...
Test kernel done
Calculating composition features
Composition features done
-8.0 162.36953479805828
-7.8 116.34782302576775
-7.6 86.4356187486006
-7.4 72.57933358857989
-7.2 67.21873043592046
-7.0 62.99702638425842
-6.8 57.417059994618185
-6.6 51.43154866171501
-6.4 47.0261045453521
-6.2 45.26237715533109
-6.0 45.62194133030301
-5.8 46.928437158857854
-5.6 48.27172313049059
-5.4 49.124309700850425
-5.199999999999999 49.22066584693163
-5.0 48.56017018946107
-4.8 47.393951483953266
-4.6 46.07471367978031
-4.4 44.88395372884535
-4.199999999999999 43.96871143736703
-4.0 43.36977894899086
-3.8 43.06599760658854
-3.5999999999999996 43.0106337903607
-3.3999999999999995 43.157720159818346
-3.1999999999999993 43.47199863508909
-3.0 43.93347255366244
-2.8 44.55669783465121
-2.5999999999999996 45.42486519567
-2.3999999999999995 46.71342210786302
-2.1999999999999993 48.666301992343286
-2.0 51.49095918118081
-1.7999999999999998 55.1899949980875
-1.5999999999999996 59.45839230796418
-1.3999999999999995 63.78172880072985
-1.1999999999999993 67.67258812194476
-1.0 70.8471611777641
-0.7999999999999998 73.24716661302733
-0.5999999999999996 74.96184694217415
-0.39999999999999947 76.13810491040475
-0.1999999999999993 76.92208925471614
0.0 77.43385322047786
0.20000000000000107 77.76236314886343
0.40000000000000036 77.96947223004219
0.5999999999999996 78.09629964601157
0.8000000000000007 78.16916881639541
1.0 78.20431150169622
1.200000000000001 78.21146787501975
1.4000000000000004 78.19679449233966
1.6000000000000014 78.16532817674413
1.8000000000000007 78.12273633868067
2.0 78.0756772616111
2.200000000000001 78.03060052957197
2.4000000000000004 77.99205369963296
2.6000000000000014 77.96191705334621
2.8000000000000007 77.93989895672566
3.0 77.92457831569726
3.200000000000001 77.91427161796187
3.4000000000000004 77.9074932140506
3.6000000000000014 77.90310110126568
3.8000000000000007 77.90028249778013
4.0 77.8984848327469
Result sigma optimization:  -3.5999999999999996 43.0106337903607
E_max_2 =  500
Cutoff Radius =  6.0
Selected Radial Transform =  23.0
factor =  4.0
displacement =  0.0
dataset =  datasets/random-ch4-10k.extxyz
n_train =  100
n_test =  2000
Train RMSE: 37.34096374430665 [Train MAE: 27.48810787339177]
Test RMSE: 43.26209529790035 [Test MAE: 34.08767954540625]
FINISHED at Tue Jan 10 09:33:21 CET 2023
