STARTING AT Tue Jan 10 09:29:07 CET 2023
Random seed: 1000
7 18
Reading dataset
Shuffling and extracting from dataset (length: 105092)
Shuffling and extraction done
Calculating power spectrum
Expansion coefficients done
Computing training kernel
     Calculating kernels for center species 79
     Calculating kernels for center species 79
Beginning first index add...
Beginning second index add...
Training kernel done
Computing test kernel
     Calculating kernels for center species 79
     Calculating kernels for center species 79
Beginning first index add...
Beginning second index add...
Test kernel done
Calculating composition features
Composition features done
-8.0 162.00314353136346
-7.8 161.43384601970146
-7.6 161.29013813829022
-7.4 161.93370641883504
-7.2 163.74022401150143
-7.0 167.00721704635004
-6.8 171.8692247701665
-6.6 178.22801377689933
-6.4 185.76220125260932
-6.2 194.02022627089767
-6.0 202.4774105112812
-5.8 210.53301949928021
-5.6 217.59301609159013
-5.4 223.2584132505544
-5.199999999999999 227.4458170020267
-5.0 230.3616959255665
-4.8 232.43204190211995
-4.6 234.3007720755853
-4.4 236.90587721371236
-4.199999999999999 241.52071822790265
-4.0 249.554349731732
-3.8 261.9818136916041
-3.5999999999999996 278.68060770501086
-3.3999999999999995 298.31007804021846
-3.1999999999999993 318.9529299779139
-3.0 338.9174451220446
-2.8 357.08816197322926
-2.5999999999999996 372.8888871352203
-2.3999999999999995 386.1625678032787
-2.1999999999999993 397.0274889269837
-2.0 405.72205465504265
-1.7999999999999998 412.5501081596618
-1.5999999999999996 417.9580973299796
-1.3999999999999995 422.68536691431785
-1.1999999999999993 427.9951082112252
-1.0 436.0357208991208
-0.7999999999999998 450.1721744204715
-0.5999999999999996 474.6137707989237
-0.39999999999999947 512.4624750084607
-0.1999999999999993 562.8176652010136
0.0 619.8756500911445
0.20000000000000107 675.6487419943426
0.40000000000000036 723.8239081492951
0.5999999999999996 761.6109599562571
0.8000000000000007 789.2141236004592
1.0 808.3847734048522
1.200000000000001 821.2353119738152
1.4000000000000004 829.6263543892887
1.6000000000000014 834.9765638719721
1.8000000000000007 838.2803114967137
2.0 840.1944390788394
2.200000000000001 841.1312562244071
2.4000000000000004 841.3394093282809
2.6000000000000014 840.9737182596264
2.8000000000000007 840.1574362803157
3.0 839.0300134469281
3.200000000000001 837.7618046232066
3.4000000000000004 836.5264848622537
3.6000000000000014 835.4543928232291
3.8000000000000007 834.6060512461041
4.0 833.980547677155
Result sigma optimization:  -7.6 161.29013813829022
E_max_2 =  600
Cutoff Radius =  6.0
Selected Radial Transform =  23.0
factor =  1.5
displacement =  0.0
dataset =  datasets/gold.xyz
n_train =  100
n_test =  2000
Train RMSE: 109.32683398792706 [Train MAE: 87.22449410782708]
Test RMSE: 155.94533664544008 [Test MAE: 119.83398122667856]
FINISHED at Tue Jan 10 09:29:29 CET 2023
