STARTING AT Tue Jan 10 09:33:13 CET 2023
Random seed: 1000
5 11
Reading dataset
Shuffling and extracting from dataset (length: 10000)
Shuffling and extraction done
Calculating power spectrum
Expansion coefficients done
Computing training kernel
     Calculating kernels for center species 1
     Calculating kernels for center species 1
Beginning first index add...
Beginning second index add...
     Calculating kernels for center species 6
     Calculating kernels for center species 6
Beginning first index add...
Beginning second index add...
Training kernel done
Computing test kernel
     Calculating kernels for center species 1
     Calculating kernels for center species 1
Beginning first index add...
Beginning second index add...
     Calculating kernels for center species 6
     Calculating kernels for center species 6
Beginning first index add...
Beginning second index add...
Test kernel done
Calculating composition features
Composition features done
-8.0 94.59430418441683
-7.8 76.01854582135522
-7.6 61.65409638950483
-7.4 52.12554915943862
-7.2 46.87526171228485
-7.0 44.52301752732091
-6.8 43.654598158531485
-6.6 43.32110058871346
-6.4 43.06145285998537
-6.2 42.735457425704
-6.0 42.35839078565906
-5.8 41.98771347060428
-5.6 41.67748669815143
-5.4 41.48446268487049
-5.199999999999999 41.47439939428352
-5.0 41.69377191352644
-4.8 42.131070775369544
-4.6 42.71774991573677
-4.4 43.37233213255269
-4.199999999999999 44.046798045459894
-4.0 44.75092420382774
-3.8 45.56290497717226
-3.5999999999999996 46.64255299708596
-3.3999999999999995 48.237527199586445
-3.1999999999999993 50.6282565620844
-3.0 53.966268523850786
-2.8 58.08910269771526
-2.5999999999999996 62.513032553236684
-2.3999999999999995 66.66180312060546
-2.1999999999999993 70.1291637836588
-2.0 72.77622851445918
-1.7999999999999998 74.66750992609937
-1.5999999999999996 75.95839283524029
-1.3999999999999995 76.81302434311173
-1.1999999999999993 77.36721025575888
-1.0 77.7206702687549
-0.7999999999999998 77.94182434997076
-0.5999999999999996 78.07558764910783
-0.39999999999999947 78.15044219395371
-0.1999999999999993 78.18396047146614
0.0 78.18705133657653
0.20000000000000107 78.1673551706557
0.40000000000000036 78.1318100936649
0.5999999999999996 78.08785860359652
0.8000000000000007 78.04289232859108
1.0 78.00265993104149
1.200000000000001 77.97016981177192
1.4000000000000004 77.94588133994755
1.6000000000000014 77.9287112417109
1.8000000000000007 77.91703671203412
2.0 77.90930466733053
2.200000000000001 77.90427175934606
2.4000000000000004 77.90103245743522
2.6000000000000014 77.89896260949713
2.8000000000000007 77.89764612181995
3.0 77.89681125339325
3.200000000000001 77.89628279652672
3.4000000000000004 77.89594868721883
3.6000000000000014 77.89573760890187
3.8000000000000007 77.89560431999666
4.0 77.89552017754909
Result sigma optimization:  -5.199999999999999 41.47439939428352
E_max_2 =  300
Cutoff Radius =  6.0
Selected Radial Transform =  23.0
factor =  4.0
displacement =  0.0
dataset =  datasets/random-ch4-10k.extxyz
n_train =  100
n_test =  2000
Train RMSE: 36.652948395961786 [Train MAE: 26.818246623484683]
Test RMSE: 42.60739148085994 [Test MAE: 33.69385750174233]
FINISHED at Tue Jan 10 09:33:19 CET 2023
