STARTING AT Tue Jan 10 09:33:06 CET 2023
Random seed: 1000
7 16
Reading dataset
Shuffling and extracting from dataset (length: 10000)
Shuffling and extraction done
Calculating power spectrum
Expansion coefficients done
Computing training kernel
     Calculating kernels for center species 1
     Calculating kernels for center species 1
Beginning first index add...
Beginning second index add...
     Calculating kernels for center species 6
     Calculating kernels for center species 6
Beginning first index add...
Beginning second index add...
Training kernel done
Computing test kernel
     Calculating kernels for center species 1
     Calculating kernels for center species 1
Beginning first index add...
Beginning second index add...
     Calculating kernels for center species 6
     Calculating kernels for center species 6
Beginning first index add...
Beginning second index add...
Test kernel done
Calculating composition features
Composition features done
-8.0 30.49030507343116
-7.8 30.503838802467666
-7.6 30.524887151129654
-7.4 30.557264385211997
-7.2 30.606215571408033
-7.0 30.678273109074162
-6.8 30.780146405790344
-6.6 30.915965739808247
-6.4 31.083004375008606
-6.2 31.268203261935913
-6.0 31.449597376463124
-5.8 31.604077796496867
-5.6 31.71626322196348
-5.4 31.780532070863384
-5.199999999999999 31.794436356509493
-5.0 31.750777114236502
-4.8 31.637322170668018
-4.6 31.44478444858771
-4.4 31.174676656053766
-4.199999999999999 30.840743344980986
-4.0 30.466593800067052
-3.8 30.082954762397087
-3.5999999999999996 29.72327106717686
-3.3999999999999995 29.417152195836564
-3.1999999999999993 29.182620501317924
-3.0 29.018547969238437
-2.8 28.90383853110951
-2.5999999999999996 28.810477891876218
-2.3999999999999995 28.724623203432003
-2.1999999999999993 28.660111733127348
-2.0 28.660408313751784
-1.7999999999999998 28.80420527881337
-1.5999999999999996 29.228654850381176
-1.3999999999999995 30.15852967409239
-1.1999999999999993 31.9030119779231
-1.0 34.781429167126554
-0.7999999999999998 38.97634740235631
-0.5999999999999996 44.37585618617017
-0.39999999999999947 50.519625454703174
-0.1999999999999993 56.72990856366458
0.0 62.36408393414295
0.20000000000000107 67.01934519707793
0.40000000000000036 70.58217527375122
0.5999999999999996 73.15075929500948
0.8000000000000007 74.92084480033428
1.0 76.09941534874329
1.200000000000001 76.86171167688688
1.4000000000000004 77.33994352278994
1.6000000000000014 77.62789933962337
1.8000000000000007 77.79066930347061
2.0 77.87380119280107
2.200000000000001 77.90949737940086
2.4000000000000004 77.91986815792824
2.6000000000000014 77.91881541112163
2.8000000000000007 77.91396302917393
3.0 77.90881013940368
3.200000000000001 77.9045886929461
3.4000000000000004 77.9014978077528
3.6000000000000014 77.89936590236135
3.8000000000000007 77.89794530209805
4.0 77.89701809949827
Result sigma optimization:  -2.1999999999999993 28.660111733127348
E_max_2 =  500
Cutoff Radius =  6.0
Selected Radial Transform =  23.0
factor =  1.3
displacement =  0.0
dataset =  datasets/random-ch4-10k.extxyz
n_train =  100
n_test =  2000
Train RMSE: 19.43923827571904 [Train MAE: 15.295070214916636]
Test RMSE: 32.421198222673425 [Test MAE: 21.549058840014954]
FINISHED at Tue Jan 10 09:33:11 CET 2023
