STARTING AT Tue Jan 10 09:33:13 CET 2023
Random seed: 1000
7 18
Reading dataset
Shuffling and extracting from dataset (length: 10000)
Shuffling and extraction done
Calculating power spectrum
Expansion coefficients done
Computing training kernel
     Calculating kernels for center species 1
     Calculating kernels for center species 1
Beginning first index add...
Beginning second index add...
     Calculating kernels for center species 6
     Calculating kernels for center species 6
Beginning first index add...
Beginning second index add...
Training kernel done
Computing test kernel
     Calculating kernels for center species 1
     Calculating kernels for center species 1
Beginning first index add...
Beginning second index add...
     Calculating kernels for center species 6
     Calculating kernels for center species 6
Beginning first index add...
Beginning second index add...
Test kernel done
Calculating composition features
Composition features done
-8.0 105.91451146904507
-7.8 95.55863187405203
-7.6 88.68562586347909
-7.4 79.79657130760658
-7.2 69.01030924747305
-7.0 58.5301065041081
-6.8 50.04690452930364
-6.6 43.9686071433749
-6.4 39.92596161895077
-6.2 37.65646529722608
-6.0 37.31379489478212
-5.8 38.862231034564005
-5.6 41.510421142642436
-5.4 44.089405773465614
-5.199999999999999 45.71469255235397
-5.0 46.03285315439848
-4.8 45.17934594462618
-4.6 43.66046228182359
-4.4 42.12808252474705
-4.199999999999999 41.04677575676638
-4.0 40.4935276048299
-3.8 40.26862843425431
-3.5999999999999996 40.14941237089362
-3.3999999999999995 40.03582673952717
-3.1999999999999993 39.94035892887548
-3.0 39.9160043989852
-2.8 40.00969757152176
-2.5999999999999996 40.25963671759683
-2.3999999999999995 40.71391944033885
-2.1999999999999993 41.46214102982306
-2.0 42.67273062872521
-1.7999999999999998 44.58875603232555
-1.5999999999999996 47.42251654768495
-1.3999999999999995 51.17594993712951
-1.1999999999999993 55.548130133716626
-1.0 60.055063741046936
-0.7999999999999998 64.25594943166072
-0.5999999999999996 67.88442458904979
-0.39999999999999947 70.83891065222906
-0.1999999999999993 73.12443296251375
0.0 74.81059719929557
0.20000000000000107 76.00304589099969
0.40000000000000036 76.81716306313808
0.5999999999999996 77.35752518952697
0.8000000000000007 77.7076784777762
1.0 77.92874964956962
1.200000000000001 78.06271088180819
1.4000000000000004 78.13702004707508
1.6000000000000014 78.16908216551084
1.8000000000000007 78.17013988080804
2.0 78.1485539226205
2.200000000000001 78.11214712441505
2.4000000000000004 78.0689634644964
2.6000000000000014 78.02632832608312
2.8000000000000007 77.9893308664118
3.0 77.9601825208155
3.200000000000001 77.93879584382346
3.4000000000000004 77.9238781457965
3.6000000000000014 77.9138279809303
3.8000000000000007 77.90721249955068
4.0 77.90292364881645
Result sigma optimization:  -6.0 37.31379489478212
E_max_2 =  600
Cutoff Radius =  6.0
Selected Radial Transform =  23.0
factor =  3.5
displacement =  0.0
dataset =  datasets/random-ch4-10k.extxyz
n_train =  100
n_test =  2000
Train RMSE: 20.402035238514365 [Train MAE: 14.452032944248131]
Test RMSE: 83.34471325239588 [Test MAE: 32.037674039850316]
FINISHED at Tue Jan 10 09:33:20 CET 2023
