STARTING AT Tue Jan 10 09:33:11 CET 2023
Random seed: 1000
6 14
Reading dataset
Shuffling and extracting from dataset (length: 10000)
Shuffling and extraction done
Calculating power spectrum
Expansion coefficients done
Computing training kernel
     Calculating kernels for center species 1
     Calculating kernels for center species 1
Beginning first index add...
Beginning second index add...
     Calculating kernels for center species 6
     Calculating kernels for center species 6
Beginning first index add...
Beginning second index add...
Training kernel done
Computing test kernel
     Calculating kernels for center species 1
     Calculating kernels for center species 1
Beginning first index add...
Beginning second index add...
     Calculating kernels for center species 6
     Calculating kernels for center species 6
Beginning first index add...
Beginning second index add...
Test kernel done
Calculating composition features
Composition features done
-8.0 38.96010200572148
-7.8 37.229085353079945
-7.6 36.01846307346128
-7.4 35.281294560981586
-7.2 34.88570088128187
-7.0 34.66534383233451
-6.8 34.47713881030018
-6.6 34.22804657505386
-6.4 33.87507409169021
-6.2 33.40577879942299
-6.0 32.80997852105595
-5.8 32.067223322991126
-5.6 31.158700822187736
-5.4 30.08742660657751
-5.199999999999999 28.89416257302832
-5.0 27.666893359038422
-4.8 26.535931015882504
-4.6 25.64327861927041
-4.4 25.092279874137756
-4.199999999999999 24.908493869558026
-4.0 25.040882784363646
-3.8 25.397194467066676
-3.5999999999999996 25.88190543366632
-3.3999999999999995 26.416862341194914
-3.1999999999999993 26.94844768782824
-3.0 27.451684349807948
-2.8 27.933757234939154
-2.5999999999999996 28.437557610923932
-2.3999999999999995 29.055917991353514
-2.1999999999999993 29.96668788256945
-2.0 31.46874912241112
-1.7999999999999998 33.956163282424804
-1.5999999999999996 37.763496476896435
-1.3999999999999995 42.92105622386838
-1.1999999999999993 49.01969847127474
-1.0 55.34565884013366
-0.7999999999999998 61.18826731731802
-0.5999999999999996 66.08501297769256
-0.39999999999999947 69.88126456351605
-0.1999999999999993 72.65088253621606
0.0 74.57965416366551
0.20000000000000107 75.87547699086977
0.40000000000000036 76.72043065525057
0.5999999999999996 77.25509791777314
0.8000000000000007 77.58061738964942
1.0 77.76754985563541
1.200000000000001 77.86525732358342
1.4000000000000004 77.90876012572832
1.6000000000000014 77.92249317709656
1.8000000000000007 77.9222685447704
2.0 77.91707780914818
2.200000000000001 77.91122345898371
2.4000000000000004 77.90631310294094
2.6000000000000014 77.90267287605997
2.8000000000000007 77.90014382415939
3.0 77.89845116343605
3.200000000000001 77.89734338699688
3.4000000000000004 77.89662828188938
3.6000000000000014 77.89617057419062
3.8000000000000007 77.89587916953516
4.0 77.89569426120586
Result sigma optimization:  -4.199999999999999 24.908493869558026
E_max_2 =  400
Cutoff Radius =  6.0
Selected Radial Transform =  23.0
factor =  1.7
displacement =  0.0
dataset =  datasets/random-ch4-10k.extxyz
n_train =  100
n_test =  2000
Train RMSE: 10.156089530271995 [Train MAE: 8.417643324633064]
Test RMSE: 30.914716770431966 [Test MAE: 16.355651820826246]
FINISHED at Tue Jan 10 09:33:22 CET 2023
