STARTING AT Tue Jan 10 09:33:13 CET 2023
Random seed: 1000
7 18
Reading dataset
Shuffling and extracting from dataset (length: 10000)
Shuffling and extraction done
Calculating power spectrum
Expansion coefficients done
Computing training kernel
     Calculating kernels for center species 1
     Calculating kernels for center species 1
Beginning first index add...
Beginning second index add...
     Calculating kernels for center species 6
     Calculating kernels for center species 6
Beginning first index add...
Beginning second index add...
Training kernel done
Computing test kernel
     Calculating kernels for center species 1
     Calculating kernels for center species 1
Beginning first index add...
Beginning second index add...
     Calculating kernels for center species 6
     Calculating kernels for center species 6
Beginning first index add...
Beginning second index add...
Test kernel done
Calculating composition features
Composition features done
-8.0 135.73504275829583
-7.8 115.86436698901424
-7.6 100.24842088332665
-7.4 87.49025602922248
-7.2 76.86794860280506
-7.0 67.8625723660588
-6.8 59.97546015290146
-6.6 52.8327375169793
-6.4 46.31390072789405
-6.2 40.49821085191985
-6.0 35.522205026430335
-5.8 31.517688310108884
-5.6 28.607678703694567
-5.4 26.862529773104
-5.199999999999999 26.21499618720719
-5.0 26.424677513268783
-4.8 27.15680167371988
-4.6 28.112092633434777
-4.4 29.099904535054353
-4.199999999999999 30.034387628679802
-4.0 30.899812524848056
-3.8 31.717564218709246
-3.5999999999999996 32.519204038422785
-3.3999999999999995 33.32583966587655
-3.1999999999999993 34.14141083800198
-3.0 34.963274780224886
-2.8 35.791961292661604
-2.5999999999999996 36.62770195086207
-2.3999999999999995 37.474525831327405
-2.1999999999999993 38.369060537189476
-2.0 39.42401648075567
-1.7999999999999998 40.862851195100895
-1.5999999999999996 42.99711164744133
-1.3999999999999995 46.08696389972683
-1.1999999999999993 50.128359685431334
-1.0 54.77001339450945
-0.7999999999999998 59.484995967882234
-0.5999999999999996 63.82970537805547
-0.39999999999999947 67.5604515813739
-0.1999999999999993 70.59559977445028
0.0 72.94752076480525
0.20000000000000107 74.68629253444914
0.40000000000000036 75.91766888170274
0.5999999999999996 76.75862925101613
0.8000000000000007 77.31611459595149
1.0 77.67589213723902
1.200000000000001 77.90076261856699
1.4000000000000004 78.0338606081063
1.6000000000000014 78.10361729667513
1.8000000000000007 78.12871626500902
2.0 78.12241074642142
2.200000000000001 78.0956885253418
2.4000000000000004 78.05862352998999
2.6000000000000014 78.01984054580132
2.8000000000000007 77.98526096164652
3.0 77.95762777361094
3.200000000000001 77.93719051074267
3.4000000000000004 77.92286830972384
3.6000000000000014 77.91319216309054
3.8000000000000007 77.90681189678416
4.0 77.90267112247177
Result sigma optimization:  -5.199999999999999 26.21499618720719
E_max_2 =  600
Cutoff Radius =  6.0
Selected Radial Transform =  23.0
factor =  3.0
displacement =  0.0
dataset =  datasets/random-ch4-10k.extxyz
n_train =  100
n_test =  2000
Train RMSE: 15.789167107304024 [Train MAE: 11.549642019523127]
Test RMSE: 44.29251050856061 [Test MAE: 23.84486330218248]
FINISHED at Tue Jan 10 09:33:20 CET 2023
