STARTING AT Tue Jan 10 09:33:12 CET 2023
Random seed: 1000
7 18
Reading dataset
Shuffling and extracting from dataset (length: 10000)
Shuffling and extraction done
Calculating power spectrum
Expansion coefficients done
Computing training kernel
     Calculating kernels for center species 1
     Calculating kernels for center species 1
Beginning first index add...
Beginning second index add...
     Calculating kernels for center species 6
     Calculating kernels for center species 6
Beginning first index add...
Beginning second index add...
Training kernel done
Computing test kernel
     Calculating kernels for center species 1
     Calculating kernels for center species 1
Beginning first index add...
Beginning second index add...
     Calculating kernels for center species 6
     Calculating kernels for center species 6
Beginning first index add...
Beginning second index add...
Test kernel done
Calculating composition features
Composition features done
-8.0 140.7200004232699
-7.8 119.46230916536844
-7.6 101.36092068990502
-7.4 86.46932046356568
-7.2 74.64320248601908
-7.0 65.52322198469443
-6.8 58.600994314685224
-6.6 53.302415821930325
-6.4 49.07886243223613
-6.2 45.48774393777247
-6.0 42.23174891323657
-5.8 39.15449751718679
-5.6 36.21198754443433
-5.4 33.4287575208787
-5.199999999999999 30.849403989444127
-5.0 28.519453488470315
-4.8 26.50745581162884
-4.6 24.92086754957294
-4.4 23.86960310809078
-4.199999999999999 23.401033549740966
-4.0 23.469769757190164
-3.8 23.962831907871156
-3.5999999999999996 24.74630080547139
-3.3999999999999995 25.699698454749118
-3.1999999999999993 26.734289563178272
-3.0 27.80510595880637
-2.8 28.91085568460796
-2.5999999999999996 30.066627952781502
-2.3999999999999995 31.265929226945936
-2.1999999999999993 32.48006294471705
-2.0 33.7106707061813
-1.7999999999999998 35.0550573975358
-1.5999999999999996 36.74237804011022
-1.3999999999999995 39.109183807195194
-1.1999999999999993 42.463071636395924
-1.0 46.85623439182512
-0.7999999999999998 51.96659260872901
-0.5999999999999996 57.241824547078046
-0.39999999999999947 62.166082583561646
-0.1999999999999993 66.41425909161926
0.0 69.85295988615384
0.20000000000000107 72.48612684968488
0.40000000000000036 74.40537613627583
0.5999999999999996 75.74663496278617
0.8000000000000007 76.65237874317324
1.0 77.24686017572284
1.200000000000001 77.62634877577318
1.4000000000000004 77.85973249400622
1.6000000000000014 77.99384072249417
1.8000000000000007 78.05990730192697
2.0 78.07950576320498
2.200000000000001 78.069050344419
2.4000000000000004 78.04212749244701
2.6000000000000014 78.00962817416047
2.8000000000000007 77.97892707814555
3.0 77.95368710730658
3.200000000000001 77.93473038918395
3.4000000000000004 77.92132779166315
3.6000000000000014 77.91222518625337
3.8000000000000007 77.90620387498625
4.0 77.90228834878185
Result sigma optimization:  -4.199999999999999 23.401033549740966
E_max_2 =  600
Cutoff Radius =  6.0
Selected Radial Transform =  23.0
factor =  2.4
displacement =  0.0
dataset =  datasets/random-ch4-10k.extxyz
n_train =  100
n_test =  2000
Train RMSE: 12.014062634846374 [Train MAE: 9.366875929150794]
Test RMSE: 31.31463767732469 [Test MAE: 19.035154489889383]
FINISHED at Tue Jan 10 09:33:20 CET 2023
