STARTING AT Tue Jan 10 09:19:35 CET 2023
Random seed: 1000
7 18
Reading dataset
Shuffling and extracting from dataset (length: 133885)
Shuffling and extraction done
Calculating power spectrum
Expansion coefficients done
Computing training kernel
     Calculating kernels for center species 1
     Calculating kernels for center species 1
Beginning first index add...
Beginning second index add...
     Calculating kernels for center species 6
     Calculating kernels for center species 6
Beginning first index add...
Beginning second index add...
     Calculating kernels for center species 7
     Calculating kernels for center species 7
Beginning first index add...
Beginning second index add...
     Calculating kernels for center species 8
     Calculating kernels for center species 8
Beginning first index add...
Beginning second index add...
     Calculating kernels for center species 9
     Calculating kernels for center species 9
Beginning first index add...
Beginning second index add...
Training kernel done
Computing test kernel
     Calculating kernels for center species 1
     Calculating kernels for center species 1
Beginning first index add...
Beginning second index add...
     Calculating kernels for center species 6
     Calculating kernels for center species 6
Beginning first index add...
Beginning second index add...
     Calculating kernels for center species 7
     Calculating kernels for center species 7
Beginning first index add...
Beginning second index add...
     Calculating kernels for center species 8
     Calculating kernels for center species 8
Beginning first index add...
Beginning second index add...
     Calculating kernels for center species 9
     Calculating kernels for center species 9
Beginning first index add...
Beginning second index add...
Test kernel done
Calculating composition features
Composition features done
-8.0 7.158549086531384
-7.8 7.158548091103184
-7.6 7.158546513478886
-7.4 7.158544013119672
-7.2 7.158540050349766
-7.0 7.158533769876722
-6.8 7.158523816250599
-6.6 7.158508041424584
-6.4 7.1584830415421585
-6.2 7.158443423267817
-6.0 7.1583806421866845
-5.8 7.158281165171384
-5.6 7.158123565679325
-5.4 7.157873940409645
-5.199999999999999 7.157478695117016
-5.0 7.156853236835195
-4.8 7.1558643658469006
-4.6 7.154303149498847
-4.4 7.1518438603582855
-4.199999999999999 7.147983626650366
-4.0 7.141958189668048
-3.8 7.132635182167251
-3.5999999999999996 7.118405197535576
-3.3999999999999995 7.103010576732531
-3.1999999999999993 7.090331246782307
-3.0 7.0889319892808
-2.8 7.101766386793315
-2.5999999999999996 7.148002503844419
-2.3999999999999995 7.273341455534392
-2.1999999999999993 7.455849749120384
-2.0 7.764983389626045
-1.7999999999999998 8.195157623599021
-1.5999999999999996 8.681901916104499
-1.3999999999999995 9.259087902939395
-1.1999999999999993 9.980707056039796
-1.0 10.893902663761326
-0.7999999999999998 11.81255909376743
-0.5999999999999996 12.73630921168902
-0.39999999999999947 13.693504996288166
-0.1999999999999993 14.608564416272557
0.0 15.436186098329461
0.20000000000000107 16.210584038261658
0.40000000000000036 17.00147808898994
0.5999999999999996 17.694761221767756
0.8000000000000007 18.277086609397085
1.0 18.70738788748416
1.200000000000001 19.021283696592047
1.4000000000000004 19.219892504270153
1.6000000000000014 19.32755372332609
1.8000000000000007 19.377675816554202
2.0 19.395282445874244
2.200000000000001 19.401291045896492
2.4000000000000004 19.396753240714574
2.6000000000000014 19.38496111567441
2.8000000000000007 19.3669729333106
3.0 19.343298858418464
3.200000000000001 19.315096522348714
3.4000000000000004 19.284681379296998
3.6000000000000014 19.255107041962663
3.8000000000000007 19.229099050842553
4.0 19.20817415207553
Result sigma optimization:  -3.0 7.0889319892808
E_max_2 =  600
Cutoff Radius =  6.0
Selected Radial Transform =  23.0
factor =  1.4
displacement =  0.0
dataset =  datasets/qm9.xyz
n_train =  100
n_test =  2000
Train RMSE: 0.7565530252358931 [Train MAE: 0.571312706092845]
Test RMSE: 10.539316292869232 [Test MAE: 6.919039347268719]
FINISHED at Tue Jan 10 09:20:17 CET 2023
