STARTING AT Tue Jan 10 09:20:41 CET 2023
Random seed: 1000
5 11
Reading dataset
Shuffling and extracting from dataset (length: 133885)
Shuffling and extraction done
Calculating power spectrum
Expansion coefficients done
Computing training kernel
     Calculating kernels for center species 1
     Calculating kernels for center species 1
Beginning first index add...
Beginning second index add...
     Calculating kernels for center species 6
     Calculating kernels for center species 6
Beginning first index add...
Beginning second index add...
     Calculating kernels for center species 7
     Calculating kernels for center species 7
Beginning first index add...
Beginning second index add...
     Calculating kernels for center species 8
     Calculating kernels for center species 8
Beginning first index add...
Beginning second index add...
     Calculating kernels for center species 9
     Calculating kernels for center species 9
Beginning first index add...
Beginning second index add...
Training kernel done
Computing test kernel
     Calculating kernels for center species 1
     Calculating kernels for center species 1
Beginning first index add...
Beginning second index add...
     Calculating kernels for center species 6
     Calculating kernels for center species 6
Beginning first index add...
Beginning second index add...
     Calculating kernels for center species 7
     Calculating kernels for center species 7
Beginning first index add...
Beginning second index add...
     Calculating kernels for center species 8
     Calculating kernels for center species 8
Beginning first index add...
Beginning second index add...
     Calculating kernels for center species 9
     Calculating kernels for center species 9
Beginning first index add...
Beginning second index add...
Test kernel done
Calculating composition features
Composition features done
-8.0 6.1215238733607835
-7.8 6.125113305318955
-7.6 6.130674039041333
-7.4 6.139178812354658
-7.2 6.1519326247354185
-7.0 6.170497087543772
-6.8 6.196348875913536
-6.6 6.233072749648127
-6.4 6.281489589172997
-6.2 6.346846020747908
-6.0 6.431899089710787
-5.8 6.5180020521651025
-5.6 6.60660652045859
-5.4 6.698309771774802
-5.199999999999999 6.799387908742647
-5.0 6.930340355125372
-4.8 7.165481424991449
-4.6 7.4937566715161665
-4.4 7.912052504505846
-4.199999999999999 8.37813464524177
-4.0 8.931033618175988
-3.8 9.558418131198906
-3.5999999999999996 10.305420408345144
-3.3999999999999995 11.033382610185495
-3.1999999999999993 11.774973702949978
-3.0 12.576100009021365
-2.8 13.448728831532069
-2.5999999999999996 14.408146897251841
-2.3999999999999995 15.435666588271534
-2.1999999999999993 16.398302307238602
-2.0 17.229552982918637
-1.7999999999999998 17.90445166998255
-1.5999999999999996 18.44024026609175
-1.3999999999999995 18.836873417515218
-1.1999999999999993 19.181434725295727
-1.0 19.430196760697978
-0.7999999999999998 19.57893776257304
-0.5999999999999996 19.638473348339737
-0.39999999999999947 19.638122380681885
-0.1999999999999993 19.608025661011066
0.0 19.566445674037194
0.20000000000000107 19.52341493225783
0.40000000000000036 19.4844489864781
0.5999999999999996 19.450244734840172
0.8000000000000007 19.419003915721436
1.0 19.38826832278322
1.200000000000001 19.35622967431833
1.4000000000000004 19.322583685945368
1.6000000000000014 19.28873412261394
1.8000000000000007 19.25712068916402
2.0 19.23000136201214
2.200000000000001 19.208528284916476
2.4000000000000004 19.19262429929629
2.6000000000000014 19.18143119518464
2.8000000000000007 19.17383712508351
3.0 19.16881308984933
3.200000000000001 19.165544759799644
3.4000000000000004 19.16344185242589
3.6000000000000014 19.162098381461067
3.8000000000000007 19.161243983423745
4.0 19.16070219021455
Result sigma optimization:  -8.0 6.1215238733607835
E_max_2 =  300
Cutoff Radius =  6.0
Selected Radial Transform =  24.0
factor =  1.8
displacement =  0.0
dataset =  datasets/qm9.xyz
n_train =  100
n_test =  2000
Train RMSE: 0.01336452439669233 [Train MAE: 0.01027223234562931]
Test RMSE: 10.230476515241644 [Test MAE: 6.576603186922385]
FINISHED at Tue Jan 10 09:21:15 CET 2023
