STARTING AT Tue Jan 10 09:29:34 CET 2023
Random seed: 1000
5 11
Reading dataset
Shuffling and extracting from dataset (length: 105092)
Shuffling and extraction done
Calculating power spectrum
Expansion coefficients done
Computing training kernel
     Calculating kernels for center species 79
     Calculating kernels for center species 79
Beginning first index add...
Beginning second index add...
Training kernel done
Computing test kernel
     Calculating kernels for center species 79
     Calculating kernels for center species 79
Beginning first index add...
Beginning second index add...
Test kernel done
Calculating composition features
Composition features done
-8.0 439.4424683912283
-7.8 444.580368669589
-7.6 447.9642368178523
-7.4 450.1617748781508
-7.2 451.5781523758403
-7.0 452.49187595488814
-6.8 453.0932575854562
-6.6 453.51981565161356
-6.4 453.89227094735514
-6.2 454.3631821989984
-6.0 455.2021891731277
-5.8 456.9585140242692
-5.6 460.74773901583086
-5.4 468.64198868089585
-5.199999999999999 483.8705385972042
-5.0 510.087276607543
-4.8 549.1409470002253
-4.6 598.6439958336738
-4.4 652.1516548600075
-4.199999999999999 702.3564705380547
-4.0 744.3223891605313
-3.8 776.4390895448222
-3.5999999999999996 799.49735233544
-3.3999999999999995 815.3338172829278
-3.1999999999999993 825.8902468424199
-3.0 832.7898880712507
-2.8 837.2421338123579
-2.5999999999999996 840.0914418147224
-2.3999999999999995 841.905081698804
-2.1999999999999993 843.0551675070791
-2.0 843.7821489768957
-1.7999999999999998 844.2398196855956
-1.5999999999999996 844.5257204465868
-1.3999999999999995 844.7010711905737
-1.1999999999999993 844.8035409352981
-1.0 844.8552150370894
-0.7999999999999998 844.867332027089
-0.5999999999999996 844.8427839117106
-0.39999999999999947 844.7769818179881
-0.1999999999999993 844.6574717001575
0.0 844.4626865824266
0.20000000000000107 844.1605768294517
0.40000000000000036 843.7087708106951
0.5999999999999996 843.0593873730089
0.8000000000000007 842.1726071728556
1.0 841.0404059431755
1.200000000000001 839.7117759245378
1.4000000000000004 838.298181309585
1.6000000000000014 836.9425414490134
1.8000000000000007 835.7659101742576
2.0 834.8298510584359
2.200000000000001 834.1354451282496
2.4000000000000004 833.6465541282361
2.6000000000000014 833.3148874762649
2.8000000000000007 833.0955057538454
3.0 832.9528139769761
3.200000000000001 832.8610154320841
3.4000000000000004 832.8023741392218
3.6000000000000014 832.765082772408
3.8000000000000007 832.7414364408571
4.0 832.726469719478
Result sigma optimization:  -8.0 439.4424683912283
E_max_2 =  300
Cutoff Radius =  6.0
Selected Radial Transform =  24.0
factor =  2.4
displacement =  0.0
dataset =  datasets/gold.xyz
n_train =  100
n_test =  2000
Train RMSE: 427.12812220851214 [Train MAE: 337.02359791567096]
Test RMSE: 401.5462025426962 [Test MAE: 311.9833582427784]
FINISHED at Tue Jan 10 09:29:51 CET 2023
