STARTING AT Tue Jan 10 09:20:18 CET 2023
Random seed: 1000
7 18
Reading dataset
Shuffling and extracting from dataset (length: 133885)
Shuffling and extraction done
Calculating power spectrum
Expansion coefficients done
Computing training kernel
     Calculating kernels for center species 1
     Calculating kernels for center species 1
Beginning first index add...
Beginning second index add...
     Calculating kernels for center species 6
     Calculating kernels for center species 6
Beginning first index add...
Beginning second index add...
     Calculating kernels for center species 7
     Calculating kernels for center species 7
Beginning first index add...
Beginning second index add...
     Calculating kernels for center species 8
     Calculating kernels for center species 8
Beginning first index add...
Beginning second index add...
     Calculating kernels for center species 9
     Calculating kernels for center species 9
Beginning first index add...
Beginning second index add...
Training kernel done
Computing test kernel
     Calculating kernels for center species 1
     Calculating kernels for center species 1
Beginning first index add...
Beginning second index add...
     Calculating kernels for center species 6
     Calculating kernels for center species 6
Beginning first index add...
Beginning second index add...
     Calculating kernels for center species 7
     Calculating kernels for center species 7
Beginning first index add...
Beginning second index add...
     Calculating kernels for center species 8
     Calculating kernels for center species 8
Beginning first index add...
Beginning second index add...
     Calculating kernels for center species 9
     Calculating kernels for center species 9
Beginning first index add...
Beginning second index add...
Test kernel done
Calculating composition features
Composition features done
-8.0 9.433817763021793
-7.8 9.433817769444373
-7.6 9.433817779623169
-7.4 9.43381779575588
-7.2 9.43381782132441
-7.0 9.43381786184758
-6.8 9.433817926072685
-6.6 9.433818027862799
-6.4 9.433818189188475
-6.2 9.433818444873353
-6.0 9.433818850105865
-5.8 9.433819492354143
-5.6 9.433820510246498
-5.4 9.433822123491074
-5.199999999999999 9.433824680292968
-5.0 9.43382873250695
-4.8 9.433835154722543
-4.6 9.433845332968554
-4.4 9.433861463699763
-4.199999999999999 9.433887027425396
-4.0 9.433927538777306
-3.8 9.433991733835688
-3.5999999999999996 9.434093448251936
-3.3999999999999995 9.43425458470746
-3.1999999999999993 9.434509793006555
-3.0 9.434913829920136
-2.8 9.43555307972791
-2.5999999999999996 9.436563453910788
-2.3999999999999995 9.438157868674054
-2.1999999999999993 9.440672203332653
-2.0 9.444694116362458
-1.7999999999999998 9.450962266811793
-1.5999999999999996 9.460638089603242
-1.3999999999999995 9.475354315166335
-1.1999999999999993 9.497234152893018
-1.0 9.52866984057307
-0.7999999999999998 9.574747194834051
-0.5999999999999996 9.65975529854471
-0.39999999999999947 9.788432662380805
-0.1999999999999993 9.99101984550224
0.0 10.274962812707393
0.20000000000000107 10.630335709765111
0.40000000000000036 11.055070311503636
0.5999999999999996 11.551031417800708
0.8000000000000007 12.112075376779284
1.0 12.71567345035119
1.200000000000001 13.475437618189993
1.4000000000000004 14.43598364063976
1.6000000000000014 15.414505282918164
1.8000000000000007 16.4446958614215
2.0 17.314464288384148
2.200000000000001 17.996368735291608
2.4000000000000004 18.499761595822026
2.6000000000000014 18.84186788428443
2.8000000000000007 19.06044494563085
3.0 19.19455059301281
3.200000000000001 19.272893908077688
3.4000000000000004 19.311540383877006
3.6000000000000014 19.323855518622118
3.8000000000000007 19.318459634766036
4.0 19.30132095208734
Result sigma optimization:  -8.0 9.433817763021793
E_max_2 =  600
Cutoff Radius =  6.0
Selected Radial Transform =  24.0
factor =  0.6
displacement =  0.0
dataset =  datasets/qm9.xyz
n_train =  100
n_test =  2000
Train RMSE: 8.748995492102145e-08 [Train MAE: 6.39304785697661e-08]
Test RMSE: 13.720277845542729 [Test MAE: 9.40365631792919]
FINISHED at Tue Jan 10 09:20:58 CET 2023
