STARTING AT Tue Jan 10 09:29:47 CET 2023
Random seed: 1000
7 16
Reading dataset
Shuffling and extracting from dataset (length: 105092)
Shuffling and extraction done
Calculating power spectrum
Expansion coefficients done
Computing training kernel
     Calculating kernels for center species 79
     Calculating kernels for center species 79
Beginning first index add...
Beginning second index add...
Training kernel done
Computing test kernel
     Calculating kernels for center species 79
     Calculating kernels for center species 79
Beginning first index add...
Beginning second index add...
Test kernel done
Calculating composition features
Composition features done
-8.0 414.2779401068688
-7.8 434.22744550870067
-7.6 449.66178786201107
-7.4 460.99091779674575
-7.2 468.95071008255707
-7.0 474.3581302409338
-6.8 477.94350784941594
-6.6 480.282014297061
-6.4 481.79222429200695
-6.2 482.7645007669205
-6.0 483.39587613805804
-5.8 483.82206142388355
-5.6 484.1462800683735
-5.4 484.4707144917669
-5.199999999999999 484.9435845147116
-5.0 485.84625776146964
-4.8 487.7596591819885
-4.6 491.8479217899739
-4.4 500.20985186223453
-4.199999999999999 515.9601832318456
-4.0 542.3219435415344
-3.8 580.4073225186007
-3.5999999999999996 627.2346006905901
-3.3999999999999995 676.4580745970163
-3.1999999999999993 721.561055728711
-3.0 758.558313055402
-2.8 786.4754359455923
-2.5999999999999996 806.3178640565146
-2.3999999999999995 819.8519283644392
-2.1999999999999993 828.8321676808107
-2.0 834.683998904276
-1.7999999999999998 838.4528382708936
-1.5999999999999996 840.8619028626259
-1.3999999999999995 842.3942975470018
-1.1999999999999993 843.3658584757858
-1.0 843.9802905899636
-0.7999999999999998 844.36781229693
-0.5999999999999996 844.6111086112479
-0.39999999999999947 844.7623126427394
-0.1999999999999993 844.8539127413712
0.0 844.9056299850809
0.20000000000000107 844.9286287863372
0.40000000000000036 844.927927610245
0.5999999999999996 844.9035304395281
0.8000000000000007 844.8505647862509
1.0 844.7585718026162
1.200000000000001 844.6100717634566
1.4000000000000004 844.3787152710765
1.6000000000000014 844.0279085247143
1.8000000000000007 843.5119663108161
2.0 842.7833799436266
2.200000000000001 841.8099967099502
2.4000000000000004 840.600922146829
2.6000000000000014 839.227669448507
2.8000000000000007 837.8177798866227
3.0 836.512644216275
3.200000000000001 835.4152712452802
3.4000000000000004 834.5647708152918
3.6000000000000014 833.946278170963
3.8000000000000007 833.5170269439369
4.0 833.2286804916283
Result sigma optimization:  -8.0 414.2779401068688
E_max_2 =  500
Cutoff Radius =  6.0
Selected Radial Transform =  24.0
factor =  2.6
displacement =  0.0
dataset =  datasets/gold.xyz
n_train =  100
n_test =  2000
Train RMSE: 395.7672393018896 [Train MAE: 313.99103958507135]
Test RMSE: 375.45894945226246 [Test MAE: 292.6403456297042]
FINISHED at Tue Jan 10 09:30:05 CET 2023
