STARTING AT Tue Jan 10 09:33:21 CET 2023
Random seed: 1000
7 18
Reading dataset
Shuffling and extracting from dataset (length: 10000)
Shuffling and extraction done
Calculating power spectrum
Expansion coefficients done
Computing training kernel
     Calculating kernels for center species 1
     Calculating kernels for center species 1
Beginning first index add...
Beginning second index add...
     Calculating kernels for center species 6
     Calculating kernels for center species 6
Beginning first index add...
Beginning second index add...
Training kernel done
Computing test kernel
     Calculating kernels for center species 1
     Calculating kernels for center species 1
Beginning first index add...
Beginning second index add...
     Calculating kernels for center species 6
     Calculating kernels for center species 6
Beginning first index add...
Beginning second index add...
Test kernel done
Calculating composition features
Composition features done
-8.0 35.37792231322623
-7.8 35.37494926992839
-7.6 35.37028600403407
-7.4 35.36301465580528
-7.2 35.351779325894476
-7.0 35.3346573098623
-6.8 35.30909266467736
-6.6 35.27201745125229
-6.4 35.22030116019653
-6.2 35.151485811171526
-6.0 35.06430127193685
-5.8 34.958219980826044
-5.6 34.832309899375986
-5.4 34.68524669329995
-5.199999999999999 34.517612839234104
-5.0 34.33439975531279
-4.8 34.14431632770925
-4.6 33.955407891591115
-4.4 33.77067692469555
-4.199999999999999 33.587553940791004
-4.0 33.39997894195196
-3.8 33.199265549280895
-3.5999999999999996 32.9744313659747
-3.3999999999999995 32.715144368392
-3.1999999999999993 32.41669723296492
-3.0 32.08318959933631
-2.8 31.724510565682458
-2.5999999999999996 31.3475529396594
-2.3999999999999995 30.95133463110509
-2.1999999999999993 30.534245629196572
-2.0 30.108667529676016
-1.7999999999999998 29.71339084276286
-1.5999999999999996 29.419821597438254
-1.3999999999999995 29.333132529574538
-1.1999999999999993 29.59456231182884
-1.0 30.388073271744727
-0.7999999999999998 31.9347100321958
-0.5999999999999996 34.4491637143134
-0.39999999999999947 38.059983544606446
-0.1999999999999993 42.72729977644857
0.0 48.197574097108436
0.20000000000000107 54.02383499596413
0.40000000000000036 59.66584711138553
0.5999999999999996 64.64717638313456
0.8000000000000007 68.68853833971818
1.0 71.73993249439918
1.200000000000001 73.91619145127119
1.4000000000000004 75.40248448666328
1.6000000000000014 76.38416192242185
1.8000000000000007 77.01396323570712
2.0 77.40557746148845
2.200000000000001 77.63948183438073
2.4000000000000004 77.77177103780073
2.6000000000000014 77.84145735094418
2.8000000000000007 77.87510259823466
3.0 77.88972245306185
3.200000000000001 77.89523733577735
3.4000000000000004 77.89684018737182
3.6000000000000014 77.89697269364426
3.8000000000000007 77.89666675035846
4.0 77.89630738889666
Result sigma optimization:  -1.3999999999999995 29.333132529574538
E_max_2 =  600
Cutoff Radius =  6.0
Selected Radial Transform =  24.0
factor =  1.3
displacement =  0.0
dataset =  datasets/random-ch4-10k.extxyz
n_train =  100
n_test =  2000
Train RMSE: 22.40065209665297 [Train MAE: 17.00478820526625]
Test RMSE: 35.91681507269513 [Test MAE: 23.953595768390432]
FINISHED at Tue Jan 10 09:33:30 CET 2023
