STARTING AT Tue Jan 10 09:33:20 CET 2023
Random seed: 1000
7 16
Reading dataset
Shuffling and extracting from dataset (length: 10000)
Shuffling and extraction done
Calculating power spectrum
Expansion coefficients done
Computing training kernel
     Calculating kernels for center species 1
     Calculating kernels for center species 1
Beginning first index add...
Beginning second index add...
     Calculating kernels for center species 6
     Calculating kernels for center species 6
Beginning first index add...
Beginning second index add...
Training kernel done
Computing test kernel
     Calculating kernels for center species 1
     Calculating kernels for center species 1
Beginning first index add...
Beginning second index add...
     Calculating kernels for center species 6
     Calculating kernels for center species 6
Beginning first index add...
Beginning second index add...
Test kernel done
Calculating composition features
Composition features done
-8.0 34.98983405385265
-7.8 34.98846916108161
-7.6 34.98630853197312
-7.4 34.98289062553649
-7.2 34.97748974915392
-7.0 34.96897014058402
-6.8 34.95556713532171
-6.6 34.93457001482891
-6.4 34.901888152718676
-6.2 34.85151560774482
-6.0 34.774995422672596
-5.8 34.661143507993984
-5.6 34.496485390260354
-5.4 34.266945011765166
-5.199999999999999 33.96118653264894
-5.0 33.57571381271927
-4.8 33.12066781741221
-4.6 32.62147430394925
-4.4 32.109214971939245
-4.199999999999999 31.60220684265837
-4.0 31.09461719849544
-3.8 30.562799340302487
-3.5999999999999996 29.98455621308578
-3.3999999999999995 29.360911279805762
-3.1999999999999993 28.72933622372001
-3.0 28.158722629261703
-2.8 27.725890798151497
-2.5999999999999996 27.486424029637146
-2.3999999999999995 27.45993277326793
-2.1999999999999993 27.641595668942298
-2.0 28.027499406370005
-1.7999999999999998 28.625910455588993
-1.5999999999999996 29.440692510964276
-1.3999999999999995 30.44541972894047
-1.1999999999999993 31.589144073762647
-1.0 32.85621210816364
-0.7999999999999998 34.34579368446562
-0.5999999999999996 36.297069403103386
-0.39999999999999947 39.00953153542482
-0.1999999999999993 42.688644094902926
0.0 47.31323041401437
0.20000000000000107 52.59427937338907
0.40000000000000036 58.03761146799421
0.5999999999999996 63.10122019842516
0.8000000000000007 67.38128395562026
1.0 70.71274977585162
1.200000000000001 73.14108872318003
1.4000000000000004 74.82590400794274
1.6000000000000014 75.95315994835532
1.8000000000000007 76.68679124757183
2.0 77.15339025377469
2.200000000000001 77.44410138875337
2.4000000000000004 77.62202718795542
2.6000000000000014 77.7295679393095
2.8000000000000007 77.79424697177494
3.0 77.83324475598424
3.200000000000001 77.85693097626424
3.4000000000000004 77.87144616291542
3.6000000000000014 77.88041476390103
3.8000000000000007 77.88599276819558
4.0 77.88947868695817
Result sigma optimization:  -2.3999999999999995 27.45993277326793
E_max_2 =  500
Cutoff Radius =  6.0
Selected Radial Transform =  24.0
factor =  1.0
displacement =  0.0
dataset =  datasets/random-ch4-10k.extxyz
n_train =  100
n_test =  2000
Train RMSE: 12.367701539764282 [Train MAE: 10.111175801669315]
Test RMSE: 30.61716511371147 [Test MAE: 18.887875100905212]
FINISHED at Tue Jan 10 09:33:29 CET 2023
