STARTING AT Tue Jan 10 09:29:33 CET 2023
Random seed: 1000
6 14
Reading dataset
Shuffling and extracting from dataset (length: 105092)
Shuffling and extraction done
Calculating power spectrum
Expansion coefficients done
Computing training kernel
     Calculating kernels for center species 79
     Calculating kernels for center species 79
Beginning first index add...
Beginning second index add...
Training kernel done
Computing test kernel
     Calculating kernels for center species 79
     Calculating kernels for center species 79
Beginning first index add...
Beginning second index add...
Test kernel done
Calculating composition features
Composition features done
-8.0 204.72673163099194
-7.8 222.78846176343978
-7.6 246.35280122439772
-7.4 274.0094813430845
-7.2 303.44524912098683
-7.0 331.97052689062946
-6.8 357.2123435845708
-6.6 377.7434076659134
-6.4 393.2819943012494
-6.2 404.3972140868703
-6.0 412.02900482949883
-5.8 417.12295665798297
-5.6 420.45965567831234
-5.4 422.62011822948386
-5.199999999999999 424.01314330664746
-5.0 424.92039147315336
-4.8 425.5424594509607
-4.6 426.0462209928133
-4.4 426.62633649721175
-4.199999999999999 427.6089039212385
-4.0 429.6442680430955
-3.8 434.039266336702
-3.5999999999999996 443.1865710870831
-3.3999999999999995 460.71259734672765
-3.1999999999999993 490.48150450111586
-3.0 534.005081656123
-2.8 588.0414054038741
-2.5999999999999996 645.3264231199628
-2.3999999999999995 698.2188436580559
-2.1999999999999993 741.8937448854713
-2.0 775.0254940368256
-1.7999999999999998 798.6681757707635
-1.5999999999999996 814.8394422618192
-1.3999999999999995 825.5892747809955
-1.1999999999999993 832.6015947778782
-1.0 837.1190276570095
-0.7999999999999998 840.0040382004255
-0.5999999999999996 841.8332838427027
-0.39999999999999947 842.9829706761001
-0.1999999999999993 843.693824788233
0.0 844.1164725508135
0.20000000000000107 844.3414360126824
0.40000000000000036 844.4180178730946
0.5999999999999996 844.3655348834477
0.8000000000000007 844.179689723623
1.0 843.8368249756552
1.200000000000001 843.2995687283969
1.4000000000000004 842.5284516272374
1.6000000000000014 841.503139281173
1.8000000000000007 840.249827604812
2.0 838.8580358059099
2.200000000000001 837.4649398707104
2.4000000000000004 836.2071850306544
2.6000000000000014 835.1727273296723
2.8000000000000007 834.3851216579255
3.0 833.8199538991711
3.200000000000001 833.4314070342945
3.4000000000000004 833.1720841247242
3.6000000000000014 833.0024121864557
3.8000000000000007 832.8928361739058
4.0 832.8226655496627
Result sigma optimization:  -8.0 204.72673163099194
E_max_2 =  400
Cutoff Radius =  6.0
Selected Radial Transform =  24.0
factor =  2.1
displacement =  0.0
dataset =  datasets/gold.xyz
n_train =  100
n_test =  2000
Train RMSE: 184.8931196402035 [Train MAE: 151.43572916449367]
Test RMSE: 191.7680993508049 [Test MAE: 160.71308030722628]
FINISHED at Tue Jan 10 09:29:52 CET 2023
