STARTING AT Tue Jan 10 09:20:10 CET 2023
Random seed: 1000
5 11
Reading dataset
Shuffling and extracting from dataset (length: 133885)
Shuffling and extraction done
Calculating power spectrum
Expansion coefficients done
Computing training kernel
     Calculating kernels for center species 1
     Calculating kernels for center species 1
Beginning first index add...
Beginning second index add...
     Calculating kernels for center species 6
     Calculating kernels for center species 6
Beginning first index add...
Beginning second index add...
     Calculating kernels for center species 7
     Calculating kernels for center species 7
Beginning first index add...
Beginning second index add...
     Calculating kernels for center species 8
     Calculating kernels for center species 8
Beginning first index add...
Beginning second index add...
     Calculating kernels for center species 9
     Calculating kernels for center species 9
Beginning first index add...
Beginning second index add...
Training kernel done
Computing test kernel
     Calculating kernels for center species 1
     Calculating kernels for center species 1
Beginning first index add...
Beginning second index add...
     Calculating kernels for center species 6
     Calculating kernels for center species 6
Beginning first index add...
Beginning second index add...
     Calculating kernels for center species 7
     Calculating kernels for center species 7
Beginning first index add...
Beginning second index add...
     Calculating kernels for center species 8
     Calculating kernels for center species 8
Beginning first index add...
Beginning second index add...
     Calculating kernels for center species 9
     Calculating kernels for center species 9
Beginning first index add...
Beginning second index add...
Test kernel done
Calculating composition features
Composition features done
-8.0 12.977804313116653
-7.8 12.977804310305201
-7.6 12.977804305851977
-7.4 12.977804298791188
-7.2 12.977804287599959
-7.0 12.977804269867569
-6.8 12.977804241759001
-6.6 12.977804197214473
-6.4 12.977804126612481
-6.2 12.977804014720304
-6.0 12.977803837377824
-5.8 12.977803556313118
-5.6 12.977803110853637
-5.4 12.97780240484834
-5.199999999999999 12.977801285904725
-5.0 12.97779951250035
-4.8 12.97779670184324
-4.6 12.977792247256511
-4.4 12.977785187216192
-4.199999999999999 12.977773997823165
-4.0 12.977756263866922
-3.8 12.977728157535566
-3.5999999999999996 12.9776836122348
-3.3999999999999995 12.977613013293126
-3.1999999999999993 12.977501123009556
-3.0 12.97732379264658
-2.8 12.977042752525904
-2.5999999999999996 12.976597358210197
-2.3999999999999995 12.975891517627506
-2.1999999999999993 12.974772994596297
-2.0 12.973000668287309
-1.7999999999999998 12.97019281346726
-1.5999999999999996 12.965745622365556
-1.3999999999999995 12.958705543602855
-1.1999999999999993 12.9475714905304
-1.0 12.929995510926942
-0.7999999999999998 12.902351842214685
-0.5999999999999996 12.859180566155006
-0.39999999999999947 12.793950862325111
-0.1999999999999993 12.695802556527028
0.0 12.552947162979708
0.20000000000000107 12.379214725874778
0.40000000000000036 12.227095687739084
0.5999999999999996 12.117959854044352
0.8000000000000007 12.060127613210598
1.0 12.170438758639168
1.200000000000001 12.476140362029422
1.4000000000000004 12.792825708584262
1.6000000000000014 13.196880743430953
1.8000000000000007 13.641493709457368
2.0 14.039581334141143
2.200000000000001 14.4261629474329
2.4000000000000004 14.879710433392834
2.6000000000000014 15.493981590049248
2.8000000000000007 16.124125457259694
3.0 16.72766589707104
3.200000000000001 17.270842689670403
3.4000000000000004 17.70675040212872
3.6000000000000014 18.101063890921715
3.8000000000000007 18.425100716928654
4.0 18.689371454220623
Result sigma optimization:  0.8000000000000007 12.060127613210598
E_max_2 =  300
Cutoff Radius =  6.0
Selected Radial Transform =  24.0
factor =  0.2
displacement =  0.0
dataset =  datasets/qm9.xyz
n_train =  100
n_test =  2000
Train RMSE: 4.665010097721554 [Train MAE: 3.337441621244551]
Test RMSE: 18.305446253124657 [Test MAE: 13.078437145880294]
FINISHED at Tue Jan 10 09:20:45 CET 2023
