STARTING AT Tue Jan 10 09:33:15 CET 2023
Random seed: 1000
8 20
Reading dataset
Shuffling and extracting from dataset (length: 10000)
Shuffling and extraction done
Calculating power spectrum
Expansion coefficients done
Computing training kernel
     Calculating kernels for center species 1
     Calculating kernels for center species 1
Beginning first index add...
Beginning second index add...
     Calculating kernels for center species 6
     Calculating kernels for center species 6
Beginning first index add...
Beginning second index add...
Training kernel done
Computing test kernel
     Calculating kernels for center species 1
     Calculating kernels for center species 1
Beginning first index add...
Beginning second index add...
     Calculating kernels for center species 6
     Calculating kernels for center species 6
Beginning first index add...
Beginning second index add...
Test kernel done
Calculating composition features
Composition features done
-8.0 73.27378568781255
-7.8 73.27378519777936
-7.6 73.27378442114181
-7.4 73.27378319026143
-7.2 73.2737812394681
-7.0 73.27377814769554
-6.8 73.2737732476848
-6.6 73.27376548194374
-6.4 73.27375317470731
-6.2 73.27373367067445
-6.0 73.27370276292332
-5.8 73.27365378763277
-5.6 73.27357619260381
-5.4 73.27345327692294
-5.199999999999999 73.27325862942386
-5.0 73.27295053623008
-4.8 73.27246324599878
-4.6 73.27169344311187
-4.4 73.27047957634763
-4.199999999999999 73.2685709174734
-4.0 73.26558269490913
-3.8 73.26093402298484
-3.5999999999999996 73.25376730852922
-3.3999999999999995 73.24284981098225
-3.1999999999999993 73.22644918599858
-3.0 73.20212248714869
-2.8 73.16620460758138
-2.5999999999999996 73.11248871949738
-2.3999999999999995 73.02927303398694
-2.1999999999999993 72.8941562136212
-2.0 72.66783227892282
-1.7999999999999998 72.29192962792052
-1.5999999999999996 71.69801328318432
-1.3999999999999995 70.82948743444544
-1.1999999999999993 69.6681289710323
-1.0 68.25536342055048
-0.7999999999999998 66.70425701894646
-0.5999999999999996 65.193750517765
-0.39999999999999947 63.929296673272724
-0.1999999999999993 63.07097099084182
0.0 62.66325731522092
0.20000000000000107 62.61316199106241
0.40000000000000036 62.7399345987005
0.5999999999999996 62.87612508686689
0.8000000000000007 62.959566950153196
1.0 63.06043485083671
1.200000000000001 63.35074727085257
1.4000000000000004 64.04559084288452
1.6000000000000014 65.3036731598102
1.8000000000000007 67.1103143258842
2.0 69.24817664316069
2.200000000000001 71.40273760818789
2.4000000000000004 73.3091644936079
2.6000000000000014 74.83062689110439
2.8000000000000007 75.95004221879516
3.0 76.72102470393781
3.200000000000001 77.22188092195086
3.4000000000000004 77.52892792250017
3.6000000000000014 77.70595449591286
3.8000000000000007 77.80173755599714
4.0 77.85055338958338
Result sigma optimization:  0.20000000000000107 62.61316199106241
E_max_2 =  700
Cutoff Radius =  6.0
Selected Radial Transform =  24.0
factor =  0.5
displacement =  0.0
dataset =  datasets/random-ch4-10k.extxyz
n_train =  100
n_test =  2000
Train RMSE: 32.74895922004853 [Train MAE: 23.7190606281908]
Test RMSE: 50.54059112078322 [Test MAE: 29.935211704274828]
FINISHED at Tue Jan 10 09:33:22 CET 2023
