STARTING AT Tue Jan 10 09:29:30 CET 2023
Random seed: 1000
5 11
Reading dataset
Shuffling and extracting from dataset (length: 105092)
Shuffling and extraction done
Calculating power spectrum
Expansion coefficients done
Computing training kernel
     Calculating kernels for center species 79
     Calculating kernels for center species 79
Beginning first index add...
Beginning second index add...
Training kernel done
Computing test kernel
     Calculating kernels for center species 79
     Calculating kernels for center species 79
Beginning first index add...
Beginning second index add...
Test kernel done
Calculating composition features
Composition features done
-8.0 147.3629714803047
-7.8 147.0744698404323
-7.6 146.98462302446526
-7.4 147.06797942991744
-7.2 147.42633945732004
-7.0 148.19146749553545
-6.8 149.47626959218036
-6.6 151.3974692834983
-6.4 154.16030512698822
-6.2 158.1004837031016
-6.0 163.53128151392576
-5.8 170.44999185060516
-5.6 178.4616006385534
-5.4 187.1505399194116
-5.199999999999999 196.5789284445853
-5.0 207.34137416807891
-4.8 219.97076871806283
-4.6 234.1422844581181
-4.4 248.50880401362363
-4.199999999999999 261.4624934995219
-4.0 272.1097183123281
-3.8 280.6294263433207
-3.5999999999999996 287.93165288610516
-3.3999999999999995 295.1169973098291
-3.1999999999999993 303.229843857673
-3.0 313.31436183332505
-2.8 326.3436145389716
-2.5999999999999996 342.78024598198186
-2.3999999999999995 362.1337673215276
-2.1999999999999993 383.0204072651025
-2.0 403.714193832623
-1.7999999999999998 422.871267889028
-1.5999999999999996 440.222521576481
-1.3999999999999995 457.08477657609615
-1.1999999999999993 476.51505105573267
-1.0 502.72769779687513
-0.7999999999999998 539.1915495558784
-0.5999999999999996 585.8820095104592
-0.39999999999999947 638.1888940879771
-0.1999999999999993 689.1777490260046
0.0 733.1647423221431
0.20000000000000107 767.5683391148322
0.40000000000000036 792.5226219594448
0.5999999999999996 809.5809041577081
0.8000000000000007 820.639221154482
1.0 827.3922584169525
1.200000000000001 831.1846311251132
1.4000000000000004 833.0428241252547
1.6000000000000014 833.7380213413227
1.8000000000000007 833.8220311999662
2.0 833.6495971138827
2.200000000000001 833.414980096146
2.4000000000000004 833.2035718272574
2.6000000000000014 833.0406014340258
2.8000000000000007 832.9246911715827
3.0 832.8459791332897
3.200000000000001 832.793994594559
3.4000000000000004 832.7602443049202
3.6000000000000014 832.7385641581644
3.8000000000000007 832.7247298233083
4.0 832.715938760509
Result sigma optimization:  -7.6 146.98462302446526
E_max_2 =  300
Cutoff Radius =  6.0
Selected Radial Transform =  24.0
factor =  1.0
displacement =  0.0
dataset =  datasets/gold.xyz
n_train =  100
n_test =  2000
Train RMSE: 87.43885281780388 [Train MAE: 68.13858704438671]
Test RMSE: 148.90634221419722 [Test MAE: 108.77606104113039]
FINISHED at Tue Jan 10 09:29:50 CET 2023
