STARTING AT Tue Jan 10 09:29:32 CET 2023
Random seed: 1000
7 16
Reading dataset
Shuffling and extracting from dataset (length: 105092)
Shuffling and extraction done
Calculating power spectrum
Expansion coefficients done
Computing training kernel
     Calculating kernels for center species 79
     Calculating kernels for center species 79
Beginning first index add...
Beginning second index add...
Training kernel done
Computing test kernel
     Calculating kernels for center species 79
     Calculating kernels for center species 79
Beginning first index add...
Beginning second index add...
Test kernel done
Calculating composition features
Composition features done
-8.0 170.5683102423673
-7.8 177.15115147042474
-7.6 184.61020848936602
-7.4 192.1068030778896
-7.2 198.94549110620878
-7.0 204.73726430408163
-6.8 209.39478277534658
-6.6 213.00710129963727
-6.4 215.71438421491055
-6.2 217.6668489306909
-6.0 219.0573219944588
-5.8 220.18732387900874
-5.6 221.55937299677427
-5.4 223.99707035593727
-5.199999999999999 228.7345952829809
-5.0 237.2947165046892
-4.8 250.92448921732966
-4.6 269.7050939213283
-4.4 292.1044488830459
-4.199999999999999 315.6126713980371
-4.0 337.91893457063844
-3.8 357.594763807596
-3.5999999999999996 374.06892118624654
-3.3999999999999995 387.3362060245167
-3.1999999999999993 397.6964833590891
-3.0 405.57199996443325
-2.8 411.4198288007312
-2.5999999999999996 415.73063105912286
-2.3999999999999995 419.0783423740351
-2.1999999999999993 422.2334576065132
-2.0 426.40550361714867
-1.7999999999999998 433.64757186129344
-1.5999999999999996 447.23249927232445
-1.3999999999999995 471.3184649271094
-1.1999999999999993 509.0170632458352
-1.0 559.4697092234721
-0.7999999999999998 616.8763863897718
-0.5999999999999996 673.1743120496731
-0.39999999999999947 721.9304565262665
-0.1999999999999993 760.252830242691
0.0 788.2948822484888
0.20000000000000107 807.8027087612026
0.40000000000000036 820.9089097391168
0.5999999999999996 829.5036578625856
0.8000000000000007 835.0366936266402
1.0 838.5328696185869
1.200000000000001 840.6787700991944
1.4000000000000004 841.9140078539278
1.6000000000000014 842.505309850221
1.8000000000000007 842.6020142101902
2.0 842.2797321714711
2.200000000000001 841.5807555433154
2.4000000000000004 840.555322061499
2.6000000000000014 839.2955215675131
2.8000000000000007 837.9415142990583
3.0 836.6486814465245
3.200000000000001 835.5369956340987
3.4000000000000004 834.6612018194676
3.6000000000000014 834.0168578919386
3.8000000000000007 833.5660535766787
4.0 833.2615863125643
Result sigma optimization:  -8.0 170.5683102423673
E_max_2 =  500
Cutoff Radius =  6.0
Selected Radial Transform =  24.0
factor =  1.6
displacement =  0.0
dataset =  datasets/gold.xyz
n_train =  100
n_test =  2000
Train RMSE: 131.0721087550399 [Train MAE: 103.11699642480619]
Test RMSE: 158.0189723288433 [Test MAE: 126.40472957523767]
FINISHED at Tue Jan 10 09:29:51 CET 2023
