STARTING AT Tue Jan 10 09:29:51 CET 2023
Random seed: 1000
8 20
Reading dataset
Shuffling and extracting from dataset (length: 105092)
Shuffling and extraction done
Calculating power spectrum
Expansion coefficients done
Computing training kernel
     Calculating kernels for center species 79
     Calculating kernels for center species 79
Beginning first index add...
Beginning second index add...
Training kernel done
Computing test kernel
     Calculating kernels for center species 79
     Calculating kernels for center species 79
Beginning first index add...
Beginning second index add...
Test kernel done
Calculating composition features
Composition features done
-8.0 160.52823347636158
-7.8 160.52597306272784
-7.6 160.52239267288604
-7.4 160.51672337176495
-7.2 160.5077513562556
-7.0 160.4935647313268
-6.8 160.47116305759286
-6.6 160.43586470047188
-6.4 160.3804312498171
-6.2 160.29383231434284
-6.0 160.1596402262279
-5.8 159.95425870572242
-5.6 159.64565873269922
-5.4 159.19397716340316
-5.199999999999999 158.55555258713596
-5.0 157.69014274563753
-4.8 156.5669094902195
-4.6 155.1639499746338
-4.4 153.46495869145093
-4.199999999999999 151.46347550609144
-4.0 149.1731360772045
-3.8 146.63185157271977
-3.5999999999999996 143.9098483482857
-3.3999999999999995 141.14925076740622
-3.1999999999999993 138.6194603619866
-3.0 136.72168180217653
-2.8 135.91582698266942
-2.5999999999999996 136.62286818256166
-2.3999999999999995 139.15149073201172
-2.1999999999999993 143.6442639984142
-2.0 150.0325757001275
-1.7999999999999998 158.0039251294705
-1.5999999999999996 166.9812333965501
-1.3999999999999995 176.14410546685014
-1.1999999999999993 184.57276803058318
-1.0 191.537429702018
-0.7999999999999998 196.79275721286183
-0.5999999999999996 200.68285127231545
-0.39999999999999947 204.02529125559926
-0.1999999999999993 207.91737403523857
0.0 213.57437835184402
0.20000000000000107 222.1476222503319
0.40000000000000036 234.39954340237125
0.5999999999999996 250.28196946759147
0.8000000000000007 268.8091002113346
1.0 288.6320508156534
1.200000000000001 309.08538818424194
1.4000000000000004 330.92393629430865
1.6000000000000014 356.1426407995141
1.8000000000000007 386.8125188542034
2.0 423.5833906698488
2.200000000000001 465.2166557866097
2.4000000000000004 509.7878809635528
2.6000000000000014 556.067178479716
2.8000000000000007 603.2402555233563
3.0 649.5525593405462
3.200000000000001 692.064770426317
3.4000000000000004 728.0203342147797
3.6000000000000014 756.1902996596293
3.8000000000000007 777.0346753315638
4.0 792.0210136547754
Result sigma optimization:  -2.8 135.91582698266942
E_max_2 =  700
Cutoff Radius =  6.0
Selected Radial Transform =  25.0
factor =  0.3
displacement =  0.0
dataset =  datasets/gold.xyz
n_train =  100
n_test =  2000
Train RMSE: 20.17998896812 [Train MAE: 13.42538307134637]
Test RMSE: 152.809746235861 [Test MAE: 106.00363120598664]
FINISHED at Tue Jan 10 09:30:12 CET 2023
