STARTING AT Tue Jan 10 09:33:24 CET 2023
Random seed: 1000
8 20
Reading dataset
Shuffling and extracting from dataset (length: 10000)
Shuffling and extraction done
Calculating power spectrum
Expansion coefficients done
Computing training kernel
     Calculating kernels for center species 1
     Calculating kernels for center species 1
Beginning first index add...
Beginning second index add...
     Calculating kernels for center species 6
     Calculating kernels for center species 6
Beginning first index add...
Beginning second index add...
Training kernel done
Computing test kernel
     Calculating kernels for center species 1
     Calculating kernels for center species 1
Beginning first index add...
Beginning second index add...
     Calculating kernels for center species 6
     Calculating kernels for center species 6
Beginning first index add...
Beginning second index add...
Test kernel done
Calculating composition features
Composition features done
-8.0 93.16357159898865
-7.8 93.16356469129234
-7.6 93.1635537446743
-7.4 93.16353639437843
-7.2 93.16350889784582
-7.0 93.16346531996847
-6.8 93.16339625226482
-6.6 93.1632867889468
-6.4 93.16311330752657
-6.2 93.16283837135127
-6.0 93.16240265239887
-5.8 93.16171216356848
-5.6 93.16061800759383
-5.4 93.15888436998371
-5.199999999999999 93.15613795332338
-5.0 93.15178822758773
-4.8 93.14490202268131
-4.6 93.13400727943329
-4.4 93.11678820012996
-4.199999999999999 93.08961739946298
-4.0 93.04685195121944
-3.8 92.97980829197915
-3.5999999999999996 92.87535135384287
-3.3999999999999995 92.7141445447828
-3.1999999999999993 92.46891696285473
-3.0 92.10373679647289
-2.8 91.57616395681823
-2.5999999999999996 90.84449289649136
-2.3999999999999995 89.88019114494107
-2.1999999999999993 88.67991911465018
-2.0 87.26665468996715
-1.7999999999999998 85.67471443349714
-1.5999999999999996 83.92699612302678
-1.3999999999999995 82.0173099740861
-1.1999999999999993 79.90749185692121
-1.0 77.55845805149941
-0.7999999999999998 75.00527732732871
-0.5999999999999996 72.42049420534917
-0.39999999999999947 70.08010851469244
-0.1999999999999993 68.2354367220053
0.0 66.99378067706253
0.20000000000000107 66.29633865676298
0.40000000000000036 65.98943287354409
0.5999999999999996 65.93009759692005
0.8000000000000007 66.06413609887721
1.0 66.42433364065897
1.200000000000001 67.05175877828208
1.4000000000000004 67.91980197311344
1.6000000000000014 68.92669857296298
1.8000000000000007 69.93841205520259
2.0 70.83497579545146
2.200000000000001 71.54377966996783
2.4000000000000004 72.0600987974899
2.6000000000000014 72.4493583432349
2.8000000000000007 72.82201989201567
3.0 73.28160744648223
3.200000000000001 73.86849963212568
3.4000000000000004 74.53893915197486
3.6000000000000014 75.19871328792496
3.8000000000000007 75.76171905176813
4.0 76.18634648650249
Result sigma optimization:  0.5999999999999996 65.93009759692005
E_max_2 =  700
Cutoff Radius =  6.0
Selected Radial Transform =  25.0
factor =  0.1
displacement =  0.0
dataset =  datasets/random-ch4-10k.extxyz
n_train =  100
n_test =  2000
Train RMSE: 43.41657366493418 [Train MAE: 26.186331070712058]
Test RMSE: 75.95545579810138 [Test MAE: 40.521090194955555]
FINISHED at Tue Jan 10 09:33:31 CET 2023
