STARTING AT Tue Jan 10 09:21:50 CET 2023
Random seed: 1000
8 20
Reading dataset
Shuffling and extracting from dataset (length: 133885)
Shuffling and extraction done
Calculating power spectrum
Expansion coefficients done
Computing training kernel
     Calculating kernels for center species 1
     Calculating kernels for center species 1
Beginning first index add...
Beginning second index add...
     Calculating kernels for center species 6
     Calculating kernels for center species 6
Beginning first index add...
Beginning second index add...
     Calculating kernels for center species 7
     Calculating kernels for center species 7
Beginning first index add...
Beginning second index add...
     Calculating kernels for center species 8
     Calculating kernels for center species 8
Beginning first index add...
Beginning second index add...
     Calculating kernels for center species 9
     Calculating kernels for center species 9
Beginning first index add...
Beginning second index add...
Training kernel done
Computing test kernel
     Calculating kernels for center species 1
     Calculating kernels for center species 1
Beginning first index add...
Beginning second index add...
     Calculating kernels for center species 6
     Calculating kernels for center species 6
Beginning first index add...
Beginning second index add...
     Calculating kernels for center species 7
     Calculating kernels for center species 7
Beginning first index add...
Beginning second index add...
     Calculating kernels for center species 8
     Calculating kernels for center species 8
Beginning first index add...
Beginning second index add...
     Calculating kernels for center species 9
     Calculating kernels for center species 9
Beginning first index add...
Beginning second index add...
Test kernel done
Calculating composition features
Composition features done
-8.0 6.161891490332782
-7.8 6.161882123053074
-7.6 6.161867017997428
-7.4 6.161842551091686
-7.2 6.161802407745272
-7.0 6.161735530672595
-6.8 6.161621815273538
-6.6 6.161891592454631
-6.4 6.162537238704972
-6.2 6.164127402175218
-6.0 6.1658704632567245
-5.8 6.184464679539669
-5.6 6.21010886925389
-5.4 6.2467818222782805
-5.199999999999999 6.287076086319867
-5.0 6.351397467479692
-4.8 6.428339165601646
-4.6 6.527526032884489
-4.4 6.645560198374442
-4.199999999999999 6.7705012009287024
-4.0 6.931096732539008
-3.8 7.124913739921758
-3.5999999999999996 7.339836764742795
-3.3999999999999995 7.647664828296984
-3.1999999999999993 8.03617263785738
-3.0 8.461170245073736
-2.8 9.045365041846962
-2.5999999999999996 9.724308430175151
-2.3999999999999995 10.404649278071883
-2.1999999999999993 11.168926670256406
-2.0 11.98074613536075
-1.7999999999999998 13.08344389497357
-1.5999999999999996 14.223277359927305
-1.3999999999999995 15.31225367073026
-1.1999999999999993 16.356701958597476
-1.0 17.200707792587192
-0.7999999999999998 17.870742913416652
-0.5999999999999996 18.38727667159714
-0.39999999999999947 18.755582659295765
-0.1999999999999993 19.029798558249194
0.0 19.348926015245034
0.20000000000000107 19.583674279552824
0.40000000000000036 19.783477848436426
0.5999999999999996 19.910266761959907
0.8000000000000007 19.97356164569695
1.0 19.99266709194881
1.200000000000001 19.965085467045707
1.4000000000000004 19.90320489981065
1.6000000000000014 19.8214209039905
1.8000000000000007 19.733914689282624
2.0 19.65200496365439
2.200000000000001 19.582127756325853
2.4000000000000004 19.52571357250665
2.6000000000000014 19.480631043264058
2.8000000000000007 19.443054872093896
3.0 19.40898441669221
3.200000000000001 19.375313216975464
3.4000000000000004 19.340582671437772
3.6000000000000014 19.30530726971728
3.8000000000000007 19.27153934602748
4.0 19.241704131367083
Result sigma optimization:  -6.8 6.161621815273538
E_max_2 =  700
Cutoff Radius =  6.0
Selected Radial Transform =  25.0
factor =  2.4
displacement =  0.0
dataset =  datasets/qm9.xyz
n_train =  100
n_test =  2000
Train RMSE: 0.034234392022336434 [Train MAE: 0.026107035499242454]
Test RMSE: 9.134556122625087 [Test MAE: 6.129485945498082]
FINISHED at Tue Jan 10 09:22:33 CET 2023
