STARTING AT Tue Jan 10 09:30:05 CET 2023
Random seed: 1000
8 20
Reading dataset
Shuffling and extracting from dataset (length: 105092)
Shuffling and extraction done
Calculating power spectrum
Expansion coefficients done
Computing training kernel
     Calculating kernels for center species 79
     Calculating kernels for center species 79
Beginning first index add...
Beginning second index add...
Training kernel done
Computing test kernel
     Calculating kernels for center species 79
     Calculating kernels for center species 79
Beginning first index add...
Beginning second index add...
Test kernel done
Calculating composition features
Composition features done
-8.0 166.1351233684303
-7.8 169.00926049060934
-7.6 172.4593986447324
-7.4 176.49551236245696
-7.2 181.22743517948555
-7.0 186.62780023189117
-6.8 192.32495423783288
-6.6 197.7104399059495
-6.4 202.25787902118762
-6.2 205.72878926729737
-6.0 208.15721522691567
-5.8 209.74188265596482
-5.6 210.77751318515942
-5.4 211.66548092077406
-5.199999999999999 212.98864199271324
-5.0 215.6101257224664
-4.8 220.712387376755
-4.6 229.63129293124757
-4.4 243.38463451940922
-4.199999999999999 262.07994462484265
-4.0 284.6313665684073
-3.8 308.99759494446386
-3.5999999999999996 332.79747091551707
-3.3999999999999995 354.0311743099949
-3.1999999999999993 371.5815379589354
-3.0 385.2740032836545
-2.8 395.5678194894048
-2.5999999999999996 403.151541322363
-2.3999999999999995 408.67917044464076
-2.1999999999999993 412.7079127093021
-2.0 415.7635428345968
-1.7999999999999998 418.4685132703578
-1.5999999999999996 421.7542419734123
-1.3999999999999995 427.2165830994725
-1.1999999999999993 437.5594102650694
-1.0 456.68406440328965
-0.7999999999999998 488.5036474415801
-0.5999999999999996 534.1795994114165
-0.39999999999999947 589.8922638131253
-0.1999999999999993 648.0160060600626
0.0 700.9718577045531
0.20000000000000107 744.2480391044849
0.40000000000000036 776.8271775330666
0.5999999999999996 799.948890072191
0.8000000000000007 815.7017431805316
1.0 826.1403661102842
1.200000000000001 832.926269299242
1.4000000000000004 837.2731606065865
1.6000000000000014 840.0154996343281
1.8000000000000007 841.7035588320712
2.0 842.686707247023
2.200000000000001 843.1755950886899
2.4000000000000004 843.2855612817664
2.6000000000000014 843.0676629311685
2.8000000000000007 842.5351542772993
3.0 841.69269434531
3.200000000000001 840.57009663805
3.4000000000000004 839.2497471718522
3.6000000000000014 837.8660680453629
3.8000000000000007 836.5674712038783
4.0 835.4648209156651
Result sigma optimization:  -8.0 166.1351233684303
E_max_2 =  700
Cutoff Radius =  6.0
Selected Radial Transform =  25.0
factor =  1.7
displacement =  0.0
dataset =  datasets/gold.xyz
n_train =  100
n_test =  2000
Train RMSE: 119.15075950682535 [Train MAE: 94.1271084667795]
Test RMSE: 161.65265412254405 [Test MAE: 128.42773640909235]
FINISHED at Tue Jan 10 09:30:23 CET 2023
