STARTING AT Tue Jan 10 09:21:48 CET 2023
Random seed: 1000
5 11
Reading dataset
Shuffling and extracting from dataset (length: 133885)
Shuffling and extraction done
Calculating power spectrum
Expansion coefficients done
Computing training kernel
     Calculating kernels for center species 1
     Calculating kernels for center species 1
Beginning first index add...
Beginning second index add...
     Calculating kernels for center species 6
     Calculating kernels for center species 6
Beginning first index add...
Beginning second index add...
     Calculating kernels for center species 7
     Calculating kernels for center species 7
Beginning first index add...
Beginning second index add...
     Calculating kernels for center species 8
     Calculating kernels for center species 8
Beginning first index add...
Beginning second index add...
     Calculating kernels for center species 9
     Calculating kernels for center species 9
Beginning first index add...
Beginning second index add...
Training kernel done
Computing test kernel
     Calculating kernels for center species 1
     Calculating kernels for center species 1
Beginning first index add...
Beginning second index add...
     Calculating kernels for center species 6
     Calculating kernels for center species 6
Beginning first index add...
Beginning second index add...
     Calculating kernels for center species 7
     Calculating kernels for center species 7
Beginning first index add...
Beginning second index add...
     Calculating kernels for center species 8
     Calculating kernels for center species 8
Beginning first index add...
Beginning second index add...
     Calculating kernels for center species 9
     Calculating kernels for center species 9
Beginning first index add...
Beginning second index add...
Test kernel done
Calculating composition features
Composition features done
-8.0 5.371025516988593
-7.8 5.395061086777714
-7.6 5.459617205910035
-7.4 5.601049192543724
-7.2 5.762543329733307
-7.0 5.970104433186353
-6.8 6.188991807934363
-6.6 6.401188572008396
-6.4 6.714006288783276
-6.2 7.057021153965033
-6.0 7.4531458326254505
-5.8 7.850665037805447
-5.6 8.245578558463603
-5.4 8.656866629894358
-5.199999999999999 9.055791944139346
-5.0 9.496907932340982
-4.8 10.12242910996545
-4.6 10.828269863196475
-4.4 11.641379963591753
-4.199999999999999 12.546278513586149
-4.0 13.660570718334565
-3.8 14.838482073365086
-3.5999999999999996 15.907315071514914
-3.3999999999999995 16.855636644253718
-3.1999999999999993 17.612011926460827
-3.0 18.223513111952844
-2.8 18.665565227044517
-2.5999999999999996 18.966147166322386
-2.3999999999999995 19.17465086033659
-2.1999999999999993 19.36687424647128
-2.0 19.582245974326824
-1.7999999999999998 19.74354672820361
-1.5999999999999996 19.881233020489802
-1.3999999999999995 19.954953372645708
-1.1999999999999993 19.980787380141685
-1.0 19.968402141734952
-0.7999999999999998 19.91750930708182
-0.5999999999999996 19.841966892153053
-0.39999999999999947 19.756242777192504
-0.1999999999999993 19.672823448308566
0.0 19.599765504323585
0.20000000000000107 19.53995735100723
0.40000000000000036 19.492195183710706
0.5999999999999996 19.453030458942738
0.8000000000000007 19.418427236843414
1.0 19.384953043802945
1.200000000000001 19.35062489146006
1.4000000000000004 19.31539527157691
1.6000000000000014 19.280967407567047
1.8000000000000007 19.249797996123217
2.0 19.223825565896536
2.200000000000001 19.20375675411075
2.4000000000000004 19.189170693335836
2.6000000000000014 19.179044667188418
2.8000000000000007 19.172239386700813
3.0 19.167765737402508
3.200000000000001 19.16486758269962
3.4000000000000004 19.163007887157328
3.6000000000000014 19.16182185330345
3.8000000000000007 19.161068412674187
4.0 19.16059097411808
Result sigma optimization:  -8.0 5.371025516988593
E_max_2 =  300
Cutoff Radius =  6.0
Selected Radial Transform =  25.0
factor =  2.4
displacement =  0.0
dataset =  datasets/qm9.xyz
n_train =  100
n_test =  2000
Train RMSE: 0.6701510605494988 [Train MAE: 0.5222895460804279]
Test RMSE: 15.42677798003415 [Test MAE: 7.89239445987366]
FINISHED at Tue Jan 10 09:22:25 CET 2023
