STARTING AT Tue Jan 10 09:33:32 CET 2023
Random seed: 1000
6 14
Reading dataset
Shuffling and extracting from dataset (length: 10000)
Shuffling and extraction done
Calculating power spectrum
Expansion coefficients done
Computing training kernel
     Calculating kernels for center species 1
     Calculating kernels for center species 1
Beginning first index add...
Beginning second index add...
     Calculating kernels for center species 6
     Calculating kernels for center species 6
Beginning first index add...
Beginning second index add...
Training kernel done
Computing test kernel
     Calculating kernels for center species 1
     Calculating kernels for center species 1
Beginning first index add...
Beginning second index add...
     Calculating kernels for center species 6
     Calculating kernels for center species 6
Beginning first index add...
Beginning second index add...
Test kernel done
Calculating composition features
Composition features done
-8.0 42.835432068261404
-7.8 40.732465238906265
-7.6 39.39373196071764
-7.4 38.56751444636561
-7.2 38.08382376924684
-7.0 37.788079755177236
-6.8 37.492369541681825
-6.6 36.997538785419074
-6.4 36.141654416386025
-6.2 34.833158060066246
-6.0 33.06965401058397
-5.8 30.947111747692308
-5.6 28.647669318611506
-5.4 26.395641799567287
-5.199999999999999 24.395020287702682
-5.0 22.782690130930014
-4.8 21.6215898557974
-4.6 20.925089273455445
-4.4 20.686127850859588
-4.199999999999999 20.89312589107097
-4.0 21.525739414290413
-3.8 22.53228603927383
-3.5999999999999996 23.80906260920419
-3.3999999999999995 25.21127016607368
-3.1999999999999993 26.602757345523983
-3.0 27.920479051251046
-2.8 29.22538412667014
-2.5999999999999996 30.726578191698195
-2.3999999999999995 32.76391907243808
-2.1999999999999993 35.708732821712815
-2.0 39.76529028354102
-1.7999999999999998 44.791342187334195
-1.5999999999999996 50.32311771335063
-1.3999999999999995 55.801098408052844
-1.1999999999999993 60.798332768860995
-1.0 65.09976407199218
-0.7999999999999998 68.64729068874688
-0.5999999999999996 71.4592266492492
-0.39999999999999947 73.59405943853717
-0.1999999999999993 75.14385711272888
0.0 76.2226106958734
0.20000000000000107 76.94561845638633
0.40000000000000036 77.41259396515262
0.5999999999999996 77.70086041809536
0.8000000000000007 77.86666852907418
1.0 77.9502841579377
1.200000000000001 77.98128409033264
1.4000000000000004 77.98194198622487
1.6000000000000014 77.96840382528211
1.8000000000000007 77.95098978620615
2.0 77.9350398272174
2.200000000000001 77.92247043251834
2.4000000000000004 77.91336777701132
2.6000000000000014 77.90710530251334
2.8000000000000007 77.90293241373321
3.0 77.90020726276687
3.200000000000001 77.89845002138739
3.4000000000000004 77.89732595673087
3.6000000000000014 77.89661054977496
3.8000000000000007 77.8961566840764
4.0 77.89586932451962
Result sigma optimization:  -4.4 20.686127850859588
E_max_2 =  400
Cutoff Radius =  6.0
Selected Radial Transform =  25.0
factor =  1.8
displacement =  0.0
dataset =  datasets/random-ch4-10k.extxyz
n_train =  100
n_test =  2000
Train RMSE: 10.49685177752296 [Train MAE: 8.537833833450383]
Test RMSE: 25.648854756465287 [Test MAE: 15.064934995723467]
FINISHED at Tue Jan 10 09:33:38 CET 2023
