STARTING AT Tue Jan 10 09:33:30 CET 2023
Random seed: 1000
7 16
Reading dataset
Shuffling and extracting from dataset (length: 10000)
Shuffling and extraction done
Calculating power spectrum
Expansion coefficients done
Computing training kernel
     Calculating kernels for center species 1
     Calculating kernels for center species 1
Beginning first index add...
Beginning second index add...
     Calculating kernels for center species 6
     Calculating kernels for center species 6
Beginning first index add...
Beginning second index add...
Training kernel done
Computing test kernel
     Calculating kernels for center species 1
     Calculating kernels for center species 1
Beginning first index add...
Beginning second index add...
     Calculating kernels for center species 6
     Calculating kernels for center species 6
Beginning first index add...
Beginning second index add...
Test kernel done
Calculating composition features
Composition features done
-8.0 29.171565904076743
-7.8 29.171355562081644
-7.6 29.171022258916775
-7.4 29.170494175797625
-7.2 29.16965763909723
-7.0 29.1683328683076
-6.8 29.166235882185788
-6.6 29.162918981578297
-6.4 29.15767855066624
-6.2 29.14941419427533
-6.0 29.136418358237307
-5.8 29.116073902875648
-5.6 29.0844476202511
-5.4 29.035810369714593
-5.199999999999999 28.962224042923072
-5.0 28.85354532242697
-4.8 28.698454706320256
-4.6 28.487098920225385
-4.4 28.21494963740453
-4.199999999999999 27.88533519359025
-4.0 27.5070963597575
-3.8 27.08791597104821
-3.5999999999999996 26.63090387394915
-3.3999999999999995 26.141493965677608
-3.1999999999999993 25.64129604783573
-3.0 25.177735988017705
-2.8 24.820487919182167
-2.5999999999999996 24.64338847489541
-2.3999999999999995 24.69912361589106
-2.1999999999999993 24.999684750760345
-2.0 25.51294261752182
-1.7999999999999998 26.175687376298022
-1.5999999999999996 26.916023496552015
-1.3999999999999995 27.679606586251253
-1.1999999999999993 28.463097068839474
-1.0 29.362818430001166
-0.7999999999999998 30.62928800937377
-0.5999999999999996 32.6749971534502
-0.39999999999999947 35.9494351289675
-0.1999999999999993 40.6709115853734
0.0 46.5988674827809
0.20000000000000107 53.06968447662365
0.40000000000000036 59.283733138743635
0.5999999999999996 64.62578617751427
0.8000000000000007 68.82047438089434
1.0 71.8913743253388
1.200000000000001 74.02650360471131
1.4000000000000004 75.45688467749035
1.6000000000000014 76.38896560757678
1.8000000000000007 76.98236102574515
2.0 77.35157059926425
2.200000000000001 77.57578141400417
2.4000000000000004 77.70874528275893
2.6000000000000014 77.7861651793258
2.8000000000000007 77.8308769865479
3.0 77.85678336481912
3.200000000000001 77.87197246899616
3.4000000000000004 77.88101822318795
3.6000000000000014 77.88648851156533
3.8000000000000007 77.88983913048777
4.0 77.89191131278105
Result sigma optimization:  -2.5999999999999996 24.64338847489541
E_max_2 =  500
Cutoff Radius =  6.0
Selected Radial Transform =  25.0
factor =  0.7
displacement =  0.0
dataset =  datasets/random-ch4-10k.extxyz
n_train =  100
n_test =  2000
Train RMSE: 6.915117545195415 [Train MAE: 5.44782077740498]
Test RMSE: 24.04358057729685 [Test MAE: 14.467348539903028]
FINISHED at Tue Jan 10 09:33:38 CET 2023
