STARTING AT Tue Jan 10 09:33:29 CET 2023
Random seed: 1000
8 20
Reading dataset
Shuffling and extracting from dataset (length: 10000)
Shuffling and extraction done
Calculating power spectrum
Expansion coefficients done
Computing training kernel
     Calculating kernels for center species 1
     Calculating kernels for center species 1
Beginning first index add...
Beginning second index add...
     Calculating kernels for center species 6
     Calculating kernels for center species 6
Beginning first index add...
Beginning second index add...
Training kernel done
Computing test kernel
     Calculating kernels for center species 1
     Calculating kernels for center species 1
Beginning first index add...
Beginning second index add...
     Calculating kernels for center species 6
     Calculating kernels for center species 6
Beginning first index add...
Beginning second index add...
Test kernel done
Calculating composition features
Composition features done
-8.0 38.87529801308662
-7.8 38.8752979459412
-7.6 38.875297839517614
-7.4 38.8752976708606
-7.2 38.87529740357025
-7.0 38.8752969799896
-6.8 38.87529630876356
-6.6 38.87529524521268
-6.4 38.87529356028182
-6.2 38.87529089155525
-6.0 38.8752866661983
-5.8 38.87527998022023
-5.6 38.8752694107144
-5.4 38.87525272703457
-5.199999999999999 38.87522645538216
-5.0 38.87518524420071
-4.8 38.875120996539295
-4.6 38.87502183744456
-4.4 38.874871318938254
-4.199999999999999 38.874649201638995
-4.0 38.87433754538187
-3.8 38.873941514073785
-3.5999999999999996 38.87354662098118
-3.3999999999999995 38.87345764226485
-3.1999999999999993 38.87449977189192
-3.0 38.87858985837541
-2.8 38.889637006311254
-2.5999999999999996 38.91460018647466
-2.3999999999999995 38.96409610614675
-2.1999999999999993 39.05153678362556
-2.0 39.189778350078015
-1.7999999999999998 39.38534061294745
-1.5999999999999996 39.633352295631134
-1.3999999999999995 39.919868138584405
-1.1999999999999993 40.236406635870374
-1.0 40.60305271542524
-0.7999999999999998 41.086730988268236
-0.5999999999999996 41.794698244852576
-0.39999999999999947 42.83037304700333
-0.1999999999999993 44.228399123726994
0.0 45.91410658920352
0.20000000000000107 47.723835620132135
0.40000000000000036 49.482680356718994
0.5999999999999996 51.1017250476594
0.8000000000000007 52.643823757514205
1.0 54.31664462611057
1.200000000000001 56.38523382648458
1.4000000000000004 59.025345044378476
1.6000000000000014 62.18256928924221
1.8000000000000007 65.55757290310711
2.0 68.75688860799771
2.200000000000001 71.47924936947649
2.4000000000000004 73.59894397041198
2.6000000000000014 75.13781940218702
2.8000000000000007 76.19476852083689
3.0 76.8873501018796
3.200000000000001 77.32119615540459
3.4000000000000004 77.5804055087258
3.6000000000000014 77.7277844989461
3.8000000000000007 77.80774997853909
4.0 77.8495973979689
Result sigma optimization:  -3.3999999999999995 38.87345764226485
E_max_2 =  700
Cutoff Radius =  6.0
Selected Radial Transform =  25.0
factor =  0.4
displacement =  0.0
dataset =  datasets/random-ch4-10k.extxyz
n_train =  100
n_test =  2000
Train RMSE: 0.21129611317412775 [Train MAE: 0.15099823075108845]
Test RMSE: 28.286154558942897 [Test MAE: 15.41263921353062]
FINISHED at Tue Jan 10 09:33:40 CET 2023
