STARTING AT Tue Jan 10 09:29:50 CET 2023
Random seed: 1000
5 11
Reading dataset
Shuffling and extracting from dataset (length: 105092)
Shuffling and extraction done
Calculating power spectrum
Expansion coefficients done
Computing training kernel
     Calculating kernels for center species 79
     Calculating kernels for center species 79
Beginning first index add...
Beginning second index add...
Training kernel done
Computing test kernel
     Calculating kernels for center species 79
     Calculating kernels for center species 79
Beginning first index add...
Beginning second index add...
Test kernel done
Calculating composition features
Composition features done
-8.0 875.6402291938554
-7.8 811.0169775344476
-7.6 746.9156824131177
-7.4 685.2336196000265
-7.2 627.4541687223375
-7.0 574.4923418823851
-6.8 527.1182229332983
-6.6 486.49454427110004
-6.4 453.6441364926356
-6.2 428.1529267860833
-6.0 408.12973315533753
-5.8 391.86396733864956
-5.6 379.0403552758286
-5.4 370.2878923515276
-5.199999999999999 366.0878560063962
-5.0 366.3004690724926
-4.8 370.5607366133997
-4.6 379.08382017262903
-4.4 392.98185936422215
-4.199999999999999 413.2371647336821
-4.0 438.78879419227616
-3.8 465.632308170598
-3.5999999999999996 488.05186186263956
-3.3999999999999995 500.9980475026162
-3.1999999999999993 501.9803668805814
-3.0 491.64284621665007
-2.8 473.02291838398384
-2.5999999999999996 449.9843417051143
-2.3999999999999995 425.6785014052889
-2.1999999999999993 401.95841268184375
-2.0 380.0022255445915
-1.7999999999999998 361.32155149819397
-1.5999999999999996 347.9177779949749
-1.3999999999999995 341.2235966871325
-1.1999999999999993 340.91315888762915
-1.0 344.9342610695642
-0.7999999999999998 350.71650794446435
-0.5999999999999996 356.4000443087078
-0.39999999999999947 361.302648316023
-0.1999999999999993 365.6737073925267
0.0 370.1848443533793
0.20000000000000107 375.5527715768355
0.40000000000000036 382.4047920855452
0.5999999999999996 391.2659788300102
0.8000000000000007 402.5048622662499
1.0 416.17363886545013
1.200000000000001 431.89755278682884
1.4000000000000004 449.0432038751835
1.6000000000000014 467.05214253779815
1.8000000000000007 485.6127921121937
2.0 504.62038975453794
2.200000000000001 523.9993818317377
2.4000000000000004 543.413470565563
2.6000000000000014 562.1355789300477
2.8000000000000007 579.3535021512985
3.0 594.6943432283018
3.200000000000001 608.5877038055058
3.4000000000000004 622.3273674014529
3.6000000000000014 637.6916419071796
3.8000000000000007 655.9806245076385
4.0 676.9446720179418
Result sigma optimization:  -1.1999999999999993 340.91315888762915
E_max_2 =  300
Cutoff Radius =  6.0
Selected Radial Transform =  25.0
factor =  0.1
displacement =  0.0
dataset =  datasets/gold.xyz
n_train =  100
n_test =  2000
Train RMSE: 263.93189325488686 [Train MAE: 154.7128373541913]
Test RMSE: 324.48617522197316 [Test MAE: 226.43422895203074]
FINISHED at Tue Jan 10 09:30:09 CET 2023
