STARTING AT Tue Jan 10 09:33:41 CET 2023
Random seed: 1000
8 20
Reading dataset
Shuffling and extracting from dataset (length: 10000)
Shuffling and extraction done
Calculating power spectrum
Expansion coefficients done
Computing training kernel
     Calculating kernels for center species 1
     Calculating kernels for center species 1
Beginning first index add...
Beginning second index add...
     Calculating kernels for center species 6
     Calculating kernels for center species 6
Beginning first index add...
Beginning second index add...
Training kernel done
Computing test kernel
     Calculating kernels for center species 1
     Calculating kernels for center species 1
Beginning first index add...
Beginning second index add...
     Calculating kernels for center species 6
     Calculating kernels for center species 6
Beginning first index add...
Beginning second index add...
Test kernel done
Calculating composition features
Composition features done
-8.0 26.39898756497241
-7.8 26.39910952624442
-7.6 26.399303078378257
-7.4 26.399610400691465
-7.2 26.400098581616568
-7.0 26.400873907740824
-6.8 26.402102540296514
-6.6 26.4040347511385
-6.4 26.407013285014862
-6.2 26.411397536075587
-6.0 26.417237647745687
-5.8 26.423447945683854
-5.6 26.426425836439748
-5.4 26.418815836842587
-5.199999999999999 26.389886023867472
-5.0 26.328442594119863
-4.8 26.227406078885924
-4.6 26.087903117313328
-4.4 25.921069074890763
-4.199999999999999 25.747112751284604
-4.0 25.591412381500806
-3.8 25.477603788223806
-3.5999999999999996 25.42183521705978
-3.3999999999999995 25.433728418161536
-3.1999999999999993 25.521564211651402
-3.0 25.695133545849853
-2.8 25.96626068269478
-2.5999999999999996 26.34989648648595
-2.3999999999999995 26.865115379515146
-2.1999999999999993 27.537592194082055
-2.0 28.40979814117685
-1.7999999999999998 29.559311348390263
-1.5999999999999996 31.11277639938875
-1.3999999999999995 33.23189310274313
-1.1999999999999993 36.04928499497039
-1.0 39.57574387199201
-0.7999999999999998 43.666320556412195
-0.5999999999999996 48.09532351437448
-0.39999999999999947 52.65118837992224
-0.1999999999999993 57.15194318452112
0.0 61.41999014815815
0.20000000000000107 65.28835385314707
0.40000000000000036 68.62740825458323
0.5999999999999996 71.36346669486093
0.8000000000000007 73.48841035742909
1.0 75.05619658953796
1.200000000000001 76.16165274542377
1.4000000000000004 76.91182265190342
1.6000000000000014 77.40391355719713
1.8000000000000007 77.71508153540789
2.0 77.9014994840757
2.200000000000001 78.00221981587146
2.4000000000000004 78.0445111232972
2.6000000000000014 78.04863622605954
2.8000000000000007 78.03075225320221
3.0 78.00356585713611
3.200000000000001 77.9758031087619
3.4000000000000004 77.95210215240776
3.6000000000000014 77.93392248592194
3.8000000000000007 77.92090684604949
4.0 77.91199858285802
Result sigma optimization:  -3.5999999999999996 25.42183521705978
E_max_2 =  700
Cutoff Radius =  6.0
Selected Radial Transform =  26.0
factor =  1.3
displacement =  0.0
dataset =  datasets/random-ch4-10k.extxyz
n_train =  100
n_test =  2000
Train RMSE: 4.499490885836226 [Train MAE: 3.710252170197539]
Test RMSE: 23.653198245926877 [Test MAE: 15.13844162455031]
FINISHED at Tue Jan 10 09:33:48 CET 2023
