STARTING AT Tue Jan 10 09:33:39 CET 2023
Random seed: 1000
5 11
Reading dataset
Shuffling and extracting from dataset (length: 10000)
Shuffling and extraction done
Calculating power spectrum
Expansion coefficients done
Computing training kernel
     Calculating kernels for center species 1
     Calculating kernels for center species 1
Beginning first index add...
Beginning second index add...
     Calculating kernels for center species 6
     Calculating kernels for center species 6
Beginning first index add...
Beginning second index add...
Training kernel done
Computing test kernel
     Calculating kernels for center species 1
     Calculating kernels for center species 1
Beginning first index add...
Beginning second index add...
     Calculating kernels for center species 6
     Calculating kernels for center species 6
Beginning first index add...
Beginning second index add...
Test kernel done
Calculating composition features
Composition features done
-8.0 19.573520570362014
-7.8 19.573539216485607
-7.6 19.573569521353832
-7.4 19.5736194355415
-7.2 19.573703250845345
-7.0 19.573847808241894
-6.8 19.57410594621261
-6.6 19.574586399583364
-6.4 19.575520924939973
-6.2 19.5774135840413
-6.0 19.581361746836976
-5.8 19.589701401048632
-5.6 19.607157858466834
-5.4 19.64249715749216
-5.199999999999999 19.709984410334496
-5.0 19.828871546110612
-4.8 20.019096960196777
-4.6 20.29420670805199
-4.4 20.65617467000965
-4.199999999999999 21.095752873841153
-4.0 21.596468499156686
-3.8 22.138429524308684
-3.5999999999999996 22.70376626112819
-3.3999999999999995 23.29084418502712
-3.1999999999999993 23.938832835859138
-3.0 24.751643107924576
-2.8 25.90250629654793
-2.5999999999999996 27.601811595484847
-2.3999999999999995 30.02519802218403
-2.1999999999999993 33.23159313477681
-2.0 37.12849032471449
-1.7999999999999998 41.517690462695356
-1.5999999999999996 46.18728090275653
-1.3999999999999995 50.972290828651644
-1.1999999999999993 55.73364573369925
-1.0 60.294078659687436
-0.7999999999999998 64.43202116661719
-0.5999999999999996 67.96153857191459
-0.39999999999999947 70.80623238702402
-0.1999999999999993 72.9958169909958
0.0 74.61688472354231
0.20000000000000107 75.77279529427766
0.40000000000000036 76.56537863286016
0.5999999999999996 77.08709263033074
0.8000000000000007 77.41656206081448
1.0 77.616552949851
1.200000000000001 77.73400762647638
1.4000000000000004 77.80155335693324
1.6000000000000014 77.840159305714
1.8000000000000007 77.86238194330254
2.0 77.8753708931579
2.200000000000001 77.88309929728794
2.4000000000000004 77.88777357425117
2.6000000000000014 77.89063801511251
2.8000000000000007 77.89241041413779
3.0 77.8935145074101
3.200000000000001 77.89420540581794
3.4000000000000004 77.89463902920849
3.6000000000000014 77.89491170476073
3.8000000000000007 77.89508338294657
4.0 77.89519155755146
Result sigma optimization:  -8.0 19.573520570362014
E_max_2 =  300
Cutoff Radius =  6.0
Selected Radial Transform =  26.0
factor =  0.4
displacement =  0.0
dataset =  datasets/random-ch4-10k.extxyz
n_train =  100
n_test =  2000
Train RMSE: 0.0014596229212603202 [Train MAE: 0.0010308330272213954]
Test RMSE: 16.114673240643423 [Test MAE: 9.250215233781761]
FINISHED at Tue Jan 10 09:33:48 CET 2023
