STARTING AT Tue Jan 10 09:22:05 CET 2023
Random seed: 1000
7 16
Reading dataset
Shuffling and extracting from dataset (length: 133885)
Shuffling and extraction done
Calculating power spectrum
Expansion coefficients done
Computing training kernel
     Calculating kernels for center species 1
     Calculating kernels for center species 1
Beginning first index add...
Beginning second index add...
     Calculating kernels for center species 6
     Calculating kernels for center species 6
Beginning first index add...
Beginning second index add...
     Calculating kernels for center species 7
     Calculating kernels for center species 7
Beginning first index add...
Beginning second index add...
     Calculating kernels for center species 8
     Calculating kernels for center species 8
Beginning first index add...
Beginning second index add...
     Calculating kernels for center species 9
     Calculating kernels for center species 9
Beginning first index add...
Beginning second index add...
Training kernel done
Computing test kernel
     Calculating kernels for center species 1
     Calculating kernels for center species 1
Beginning first index add...
Beginning second index add...
     Calculating kernels for center species 6
     Calculating kernels for center species 6
Beginning first index add...
Beginning second index add...
     Calculating kernels for center species 7
     Calculating kernels for center species 7
Beginning first index add...
Beginning second index add...
     Calculating kernels for center species 8
     Calculating kernels for center species 8
Beginning first index add...
Beginning second index add...
     Calculating kernels for center species 9
     Calculating kernels for center species 9
Beginning first index add...
Beginning second index add...
Test kernel done
Calculating composition features
Composition features done
-8.0 18.734543091766806
-7.8 18.73454309125789
-7.6 18.734543090452895
-7.4 18.734543089174778
-7.2 18.734543087151458
-7.0 18.73454308394374
-6.8 18.734543078852866
-6.6 18.734543070790302
-6.4 18.73454305800844
-6.2 18.734543037764947
-6.0 18.734543005667263
-5.8 18.73454295480198
-5.6 18.73454287418045
-5.4 18.7345427464072
-5.199999999999999 18.73454254389756
-5.0 18.734542222937293
-4.8 18.734541714263454
-4.6 18.734540908067746
-4.4 18.734539630321546
-4.199999999999999 18.734537605246533
-4.0 18.734534395714352
-3.8 18.73452930895969
-3.5999999999999996 18.734521247003944
-3.3999999999999995 18.734508469729857
-3.1999999999999993 18.734488219234123
-3.0 18.734456124677727
-2.8 18.734405259017652
-2.5999999999999996 18.73432464436166
-2.3999999999999995 18.734196883700626
-2.1999999999999993 18.733994409174908
-2.0 18.733673539996733
-1.7999999999999998 18.733165075287257
-1.5999999999999996 18.732359410539303
-1.3999999999999995 18.731083013794656
-1.1999999999999993 18.72906130552786
-1.0 18.72586023445117
-0.7999999999999998 18.72079469812119
-0.5999999999999996 18.71278592984301
-0.39999999999999947 18.700141735258946
-0.1999999999999993 18.6802235606679
0.0 18.648956040382753
0.20000000000000107 18.600578841521955
0.40000000000000036 18.52760090786278
0.5999999999999996 18.415950122747223
0.8000000000000007 18.24824733151662
1.0 18.00291257567159
1.200000000000001 17.67243365570352
1.4000000000000004 17.274337378063404
1.6000000000000014 16.787375956975016
1.8000000000000007 16.253615068969488
2.0 15.702074676498714
2.200000000000001 15.204748970517722
2.4000000000000004 14.807056338316979
2.6000000000000014 14.54921871153345
2.8000000000000007 14.361619459917081
3.0 14.212965046706694
3.200000000000001 14.199898043911048
3.4000000000000004 14.281135838454738
3.6000000000000014 14.416777593737288
3.8000000000000007 14.670644830878771
4.0 14.961161503607308
Result sigma optimization:  3.200000000000001 14.199898043911048
E_max_2 =  500
Cutoff Radius =  6.0
Selected Radial Transform =  26.0
factor =  0.1
displacement =  0.0
dataset =  datasets/qm9.xyz
n_train =  100
n_test =  2000
Train RMSE: 11.242412673019231 [Train MAE: 8.551676296894675]
Test RMSE: 21.147593673276855 [Test MAE: 15.632878417415599]
FINISHED at Tue Jan 10 09:22:43 CET 2023
