STARTING AT Tue Jan 10 09:22:25 CET 2023
Random seed: 1000
7 18
Reading dataset
Shuffling and extracting from dataset (length: 133885)
Shuffling and extraction done
Calculating power spectrum
Expansion coefficients done
Computing training kernel
     Calculating kernels for center species 1
     Calculating kernels for center species 1
Beginning first index add...
Beginning second index add...
     Calculating kernels for center species 6
     Calculating kernels for center species 6
Beginning first index add...
Beginning second index add...
     Calculating kernels for center species 7
     Calculating kernels for center species 7
Beginning first index add...
Beginning second index add...
     Calculating kernels for center species 8
     Calculating kernels for center species 8
Beginning first index add...
Beginning second index add...
     Calculating kernels for center species 9
     Calculating kernels for center species 9
Beginning first index add...
Beginning second index add...
Training kernel done
Computing test kernel
     Calculating kernels for center species 1
     Calculating kernels for center species 1
Beginning first index add...
Beginning second index add...
     Calculating kernels for center species 6
     Calculating kernels for center species 6
Beginning first index add...
Beginning second index add...
     Calculating kernels for center species 7
     Calculating kernels for center species 7
Beginning first index add...
Beginning second index add...
     Calculating kernels for center species 8
     Calculating kernels for center species 8
Beginning first index add...
Beginning second index add...
     Calculating kernels for center species 9
     Calculating kernels for center species 9
Beginning first index add...
Beginning second index add...
Test kernel done
Calculating composition features
Composition features done
-8.0 8.171316666290695
-7.8 8.171315915625646
-7.6 8.171314725906896
-7.4 8.171312840306063
-7.2 8.171309851871365
-7.0 8.171305115506847
-6.8 8.171297608949136
-6.6 8.171285711914097
-6.4 8.171266856655883
-6.2 8.171236973701216
-6.0 8.171189613960115
-5.8 8.171114557754445
-5.6 8.170995611540874
-5.4 8.170807119318306
-5.199999999999999 8.170508441905405
-5.0 8.170035228367505
-4.8 8.169285636872619
-4.6 8.16809863794765
-4.4 8.166220001509027
-4.199999999999999 8.163249396164838
-4.0 8.158559313504593
-3.8 8.151329546098413
-3.5999999999999996 8.14034884073123
-3.3999999999999995 8.123815355004234
-3.1999999999999993 8.099974024108123
-3.0 8.06959013700488
-2.8 8.056423722653326
-2.5999999999999996 8.081632640426324
-2.3999999999999995 8.141923145706677
-2.1999999999999993 8.293045833257239
-2.0 8.528207918289054
-1.7999999999999998 8.926748890758308
-1.5999999999999996 9.435332787468324
-1.3999999999999995 10.01983439210664
-1.1999999999999993 10.748561960361458
-1.0 11.57843307854947
-0.7999999999999998 12.417447201196847
-0.5999999999999996 13.211994085983752
-0.39999999999999947 14.006601564403523
-0.1999999999999993 14.79746062032506
0.0 15.553702660788327
0.20000000000000107 16.28570332787087
0.40000000000000036 17.025971644829824
0.5999999999999996 17.714170060267783
0.8000000000000007 18.288208532999757
1.0 18.722757232614438
1.200000000000001 19.032899850101057
1.4000000000000004 19.232214387354276
1.6000000000000014 19.340909363505958
1.8000000000000007 19.390892631315936
2.0 19.406797804429953
2.200000000000001 19.404759784720277
2.4000000000000004 19.399043202200442
2.6000000000000014 19.38778471142206
2.8000000000000007 19.370828350412566
3.0 19.348441372704393
3.200000000000001 19.32136749941925
3.4000000000000004 19.29149954607471
3.6000000000000014 19.261693100844592
3.8000000000000007 19.23480602827249
4.0 19.212689207175853
Result sigma optimization:  -2.8 8.056423722653326
E_max_2 =  600
Cutoff Radius =  6.0
Selected Radial Transform =  26.0
factor =  1.3
displacement =  0.0
dataset =  datasets/qm9.xyz
n_train =  100
n_test =  2000
Train RMSE: 0.9909934642779248 [Train MAE: 0.7373764344480187]
Test RMSE: 12.243443300723408 [Test MAE: 8.131613472132944]
FINISHED at Tue Jan 10 09:23:06 CET 2023
