STARTING AT Tue Jan 10 09:33:48 CET 2023
Random seed: 1000
7 16
Reading dataset
Shuffling and extracting from dataset (length: 10000)
Shuffling and extraction done
Calculating power spectrum
Expansion coefficients done
Computing training kernel
     Calculating kernels for center species 1
     Calculating kernels for center species 1
Beginning first index add...
Beginning second index add...
     Calculating kernels for center species 6
     Calculating kernels for center species 6
Beginning first index add...
Beginning second index add...
Training kernel done
Computing test kernel
     Calculating kernels for center species 1
     Calculating kernels for center species 1
Beginning first index add...
Beginning second index add...
     Calculating kernels for center species 6
     Calculating kernels for center species 6
Beginning first index add...
Beginning second index add...
Test kernel done
Calculating composition features
Composition features done
-8.0 57.82076328049228
-7.8 52.89715761189476
-7.6 48.366271168198445
-7.4 44.20593370022101
-7.2 40.44797497591263
-7.0 37.10556033696089
-6.8 34.166761945568076
-6.6 31.597216940451425
-6.4 29.339833567635328
-6.2 27.327459684818997
-6.0 25.502398687974246
-5.8 23.82701219474963
-5.6 22.2892058027759
-5.4 20.91324550350715
-5.199999999999999 19.76575587280161
-5.0 18.94431580002627
-4.8 18.555277151802176
-4.6 18.690415504183363
-4.4 19.402966602332206
-4.199999999999999 20.680078813123455
-4.0 22.41607177616531
-3.8 24.410467646415217
-3.5999999999999996 26.41532065285213
-3.3999999999999995 28.21857955776486
-3.1999999999999993 29.717720918305176
-3.0 30.952544564952177
-2.8 32.108103785149936
-2.5999999999999996 33.5116879662967
-2.3999999999999995 35.60297582307784
-2.1999999999999993 38.79815640497223
-2.0 43.23013421459246
-1.7999999999999998 48.565988147017265
-1.5999999999999996 54.13828844982274
-1.3999999999999995 59.29755829679249
-1.1999999999999993 63.67621143409217
-1.0 67.21364312017742
-0.7999999999999998 70.02386195858394
-0.5999999999999996 72.25075822040797
-0.39999999999999947 73.99703011127033
-0.1999999999999993 75.32870459246584
0.0 76.3048572042707
0.20000000000000107 76.99154031737477
0.40000000000000036 77.45688647323264
0.5999999999999996 77.76153682884474
0.8000000000000007 77.95322188254158
1.0 78.06627594975922
1.200000000000001 78.12397324539887
1.4000000000000004 78.1418979571648
1.6000000000000014 78.13135949555381
1.8000000000000007 78.10208223898758
2.0 78.06334277257059
2.200000000000001 78.02333113902718
2.4000000000000004 77.9877878623271
2.6000000000000014 77.95940137216657
2.8000000000000007 77.93839886859664
3.0 77.92367202249704
3.200000000000001 77.91371740457726
3.4000000000000004 77.90715099375437
3.6000000000000014 77.90288826765281
3.8000000000000007 77.90014947185921
4.0 77.89840141007511
Result sigma optimization:  -4.8 18.555277151802176
E_max_2 =  500
Cutoff Radius =  6.0
Selected Radial Transform =  26.0
factor =  2.4
displacement =  0.0
dataset =  datasets/random-ch4-10k.extxyz
n_train =  100
n_test =  2000
Train RMSE: 12.262114979434033 [Train MAE: 9.7345076015921]
Test RMSE: 18.95120539979499 [Test MAE: 13.89549113235784]
FINISHED at Tue Jan 10 09:33:59 CET 2023
