STARTING AT Tue Jan 10 09:33:50 CET 2023
Random seed: 1000
7 16
Reading dataset
Shuffling and extracting from dataset (length: 10000)
Shuffling and extraction done
Calculating power spectrum
Expansion coefficients done
Computing training kernel
     Calculating kernels for center species 1
     Calculating kernels for center species 1
Beginning first index add...
Beginning second index add...
     Calculating kernels for center species 6
     Calculating kernels for center species 6
Beginning first index add...
Beginning second index add...
Training kernel done
Computing test kernel
     Calculating kernels for center species 1
     Calculating kernels for center species 1
Beginning first index add...
Beginning second index add...
     Calculating kernels for center species 6
     Calculating kernels for center species 6
Beginning first index add...
Beginning second index add...
Test kernel done
Calculating composition features
Composition features done
-8.0 40.937336807006616
-7.8 37.43199279519333
-7.6 35.1275052820516
-7.4 33.96771172483375
-7.2 33.5943707789999
-7.0 33.68607703098211
-6.8 34.03421878672107
-6.6 34.50235761387188
-6.4 34.9908416202294
-6.2 35.43289496767816
-6.0 35.799763824250846
-5.8 36.0951897438231
-5.6 36.340339208957
-5.4 36.56109684286325
-5.199999999999999 36.7833366998806
-5.0 37.031786265540255
-4.8 37.330518122340266
-4.6 37.71252522701412
-4.4 38.24754006929692
-4.199999999999999 39.08178006312764
-4.0 40.44922254215089
-3.8 42.59028751534284
-3.5999999999999996 45.57538529977144
-3.3999999999999995 49.18017677328714
-3.1999999999999993 52.968471150603435
-3.0 56.512842842204265
-2.8 59.561740563317784
-2.5999999999999996 62.08022627855609
-2.3999999999999995 64.20371386296097
-2.1999999999999993 66.14575379738052
-2.0 68.0813902538751
-1.7999999999999998 70.05218017022383
-1.5999999999999996 71.9611204076116
-1.3999999999999995 73.66065343783197
-1.1999999999999993 75.04833663199194
-1.0 76.10104713671983
-0.7999999999999998 76.85545402388861
-0.5999999999999996 77.37393769071012
-0.39999999999999947 77.7197343932904
-0.1999999999999993 77.94531404207304
0.0 78.08971826771776
0.20000000000000107 78.18006946956457
0.40000000000000036 78.23426963675752
0.5999999999999996 78.26354361805501
0.8000000000000007 78.27443532061105
1.0 78.27031749078397
1.200000000000001 78.25266456197689
1.4000000000000004 78.22235885624585
1.6000000000000014 78.1810862743017
1.8000000000000007 78.13238624399428
2.0 78.08155912783933
2.200000000000001 78.03418153677545
2.4000000000000004 77.99423979340128
2.6000000000000014 77.96325883960073
2.8000000000000007 77.94072777183497
3.0 77.92509329530286
3.200000000000001 77.91459312087893
3.4000000000000004 77.90769463391673
3.6000000000000014 77.90322759866353
3.8000000000000007 77.90036207248521
4.0 77.89853494428242
Result sigma optimization:  -7.2 33.5943707789999
E_max_2 =  500
Cutoff Radius =  6.0
Selected Radial Transform =  26.0
factor =  4.0
displacement =  0.0
dataset =  datasets/random-ch4-10k.extxyz
n_train =  100
n_test =  2000
Train RMSE: 26.848784742037463 [Train MAE: 20.233624361681894]
Test RMSE: 69.84588635907761 [Test MAE: 29.496271540681146]
FINISHED at Tue Jan 10 09:33:57 CET 2023
