STARTING AT Tue Jan 10 09:33:40 CET 2023
Random seed: 1000
6 14
Reading dataset
Shuffling and extracting from dataset (length: 10000)
Shuffling and extraction done
Calculating power spectrum
Expansion coefficients done
Computing training kernel
     Calculating kernels for center species 1
     Calculating kernels for center species 1
Beginning first index add...
Beginning second index add...
     Calculating kernels for center species 6
     Calculating kernels for center species 6
Beginning first index add...
Beginning second index add...
Training kernel done
Computing test kernel
     Calculating kernels for center species 1
     Calculating kernels for center species 1
Beginning first index add...
Beginning second index add...
     Calculating kernels for center species 6
     Calculating kernels for center species 6
Beginning first index add...
Beginning second index add...
Test kernel done
Calculating composition features
Composition features done
-8.0 28.34614382760389
-7.8 28.336086961292374
-7.6 28.320453695148892
-7.4 28.296406815806577
-7.2 28.25999120522901
-7.0 28.20605839344254
-6.8 28.128533957684628
-6.6 28.02110894047116
-6.4 27.877963462561993
-6.2 27.6935723591643
-6.0 27.461137835229046
-5.8 27.171249389381597
-5.6 26.81357062795671
-5.4 26.38210681294901
-5.199999999999999 25.881445557058438
-5.0 25.331277161784836
-4.8 24.76729168732369
-4.6 24.236158569982923
-4.4 23.786551280013036
-4.199999999999999 23.46479884471738
-4.0 23.318703373717014
-3.8 23.40026001155263
-3.5999999999999996 23.758854243741588
-3.3999999999999995 24.430441600398886
-3.1999999999999993 25.432120027121243
-3.0 26.764944479014527
-2.8 28.429174470300218
-2.5999999999999996 30.451644862108314
-2.3999999999999995 32.89824252027604
-2.1999999999999993 35.840624917003254
-2.0 39.30066681047164
-1.7999999999999998 43.234608576889514
-1.5999999999999996 47.558686986623755
-1.3999999999999995 52.147150702532095
-1.1999999999999993 56.796689264437056
-1.0 61.2443131207829
-0.7999999999999998 65.25248910358815
-0.5999999999999996 68.67059848703535
-0.39999999999999947 71.43684739865124
-0.1999999999999993 73.56195067351457
0.0 75.11428879791566
0.20000000000000107 76.19742796602661
0.40000000000000036 76.92267329788838
0.5999999999999996 77.38873313134907
0.8000000000000007 77.6734735979278
1.0 77.83472678400736
1.200000000000001 77.91491772003
1.4000000000000004 77.9454502483428
1.6000000000000014 77.94910163579887
1.8000000000000007 77.94103727332413
2.0 77.92994334978263
2.200000000000001 77.91982906334893
2.4000000000000004 77.91196221690119
2.6000000000000014 77.90633180956671
2.8000000000000007 77.90249211162845
3.0 77.89994915435419
3.200000000000001 77.8982951926109
3.4000000000000004 77.89723150886972
3.6000000000000014 77.89655226007066
3.8000000000000007 77.8961204274875
4.0 77.8958466566327
Result sigma optimization:  -4.0 23.318703373717014
E_max_2 =  400
Cutoff Radius =  6.0
Selected Radial Transform =  26.0
factor =  1.0
displacement =  0.0
dataset =  datasets/random-ch4-10k.extxyz
n_train =  100
n_test =  2000
Train RMSE: 6.962153905389783 [Train MAE: 5.57312538001178]
Test RMSE: 21.537741639730662 [Test MAE: 13.723860929179844]
FINISHED at Tue Jan 10 09:33:47 CET 2023
