STARTING AT Tue Jan 10 09:30:13 CET 2023
Random seed: 1000
7 18
Reading dataset
Shuffling and extracting from dataset (length: 105092)
Shuffling and extraction done
Calculating power spectrum
Expansion coefficients done
Computing training kernel
     Calculating kernels for center species 79
     Calculating kernels for center species 79
Beginning first index add...
Beginning second index add...
Training kernel done
Computing test kernel
     Calculating kernels for center species 79
     Calculating kernels for center species 79
Beginning first index add...
Beginning second index add...
Test kernel done
Calculating composition features
Composition features done
-8.0 194.32370445472867
-7.8 194.31900787809207
-7.6 194.31161642689503
-7.4 194.30003144551276
-7.2 194.2819910183543
-7.0 194.25418361207556
-6.8 194.21200599455847
-6.6 194.14962953717594
-6.4 194.0609680399031
-6.2 193.94256202186705
-6.0 193.79942277265474
-5.8 193.65324308644978
-5.6 193.5477111711691
-5.4 193.53979216383055
-5.199999999999999 193.66709287165804
-5.0 193.89880829906068
-4.8 194.1016396086938
-4.6 194.04984873395114
-4.4 193.47462789098822
-4.199999999999999 192.12688610267418
-4.0 189.83395390585594
-3.8 186.53496021610246
-3.5999999999999996 182.28549843732975
-3.3999999999999995 177.24662283148498
-3.1999999999999993 171.68864246021474
-3.0 166.02242841559226
-2.8 160.84529983365138
-2.5999999999999996 156.95541216737737
-2.3999999999999995 155.23121794776196
-2.1999999999999993 156.31902123379874
-2.0 160.3194238307225
-1.7999999999999998 166.76391043855452
-1.5999999999999996 174.85326599494022
-1.3999999999999995 183.69729743760692
-1.1999999999999993 192.48050041710675
-1.0 200.626167303496
-0.7999999999999998 207.89719816891028
-0.5999999999999996 214.33379945284872
-0.39999999999999947 220.14963168205364
-0.1999999999999993 225.79217140060678
0.0 232.12958251871632
0.20000000000000107 240.47310858604743
0.40000000000000036 252.18545481227943
0.5999999999999996 267.97936114633814
0.8000000000000007 287.4816945022839
1.0 309.68449891611726
1.200000000000001 334.0952976584266
1.4000000000000004 361.4948060421067
1.6000000000000014 393.34851342703433
1.8000000000000007 430.1527278300012
2.0 470.34168813212096
2.200000000000001 511.12916579726163
2.4000000000000004 550.5230983930772
2.6000000000000014 588.3921869865682
2.8000000000000007 625.5504117749749
3.0 661.9421880878725
3.200000000000001 695.9485504553923
3.4000000000000004 725.4370050989374
3.6000000000000014 749.1846510066993
3.8000000000000007 767.364268038871
4.0 781.1301461393648
Result sigma optimization:  -2.3999999999999995 155.23121794776196
E_max_2 =  600
Cutoff Radius =  6.0
Selected Radial Transform =  26.0
factor =  0.2
displacement =  0.0
dataset =  datasets/gold.xyz
n_train =  100
n_test =  2000
Train RMSE: 32.80395383384203 [Train MAE: 22.73092855378507]
Test RMSE: 138.37866726336253 [Test MAE: 92.61420693559221]
FINISHED at Tue Jan 10 09:30:33 CET 2023
