STARTING AT Tue Jan 10 09:33:42 CET 2023
Random seed: 1000
7 18
Reading dataset
Shuffling and extracting from dataset (length: 10000)
Shuffling and extraction done
Calculating power spectrum
Expansion coefficients done
Computing training kernel
     Calculating kernels for center species 1
     Calculating kernels for center species 1
Beginning first index add...
Beginning second index add...
     Calculating kernels for center species 6
     Calculating kernels for center species 6
Beginning first index add...
Beginning second index add...
Training kernel done
Computing test kernel
     Calculating kernels for center species 1
     Calculating kernels for center species 1
Beginning first index add...
Beginning second index add...
     Calculating kernels for center species 6
     Calculating kernels for center species 6
Beginning first index add...
Beginning second index add...
Test kernel done
Calculating composition features
Composition features done
-8.0 45.18848464808172
-7.8 44.86435682818304
-7.6 44.478344064137914
-7.4 43.992930358089886
-7.2 43.34246882862236
-7.0 42.45893545900304
-6.8 41.314989026492995
-6.6 39.95482471621736
-6.4 38.486753633449304
-6.2 37.036415646888074
-6.0 35.69150724136184
-5.8 34.476590076038896
-5.6 33.36296984965131
-5.4 32.288304836036204
-5.199999999999999 31.174162886243256
-5.0 29.954352942968132
-4.8 28.613478658285228
-4.6 27.20613687090305
-4.4 25.83783419337001
-4.199999999999999 24.625457297585704
-4.0 23.665174306288396
-3.8 23.018054550703198
-3.5999999999999996 22.709457486479657
-3.3999999999999995 22.735830999246286
-3.1999999999999993 23.076558608649357
-3.0 23.709969578844206
-2.8 24.626384524504328
-2.5999999999999996 25.83178994563294
-2.3999999999999995 27.34915032515055
-2.1999999999999993 29.22137810565317
-2.0 31.499660122167146
-1.7999999999999998 34.21301243482595
-1.5999999999999996 37.348241833418406
-1.3999999999999995 40.85685583238508
-1.1999999999999993 44.67509179785162
-1.0 48.739923765419086
-0.7999999999999998 52.97523885890009
-0.5999999999999996 57.24810695005315
-0.39999999999999947 61.360337359938626
-0.1999999999999993 65.11060064688918
0.0 68.36241455427778
0.20000000000000107 71.05667968885125
0.40000000000000036 73.19061362150762
0.5999999999999996 74.8031824669078
0.8000000000000007 75.96667510336044
1.0 76.77151489931744
1.200000000000001 77.30750830553286
1.4000000000000004 77.65078844025322
1.6000000000000014 77.85936724375081
1.8000000000000007 77.97481992052629
2.0 78.02668193483706
2.200000000000001 78.03696396204151
2.4000000000000004 78.02305748550164
2.6000000000000014 77.99847795795051
2.8000000000000007 77.97244855397442
3.0 77.9499062866407
3.200000000000001 77.93249748700651
3.4000000000000004 77.91998943771895
3.6000000000000014 77.91141168960252
3.8000000000000007 77.90570371654131
4.0 77.90197821045625
Result sigma optimization:  -3.5999999999999996 22.709457486479657
E_max_2 =  600
Cutoff Radius =  6.0
Selected Radial Transform =  26.0
factor =  1.6
displacement =  0.0
dataset =  datasets/random-ch4-10k.extxyz
n_train =  100
n_test =  2000
Train RMSE: 8.812167563461013 [Train MAE: 7.161933586547313]
Test RMSE: 21.66974115916722 [Test MAE: 14.38858148055366]
FINISHED at Tue Jan 10 09:33:48 CET 2023
