STARTING AT Tue Jan 10 09:33:48 CET 2023
Random seed: 1000
7 18
Reading dataset
Shuffling and extracting from dataset (length: 10000)
Shuffling and extraction done
Calculating power spectrum
Expansion coefficients done
Computing training kernel
     Calculating kernels for center species 1
     Calculating kernels for center species 1
Beginning first index add...
Beginning second index add...
     Calculating kernels for center species 6
     Calculating kernels for center species 6
Beginning first index add...
Beginning second index add...
Training kernel done
Computing test kernel
     Calculating kernels for center species 1
     Calculating kernels for center species 1
Beginning first index add...
Beginning second index add...
     Calculating kernels for center species 6
     Calculating kernels for center species 6
Beginning first index add...
Beginning second index add...
Test kernel done
Calculating composition features
Composition features done
-8.0 84.16786935222306
-7.8 81.17527498665979
-7.6 76.83787587229186
-7.4 70.9996793016938
-7.2 64.13189264072513
-7.0 56.94214763305157
-6.8 50.060579495013314
-6.6 43.89027427448576
-6.4 38.607872143793124
-6.2 34.24860433508638
-6.0 30.774824740559005
-5.8 28.076438968409278
-5.6 25.96597319063407
-5.4 24.23062734288756
-5.199999999999999 22.70929032913338
-5.0 21.339188519291287
-4.8 20.1563270972805
-4.6 19.261839240965454
-4.4 18.775530747694493
-4.199999999999999 18.793352563059088
-4.0 19.35880003845245
-3.8 20.45371097119481
-3.5999999999999996 22.001276686513336
-3.3999999999999995 23.87055778092223
-3.1999999999999993 25.887496468873007
-3.0 27.86619772568428
-2.8 29.66386464852308
-2.5999999999999996 31.242116350347768
-2.3999999999999995 32.70942335706993
-2.1999999999999993 34.33423340196858
-2.0 36.514376266981124
-1.7999999999999998 39.64925608400222
-1.5999999999999996 43.89640634995203
-1.3999999999999995 48.981173937867666
-1.1999999999999993 54.29356328815249
-1.0 59.21878020492696
-0.7999999999999998 63.40611328853052
-0.5999999999999996 66.80672655894867
-0.39999999999999947 69.54520594039943
-0.1999999999999993 71.76819508506851
0.0 73.5658855664421
0.20000000000000107 74.97954815840849
0.40000000000000036 76.04310443273327
0.5999999999999996 76.8063258165553
0.8000000000000007 77.33116295439773
1.0 77.67864128749167
1.200000000000001 77.8996280403411
1.4000000000000004 78.03202404231604
1.6000000000000014 78.10213533138433
1.8000000000000007 78.1278385138214
2.0 78.12209283807276
2.200000000000001 78.09577933661686
2.4000000000000004 78.05894473782864
2.6000000000000014 78.02023763461347
2.8000000000000007 77.98563293427237
3.0 77.95792894858528
3.200000000000001 77.93741346174018
3.4000000000000004 77.92302414759511
3.6000000000000014 77.91329713361026
3.8000000000000007 77.90688094240664
4.0 77.90271585283533
Result sigma optimization:  -4.4 18.775530747694493
E_max_2 =  600
Cutoff Radius =  6.0
Selected Radial Transform =  26.0
factor =  2.4
displacement =  0.0
dataset =  datasets/random-ch4-10k.extxyz
n_train =  100
n_test =  2000
Train RMSE: 11.810839706680138 [Train MAE: 9.438738394122092]
Test RMSE: 19.35056650913177 [Test MAE: 13.981079446827714]
FINISHED at Tue Jan 10 09:33:57 CET 2023
