STARTING AT Tue Jan 10 09:22:19 CET 2023
Random seed: 1000
6 14
Reading dataset
Shuffling and extracting from dataset (length: 133885)
Shuffling and extraction done
Calculating power spectrum
Expansion coefficients done
Computing training kernel
     Calculating kernels for center species 1
     Calculating kernels for center species 1
Beginning first index add...
Beginning second index add...
     Calculating kernels for center species 6
     Calculating kernels for center species 6
Beginning first index add...
Beginning second index add...
     Calculating kernels for center species 7
     Calculating kernels for center species 7
Beginning first index add...
Beginning second index add...
     Calculating kernels for center species 8
     Calculating kernels for center species 8
Beginning first index add...
Beginning second index add...
     Calculating kernels for center species 9
     Calculating kernels for center species 9
Beginning first index add...
Beginning second index add...
Training kernel done
Computing test kernel
     Calculating kernels for center species 1
     Calculating kernels for center species 1
Beginning first index add...
Beginning second index add...
     Calculating kernels for center species 6
     Calculating kernels for center species 6
Beginning first index add...
Beginning second index add...
     Calculating kernels for center species 7
     Calculating kernels for center species 7
Beginning first index add...
Beginning second index add...
     Calculating kernels for center species 8
     Calculating kernels for center species 8
Beginning first index add...
Beginning second index add...
     Calculating kernels for center species 9
     Calculating kernels for center species 9
Beginning first index add...
Beginning second index add...
Test kernel done
Calculating composition features
Composition features done
-8.0 9.834149357760872
-7.8 9.834149704463961
-7.6 9.83415025394665
-7.4 9.83415112481825
-7.2 9.834152505048088
-7.0 9.834154692550353
-6.8 9.834158159469725
-6.6 9.834163654067238
-6.4 9.834172362169518
-6.2 9.83418616295475
-6.0 9.834208034158383
-5.8 9.83424269373944
-5.6 9.834297615588357
-5.4 9.834384636026195
-5.199999999999999 9.834522491839287
-5.0 9.834740822329225
-4.8 9.835086461334601
-4.6 9.835633282565057
-4.4 9.836497489777246
-4.199999999999999 9.837861079979527
-4.0 9.840055546595675
-3.8 9.844436324822022
-3.5999999999999996 9.851265945788626
-3.3999999999999995 9.861819480891558
-3.1999999999999993 9.87944667799944
-3.0 9.909394678289157
-2.8 9.959597049637459
-2.5999999999999996 10.038239804711075
-2.3999999999999995 10.152154064928524
-2.1999999999999993 10.318167719216024
-2.0 10.549093300769883
-1.7999999999999998 10.829151574528309
-1.5999999999999996 11.209377713307923
-1.3999999999999995 11.743138879574945
-1.1999999999999993 12.257393574961306
-1.0 12.776529092027229
-0.7999999999999998 13.297306895202693
-0.5999999999999996 13.867094989552859
-0.39999999999999947 14.6150252987098
-0.1999999999999993 15.437699769367264
0.0 16.210348874207906
0.20000000000000107 16.971276609614478
0.40000000000000036 17.595848263783786
0.5999999999999996 18.146425620857197
0.8000000000000007 18.5758312908708
1.0 18.888338902280434
1.200000000000001 19.09291897780885
1.4000000000000004 19.21721820398413
1.6000000000000014 19.286966925454454
1.8000000000000007 19.32141284771085
2.0 19.33321306251916
2.200000000000001 19.329877101470874
2.4000000000000004 19.315991251246366
2.6000000000000014 19.299504880023907
2.8000000000000007 19.27731942237026
3.0 19.252907245398593
3.200000000000001 19.229583485848778
3.4000000000000004 19.209667725689165
3.6000000000000014 19.194108929040695
3.8000000000000007 19.182745426946088
4.0 19.1748395319166
Result sigma optimization:  -8.0 9.834149357760872
E_max_2 =  400
Cutoff Radius =  6.0
Selected Radial Transform =  26.0
factor =  0.9
displacement =  0.0
dataset =  datasets/qm9.xyz
n_train =  100
n_test =  2000
Train RMSE: 6.093679126514535e-06 [Train MAE: 4.670625471995553e-06]
Test RMSE: 14.488225351736421 [Test MAE: 10.056944908071497]
FINISHED at Tue Jan 10 09:22:55 CET 2023
