STARTING AT Tue Jan 10 09:23:59 CET 2023
Random seed: 1000
5 11
Reading dataset
Shuffling and extracting from dataset (length: 133885)
Shuffling and extraction done
Calculating power spectrum
Expansion coefficients done
Computing training kernel
     Calculating kernels for center species 1
     Calculating kernels for center species 1
Beginning first index add...
Beginning second index add...
     Calculating kernels for center species 6
     Calculating kernels for center species 6
Beginning first index add...
Beginning second index add...
     Calculating kernels for center species 7
     Calculating kernels for center species 7
Beginning first index add...
Beginning second index add...
     Calculating kernels for center species 8
     Calculating kernels for center species 8
Beginning first index add...
Beginning second index add...
     Calculating kernels for center species 9
     Calculating kernels for center species 9
Beginning first index add...
Beginning second index add...
Training kernel done
Computing test kernel
     Calculating kernels for center species 1
     Calculating kernels for center species 1
Beginning first index add...
Beginning second index add...
     Calculating kernels for center species 6
     Calculating kernels for center species 6
Beginning first index add...
Beginning second index add...
     Calculating kernels for center species 7
     Calculating kernels for center species 7
Beginning first index add...
Beginning second index add...
     Calculating kernels for center species 8
     Calculating kernels for center species 8
Beginning first index add...
Beginning second index add...
     Calculating kernels for center species 9
     Calculating kernels for center species 9
Beginning first index add...
Beginning second index add...
Test kernel done
Calculating composition features
Composition features done
-8.0 8.829269252969533
-7.8 9.258247965172632
-7.6 9.893223195494501
-7.4 10.604169304890675
-7.2 11.312618456592318
-7.0 12.019441446759737
-6.8 12.769748537876294
-6.6 13.554386968408362
-6.4 14.328284880184802
-6.2 15.101863922403426
-6.0 15.785858564719092
-5.8 16.358427816352343
-5.6 16.827699962391634
-5.4 17.288896740128404
-5.199999999999999 17.822629164241953
-5.0 18.356225489766803
-4.8 18.800585455702386
-4.6 19.170542669105053
-4.4 19.444578301734293
-4.199999999999999 19.644439721382877
-4.0 19.772958099233218
-3.8 19.846875077151452
-3.5999999999999996 19.931136805781733
-3.3999999999999995 20.027046928548433
-3.1999999999999993 20.124479805795477
-3.0 20.197717740226814
-2.8 20.251751060006647
-2.5999999999999996 20.28615437558881
-2.3999999999999995 20.310531438426207
-2.1999999999999993 20.31992516028906
-2.0 20.316337271823095
-1.7999999999999998 20.30027986710362
-1.5999999999999996 20.270649516217564
-1.3999999999999995 20.225259397222988
-1.1999999999999993 20.161958396106527
-1.0 20.080358873485974
-0.7999999999999998 19.983570849260545
-0.5999999999999996 19.878706629488054
-0.39999999999999947 19.775235840062802
-0.1999999999999993 19.681820404623704
0.0 19.603576206834525
0.20000000000000107 19.541266848335955
0.40000000000000036 19.49231437296661
0.5999999999999996 19.452490536517892
0.8000000000000007 19.417383139324894
1.0 19.383435860941937
1.200000000000001 19.348695589305425
1.4000000000000004 19.313215317176518
1.6000000000000014 19.2787774172421
1.8000000000000007 19.247829370711603
2.0 19.222219057829715
2.200000000000001 19.202543582224404
2.4000000000000004 19.188306210849728
2.6000000000000014 19.17845350099219
2.8000000000000007 19.171846323405315
3.0 19.16750922279563
3.200000000000001 19.164702205230846
3.4000000000000004 19.162902099740446
3.6000000000000014 19.161754522634368
3.8000000000000007 19.161025695230848
4.0 19.160563927192726
Result sigma optimization:  -8.0 8.829269252969533
E_max_2 =  300
Cutoff Radius =  6.0
Selected Radial Transform =  27.0
factor =  4.0
displacement =  0.0
dataset =  datasets/qm9.xyz
n_train =  100
n_test =  2000
Train RMSE: 8.986154010088585 [Train MAE: 7.075160689389903]
Test RMSE: 15.176518423974617 [Test MAE: 11.037179747956483]
FINISHED at Tue Jan 10 09:24:32 CET 2023
