STARTING AT Tue Jan 10 09:24:00 CET 2023
Random seed: 1000
7 18
Reading dataset
Shuffling and extracting from dataset (length: 133885)
Shuffling and extraction done
Calculating power spectrum
Expansion coefficients done
Computing training kernel
     Calculating kernels for center species 1
     Calculating kernels for center species 1
Beginning first index add...
Beginning second index add...
     Calculating kernels for center species 6
     Calculating kernels for center species 6
Beginning first index add...
Beginning second index add...
     Calculating kernels for center species 7
     Calculating kernels for center species 7
Beginning first index add...
Beginning second index add...
     Calculating kernels for center species 8
     Calculating kernels for center species 8
Beginning first index add...
Beginning second index add...
     Calculating kernels for center species 9
     Calculating kernels for center species 9
Beginning first index add...
Beginning second index add...
Training kernel done
Computing test kernel
     Calculating kernels for center species 1
     Calculating kernels for center species 1
Beginning first index add...
Beginning second index add...
     Calculating kernels for center species 6
     Calculating kernels for center species 6
Beginning first index add...
Beginning second index add...
     Calculating kernels for center species 7
     Calculating kernels for center species 7
Beginning first index add...
Beginning second index add...
     Calculating kernels for center species 8
     Calculating kernels for center species 8
Beginning first index add...
Beginning second index add...
     Calculating kernels for center species 9
     Calculating kernels for center species 9
Beginning first index add...
Beginning second index add...
Test kernel done
Calculating composition features
Composition features done
-8.0 7.378678121793782
-7.8 7.532164097112254
-7.6 7.650419102711603
-7.4 7.730758128515444
-7.2 7.781769461042713
-7.0 7.860516557434457
-6.8 7.945401528421208
-6.6 8.10413824621879
-6.4 8.303895676408429
-6.2 8.51122394303209
-6.0 8.764638715489419
-5.8 9.099762795667047
-5.6 9.62341916254838
-5.4 10.309177752860705
-5.199999999999999 11.129737574636238
-5.0 12.027211199120503
-4.8 12.97838502473256
-4.6 13.903824862019391
-4.4 14.75743586547207
-4.199999999999999 15.497110949262279
-4.0 16.11369749588659
-3.8 16.64968872497382
-3.5999999999999996 17.174075413275858
-3.3999999999999995 17.783414279633433
-3.1999999999999993 18.341601401725782
-3.0 18.798809578380897
-2.8 19.14365111322695
-2.5999999999999996 19.42492243654153
-2.3999999999999995 19.62675489869107
-2.1999999999999993 19.75545551869989
-2.0 19.82944289692361
-1.7999999999999998 19.940707764482323
-1.5999999999999996 20.043031663209213
-1.3999999999999995 20.14123460752959
-1.1999999999999993 20.210179351945072
-1.0 20.260911361026245
-0.7999999999999998 20.29312386091506
-0.5999999999999996 20.313461081365958
-0.39999999999999947 20.31904112987334
-0.1999999999999993 20.311712045628333
0.0 20.29150146023913
0.20000000000000107 20.25691680610167
0.40000000000000036 20.20566657706062
0.5999999999999996 20.136019397740544
0.8000000000000007 20.048647796879617
1.0 19.948096063525753
1.200000000000001 19.842591281326172
1.4000000000000004 19.741713190090326
1.6000000000000014 19.65313752170432
1.8000000000000007 19.58046732010969
2.0 19.52314351836348
2.200000000000001 19.477829099137796
2.4000000000000004 19.44008947995643
2.6000000000000014 19.4057062891819
2.8000000000000007 19.371602538686727
3.0 19.336496106931122
3.200000000000001 19.301110075116007
3.4000000000000004 19.26760443515574
3.6000000000000014 19.238345023940177
3.8000000000000007 19.214776828202826
4.0 19.19707123259381
Result sigma optimization:  -8.0 7.378678121793782
E_max_2 =  600
Cutoff Radius =  6.0
Selected Radial Transform =  27.0
factor =  4.0
displacement =  0.0
dataset =  datasets/qm9.xyz
n_train =  100
n_test =  2000
Train RMSE: 4.143153321811772 [Train MAE: 3.3313095505914987]
Test RMSE: 12.221449627803352 [Test MAE: 8.070699691546936]
FINISHED at Tue Jan 10 09:24:41 CET 2023
