STARTING AT Tue Jan 10 09:33:56 CET 2023
Random seed: 1000
8 20
Reading dataset
Shuffling and extracting from dataset (length: 10000)
Shuffling and extraction done
Calculating power spectrum
Expansion coefficients done
Computing training kernel
     Calculating kernels for center species 1
     Calculating kernels for center species 1
Beginning first index add...
Beginning second index add...
     Calculating kernels for center species 6
     Calculating kernels for center species 6
Beginning first index add...
Beginning second index add...
Training kernel done
Computing test kernel
     Calculating kernels for center species 1
     Calculating kernels for center species 1
Beginning first index add...
Beginning second index add...
     Calculating kernels for center species 6
     Calculating kernels for center species 6
Beginning first index add...
Beginning second index add...
Test kernel done
Calculating composition features
Composition features done
-8.0 28.578424329665314
-7.8 28.554573139981628
-7.6 28.518072278581187
-7.4 28.463269031912382
-7.2 28.38329539702251
-7.0 28.2713111961536
-6.8 28.123284986217126
-6.6 27.942018612026338
-6.4 27.740251650729594
-6.2 27.53959128529832
-6.0 27.36462600191963
-5.8 27.235815158532127
-5.6 27.163555898288134
-5.4 27.14113327020605
-5.199999999999999 27.138157336913256
-5.0 27.105130304217234
-4.8 26.993597618045175
-4.6 26.778081326404248
-4.4 26.462528540184056
-4.199999999999999 26.07133522477306
-4.0 25.64051118234681
-3.8 25.217827928903866
-3.5999999999999996 24.863267971517008
-3.3999999999999995 24.639631247824912
-3.1999999999999993 24.596085449363645
-3.0 24.755016576549778
-2.8 25.11017683371159
-2.5999999999999996 25.638261537747294
-2.3999999999999995 26.32001702815152
-2.1999999999999993 27.164426639654266
-2.0 28.232367870956253
-1.7999999999999998 29.65110707606611
-1.5999999999999996 31.591995908668725
-1.3999999999999995 34.187862588138394
-1.1999999999999993 37.43542112878629
-1.0 41.18718348069633
-0.7999999999999998 45.25250746720578
-0.5999999999999996 49.49298206485035
-0.39999999999999947 53.8161502829565
-0.1999999999999993 58.10444859514948
0.0 62.186174713840515
0.20000000000000107 65.88184858122094
0.40000000000000036 69.06106276716213
0.5999999999999996 71.66142158698642
0.8000000000000007 73.68345616690317
1.0 75.18007859474318
1.200000000000001 76.23906182503865
1.4000000000000004 76.95971240608165
1.6000000000000014 77.43322457236324
1.8000000000000007 77.7326945268016
2.0 77.9117155256692
2.200000000000001 78.00775000320307
2.4000000000000004 78.04710952171322
2.6000000000000014 78.04948470881652
2.8000000000000007 78.03066602709478
3.0 78.00308496624619
3.200000000000001 77.97524318531616
3.4000000000000004 77.95161129846119
3.6000000000000014 77.93354542295818
3.8000000000000007 77.92063811022874
4.0 77.91181556939058
Result sigma optimization:  -3.1999999999999993 24.596085449363645
E_max_2 =  700
Cutoff Radius =  6.0
Selected Radial Transform =  27.0
factor =  1.5
displacement =  0.0
dataset =  datasets/random-ch4-10k.extxyz
n_train =  100
n_test =  2000
Train RMSE: 8.361671750330101 [Train MAE: 6.789776211314331]
Test RMSE: 22.74858445909971 [Test MAE: 14.804176058516186]
FINISHED at Tue Jan 10 09:34:04 CET 2023
