STARTING AT Tue Jan 10 09:33:50 CET 2023
Random seed: 1000
6 14
Reading dataset
Shuffling and extracting from dataset (length: 10000)
Shuffling and extraction done
Calculating power spectrum
Expansion coefficients done
Computing training kernel
     Calculating kernels for center species 1
     Calculating kernels for center species 1
Beginning first index add...
Beginning second index add...
     Calculating kernels for center species 6
     Calculating kernels for center species 6
Beginning first index add...
Beginning second index add...
Training kernel done
Computing test kernel
     Calculating kernels for center species 1
     Calculating kernels for center species 1
Beginning first index add...
Beginning second index add...
     Calculating kernels for center species 6
     Calculating kernels for center species 6
Beginning first index add...
Beginning second index add...
Test kernel done
Calculating composition features
Composition features done
-8.0 21.969225063369578
-7.8 21.96921844805884
-7.6 21.96920797409437
-7.4 21.96919140060553
-7.2 21.969165200225767
-7.0 21.969123843099915
-6.8 21.96905871698198
-6.6 21.968956552546633
-6.4 21.96879726824697
-6.2 21.9685513964476
-6.0 21.96817806630985
-5.8 21.967626783376204
-5.6 21.96685197235239
-5.4 21.96586257047987
-5.199999999999999 21.964856888853625
-5.0 21.96454246041312
-4.8 21.966801340129955
-4.6 21.975858331369437
-4.4 21.999851741132183
-4.199999999999999 22.05202478140267
-4.0 22.15008722366403
-3.8 22.31293980129294
-3.5999999999999996 22.55606333470961
-3.3999999999999995 22.88762813279981
-3.1999999999999993 23.305535781847645
-3.0 23.794946037200077
-2.8 24.32875187597469
-2.5999999999999996 24.878021234518854
-2.3999999999999995 25.43987157228845
-2.1999999999999993 26.07908530470813
-2.0 26.960501385912156
-1.7999999999999998 28.3364426281859
-1.5999999999999996 30.46494426587001
-1.3999999999999995 33.48599148935362
-1.1999999999999993 37.34167391270509
-1.0 41.80614200327756
-0.7999999999999998 46.59638263163223
-0.5999999999999996 51.47325566240427
-0.39999999999999947 56.26107629369336
-0.1999999999999993 60.79501970271112
0.0 64.88671838853804
0.20000000000000107 68.36861220849732
0.40000000000000036 71.16199428712405
0.5999999999999996 73.29069329833219
0.8000000000000007 74.843882501393
1.0 75.93379786364845
1.200000000000001 76.67032276072915
1.4000000000000004 77.14960949626328
1.6000000000000014 77.45011911515309
1.8000000000000007 77.632310777903
2.0 77.74004067722565
2.200000000000001 77.80297013739813
2.4000000000000004 77.83976562834275
2.6000000000000014 77.8615025819811
2.8000000000000007 77.87452735347117
3.0 77.88244111815747
3.200000000000001 77.88730509041312
3.4000000000000004 77.89032042018124
3.6000000000000014 77.89220105085349
3.8000000000000007 77.89337877972284
4.0 77.8941183087417
Result sigma optimization:  -5.0 21.96454246041312
E_max_2 =  400
Cutoff Radius =  6.0
Selected Radial Transform =  27.0
factor =  0.3
displacement =  0.0
dataset =  datasets/random-ch4-10k.extxyz
n_train =  100
n_test =  2000
Train RMSE: 0.17443917976798953 [Train MAE: 0.12757278573987865]
Test RMSE: 20.688274432730232 [Test MAE: 10.031673482713373]
FINISHED at Tue Jan 10 09:33:56 CET 2023
