STARTING AT Tue Jan 10 09:33:50 CET 2023
Random seed: 1000
7 18
Reading dataset
Shuffling and extracting from dataset (length: 10000)
Shuffling and extraction done
Calculating power spectrum
Expansion coefficients done
Computing training kernel
     Calculating kernels for center species 1
     Calculating kernels for center species 1
Beginning first index add...
Beginning second index add...
     Calculating kernels for center species 6
     Calculating kernels for center species 6
Beginning first index add...
Beginning second index add...
Training kernel done
Computing test kernel
     Calculating kernels for center species 1
     Calculating kernels for center species 1
Beginning first index add...
Beginning second index add...
     Calculating kernels for center species 6
     Calculating kernels for center species 6
Beginning first index add...
Beginning second index add...
Test kernel done
Calculating composition features
Composition features done
-8.0 23.798491056902222
-7.8 23.798491324716192
-7.6 23.798491749208857
-7.4 23.798492422104825
-7.2 23.798493488842006
-7.0 23.798495180215742
-6.8 23.79849786261888
-6.6 23.798502118367146
-6.4 23.79850887438592
-6.2 23.798519609841513
-6.0 23.798536694370505
-5.8 23.798563947005977
-5.6 23.798607579109696
-5.4 23.798677830889154
-5.199999999999999 23.798791915853567
-5.0 23.79897954643458
-4.8 23.799293760823403
-4.6 23.799832944487598
-4.4 23.800786686786136
-4.199999999999999 23.80253143502226
-4.0 23.805824338501704
-3.8 23.812168548482987
-3.5999999999999996 23.82441027371887
-3.3999999999999995 23.84747351998081
-3.1999999999999993 23.88874331159278
-3.0 23.95722758629361
-2.8 24.061200490037066
-2.5999999999999996 24.20612635876992
-2.3999999999999995 24.39625645068872
-2.1999999999999993 24.640842423895478
-2.0 24.960308941360896
-1.7999999999999998 25.386576559112957
-1.5999999999999996 25.95931902850348
-1.3999999999999995 26.727369985456317
-1.1999999999999993 27.75930551383061
-1.0 29.15177730147129
-0.7999999999999998 31.02081785073246
-0.5999999999999996 33.47826413773451
-0.39999999999999947 36.600529108668574
-0.1999999999999993 40.38711733821988
0.0 44.728111913275725
0.20000000000000107 49.420495409675624
0.40000000000000036 54.22098924857908
0.5999999999999996 58.88266318625662
0.8000000000000007 63.17533898235634
1.0 66.9189906605475
1.200000000000001 70.01413097928577
1.4000000000000004 72.4444234426807
1.6000000000000014 74.25970215161465
1.8000000000000007 75.55265791458609
2.0 76.4337145473567
2.200000000000001 77.00973799636046
2.4000000000000004 77.37169782496827
2.6000000000000014 77.59080423469892
2.8000000000000007 77.71931694914637
3.0 77.79315582415897
3.200000000000001 77.83530963849546
3.4000000000000004 77.85953662145327
3.6000000000000014 77.873672469664
3.8000000000000007 77.88206957872642
4.0 77.88714148705057
Result sigma optimization:  -8.0 23.798491056902222
E_max_2 =  600
Cutoff Radius =  6.0
Selected Radial Transform =  27.0
factor =  0.3
displacement =  0.0
dataset =  datasets/random-ch4-10k.extxyz
n_train =  100
n_test =  2000
Train RMSE: 2.1011638789967112e-05 [Train MAE: 1.5021087058464735e-05]
Test RMSE: 17.020106539323752 [Test MAE: 11.085572245444977]
FINISHED at Tue Jan 10 09:33:57 CET 2023
