STARTING AT Tue Jan 10 09:33:58 CET 2023
Random seed: 1000
7 18
Reading dataset
Shuffling and extracting from dataset (length: 10000)
Shuffling and extraction done
Calculating power spectrum
Expansion coefficients done
Computing training kernel
     Calculating kernels for center species 1
     Calculating kernels for center species 1
Beginning first index add...
Beginning second index add...
     Calculating kernels for center species 6
     Calculating kernels for center species 6
Beginning first index add...
Beginning second index add...
Training kernel done
Computing test kernel
     Calculating kernels for center species 1
     Calculating kernels for center species 1
Beginning first index add...
Beginning second index add...
     Calculating kernels for center species 6
     Calculating kernels for center species 6
Beginning first index add...
Beginning second index add...
Test kernel done
Calculating composition features
Composition features done
-8.0 73.40073939728047
-7.8 69.47317922202816
-7.6 66.71755794655175
-7.4 63.82416677635756
-7.2 60.0872301960093
-7.0 55.46556312644875
-6.8 50.34853803755702
-6.6 45.23230900600047
-6.4 40.498960064603935
-6.2 36.352647031780016
-6.0 32.85382588562251
-5.8 29.975521705236737
-5.6 27.634604796145776
-5.4 25.702845692402665
-5.199999999999999 24.036746789947266
-5.0 22.533115972250577
-4.8 21.17334301947316
-4.6 20.023653275777967
-4.4 19.19584632530748
-4.199999999999999 18.800296388654427
-4.0 18.913611274912302
-3.8 19.561657387333767
-3.5999999999999996 20.71467027886576
-3.3999999999999995 22.29137989948116
-3.1999999999999993 24.168214429506335
-3.0 26.195211234893378
-2.8 28.22434439620437
-2.5999999999999996 30.153970086004485
-2.3999999999999995 31.98113435564146
-2.1999999999999993 33.84089123832155
-2.0 36.01188551511755
-1.7999999999999998 38.853200620379376
-1.5999999999999996 42.62724626603996
-1.3999999999999995 47.273165117997415
-1.1999999999999993 52.35452091472704
-1.0 57.2877173105329
-0.7999999999999998 61.64546766518866
-0.5999999999999996 65.28507687167581
-0.39999999999999947 68.27327792621416
-0.1999999999999993 70.7362194921943
0.0 72.75864134162795
0.20000000000000107 74.37471369325658
0.40000000000000036 75.60906429135485
0.5999999999999996 76.50626295995764
0.8000000000000007 77.12965535757711
1.0 77.54613183927351
1.200000000000001 77.81375293813883
1.4000000000000004 77.97692635904329
1.6000000000000014 78.06703661638214
1.8000000000000007 78.10560604948328
2.0 78.10808200812845
2.200000000000001 78.08699206668605
2.4000000000000004 78.05345537549599
2.6000000000000014 78.01681623871649
2.8000000000000007 77.9835008606453
3.0 77.95659837973001
3.200000000000001 77.93658121312386
3.4000000000000004 77.92250239193105
3.6000000000000014 77.9129693994469
3.8000000000000007 77.9066747794043
4.0 77.90258603097227
Result sigma optimization:  -4.199999999999999 18.800296388654427
E_max_2 =  600
Cutoff Radius =  6.0
Selected Radial Transform =  27.0
factor =  2.3
displacement =  0.0
dataset =  datasets/random-ch4-10k.extxyz
n_train =  100
n_test =  2000
Train RMSE: 11.722204592550773 [Train MAE: 9.450250066974789]
Test RMSE: 19.622450145587766 [Test MAE: 14.013231349117596]
FINISHED at Tue Jan 10 09:34:04 CET 2023
