STARTING AT Tue Jan 10 09:31:15 CET 2023
Random seed: 1000
5 11
Reading dataset
Shuffling and extracting from dataset (length: 10000)
Shuffling and extraction done
Calculating power spectrum
Expansion coefficients done
Computing training kernel
     Calculating kernels for center species 1
     Calculating kernels for center species 1
Beginning first index add...
Beginning second index add...
     Calculating kernels for center species 6
     Calculating kernels for center species 6
Beginning first index add...
Beginning second index add...
Training kernel done
Computing test kernel
     Calculating kernels for center species 1
     Calculating kernels for center species 1
Beginning first index add...
Beginning second index add...
     Calculating kernels for center species 6
     Calculating kernels for center species 6
Beginning first index add...
Beginning second index add...
Test kernel done
Calculating composition features
Composition features done
-8.0 27.261943478403552
-7.8 27.186313988434154
-7.6 27.078477821702045
-7.4 26.928225377167955
-7.2 26.723358310703922
-7.0 26.450646394831107
-6.8 26.09914198976002
-6.6 25.664616958666624
-6.4 25.15040008196399
-6.2 24.562572955532968
-6.0 23.9069779157222
-5.8 23.196742139852073
-5.6 22.465142487819342
-5.4 21.76980165620122
-5.199999999999999 21.184545467218292
-5.0 20.7879410687395
-4.8 20.654056810700776
-4.6 20.839813015268117
-4.4 21.36634421120026
-4.199999999999999 22.20933819789468
-4.0 23.31782873996459
-3.8 24.656872464471416
-3.5999999999999996 26.241665466218826
-3.3999999999999995 28.132837520304303
-3.1999999999999993 30.3949012211735
-3.0 33.05189587775493
-2.8 36.080824057680296
-2.5999999999999996 39.45440668547649
-2.3999999999999995 43.18911924928933
-2.1999999999999993 47.32610725620307
-2.0 51.828566597261016
-1.7999999999999998 56.494688388009294
-1.5999999999999996 61.005433121231654
-1.3999999999999995 65.06866942577638
-1.1999999999999993 68.51418362277163
-1.0 71.29087048385034
-0.7999999999999998 73.4260564634494
-0.5999999999999996 74.99450914668166
-0.39999999999999947 76.09700439484618
-0.1999999999999993 76.84011153937863
0.0 77.31994995291461
0.20000000000000107 77.61437429387922
0.40000000000000036 77.78279095074238
0.5999999999999996 77.86954582579882
0.8000000000000007 77.90722609681322
1.0 77.9186057499258
1.200000000000001 77.918070177683
1.4000000000000004 77.91350191626715
1.6000000000000014 77.90851790167793
1.8000000000000007 77.90440206036736
2.0 77.90137862175206
2.200000000000001 77.89928997843874
2.4000000000000004 77.89789706760487
2.6000000000000014 77.89698752317719
2.8000000000000007 77.8964012216467
3.0 77.89602629431862
3.200000000000001 77.89578772886324
3.4000000000000004 77.89563640373157
3.6000000000000014 77.89554060448994
3.8000000000000007 77.8954800318298
4.0 77.8954417622822
Result sigma optimization:  -4.8 20.654056810700776
E_max_2 =  300
Cutoff Radius =  6.0
Selected Radial Transform =  2.0
factor =  1.0
displacement =  0.0
dataset =  datasets/random-ch4-10k.extxyz
n_train =  100
n_test =  2000
Train RMSE: 6.536893293836186 [Train MAE: 5.325967791601007]
Test RMSE: 20.229511039814128 [Test MAE: 12.510492234565849]
FINISHED at Tue Jan 10 09:31:20 CET 2023
