STARTING AT Tue Jan 10 09:31:22 CET 2023
Random seed: 1000
7 16
Reading dataset
Shuffling and extracting from dataset (length: 10000)
Shuffling and extraction done
Calculating power spectrum
Expansion coefficients done
Computing training kernel
     Calculating kernels for center species 1
     Calculating kernels for center species 1
Beginning first index add...
Beginning second index add...
     Calculating kernels for center species 6
     Calculating kernels for center species 6
Beginning first index add...
Beginning second index add...
Training kernel done
Computing test kernel
     Calculating kernels for center species 1
     Calculating kernels for center species 1
Beginning first index add...
Beginning second index add...
     Calculating kernels for center species 6
     Calculating kernels for center species 6
Beginning first index add...
Beginning second index add...
Test kernel done
Calculating composition features
Composition features done
-8.0 42.74247553163432
-7.8 36.46535445948012
-7.6 32.74813467275809
-7.4 30.76739962297688
-7.2 29.556201066831417
-7.0 28.49464304047751
-6.8 27.338802228941226
-6.6 26.039698311744615
-6.4 24.639334081148146
-6.2 23.261429464199313
-6.0 22.084802969126883
-5.8 21.26471959139689
-5.6 20.875113782325943
-5.4 20.922869753515823
-5.199999999999999 21.394892042423038
-5.0 22.274183163311037
-4.8 23.51242947769774
-4.6 25.000922848874737
-4.4 26.581751419838415
-4.199999999999999 28.093880831175372
-4.0 29.418247049052066
-3.8 30.50266285293556
-3.5999999999999996 31.3718881352814
-3.3999999999999995 32.13451864448814
-3.1999999999999993 32.99776591632955
-3.0 34.28855135685969
-2.8 36.434072304530815
-2.5999999999999996 39.812071051846225
-2.3999999999999995 44.48040326342297
-2.1999999999999993 50.02638917213851
-2.0 55.74079864000589
-1.7999999999999998 60.96392445198641
-1.5999999999999996 65.31436829039738
-1.3999999999999995 68.70950054590868
-1.1999999999999993 71.26494166062065
-1.0 73.17281360761655
-0.7999999999999998 74.61039826122365
-0.5999999999999996 75.70000138859601
-0.39999999999999947 76.51577169765076
-0.1999999999999993 77.10908885985653
0.0 77.52544436629972
0.20000000000000107 77.80745740551637
0.40000000000000036 77.99194642851785
0.5999999999999996 78.10760111859011
0.8000000000000007 78.17484421333204
1.0 78.20714563036553
1.200000000000001 78.21293174405974
1.4000000000000004 78.19769306732097
1.6000000000000014 78.16608043491682
1.8000000000000007 78.12350479302346
2.0 78.07646130158915
2.200000000000001 78.03133091725257
2.4000000000000004 77.99266784762875
2.6000000000000014 77.96239062149557
2.8000000000000007 77.9402410599264
3.0 77.9248143134616
3.200000000000001 77.91442940285869
3.4000000000000004 77.90759654554915
3.6000000000000014 77.90316786704847
3.8000000000000007 77.90032526538926
4.0 77.89851207696476
Result sigma optimization:  -5.6 20.875113782325943
E_max_2 =  500
Cutoff Radius =  6.0
Selected Radial Transform =  2.0
factor =  2.8
displacement =  0.0
dataset =  datasets/random-ch4-10k.extxyz
n_train =  100
n_test =  2000
Train RMSE: 14.566853952879022 [Train MAE: 11.270798907269898]
Test RMSE: 29.01781726528051 [Test MAE: 16.866252745339683]
FINISHED at Tue Jan 10 09:31:29 CET 2023
