STARTING AT Tue Jan 10 09:07:37 CET 2023
Random seed: 1000
7 18
Reading dataset
Shuffling and extracting from dataset (length: 133885)
Shuffling and extraction done
Calculating power spectrum
Expansion coefficients done
Computing training kernel
     Calculating kernels for center species 1
     Calculating kernels for center species 1
Beginning first index add...
Beginning second index add...
     Calculating kernels for center species 6
     Calculating kernels for center species 6
Beginning first index add...
Beginning second index add...
     Calculating kernels for center species 7
     Calculating kernels for center species 7
Beginning first index add...
Beginning second index add...
     Calculating kernels for center species 8
     Calculating kernels for center species 8
Beginning first index add...
Beginning second index add...
     Calculating kernels for center species 9
     Calculating kernels for center species 9
Beginning first index add...
Beginning second index add...
Training kernel done
Computing test kernel
     Calculating kernels for center species 1
     Calculating kernels for center species 1
Beginning first index add...
Beginning second index add...
     Calculating kernels for center species 6
     Calculating kernels for center species 6
Beginning first index add...
Beginning second index add...
     Calculating kernels for center species 7
     Calculating kernels for center species 7
Beginning first index add...
Beginning second index add...
     Calculating kernels for center species 8
     Calculating kernels for center species 8
Beginning first index add...
Beginning second index add...
     Calculating kernels for center species 9
     Calculating kernels for center species 9
Beginning first index add...
Beginning second index add...
Test kernel done
Calculating composition features
Composition features done
-8.0 14.187469932482355
-7.8 14.18746993112601
-7.6 14.187469928976766
-7.4 14.18746992556965
-7.2 14.187469920170413
-7.0 14.187469911612846
-6.8 14.187469898049944
-6.6 14.18746987655471
-6.4 14.187469842486749
-6.2 14.18746978849266
-6.0 14.18746970291769
-5.8 14.187469567290561
-5.6 14.187469352336207
-5.4 14.18746901165643
-5.199999999999999 14.187468471715372
-5.0 14.187467615967016
-4.8 14.18746625969808
-4.6 14.18746411015777
-4.4 14.187460703371098
-4.199999999999999 14.187455303988708
-4.0 14.187446746571544
-3.8 14.187433184048974
-3.5999999999999996 14.187411689074102
-3.3999999999999995 14.187377622271715
-3.1999999999999993 14.187323631126901
-3.0 14.187238063689328
-2.8 14.1871024553727
-2.5999999999999996 14.186887548086903
-2.3999999999999995 14.186546986726334
-2.1999999999999993 14.186007343177272
-2.0 14.18515234160461
-1.7999999999999998 14.183797947940631
-1.5999999999999996 14.181653116930653
-1.3999999999999995 14.178258150378197
-1.1999999999999993 14.172888427057282
-1.0 14.164405380214443
-0.7999999999999998 14.151039931127206
-0.5999999999999996 14.130148427317977
-0.39999999999999947 14.100192583314838
-0.1999999999999993 14.054031468090635
0.0 13.982753659787024
0.20000000000000107 13.877461799962719
0.40000000000000036 13.740520835917444
0.5999999999999996 13.566991044365755
0.8000000000000007 13.382914482222604
1.0 13.224491800876098
1.200000000000001 13.180309406175184
1.4000000000000004 13.23124751038857
1.6000000000000014 13.353494676671849
1.8000000000000007 13.606429015965174
2.0 13.906354731938826
2.200000000000001 14.318697443670908
2.4000000000000004 14.978318560564341
2.6000000000000014 15.724992414092897
2.8000000000000007 16.479961065285703
3.0 17.183822190960385
3.200000000000001 17.80512651758154
3.4000000000000004 18.289691619342683
3.6000000000000014 18.6439939201322
3.8000000000000007 18.89027980462141
4.0 19.051409361652823
Result sigma optimization:  1.200000000000001 13.180309406175184
E_max_2 =  600
Cutoff Radius =  6.0
Selected Radial Transform =  2.0
factor =  0.2
displacement =  0.0
dataset =  datasets/qm9.xyz
n_train =  100
n_test =  2000
Train RMSE: 6.27289932854218 [Train MAE: 4.608120899097885]
Test RMSE: 18.89018939581199 [Test MAE: 13.62026011052571]
FINISHED at Tue Jan 10 09:08:19 CET 2023
