STARTING AT Tue Jan 10 09:31:21 CET 2023
Random seed: 1000
8 20
Reading dataset
Shuffling and extracting from dataset (length: 10000)
Shuffling and extraction done
Calculating power spectrum
Expansion coefficients done
Computing training kernel
     Calculating kernels for center species 1
     Calculating kernels for center species 1
Beginning first index add...
Beginning second index add...
     Calculating kernels for center species 6
     Calculating kernels for center species 6
Beginning first index add...
Beginning second index add...
Training kernel done
Computing test kernel
     Calculating kernels for center species 1
     Calculating kernels for center species 1
Beginning first index add...
Beginning second index add...
     Calculating kernels for center species 6
     Calculating kernels for center species 6
Beginning first index add...
Beginning second index add...
Test kernel done
Calculating composition features
Composition features done
-8.0 108.999580996572
-7.8 93.64063923296875
-7.6 80.6998261341066
-7.4 70.05902777044751
-7.2 61.644537321063495
-7.0 55.21037025520329
-6.8 50.32236931527008
-6.6 46.47664133795215
-6.4 43.23736770367348
-6.2 40.318925799988676
-6.0 37.571982564345866
-5.8 34.920441974621724
-5.6 32.33288203934813
-5.4 29.835342559624102
-5.199999999999999 27.508035444014887
-5.0 25.44060028825951
-4.8 23.678658260410458
-4.6 22.210976422051534
-4.4 21.010895832365243
-4.199999999999999 20.086130536579784
-4.0 19.4820636923179
-3.8 19.245320393631744
-3.5999999999999996 19.39737168713576
-3.3999999999999995 19.936214461953572
-3.1999999999999993 20.843313655661266
-3.0 22.078732089345944
-2.8 23.574864326504837
-2.5999999999999996 25.249452323125258
-2.3999999999999995 27.03717238071918
-2.1999999999999993 28.916441392800593
-2.0 30.91845662728382
-1.7999999999999998 33.122905421414885
-1.5999999999999996 35.646792968777994
-1.3999999999999995 38.63091120006979
-1.1999999999999993 42.202538491364024
-1.0 46.378822817583256
-0.7999999999999998 50.97006215380672
-0.5999999999999996 55.62153056449844
-0.39999999999999947 59.989489579593304
-0.1999999999999993 63.87831643548331
0.0 67.23555640608357
0.20000000000000107 70.06679542489158
0.40000000000000036 72.37845754412089
0.5999999999999996 74.18286768412634
0.8000000000000007 75.52243217836148
1.0 76.4715357224722
1.200000000000001 77.11803945096617
1.4000000000000004 77.54390247581993
1.6000000000000014 77.81498440913025
1.8000000000000007 77.97928998773307
2.0 78.06971546193677
2.200000000000001 78.10834556610779
2.4000000000000004 78.11077945824755
2.6000000000000014 78.08954075244685
2.8000000000000007 78.05572564753068
3.0 78.01870195121855
3.200000000000001 77.98496273421206
3.4000000000000004 77.95766640692278
3.6000000000000014 77.93732629378043
3.8000000000000007 77.92300505242382
4.0 77.91330074838076
Result sigma optimization:  -3.8 19.245320393631744
E_max_2 =  700
Cutoff Radius =  6.0
Selected Radial Transform =  2.0
factor =  2.2
displacement =  0.0
dataset =  datasets/random-ch4-10k.extxyz
n_train =  100
n_test =  2000
Train RMSE: 11.035480964500355 [Train MAE: 8.981816641307711]
Test RMSE: 20.528239326960605 [Test MAE: 14.213414776768678]
FINISHED at Tue Jan 10 09:31:31 CET 2023
