STARTING AT Tue Jan 10 09:31:21 CET 2023
Random seed: 1000
6 14
Reading dataset
Shuffling and extracting from dataset (length: 10000)
Shuffling and extraction done
Calculating power spectrum
Expansion coefficients done
Computing training kernel
     Calculating kernels for center species 1
     Calculating kernels for center species 1
Beginning first index add...
Beginning second index add...
     Calculating kernels for center species 6
     Calculating kernels for center species 6
Beginning first index add...
Beginning second index add...
Training kernel done
Computing test kernel
     Calculating kernels for center species 1
     Calculating kernels for center species 1
Beginning first index add...
Beginning second index add...
     Calculating kernels for center species 6
     Calculating kernels for center species 6
Beginning first index add...
Beginning second index add...
Test kernel done
Calculating composition features
Composition features done
-8.0 42.511264027565915
-7.8 41.42234853891702
-7.6 39.877958300757406
-7.4 37.865963220484794
-7.2 35.499153519824155
-7.0 32.93265564651135
-6.8 30.33218709828292
-6.6 27.85273544932425
-6.4 25.611349459939866
-6.2 23.663961917749745
-6.0 22.008130575975876
-5.8 20.61169329737909
-5.6 19.448053379938788
-5.4 18.524855054840028
-5.199999999999999 17.8971324013751
-5.0 17.658732121215255
-4.8 17.915121886409867
-4.6 18.74361669304865
-4.4 20.14572870159623
-4.199999999999999 22.010544475773305
-4.0 24.125004524274825
-3.8 26.246380622995808
-3.5999999999999996 28.204104333075286
-3.3999999999999995 29.97921150336757
-3.1999999999999993 31.738332400935526
-3.0 33.824267990152386
-2.8 36.67549125816951
-2.5999999999999996 40.62057522286995
-2.3999999999999995 45.61522366352145
-2.1999999999999993 51.170720860843105
-2.0 56.59829338979095
-1.7999999999999998 61.356766838461056
-1.5999999999999996 65.2298415938755
-1.3999999999999995 68.27973935383136
-1.1999999999999993 70.69184509998173
-1.0 72.63444042041382
-0.7999999999999998 74.20062301011595
-0.5999999999999996 75.42941134456476
-0.39999999999999947 76.35095296578018
-0.1999999999999993 77.00916430504927
0.0 77.45830883465699
0.20000000000000107 77.75133488614993
0.40000000000000036 77.93204284326006
0.5999999999999996 78.03313804372218
0.8000000000000007 78.07806488698941
1.0 78.08425559278179
1.200000000000001 78.06595068603355
1.4000000000000004 78.03534718316548
1.6000000000000014 78.00205403388703
1.8000000000000007 77.97218465628002
2.0 77.9483908623707
2.200000000000001 77.93088309153767
2.4000000000000004 77.91867053954466
2.6000000000000014 77.91044879810623
2.8000000000000007 77.90504103083522
3.0 77.9015373012076
3.200000000000001 77.89928905178544
3.4000000000000004 77.89785528148403
3.6000000000000014 77.89694450390627
3.8000000000000007 77.89636738398457
4.0 77.89600226281524
Result sigma optimization:  -5.0 17.658732121215255
E_max_2 =  400
Cutoff Radius =  6.0
Selected Radial Transform =  2.0
factor =  2.2
displacement =  0.0
dataset =  datasets/random-ch4-10k.extxyz
n_train =  100
n_test =  2000
Train RMSE: 11.807853605342544 [Train MAE: 9.380621302632408]
Test RMSE: 17.435459817680957 [Test MAE: 12.886042873569846]
FINISHED at Tue Jan 10 09:31:29 CET 2023
