STARTING AT Tue Jan 10 09:31:15 CET 2023
Random seed: 1000
7 18
Reading dataset
Shuffling and extracting from dataset (length: 10000)
Shuffling and extraction done
Calculating power spectrum
Expansion coefficients done
Computing training kernel
     Calculating kernels for center species 1
     Calculating kernels for center species 1
Beginning first index add...
Beginning second index add...
     Calculating kernels for center species 6
     Calculating kernels for center species 6
Beginning first index add...
Beginning second index add...
Training kernel done
Computing test kernel
     Calculating kernels for center species 1
     Calculating kernels for center species 1
Beginning first index add...
Beginning second index add...
     Calculating kernels for center species 6
     Calculating kernels for center species 6
Beginning first index add...
Beginning second index add...
Test kernel done
Calculating composition features
Composition features done
-8.0 27.39566304718906
-7.8 27.395599226770877
-7.6 27.395498083205553
-7.4 27.39533779416129
-7.2 27.395083784950767
-7.0 27.394681287329448
-6.8 27.39404357194445
-6.6 27.393033364228675
-6.4 27.391433554609282
-6.2 27.38890118951845
-6.0 27.384895577053705
-5.8 27.378566883165615
-5.6 27.368585819489564
-5.4 27.35288890459901
-5.199999999999999 27.328310932743047
-5.0 27.2900862012358
-4.8 27.23124270668025
-4.6 27.142020534598416
-4.4 27.009641797020777
-4.199999999999999 26.819000518207304
-4.0 26.554935269674193
-3.8 26.206433724780045
-3.5999999999999996 25.772397747610274
-3.3999999999999995 25.267818164420667
-3.1999999999999993 24.72873582134999
-3.0 24.214746635969227
-2.8 23.80879183690967
-2.5999999999999996 23.613342278403422
-2.3999999999999995 23.740383820094543
-2.1999999999999993 24.294619715322046
-2.0 25.355049134661876
-1.7999999999999998 26.962133266585717
-1.5999999999999996 29.114005787451134
-1.3999999999999995 31.773455508562805
-1.1999999999999993 34.887153128643895
-1.0 38.40920447599137
-0.7999999999999998 42.30472736716213
-0.5999999999999996 46.516393636208264
-0.39999999999999947 50.92635161503254
-0.1999999999999993 55.363425458088706
0.0 59.64491211499298
0.20000000000000107 63.60815099009764
0.40000000000000036 67.12204721826058
0.5999999999999996 70.09429527428104
0.8000000000000007 72.48228947484711
1.0 74.30134004892034
1.200000000000001 75.61812173100893
1.4000000000000004 76.52829359082587
1.6000000000000014 77.13103133772404
1.8000000000000007 77.51234569552945
2.0 77.73956523099125
2.200000000000001 77.86307169156743
2.4000000000000004 77.92033879933466
2.6000000000000014 77.93901085410697
2.8000000000000007 77.93836156762373
3.0 77.93032375378695
3.200000000000001 77.92111275308936
3.4000000000000004 77.91325952210505
3.6000000000000014 77.90736589101748
3.8000000000000007 77.90323644732571
4.0 77.9004570169387
Result sigma optimization:  -2.5999999999999996 23.613342278403422
E_max_2 =  600
Cutoff Radius =  6.0
Selected Radial Transform =  2.0
factor =  0.7
displacement =  0.0
dataset =  datasets/random-ch4-10k.extxyz
n_train =  100
n_test =  2000
Train RMSE: 6.376073533692069 [Train MAE: 5.1439875419046315]
Test RMSE: 21.26498417991636 [Test MAE: 13.55975543648836]
FINISHED at Tue Jan 10 09:31:23 CET 2023
