STARTING AT Tue Jan 10 09:31:14 CET 2023
Random seed: 1000
6 14
Reading dataset
Shuffling and extracting from dataset (length: 10000)
Shuffling and extraction done
Calculating power spectrum
Expansion coefficients done
Computing training kernel
     Calculating kernels for center species 1
     Calculating kernels for center species 1
Beginning first index add...
Beginning second index add...
     Calculating kernels for center species 6
     Calculating kernels for center species 6
Beginning first index add...
Beginning second index add...
Training kernel done
Computing test kernel
     Calculating kernels for center species 1
     Calculating kernels for center species 1
Beginning first index add...
Beginning second index add...
     Calculating kernels for center species 6
     Calculating kernels for center species 6
Beginning first index add...
Beginning second index add...
Test kernel done
Calculating composition features
Composition features done
-8.0 23.943853029778467
-7.8 23.943853961377226
-7.6 23.943855445993744
-7.4 23.943857819386228
-7.2 23.943861632222468
-7.0 23.943867803801183
-6.8 23.943877907669965
-6.6 23.943894729252165
-6.4 23.943923410525404
-6.2 23.943973908553787
-6.0 23.94406646808308
-5.8 23.944244089170926
-5.6 23.944601188777824
-5.4 23.94534904420336
-5.199999999999999 23.946961412373163
-5.0 23.950482347600786
-4.8 23.958121584498368
-4.6 23.974246000936446
-4.4 24.006643574936035
-4.199999999999999 24.06737342383865
-4.0 24.17203056056084
-3.8 24.336910897327037
-3.5999999999999996 24.575293931454436
-3.3999999999999995 24.894369818561806
-3.1999999999999993 25.292599448614638
-3.0 25.757165206709686
-2.8 26.264361451730483
-2.5999999999999996 26.79035186625929
-2.3999999999999995 27.34012867522558
-2.1999999999999993 27.99031030407771
-2.0 28.91953357056198
-1.7999999999999998 30.386510090933566
-1.5999999999999996 32.634152575517135
-1.3999999999999995 35.76141920626185
-1.1999999999999993 39.65958300730172
-1.0 44.06670882839461
-0.7999999999999998 48.69176694603538
-0.5999999999999996 53.31381739592991
-0.39999999999999947 57.79130640911783
-0.1999999999999993 61.998166539400984
0.0 65.78154937728772
0.20000000000000107 69.00051035090007
0.40000000000000036 71.58929734066255
0.5999999999999996 73.57060198221444
0.8000000000000007 75.02345584574807
1.0 76.04746097002885
1.200000000000001 76.74150961559675
1.4000000000000004 77.19370213254672
1.6000000000000014 77.47709535605999
1.8000000000000007 77.64862947958179
2.0 77.74984623294206
2.200000000000001 77.80886167947448
2.4000000000000004 77.84332565523569
2.6000000000000014 77.86367246779619
2.8000000000000007 77.87586179278429
3.0 77.88326805415554
3.200000000000001 77.88782052408624
3.4000000000000004 77.89064302692687
3.6000000000000014 77.89240353923071
3.8000000000000007 77.89350611208017
4.0 77.89419847761694
Result sigma optimization:  -8.0 23.943853029778467
E_max_2 =  400
Cutoff Radius =  6.0
Selected Radial Transform =  2.0
factor =  0.3
displacement =  0.0
dataset =  datasets/random-ch4-10k.extxyz
n_train =  100
n_test =  2000
Train RMSE: 0.00018916389313049174 [Train MAE: 0.00013879437952886493]
Test RMSE: 22.09193092449165 [Test MAE: 10.970212086049182]
FINISHED at Tue Jan 10 09:31:20 CET 2023
