STARTING AT Tue Jan 10 02:11:52 CET 2023
Random seed: 1000
7 18
Reading dataset
Shuffling and extracting from dataset (length: 105092)
Shuffling and extraction done
Calculating power spectrum
Expansion coefficients done
Computing training kernel
     Calculating kernels for center species 79
     Calculating kernels for center species 79
Beginning first index add...
Beginning second index add...
Training kernel done
Computing test kernel
     Calculating kernels for center species 79
     Calculating kernels for center species 79
Beginning first index add...
Beginning second index add...
Test kernel done
Calculating composition features
Composition features done
-8.0 117.45588242185374
-7.8 116.94911985102968
-7.6 116.54880796341662
-7.4 116.31354229306206
-7.2 116.30187349724524
-7.0 116.53757942701246
-6.8 117.0000627580515
-6.6 117.63733653049465
-6.4 118.38831523849836
-6.2 119.20560158516076
-6.0 120.0799391981689
-5.8 121.06510191140002
-5.6 122.28721084592921
-5.4 123.92061981638577
-5.199999999999999 126.14227238493426
-5.0 129.1143087008489
-4.8 133.0294481735922
-4.6 138.17026475507524
-4.4 144.87790992364882
-4.199999999999999 153.36612638900385
-4.0 163.43359365538757
-3.8 174.3058352052626
-3.5999999999999996 184.86472529142296
-3.3999999999999995 194.16920567618695
-3.1999999999999993 201.86144828694634
-3.0 208.25072055007226
-2.8 214.19395320823267
-2.5999999999999996 220.89924948098044
-2.3999999999999995 229.60206900642842
-2.1999999999999993 241.06580845645357
-2.0 255.16501285525604
-1.7999999999999998 270.9854454598835
-1.5999999999999996 287.4014917261994
-1.3999999999999995 303.5399045232867
-1.1999999999999993 318.8304116339045
-1.0 332.9241447215846
-0.7999999999999998 345.6712840563768
-0.5999999999999996 357.04225278794166
-0.39999999999999947 367.03301212938845
-0.1999999999999993 375.7732429984194
0.0 383.85888876451776
0.20000000000000107 392.7710153780275
0.40000000000000036 405.2873854066704
0.5999999999999996 425.58813800444614
0.8000000000000007 458.20466175506107
1.0 505.2546800811815
1.200000000000001 563.7474653258611
1.4000000000000004 626.1531229554435
1.6000000000000014 684.2126358788661
1.8000000000000007 732.492795883543
2.0 769.3274937207165
2.200000000000001 795.7225253543097
2.4000000000000004 813.8256100367659
2.6000000000000014 825.8756017278469
2.8000000000000007 833.7336319510935
3.0 838.7819446672731
3.200000000000001 841.9838682278373
3.4000000000000004 843.9869037499465
3.6000000000000014 845.218800090076
3.8000000000000007 845.9611752319762
4.0 846.3995377921867
Result sigma optimization:  -7.2 116.30187349724524
E_max_2 =  600
Cutoff Radius =  6.0
Selected Radial Transform =  14.0
factor =  1.3
displacement =  0.0
dataset =  datasets/gold.xyz
n_train =  500
n_test =  2000
Train RMSE: 102.75747302633371 [Train MAE: 79.52899308464316]
Test RMSE: 119.54042294528519 [Test MAE: 90.56496588248893]
FINISHED at Tue Jan 10 02:13:39 CET 2023
