STARTING AT Tue Jan 10 02:10:51 CET 2023
Random seed: 1000
7 18
Reading dataset
Shuffling and extracting from dataset (length: 105092)
Shuffling and extraction done
Calculating power spectrum
Expansion coefficients done
Computing training kernel
     Calculating kernels for center species 79
     Calculating kernels for center species 79
Beginning first index add...
Beginning second index add...
Training kernel done
Computing test kernel
     Calculating kernels for center species 79
     Calculating kernels for center species 79
Beginning first index add...
Beginning second index add...
Test kernel done
Calculating composition features
Composition features done
-8.0 154.13334086361263
-7.8 153.9806955365261
-7.6 153.87104274171207
-7.4 153.797011944778
-7.2 153.7315195430998
-7.0 153.62368952914468
-6.8 153.39167625575055
-6.6 152.92097745912278
-6.4 152.08010842505928
-6.2 150.75587758526297
-6.0 148.89410524387927
-5.8 146.51894818221217
-5.6 143.70933891636386
-5.4 140.5425134509729
-5.199999999999999 137.04766870677483
-5.0 133.20733967350205
-4.8 129.0017495718654
-4.6 124.45986569669057
-4.4 119.68899521026374
-4.199999999999999 114.87878873402073
-4.0 110.28527248268452
-3.8 106.19118643276828
-3.5999999999999996 102.83494371218977
-3.3999999999999995 100.335590337158
-3.1999999999999993 98.67737938873924
-3.0 97.77289709959955
-2.8 97.54323135305363
-2.5999999999999996 97.95960727453061
-2.3999999999999995 99.05391555308691
-2.1999999999999993 100.91339111098242
-2.0 103.65092544038872
-1.7999999999999998 107.35645469789881
-1.5999999999999996 112.05562000825567
-1.3999999999999995 117.70120130442818
-1.1999999999999993 124.20886274348051
-1.0 131.51213647229085
-0.7999999999999998 139.58762796074916
-0.5999999999999996 148.44363756523975
-0.39999999999999947 158.11925554610596
-0.1999999999999993 168.72622336667013
0.0 180.4967954322862
0.20000000000000107 193.75137686363942
0.40000000000000036 208.76034251844433
0.5999999999999996 225.61760134396067
0.8000000000000007 244.27611983165338
1.0 264.7145312749509
1.200000000000001 287.01608724132313
1.4000000000000004 311.24120535102674
1.6000000000000014 337.28605480113157
1.8000000000000007 364.933166235081
2.0 393.9664385418736
2.200000000000001 424.2991517862748
2.4000000000000004 456.38184680541747
2.6000000000000014 491.67770298495134
2.8000000000000007 532.174229411426
3.0 578.4755236773233
3.200000000000001 628.0996340301102
3.4000000000000004 676.1850390794256
3.6000000000000014 718.1307047320178
3.8000000000000007 751.6076588381818
4.0 776.7070806395793
Result sigma optimization:  -2.8 97.54323135305363
E_max_2 =  600
Cutoff Radius =  6.0
Selected Radial Transform =  14.0
factor =  0.5
displacement =  0.0
dataset =  datasets/gold.xyz
n_train =  500
n_test =  2000
Train RMSE: 56.63993613333577 [Train MAE: 42.210184209575935]
Test RMSE: 91.41257694045585 [Test MAE: 63.27631532926199]
FINISHED at Tue Jan 10 02:14:34 CET 2023
