STARTING AT Tue Jan 10 01:14:47 CET 2023
Random seed: 1000
7 18
Reading dataset
Shuffling and extracting from dataset (length: 133885)
Shuffling and extraction done
Calculating power spectrum
Expansion coefficients done
Computing training kernel
     Calculating kernels for center species 1
     Calculating kernels for center species 1
Beginning first index add...
Beginning second index add...
     Calculating kernels for center species 6
     Calculating kernels for center species 6
Beginning first index add...
Beginning second index add...
     Calculating kernels for center species 7
     Calculating kernels for center species 7
Beginning first index add...
Beginning second index add...
     Calculating kernels for center species 8
     Calculating kernels for center species 8
Beginning first index add...
Beginning second index add...
     Calculating kernels for center species 9
     Calculating kernels for center species 9
Beginning first index add...
Beginning second index add...
Training kernel done
Computing test kernel
     Calculating kernels for center species 1
     Calculating kernels for center species 1
Beginning first index add...
Beginning second index add...
     Calculating kernels for center species 6
     Calculating kernels for center species 6
Beginning first index add...
Beginning second index add...
     Calculating kernels for center species 7
     Calculating kernels for center species 7
Beginning first index add...
Beginning second index add...
     Calculating kernels for center species 8
     Calculating kernels for center species 8
Beginning first index add...
Beginning second index add...
     Calculating kernels for center species 9
     Calculating kernels for center species 9
Beginning first index add...
Beginning second index add...
Test kernel done
Calculating composition features
Composition features done
-8.0 2.9588557985923836
-7.8 2.9579971778574983
-7.6 2.956644259849156
-7.4 2.954567062654358
-7.2 2.9514499728441588
-7.0 2.946735748269304
-6.8 2.939626134971797
-6.6 2.929091627699498
-6.4 2.914025605519244
-6.2 2.893202166335832
-6.0 2.8663468261496745
-5.8 2.833422805039852
-5.6 2.7973477821212147
-5.4 2.7648341444610267
-5.199999999999999 2.73272087538318
-5.0 2.7019012689475783
-4.8 2.6855210765590307
-4.6 2.6838502759668628
-4.4 2.6965161487628357
-4.199999999999999 2.7213129002559
-4.0 2.7640238148313365
-3.8 2.827608429471147
-3.5999999999999996 2.9071234730655853
-3.3999999999999995 3.0515907772143254
-3.1999999999999993 3.2558881165995555
-3.0 3.5387316163663347
-2.8 3.876053373226896
-2.5999999999999996 4.290481798781285
-2.3999999999999995 4.776426373085545
-2.1999999999999993 5.322192038474066
-2.0 5.911130155575294
-1.7999999999999998 6.572195831276826
-1.5999999999999996 7.276929835524137
-1.3999999999999995 8.048671966066202
-1.1999999999999993 8.923690088191902
-1.0 9.945798454343585
-0.7999999999999998 11.074566957170717
-0.5999999999999996 12.250621988129103
-0.39999999999999947 13.450017004910121
-0.1999999999999993 14.621345110323325
0.0 15.734978768530102
0.20000000000000107 16.786395829742638
0.40000000000000036 17.732520108380058
0.5999999999999996 18.596825154431887
0.8000000000000007 19.358746905975213
1.0 19.966512864319142
1.200000000000001 20.42748139945143
1.4000000000000004 20.755814993487945
1.6000000000000014 20.98157646746537
1.8000000000000007 21.130335527961293
2.0 21.224683344021685
2.200000000000001 21.284744491012063
2.4000000000000004 21.32285541074201
2.6000000000000014 21.345913590166717
2.8000000000000007 21.359411445605573
3.0 21.366680364029147
3.200000000000001 21.36967351322551
3.4000000000000004 21.369613793651926
3.6000000000000014 21.36742083289946
3.8000000000000007 21.36385370527467
4.0 21.35957843392201
Result sigma optimization:  -4.6 2.6838502759668628
E_max_2 =  600
Cutoff Radius =  6.0
Selected Radial Transform =  14.0
factor =  1.9
displacement =  0.0
dataset =  datasets/qm9.xyz
n_train =  500
n_test =  2000
Train RMSE: 0.9676652862560928 [Train MAE: 0.7285326467294587]
Test RMSE: 4.041252195341781 [Test MAE: 2.536203502865086]
FINISHED at Tue Jan 10 01:17:59 CET 2023
