STARTING AT Tue Jan 10 01:12:16 CET 2023
Random seed: 1000
7 16
Reading dataset
Shuffling and extracting from dataset (length: 133885)
Shuffling and extraction done
Calculating power spectrum
Expansion coefficients done
Computing training kernel
     Calculating kernels for center species 1
     Calculating kernels for center species 1
Beginning first index add...
Beginning second index add...
     Calculating kernels for center species 6
     Calculating kernels for center species 6
Beginning first index add...
Beginning second index add...
     Calculating kernels for center species 7
     Calculating kernels for center species 7
Beginning first index add...
Beginning second index add...
     Calculating kernels for center species 8
     Calculating kernels for center species 8
Beginning first index add...
Beginning second index add...
     Calculating kernels for center species 9
     Calculating kernels for center species 9
Beginning first index add...
Beginning second index add...
Training kernel done
Computing test kernel
     Calculating kernels for center species 1
     Calculating kernels for center species 1
Beginning first index add...
Beginning second index add...
     Calculating kernels for center species 6
     Calculating kernels for center species 6
Beginning first index add...
Beginning second index add...
     Calculating kernels for center species 7
     Calculating kernels for center species 7
Beginning first index add...
Beginning second index add...
     Calculating kernels for center species 8
     Calculating kernels for center species 8
Beginning first index add...
Beginning second index add...
     Calculating kernels for center species 9
     Calculating kernels for center species 9
Beginning first index add...
Beginning second index add...
Test kernel done
Calculating composition features
Composition features done
-8.0 8.160981028824239
-7.8 8.16098102829735
-7.6 8.16098102747535
-7.4 8.160981026164173
-7.2 8.160981024094205
-7.0 8.160981020801957
-6.8 8.160981015588083
-6.6 8.160981007330514
-6.4 8.160980994237857
-6.2 8.160980973494132
-6.0 8.160980940610193
-5.8 8.160980888494263
-5.6 8.160980805897374
-5.4 8.160980674988261
-5.199999999999999 8.16098046751074
-5.0 8.1609801386806
-4.8 8.160979617522552
-4.6 8.160978791549638
-4.4 8.160977482468699
-4.199999999999999 8.160975407717483
-4.0 8.160972119464708
-3.8 8.160966907978104
-3.5999999999999996 8.160958648398177
-3.3999999999999995 8.160945558040872
-3.1999999999999993 8.160924811705867
-3.0 8.160891932198302
-2.8 8.160839824760071
-2.5999999999999996 8.160757247716827
-2.3999999999999995 8.160626391229611
-2.1999999999999993 8.160419046158097
-2.0 8.160090548070706
-1.7999999999999998 8.159570219143907
-1.5999999999999996 8.158746319548774
-1.3999999999999995 8.15744244699825
-1.1999999999999993 8.155380755009155
-1.0 8.152125200705157
-0.7999999999999998 8.147163862703598
-0.5999999999999996 8.139374397714334
-0.39999999999999947 8.127437538354098
-0.1999999999999993 8.109703701453387
0.0 8.084257107980472
0.20000000000000107 8.047954450038226
0.40000000000000036 7.997976515532171
0.5999999999999996 7.929537101718442
0.8000000000000007 7.844599207970948
1.0 7.756936270899847
1.200000000000001 7.691292080895344
1.4000000000000004 7.688210314680312
1.6000000000000014 7.7365536318795165
1.8000000000000007 7.880323651301787
2.0 8.08842005761
2.200000000000001 8.374504275263586
2.4000000000000004 8.7346884316162
2.6000000000000014 9.158282296458367
2.8000000000000007 9.630584554335448
3.0 10.148325852044696
3.200000000000001 10.708776411891453
3.4000000000000004 11.339894834226767
3.6000000000000014 12.05474390627361
3.8000000000000007 12.842332328446451
4.0 13.756326346349553
Result sigma optimization:  1.4000000000000004 7.688210314680312
E_max_2 =  500
Cutoff Radius =  6.0
Selected Radial Transform =  14.0
factor =  0.2
displacement =  0.0
dataset =  datasets/qm9.xyz
n_train =  500
n_test =  2000
Train RMSE: 3.013963805665806 [Train MAE: 2.065887076081553]
Test RMSE: 10.084471253404482 [Test MAE: 7.138607334723094]
FINISHED at Tue Jan 10 01:13:10 CET 2023
