STARTING AT Tue Jan 10 03:04:20 CET 2023
Random seed: 1000
6 14
Reading dataset
Shuffling and extracting from dataset (length: 10000)
Shuffling and extraction done
Calculating power spectrum
Expansion coefficients done
Computing training kernel
     Calculating kernels for center species 1
     Calculating kernels for center species 1
Beginning first index add...
Beginning second index add...
     Calculating kernels for center species 6
     Calculating kernels for center species 6
Beginning first index add...
Beginning second index add...
Training kernel done
Computing test kernel
     Calculating kernels for center species 1
     Calculating kernels for center species 1
Beginning first index add...
Beginning second index add...
     Calculating kernels for center species 6
     Calculating kernels for center species 6
Beginning first index add...
Beginning second index add...
Test kernel done
Calculating composition features
Composition features done
-8.0 21.68691843925814
-7.8 21.671971802962926
-7.6 21.64937782772833
-7.4 21.616075683476254
-7.2 21.56876585115006
-7.0 21.504898288062805
-6.8 21.42409216786714
-6.6 21.32897065810453
-6.4 21.223977178693545
-6.2 21.11234523898364
-6.0 20.994182443370573
-5.8 20.86843665402131
-5.6 20.737149216017556
-5.4 20.607170466595466
-5.199999999999999 20.486565649949945
-5.0 20.37763991879476
-4.8 20.271462474569642
-4.6 20.14795066301145
-4.4 19.98145809675818
-4.199999999999999 19.74834939213138
-4.0 19.433393428620978
-3.8 19.033431238475494
-3.5999999999999996 18.55760739250466
-3.3999999999999995 18.025951456263623
-3.1999999999999993 17.470532640298003
-3.0 16.939869532254654
-2.8 16.50085097278369
-2.5999999999999996 16.232838706416274
-2.3999999999999995 16.21620497702866
-2.1999999999999993 16.52194971506
-2.0 17.20497526216677
-1.7999999999999998 18.29905341305063
-1.5999999999999996 19.81166779499652
-1.3999999999999995 21.716624408603977
-1.1999999999999993 23.94606766530179
-1.0 26.397434922882343
-0.7999999999999998 28.975651150225506
-0.5999999999999996 31.666464973328505
-0.39999999999999947 34.5963267145436
-0.1999999999999993 38.013085279462004
0.0 42.152756381983
0.20000000000000107 47.051966862520764
0.40000000000000036 52.45149137034347
0.5999999999999996 57.87784723582369
0.8000000000000007 62.835785835782595
1.0 66.98143116905875
1.200000000000001 70.1921858835805
1.4000000000000004 72.52977042948812
1.6000000000000014 74.15331544263893
1.8000000000000007 75.2424438302862
2.0 75.95454118309303
2.200000000000001 76.41103203277302
2.4000000000000004 76.69913642435337
2.6000000000000014 76.87885560570491
2.8000000000000007 76.99017364323966
3.0 77.05896710977359
3.200000000000001 77.10154410869669
3.4000000000000004 77.12798771431292
3.6000000000000014 77.1444760060986
3.8000000000000007 77.15479261672579
4.0 77.1612650083843
Result sigma optimization:  -2.3999999999999995 16.21620497702866
E_max_2 =  400
Cutoff Radius =  6.0
Selected Radial Transform =  14.0
factor =  0.8
displacement =  0.0
dataset =  datasets/random-ch4-10k.extxyz
n_train =  500
n_test =  2000
Train RMSE: 10.189919167676983 [Train MAE: 8.01759149035585]
Test RMSE: 24.221783279406008 [Test MAE: 11.718814154753288]
FINISHED at Tue Jan 10 03:06:10 CET 2023
