STARTING AT Tue Jan 10 01:15:48 CET 2023
Random seed: 1000
8 20
Reading dataset
Shuffling and extracting from dataset (length: 133885)
Shuffling and extraction done
Calculating power spectrum
Expansion coefficients done
Computing training kernel
     Calculating kernels for center species 1
     Calculating kernels for center species 1
Beginning first index add...
Beginning second index add...
     Calculating kernels for center species 6
     Calculating kernels for center species 6
Beginning first index add...
Beginning second index add...
     Calculating kernels for center species 7
     Calculating kernels for center species 7
Beginning first index add...
Beginning second index add...
     Calculating kernels for center species 8
     Calculating kernels for center species 8
Beginning first index add...
Beginning second index add...
     Calculating kernels for center species 9
     Calculating kernels for center species 9
Beginning first index add...
Beginning second index add...
Training kernel done
Computing test kernel
     Calculating kernels for center species 1
     Calculating kernels for center species 1
Beginning first index add...
Beginning second index add...
     Calculating kernels for center species 6
     Calculating kernels for center species 6
Beginning first index add...
Beginning second index add...
     Calculating kernels for center species 7
     Calculating kernels for center species 7
Beginning first index add...
Beginning second index add...
     Calculating kernels for center species 8
     Calculating kernels for center species 8
Beginning first index add...
Beginning second index add...
     Calculating kernels for center species 9
     Calculating kernels for center species 9
Beginning first index add...
Beginning second index add...
Test kernel done
Calculating composition features
Composition features done
-8.0 3.0782364848189174
-7.8 3.0105612414380887
-7.6 2.961641848956293
-7.4 2.9322982279456338
-7.2 2.906097642123408
-7.0 2.881052495068463
-6.8 2.854014692130906
-6.6 2.8338575763507396
-6.4 2.819655057573982
-6.2 2.8305834266435705
-6.0 2.8621745020886302
-5.8 2.9234721167990356
-5.6 3.012302512567083
-5.4 3.1368040494588785
-5.199999999999999 3.2961406278984504
-5.0 3.4768665767856293
-4.8 3.704688763956714
-4.6 3.967513610768539
-4.4 4.252736751287186
-4.199999999999999 4.602303315623955
-4.0 5.009171983182838
-3.8 5.417175706676964
-3.5999999999999996 5.825783398869506
-3.3999999999999995 6.2246154459487295
-3.1999999999999993 6.58372769096127
-3.0 6.9198280259163
-2.8 7.282897887048603
-2.5999999999999996 7.759729164533492
-2.3999999999999995 8.38014705119055
-2.1999999999999993 9.144449323827226
-2.0 10.004654894090637
-1.7999999999999998 10.937052876843984
-1.5999999999999996 11.954277873100553
-1.3999999999999995 13.051523936438112
-1.1999999999999993 14.173652131187813
-1.0 15.255863726911894
-0.7999999999999998 16.245597412783663
-0.5999999999999996 17.122830109624193
-0.39999999999999947 17.87173501561214
-0.1999999999999993 18.474313366976794
0.0 18.976587560924358
0.20000000000000107 19.45015737151261
0.40000000000000036 19.865492801576252
0.5999999999999996 20.23614792409552
0.8000000000000007 20.55936870816469
1.0 20.82302137845898
1.200000000000001 21.027173753380847
1.4000000000000004 21.173989231776297
1.6000000000000014 21.273247659393608
1.8000000000000007 21.337548355518333
2.0 21.374549341928702
2.200000000000001 21.392839473096736
2.4000000000000004 21.39952025949134
2.6000000000000014 21.399793198796395
2.8000000000000007 21.39711708577547
3.0 21.393422996336888
3.200000000000001 21.3895290872796
3.4000000000000004 21.385588208368876
3.6000000000000014 21.381400966041934
3.8000000000000007 21.37671038365954
4.0 21.371438903356584
Result sigma optimization:  -6.4 2.819655057573982
E_max_2 =  700
Cutoff Radius =  6.0
Selected Radial Transform =  14.0
factor =  2.8
displacement =  0.0
dataset =  datasets/qm9.xyz
n_train =  500
n_test =  2000
Train RMSE: 1.4112635926216348 [Train MAE: 1.0782129040070267]
Test RMSE: 4.888777687338355 [Test MAE: 2.654229723032293]
FINISHED at Tue Jan 10 01:19:01 CET 2023
