STARTING AT Tue Jan 10 02:10:51 CET 2023
Random seed: 1000
7 18
Reading dataset
Shuffling and extracting from dataset (length: 105092)
Shuffling and extraction done
Calculating power spectrum
Expansion coefficients done
Computing training kernel
     Calculating kernels for center species 79
     Calculating kernels for center species 79
Beginning first index add...
Beginning second index add...
Training kernel done
Computing test kernel
     Calculating kernels for center species 79
     Calculating kernels for center species 79
Beginning first index add...
Beginning second index add...
Test kernel done
Calculating composition features
Composition features done
-8.0 185.5057344829123
-7.8 180.22032983032707
-7.6 174.6269064048298
-7.4 168.6779515322126
-7.2 162.5044389948912
-7.0 156.42591489253255
-6.8 150.86058298918198
-6.6 146.12469520643936
-6.4 142.209513661473
-6.2 138.71894284454805
-6.0 135.07422021239645
-5.8 130.85673229773457
-5.6 126.03859639972553
-5.4 120.96999902338693
-5.199999999999999 116.18248061929485
-5.0 112.15568208971224
-4.8 109.16676060932504
-4.6 107.26321577051985
-4.4 106.32441836368113
-4.199999999999999 106.13963455089089
-4.0 106.46099362334706
-3.8 107.05022220951103
-3.5999999999999996 107.74055852380138
-3.3999999999999995 108.48632996995727
-3.1999999999999993 109.36012012058946
-3.0 110.50392809082304
-2.8 112.0824133773539
-2.5999999999999996 114.27092786660154
-2.3999999999999995 117.25167991722023
-2.1999999999999993 121.15963091851108
-2.0 125.98664992084588
-1.7999999999999998 131.55976700986665
-1.5999999999999996 137.68063580906875
-1.3999999999999995 144.34904341093215
-1.1999999999999993 151.9078554178303
-1.0 160.98306900131143
-0.7999999999999998 172.16125849141363
-0.5999999999999996 185.5394394757224
-0.39999999999999947 200.5506335407404
-0.1999999999999993 216.3270633705627
0.0 232.29275668082346
0.20000000000000107 248.46054946301834
0.40000000000000036 265.2552975793023
0.5999999999999996 283.0655065175557
0.8000000000000007 301.88008686330056
1.0 321.31564539956935
1.200000000000001 341.06197270847673
1.4000000000000004 361.32983101792905
1.6000000000000014 382.75288498176195
1.8000000000000007 405.8213140671554
2.0 430.71356601071085
2.200000000000001 458.05039181919716
2.4000000000000004 489.6906537761917
2.6000000000000014 528.0716474872471
2.8000000000000007 573.9039287545581
3.0 624.3224588575914
3.200000000000001 673.8284727479619
3.4000000000000004 717.2580352052678
3.6000000000000014 751.9404100605205
3.8000000000000007 777.8168218817258
4.0 796.3936525161739
Result sigma optimization:  -4.199999999999999 106.13963455089089
E_max_2 =  600
Cutoff Radius =  6.0
Selected Radial Transform =  14.0
factor =  0.7
displacement =  0.0
dataset =  datasets/gold.xyz
n_train =  500
n_test =  2000
Train RMSE: 64.82183383250836 [Train MAE: 49.7424551666708]
Test RMSE: 105.6402064993123 [Test MAE: 74.37837935084113]
FINISHED at Tue Jan 10 02:13:33 CET 2023
