STARTING AT Tue Jan 10 03:06:51 CET 2023
Random seed: 1000
6 14
Reading dataset
Shuffling and extracting from dataset (length: 10000)
Shuffling and extraction done
Calculating power spectrum
Expansion coefficients done
Computing training kernel
     Calculating kernels for center species 1
     Calculating kernels for center species 1
Beginning first index add...
Beginning second index add...
     Calculating kernels for center species 6
     Calculating kernels for center species 6
Beginning first index add...
Beginning second index add...
Training kernel done
Computing test kernel
     Calculating kernels for center species 1
     Calculating kernels for center species 1
Beginning first index add...
Beginning second index add...
     Calculating kernels for center species 6
     Calculating kernels for center species 6
Beginning first index add...
Beginning second index add...
Test kernel done
Calculating composition features
Composition features done
-8.0 46.11929899692079
-7.8 42.4185857197811
-7.6 38.761125405340046
-7.4 35.56979447036573
-7.2 33.04131960520792
-7.0 31.088119569265167
-6.8 29.454438530306223
-6.6 27.880695567609326
-6.4 26.241655318944794
-6.2 24.59304178982717
-6.0 23.10316226123342
-5.8 21.933202788079317
-5.6 21.158612112888118
-5.4 20.766461284237074
-5.199999999999999 20.698073311549482
-5.0 20.886585722178726
-4.8 21.267654911314747
-4.6 21.78197326076187
-4.4 22.387216697333773
-4.199999999999999 23.068903988852174
-4.0 23.836619893060234
-3.8 24.709355986562763
-3.5999999999999996 25.700071863792253
-3.3999999999999995 26.80495152576069
-3.1999999999999993 28.000368990226608
-3.0 29.248434937533766
-2.8 30.510723900521413
-2.5999999999999996 31.773752735324084
-2.3999999999999995 33.08613928540292
-2.1999999999999993 34.59565189659098
-2.0 36.56574895366866
-1.7999999999999998 39.331112571366056
-1.5999999999999996 43.14035027747053
-1.3999999999999995 47.93359710093662
-1.1999999999999993 53.26847309741103
-1.0 58.52336019062193
-0.7999999999999998 63.19632369060396
-0.5999999999999996 67.04721522919563
-0.39999999999999947 70.05229702817738
-0.1999999999999993 72.29993047659974
0.0 73.91947572330214
0.20000000000000107 75.04782769569759
0.40000000000000036 75.81172511765794
0.5999999999999996 76.31718026591281
0.8000000000000007 76.64571628457635
1.0 76.85609163490095
1.200000000000001 76.98873931057354
1.4000000000000004 77.07066258223622
1.6000000000000014 77.11966172089625
1.8000000000000007 77.1475419215758
2.0 77.16228419132925
2.200000000000001 77.16932060501334
2.4000000000000004 77.17221868243166
2.6000000000000014 77.17313402172645
2.8000000000000007 77.17322921158737
3.0 77.1730560637081
3.200000000000001 77.17284108259402
3.4000000000000004 77.17265959695297
3.6000000000000014 77.17252580085133
3.8000000000000007 77.17243342616692
4.0 77.17237190232197
Result sigma optimization:  -5.199999999999999 20.698073311549482
E_max_2 =  400
Cutoff Radius =  6.0
Selected Radial Transform =  14.0
factor =  2.8
displacement =  0.0
dataset =  datasets/random-ch4-10k.extxyz
n_train =  500
n_test =  2000
Train RMSE: 17.058061821899678 [Train MAE: 13.690037237276073]
Test RMSE: 21.177633721444202 [Test MAE: 16.234392199458988]
FINISHED at Tue Jan 10 03:10:37 CET 2023
