STARTING AT Tue Jan 10 02:10:51 CET 2023
Random seed: 1000
6 14
Reading dataset
Shuffling and extracting from dataset (length: 105092)
Shuffling and extraction done
Calculating power spectrum
Expansion coefficients done
Computing training kernel
     Calculating kernels for center species 79
     Calculating kernels for center species 79
Beginning first index add...
Beginning second index add...
Training kernel done
Computing test kernel
     Calculating kernels for center species 79
     Calculating kernels for center species 79
Beginning first index add...
Beginning second index add...
Test kernel done
Calculating composition features
Composition features done
-8.0 147.46041615023475
-7.8 143.58455685204436
-7.6 140.43946592864287
-7.4 138.06611458815237
-7.2 136.38951280511242
-7.0 135.19999647219504
-6.8 134.14921764134377
-6.6 132.80923031686672
-6.4 130.79761884559508
-6.2 127.90723555523275
-6.0 124.1748573868776
-5.8 119.86051731394942
-5.6 115.34768729428342
-5.4 111.01640243732342
-5.199999999999999 107.15162076698488
-5.0 103.91322190501445
-4.8 101.3633978846102
-4.6 99.5304556336619
-4.4 98.4672818611575
-4.199999999999999 98.25645141382728
-4.0 98.95102371333832
-3.8 100.50438158464722
-3.5999999999999996 102.76531755703718
-3.3999999999999995 105.56348761347184
-3.1999999999999993 108.83237910664549
-3.0 112.6772009837524
-2.8 117.32650134691518
-2.5999999999999996 122.98216193469588
-2.3999999999999995 129.65648253987462
-2.1999999999999993 137.13263491532888
-2.0 145.11792917501506
-1.7999999999999998 153.48026066619173
-1.5999999999999996 162.39766172564185
-1.3999999999999995 172.3447619202022
-1.1999999999999993 183.8941409229781
-1.0 197.36215795119517
-0.7999999999999998 212.52619124351503
-0.5999999999999996 228.74362582027425
-0.39999999999999947 245.44768264890527
-0.1999999999999993 262.5717649415446
0.0 280.59195681906823
0.20000000000000107 300.3203838932679
0.40000000000000036 322.6749883843427
0.5999999999999996 348.3302326264861
0.8000000000000007 377.10587750791495
1.0 407.60342827136657
1.200000000000001 437.9100514731881
1.4000000000000004 467.13289906631786
1.6000000000000014 496.46416402158053
1.8000000000000007 528.7603350577748
2.0 566.5460534375835
2.200000000000001 609.6031651577506
2.4000000000000004 654.3620683471514
2.6000000000000014 695.9357604340611
2.8000000000000007 730.7869654889064
3.0 757.8412696810532
3.200000000000001 777.9834221307829
3.4000000000000004 793.0055427772319
3.6000000000000014 804.7149766163999
3.8000000000000007 814.3801749683357
4.0 822.5668077434942
Result sigma optimization:  -4.199999999999999 98.25645141382728
E_max_2 =  400
Cutoff Radius =  6.0
Selected Radial Transform =  14.0
factor =  0.6
displacement =  0.0
dataset =  datasets/gold.xyz
n_train =  500
n_test =  2000
Train RMSE: 72.50276631881081 [Train MAE: 55.17269247607406]
Test RMSE: 100.0329355317935 [Test MAE: 71.22674385928441]
FINISHED at Tue Jan 10 02:13:09 CET 2023
