STARTING AT Tue Jan 10 03:06:21 CET 2023
Random seed: 1000
6 14
Reading dataset
Shuffling and extracting from dataset (length: 10000)
Shuffling and extraction done
Calculating power spectrum
Expansion coefficients done
Computing training kernel
     Calculating kernels for center species 1
     Calculating kernels for center species 1
Beginning first index add...
Beginning second index add...
     Calculating kernels for center species 6
     Calculating kernels for center species 6
Beginning first index add...
Beginning second index add...
Training kernel done
Computing test kernel
     Calculating kernels for center species 1
     Calculating kernels for center species 1
Beginning first index add...
Beginning second index add...
     Calculating kernels for center species 6
     Calculating kernels for center species 6
Beginning first index add...
Beginning second index add...
Test kernel done
Calculating composition features
Composition features done
-8.0 51.66790095531499
-7.8 44.25748396605423
-7.6 38.97452798294126
-7.4 35.184516674551055
-7.2 32.20657971879614
-7.0 29.653445096068584
-6.8 27.432691953663507
-6.6 25.577053946014534
-6.4 24.091813104350912
-6.2 22.903477278628284
-6.0 21.907905008607425
-5.8 21.04313445028367
-5.6 20.31295689061423
-5.4 19.758037255490702
-5.199999999999999 19.41536274345445
-5.0 19.295686330648053
-4.8 19.38336336068451
-4.6 19.648537535315185
-4.4 20.061185433802564
-4.199999999999999 20.602991080035835
-4.0 21.273431712300056
-3.8 22.08530819122044
-3.5999999999999996 23.051669739479443
-3.3999999999999995 24.17214159893924
-3.1999999999999993 25.425022305236375
-3.0 26.76741972806066
-2.8 28.14431043535875
-2.5999999999999996 29.510541034892714
-2.3999999999999995 30.869674033328057
-2.1999999999999993 32.321490373136015
-2.0 34.096916478501214
-1.7999999999999998 36.54309861996068
-1.5999999999999996 39.99998915053754
-1.3999999999999995 44.5667355074459
-1.1999999999999993 49.9341966918129
-1.0 55.49301363298575
-0.7999999999999998 60.64178471172132
-0.5999999999999996 65.01623190391226
-0.39999999999999947 68.50888667810699
-0.1999999999999993 71.17095953777294
0.0 73.12164410405653
0.20000000000000107 74.50085423438159
0.40000000000000036 75.44590085689636
0.5999999999999996 76.07704625206676
0.8000000000000007 76.49017244257357
1.0 76.75624982931076
1.200000000000001 76.92503509078861
1.4000000000000004 77.0301735247914
1.6000000000000014 77.09399171972987
1.8000000000000007 77.13129325651374
2.0 77.15200990957725
2.200000000000001 77.1628286433405
2.4000000000000004 77.16811863625226
2.6000000000000014 77.17054546465711
2.8000000000000007 77.17159529116334
3.0 77.17202486720872
3.200000000000001 77.17219033642091
3.4000000000000004 77.17224896185029
3.6000000000000014 77.17226669085122
3.8000000000000007 77.17226993212637
4.0 77.17226874189383
Result sigma optimization:  -5.0 19.295686330648053
E_max_2 =  400
Cutoff Radius =  6.0
Selected Radial Transform =  14.0
factor =  2.6
displacement =  0.0
dataset =  datasets/random-ch4-10k.extxyz
n_train =  500
n_test =  2000
Train RMSE: 15.336648110950971 [Train MAE: 12.402815139275361]
Test RMSE: 19.640076668576356 [Test MAE: 14.773760606616479]
FINISHED at Tue Jan 10 03:06:36 CET 2023
