STARTING AT Tue Jan 10 02:15:54 CET 2023
Random seed: 1000
8 20
Reading dataset
Shuffling and extracting from dataset (length: 105092)
Shuffling and extraction done
Calculating power spectrum
Expansion coefficients done
Computing training kernel
     Calculating kernels for center species 79
     Calculating kernels for center species 79
Beginning first index add...
Beginning second index add...
Training kernel done
Computing test kernel
     Calculating kernels for center species 79
     Calculating kernels for center species 79
Beginning first index add...
Beginning second index add...
Test kernel done
Calculating composition features
Composition features done
-8.0 125.39713936107182
-7.8 126.1324662536253
-7.6 127.38434525978062
-7.4 129.3674103585817
-7.2 132.23560904022642
-7.0 136.0233724649435
-6.8 140.6345142883734
-6.6 145.8770765812638
-6.4 151.4856288597229
-6.2 157.11027374698912
-6.0 162.34189463749297
-5.8 166.8233000927984
-5.6 170.37048036461283
-5.4 173.00286529749013
-5.199999999999999 174.89054910901885
-5.0 176.29794007947316
-4.8 177.58135862466673
-4.6 179.2529507588614
-4.4 182.09258680689305
-4.199999999999999 187.24653793138583
-4.0 196.153942269014
-3.8 210.0646620857752
-3.5999999999999996 229.17515230204611
-3.3999999999999995 252.04731221495933
-3.1999999999999993 276.03214223148166
-3.0 298.4386191135423
-2.8 317.51157606420657
-2.5999999999999996 332.69328282229606
-2.3999999999999995 344.31514764082647
-2.1999999999999993 353.10215913259384
-2.0 359.77067999935855
-1.7999999999999998 364.8465516006283
-1.5999999999999996 368.6925154968565
-1.3999999999999995 371.63020804085573
-1.1999999999999993 374.06271795703015
-1.0 376.61522070188335
-0.7999999999999998 380.3857485400509
-0.5999999999999996 387.37161106731236
-0.39999999999999947 400.9232987270426
-0.1999999999999993 425.55133256858306
0.0 465.0440285530993
0.20000000000000107 519.2304306849513
0.40000000000000036 582.4263726537795
0.5999999999999996 645.8496819980492
0.8000000000000007 701.8923444588183
1.0 746.6636663660769
1.200000000000001 779.8316718506707
1.4000000000000004 803.1160354058268
1.6000000000000014 818.8682943615894
1.8000000000000007 829.2643844135114
2.0 836.0145596312143
2.200000000000001 840.3505532580807
2.4000000000000004 843.1152101176349
2.6000000000000014 844.8674177113115
2.8000000000000007 845.9702947426553
3.0 846.6563233308569
3.200000000000001 847.0724825344678
3.4000000000000004 847.3106345312036
3.6000000000000014 847.428026626745
3.8000000000000007 847.4615654460878
4.0 847.4378813983801
Result sigma optimization:  -8.0 125.39713936107182
E_max_2 =  700
Cutoff Radius =  6.0
Selected Radial Transform =  16.0
factor =  1.7
displacement =  0.0
dataset =  datasets/gold.xyz
n_train =  500
n_test =  2000
Train RMSE: 117.80403389988649 [Train MAE: 94.74485199314257]
Test RMSE: 127.51019666040511 [Test MAE: 102.1142990385645]
FINISHED at Tue Jan 10 02:17:51 CET 2023
