STARTING AT Tue Jan 10 02:16:55 CET 2023
Random seed: 1000
6 14
Reading dataset
Shuffling and extracting from dataset (length: 105092)
Shuffling and extraction done
Calculating power spectrum
Expansion coefficients done
Computing training kernel
     Calculating kernels for center species 79
     Calculating kernels for center species 79
Beginning first index add...
Beginning second index add...
Training kernel done
Computing test kernel
     Calculating kernels for center species 79
     Calculating kernels for center species 79
Beginning first index add...
Beginning second index add...
Test kernel done
Calculating composition features
Composition features done
-8.0 335.70547176785544
-7.8 357.0874746645091
-7.6 374.60590114391397
-7.4 388.38396328812826
-7.2 398.7728317221724
-7.0 406.2854365607205
-6.8 411.51886720986624
-6.6 415.0562584354747
-6.4 417.39404268834767
-6.2 418.91469821370794
-6.0 419.8933660592874
-5.8 420.5194032445686
-5.6 420.92027095274517
-5.4 421.18282255884
-5.199999999999999 421.3724002797364
-5.0 421.5542720124219
-4.8 421.82751753037473
-4.6 422.3918175719535
-4.4 423.68505114714736
-4.199999999999999 426.64646661360393
-4.0 433.12905876869826
-3.8 446.2755993824614
-3.5999999999999996 470.18244297053616
-3.3999999999999995 507.95398027010185
-3.1999999999999993 558.7339389296707
-3.0 616.677201015361
-2.8 673.6174774964139
-2.5999999999999996 723.0052850267235
-2.3999999999999995 761.8689849780577
-2.1999999999999993 790.3336281385666
-2.0 810.1539393372894
-1.7999999999999998 823.4882451789038
-1.5999999999999996 832.2564430947568
-1.3999999999999995 837.9368449429104
-1.1999999999999993 841.5816525290223
-1.0 843.9059793466041
-0.7999999999999998 845.3824000113111
-0.5999999999999996 846.317843567785
-0.39999999999999947 846.9095048967902
-0.1999999999999993 847.2832048131789
0.0 847.518852271837
0.20000000000000107 847.6670121532895
0.40000000000000036 847.7595484168174
0.5999999999999996 847.816396321023
0.8000000000000007 847.8498300858449
1.0 847.8671147337142
1.200000000000001 847.8721150301097
1.4000000000000004 847.8662393297592
1.6000000000000014 847.8489977810947
1.8000000000000007 847.8184435221344
2.0 847.7718235209832
2.200000000000001 847.7067964884211
2.4000000000000004 847.6233242222474
2.6000000000000014 847.5255490514497
2.8000000000000007 847.4220663128852
3.0 847.3234775870712
3.200000000000001 847.2384668775909
3.4000000000000004 847.1712226503333
3.6000000000000014 847.1215631054808
3.8000000000000007 847.0867168768106
4.0 847.0631319958694
Result sigma optimization:  -8.0 335.70547176785544
E_max_2 =  400
Cutoff Radius =  6.0
Selected Radial Transform =  16.0
factor =  2.5
displacement =  0.0
dataset =  datasets/gold.xyz
n_train =  500
n_test =  2000
Train RMSE: 327.7254350555936 [Train MAE: 261.0998110379511]
Test RMSE: 334.0336690953084 [Test MAE: 262.47168143211974]
FINISHED at Tue Jan 10 02:17:22 CET 2023
