STARTING AT Tue Jan 10 01:20:20 CET 2023
Random seed: 1000
7 16
Reading dataset
Shuffling and extracting from dataset (length: 133885)
Shuffling and extraction done
Calculating power spectrum
Expansion coefficients done
Computing training kernel
     Calculating kernels for center species 1
     Calculating kernels for center species 1
Beginning first index add...
Beginning second index add...
     Calculating kernels for center species 6
     Calculating kernels for center species 6
Beginning first index add...
Beginning second index add...
     Calculating kernels for center species 7
     Calculating kernels for center species 7
Beginning first index add...
Beginning second index add...
     Calculating kernels for center species 8
     Calculating kernels for center species 8
Beginning first index add...
Beginning second index add...
     Calculating kernels for center species 9
     Calculating kernels for center species 9
Beginning first index add...
Beginning second index add...
Training kernel done
Computing test kernel
     Calculating kernels for center species 1
     Calculating kernels for center species 1
Beginning first index add...
Beginning second index add...
     Calculating kernels for center species 6
     Calculating kernels for center species 6
Beginning first index add...
Beginning second index add...
     Calculating kernels for center species 7
     Calculating kernels for center species 7
Beginning first index add...
Beginning second index add...
     Calculating kernels for center species 8
     Calculating kernels for center species 8
Beginning first index add...
Beginning second index add...
     Calculating kernels for center species 9
     Calculating kernels for center species 9
Beginning first index add...
Beginning second index add...
Test kernel done
Calculating composition features
Composition features done
-8.0 5.754350995532761
-7.8 6.163335971350956
-7.6 6.590965415568033
-7.4 6.982378755627724
-7.2 7.3345247009760355
-7.0 7.694492696963309
-6.8 8.063549287007366
-6.6 8.423066069721418
-6.4 8.776087690763816
-6.2 9.146510783225938
-6.0 9.55696169358393
-5.8 9.985750687638356
-5.6 10.439245491890993
-5.4 10.91637167889363
-5.199999999999999 11.434878641330346
-5.0 12.005797903479834
-4.8 12.649594269093766
-4.6 13.34113957547507
-4.4 14.084023044698696
-4.199999999999999 14.853993649427371
-4.0 15.622209051684534
-3.8 16.300871000035492
-3.5999999999999996 16.90079136848863
-3.3999999999999995 17.440788464531884
-3.1999999999999993 17.98495006072859
-3.0 18.465946478940577
-2.8 18.871195844809723
-2.5999999999999996 19.220050411809208
-2.3999999999999995 19.51621972215144
-2.1999999999999993 19.773618160492767
-2.0 20.009256982084494
-1.7999999999999998 20.22330802695377
-1.5999999999999996 20.446291942848813
-1.3999999999999995 20.662718841302407
-1.1999999999999993 20.877868324921447
-1.0 21.06538036364121
-0.7999999999999998 21.217753218044127
-0.5999999999999996 21.329736663654167
-0.39999999999999947 21.40622898388705
-0.1999999999999993 21.454151815002252
0.0 21.48010296605203
0.20000000000000107 21.491554231669827
0.40000000000000036 21.494049104132444
0.5999999999999996 21.490805178639036
0.8000000000000007 21.483671865297346
1.0 21.473570601203022
1.200000000000001 21.46120886088418
1.4000000000000004 21.44753904385328
1.6000000000000014 21.43379535605355
1.8000000000000007 21.42116523582979
2.0 21.410398433674846
2.200000000000001 21.401646317090293
2.4000000000000004 21.39457102569806
2.6000000000000014 21.388582901406785
2.8000000000000007 21.383095036386912
3.0 21.377529761907468
3.200000000000001 21.371713153896366
3.4000000000000004 21.365917940916024
3.6000000000000014 21.360453696067765
3.8000000000000007 21.35620235756997
4.0 21.35266793128813
Result sigma optimization:  -8.0 5.754350995532761
E_max_2 =  500
Cutoff Radius =  6.0
Selected Radial Transform =  16.0
factor =  4.0
displacement =  0.0
dataset =  datasets/qm9.xyz
n_train =  500
n_test =  2000
Train RMSE: 6.489567690370121 [Train MAE: 4.780856708055528]
Test RMSE: 7.782352875181232 [Test MAE: 5.810215691033905]
FINISHED at Tue Jan 10 01:25:20 CET 2023
