STARTING AT Tue Jan 10 03:08:52 CET 2023
Random seed: 1000
6 14
Reading dataset
Shuffling and extracting from dataset (length: 10000)
Shuffling and extraction done
Calculating power spectrum
Expansion coefficients done
Computing training kernel
     Calculating kernels for center species 1
     Calculating kernels for center species 1
Beginning first index add...
Beginning second index add...
     Calculating kernels for center species 6
     Calculating kernels for center species 6
Beginning first index add...
Beginning second index add...
Training kernel done
Computing test kernel
     Calculating kernels for center species 1
     Calculating kernels for center species 1
Beginning first index add...
Beginning second index add...
     Calculating kernels for center species 6
     Calculating kernels for center species 6
Beginning first index add...
Beginning second index add...
Test kernel done
Calculating composition features
Composition features done
-8.0 35.82380079718719
-7.8 32.409631032623054
-7.6 29.036067690263422
-7.4 25.807065780755813
-7.2 22.881195471639895
-7.0 20.42329900255243
-6.8 18.537150383449305
-6.6 17.21491005799081
-6.4 16.34694736771161
-6.2 15.787748656032564
-6.0 15.419538583789059
-5.8 15.171595643285455
-5.6 15.005013265309012
-5.4 14.891358723422767
-5.199999999999999 14.801736319200268
-5.0 14.709242031553567
-4.8 14.599268896057197
-4.6 14.478227274755643
-4.4 14.37513453912222
-4.199999999999999 14.337238845275957
-4.0 14.423448782483828
-3.8 14.69743207354716
-3.5999999999999996 15.218527616199113
-3.3999999999999995 16.02732882477575
-3.1999999999999993 17.127369319396692
-3.0 18.47216269229323
-2.8 19.968038652602697
-2.5999999999999996 21.49486456929921
-2.3999999999999995 22.94000310430184
-2.1999999999999993 24.2384602447704
-2.0 25.41010986885425
-1.7999999999999998 26.591154983117818
-1.5999999999999996 28.06191453452022
-1.3999999999999995 30.24390078299752
-1.1999999999999993 33.588727182998994
-1.0 38.32446148573088
-0.7999999999999998 44.22550597346138
-0.5999999999999996 50.651526009024266
-0.39999999999999947 56.84660209660796
-0.1999999999999993 62.24662814839046
0.0 66.59881467692763
0.20000000000000107 69.90379343866992
0.40000000000000036 72.30026415958893
0.5999999999999996 73.97476915584966
0.8000000000000007 75.11041588615932
1.0 75.8626643039053
1.200000000000001 76.35176269832554
1.4000000000000004 76.66483282176742
1.6000000000000014 76.86225891581071
1.8000000000000007 76.98480141339336
2.0 77.05961773822246
2.200000000000001 77.10463625493384
2.4000000000000004 77.13148604596729
2.6000000000000014 77.14748339013636
2.8000000000000007 77.1570710827373
3.0 77.16287353249386
3.200000000000001 77.16642195665324
3.4000000000000004 77.16861181148144
3.6000000000000014 77.16997282667768
3.8000000000000007 77.17082302105396
4.0 77.17135597285936
Result sigma optimization:  -4.199999999999999 14.337238845275957
E_max_2 =  400
Cutoff Radius =  6.0
Selected Radial Transform =  16.0
factor =  1.5
displacement =  0.0
dataset =  datasets/random-ch4-10k.extxyz
n_train =  500
n_test =  2000
Train RMSE: 8.804759879125607 [Train MAE: 6.945791742556538]
Test RMSE: 15.257000936550064 [Test MAE: 9.757493095202522]
FINISHED at Tue Jan 10 03:11:20 CET 2023
