STARTING AT Tue Jan 10 03:09:23 CET 2023
Random seed: 1000
8 20
Reading dataset
Shuffling and extracting from dataset (length: 10000)
Shuffling and extraction done
Calculating power spectrum
Expansion coefficients done
Computing training kernel
     Calculating kernels for center species 1
     Calculating kernels for center species 1
Beginning first index add...
Beginning second index add...
     Calculating kernels for center species 6
     Calculating kernels for center species 6
Beginning first index add...
Beginning second index add...
Training kernel done
Computing test kernel
     Calculating kernels for center species 1
     Calculating kernels for center species 1
Beginning first index add...
Beginning second index add...
     Calculating kernels for center species 6
     Calculating kernels for center species 6
Beginning first index add...
Beginning second index add...
Test kernel done
Calculating composition features
Composition features done
-8.0 60.257757648400435
-7.8 53.22514313130144
-7.6 47.32562795749549
-7.4 42.39322758950695
-7.2 38.26766877585315
-7.0 34.832667186540704
-6.8 31.98648951752567
-6.6 29.595880759728065
-6.4 27.49080785455933
-6.2 25.513423837117777
-6.0 23.579004393073756
-5.8 21.701962481878144
-5.6 19.973929686733243
-5.4 18.50588115597368
-5.199999999999999 17.365650507226214
-5.0 16.550018579214477
-4.8 16.001371974052258
-4.6 15.641953030414516
-4.4 15.39946187620786
-4.199999999999999 15.220652001645307
-4.0 15.078845230805422
-3.8 14.976078155690578
-3.5999999999999996 14.937003508724654
-3.3999999999999995 14.997697900064008
-3.1999999999999993 15.198762814758902
-3.0 15.584751007634836
-2.8 16.199017137288678
-2.5999999999999996 17.066206654703947
-2.3999999999999995 18.172089934377833
-2.1999999999999993 19.457075930711365
-2.0 20.827163219759505
-1.7999999999999998 22.17584054307582
-1.5999999999999996 23.412759571773908
-1.3999999999999995 24.493588745540222
-1.1999999999999993 25.44116001262452
-1.0 26.35763383240719
-0.7999999999999998 27.439970524019575
-0.5999999999999996 28.999205722811908
-0.39999999999999947 31.439287318780526
-0.1999999999999993 35.11728174226406
0.0 40.100639993879206
0.20000000000000107 46.02704268046845
0.40000000000000036 52.23579836737037
0.5999999999999996 58.063527347575025
0.8000000000000007 63.07247842466488
1.0 67.09986639892095
1.200000000000001 70.17915408867862
1.4000000000000004 72.43971437365848
1.6000000000000014 74.04153446288274
1.8000000000000007 75.14209357853765
2.0 75.87916926761014
2.200000000000001 76.36294625099016
2.4000000000000004 76.67541849832733
2.6000000000000014 76.87437052478694
2.8000000000000007 76.99901061939595
3.0 77.0753605925709
3.200000000000001 77.12060139778711
3.4000000000000004 77.14619093962422
3.6000000000000014 77.15984615314987
3.8000000000000007 77.16667795993688
4.0 77.16988459692502
Result sigma optimization:  -3.5999999999999996 14.937003508724654
E_max_2 =  700
Cutoff Radius =  6.0
Selected Radial Transform =  16.0
factor =  1.7
displacement =  0.0
dataset =  datasets/random-ch4-10k.extxyz
n_train =  500
n_test =  2000
Train RMSE: 7.556438237286403 [Train MAE: 6.023515847661917]
Test RMSE: 17.273690759156416 [Test MAE: 10.307140776555775]
FINISHED at Tue Jan 10 03:10:56 CET 2023
