STARTING AT Tue Jan 10 03:07:57 CET 2023
Random seed: 1000
7 18
Reading dataset
Shuffling and extracting from dataset (length: 10000)
Shuffling and extraction done
Calculating power spectrum
Expansion coefficients done
Computing training kernel
     Calculating kernels for center species 1
     Calculating kernels for center species 1
Beginning first index add...
Beginning second index add...
     Calculating kernels for center species 6
     Calculating kernels for center species 6
Beginning first index add...
Beginning second index add...
Training kernel done
Computing test kernel
     Calculating kernels for center species 1
     Calculating kernels for center species 1
Beginning first index add...
Beginning second index add...
     Calculating kernels for center species 6
     Calculating kernels for center species 6
Beginning first index add...
Beginning second index add...
Test kernel done
Calculating composition features
Composition features done
-8.0 20.729919184219163
-7.8 20.72645582478383
-7.6 20.720991763260475
-7.4 20.712393955121588
-7.2 20.698920965816157
-7.0 20.6779439876852
-6.8 20.64560646161331
-6.6 20.596502996993745
-6.4 20.523596402221663
-6.2 20.41879163766676
-6.0 20.274692902313337
-5.8 20.0876883082487
-5.6 19.861287145755384
-5.4 19.607242691011628
-5.199999999999999 19.342447803093346
-5.0 19.082753790042755
-4.8 18.83759430977816
-4.6 18.607918787237452
-4.4 18.38678979300147
-4.199999999999999 18.161857046921323
-4.0 17.919607772894533
-3.8 17.649041668090852
-3.5999999999999996 17.341819312243867
-3.3999999999999995 16.99064672211122
-3.1999999999999993 16.591386908781082
-3.0 16.150656301473994
-2.8 15.693040353475471
-2.5999999999999996 15.260596480798046
-2.3999999999999995 14.905377235809981
-2.1999999999999993 14.682910894616315
-2.0 14.651003431737118
-1.7999999999999998 14.870005917910014
-1.5999999999999996 15.397621841374509
-1.3999999999999995 16.273999440391957
-1.1999999999999993 17.499605786006573
-1.0 19.017164333974492
-0.7999999999999998 20.713213166893603
-0.5999999999999996 22.44931444962256
-0.39999999999999947 24.119698533033645
-0.1999999999999993 25.719015703772538
0.0 27.400960550387047
0.20000000000000107 29.506454892045006
0.40000000000000036 32.50883179687725
0.5999999999999996 36.805189882084115
0.8000000000000007 42.4180582111642
1.0 48.869692474056
1.200000000000001 55.38210412103529
1.4000000000000004 61.23330600930712
1.6000000000000014 66.00325997847726
1.8000000000000007 69.60470983124688
2.0 72.17209926928984
2.200000000000001 73.92831690714601
2.4000000000000004 75.09537395210397
2.6000000000000014 75.85528538515598
2.8000000000000007 76.34279507020673
3.0 76.65202518876558
3.200000000000001 76.8465249866657
3.4000000000000004 76.96823553007272
3.6000000000000014 77.04427603970713
3.8000000000000007 77.09183565038944
4.0 77.12164889320628
Result sigma optimization:  -2.0 14.651003431737118
E_max_2 =  600
Cutoff Radius =  6.0
Selected Radial Transform =  16.0
factor =  0.8
displacement =  0.0
dataset =  datasets/random-ch4-10k.extxyz
n_train =  500
n_test =  2000
Train RMSE: 8.202438223672214 [Train MAE: 6.587253312308418]
Test RMSE: 15.899373271723318 [Test MAE: 10.062694725583835]
FINISHED at Tue Jan 10 03:09:36 CET 2023
