STARTING AT Tue Jan 10 01:20:20 CET 2023
Random seed: 1000
7 18
Reading dataset
Shuffling and extracting from dataset (length: 133885)
Shuffling and extraction done
Calculating power spectrum
Expansion coefficients done
Computing training kernel
     Calculating kernels for center species 1
     Calculating kernels for center species 1
Beginning first index add...
Beginning second index add...
     Calculating kernels for center species 6
     Calculating kernels for center species 6
Beginning first index add...
Beginning second index add...
     Calculating kernels for center species 7
     Calculating kernels for center species 7
Beginning first index add...
Beginning second index add...
     Calculating kernels for center species 8
     Calculating kernels for center species 8
Beginning first index add...
Beginning second index add...
     Calculating kernels for center species 9
     Calculating kernels for center species 9
Beginning first index add...
Beginning second index add...
Training kernel done
Computing test kernel
     Calculating kernels for center species 1
     Calculating kernels for center species 1
Beginning first index add...
Beginning second index add...
     Calculating kernels for center species 6
     Calculating kernels for center species 6
Beginning first index add...
Beginning second index add...
     Calculating kernels for center species 7
     Calculating kernels for center species 7
Beginning first index add...
Beginning second index add...
     Calculating kernels for center species 8
     Calculating kernels for center species 8
Beginning first index add...
Beginning second index add...
     Calculating kernels for center species 9
     Calculating kernels for center species 9
Beginning first index add...
Beginning second index add...
Test kernel done
Calculating composition features
Composition features done
-8.0 3.34135076878703
-7.8 3.4500053458025794
-7.6 3.5938568192471867
-7.4 3.7727883022124296
-7.2 3.991792993009847
-7.0 4.2525526113689995
-6.8 4.580278742934868
-6.6 4.946995145412453
-6.4 5.354095159796241
-6.2 5.785830806444108
-6.0 6.219364482576202
-5.8 6.61115662574541
-5.6 6.963449201650976
-5.4 7.292458901173843
-5.199999999999999 7.604070027348411
-5.0 7.941985732074885
-4.8 8.326990334358939
-4.6 8.759201346065092
-4.4 9.24539096511883
-4.199999999999999 9.769417707629676
-4.0 10.356686288086872
-3.8 11.071872477892146
-3.5999999999999996 11.986461685097835
-3.3999999999999995 13.049838705625211
-3.1999999999999993 14.182580271821061
-3.0 15.24238045096962
-2.8 16.164790614931377
-2.5999999999999996 16.922313186064944
-2.3999999999999995 17.542453804405174
-2.1999999999999993 18.05370305405298
-2.0 18.493736916711068
-1.7999999999999998 18.8750688049644
-1.5999999999999996 19.19596508933345
-1.3999999999999995 19.494128366386654
-1.1999999999999993 19.764430773961752
-1.0 20.020291476226785
-0.7999999999999998 20.26792719571733
-0.5999999999999996 20.512187995002265
-0.39999999999999947 20.750017578309887
-0.1999999999999993 20.960003751333605
0.0 21.130540819297284
0.20000000000000107 21.25782119384812
0.40000000000000036 21.34505285078925
0.5999999999999996 21.40243583159045
0.8000000000000007 21.436169425303977
1.0 21.45347194602372
1.200000000000001 21.459876190882166
1.4000000000000004 21.45851565442449
1.6000000000000014 21.4517314049648
1.8000000000000007 21.441601440298403
2.0 21.43009093475202
2.200000000000001 21.41886073382238
2.4000000000000004 21.40896728965488
2.6000000000000014 21.400759599576162
2.8000000000000007 21.394025463487104
3.0 21.388260117290606
3.200000000000001 21.382909586899377
3.4000000000000004 21.377434740721974
3.6000000000000014 21.371673663512905
3.8000000000000007 21.365914847422665
4.0 21.360460558753573
Result sigma optimization:  -8.0 3.34135076878703
E_max_2 =  600
Cutoff Radius =  6.0
Selected Radial Transform =  16.0
factor =  3.5
displacement =  0.0
dataset =  datasets/qm9.xyz
n_train =  500
n_test =  2000
Train RMSE: 2.7513546734342595 [Train MAE: 2.028574628959147]
Test RMSE: 5.02786992307 [Test MAE: 3.2384967183216853]
FINISHED at Tue Jan 10 01:22:48 CET 2023
