STARTING AT Tue Jan 10 02:17:25 CET 2023
Random seed: 1000
8 20
Reading dataset
Shuffling and extracting from dataset (length: 105092)
Shuffling and extraction done
Calculating power spectrum
Expansion coefficients done
Computing training kernel
     Calculating kernels for center species 79
     Calculating kernels for center species 79
Beginning first index add...
Beginning second index add...
Training kernel done
Computing test kernel
     Calculating kernels for center species 79
     Calculating kernels for center species 79
Beginning first index add...
Beginning second index add...
Test kernel done
Calculating composition features
Composition features done
-8.0 641.5365241773441
-7.8 642.3317574936592
-7.6 642.8364191175311
-7.4 643.1541421261148
-7.2 643.354288021502
-7.0 643.4799844449326
-6.8 643.5594511200902
-6.6 643.6113218044292
-6.4 643.652636219529
-6.2 643.7054740065972
-6.0 643.8127291046919
-5.8 644.0706304233328
-5.6 644.6961692686734
-5.4 646.1531348066994
-5.199999999999999 649.3411436468419
-5.0 655.7529228756757
-4.8 667.3005941103173
-4.6 685.4335585480885
-4.4 709.7775455387238
-4.199999999999999 737.578606366923
-4.0 764.8982679280226
-3.8 788.5504677730873
-3.5999999999999996 807.1066014476577
-3.3999999999999995 820.6545454791203
-3.1999999999999993 830.0626471188931
-3.0 836.3790177369514
-2.8 840.5263988814463
-2.5999999999999996 843.2105904419582
-2.3999999999999995 844.9317761060927
-2.1999999999999993 846.0289438099106
-2.0 846.725707690331
-1.7999999999999998 847.1671391380866
-1.5999999999999996 847.4463843555143
-1.3999999999999995 847.6228635374346
-1.1999999999999993 847.7343283345919
-1.0 847.8047022655758
-0.7999999999999998 847.8491212847554
-0.5999999999999996 847.8771516275816
-0.39999999999999947 847.894835042227
-0.1999999999999993 847.9059850719052
0.0 847.9130070908923
0.20000000000000107 847.9174162634494
0.40000000000000036 847.9201640996133
0.5999999999999996 847.9218436459843
0.8000000000000007 847.9228174266807
1.0 847.923295688053
1.200000000000001 847.9233818306454
1.4000000000000004 847.9230948801649
1.6000000000000014 847.922373984918
1.8000000000000007 847.9210662610676
2.0 847.918896234705
2.200000000000001 847.9154124309562
2.4000000000000004 847.9099047900228
2.6000000000000014 847.9012874672457
2.8000000000000007 847.8879501979523
3.0 847.8676081801701
3.200000000000001 847.8372414024443
3.4000000000000004 847.7933182971532
3.6000000000000014 847.7325973945726
3.8000000000000007 847.653701528614
4.0 847.5590600070044
Result sigma optimization:  -8.0 641.5365241773441
E_max_2 =  700
Cutoff Radius =  6.0
Selected Radial Transform =  16.0
factor =  3.5
displacement =  0.0
dataset =  datasets/gold.xyz
n_train =  500
n_test =  2000
Train RMSE: 638.9008360531458 [Train MAE: 507.628779943857]
Test RMSE: 623.027616230594 [Test MAE: 490.20394151528507]
FINISHED at Tue Jan 10 02:19:14 CET 2023
