STARTING AT Tue Jan 10 01:20:20 CET 2023
Random seed: 1000
8 20
Reading dataset
Shuffling and extracting from dataset (length: 133885)
Shuffling and extraction done
Calculating power spectrum
Expansion coefficients done
Computing training kernel
     Calculating kernels for center species 1
     Calculating kernels for center species 1
Beginning first index add...
Beginning second index add...
     Calculating kernels for center species 6
     Calculating kernels for center species 6
Beginning first index add...
Beginning second index add...
     Calculating kernels for center species 7
     Calculating kernels for center species 7
Beginning first index add...
Beginning second index add...
     Calculating kernels for center species 8
     Calculating kernels for center species 8
Beginning first index add...
Beginning second index add...
     Calculating kernels for center species 9
     Calculating kernels for center species 9
Beginning first index add...
Beginning second index add...
Training kernel done
Computing test kernel
     Calculating kernels for center species 1
     Calculating kernels for center species 1
Beginning first index add...
Beginning second index add...
     Calculating kernels for center species 6
     Calculating kernels for center species 6
Beginning first index add...
Beginning second index add...
     Calculating kernels for center species 7
     Calculating kernels for center species 7
Beginning first index add...
Beginning second index add...
     Calculating kernels for center species 8
     Calculating kernels for center species 8
Beginning first index add...
Beginning second index add...
     Calculating kernels for center species 9
     Calculating kernels for center species 9
Beginning first index add...
Beginning second index add...
Test kernel done
Calculating composition features
Composition features done
-8.0 3.2148523503913893
-7.8 3.247356538707798
-7.6 3.329027670556388
-7.4 3.4533433589004563
-7.2 3.6019159633037052
-7.0 3.7881162930062855
-6.8 4.0074059077102575
-6.6 4.281832981244719
-6.4 4.613073205949099
-6.2 4.986679831443063
-6.0 5.401622034413449
-5.8 5.816758155911404
-5.6 6.2408913286594325
-5.4 6.632144733279187
-5.199999999999999 6.985685445931449
-5.0 7.311873492085782
-4.8 7.6184207926490926
-4.6 7.940851542477554
-4.4 8.314365719051857
-4.199999999999999 8.737746474525833
-4.0 9.20715825098689
-3.8 9.72680803618516
-3.5999999999999996 10.302074941009923
-3.3999999999999995 10.995416476672574
-3.1999999999999993 11.90528814393509
-3.0 12.980986961201824
-2.8 14.134838817393698
-2.5999999999999996 15.22885332211008
-2.3999999999999995 16.174928613391938
-2.1999999999999993 16.951968588576857
-2.0 17.58499629216149
-1.7999999999999998 18.112260433202273
-1.5999999999999996 18.560128991321683
-1.3999999999999995 18.93192170117201
-1.1999999999999993 19.25314822955603
-1.0 19.54233340994004
-0.7999999999999998 19.806114851342194
-0.5999999999999996 20.051660951012693
-0.39999999999999947 20.290866091770695
-0.1999999999999993 20.52855057953846
0.0 20.759530609176014
0.20000000000000107 20.965619629005232
0.40000000000000036 21.133837112042215
0.5999999999999996 21.260031172921558
0.8000000000000007 21.34682149476199
1.0 21.40392734905114
1.200000000000001 21.43753928896658
1.4000000000000004 21.45475851825882
1.6000000000000014 21.46115787250972
1.8000000000000007 21.459783895185097
2.0 21.452982540744326
2.200000000000001 21.44279556595521
2.4000000000000004 21.431169717846934
2.6000000000000014 21.419777408856877
2.8000000000000007 21.40970784468815
3.0 21.401344258459996
3.200000000000001 21.39449640188714
3.4000000000000004 21.38865880864745
3.6000000000000014 21.383289328410203
3.8000000000000007 21.377825603516502
4.0 21.372060232617656
Result sigma optimization:  -8.0 3.2148523503913893
E_max_2 =  700
Cutoff Radius =  6.0
Selected Radial Transform =  16.0
factor =  3.5
displacement =  0.0
dataset =  datasets/qm9.xyz
n_train =  500
n_test =  2000
Train RMSE: 2.3057260724556983 [Train MAE: 1.708364101794257]
Test RMSE: 5.356456675972379 [Test MAE: 3.1750914812547464]
FINISHED at Tue Jan 10 01:23:26 CET 2023
