STARTING AT Tue Jan 10 02:16:55 CET 2023
Random seed: 1000
7 18
Reading dataset
Shuffling and extracting from dataset (length: 105092)
Shuffling and extraction done
Calculating power spectrum
Expansion coefficients done
Computing training kernel
     Calculating kernels for center species 79
     Calculating kernels for center species 79
Beginning first index add...
Beginning second index add...
Training kernel done
Computing test kernel
     Calculating kernels for center species 79
     Calculating kernels for center species 79
Beginning first index add...
Beginning second index add...
Test kernel done
Calculating composition features
Composition features done
-8.0 189.18045416447828
-7.8 207.9269365313504
-7.6 231.5903104270544
-7.4 258.18383123420926
-7.2 285.3033690432739
-7.0 310.96455619029615
-6.8 334.029750648513
-6.6 354.1003613225279
-6.4 371.11100120929416
-6.2 385.0523628943556
-6.0 395.9877393520281
-5.8 404.16236498283854
-5.6 410.0053638776967
-5.4 414.0298720950405
-5.199999999999999 416.7249665116762
-5.0 418.4939744210845
-4.8 419.6397966865663
-4.6 420.377182486904
-4.4 420.8548216637253
-4.199999999999999 421.1792584870199
-4.0 421.44089252707164
-3.8 421.75007222775383
-3.5999999999999996 422.30210402713595
-3.3999999999999995 423.50713763905026
-3.1999999999999993 426.23904476969636
-3.0 432.2357716397695
-2.8 444.5012892359651
-2.5999999999999996 467.0917262572669
-2.3999999999999995 503.35625313900624
-2.1999999999999993 552.9647426820346
-2.0 610.5283808326934
-1.7999999999999998 667.9295346367807
-1.5999999999999996 718.3086793815845
-1.3999999999999995 758.3090027865599
-1.1999999999999993 787.7956489692173
-1.0 808.4193907397947
-0.7999999999999998 822.3358374443226
-0.5999999999999996 831.5048735375537
-0.39999999999999947 837.4525438781588
-0.1999999999999993 841.2719752028235
0.0 843.7089408112375
0.20000000000000107 845.2574341360099
0.40000000000000036 846.2387644065691
0.5999999999999996 846.8595564220819
0.8000000000000007 847.2517282341337
1.0 847.4990995670339
1.200000000000001 847.6547351353332
1.4000000000000004 847.7520996207147
1.6000000000000014 847.8121637363677
1.8000000000000007 847.8478893539573
2.0 847.8670240409341
2.200000000000001 847.8738040239818
2.4000000000000004 847.869956325122
2.6000000000000014 847.8552788076094
2.8000000000000007 847.8280507642723
3.0 847.7855756492334
3.200000000000001 847.7252148564871
3.4000000000000004 847.6461249742798
3.6000000000000014 847.5512580903942
3.8000000000000007 847.4481991409682
4.0 847.3473961052839
Result sigma optimization:  -8.0 189.18045416447828
E_max_2 =  600
Cutoff Radius =  6.0
Selected Radial Transform =  16.0
factor =  2.5
displacement =  0.0
dataset =  datasets/gold.xyz
n_train =  500
n_test =  2000
Train RMSE: 182.2595162608921 [Train MAE: 150.69782692801127]
Test RMSE: 191.16558397251322 [Test MAE: 158.86762069918007]
FINISHED at Tue Jan 10 02:19:14 CET 2023
