STARTING AT Tue Jan 10 02:13:53 CET 2023
Random seed: 1000
7 18
Reading dataset
Shuffling and extracting from dataset (length: 105092)
Shuffling and extraction done
Calculating power spectrum
Expansion coefficients done
Computing training kernel
     Calculating kernels for center species 79
     Calculating kernels for center species 79
Beginning first index add...
Beginning second index add...
Training kernel done
Computing test kernel
     Calculating kernels for center species 79
     Calculating kernels for center species 79
Beginning first index add...
Beginning second index add...
Test kernel done
Calculating composition features
Composition features done
-8.0 602.238122298096
-7.8 596.2200921001673
-7.6 588.5569305091311
-7.4 579.4825554699344
-7.2 569.5678364593279
-7.0 559.1369364928252
-6.8 548.100394138396
-6.6 535.9859025008826
-6.4 522.2088493620142
-6.2 506.29728843556495
-6.0 488.1793439309367
-5.8 468.2784020883579
-5.6 447.40222264973175
-5.4 426.36829451197366
-5.199999999999999 405.62415280316594
-5.0 385.13044612032326
-4.8 364.6938215387811
-4.6 344.4351752083588
-4.4 324.8968376710599
-4.199999999999999 306.7196085430224
-4.0 290.2477461606418
-3.8 275.40264798982327
-3.5999999999999996 261.8741029984311
-3.3999999999999995 249.4271513611035
-3.1999999999999993 238.05854801956332
-3.0 227.90943568350912
-2.8 219.0721175220886
-2.5999999999999996 211.4790512372533
-2.3999999999999995 204.92631110439777
-2.1999999999999993 199.16237694644155
-2.0 193.9799161385579
-1.7999999999999998 189.28990240288903
-1.5999999999999996 185.1645796437342
-1.3999999999999995 181.84570556024863
-1.1999999999999993 179.71027884029385
-1.0 179.1577673103966
-0.7999999999999998 180.4268885958623
-0.5999999999999996 183.45686850420762
-0.39999999999999947 187.89990115466668
-0.1999999999999993 193.2507502815583
0.0 199.00114547392914
0.20000000000000107 204.77746349068227
0.40000000000000036 210.43300221197367
0.5999999999999996 216.05907147009663
0.8000000000000007 221.90972647655718
1.0 228.2678722869467
1.200000000000001 235.3086940827033
1.4000000000000004 243.03950429507827
1.6000000000000014 251.35590611081102
1.8000000000000007 260.155697608474
2.0 269.40129816662375
2.200000000000001 279.09841569150586
2.4000000000000004 289.2997593053805
2.6000000000000014 300.2488757550125
2.8000000000000007 312.5925989615577
3.0 327.42422636220334
3.200000000000001 345.95248111421245
3.4000000000000004 368.8520112826424
3.6000000000000014 395.71373964971366
3.8000000000000007 425.08862178244243
4.0 455.12727233439335
Result sigma optimization:  -1.0 179.1577673103966
E_max_2 =  600
Cutoff Radius =  6.0
Selected Radial Transform =  16.0
factor =  0.1
displacement =  0.0
dataset =  datasets/gold.xyz
n_train =  500
n_test =  2000
Train RMSE: 103.47004866190485 [Train MAE: 69.52182367408871]
Test RMSE: 166.14439410350957 [Test MAE: 107.11011887685248]
FINISHED at Tue Jan 10 02:18:21 CET 2023
