STARTING AT Tue Jan 10 02:16:24 CET 2023
Random seed: 1000
8 20
Reading dataset
Shuffling and extracting from dataset (length: 105092)
Shuffling and extraction done
Calculating power spectrum
Expansion coefficients done
Computing training kernel
     Calculating kernels for center species 79
     Calculating kernels for center species 79
Beginning first index add...
Beginning second index add...
Training kernel done
Computing test kernel
     Calculating kernels for center species 79
     Calculating kernels for center species 79
Beginning first index add...
Beginning second index add...
Test kernel done
Calculating composition features
Composition features done
-8.0 130.9335855415122
-7.8 133.96495448461957
-7.6 137.73307115960097
-7.4 142.07924521658242
-7.2 146.77062515955856
-7.0 151.54272623069792
-6.8 156.12246008577657
-6.6 160.24542716983197
-6.4 163.70302242947005
-6.2 166.40181803906992
-6.0 168.37840821656792
-5.8 169.76420005088394
-5.6 170.74654049896546
-5.4 171.567645436993
-5.199999999999999 172.5776035504168
-5.0 174.34008127958677
-4.8 177.76527145877182
-4.6 184.17605846364808
-4.4 195.09433018918227
-4.199999999999999 211.54830793126263
-4.0 233.17070731620072
-3.8 257.921519340968
-3.5999999999999996 282.8654579046468
-3.3999999999999995 305.3889890015193
-3.1999999999999993 323.9952060764493
-3.0 338.38988799647086
-2.8 349.09031499800386
-2.5999999999999996 356.919490368482
-2.3999999999999995 362.63961511918797
-2.1999999999999993 366.81392065638505
-2.0 369.8419599227488
-1.7999999999999998 372.0511595873631
-1.5999999999999996 373.7787803713662
-1.3999999999999995 375.4661776771275
-1.1999999999999993 377.83548986012534
-1.0 382.2236203397923
-0.7999999999999998 391.07147274364235
-0.5999999999999996 408.24867101726113
-0.39999999999999947 438.30699112545966
-0.1999999999999993 483.8648343409454
0.0 542.5668349497707
0.20000000000000107 607.0257372073759
0.40000000000000036 668.4195010614536
0.5999999999999996 720.4273502377389
0.8000000000000007 760.6650044453609
1.0 789.7925636257054
1.200000000000001 809.9151367809978
1.4000000000000004 823.3824116599345
1.6000000000000014 832.2077500812198
1.8000000000000007 837.9119802688022
2.0 841.565713278472
2.200000000000001 843.8916219247715
2.4000000000000004 845.3649888529919
2.6000000000000014 846.2931355213059
2.8000000000000007 846.872315277328
3.0 847.2264034886633
3.200000000000001 847.4325094835893
3.4000000000000004 847.537871190865
3.6000000000000014 847.5713661805664
3.8000000000000007 847.5519196511078
4.0 847.4947881422084
Result sigma optimization:  -8.0 130.9335855415122
E_max_2 =  700
Cutoff Radius =  6.0
Selected Radial Transform =  16.0
factor =  1.8
displacement =  0.0
dataset =  datasets/gold.xyz
n_train =  500
n_test =  2000
Train RMSE: 124.21565915903263 [Train MAE: 100.46147412834503]
Test RMSE: 134.19556418151066 [Test MAE: 108.6437712016745]
FINISHED at Tue Jan 10 02:18:59 CET 2023
