STARTING AT Tue Jan 10 02:15:24 CET 2023
Random seed: 1000
5 11
Reading dataset
Shuffling and extracting from dataset (length: 105092)
Shuffling and extraction done
Calculating power spectrum
Expansion coefficients done
Computing training kernel
     Calculating kernels for center species 79
     Calculating kernels for center species 79
Beginning first index add...
Beginning second index add...
Training kernel done
Computing test kernel
     Calculating kernels for center species 79
     Calculating kernels for center species 79
Beginning first index add...
Beginning second index add...
Test kernel done
Calculating composition features
Composition features done
-8.0 117.27822698809088
-7.8 118.40817961922934
-7.6 119.68746725544112
-7.4 121.19208106990818
-7.2 123.0926444791553
-7.0 125.64529291387682
-6.8 129.0895991436401
-6.6 133.49272409529672
-6.4 138.7088236887195
-6.2 144.57157326178034
-6.0 151.1653190322778
-5.8 158.866592526735
-5.6 168.0222460419094
-5.4 178.49258647491598
-5.199999999999999 189.50443405870658
-5.0 200.0054195715492
-4.8 209.22097481431666
-4.6 216.99230456689222
-4.4 223.76638420535727
-4.199999999999999 230.36031642656306
-4.0 237.6353688875763
-3.8 246.18354900302538
-3.5999999999999996 256.1761490821595
-3.3999999999999995 267.5026716317197
-3.1999999999999993 280.0805655440289
-3.0 293.9760393238177
-2.8 309.1741925349602
-2.5999999999999996 325.2688167150743
-2.3999999999999995 341.39846299195375
-2.1999999999999993 356.4950417621226
-2.0 369.73607823880565
-1.7999999999999998 380.9929319447926
-1.5999999999999996 391.1201245809629
-1.3999999999999995 402.16382832915485
-1.1999999999999993 417.56454376359716
-1.0 441.9170711971033
-0.7999999999999998 479.32702074037286
-0.5999999999999996 530.3832182481399
-0.39999999999999947 590.3486253492175
-0.1999999999999993 651.0951848993773
0.0 705.2126923496494
0.20000000000000107 748.7134766929497
0.40000000000000036 781.0788178798647
0.5999999999999996 803.8619845188992
0.8000000000000007 819.2966214400348
1.0 829.4824240980453
1.200000000000001 836.0815925315675
1.4000000000000004 840.2956921151911
1.6000000000000014 842.9495744862087
1.8000000000000007 844.5940431526286
2.0 845.5930997872134
2.200000000000001 846.1870533843975
2.4000000000000004 846.5335926633957
2.6000000000000014 846.7336757063478
2.8000000000000007 846.8492682561565
3.0 846.9167248254919
3.200000000000001 846.9566921311623
3.4000000000000004 846.9807503131241
3.6000000000000014 846.9954322816277
3.8000000000000007 847.0044879667554
4.0 847.0101162917795
Result sigma optimization:  -8.0 117.27822698809088
E_max_2 =  300
Cutoff Radius =  6.0
Selected Radial Transform =  16.0
factor =  1.2
displacement =  0.0
dataset =  datasets/gold.xyz
n_train =  500
n_test =  2000
Train RMSE: 109.71170501874366 [Train MAE: 89.46897815980346]
Test RMSE: 122.07980525984674 [Test MAE: 96.98901111364523]
FINISHED at Tue Jan 10 02:17:23 CET 2023
