STARTING AT Tue Jan 10 01:17:49 CET 2023
Random seed: 1000
6 14
Reading dataset
Shuffling and extracting from dataset (length: 133885)
Shuffling and extraction done
Calculating power spectrum
Expansion coefficients done
Computing training kernel
     Calculating kernels for center species 1
     Calculating kernels for center species 1
Beginning first index add...
Beginning second index add...
     Calculating kernels for center species 6
     Calculating kernels for center species 6
Beginning first index add...
Beginning second index add...
     Calculating kernels for center species 7
     Calculating kernels for center species 7
Beginning first index add...
Beginning second index add...
     Calculating kernels for center species 8
     Calculating kernels for center species 8
Beginning first index add...
Beginning second index add...
     Calculating kernels for center species 9
     Calculating kernels for center species 9
Beginning first index add...
Beginning second index add...
Training kernel done
Computing test kernel
     Calculating kernels for center species 1
     Calculating kernels for center species 1
Beginning first index add...
Beginning second index add...
     Calculating kernels for center species 6
     Calculating kernels for center species 6
Beginning first index add...
Beginning second index add...
     Calculating kernels for center species 7
     Calculating kernels for center species 7
Beginning first index add...
Beginning second index add...
     Calculating kernels for center species 8
     Calculating kernels for center species 8
Beginning first index add...
Beginning second index add...
     Calculating kernels for center species 9
     Calculating kernels for center species 9
Beginning first index add...
Beginning second index add...
Test kernel done
Calculating composition features
Composition features done
-8.0 3.79176526860724
-7.8 3.791402867565863
-7.6 3.790830103067972
-7.4 3.78992632116942
-7.2 3.788503807447967
-7.0 3.7863165962227505
-6.8 3.7829770614753944
-6.6 3.7779730668652336
-6.4 3.770332460837206
-6.2 3.759233554448001
-6.0 3.7443538818967643
-5.8 3.7259963081135647
-5.6 3.7032761612176546
-5.4 3.6753650214822917
-5.199999999999999 3.644775299675297
-5.0 3.6211868011855697
-4.8 3.6133719351377804
-4.6 3.6186862600552265
-4.4 3.6448418879594393
-4.199999999999999 3.707177260979748
-4.0 3.793331120877876
-3.8 3.9111702653537215
-3.5999999999999996 4.088068267819865
-3.3999999999999995 4.323835688498919
-3.1999999999999993 4.616815832889599
-3.0 4.95767211363322
-2.8 5.30575420470419
-2.5999999999999996 5.691346217779523
-2.3999999999999995 6.140662425077632
-2.1999999999999993 6.698107614445427
-2.0 7.3737509514703214
-1.7999999999999998 8.204294686694924
-1.5999999999999996 9.155624263610731
-1.3999999999999995 10.274991620015571
-1.1999999999999993 11.466981058130933
-1.0 12.72203555040251
-0.7999999999999998 13.96043977950479
-0.5999999999999996 15.127103983140815
-0.39999999999999947 16.219707119031963
-0.1999999999999993 17.243023418299952
0.0 18.149977012596086
0.20000000000000107 18.91141976854281
0.40000000000000036 19.551709950253393
0.5999999999999996 20.069403029363208
0.8000000000000007 20.46844284695967
1.0 20.75120662971062
1.200000000000001 20.94351967826892
1.4000000000000004 21.072888330850468
1.6000000000000014 21.166067202627975
1.8000000000000007 21.234745245309174
2.0 21.28313251277077
2.200000000000001 21.31611440990042
2.4000000000000004 21.335963511076667
2.6000000000000014 21.34655614634019
2.8000000000000007 21.35110053093607
3.0 21.352026034141513
3.200000000000001 21.351533443666348
3.4000000000000004 21.350232235683603
3.6000000000000014 21.34869448513398
3.8000000000000007 21.34732422002375
4.0 21.346257998248227
Result sigma optimization:  -4.8 3.6133719351377804
E_max_2 =  400
Cutoff Radius =  6.0
Selected Radial Transform =  16.0
factor =  1.4
displacement =  0.0
dataset =  datasets/qm9.xyz
n_train =  500
n_test =  2000
Train RMSE: 0.8075946622269154 [Train MAE: 0.6158527726290917]
Test RMSE: 4.7325630991059935 [Test MAE: 3.0479515045637178]
FINISHED at Tue Jan 10 01:20:48 CET 2023
