STARTING AT Tue Jan 10 02:15:54 CET 2023
Random seed: 1000
6 14
Reading dataset
Shuffling and extracting from dataset (length: 105092)
Shuffling and extraction done
Calculating power spectrum
Expansion coefficients done
Computing training kernel
     Calculating kernels for center species 79
     Calculating kernels for center species 79
Beginning first index add...
Beginning second index add...
Training kernel done
Computing test kernel
     Calculating kernels for center species 79
     Calculating kernels for center species 79
Beginning first index add...
Beginning second index add...
Test kernel done
Calculating composition features
Composition features done
-8.0 133.23674718062767
-7.8 137.05419317157646
-7.6 142.22710749184333
-7.4 148.81339506237023
-7.2 156.3758587726044
-7.0 164.05217780703646
-6.8 170.95768688639666
-6.6 176.56025861761103
-6.4 180.76453565980174
-6.2 183.78169549244524
-6.0 185.98081273191414
-5.8 187.83526958272208
-5.6 189.98229983924298
-5.4 193.3492971665926
-5.199999999999999 199.21117157536273
-5.0 208.93620672653688
-4.8 223.2856926420479
-4.6 241.67617597426025
-4.4 262.2057546947416
-4.199999999999999 282.5954602000423
-4.0 301.2151092665534
-3.8 317.42037011569744
-3.5999999999999996 331.2396130855562
-3.3999999999999995 342.9030519387237
-3.1999999999999993 352.5687871004646
-3.0 360.312694281704
-2.8 366.25386983708387
-2.5999999999999996 370.6439059967352
-2.3999999999999995 373.86820031473906
-2.1999999999999993 376.4348134157932
-2.0 379.0520831900414
-1.7999999999999998 382.8720221385284
-1.5999999999999996 389.92746879638344
-1.3999999999999995 403.58988550472833
-1.1999999999999993 428.3609334882986
-1.0 467.9668601084993
-0.7999999999999998 522.1354970219609
-0.5999999999999996 585.1128276880136
-0.39999999999999947 648.1370701041377
-0.1999999999999993 703.6932832407662
0.0 747.9916287788907
0.20000000000000107 780.7626164050366
0.40000000000000036 803.744718278517
0.5999999999999996 819.2809442058373
0.8000000000000007 829.5282774926264
1.0 836.1774712853841
1.200000000000001 840.4440222532631
1.4000000000000004 843.1583591732533
1.6000000000000014 844.8701228969951
1.8000000000000007 845.9356044730312
2.0 846.5826047508087
2.200000000000001 846.9560700123768
2.4000000000000004 847.1496153698723
2.6000000000000014 847.2267561663186
2.8000000000000007 847.2336638230387
3.0 847.2047053830686
3.200000000000001 847.1635941222079
3.4000000000000004 847.124019450827
3.6000000000000014 847.0917993476776
3.8000000000000007 847.0679463214971
4.0 847.0512926087196
Result sigma optimization:  -8.0 133.23674718062767
E_max_2 =  400
Cutoff Radius =  6.0
Selected Radial Transform =  16.0
factor =  1.6
displacement =  0.0
dataset =  datasets/gold.xyz
n_train =  500
n_test =  2000
Train RMSE: 126.99890730442209 [Train MAE: 102.38739189659383]
Test RMSE: 135.74280024836568 [Test MAE: 108.59669136355154]
FINISHED at Tue Jan 10 02:18:41 CET 2023
