STARTING AT Tue Jan 10 01:16:48 CET 2023
Random seed: 1000
8 20
Reading dataset
Shuffling and extracting from dataset (length: 133885)
Shuffling and extraction done
Calculating power spectrum
Expansion coefficients done
Computing training kernel
     Calculating kernels for center species 1
     Calculating kernels for center species 1
Beginning first index add...
Beginning second index add...
     Calculating kernels for center species 6
     Calculating kernels for center species 6
Beginning first index add...
Beginning second index add...
     Calculating kernels for center species 7
     Calculating kernels for center species 7
Beginning first index add...
Beginning second index add...
     Calculating kernels for center species 8
     Calculating kernels for center species 8
Beginning first index add...
Beginning second index add...
     Calculating kernels for center species 9
     Calculating kernels for center species 9
Beginning first index add...
Beginning second index add...
Training kernel done
Computing test kernel
     Calculating kernels for center species 1
     Calculating kernels for center species 1
Beginning first index add...
Beginning second index add...
     Calculating kernels for center species 6
     Calculating kernels for center species 6
Beginning first index add...
Beginning second index add...
     Calculating kernels for center species 7
     Calculating kernels for center species 7
Beginning first index add...
Beginning second index add...
     Calculating kernels for center species 8
     Calculating kernels for center species 8
Beginning first index add...
Beginning second index add...
     Calculating kernels for center species 9
     Calculating kernels for center species 9
Beginning first index add...
Beginning second index add...
Test kernel done
Calculating composition features
Composition features done
-8.0 4.998744873173906
-7.8 4.998744871614042
-7.6 4.998744869142708
-7.4 4.998744865224877
-7.2 4.998744859015844
-7.0 4.998744849175856
-6.8 4.998744833579632
-6.6 4.998744808862916
-6.4 4.99874476968825
-6.2 4.998744707600061
-6.0 4.998744609198604
-5.8 4.998744453240424
-5.6 4.998744206065368
-5.4 4.998743814318126
-5.199999999999999 4.998743193439142
-5.0 4.998742209409876
-4.8 4.99874064982053
-4.6 4.998738178021393
-4.4 4.998734260438115
-4.199999999999999 4.99872805137404
-4.0 4.9987182103889705
-3.8 4.998702612768115
-3.5999999999999996 4.998677890426034
-3.3999999999999995 4.998638703693207
-3.1999999999999993 4.998582271741436
-3.0 4.998493293802945
-2.8 4.998352157316757
-2.5999999999999996 4.9981281829054955
-2.3999999999999995 4.9977898848690625
-2.1999999999999993 4.997307743119155
-2.0 4.996748291965934
-1.7999999999999998 4.995880006547421
-1.5999999999999996 4.994526076336604
-1.3999999999999995 4.993148304872913
-1.1999999999999993 4.99252215049068
-1.0 4.993649876826785
-0.7999999999999998 4.99728852945574
-0.5999999999999996 5.007591434786271
-0.39999999999999947 5.039833910101259
-0.1999999999999993 5.102214219697338
0.0 5.2034338456624685
0.20000000000000107 5.377353434130027
0.40000000000000036 5.631628438983025
0.5999999999999996 5.9997482777956765
0.8000000000000007 6.480900743934353
1.0 7.081900090628631
1.200000000000001 7.862727053940861
1.4000000000000004 8.829498991256715
1.6000000000000014 9.902105907092002
1.8000000000000007 11.076499071123935
2.0 12.32345937554786
2.200000000000001 13.63597410636732
2.4000000000000004 14.952523936653892
2.6000000000000014 16.241146251759208
2.8000000000000007 17.417020043206268
3.0 18.458710271771878
3.200000000000001 19.315943219170336
3.4000000000000004 19.96384237367312
3.6000000000000014 20.42247013954219
3.8000000000000007 20.74281989490537
4.0 20.958147644648996
Result sigma optimization:  -1.1999999999999993 4.99252215049068
E_max_2 =  700
Cutoff Radius =  6.0
Selected Radial Transform =  16.0
factor =  0.5
displacement =  0.0
dataset =  datasets/qm9.xyz
n_train =  500
n_test =  2000
Train RMSE: 0.30184716577294934 [Train MAE: 0.20252708963266042]
Test RMSE: 6.339765483381093 [Test MAE: 4.302110696105159]
FINISHED at Tue Jan 10 01:17:42 CET 2023
