STARTING AT Tue Jan 10 03:10:53 CET 2023
Random seed: 1000
5 11
Reading dataset
Shuffling and extracting from dataset (length: 10000)
Shuffling and extraction done
Calculating power spectrum
Expansion coefficients done
Computing training kernel
     Calculating kernels for center species 1
     Calculating kernels for center species 1
Beginning first index add...
Beginning second index add...
     Calculating kernels for center species 6
     Calculating kernels for center species 6
Beginning first index add...
Beginning second index add...
Training kernel done
Computing test kernel
     Calculating kernels for center species 1
     Calculating kernels for center species 1
Beginning first index add...
Beginning second index add...
     Calculating kernels for center species 6
     Calculating kernels for center species 6
Beginning first index add...
Beginning second index add...
Test kernel done
Calculating composition features
Composition features done
-8.0 65.4194158108014
-7.8 65.28467325384689
-7.6 65.20997564532047
-7.4 65.17074820550894
-7.2 65.13673005751515
-7.0 65.08095063803911
-6.8 64.99552482557762
-6.6 64.89389379544076
-6.4 64.80245210528504
-6.2 64.74276901554111
-6.0 64.7174578793801
-5.8 64.71330908088436
-5.6 64.71270587372499
-5.4 64.70831142202815
-5.199999999999999 64.71114498914032
-5.0 64.74789560015182
-4.8 64.84737882485082
-4.6 65.02362819772696
-4.4 65.26872008399667
-4.199999999999999 65.56117338790187
-4.0 65.87982649741129
-3.8 66.20798489620087
-3.5999999999999996 66.52685272350097
-3.3999999999999995 66.81251375753165
-3.1999999999999993 67.04462143690414
-3.0 67.2186477885034
-2.8 67.35028039693252
-2.5999999999999996 67.46853688964721
-2.3999999999999995 67.60121046237344
-2.1999999999999993 67.7608030884122
-2.0 67.9408773744773
-1.7999999999999998 68.12670094389011
-1.5999999999999996 68.31185310275173
-1.3999999999999995 68.5076021849833
-1.1999999999999993 68.74026767378784
-1.0 69.04072258696571
-0.7999999999999998 69.43042621505059
-0.5999999999999996 69.90767112483108
-0.39999999999999947 70.4426384054983
-0.1999999999999993 70.99012296694023
0.0 71.51334489897184
0.20000000000000107 71.99771847002872
0.40000000000000036 72.44363721223742
0.5999999999999996 72.84972232708247
0.8000000000000007 73.2053531154817
1.0 73.4982916580174
1.200000000000001 73.72683894398979
1.4000000000000004 73.90496427874287
1.6000000000000014 74.05871914089875
1.8000000000000007 74.21742837694511
2.0 74.40304821281316
2.200000000000001 74.62225969269592
2.4000000000000004 74.86550907167307
2.6000000000000014 75.11260093479575
2.8000000000000007 75.34190901850464
3.0 75.53987660978349
3.200000000000001 75.70638815066366
3.4000000000000004 75.85349160859047
3.6000000000000014 75.99832846837339
3.8000000000000007 76.15297751460865
4.0 76.31668525705528
Result sigma optimization:  -5.4 64.70831142202815
E_max_2 =  300
Cutoff Radius =  6.0
Selected Radial Transform =  17.0
factor =  0.1
displacement =  0.0
dataset =  datasets/random-ch4-10k.extxyz
n_train =  500
n_test =  2000
Train RMSE: 55.98524063821528 [Train MAE: 31.068529808452826]
Test RMSE: 58.466417936366085 [Test MAE: 34.31275496960053]
FINISHED at Tue Jan 10 03:11:21 CET 2023
