STARTING AT Tue Jan 10 01:21:21 CET 2023
Random seed: 1000
7 16
Reading dataset
Shuffling and extracting from dataset (length: 133885)
Shuffling and extraction done
Calculating power spectrum
Expansion coefficients done
Computing training kernel
     Calculating kernels for center species 1
     Calculating kernels for center species 1
Beginning first index add...
Beginning second index add...
     Calculating kernels for center species 6
     Calculating kernels for center species 6
Beginning first index add...
Beginning second index add...
     Calculating kernels for center species 7
     Calculating kernels for center species 7
Beginning first index add...
Beginning second index add...
     Calculating kernels for center species 8
     Calculating kernels for center species 8
Beginning first index add...
Beginning second index add...
     Calculating kernels for center species 9
     Calculating kernels for center species 9
Beginning first index add...
Beginning second index add...
Training kernel done
Computing test kernel
     Calculating kernels for center species 1
     Calculating kernels for center species 1
Beginning first index add...
Beginning second index add...
     Calculating kernels for center species 6
     Calculating kernels for center species 6
Beginning first index add...
Beginning second index add...
     Calculating kernels for center species 7
     Calculating kernels for center species 7
Beginning first index add...
Beginning second index add...
     Calculating kernels for center species 8
     Calculating kernels for center species 8
Beginning first index add...
Beginning second index add...
     Calculating kernels for center species 9
     Calculating kernels for center species 9
Beginning first index add...
Beginning second index add...
Test kernel done
Calculating composition features
Composition features done
-8.0 5.119432514137112
-7.8 5.119432497975316
-7.6 5.1194324723635125
-7.4 5.119432431770285
-7.2 5.119432367434667
-7.0 5.119432265468735
-6.8 5.119432103863762
-6.6 5.119431847737992
-6.4 5.1194314418053235
-6.2 5.119430798447245
-6.0 5.119429778797611
-5.8 5.1194281627684814
-5.6 5.119425601553426
-5.4 5.119421542348266
-5.199999999999999 5.119415109062227
-5.0 5.119404913294549
-4.8 5.119388754847587
-4.6 5.119363147340676
-4.4 5.119322566959761
-4.199999999999999 5.11925826339822
-4.0 5.119156379275917
-3.8 5.118994979521969
-3.5999999999999996 5.118739368114009
-3.3999999999999995 5.118334727780771
-3.1999999999999993 5.117694609991786
-3.0 5.1166830792820965
-2.8 5.115087370580924
-2.5999999999999996 5.112576901326552
-2.3999999999999995 5.10871790602018
-2.1999999999999993 5.102884644576822
-2.0 5.093963214737302
-1.7999999999999998 5.0831116186285765
-1.5999999999999996 5.074702986016697
-1.3999999999999995 5.075984358902883
-1.1999999999999993 5.090800713341694
-1.0 5.121443946441466
-0.7999999999999998 5.176876820963345
-0.5999999999999996 5.282569111552682
-0.39999999999999947 5.447370628775838
-0.1999999999999993 5.71619029216721
0.0 6.071620543484211
0.20000000000000107 6.529225810888432
0.40000000000000036 7.100515792222488
0.5999999999999996 7.823262831897402
0.8000000000000007 8.696847104717529
1.0 9.700002604883169
1.200000000000001 10.792790513003288
1.4000000000000004 11.947036758034681
1.6000000000000014 13.13171857906032
1.8000000000000007 14.34647179037604
2.0 15.554924432594072
2.200000000000001 16.694126858736613
2.4000000000000004 17.739852543629517
2.6000000000000014 18.687549151301106
2.8000000000000007 19.473331569224737
3.0 20.0701537513433
3.200000000000001 20.49242443012303
3.4000000000000004 20.78497086672228
3.6000000000000014 20.984391635199994
3.8000000000000007 21.116800606770404
4.0 21.20361382871703
Result sigma optimization:  -1.5999999999999996 5.074702986016697
E_max_2 =  500
Cutoff Radius =  6.0
Selected Radial Transform =  17.0
factor =  0.7
displacement =  0.0
dataset =  datasets/qm9.xyz
n_train =  500
n_test =  2000
Train RMSE: 0.4513239966123275 [Train MAE: 0.30303861898973145]
Test RMSE: 6.454089242002969 [Test MAE: 4.431398065620251]
FINISHED at Tue Jan 10 01:24:23 CET 2023
