STARTING AT Tue Jan 10 02:18:56 CET 2023
Random seed: 1000
8 20
Reading dataset
Shuffling and extracting from dataset (length: 105092)
Shuffling and extraction done
Calculating power spectrum
Expansion coefficients done
Computing training kernel
     Calculating kernels for center species 79
     Calculating kernels for center species 79
Beginning first index add...
Beginning second index add...
Training kernel done
Computing test kernel
     Calculating kernels for center species 79
     Calculating kernels for center species 79
Beginning first index add...
Beginning second index add...
Test kernel done
Calculating composition features
Composition features done
-8.0 167.59810187580825
-7.8 167.7466307874229
-7.6 167.96976372339
-7.4 168.2400808132845
-7.2 168.48575766561086
-7.0 168.58501529480765
-6.8 168.369952922253
-6.6 167.6457807424685
-6.4 166.2274464829786
-6.2 163.97916364502564
-6.0 160.83504463894843
-5.8 156.79647584490226
-5.6 151.92712605756333
-5.4 146.36820622094646
-5.199999999999999 140.36319154081363
-5.0 134.25195723707205
-4.8 128.40797614380546
-4.6 123.13536612426749
-4.4 118.58142585018216
-4.199999999999999 114.72396677275636
-4.0 111.44703835295502
-3.8 108.64512466657573
-3.5999999999999996 106.27193753341666
-3.3999999999999995 104.32522334790124
-3.1999999999999993 102.8287188298923
-3.0 101.83983670293343
-2.8 101.45595463584591
-2.5999999999999996 101.79397213985027
-2.3999999999999995 102.94870680246682
-2.1999999999999993 104.95707825406485
-2.0 107.7955119649854
-1.7999999999999998 111.41172726751515
-1.5999999999999996 115.759380738329
-1.3999999999999995 120.80538272168751
-1.1999999999999993 126.52181069418359
-1.0 132.9022464613633
-0.7999999999999998 140.00547523360234
-0.5999999999999996 147.98563899691916
-0.39999999999999947 157.0980308723049
-0.1999999999999993 167.69407075808033
0.0 180.14534924080596
0.20000000000000107 194.64149819065855
0.40000000000000036 211.03006615810273
0.5999999999999996 228.94336126800573
0.8000000000000007 248.1153134719239
1.0 268.5113174267369
1.200000000000001 290.1048825297643
1.4000000000000004 312.56489373328094
1.6000000000000014 335.2863209156293
1.8000000000000007 357.8483203084933
2.0 380.40883683743124
2.200000000000001 403.56799947492505
2.4000000000000004 428.01182932205137
2.6000000000000014 454.6793590747179
2.8000000000000007 485.3518698546925
3.0 522.4052194305735
3.200000000000001 566.9390382693744
3.4000000000000004 616.7492298211356
3.6000000000000014 666.6823986284792
3.8000000000000007 711.372291517206
4.0 747.6868304217967
Result sigma optimization:  -2.8 101.45595463584591
E_max_2 =  700
Cutoff Radius =  6.0
Selected Radial Transform =  17.0
factor =  0.8
displacement =  0.0
dataset =  datasets/gold.xyz
n_train =  500
n_test =  2000
Train RMSE: 62.16044851488934 [Train MAE: 46.8451821991349]
Test RMSE: 94.61809370170528 [Test MAE: 67.49249650246139]
FINISHED at Tue Jan 10 02:20:56 CET 2023
