STARTING AT Tue Jan 10 03:13:55 CET 2023
Random seed: 1000
8 20
Reading dataset
Shuffling and extracting from dataset (length: 10000)
Shuffling and extraction done
Calculating power spectrum
Expansion coefficients done
Computing training kernel
     Calculating kernels for center species 1
     Calculating kernels for center species 1
Beginning first index add...
Beginning second index add...
     Calculating kernels for center species 6
     Calculating kernels for center species 6
Beginning first index add...
Beginning second index add...
Training kernel done
Computing test kernel
     Calculating kernels for center species 1
     Calculating kernels for center species 1
Beginning first index add...
Beginning second index add...
     Calculating kernels for center species 6
     Calculating kernels for center species 6
Beginning first index add...
Beginning second index add...
Test kernel done
Calculating composition features
Composition features done
-8.0 61.558867949247144
-7.8 55.278478594145106
-7.6 49.70595426784153
-7.4 44.75932390350135
-7.2 40.37933947579091
-7.0 36.55764348177498
-6.8 33.307223758343426
-6.6 30.593900918728743
-6.4 28.298718149187675
-6.2 26.25636568646948
-6.0 24.338235742768717
-5.8 22.507539092327594
-5.6 20.811111693248005
-5.4 19.328937072552787
-5.199999999999999 18.121569327740293
-5.0 17.203240847942595
-4.8 16.54431441900576
-4.6 16.08846429479701
-4.4 15.771198942987988
-4.199999999999999 15.53659891489561
-4.0 15.350896602557386
-3.8 15.208503193078679
-3.5999999999999996 15.128418276558374
-3.3999999999999995 15.14515381528765
-3.1999999999999993 15.301821592549382
-3.0 15.647501064810415
-2.8 16.230375595421968
-2.5999999999999996 17.07902097361336
-2.3999999999999995 18.180002981888173
-2.1999999999999993 19.46924886507786
-2.0 20.84413710190639
-1.7999999999999998 22.189747613551454
-1.5999999999999996 23.410956984157995
-1.3999999999999995 24.4616413258534
-1.1999999999999993 25.361596522908517
-1.0 26.203473208132884
-0.7999999999999998 27.165559270729005
-0.5999999999999996 28.53628173896615
-0.39999999999999947 30.713418338942308
-0.1999999999999993 34.09537370184405
0.0 38.84189780161108
0.20000000000000107 44.67987721979729
0.40000000000000036 50.972203106838826
0.5999999999999996 57.0068843816648
0.8000000000000007 62.26795567450857
1.0 66.52934452111032
1.200000000000001 69.79399561417269
1.4000000000000004 72.18756519678179
1.6000000000000014 73.87932238730558
1.8000000000000007 75.03870666166726
2.0 75.81359261668358
2.200000000000001 76.32145834030041
2.4000000000000004 76.64920880564675
2.6000000000000014 76.8578283459066
2.8000000000000007 76.9885776453915
3.0 77.06878484866601
3.200000000000001 77.11645918914238
3.4000000000000004 77.14358281147308
3.6000000000000014 77.15820428240053
3.8000000000000007 77.16564428525052
4.0 77.16923362862342
Result sigma optimization:  -3.5999999999999996 15.128418276558374
E_max_2 =  700
Cutoff Radius =  6.0
Selected Radial Transform =  17.0
factor =  2.4
displacement =  0.0
dataset =  datasets/random-ch4-10k.extxyz
n_train =  500
n_test =  2000
Train RMSE: 7.371757330996595 [Train MAE: 5.8774102252009905]
Test RMSE: 17.284690861037593 [Test MAE: 10.263486244586655]
FINISHED at Tue Jan 10 03:14:11 CET 2023
