STARTING AT Tue Jan 10 02:20:57 CET 2023
Random seed: 1000
8 20
Reading dataset
Shuffling and extracting from dataset (length: 105092)
Shuffling and extraction done
Calculating power spectrum
Expansion coefficients done
Computing training kernel
     Calculating kernels for center species 79
     Calculating kernels for center species 79
Beginning first index add...
Beginning second index add...
Training kernel done
Computing test kernel
     Calculating kernels for center species 79
     Calculating kernels for center species 79
Beginning first index add...
Beginning second index add...
Test kernel done
Calculating composition features
Composition features done
-8.0 133.00822174832874
-7.8 136.494774707562
-7.6 140.58869989810023
-7.4 145.07510316278578
-7.2 149.6980735065848
-7.0 154.19844824371677
-6.8 158.3294087007837
-6.6 161.8797174448976
-6.4 164.72350169271922
-6.2 166.85337467876434
-6.0 168.3638482893996
-5.8 169.41161754523552
-5.6 170.19728047883493
-5.4 170.99400758206153
-5.199999999999999 172.22973046759535
-5.0 174.61399849287244
-4.8 179.25946020692552
-4.6 187.64755137864316
-4.4 201.1920450509276
-4.199999999999999 220.36315393847588
-4.0 243.96929113835472
-3.8 269.3916543768533
-3.5999999999999996 293.68603581923884
-3.3999999999999995 314.68128445531
-3.1999999999999993 331.4448273244927
-3.0 344.1100311689367
-2.8 353.3941104272208
-2.5999999999999996 360.1342998160484
-2.3999999999999995 365.0218410806784
-2.1999999999999993 368.5508961284897
-2.0 371.0862301815499
-1.7999999999999998 372.9469861502801
-1.5999999999999996 374.4811630423643
-1.3999999999999995 376.1748615778982
-1.1999999999999993 378.86832138913155
-1.0 384.14219476396767
-0.7999999999999998 394.816474627595
-0.5999999999999996 415.0935154664028
-0.39999999999999947 449.3226064807519
-0.1999999999999993 498.9855108195478
0.0 560.1566020839781
0.20000000000000107 624.601034855301
0.40000000000000036 683.8717907193161
0.5999999999999996 732.7140229266689
0.8000000000000007 769.7321372174927
1.0 796.1392090981209
1.200000000000001 814.199908639161
1.4000000000000004 826.2064353342734
1.6000000000000014 834.0400023311796
1.8000000000000007 839.0887673475788
2.0 842.3166276709327
2.200000000000001 844.3688061659258
2.4000000000000004 845.6674290729567
2.6000000000000014 846.4845021864184
2.8000000000000007 846.993271160048
3.0 847.3028012377341
3.200000000000001 847.4807392730182
3.4000000000000004 847.5683056261486
3.6000000000000014 847.5905624584508
3.8000000000000007 847.5640206474872
4.0 847.5024110727448
Result sigma optimization:  -8.0 133.00822174832874
E_max_2 =  700
Cutoff Radius =  6.0
Selected Radial Transform =  17.0
factor =  2.6
displacement =  0.0
dataset =  datasets/gold.xyz
n_train =  500
n_test =  2000
Train RMSE: 126.3527680908645 [Train MAE: 102.32448963901608]
Test RMSE: 136.6849045936496 [Test MAE: 110.79263596211653]
FINISHED at Tue Jan 10 02:23:05 CET 2023
