STARTING AT Tue Jan 10 02:19:26 CET 2023
Random seed: 1000
8 20
Reading dataset
Shuffling and extracting from dataset (length: 105092)
Shuffling and extraction done
Calculating power spectrum
Expansion coefficients done
Computing training kernel
     Calculating kernels for center species 79
     Calculating kernels for center species 79
Beginning first index add...
Beginning second index add...
Training kernel done
Computing test kernel
     Calculating kernels for center species 79
     Calculating kernels for center species 79
Beginning first index add...
Beginning second index add...
Test kernel done
Calculating composition features
Composition features done
-8.0 134.49898222905287
-7.8 132.6558714674564
-7.6 130.61979319055848
-7.4 128.56376034231502
-7.2 126.69835472522765
-7.0 125.19254712184424
-6.8 124.09823954969143
-6.6 123.32377439310648
-6.4 122.67425382862531
-6.2 121.9388646242141
-6.0 120.98102351256922
-5.8 119.7895465629635
-5.6 118.46933849066586
-5.4 117.17666551864798
-5.199999999999999 116.039706867333
-5.0 115.11939290060026
-4.8 114.4228693140531
-4.6 113.93831011952274
-4.4 113.66601178495125
-4.199999999999999 113.63585204380736
-4.0 113.89832072877834
-3.8 114.49109857993454
-3.5999999999999996 115.41285444508036
-3.3999999999999995 116.63441050528532
-3.1999999999999993 118.1461846087651
-3.0 120.01347896151648
-2.8 122.40505349600843
-2.5999999999999996 125.58664145672826
-2.3999999999999995 129.92132115235975
-2.1999999999999993 135.91347515268936
-2.0 144.19192188580072
-1.7999999999999998 155.22082611442488
-1.5999999999999996 168.80248220364402
-1.3999999999999995 183.88604146043843
-1.1999999999999993 199.01069860410445
-1.0 213.00551288913704
-0.7999999999999998 225.39344490552844
-0.5999999999999996 236.39369655217885
-0.39999999999999947 246.7590857412194
-0.1999999999999993 257.61290193413487
0.0 270.16320724261965
0.20000000000000107 285.13759712050137
0.40000000000000036 302.26745402708326
0.5999999999999996 320.46962120278357
0.8000000000000007 338.6599676985701
1.0 356.33257800204746
1.200000000000001 373.5139285229442
1.4000000000000004 390.66695669044157
1.6000000000000014 409.1131429703382
1.8000000000000007 431.6517562917959
2.0 462.3351695389778
2.200000000000001 504.48559142236485
2.4000000000000004 557.6857556846816
2.6000000000000014 616.6728959262533
2.8000000000000007 673.849002030948
3.0 723.0910732894658
3.200000000000001 761.6834258279221
3.4000000000000004 789.8741844627197
3.6000000000000014 809.4623853187732
3.8000000000000007 822.615325233859
4.0 831.2522511820808
Result sigma optimization:  -4.199999999999999 113.63585204380736
E_max_2 =  700
Cutoff Radius =  6.0
Selected Radial Transform =  17.0
factor =  1.4
displacement =  0.0
dataset =  datasets/gold.xyz
n_train =  500
n_test =  2000
Train RMSE: 98.22761064056422 [Train MAE: 77.33954890952563]
Test RMSE: 118.07681554717234 [Test MAE: 91.20669177987692]
FINISHED at Tue Jan 10 02:22:13 CET 2023
