STARTING AT Tue Jan 10 01:24:53 CET 2023
Random seed: 1000
8 20
Reading dataset
Shuffling and extracting from dataset (length: 133885)
Shuffling and extraction done
Calculating power spectrum
Expansion coefficients done
Computing training kernel
     Calculating kernels for center species 1
     Calculating kernels for center species 1
Beginning first index add...
Beginning second index add...
     Calculating kernels for center species 6
     Calculating kernels for center species 6
Beginning first index add...
Beginning second index add...
     Calculating kernels for center species 7
     Calculating kernels for center species 7
Beginning first index add...
Beginning second index add...
     Calculating kernels for center species 8
     Calculating kernels for center species 8
Beginning first index add...
Beginning second index add...
     Calculating kernels for center species 9
     Calculating kernels for center species 9
Beginning first index add...
Beginning second index add...
Training kernel done
Computing test kernel
     Calculating kernels for center species 1
     Calculating kernels for center species 1
Beginning first index add...
Beginning second index add...
     Calculating kernels for center species 6
     Calculating kernels for center species 6
Beginning first index add...
Beginning second index add...
     Calculating kernels for center species 7
     Calculating kernels for center species 7
Beginning first index add...
Beginning second index add...
     Calculating kernels for center species 8
     Calculating kernels for center species 8
Beginning first index add...
Beginning second index add...
     Calculating kernels for center species 9
     Calculating kernels for center species 9
Beginning first index add...
Beginning second index add...
Test kernel done
Calculating composition features
Composition features done
-8.0 2.9758799250451267
-7.8 2.9238111242149607
-7.6 2.8819949855317244
-7.4 2.8434609696728295
-7.2 2.824607991395693
-7.0 2.825085114280402
-6.8 2.8328498298087506
-6.6 2.846536148632702
-6.4 2.8700639261648173
-6.2 2.9226092193263464
-6.0 2.9945448867011
-5.8 3.0810151172556797
-5.6 3.1930156900231377
-5.4 3.3389158390203373
-5.199999999999999 3.522536374280753
-5.0 3.7421610194581443
-4.8 4.016909426003171
-4.6 4.340630283033417
-4.4 4.739012230341847
-4.199999999999999 5.184431843741273
-4.0 5.64827167212154
-3.8 6.099327597228286
-3.5999999999999996 6.517646326202841
-3.3999999999999995 6.909268422371533
-3.1999999999999993 7.303728150587936
-3.0 7.8131678591921805
-2.8 8.436988256518104
-2.5999999999999996 9.191821945956617
-2.3999999999999995 10.041107114555198
-2.1999999999999993 10.966421660984517
-2.0 11.92042253065502
-1.7999999999999998 12.942210127144644
-1.5999999999999996 14.052819499038437
-1.3999999999999995 15.139113339526878
-1.1999999999999993 16.14135319869392
-1.0 17.005102622769677
-0.7999999999999998 17.734886970261062
-0.5999999999999996 18.32590467298232
-0.39999999999999947 18.794155940524682
-0.1999999999999993 19.192267566061236
0.0 19.574189968358436
0.20000000000000107 19.932385874822952
0.40000000000000036 20.25941724547782
0.5999999999999996 20.55861626565261
0.8000000000000007 20.814480051677126
1.0 21.017772114809308
1.200000000000001 21.16839804696096
1.4000000000000004 21.27207344393122
1.6000000000000014 21.34104389532738
1.8000000000000007 21.38225271381042
2.0 21.403339643997864
2.200000000000001 21.411199388204352
2.4000000000000004 21.411175301032138
2.6000000000000014 21.40719884534385
2.8000000000000007 21.4018046360791
3.0 21.396380093749613
3.200000000000001 21.39138197981282
3.4000000000000004 21.386746331861993
3.6000000000000014 21.382113536516304
3.8000000000000007 21.377127200507804
4.0 21.371664607359698
Result sigma optimization:  -7.2 2.824607991395693
E_max_2 =  700
Cutoff Radius =  6.0
Selected Radial Transform =  17.0
factor =  4.0
displacement =  0.0
dataset =  datasets/qm9.xyz
n_train =  500
n_test =  2000
Train RMSE: 1.0758802764050213 [Train MAE: 0.8325254537604848]
Test RMSE: 5.303221450946896 [Test MAE: 2.7825249241366548]
FINISHED at Tue Jan 10 01:27:06 CET 2023
