STARTING AT Tue Jan 10 02:20:57 CET 2023
Random seed: 1000
7 18
Reading dataset
Shuffling and extracting from dataset (length: 105092)
Shuffling and extraction done
Calculating power spectrum
Expansion coefficients done
Computing training kernel
     Calculating kernels for center species 79
     Calculating kernels for center species 79
Beginning first index add...
Beginning second index add...
Training kernel done
Computing test kernel
     Calculating kernels for center species 79
     Calculating kernels for center species 79
Beginning first index add...
Beginning second index add...
Test kernel done
Calculating composition features
Composition features done
-8.0 155.44807771920486
-7.8 158.0948142538828
-7.6 160.19197948907853
-7.4 161.77058749678736
-7.2 162.90235592817024
-7.0 163.68988276515213
-6.8 164.2557209043929
-6.6 164.75439330368246
-6.4 165.42826151671807
-6.2 166.7224039190536
-6.0 169.44873493678958
-5.8 174.91210798587238
-5.6 184.7756319827873
-5.4 200.41772448194678
-5.199999999999999 221.94429541217025
-5.0 247.64748602148188
-4.8 274.5431041489061
-4.6 299.61366588497606
-4.4 320.83699681383354
-4.199999999999999 337.4907202365641
-4.0 349.8582831178853
-3.8 358.72167215899816
-3.5999999999999996 364.94292723324975
-3.3999999999999995 369.2501841415055
-3.1999999999999993 372.1942630518641
-3.0 374.1821197679365
-2.8 375.51983239416535
-2.5999999999999996 376.4490644440628
-2.3999999999999995 377.18908224118616
-2.1999999999999993 378.00671611949707
-2.0 379.3503678602456
-1.7999999999999998 382.1047790768545
-1.5999999999999996 388.01437763753773
-1.3999999999999995 400.1625234537115
-1.1999999999999993 422.91415358586795
-1.0 460.2715415648565
-0.7999999999999998 512.6790591128884
-0.5999999999999996 575.064070961971
-0.39999999999999947 638.7892646846775
-0.1999999999999993 695.9100629705786
0.0 742.0450461537528
0.20000000000000107 776.4968461794653
0.40000000000000036 800.8176177155043
0.5999999999999996 817.333441351351
0.8000000000000007 828.2612470220265
1.0 835.3691890871273
1.200000000000001 839.9414019776887
1.4000000000000004 842.8612106274459
1.6000000000000014 844.7165713499327
1.8000000000000007 845.890873877431
2.0 846.6307554161957
2.200000000000001 847.09327044511
2.4000000000000004 847.3774113948917
2.6000000000000014 847.5446886218608
2.8000000000000007 847.6324576632461
3.0 847.662725991115
3.200000000000001 847.6484400846931
3.4000000000000004 847.5985518564162
3.6000000000000014 847.5221413004433
3.8000000000000007 847.4306333364354
4.0 847.3369300223235
Result sigma optimization:  -8.0 155.44807771920486
E_max_2 =  600
Cutoff Radius =  6.0
Selected Radial Transform =  17.0
factor =  2.8
displacement =  0.0
dataset =  datasets/gold.xyz
n_train =  500
n_test =  2000
Train RMSE: 149.64359708313228 [Train MAE: 121.89851595600665]
Test RMSE: 161.5311278220606 [Test MAE: 132.29379701370888]
FINISHED at Tue Jan 10 02:21:49 CET 2023
