STARTING AT Tue Jan 10 03:13:24 CET 2023
Random seed: 1000
6 14
Reading dataset
Shuffling and extracting from dataset (length: 10000)
Shuffling and extraction done
Calculating power spectrum
Expansion coefficients done
Computing training kernel
     Calculating kernels for center species 1
     Calculating kernels for center species 1
Beginning first index add...
Beginning second index add...
     Calculating kernels for center species 6
     Calculating kernels for center species 6
Beginning first index add...
Beginning second index add...
Training kernel done
Computing test kernel
     Calculating kernels for center species 1
     Calculating kernels for center species 1
Beginning first index add...
Beginning second index add...
     Calculating kernels for center species 6
     Calculating kernels for center species 6
Beginning first index add...
Beginning second index add...
Test kernel done
Calculating composition features
Composition features done
-8.0 29.936823695607945
-7.8 27.298571252817407
-7.6 24.97980511002275
-7.4 22.924625125032676
-7.2 21.09360576579762
-7.0 19.484997023256714
-6.8 18.137630221693282
-6.6 17.098848656925952
-6.4 16.374481888226374
-6.2 15.903552423704754
-6.0 15.582017759443874
-5.8 15.31266643351186
-5.6 15.041474687758818
-5.4 14.763675686009442
-5.199999999999999 14.506200698581077
-5.0 14.30053832757489
-4.8 14.161136426232872
-4.6 14.081379578691575
-4.4 14.048409788702243
-4.199999999999999 14.065737307091895
-4.0 14.168364700167055
-3.8 14.421001902791343
-3.5999999999999996 14.899259237726664
-3.3999999999999995 15.660602483903162
-3.1999999999999993 16.717247415095898
-3.0 18.025123670404994
-2.8 19.49355055515062
-2.5999999999999996 21.007309341824733
-2.3999999999999995 22.453821614292206
-2.1999999999999993 23.754621266597038
-2.0 24.89720267691071
-1.7999999999999998 25.962211118618107
-1.5999999999999996 27.150385061964453
-1.3999999999999995 28.80684446050596
-1.1999999999999993 31.391477039216923
-1.0 35.307714062437874
-0.7999999999999998 40.61980489698509
-0.5999999999999996 46.90283362835673
-0.39999999999999947 53.4077976685849
-0.1999999999999993 59.40433474317068
0.0 64.43264032679109
0.20000000000000107 68.3482269188098
0.40000000000000036 71.22895549131825
0.5999999999999996 73.25799612633271
0.8000000000000007 74.64030930459691
1.0 75.55854243050698
1.200000000000001 76.15688490438197
1.4000000000000004 76.54080022715185
1.6000000000000014 76.78371404542746
1.8000000000000007 76.93525561195834
2.0 77.02845424481828
2.200000000000001 77.08506864684986
2.4000000000000004 77.11920592106391
2.6000000000000014 77.13977345909653
2.8000000000000007 77.1522260511782
3.0 77.1598257456643
3.200000000000001 77.1645030272432
3.4000000000000004 77.1674027978271
3.6000000000000014 77.169210719107
3.8000000000000007 77.17034246217865
4.0 77.17105288173639
Result sigma optimization:  -4.4 14.048409788702243
E_max_2 =  400
Cutoff Radius =  6.0
Selected Radial Transform =  17.0
factor =  2.0
displacement =  0.0
dataset =  datasets/random-ch4-10k.extxyz
n_train =  500
n_test =  2000
Train RMSE: 7.446112425493576 [Train MAE: 5.866922791427029]
Test RMSE: 15.297160593925428 [Test MAE: 9.249963401016059]
FINISHED at Tue Jan 10 03:16:35 CET 2023
