STARTING AT Tue Jan 10 03:12:24 CET 2023
Random seed: 1000
5 11
Reading dataset
Shuffling and extracting from dataset (length: 10000)
Shuffling and extraction done
Calculating power spectrum
Expansion coefficients done
Computing training kernel
     Calculating kernels for center species 1
     Calculating kernels for center species 1
Beginning first index add...
Beginning second index add...
     Calculating kernels for center species 6
     Calculating kernels for center species 6
Beginning first index add...
Beginning second index add...
Training kernel done
Computing test kernel
     Calculating kernels for center species 1
     Calculating kernels for center species 1
Beginning first index add...
Beginning second index add...
     Calculating kernels for center species 6
     Calculating kernels for center species 6
Beginning first index add...
Beginning second index add...
Test kernel done
Calculating composition features
Composition features done
-8.0 25.387587152592456
-7.8 23.6676607966345
-7.6 22.273974667606677
-7.4 21.144399358440833
-7.2 20.20077557308008
-7.0 19.37939170145525
-6.8 18.636805585428647
-6.6 17.94292332293543
-6.4 17.277350801757933
-6.2 16.63262291231351
-6.0 16.01762091617478
-5.8 15.454983375125536
-5.6 14.973299598188941
-5.4 14.598190767705074
-5.199999999999999 14.343955458345922
-5.0 14.206869511978653
-4.8 14.164887358329095
-4.6 14.187971027099591
-4.4 14.25478713241189
-4.199999999999999 14.365901639410211
-4.0 14.547186904528965
-3.8 14.842969205961749
-3.5999999999999996 15.302898261769014
-3.3999999999999995 15.969097793921028
-3.1999999999999993 16.86707807196611
-3.0 17.99930774813313
-2.8 19.341673699921536
-2.5999999999999996 20.845570514832662
-2.3999999999999995 22.446661285560182
-2.1999999999999993 24.081416243183504
-2.0 25.717534100423535
-1.7999999999999998 27.40152027551876
-1.5999999999999996 29.308478447109007
-1.3999999999999995 31.755587356882998
-1.1999999999999993 35.12352450312691
-1.0 39.65760678101219
-0.7999999999999998 45.247156509068226
-0.5999999999999996 51.38846623849785
-0.39999999999999947 57.39803668078754
-0.1999999999999993 62.70116556824795
0.0 66.99497741773044
0.20000000000000107 70.24178951422932
0.40000000000000036 72.57102348205908
0.5999999999999996 74.17688747279689
0.8000000000000007 75.25156462315901
1.0 75.9547946768585
1.200000000000001 76.40703324442751
1.4000000000000004 76.69389035687644
1.6000000000000014 76.87395907128523
1.8000000000000007 76.98624662234269
2.0 77.05608105828827
2.200000000000001 77.0995359043375
2.4000000000000004 77.12663853333554
2.6000000000000014 77.14358987099796
2.8000000000000007 77.15421902366613
3.0 77.16089717011934
3.200000000000001 77.16509896575205
3.4000000000000004 77.16774527211881
3.6000000000000014 77.16941301314864
3.8000000000000007 77.17046449505536
4.0 77.17112761785556
Result sigma optimization:  -4.8 14.164887358329095
E_max_2 =  300
Cutoff Radius =  6.0
Selected Radial Transform =  17.0
factor =  1.4
displacement =  0.0
dataset =  datasets/random-ch4-10k.extxyz
n_train =  500
n_test =  2000
Train RMSE: 5.785791677100062 [Train MAE: 4.603621548402284]
Test RMSE: 19.25879767494323 [Test MAE: 8.778046541831685]
FINISHED at Tue Jan 10 03:14:08 CET 2023
