STARTING AT Tue Jan 10 03:13:55 CET 2023
Random seed: 1000
8 20
Reading dataset
Shuffling and extracting from dataset (length: 10000)
Shuffling and extraction done
Calculating power spectrum
Expansion coefficients done
Computing training kernel
     Calculating kernels for center species 1
     Calculating kernels for center species 1
Beginning first index add...
Beginning second index add...
     Calculating kernels for center species 6
     Calculating kernels for center species 6
Beginning first index add...
Beginning second index add...
Training kernel done
Computing test kernel
     Calculating kernels for center species 1
     Calculating kernels for center species 1
Beginning first index add...
Beginning second index add...
     Calculating kernels for center species 6
     Calculating kernels for center species 6
Beginning first index add...
Beginning second index add...
Test kernel done
Calculating composition features
Composition features done
-8.0 60.34063460990841
-7.8 54.67498933980482
-7.6 49.7851964855305
-7.4 45.49270475615609
-7.2 41.61095658806974
-7.0 37.99384848671157
-6.8 34.575811261303144
-6.6 31.384846176090356
-6.4 28.514037313973382
-6.2 26.056884151367434
-6.0 24.041138311038573
-5.8 22.410313771140242
-5.6 21.06675990791173
-5.4 19.931057295828772
-5.199999999999999 18.96661892821789
-5.0 18.16446357517665
-4.8 17.51729144155933
-4.6 17.00761598849899
-4.4 16.610486272196397
-4.199999999999999 16.29895957456158
-4.0 16.047996245008846
-3.8 15.84040815788306
-3.5999999999999996 15.675847344175134
-3.3999999999999995 15.577944526828908
-3.1999999999999993 15.59406351082946
-3.0 15.786683968587253
-2.8 16.21825946769654
-2.5999999999999996 16.930560220760096
-2.3999999999999995 17.922606733069717
-2.1999999999999993 19.13855765691449
-2.0 20.47606715497898
-1.7999999999999998 21.813472569719536
-1.5999999999999996 23.044020076325058
-1.3999999999999995 24.104764240646862
-1.1999999999999993 24.992186524408925
-1.0 25.765975943472316
-0.7999999999999998 26.555224211462342
-0.5999999999999996 27.58285632273093
-0.39999999999999947 29.19641551031602
-0.1999999999999993 31.835890046894697
0.0 35.85130511675811
0.20000000000000107 41.231038922701096
0.40000000000000036 47.49687402729841
0.5999999999999996 53.9020744549929
0.8000000000000007 59.7595629712976
1.0 64.65580298151396
1.200000000000001 68.47196786961653
1.4000000000000004 71.28998593648251
1.6000000000000014 73.28511545488014
1.8000000000000007 74.65178119842075
2.0 75.56438577464199
2.200000000000001 76.16212508706388
2.4000000000000004 76.54784091098844
2.6000000000000014 76.79355847091601
2.8000000000000007 76.94793063335355
3.0 77.04312914749705
3.200000000000001 77.10029319694219
3.4000000000000004 77.13341041664664
3.6000000000000014 77.15180894222459
3.8000000000000007 77.16162453686854
4.0 77.1667062385261
Result sigma optimization:  -3.3999999999999995 15.577944526828908
E_max_2 =  700
Cutoff Radius =  6.0
Selected Radial Transform =  17.0
factor =  2.2
displacement =  0.0
dataset =  datasets/random-ch4-10k.extxyz
n_train =  500
n_test =  2000
Train RMSE: 7.100729886949361 [Train MAE: 5.67825837824682]
Test RMSE: 17.191829965184425 [Test MAE: 10.098579682170774]
FINISHED at Tue Jan 10 03:15:07 CET 2023
