STARTING AT Tue Jan 10 01:21:21 CET 2023
Random seed: 1000
7 18
Reading dataset
Shuffling and extracting from dataset (length: 133885)
Shuffling and extraction done
Calculating power spectrum
Expansion coefficients done
Computing training kernel
     Calculating kernels for center species 1
     Calculating kernels for center species 1
Beginning first index add...
Beginning second index add...
     Calculating kernels for center species 6
     Calculating kernels for center species 6
Beginning first index add...
Beginning second index add...
     Calculating kernels for center species 7
     Calculating kernels for center species 7
Beginning first index add...
Beginning second index add...
     Calculating kernels for center species 8
     Calculating kernels for center species 8
Beginning first index add...
Beginning second index add...
     Calculating kernels for center species 9
     Calculating kernels for center species 9
Beginning first index add...
Beginning second index add...
Training kernel done
Computing test kernel
     Calculating kernels for center species 1
     Calculating kernels for center species 1
Beginning first index add...
Beginning second index add...
     Calculating kernels for center species 6
     Calculating kernels for center species 6
Beginning first index add...
Beginning second index add...
     Calculating kernels for center species 7
     Calculating kernels for center species 7
Beginning first index add...
Beginning second index add...
     Calculating kernels for center species 8
     Calculating kernels for center species 8
Beginning first index add...
Beginning second index add...
     Calculating kernels for center species 9
     Calculating kernels for center species 9
Beginning first index add...
Beginning second index add...
Test kernel done
Calculating composition features
Composition features done
-8.0 5.109762179684498
-7.8 5.109762179472673
-7.6 5.109762179137108
-7.4 5.109762178604749
-7.2 5.109762177760921
-7.0 5.109762176423899
-6.8 5.1097621743048665
-6.6 5.109762170945743
-6.4 5.109762165622334
-6.2 5.109762157185106
-6.0 5.109762143813912
-5.8 5.109762122620374
-5.6 5.109762089030628
-5.4 5.109762035793132
-5.199999999999999 5.109761951412269
-5.0 5.109761817667699
-4.8 5.109761605668534
-4.6 5.109761269601739
-4.4 5.10976073679645
-4.199999999999999 5.109759891916014
-4.0 5.1097585517628055
-3.8 5.109756424981659
-3.5999999999999996 5.109753047278126
-3.3999999999999995 5.109747676460349
-3.1999999999999993 5.109744165393988
-3.0 5.109741726878234
-2.8 5.109737553234827
-2.5999999999999996 5.109730167840384
-2.3999999999999995 5.109716547570329
-2.1999999999999993 5.109690230326628
-2.0 5.109636948649651
-1.7999999999999998 5.109551600879296
-1.5999999999999996 5.109735048582493
-1.3999999999999995 5.111247892671949
-1.1999999999999993 5.113407753514483
-1.0 5.117440643762166
-0.7999999999999998 5.127532057313619
-0.5999999999999996 5.146417610407534
-0.39999999999999947 5.18272578615007
-0.1999999999999993 5.25500831401909
0.0 5.393240918103508
0.20000000000000107 5.609706062503322
0.40000000000000036 5.925164433629918
0.5999999999999996 6.352266715755254
0.8000000000000007 6.874335465868156
1.0 7.550336478600016
1.200000000000001 8.412893136580504
1.4000000000000004 9.40796697677282
1.6000000000000014 10.480716528342112
1.8000000000000007 11.646734828269457
2.0 12.854982105143138
2.200000000000001 14.101302265843195
2.4000000000000004 15.340755082589723
2.6000000000000014 16.531689558820293
2.8000000000000007 17.62123540612111
3.0 18.607791919592728
3.200000000000001 19.418148849516736
3.4000000000000004 20.029698289653556
3.6000000000000014 20.462851910700902
3.8000000000000007 20.76549016755429
4.0 20.969749690023647
Result sigma optimization:  -1.7999999999999998 5.109551600879296
E_max_2 =  600
Cutoff Radius =  6.0
Selected Radial Transform =  17.0
factor =  0.6
displacement =  0.0
dataset =  datasets/qm9.xyz
n_train =  500
n_test =  2000
Train RMSE: 0.09081674670100358 [Train MAE: 0.05989370187986737]
Test RMSE: 6.549423117373163 [Test MAE: 4.515425800769086]
FINISHED at Tue Jan 10 01:25:14 CET 2023
