STARTING AT Tue Jan 10 02:20:27 CET 2023
Random seed: 1000
7 16
Reading dataset
Shuffling and extracting from dataset (length: 105092)
Shuffling and extraction done
Calculating power spectrum
Expansion coefficients done
Computing training kernel
     Calculating kernels for center species 79
     Calculating kernels for center species 79
Beginning first index add...
Beginning second index add...
Training kernel done
Computing test kernel
     Calculating kernels for center species 79
     Calculating kernels for center species 79
Beginning first index add...
Beginning second index add...
Test kernel done
Calculating composition features
Composition features done
-8.0 126.22880911919894
-7.8 127.870545921476
-7.6 130.49308032571466
-7.4 134.3734635866073
-7.2 139.679413028927
-7.0 146.34696037189008
-6.8 153.94545209870054
-6.6 161.70183637714243
-6.4 168.78235721601024
-6.2 174.62767831215962
-6.0 179.07755098547295
-5.8 182.27629421167742
-5.6 184.52172991738627
-5.4 186.1793032010562
-5.199999999999999 187.69055353897662
-5.0 189.65684455341338
-4.8 192.95123200504392
-4.6 198.76095197574972
-4.4 208.39507265137948
-4.199999999999999 222.71949446422377
-4.0 241.4177832887755
-3.8 262.7561153265193
-3.5999999999999996 284.29946365897746
-3.3999999999999995 304.0230023374657
-3.1999999999999993 320.90399017130153
-3.0 334.79845731249486
-2.8 346.02110688809677
-2.5999999999999996 354.98770470321625
-2.3999999999999995 362.04138322876247
-2.1999999999999993 367.4580172869299
-2.0 371.5354485797334
-1.7999999999999998 374.671075511544
-1.5999999999999996 377.4374252905455
-1.3999999999999995 380.746871493977
-1.1999999999999993 386.19367724004786
-1.0 396.5385113994239
-0.7999999999999998 415.913120011103
-0.5999999999999996 448.75519444419734
-0.39999999999999947 496.9298635363612
-0.1999999999999993 557.0267500770593
0.0 621.0990473502111
0.20000000000000107 680.6206060265458
0.40000000000000036 730.0541331551229
0.5999999999999996 767.7366575380393
0.8000000000000007 794.7267289554815
1.0 813.2367154105673
1.200000000000001 825.5636327317163
1.4000000000000004 833.6144378724758
1.6000000000000014 838.8049583186976
1.8000000000000007 842.121566554333
2.0 844.2254427360526
2.200000000000001 845.5489875844095
2.4000000000000004 846.3702012898757
2.6000000000000014 846.8655881662557
2.8000000000000007 847.1465375342339
3.0 847.2842881999042
3.200000000000001 847.3270503313886
3.4000000000000004 847.3107814871681
3.6000000000000014 847.2639778191952
3.8000000000000007 847.2079626827043
4.0 847.1560099891901
Result sigma optimization:  -8.0 126.22880911919894
E_max_2 =  500
Cutoff Radius =  6.0
Selected Radial Transform =  17.0
factor =  2.3
displacement =  0.0
dataset =  datasets/gold.xyz
n_train =  500
n_test =  2000
Train RMSE: 119.69046681716546 [Train MAE: 96.96723505241796]
Test RMSE: 128.57811017463945 [Test MAE: 103.48071332638631]
FINISHED at Tue Jan 10 02:22:26 CET 2023
