STARTING AT Tue Jan 10 01:21:21 CET 2023
Random seed: 1000
6 14
Reading dataset
Shuffling and extracting from dataset (length: 133885)
Shuffling and extraction done
Calculating power spectrum
Expansion coefficients done
Computing training kernel
     Calculating kernels for center species 1
     Calculating kernels for center species 1
Beginning first index add...
Beginning second index add...
     Calculating kernels for center species 6
     Calculating kernels for center species 6
Beginning first index add...
Beginning second index add...
     Calculating kernels for center species 7
     Calculating kernels for center species 7
Beginning first index add...
Beginning second index add...
     Calculating kernels for center species 8
     Calculating kernels for center species 8
Beginning first index add...
Beginning second index add...
     Calculating kernels for center species 9
     Calculating kernels for center species 9
Beginning first index add...
Beginning second index add...
Training kernel done
Computing test kernel
     Calculating kernels for center species 1
     Calculating kernels for center species 1
Beginning first index add...
Beginning second index add...
     Calculating kernels for center species 6
     Calculating kernels for center species 6
Beginning first index add...
Beginning second index add...
     Calculating kernels for center species 7
     Calculating kernels for center species 7
Beginning first index add...
Beginning second index add...
     Calculating kernels for center species 8
     Calculating kernels for center species 8
Beginning first index add...
Beginning second index add...
     Calculating kernels for center species 9
     Calculating kernels for center species 9
Beginning first index add...
Beginning second index add...
Test kernel done
Calculating composition features
Composition features done
-8.0 5.383135863533517
-7.8 5.383135834510264
-7.6 5.3831357885116615
-7.4 5.383135715608077
-7.2 5.383135600064996
-7.0 5.383135416941602
-6.8 5.383135126710514
-6.6 5.383134666725957
-6.4 5.3831339377002205
-6.2 5.383132782274335
-6.0 5.3831309510542065
-5.8 5.38312804877911
-5.6 5.383123449023579
-5.4 5.383116158999546
-5.199999999999999 5.383104605332155
-5.0 5.383086294615017
-4.8 5.383057275614607
-4.6 5.383011287449978
-4.4 5.382938410802299
-4.199999999999999 5.382822933445673
-4.0 5.382639975426282
-3.8 5.382350160796817
-3.5999999999999996 5.381891224742678
-3.3999999999999995 5.381164843967982
-3.1999999999999993 5.380016103199984
-3.0 5.378256711371168
-2.8 5.375579297398402
-2.5999999999999996 5.371445754359542
-2.3999999999999995 5.366063075910286
-2.1999999999999993 5.359827133280706
-2.0 5.353350677909032
-1.7999999999999998 5.353370604046993
-1.5999999999999996 5.368389654103969
-1.3999999999999995 5.402964822781096
-1.1999999999999993 5.4825024391227
-1.0 5.628558159561283
-0.7999999999999998 5.820047853550495
-0.5999999999999996 6.107657616865606
-0.39999999999999947 6.4778014455582005
-0.1999999999999993 6.94375744416321
0.0 7.524748817206764
0.20000000000000107 8.24448451392386
0.40000000000000036 9.135395672955802
0.5999999999999996 10.145758995603952
0.8000000000000007 11.193431819835341
1.0 12.264926138032857
1.200000000000001 13.331088347258783
1.4000000000000004 14.439660348816407
1.6000000000000014 15.589635447404001
1.8000000000000007 16.68945790833295
2.0 17.69390225309271
2.200000000000001 18.6034858436086
2.4000000000000004 19.39987180006121
2.6000000000000014 20.01704551391179
2.8000000000000007 20.454418549923677
3.0 20.753406465573892
3.200000000000001 20.96046909575883
3.4000000000000004 21.099757782203813
3.6000000000000014 21.192310889232214
3.8000000000000007 21.250855625292527
4.0 21.288155826522466
Result sigma optimization:  -2.0 5.353350677909032
E_max_2 =  400
Cutoff Radius =  6.0
Selected Radial Transform =  17.0
factor =  0.7
displacement =  0.0
dataset =  datasets/qm9.xyz
n_train =  500
n_test =  2000
Train RMSE: 0.4851567591231704 [Train MAE: 0.3265362862729352]
Test RMSE: 6.781144454296787 [Test MAE: 4.664614421339172]
FINISHED at Tue Jan 10 01:23:34 CET 2023
