STARTING AT Tue Jan 10 03:14:55 CET 2023
Random seed: 1000
8 20
Reading dataset
Shuffling and extracting from dataset (length: 10000)
Shuffling and extraction done
Calculating power spectrum
Expansion coefficients done
Computing training kernel
     Calculating kernels for center species 1
     Calculating kernels for center species 1
Beginning first index add...
Beginning second index add...
     Calculating kernels for center species 6
     Calculating kernels for center species 6
Beginning first index add...
Beginning second index add...
Training kernel done
Computing test kernel
     Calculating kernels for center species 1
     Calculating kernels for center species 1
Beginning first index add...
Beginning second index add...
     Calculating kernels for center species 6
     Calculating kernels for center species 6
Beginning first index add...
Beginning second index add...
Test kernel done
Calculating composition features
Composition features done
-8.0 72.19757186141072
-7.8 62.41941571340003
-7.6 54.35804085214006
-7.4 47.75497050251527
-7.2 42.20348665841502
-7.0 37.44889287949277
-6.8 33.47859350650402
-6.6 30.35331264976862
-6.4 28.011599032636806
-6.2 26.252560130458733
-6.0 24.857955801421415
-5.8 23.682860057476223
-5.6 22.657477990873637
-5.4 21.755719129672812
-5.199999999999999 20.972757686175843
-5.0 20.31436509929015
-4.8 19.79361261515247
-4.6 19.43075967521612
-4.4 19.25045943391728
-4.199999999999999 19.273723184204485
-4.0 19.506379974806737
-3.8 19.932643466569736
-3.5999999999999996 20.523514616137312
-3.3999999999999995 21.25347901665263
-3.1999999999999993 22.107207011626116
-3.0 23.069621114224002
-2.8 24.111099428995082
-2.5999999999999996 25.185012085146052
-2.3999999999999995 26.245627954261096
-2.1999999999999993 27.275945748311344
-2.0 28.300175806515355
-1.7999999999999998 29.367593960429733
-1.5999999999999996 30.532397607809486
-1.3999999999999995 31.870843896555712
-1.1999999999999993 33.53529984562406
-1.0 35.78599708750563
-0.7999999999999998 38.92497463176859
-0.5999999999999996 43.109874718756544
-0.39999999999999947 48.16389553143204
-0.1999999999999993 53.584192805587996
0.0 58.77983789015587
0.20000000000000107 63.327890471244736
0.40000000000000036 67.05844476283752
0.5999999999999996 69.98426278205154
0.8000000000000007 72.19889216284501
1.0 73.8188796615918
1.200000000000001 74.96432661390057
1.4000000000000004 75.74959095061358
1.6000000000000014 76.27442148562879
1.8000000000000007 76.61842055235799
2.0 76.84058055826637
2.200000000000001 76.98227181418655
2.4000000000000004 77.07139081736655
2.6000000000000014 77.12624624276246
2.8000000000000007 77.15866774045273
3.0 77.17631818954582
3.200000000000001 77.18433415474101
3.4000000000000004 77.18638038045744
3.6000000000000014 77.18517433017844
3.8000000000000007 77.18263739549951
4.0 77.17994173274919
Result sigma optimization:  -4.4 19.25045943391728
E_max_2 =  700
Cutoff Radius =  6.0
Selected Radial Transform =  17.0
factor =  4.0
displacement =  0.0
dataset =  datasets/random-ch4-10k.extxyz
n_train =  500
n_test =  2000
Train RMSE: 14.685153299025911 [Train MAE: 11.852616830239578]
Test RMSE: 19.05016082922947 [Test MAE: 14.43600366294938]
FINISHED at Tue Jan 10 03:15:27 CET 2023
