STARTING AT Tue Jan 10 02:23:28 CET 2023
Random seed: 1000
8 20
Reading dataset
Shuffling and extracting from dataset (length: 105092)
Shuffling and extraction done
Calculating power spectrum
Expansion coefficients done
Computing training kernel
     Calculating kernels for center species 79
     Calculating kernels for center species 79
Beginning first index add...
Beginning second index add...
Training kernel done
Computing test kernel
     Calculating kernels for center species 79
     Calculating kernels for center species 79
Beginning first index add...
Beginning second index add...
Test kernel done
Calculating composition features
Composition features done
-8.0 117.71509571389697
-7.8 117.47880616550496
-7.6 117.51973492987436
-7.4 117.82589499560183
-7.2 118.34390745851215
-7.0 119.0017349864103
-6.8 119.73276114845562
-6.6 120.48879627630214
-6.4 121.24704312267257
-6.2 122.02245070883296
-6.0 122.88656728092033
-5.8 123.98592910018797
-5.6 125.54362819128697
-5.4 127.83260892985884
-5.199999999999999 131.129958849747
-5.0 135.67388892981685
-4.8 141.62872054515256
-4.6 149.01083016417869
-4.4 157.536499676601
-4.199999999999999 166.5315281652031
-4.0 175.11801051993314
-3.8 182.5940152865687
-3.5999999999999996 188.69000381809008
-3.3999999999999995 193.5848644540294
-3.1999999999999993 197.81346593249054
-3.0 202.19563613979864
-2.8 207.7968823959713
-2.5999999999999996 215.81902036213756
-2.3999999999999995 227.25482007538113
-2.1999999999999993 242.31512970941833
-2.0 260.08273880723874
-1.7999999999999998 278.8812562297013
-1.5999999999999996 297.0914533875319
-1.3999999999999995 313.6811277017281
-1.1999999999999993 328.2256536390722
-1.0 340.7251684549276
-0.7999999999999998 351.41128730051776
-0.5999999999999996 360.5541033053696
-0.39999999999999947 368.384732950456
-0.1999999999999993 375.2563274715591
0.0 381.9866527879315
0.20000000000000107 390.28261148710914
0.40000000000000036 403.16688087626886
0.5999999999999996 424.997829558091
0.8000000000000007 460.13154314005953
1.0 509.9254441000827
1.200000000000001 570.3746333711796
1.4000000000000004 633.3854558218117
1.6000000000000014 690.8578939500494
1.8000000000000007 737.9132260983423
2.0 773.4047954511267
2.200000000000001 798.634308617648
2.4000000000000004 815.8460497447765
2.6000000000000014 827.2655813596114
2.8000000000000007 834.7013636587194
3.0 839.4797700421285
3.200000000000001 842.517608386508
3.4000000000000004 844.4261272143556
3.6000000000000014 845.6041744853659
3.8000000000000007 846.3098012351091
4.0 846.7113755022805
Result sigma optimization:  -7.8 117.47880616550496
E_max_2 =  700
Cutoff Radius =  6.0
Selected Radial Transform =  18.0
factor =  1.4
displacement =  0.0
dataset =  datasets/gold.xyz
n_train =  500
n_test =  2000
Train RMSE: 101.79602241304389 [Train MAE: 78.66651883319899]
Test RMSE: 119.64819847461628 [Test MAE: 90.73158074573067]
FINISHED at Tue Jan 10 02:24:05 CET 2023
