STARTING AT Tue Jan 10 02:21:58 CET 2023
Random seed: 1000
5 11
Reading dataset
Shuffling and extracting from dataset (length: 105092)
Shuffling and extraction done
Calculating power spectrum
Expansion coefficients done
Computing training kernel
     Calculating kernels for center species 79
     Calculating kernels for center species 79
Beginning first index add...
Beginning second index add...
Training kernel done
Computing test kernel
     Calculating kernels for center species 79
     Calculating kernels for center species 79
Beginning first index add...
Beginning second index add...
Test kernel done
Calculating composition features
Composition features done
-8.0 148.56541856862964
-7.8 142.53831327309106
-7.6 136.757914234348
-7.4 131.2860788158273
-7.2 126.13359820429179
-7.0 121.33836354142018
-6.8 117.03407204010212
-6.6 113.44231765351569
-6.4 110.75338711671881
-6.2 108.95658122522242
-6.0 107.76189618328684
-5.8 106.69605749492294
-5.6 105.30363746599822
-5.4 103.3214285408653
-5.199999999999999 100.76197551291712
-5.0 97.90804543465858
-4.8 95.2255811958272
-4.6 93.21547567844401
-4.4 92.26592980389148
-4.199999999999999 92.57170592376448
-4.0 94.1344182574269
-3.8 96.81574087866201
-3.5999999999999996 100.42247271006843
-3.3999999999999995 104.80898433503619
-3.1999999999999993 109.9528936105943
-3.0 115.95483376303821
-2.8 122.96922889525166
-2.5999999999999996 131.10294539495902
-2.3999999999999995 140.30890010202427
-2.1999999999999993 150.33796182739508
-2.0 160.80800704419403
-1.7999999999999998 171.33565859529122
-1.5999999999999996 181.64791879570677
-1.3999999999999995 191.69998883539645
-1.1999999999999993 201.82382434371928
-1.0 212.76197445506588
-0.7999999999999998 225.39650383563122
-0.5999999999999996 240.29047494744714
-0.39999999999999947 257.5485936926508
-0.1999999999999993 277.27405751500527
0.0 300.1148357280956
0.20000000000000107 327.1617506057003
0.40000000000000036 359.04696531307826
0.5999999999999996 394.85463708410737
0.8000000000000007 431.9844383445849
1.0 467.53001239897816
1.200000000000001 500.1466589808493
1.4000000000000004 530.8854850613521
1.6000000000000014 562.4219075434149
1.8000000000000007 597.0455771274512
2.0 634.634401064658
2.200000000000001 672.3795306655611
2.4000000000000004 706.6192097069212
2.6000000000000014 734.9507830861004
2.8000000000000007 756.9786831724728
3.0 773.8144589354889
3.200000000000001 787.1807922758627
3.4000000000000004 798.6143115704004
3.6000000000000014 808.9490968299287
3.8000000000000007 818.2508359930492
4.0 826.1915593859145
Result sigma optimization:  -4.4 92.26592980389148
E_max_2 =  300
Cutoff Radius =  6.0
Selected Radial Transform =  18.0
factor =  0.4
displacement =  0.0
dataset =  datasets/gold.xyz
n_train =  500
n_test =  2000
Train RMSE: 53.97718038848301 [Train MAE: 40.07328483177193]
Test RMSE: 98.1805270572266 [Test MAE: 63.85698610578702]
FINISHED at Tue Jan 10 02:23:56 CET 2023
