STARTING AT Tue Jan 10 02:22:58 CET 2023
Random seed: 1000
7 16
Reading dataset
Shuffling and extracting from dataset (length: 105092)
Shuffling and extraction done
Calculating power spectrum
Expansion coefficients done
Computing training kernel
     Calculating kernels for center species 79
     Calculating kernels for center species 79
Beginning first index add...
Beginning second index add...
Training kernel done
Computing test kernel
     Calculating kernels for center species 79
     Calculating kernels for center species 79
Beginning first index add...
Beginning second index add...
Test kernel done
Calculating composition features
Composition features done
-8.0 113.84611294087551
-7.8 113.04931052479677
-7.6 112.58854198724403
-7.4 112.42365960460214
-7.2 112.45448660214481
-7.0 112.58165136992588
-6.8 112.7432154737989
-6.6 112.9174117384415
-6.4 113.11198429763688
-6.2 113.35576657065091
-6.0 113.69301506784623
-5.8 114.17515265673435
-5.6 114.8497073668909
-5.4 115.75348851242407
-5.199999999999999 116.91764351625562
-5.0 118.3906238601412
-4.8 120.27483492034567
-4.6 122.7427910734244
-4.4 125.99370553091374
-4.199999999999999 130.1903960093218
-4.0 135.49626753345726
-3.8 142.22639753176358
-3.5999999999999996 150.88532666843577
-3.3999999999999995 161.84915287890223
-3.1999999999999993 174.8475159697825
-3.0 188.7970773318226
-2.8 202.2726544178186
-2.5999999999999996 214.22288945609645
-2.3999999999999995 224.37241831486685
-2.1999999999999993 233.15158407790298
-2.0 241.3396113296064
-1.7999999999999998 249.69318460753274
-1.5999999999999996 258.79561240601106
-1.3999999999999995 269.1708458062229
-1.1999999999999993 281.3734737963812
-1.0 295.73156287411734
-0.7999999999999998 311.94210893330506
-0.5999999999999996 329.08648085574055
-0.39999999999999947 346.1047860628596
-0.1999999999999993 362.188650924214
0.0 376.9258436645059
0.20000000000000107 390.53264977524907
0.40000000000000036 404.3100210234078
0.5999999999999996 421.0816703705846
0.8000000000000007 445.1128215453916
1.0 480.702151422525
1.200000000000001 529.2788717772254
1.4000000000000004 587.1751462653251
1.6000000000000014 646.8758178966242
1.8000000000000007 700.9179976475662
2.0 744.911619455645
2.200000000000001 777.9489411151653
2.4000000000000004 801.355071833599
2.6000000000000014 817.2791455717165
2.8000000000000007 827.8175859107853
3.0 834.6630809058471
3.200000000000001 839.0571479293712
3.4000000000000004 841.8627576357081
3.6000000000000014 843.6587505685607
3.8000000000000007 844.8200321945517
4.0 845.580296503164
Result sigma optimization:  -7.4 112.42365960460214
E_max_2 =  500
Cutoff Radius =  6.0
Selected Radial Transform =  18.0
factor =  1.1
displacement =  0.0
dataset =  datasets/gold.xyz
n_train =  500
n_test =  2000
Train RMSE: 90.42140372964074 [Train MAE: 69.1600286900143]
Test RMSE: 114.83930365728841 [Test MAE: 85.78360842010774]
FINISHED at Tue Jan 10 02:24:23 CET 2023
