STARTING AT Tue Jan 10 03:14:55 CET 2023
Random seed: 1000
6 14
Reading dataset
Shuffling and extracting from dataset (length: 10000)
Shuffling and extraction done
Calculating power spectrum
Expansion coefficients done
Computing training kernel
     Calculating kernels for center species 1
     Calculating kernels for center species 1
Beginning first index add...
Beginning second index add...
     Calculating kernels for center species 6
     Calculating kernels for center species 6
Beginning first index add...
Beginning second index add...
Training kernel done
Computing test kernel
     Calculating kernels for center species 1
     Calculating kernels for center species 1
Beginning first index add...
Beginning second index add...
     Calculating kernels for center species 6
     Calculating kernels for center species 6
Beginning first index add...
Beginning second index add...
Test kernel done
Calculating composition features
Composition features done
-8.0 29.813833973765863
-7.8 29.813479465782212
-7.6 29.812918061592505
-7.4 29.812029431234098
-7.2 29.810623887065194
-7.0 29.808403337172155
-6.8 29.804901623566863
-6.6 29.799395333505434
-6.4 29.790775118437608
-6.2 29.777370587658858
-6.0 29.756734658484003
-5.8 29.725422286721418
-5.6 29.67883950945903
-5.4 29.611256407824648
-5.199999999999999 29.516029526270586
-5.0 29.386060704632843
-4.8 29.21476569797156
-4.6 28.998076902475617
-4.4 28.737261187059175
-4.199999999999999 28.44066836203246
-4.0 28.12217717213211
-3.8 27.796438221104225
-3.5999999999999996 27.473941179386138
-3.3999999999999995 27.159492359150736
-3.1999999999999993 26.855128658548818
-3.0 26.564771121827118
-2.8 26.296843292590413
-2.5999999999999996 26.064077402093424
-2.3999999999999995 25.882933784667856
-2.1999999999999993 25.775134628568498
-2.0 25.772688744033438
-1.7999999999999998 25.92701835158884
-1.5999999999999996 26.320066432152917
-1.3999999999999995 27.06902772254642
-1.1999999999999993 28.31115939966976
-1.0 30.163935504665776
-0.7999999999999998 32.679621593239915
-0.5999999999999996 35.81785935098386
-0.39999999999999947 39.4355827812061
-0.1999999999999993 43.295159352375
0.0 47.11919740363365
0.20000000000000107 50.69720977412186
0.40000000000000036 53.97934762473748
0.5999999999999996 57.07406907227067
0.8000000000000007 60.13609556641543
1.0 63.22379459817316
1.200000000000001 66.23803630398491
1.4000000000000004 68.98501284768894
1.6000000000000014 71.29443866995375
1.8000000000000007 73.0946141215104
2.0 74.41251239620904
2.200000000000001 75.33231790175873
2.4000000000000004 75.95341461449479
2.6000000000000014 76.36513250080195
2.8000000000000007 76.63686745974515
3.0 76.81726785973613
3.200000000000001 76.93794919611096
3.4000000000000004 77.01880594524403
3.6000000000000014 77.0726446475606
3.8000000000000007 77.10811185323008
4.0 77.131214481187
Result sigma optimization:  -2.0 25.772688744033438
E_max_2 =  400
Cutoff Radius =  6.0
Selected Radial Transform =  18.0
factor =  0.4
displacement =  0.0
dataset =  datasets/random-ch4-10k.extxyz
n_train =  500
n_test =  2000
Train RMSE: 13.264387486490815 [Train MAE: 8.394959859359163]
Test RMSE: 25.50468401828749 [Test MAE: 12.604461672452807]
FINISHED at Tue Jan 10 03:16:31 CET 2023
