STARTING AT Tue Jan 10 02:23:28 CET 2023
Random seed: 1000
5 11
Reading dataset
Shuffling and extracting from dataset (length: 105092)
Shuffling and extraction done
Calculating power spectrum
Expansion coefficients done
Computing training kernel
     Calculating kernels for center species 79
     Calculating kernels for center species 79
Beginning first index add...
Beginning second index add...
Training kernel done
Computing test kernel
     Calculating kernels for center species 79
     Calculating kernels for center species 79
Beginning first index add...
Beginning second index add...
Test kernel done
Calculating composition features
Composition features done
-8.0 145.23333244458658
-7.8 152.7310862325962
-7.6 160.99610806891653
-7.4 169.16449567979998
-7.2 176.4573303547316
-7.0 182.45551666835553
-6.8 187.1033060612817
-6.6 190.5876598849308
-6.4 193.24562306347158
-6.2 195.54388964126048
-6.0 198.1173157037134
-5.8 201.81476538714173
-5.6 207.65114564043992
-5.4 216.56605041623075
-5.199999999999999 229.01172929948387
-5.0 244.59305703016778
-4.8 262.10049580144005
-4.6 280.0497297952729
-4.4 297.3211489574371
-4.199999999999999 313.37645414644186
-4.0 328.0191437520895
-3.8 341.06756649613357
-3.5999999999999996 352.25147388005803
-3.3999999999999995 361.35511295612685
-3.1999999999999993 368.4066916428563
-3.0 373.7464357757852
-2.8 378.0111417261848
-2.5999999999999996 382.1930743920889
-2.3999999999999995 387.90096230895153
-2.1999999999999993 397.8123998747619
-2.0 415.9525699302825
-1.7999999999999998 446.86227764943817
-1.5999999999999996 492.9351061337247
-1.3999999999999995 551.5190457374579
-1.1999999999999993 615.1263700221102
-1.0 675.1375039829253
-0.7999999999999998 725.588695372777
-0.5999999999999996 764.3966008950592
-0.39999999999999947 792.3714956374188
-0.1999999999999993 811.6409493896998
0.0 824.5107134178324
0.20000000000000107 832.9313728473961
0.40000000000000036 838.3658793960119
0.5999999999999996 841.8393654941332
0.8000000000000007 844.0412687621989
1.0 845.4232782319648
1.200000000000001 846.2761653891587
1.4000000000000004 846.7851129780915
1.6000000000000014 847.0682214511241
1.8000000000000007 847.2029617635992
2.0 847.2434937080976
2.200000000000001 847.2300979081431
2.4000000000000004 847.1923590414214
2.6000000000000014 847.1495621258199
2.8000000000000007 847.1117555683504
3.0 847.0823708803607
3.200000000000001 847.0612173984832
3.4000000000000004 847.0467047522004
3.6000000000000014 847.0370479862064
3.8000000000000007 847.0307461769631
4.0 847.0266842843615
Result sigma optimization:  -8.0 145.23333244458658
E_max_2 =  300
Cutoff Radius =  6.0
Selected Radial Transform =  18.0
factor =  1.5
displacement =  0.0
dataset =  datasets/gold.xyz
n_train =  500
n_test =  2000
Train RMSE: 139.28409886069494 [Train MAE: 113.0498528768476]
Test RMSE: 149.54801327010443 [Test MAE: 119.8022138342341]
FINISHED at Tue Jan 10 02:25:35 CET 2023
