STARTING AT Tue Jan 10 02:23:59 CET 2023
Random seed: 1000
7 18
Reading dataset
Shuffling and extracting from dataset (length: 105092)
Shuffling and extraction done
Calculating power spectrum
Expansion coefficients done
Computing training kernel
     Calculating kernels for center species 79
     Calculating kernels for center species 79
Beginning first index add...
Beginning second index add...
Training kernel done
Computing test kernel
     Calculating kernels for center species 79
     Calculating kernels for center species 79
Beginning first index add...
Beginning second index add...
Test kernel done
Calculating composition features
Composition features done
-8.0 135.01774648855755
-7.8 139.2752733232853
-7.6 144.08514606425274
-7.4 149.13636891241939
-7.2 154.09042801654198
-7.0 158.64050650501497
-6.8 162.55320002918546
-6.6 165.70582845937662
-6.4 168.10555401735897
-6.2 169.8670287322113
-6.0 171.16822863128584
-5.8 172.23229834276188
-5.6 173.37350177718747
-5.4 175.11817032323523
-5.199999999999999 178.36963069241312
-5.0 184.5006263440984
-4.8 195.1318380637956
-4.6 211.3924600793716
-4.4 232.95800269552132
-4.199999999999999 257.73796799741586
-4.0 282.6961235993742
-3.8 305.1685197115505
-3.5999999999999996 323.69648651595486
-3.3999999999999995 338.05494305988015
-3.1999999999999993 348.7951411903808
-3.0 356.7220163755205
-2.8 362.5518182837308
-2.5999999999999996 366.8076706833121
-2.3999999999999995 369.8685469115947
-2.1999999999999993 372.04729279052333
-2.0 373.64284571507324
-1.7999999999999998 374.9907179532937
-1.5999999999999996 376.5665947699152
-1.3999999999999995 379.2063077233851
-1.1999999999999993 384.49754646173335
-1.0 395.2789082787269
-0.7999999999999998 415.7664820630367
-0.5999999999999996 450.28069270783067
-0.39999999999999947 500.2092988758203
-0.1999999999999993 561.5146828066429
0.0 625.913960207463
0.20000000000000107 684.9991640820385
0.40000000000000036 733.5954397091741
0.5999999999999996 770.3748576420935
0.8000000000000007 796.5852185217124
1.0 814.4989518696888
1.200000000000001 826.4021372357466
1.4000000000000004 834.1656414937656
1.6000000000000014 839.1677782234765
1.8000000000000007 842.36463241737
2.0 844.3956907264868
2.200000000000001 845.6789645362772
2.4000000000000004 846.4834534348527
2.6000000000000014 846.9801071644852
2.8000000000000007 847.2762087346674
3.0 847.438232693172
3.200000000000001 847.5073021559735
3.4000000000000004 847.510162033961
3.6000000000000014 847.4670906338602
3.8000000000000007 847.3965599934664
4.0 847.3159458192054
Result sigma optimization:  -8.0 135.01774648855755
E_max_2 =  600
Cutoff Radius =  6.0
Selected Radial Transform =  18.0
factor =  1.8
displacement =  0.0
dataset =  datasets/gold.xyz
n_train =  500
n_test =  2000
Train RMSE: 128.84336561981198 [Train MAE: 104.36432472908514]
Test RMSE: 139.43037474009512 [Test MAE: 112.7145703964735]
FINISHED at Tue Jan 10 02:26:01 CET 2023
