STARTING AT Tue Jan 10 03:17:57 CET 2023
Random seed: 1000
7 16
Reading dataset
Shuffling and extracting from dataset (length: 10000)
Shuffling and extraction done
Calculating power spectrum
Expansion coefficients done
Computing training kernel
     Calculating kernels for center species 1
     Calculating kernels for center species 1
Beginning first index add...
Beginning second index add...
     Calculating kernels for center species 6
     Calculating kernels for center species 6
Beginning first index add...
Beginning second index add...
Training kernel done
Computing test kernel
     Calculating kernels for center species 1
     Calculating kernels for center species 1
Beginning first index add...
Beginning second index add...
     Calculating kernels for center species 6
     Calculating kernels for center species 6
Beginning first index add...
Beginning second index add...
Test kernel done
Calculating composition features
Composition features done
-8.0 39.992046380066945
-7.8 33.94494140330292
-7.6 28.729635505561774
-7.4 25.096084183106417
-7.2 23.165175356289545
-7.0 22.42614066166001
-6.8 22.237363514087992
-6.6 22.17778382468643
-6.4 22.06464792501615
-6.2 21.851744884121985
-6.0 21.556651943665873
-5.8 21.238669413483056
-5.6 20.988492835027284
-5.4 20.895693705890416
-5.199999999999999 21.00727656765556
-5.0 21.31633359532896
-4.8 21.788241209625088
-4.6 22.393012507512637
-4.4 23.116460389044768
-4.199999999999999 23.94973243797057
-4.0 24.87314387428562
-3.8 25.84970129707848
-3.5999999999999996 26.8336357653756
-3.3999999999999995 27.79025662222309
-3.1999999999999993 28.720056290600052
-3.0 29.675634122800385
-2.8 30.75268902227289
-2.5999999999999996 32.042725161469455
-2.3999999999999995 33.57581001088608
-2.1999999999999993 35.3249072642651
-2.0 37.30220108603741
-1.7999999999999998 39.66660507932613
-1.5999999999999996 42.71099176870875
-1.3999999999999995 46.665915629174584
-1.1999999999999993 51.44013017269989
-1.0 56.56756397885122
-0.7999999999999998 61.44903435948125
-0.5999999999999996 65.64697469468604
-0.39999999999999947 68.99408056072146
-0.1999999999999993 71.52500466173174
0.0 73.36576150077833
0.20000000000000107 74.66239542530111
0.40000000000000036 75.5506641533011
0.5999999999999996 76.14505174071552
0.8000000000000007 76.53543619654594
1.0 76.7881930469566
1.200000000000001 76.949974881415
1.4000000000000004 77.05236447295937
1.6000000000000014 77.11615933356592
1.8000000000000007 77.15478578659913
2.0 77.17682600121344
2.200000000000001 77.18783224363322
2.4000000000000004 77.19159351412502
2.6000000000000014 77.19092297662742
2.8000000000000007 77.18799656883314
3.0 77.18438311095557
3.200000000000001 77.1810208945313
3.4000000000000004 77.1783119805503
3.6000000000000014 77.17631277034103
3.8000000000000007 77.1749179066455
4.0 77.17397935650662
Result sigma optimization:  -5.4 20.895693705890416
E_max_2 =  500
Cutoff Radius =  6.0
Selected Radial Transform =  18.0
factor =  3.0
displacement =  0.0
dataset =  datasets/random-ch4-10k.extxyz
n_train =  500
n_test =  2000
Train RMSE: 16.963253076723824 [Train MAE: 13.577522351330536]
Test RMSE: 25.468297525902184 [Test MAE: 16.570892756234525]
FINISHED at Tue Jan 10 03:19:34 CET 2023
