STARTING AT Tue Jan 10 01:28:25 CET 2023
Random seed: 1000
7 16
Reading dataset
Shuffling and extracting from dataset (length: 133885)
Shuffling and extraction done
Calculating power spectrum
Expansion coefficients done
Computing training kernel
     Calculating kernels for center species 1
     Calculating kernels for center species 1
Beginning first index add...
Beginning second index add...
     Calculating kernels for center species 6
     Calculating kernels for center species 6
Beginning first index add...
Beginning second index add...
     Calculating kernels for center species 7
     Calculating kernels for center species 7
Beginning first index add...
Beginning second index add...
     Calculating kernels for center species 8
     Calculating kernels for center species 8
Beginning first index add...
Beginning second index add...
     Calculating kernels for center species 9
     Calculating kernels for center species 9
Beginning first index add...
Beginning second index add...
Training kernel done
Computing test kernel
     Calculating kernels for center species 1
     Calculating kernels for center species 1
Beginning first index add...
Beginning second index add...
     Calculating kernels for center species 6
     Calculating kernels for center species 6
Beginning first index add...
Beginning second index add...
     Calculating kernels for center species 7
     Calculating kernels for center species 7
Beginning first index add...
Beginning second index add...
     Calculating kernels for center species 8
     Calculating kernels for center species 8
Beginning first index add...
Beginning second index add...
     Calculating kernels for center species 9
     Calculating kernels for center species 9
Beginning first index add...
Beginning second index add...
Test kernel done
Calculating composition features
Composition features done
-8.0 2.8324611988820254
-7.8 2.806415000594163
-7.6 2.7813759851283977
-7.4 2.757380870167224
-7.2 2.7430582636850303
-7.0 2.7493333402699207
-6.8 2.7718764119704136
-6.6 2.8034907873953343
-6.4 2.8547861543574253
-6.2 2.910200334205467
-6.0 2.9832448590703424
-5.8 3.069113376119698
-5.6 3.1885645727376106
-5.4 3.350858492667263
-5.199999999999999 3.562357422118017
-5.0 3.847606188346923
-4.8 4.2390342126646425
-4.6 4.721790147032763
-4.4 5.261030889636429
-4.199999999999999 5.822337831465935
-4.0 6.3782584518462535
-3.8 6.922136556051031
-3.5999999999999996 7.481913151410233
-3.3999999999999995 8.073077295810654
-3.1999999999999993 8.734797195132618
-3.0 9.48889158157297
-2.8 10.33334400095079
-2.5999999999999996 11.275380359257703
-2.3999999999999995 12.255095333092417
-2.1999999999999993 13.278283073925806
-2.0 14.348341086927173
-1.7999999999999998 15.40778558460739
-1.5999999999999996 16.38961453494296
-1.3999999999999995 17.22840006275664
-1.1999999999999993 17.901060023385632
-1.0 18.425737914586126
-0.7999999999999998 18.889058895180863
-0.5999999999999996 19.30480376209373
-0.39999999999999947 19.730293644781888
-0.1999999999999993 20.122587811610313
0.0 20.474650897028702
0.20000000000000107 20.767744660611278
0.40000000000000036 20.98997189794294
0.5999999999999996 21.147463509030857
0.8000000000000007 21.25391750991467
1.0 21.32366755182351
1.200000000000001 21.364219392657546
1.4000000000000004 21.385277080188136
1.6000000000000014 21.394155667766636
1.8000000000000007 21.396050441420133
2.0 21.394540080152517
2.200000000000001 21.39166825907323
2.4000000000000004 21.388345398218448
2.6000000000000014 21.384781029502545
2.8000000000000007 21.380841549474425
3.0 21.37631332577046
3.200000000000001 21.371149918521397
3.4000000000000004 21.36579846576901
3.6000000000000014 21.36049886310604
3.8000000000000007 21.35635230287401
4.0 21.35283913648823
Result sigma optimization:  -7.2 2.7430582636850303
E_max_2 =  500
Cutoff Radius =  6.0
Selected Radial Transform =  18.0
factor =  2.5
displacement =  0.0
dataset =  datasets/qm9.xyz
n_train =  500
n_test =  2000
Train RMSE: 1.2514461901692724 [Train MAE: 0.9693014187390122]
Test RMSE: 5.13828825841065 [Test MAE: 2.6673020197400557]
FINISHED at Tue Jan 10 01:30:29 CET 2023
