STARTING AT Tue Jan 10 02:21:58 CET 2023
Random seed: 1000
6 14
Reading dataset
Shuffling and extracting from dataset (length: 105092)
Shuffling and extraction done
Calculating power spectrum
Expansion coefficients done
Computing training kernel
     Calculating kernels for center species 79
     Calculating kernels for center species 79
Beginning first index add...
Beginning second index add...
Training kernel done
Computing test kernel
     Calculating kernels for center species 79
     Calculating kernels for center species 79
Beginning first index add...
Beginning second index add...
Test kernel done
Calculating composition features
Composition features done
-8.0 138.0552459046526
-7.8 138.69068087227407
-7.6 139.33629068828603
-7.4 139.7315215076018
-7.2 139.68131155670469
-7.0 139.1031670586203
-6.8 138.0067337152907
-6.6 136.43962210963485
-6.4 134.44659580383765
-6.2 132.0595049720949
-6.0 129.3000457003022
-5.8 126.17607081097262
-5.6 122.68125937692938
-5.4 118.82185107892482
-5.199999999999999 114.6662531817933
-5.0 110.37712894966933
-4.8 106.1901350875601
-4.6 102.35049512755351
-4.4 99.05711540465286
-4.199999999999999 96.44740812664594
-4.0 94.6104402540788
-3.8 93.5994573485184
-3.5999999999999996 93.43202257832559
-3.3999999999999995 94.08784095498036
-3.1999999999999993 95.52786855791524
-3.0 97.75248948511722
-2.8 100.87483712220455
-2.5999999999999996 105.13540490142621
-2.3999999999999995 110.79235000204422
-2.1999999999999993 117.92666977169638
-2.0 126.3228309292749
-1.7999999999999998 135.54517313516985
-1.5999999999999996 145.1370837211424
-1.3999999999999995 154.7750403456689
-1.1999999999999993 164.2971444443541
-1.0 173.65491623735076
-0.7999999999999998 182.91624941805844
-0.5999999999999996 192.38951795149083
-0.39999999999999947 202.74266313274325
-0.1999999999999993 214.9047868474263
0.0 229.72326036252954
0.20000000000000107 247.68427848198613
0.40000000000000036 269.07920358307473
0.5999999999999996 294.423661662537
0.8000000000000007 324.3420589716564
1.0 358.6309619188705
1.200000000000001 395.4970855176438
1.4000000000000004 432.22661487205687
1.6000000000000014 467.0090690609144
1.8000000000000007 500.3094247557591
2.0 534.6112214506898
2.200000000000001 572.5058799683196
2.4000000000000004 614.2859891239548
2.6000000000000014 657.1274497795134
2.8000000000000007 696.7915071565827
3.0 730.1149656765527
3.200000000000001 756.1640578608179
3.4000000000000004 775.8406234071869
3.6000000000000014 790.8865921823729
3.8000000000000007 802.9833944532361
4.0 813.199130232764
Result sigma optimization:  -3.5999999999999996 93.43202257832559
E_max_2 =  400
Cutoff Radius =  6.0
Selected Radial Transform =  18.0
factor =  0.4
displacement =  0.0
dataset =  datasets/gold.xyz
n_train =  500
n_test =  2000
Train RMSE: 52.53586218372601 [Train MAE: 38.87320652973897]
Test RMSE: 95.90946409486753 [Test MAE: 61.70062353813268]
FINISHED at Tue Jan 10 02:24:43 CET 2023
