STARTING AT Tue Jan 10 03:17:57 CET 2023
Random seed: 1000
8 20
Reading dataset
Shuffling and extracting from dataset (length: 10000)
Shuffling and extraction done
Calculating power spectrum
Expansion coefficients done
Computing training kernel
     Calculating kernels for center species 1
     Calculating kernels for center species 1
Beginning first index add...
Beginning second index add...
     Calculating kernels for center species 6
     Calculating kernels for center species 6
Beginning first index add...
Beginning second index add...
Training kernel done
Computing test kernel
     Calculating kernels for center species 1
     Calculating kernels for center species 1
Beginning first index add...
Beginning second index add...
     Calculating kernels for center species 6
     Calculating kernels for center species 6
Beginning first index add...
Beginning second index add...
Test kernel done
Calculating composition features
Composition features done
-8.0 74.0688034276254
-7.8 65.64392237485615
-7.6 58.916680017864294
-7.4 53.25854862475086
-7.2 48.26489983585598
-7.0 43.64009339273466
-6.8 39.19810592184934
-6.6 34.93616917872788
-6.4 31.019198760474474
-6.2 27.651744367131105
-6.0 24.94488086906256
-5.8 22.86375278315095
-5.6 21.279925484076774
-5.4 20.07272895192164
-5.199999999999999 19.175066573753362
-5.0 18.541548369817292
-4.8 18.1129252084071
-4.6 17.822221392007695
-4.4 17.617594231110456
-4.199999999999999 17.473951789577942
-4.0 17.392480058674884
-3.8 17.39260377906216
-3.5999999999999996 17.499534389098635
-3.3999999999999995 17.73594135459509
-3.1999999999999993 18.12421298956902
-3.0 18.69122615643778
-2.8 19.46105192157103
-2.5999999999999996 20.435966087848367
-2.3999999999999995 21.583692414214838
-2.1999999999999993 22.845333490868995
-2.0 24.160427841132137
-1.7999999999999998 25.494346656430178
-1.5999999999999996 26.859056338339244
-1.3999999999999995 28.335696770671948
-1.1999999999999993 30.105611000787924
-1.0 32.45796204724977
-0.7999999999999998 35.710203226462596
-0.5999999999999996 40.02127151538162
-0.39999999999999947 45.213273898849174
-0.1999999999999993 50.78921611404426
0.0 56.166292391517864
0.20000000000000107 60.92611843063032
0.40000000000000036 64.90365970513821
0.5999999999999996 68.11813501074352
0.8000000000000007 70.65877297598628
1.0 72.61670025279314
1.200000000000001 74.07563163209035
1.4000000000000004 75.12238796515642
1.6000000000000014 75.84730244564457
1.8000000000000007 76.33493687377435
2.0 76.65572306258137
2.200000000000001 76.86313994441883
2.4000000000000004 76.9952068774867
2.6000000000000014 77.07777111855505
2.8000000000000007 77.12792358418467
3.0 77.15686039703552
3.200000000000001 77.17203598453052
3.4000000000000004 77.1786138811301
3.6000000000000014 77.18027203424353
3.8000000000000007 77.17954380477924
4.0 77.17798975317972
Result sigma optimization:  -4.0 17.392480058674884
E_max_2 =  700
Cutoff Radius =  6.0
Selected Radial Transform =  18.0
factor =  2.4
displacement =  0.0
dataset =  datasets/random-ch4-10k.extxyz
n_train =  500
n_test =  2000
Train RMSE: 12.023760160697272 [Train MAE: 9.640079705224478]
Test RMSE: 15.71182114597945 [Test MAE: 11.781127568032625]
FINISHED at Tue Jan 10 03:20:10 CET 2023
