STARTING AT Tue Jan 10 03:17:26 CET 2023
Random seed: 1000
8 20
Reading dataset
Shuffling and extracting from dataset (length: 10000)
Shuffling and extraction done
Calculating power spectrum
Expansion coefficients done
Computing training kernel
     Calculating kernels for center species 1
     Calculating kernels for center species 1
Beginning first index add...
Beginning second index add...
     Calculating kernels for center species 6
     Calculating kernels for center species 6
Beginning first index add...
Beginning second index add...
Training kernel done
Computing test kernel
     Calculating kernels for center species 1
     Calculating kernels for center species 1
Beginning first index add...
Beginning second index add...
     Calculating kernels for center species 6
     Calculating kernels for center species 6
Beginning first index add...
Beginning second index add...
Test kernel done
Calculating composition features
Composition features done
-8.0 74.87192315207145
-7.8 66.5296492375724
-7.6 59.732523818184426
-7.4 53.97891778557428
-7.2 48.91661041425022
-7.0 44.33158783133466
-6.8 40.076804026222334
-6.6 36.05581926290094
-6.4 32.27037950397311
-6.2 28.8318530059753
-6.0 25.884331136757872
-5.8 23.508112216726275
-5.6 21.68025160809852
-5.4 20.30151490459614
-5.199999999999999 19.260703955513772
-5.0 18.48343643195145
-4.8 17.92809772681579
-4.6 17.555422553316337
-4.4 17.31842170720327
-4.199999999999999 17.175412816216483
-4.0 17.10251866021139
-3.8 17.09631774459419
-3.5999999999999996 17.169526029959947
-3.3999999999999995 17.344279418603957
-3.1999999999999993 17.64911302124904
-3.0 18.11974882669101
-2.8 18.792937086595526
-2.5999999999999996 19.686897885099228
-2.3999999999999995 20.781738987578194
-2.1999999999999993 22.0207703874172
-2.0 23.335906548569895
-1.7999999999999998 24.68027323401543
-1.5999999999999996 26.05207344769017
-1.3999999999999995 27.513697170498673
-1.1999999999999993 29.221029743514894
-1.0 31.44552542605878
-0.7999999999999998 34.519302885997426
-0.5999999999999996 38.654884097750795
-0.39999999999999947 43.739393154334884
-0.1999999999999993 49.31330728259322
0.0 54.78760217514278
0.20000000000000107 59.70771008901365
0.40000000000000036 63.86858870896768
0.5999999999999996 67.26427903611511
0.8000000000000007 69.97517208878978
1.0 72.089437815872
1.200000000000001 73.68592940961874
1.4000000000000004 74.84601901844285
1.6000000000000014 75.65801277059647
1.8000000000000007 76.2086837970655
2.0 76.57309264605946
2.200000000000001 76.80975481182662
2.4000000000000004 76.96101251052889
2.6000000000000014 77.05599300792368
2.8000000000000007 77.11410501787901
3.0 77.14811381842519
3.200000000000001 77.16650861505319
3.4000000000000004 77.17512435638146
3.6000000000000014 77.1780702630259
3.8000000000000007 77.17815491095972
4.0 77.17711368450355
Result sigma optimization:  -3.8 17.09631774459419
E_max_2 =  700
Cutoff Radius =  6.0
Selected Radial Transform =  18.0
factor =  2.3
displacement =  0.0
dataset =  datasets/random-ch4-10k.extxyz
n_train =  500
n_test =  2000
Train RMSE: 11.753239364705426 [Train MAE: 9.409443666033065]
Test RMSE: 15.796385789896155 [Test MAE: 11.716055517950274]
FINISHED at Tue Jan 10 03:20:00 CET 2023
