STARTING AT Tue Jan 10 02:24:59 CET 2023
Random seed: 1000
7 18
Reading dataset
Shuffling and extracting from dataset (length: 105092)
Shuffling and extraction done
Calculating power spectrum
Expansion coefficients done
Computing training kernel
     Calculating kernels for center species 79
     Calculating kernels for center species 79
Beginning first index add...
Beginning second index add...
Training kernel done
Computing test kernel
     Calculating kernels for center species 79
     Calculating kernels for center species 79
Beginning first index add...
Beginning second index add...
Test kernel done
Calculating composition features
Composition features done
-8.0 240.89611488917063
-7.8 267.1211479945708
-7.6 293.4143953456368
-7.4 318.2613021363332
-7.2 340.9729281135488
-7.0 361.38453138678915
-6.8 379.368461495051
-6.6 394.6421697818198
-6.4 406.958030357879
-6.2 416.3436237309666
-6.0 423.13722466611773
-5.8 427.8537862471308
-5.6 431.0278668587869
-5.4 433.11741206521623
-5.199999999999999 434.47269551339434
-5.0 435.34378315628044
-4.8 435.9025746938311
-4.6 436.2670337552347
-4.4 436.52452769240995
-4.199999999999999 436.75795540505464
-4.0 437.0855482456532
-3.8 437.73681998342215
-3.5999999999999996 439.2050166126403
-3.3999999999999995 442.5291154592456
-3.1999999999999993 449.70841168877615
-3.0 464.00314917226837
-2.8 489.3809698419587
-2.5999999999999996 528.3480958618505
-2.3999999999999995 579.1712539809238
-2.1999999999999993 635.50756021773
-2.0 689.4822435497496
-1.7999999999999998 735.3425461215729
-1.5999999999999996 770.86747879984
-1.3999999999999995 796.5926453914382
-1.1999999999999993 814.3648067213832
-1.0 826.2580263572397
-0.7999999999999998 834.0514095275231
-0.5999999999999996 839.0888977793837
-0.39999999999999947 842.3165057170194
-0.1999999999999993 844.372889540459
0.0 845.6783642071011
0.20000000000000107 846.5052220473918
0.40000000000000036 847.028130956065
0.5999999999999996 847.3584369074982
0.8000000000000007 847.566828076734
1.0 847.6980434534145
1.200000000000001 847.7803103163667
1.4000000000000004 847.8313503469833
1.6000000000000014 847.8621724391975
1.8000000000000007 847.8794414494625
2.0 847.8869270470339
2.200000000000001 847.8863534696134
2.4000000000000004 847.8778616808099
2.6000000000000014 847.8602481167057
2.8000000000000007 847.8311598530863
3.0 847.787501697944
3.200000000000001 847.7263848852706
3.4000000000000004 847.6468108926679
3.6000000000000014 847.5516371815529
3.8000000000000007 847.4483905462913
4.0 847.3474804174945
Result sigma optimization:  -8.0 240.89611488917063
E_max_2 =  600
Cutoff Radius =  6.0
Selected Radial Transform =  18.0
factor =  2.6
displacement =  0.0
dataset =  datasets/gold.xyz
n_train =  500
n_test =  2000
Train RMSE: 231.9946186738915 [Train MAE: 186.64693474076014]
Test RMSE: 239.3719454872134 [Test MAE: 192.12393576771888]
FINISHED at Tue Jan 10 02:28:04 CET 2023
