STARTING AT Tue Jan 10 02:23:28 CET 2023
Random seed: 1000
6 14
Reading dataset
Shuffling and extracting from dataset (length: 105092)
Shuffling and extraction done
Calculating power spectrum
Expansion coefficients done
Computing training kernel
     Calculating kernels for center species 79
     Calculating kernels for center species 79
Beginning first index add...
Beginning second index add...
Training kernel done
Computing test kernel
     Calculating kernels for center species 79
     Calculating kernels for center species 79
Beginning first index add...
Beginning second index add...
Test kernel done
Calculating composition features
Composition features done
-8.0 123.14417364901674
-7.8 124.11525726749323
-7.6 125.36102926314611
-7.4 127.03048117157361
-7.2 129.20260303229014
-7.0 131.8658968658639
-6.8 135.01533050999004
-6.6 138.8089551981126
-6.4 143.64188929494958
-6.2 150.0046279244326
-6.0 158.09833220714495
-5.8 167.46233958646584
-5.6 177.0432810612999
-5.4 185.73039962481332
-5.199999999999999 192.86814475009163
-5.0 198.39777796546207
-4.8 202.73495642972838
-4.6 206.63286200184868
-4.4 211.12305860442106
-4.199999999999999 217.42076966342935
-4.0 226.5935405976394
-3.8 239.00340163293092
-3.5999999999999996 253.9850875914343
-3.3999999999999995 270.2268002380218
-3.1999999999999993 286.55637247042546
-3.0 302.36582837089435
-2.8 317.438429201087
-2.5999999999999996 331.59060540041037
-2.3999999999999995 344.49956339268476
-2.1999999999999993 355.7564139518085
-2.0 365.057732731839
-1.7999999999999998 372.40269756164065
-1.5999999999999996 378.18568218792143
-1.3999999999999995 383.23652178383
-1.1999999999999993 388.97421733642386
-1.0 397.768982755836
-0.7999999999999998 413.3066316859856
-0.5999999999999996 440.1802874503464
-0.39999999999999947 481.74260817746875
-0.1999999999999993 536.9698761210886
0.0 599.5443248447996
0.20000000000000107 660.7955138969816
0.40000000000000036 713.8270229665412
0.5999999999999996 755.532222661214
0.8000000000000007 786.0746994223035
1.0 807.3415450441365
1.200000000000001 821.6460731021615
1.4000000000000004 831.0451475576028
1.6000000000000014 837.122036676942
1.8000000000000007 841.0026613010718
2.0 843.4510960214961
2.200000000000001 844.9718354867264
2.4000000000000004 845.8939781926973
2.6000000000000014 846.4330284626245
2.8000000000000007 846.7323907606319
3.0 846.8883626466704
3.200000000000001 846.964048140324
3.4000000000000004 846.998171230854
3.6000000000000014 847.012430691821
3.8000000000000007 847.0178869902425
4.0 847.0197161809486
Result sigma optimization:  -8.0 123.14417364901674
E_max_2 =  400
Cutoff Radius =  6.0
Selected Radial Transform =  18.0
factor =  1.4
displacement =  0.0
dataset =  datasets/gold.xyz
n_train =  500
n_test =  2000
Train RMSE: 115.39988334920004 [Train MAE: 92.59545611832114]
Test RMSE: 126.12245364795885 [Test MAE: 100.82850811064104]
FINISHED at Tue Jan 10 02:25:59 CET 2023
