STARTING AT Tue Jan 10 01:27:55 CET 2023
Random seed: 1000
8 20
Reading dataset
Shuffling and extracting from dataset (length: 133885)
Shuffling and extraction done
Calculating power spectrum
Expansion coefficients done
Computing training kernel
     Calculating kernels for center species 1
     Calculating kernels for center species 1
Beginning first index add...
Beginning second index add...
     Calculating kernels for center species 6
     Calculating kernels for center species 6
Beginning first index add...
Beginning second index add...
     Calculating kernels for center species 7
     Calculating kernels for center species 7
Beginning first index add...
Beginning second index add...
     Calculating kernels for center species 8
     Calculating kernels for center species 8
Beginning first index add...
Beginning second index add...
     Calculating kernels for center species 9
     Calculating kernels for center species 9
Beginning first index add...
Beginning second index add...
Training kernel done
Computing test kernel
     Calculating kernels for center species 1
     Calculating kernels for center species 1
Beginning first index add...
Beginning second index add...
     Calculating kernels for center species 6
     Calculating kernels for center species 6
Beginning first index add...
Beginning second index add...
     Calculating kernels for center species 7
     Calculating kernels for center species 7
Beginning first index add...
Beginning second index add...
     Calculating kernels for center species 8
     Calculating kernels for center species 8
Beginning first index add...
Beginning second index add...
     Calculating kernels for center species 9
     Calculating kernels for center species 9
Beginning first index add...
Beginning second index add...
Test kernel done
Calculating composition features
Composition features done
-8.0 3.1516862969786743
-7.8 3.141752054173907
-7.6 3.126744957406481
-7.4 3.1046742668953375
-7.2 3.074183547503024
-7.0 3.034950108951831
-6.8 2.9858484169835573
-6.6 2.9309453992716152
-6.4 2.8755032495046615
-6.2 2.8199134408968383
-6.0 2.775265881510393
-5.8 2.7381528193549602
-5.6 2.7194765951610753
-5.4 2.7146514075493324
-5.199999999999999 2.7291057069848175
-5.0 2.7468837882163353
-4.8 2.773122882589174
-4.6 2.8183796074864804
-4.4 2.892306114067149
-4.199999999999999 2.9854166776622297
-4.0 3.112167315333907
-3.8 3.2865205752041073
-3.5999999999999996 3.5214824346661917
-3.3999999999999995 3.840632744862989
-3.1999999999999993 4.230857133546903
-3.0 4.696308560188103
-2.8 5.19697753787
-2.5999999999999996 5.717284660056
-2.3999999999999995 6.270472442340338
-2.1999999999999993 6.826849070133787
-2.0 7.378390895219418
-1.7999999999999998 7.949659417119939
-1.5999999999999996 8.589448629734143
-1.3999999999999995 9.341800797323918
-1.1999999999999993 10.251028869355533
-1.0 11.249382912576174
-0.7999999999999998 12.267235561452308
-0.5999999999999996 13.357928255368583
-0.39999999999999947 14.497517290758186
-0.1999999999999993 15.559983409192196
0.0 16.519867642577438
0.20000000000000107 17.373328279658807
0.40000000000000036 18.131367441459386
0.5999999999999996 18.81590926001103
0.8000000000000007 19.451005450969674
1.0 19.999306413495916
1.200000000000001 20.434170799441116
1.4000000000000004 20.763574310057027
1.6000000000000014 20.995396043589015
1.8000000000000007 21.150441807284462
2.0 21.251680192000023
2.200000000000001 21.313377330618177
2.4000000000000004 21.348591713489164
2.6000000000000014 21.367397940319837
2.8000000000000007 21.37662467242809
3.0 21.38051066302202
3.200000000000001 21.3814121389271
3.4000000000000004 21.380488067668697
3.6000000000000014 21.37826616886816
3.8000000000000007 21.374844424925538
4.0 21.370359023860246
Result sigma optimization:  -5.4 2.7146514075493324
E_max_2 =  700
Cutoff Radius =  6.0
Selected Radial Transform =  18.0
factor =  2.1
displacement =  0.0
dataset =  datasets/qm9.xyz
n_train =  500
n_test =  2000
Train RMSE: 0.7491996117667995 [Train MAE: 0.5735521915769649]
Test RMSE: 4.334901556703931 [Test MAE: 2.7082572950152044]
FINISHED at Tue Jan 10 01:30:54 CET 2023
