STARTING AT Tue Jan 10 02:25:30 CET 2023
Random seed: 1000
7 16
Reading dataset
Shuffling and extracting from dataset (length: 105092)
Shuffling and extraction done
Calculating power spectrum
Expansion coefficients done
Computing training kernel
     Calculating kernels for center species 79
     Calculating kernels for center species 79
Beginning first index add...
Beginning second index add...
Training kernel done
Computing test kernel
     Calculating kernels for center species 79
     Calculating kernels for center species 79
Beginning first index add...
Beginning second index add...
Test kernel done
Calculating composition features
Composition features done
-8.0 144.15326009263046
-7.8 143.2756571567017
-7.6 142.52107511650516
-7.4 141.92183426445035
-7.2 141.4182853695279
-7.0 140.87931436320292
-6.8 140.16293480239383
-6.6 139.17891769248146
-6.4 137.9215790103938
-6.2 136.45985501522847
-6.0 134.89041259512283
-5.8 133.27397017462243
-5.6 131.58606889230558
-5.4 129.71824463378417
-5.199999999999999 127.54315423280933
-5.0 125.00391467642216
-4.8 122.15442612292468
-4.6 119.11515268277988
-4.4 115.98679318038305
-4.199999999999999 112.79350829696052
-4.0 109.49135703710829
-3.8 106.03608897123907
-3.5999999999999996 102.46853817874727
-3.3999999999999995 98.95077818880748
-3.1999999999999993 95.7245640690845
-3.0 93.03930702259908
-2.8 91.10899141941961
-2.5999999999999996 90.09662662781112
-2.3999999999999995 90.09150847858083
-2.1999999999999993 91.08371188568175
-2.0 92.97164848836597
-1.7999999999999998 95.61667155708884
-1.5999999999999996 98.93287110457328
-1.3999999999999995 102.9700134290526
-1.1999999999999993 107.91252337721444
-1.0 113.97284626876993
-0.7999999999999998 121.27586417645772
-0.5999999999999996 129.8283347544964
-0.39999999999999947 139.544771167114
-0.1999999999999993 150.24408950688795
0.0 161.6116818215323
0.20000000000000107 173.23603141846723
0.40000000000000036 184.82157749275342
0.5999999999999996 196.5084442203033
0.8000000000000007 209.0279708851259
1.0 223.4210143443967
1.200000000000001 240.40335097920624
1.4000000000000004 259.9812100997488
1.6000000000000014 281.8940233568829
1.8000000000000007 306.56817421330845
2.0 335.45786414211847
2.200000000000001 370.00808079059993
2.4000000000000004 409.9775337105911
2.6000000000000014 453.01314614325617
2.8000000000000007 496.2105849366761
3.0 538.0745992968443
3.200000000000001 578.9025697395691
3.4000000000000004 619.3240880306666
3.6000000000000014 658.609855449714
3.8000000000000007 694.5858899396346
4.0 725.0737435789138
Result sigma optimization:  -2.3999999999999995 90.09150847858083
E_max_2 =  500
Cutoff Radius =  6.0
Selected Radial Transform =  19.0
factor =  0.2
displacement =  0.0
dataset =  datasets/gold.xyz
n_train =  500
n_test =  2000
Train RMSE: 50.407335473267736 [Train MAE: 35.571315795566015]
Test RMSE: 93.28460924108391 [Test MAE: 57.07479888207861]
FINISHED at Tue Jan 10 02:28:06 CET 2023
