STARTING AT Tue Jan 10 01:29:26 CET 2023
Random seed: 1000
5 11
Reading dataset
Shuffling and extracting from dataset (length: 133885)
Shuffling and extraction done
Calculating power spectrum
Expansion coefficients done
Computing training kernel
     Calculating kernels for center species 1
     Calculating kernels for center species 1
Beginning first index add...
Beginning second index add...
     Calculating kernels for center species 6
     Calculating kernels for center species 6
Beginning first index add...
Beginning second index add...
     Calculating kernels for center species 7
     Calculating kernels for center species 7
Beginning first index add...
Beginning second index add...
     Calculating kernels for center species 8
     Calculating kernels for center species 8
Beginning first index add...
Beginning second index add...
     Calculating kernels for center species 9
     Calculating kernels for center species 9
Beginning first index add...
Beginning second index add...
Training kernel done
Computing test kernel
     Calculating kernels for center species 1
     Calculating kernels for center species 1
Beginning first index add...
Beginning second index add...
     Calculating kernels for center species 6
     Calculating kernels for center species 6
Beginning first index add...
Beginning second index add...
     Calculating kernels for center species 7
     Calculating kernels for center species 7
Beginning first index add...
Beginning second index add...
     Calculating kernels for center species 8
     Calculating kernels for center species 8
Beginning first index add...
Beginning second index add...
     Calculating kernels for center species 9
     Calculating kernels for center species 9
Beginning first index add...
Beginning second index add...
Test kernel done
Calculating composition features
Composition features done
-8.0 7.886936008181745
-7.8 7.8869358255147235
-7.6 7.886935536005556
-7.4 7.886935077164648
-7.2 7.886934349954074
-7.0 7.886933197403474
-6.8 7.886931370739853
-6.6 7.886928475684654
-6.4 7.886923887359815
-6.2 7.886916615431066
-6.0 7.886905090391465
-5.8 7.886886824909869
-5.6 7.8868578772697475
-5.4 7.886812001361415
-5.199999999999999 7.886739300506708
-5.0 7.886624096394859
-4.8 7.886441557837843
-4.6 7.88615237337612
-4.4 7.885694347226716
-4.199999999999999 7.884969178216898
-4.0 7.883821751988972
-3.8 7.882007935230735
-3.5999999999999996 7.879145057056024
-3.3999999999999995 7.874637183385
-3.1999999999999993 7.867884716785281
-3.0 7.858269503309968
-2.8 7.843595103793539
-2.5999999999999996 7.823302024897159
-2.3999999999999995 7.7968875961498565
-2.1999999999999993 7.776351791499244
-2.0 7.761270403945053
-1.7999999999999998 7.760237816996928
-1.5999999999999996 7.775459089701064
-1.3999999999999995 7.831945753510057
-1.1999999999999993 7.983766822588208
-1.0 8.227933962826148
-0.7999999999999998 8.58155745788899
-0.5999999999999996 9.024215099431887
-0.39999999999999947 9.561624136751382
-0.1999999999999993 10.192704529268351
0.0 10.90456889891285
0.20000000000000107 11.69135921200991
0.40000000000000036 12.54426809459555
0.5999999999999996 13.384032208988527
0.8000000000000007 14.203256587528067
1.0 15.055945182455241
1.200000000000001 15.989997606715892
1.4000000000000004 16.94176351273806
1.6000000000000014 17.829926571438357
1.8000000000000007 18.633292657085033
2.0 19.353996459242406
2.200000000000001 19.93508620761508
2.4000000000000004 20.381872126584444
2.6000000000000014 20.69456443571579
2.8000000000000007 20.90895161703974
3.0 21.053918761611726
3.200000000000001 21.152997885341076
3.4000000000000004 21.22000646064341
3.6000000000000014 21.26477670864823
3.8000000000000007 21.292996838511666
4.0 21.312365285524574
Result sigma optimization:  -1.7999999999999998 7.760237816996928
E_max_2 =  300
Cutoff Radius =  6.0
Selected Radial Transform =  19.0
factor =  0.4
displacement =  0.0
dataset =  datasets/qm9.xyz
n_train =  500
n_test =  2000
Train RMSE: 1.981138605314908 [Train MAE: 1.3539746334235265]
Test RMSE: 8.830259282774362 [Test MAE: 6.419706544772353]
FINISHED at Tue Jan 10 01:31:00 CET 2023
