STARTING AT Tue Jan 10 01:29:56 CET 2023
Random seed: 1000
7 18
Reading dataset
Shuffling and extracting from dataset (length: 133885)
Shuffling and extraction done
Calculating power spectrum
Expansion coefficients done
Computing training kernel
     Calculating kernels for center species 1
     Calculating kernels for center species 1
Beginning first index add...
Beginning second index add...
     Calculating kernels for center species 6
     Calculating kernels for center species 6
Beginning first index add...
Beginning second index add...
     Calculating kernels for center species 7
     Calculating kernels for center species 7
Beginning first index add...
Beginning second index add...
     Calculating kernels for center species 8
     Calculating kernels for center species 8
Beginning first index add...
Beginning second index add...
     Calculating kernels for center species 9
     Calculating kernels for center species 9
Beginning first index add...
Beginning second index add...
Training kernel done
Computing test kernel
     Calculating kernels for center species 1
     Calculating kernels for center species 1
Beginning first index add...
Beginning second index add...
     Calculating kernels for center species 6
     Calculating kernels for center species 6
Beginning first index add...
Beginning second index add...
     Calculating kernels for center species 7
     Calculating kernels for center species 7
Beginning first index add...
Beginning second index add...
     Calculating kernels for center species 8
     Calculating kernels for center species 8
Beginning first index add...
Beginning second index add...
     Calculating kernels for center species 9
     Calculating kernels for center species 9
Beginning first index add...
Beginning second index add...
Test kernel done
Calculating composition features
Composition features done
-8.0 5.831191182512046
-7.8 5.831191118706669
-7.6 5.8311910175709745
-7.4 5.831190857293401
-7.2 5.831190603260743
-7.0 5.831190200649884
-6.8 5.831189562558089
-6.6 5.831188551253284
-6.4 5.831186948441559
-6.2 5.831184408171092
-6.0 5.831180382138935
-5.8 5.831174001382684
-5.6 5.831163888754492
-5.4 5.831147861751972
-5.199999999999999 5.831122461808485
-5.0 5.831082208449692
-4.8 5.831018418325598
-4.6 5.830917335762213
-4.4 5.8307571758470935
-4.199999999999999 5.830509126785009
-4.0 5.830173927132486
-3.8 5.829643157231451
-3.5999999999999996 5.828803177212432
-3.3999999999999995 5.827475048606379
-3.1999999999999993 5.825478920249503
-3.0 5.822886727603364
-2.8 5.820446993269732
-2.5999999999999996 5.817182924132834
-2.3999999999999995 5.813848730727873
-2.1999999999999993 5.808372657210431
-2.0 5.805666617138483
-1.7999999999999998 5.8127857335662325
-1.5999999999999996 5.838363690375323
-1.3999999999999995 5.888784819774068
-1.1999999999999993 5.971054628650384
-1.0 6.104862235612652
-0.7999999999999998 6.298477391132971
-0.5999999999999996 6.589654470531098
-0.39999999999999947 6.98803201570244
-0.1999999999999993 7.4850388923784905
0.0 8.148817456442965
0.20000000000000107 8.978971876551197
0.40000000000000036 9.943068582085411
0.5999999999999996 10.950177170901888
0.8000000000000007 12.03908592064315
1.0 13.147982883492482
1.200000000000001 14.2356579859784
1.4000000000000004 15.293695872262482
1.6000000000000014 16.315424425870905
1.8000000000000007 17.290754886556428
2.0 18.179374263944883
2.200000000000001 18.979129735198665
2.4000000000000004 19.647394218153362
2.6000000000000014 20.166285360529113
2.8000000000000007 20.54987692554648
3.0 20.8176220040733
3.200000000000001 21.00199445399277
3.4000000000000004 21.127675345913087
3.6000000000000014 21.212170621846457
3.8000000000000007 21.26722168928393
4.0 21.30186980480723
Result sigma optimization:  -2.0 5.805666617138483
E_max_2 =  600
Cutoff Radius =  6.0
Selected Radial Transform =  19.0
factor =  0.8
displacement =  0.0
dataset =  datasets/qm9.xyz
n_train =  500
n_test =  2000
Train RMSE: 0.7304513108374974 [Train MAE: 0.5443632031035888]
Test RMSE: 6.605516086706136 [Test MAE: 4.488395922756679]
FINISHED at Tue Jan 10 01:31:20 CET 2023
