STARTING AT Tue Jan 10 02:27:30 CET 2023
Random seed: 1000
7 18
Reading dataset
Shuffling and extracting from dataset (length: 105092)
Shuffling and extraction done
Calculating power spectrum
Expansion coefficients done
Computing training kernel
     Calculating kernels for center species 79
     Calculating kernels for center species 79
Beginning first index add...
Beginning second index add...
Training kernel done
Computing test kernel
     Calculating kernels for center species 79
     Calculating kernels for center species 79
Beginning first index add...
Beginning second index add...
Test kernel done
Calculating composition features
Composition features done
-8.0 123.41952297724966
-7.8 123.87323297229993
-7.6 124.47848881094183
-7.4 125.42285902654196
-7.2 126.92983630822347
-7.0 129.22277669305876
-6.8 132.4766614824004
-6.6 136.77610799695492
-6.4 142.0962724989628
-6.2 148.29014884134332
-6.0 155.0545782960389
-5.8 161.91196676271474
-5.6 168.30058327496897
-5.4 173.76997291128455
-5.199999999999999 178.1324149854688
-5.0 181.4687657316083
-4.8 184.05423815690182
-4.6 186.327267030006
-4.4 188.95608976136845
-4.199999999999999 192.95845706302705
-4.0 199.7231053133822
-3.8 210.69001672163247
-3.5999999999999996 226.58343306646574
-3.3999999999999995 246.64559657596322
-3.1999999999999993 268.6987183383267
-3.0 290.1733302514417
-2.8 309.21444815816545
-2.5999999999999996 325.07531425438253
-2.3999999999999995 337.86207704224245
-2.1999999999999993 348.0776384126495
-2.0 356.24871705180664
-1.7999999999999998 362.7475417170624
-1.5999999999999996 367.82209507581285
-1.3999999999999995 371.72890466617866
-1.1999999999999993 374.8514202153264
-1.0 377.81145178982223
-0.7999999999999998 381.67760030475165
-0.5999999999999996 388.3554818884009
-0.39999999999999947 401.05060528062927
-0.1999999999999993 424.2000990054083
0.0 461.8219092680492
0.20000000000000107 514.3370169027219
0.40000000000000036 576.65749397001
0.5999999999999996 640.1761961579117
0.8000000000000007 697.0166858057247
1.0 742.867365161797
1.200000000000001 777.0751288117372
1.4000000000000004 801.2074387839565
1.6000000000000014 817.5870062928956
1.8000000000000007 828.4197106770797
2.0 835.4615968480297
2.200000000000001 839.9862844505203
2.4000000000000004 842.8686178195169
2.6000000000000014 844.6896755689818
2.8000000000000007 845.8270343337023
3.0 846.522398857199
3.200000000000001 846.9293086476471
3.4000000000000004 847.1461056222414
3.6000000000000014 847.2384222980027
3.8000000000000007 847.2533869880334
4.0 847.2265369566595
Result sigma optimization:  -8.0 123.41952297724966
E_max_2 =  600
Cutoff Radius =  6.0
Selected Radial Transform =  19.0
factor =  1.6
displacement =  0.0
dataset =  datasets/gold.xyz
n_train =  500
n_test =  2000
Train RMSE: 115.47128338497929 [Train MAE: 92.32612555602321]
Test RMSE: 126.35895992842266 [Test MAE: 100.16473277220426]
FINISHED at Tue Jan 10 02:29:19 CET 2023
