STARTING AT Tue Jan 10 03:20:58 CET 2023
Random seed: 1000
7 16
Reading dataset
Shuffling and extracting from dataset (length: 10000)
Shuffling and extraction done
Calculating power spectrum
Expansion coefficients done
Computing training kernel
     Calculating kernels for center species 1
     Calculating kernels for center species 1
Beginning first index add...
Beginning second index add...
     Calculating kernels for center species 6
     Calculating kernels for center species 6
Beginning first index add...
Beginning second index add...
Training kernel done
Computing test kernel
     Calculating kernels for center species 1
     Calculating kernels for center species 1
Beginning first index add...
Beginning second index add...
     Calculating kernels for center species 6
     Calculating kernels for center species 6
Beginning first index add...
Beginning second index add...
Test kernel done
Calculating composition features
Composition features done
-8.0 53.541997901028374
-7.8 49.450589318512634
-7.6 44.469670743187606
-7.4 38.86278433011215
-7.2 32.96121036470198
-7.0 27.212776719389726
-6.8 22.186089939766063
-6.6 18.44037565754592
-6.4 16.251759437265996
-6.2 15.394468448645426
-6.0 15.307766687528726
-5.8 15.482882574664632
-5.6 15.633322204459004
-5.4 15.65935072372962
-5.199999999999999 15.575614300611157
-5.0 15.44975079130479
-4.8 15.349982773547262
-4.6 15.312480333723041
-4.4 15.339891964663144
-4.199999999999999 15.421958788968144
-4.0 15.557645703206745
-3.8 15.76549204280092
-3.5999999999999996 16.08194210507321
-3.3999999999999995 16.554925401111344
-3.1999999999999993 17.235953552026082
-3.0 18.165612354339295
-2.8 19.35119297527618
-2.5999999999999996 20.750244966097885
-2.3999999999999995 22.28157224500574
-2.1999999999999993 23.871713830030124
-2.0 25.51811452098024
-1.7999999999999998 27.339153808234762
-1.5999999999999996 29.58878674032033
-1.3999999999999995 32.60416963668481
-1.1999999999999993 36.64505207941285
-1.0 41.6789391999405
-0.7999999999999998 47.31001157081958
-0.5999999999999996 52.95698325655853
-0.39999999999999947 58.12147072370359
-0.1999999999999993 62.53801029107697
0.0 66.16116973623167
0.20000000000000107 69.06699506526576
0.40000000000000036 71.35747415975172
0.5999999999999996 73.11870997315938
0.8000000000000007 74.42671013331127
1.0 75.36133351993028
1.200000000000001 76.00587926694202
1.4000000000000004 76.4376399858248
1.6000000000000014 76.72029284849152
1.8000000000000007 76.90175219891081
2.0 77.01590847602078
2.200000000000001 77.08586325482034
2.4000000000000004 77.12715094002219
2.6000000000000014 77.15027649676497
2.8000000000000007 77.16239141407169
3.0 77.16826189174033
3.200000000000001 77.17087055158154
3.4000000000000004 77.17191887628813
3.6000000000000014 77.17228439819158
3.8000000000000007 77.17237859040256
4.0 77.17237819093067
Result sigma optimization:  -6.0 15.307766687528726
E_max_2 =  500
Cutoff Radius =  6.0
Selected Radial Transform =  19.0
factor =  1.9
displacement =  0.0
dataset =  datasets/random-ch4-10k.extxyz
n_train =  500
n_test =  2000
Train RMSE: 6.528499574187698 [Train MAE: 5.084922600282113]
Test RMSE: 19.295678577611675 [Test MAE: 9.824765485879684]
FINISHED at Tue Jan 10 03:21:10 CET 2023
