STARTING AT Tue Jan 10 02:25:29 CET 2023
Random seed: 1000
5 11
Reading dataset
Shuffling and extracting from dataset (length: 105092)
Shuffling and extraction done
Calculating power spectrum
Expansion coefficients done
Computing training kernel
     Calculating kernels for center species 79
     Calculating kernels for center species 79
Beginning first index add...
Beginning second index add...
Training kernel done
Computing test kernel
     Calculating kernels for center species 79
     Calculating kernels for center species 79
Beginning first index add...
Beginning second index add...
Test kernel done
Calculating composition features
Composition features done
-8.0 302.6446169755728
-7.8 289.17259102170243
-7.6 277.49490982591567
-7.4 268.4659802829229
-7.2 262.3058297705243
-7.0 258.6419239357172
-6.8 257.0165578816366
-6.6 257.1693296663666
-6.4 259.0522628349089
-6.2 262.4847067651924
-6.0 266.8579279122627
-5.8 271.1407010198476
-5.6 274.18591638024816
-5.4 275.0834346958793
-5.199999999999999 273.39430204387446
-5.0 269.2142355589649
-4.8 263.0787105421692
-4.6 255.71703790371828
-4.4 247.76363852709525
-4.199999999999999 239.6124412570643
-4.0 231.5154412352939
-3.8 223.8426824559065
-3.5999999999999996 217.2835906609166
-3.3999999999999995 212.77435215486338
-3.1999999999999993 211.11094182720666
-3.0 212.4818118253416
-2.8 216.30582468747045
-2.5999999999999996 221.51335729716484
-2.3999999999999995 227.0169983036515
-2.1999999999999993 232.08984801638863
-2.0 236.55488960362564
-1.7999999999999998 240.7335561318177
-1.5999999999999996 245.13068604200436
-1.3999999999999995 250.045694236647
-1.1999999999999993 255.4434161854197
-1.0 261.16931420329763
-0.7999999999999998 267.23514041439415
-0.5999999999999996 273.9074601780793
-0.39999999999999947 281.5801716248268
-0.1999999999999993 290.5443742281363
0.0 300.77145849320675
0.20000000000000107 311.8387483550107
0.40000000000000036 323.0926184862631
0.5999999999999996 333.950612963723
0.8000000000000007 344.0960817765591
1.0 353.46099944074473
1.200000000000001 362.13979950873363
1.4000000000000004 370.39038560139136
1.6000000000000014 378.67204468417845
1.8000000000000007 387.5871662882181
2.0 397.7716511079243
2.200000000000001 409.8595937621224
2.4000000000000004 424.4302550793271
2.6000000000000014 441.80197324568894
2.8000000000000007 461.8101415445156
3.0 483.71008187703336
3.200000000000001 506.2148027924864
3.4000000000000004 527.8348922980554
3.6000000000000014 547.526396257431
3.8000000000000007 565.2106964760997
4.0 581.8767782959701
Result sigma optimization:  -3.1999999999999993 211.11094182720666
E_max_2 =  300
Cutoff Radius =  6.0
Selected Radial Transform =  19.0
factor =  0.1
displacement =  0.0
dataset =  datasets/gold.xyz
n_train =  500
n_test =  2000
Train RMSE: 146.20935124899842 [Train MAE: 100.68891564935026]
Test RMSE: 202.9264607255491 [Test MAE: 135.05172497170244]
FINISHED at Tue Jan 10 02:28:04 CET 2023
