STARTING AT Tue Jan 10 03:20:28 CET 2023
Random seed: 1000
7 16
Reading dataset
Shuffling and extracting from dataset (length: 10000)
Shuffling and extraction done
Calculating power spectrum
Expansion coefficients done
Computing training kernel
     Calculating kernels for center species 1
     Calculating kernels for center species 1
Beginning first index add...
Beginning second index add...
     Calculating kernels for center species 6
     Calculating kernels for center species 6
Beginning first index add...
Beginning second index add...
Training kernel done
Computing test kernel
     Calculating kernels for center species 1
     Calculating kernels for center species 1
Beginning first index add...
Beginning second index add...
     Calculating kernels for center species 6
     Calculating kernels for center species 6
Beginning first index add...
Beginning second index add...
Test kernel done
Calculating composition features
Composition features done
-8.0 32.83161416631477
-7.8 29.489700544483252
-7.6 26.861186692000064
-7.4 24.807947065838103
-7.2 23.17132883757023
-7.0 21.795867357947724
-6.8 20.578443608115826
-6.6 19.483131467309242
-6.4 18.500972187428008
-6.2 17.60649977190583
-6.0 16.76341804876194
-5.8 15.961579153130787
-5.6 15.233182733332022
-5.4 14.632511655122466
-5.199999999999999 14.202164362965965
-5.0 13.95076127142971
-4.8 13.851352127224278
-4.6 13.857463679430602
-4.4 13.927164887001194
-4.199999999999999 14.041208604876793
-4.0 14.20609073244106
-3.8 14.446624244156963
-3.5999999999999996 14.798767584896886
-3.3999999999999995 15.305905935931012
-3.1999999999999993 16.013017972977508
-3.0 16.954424499622913
-2.8 18.13798425632842
-2.5999999999999996 19.53214965314676
-2.3999999999999995 21.064893689146686
-2.1999999999999993 22.645434898239127
-2.0 24.21074009870627
-1.7999999999999998 25.78395831592366
-1.5999999999999996 27.52353425933886
-1.3999999999999995 29.73175437257378
-1.1999999999999993 32.774197509633
-1.0 36.88887453490815
-0.7999999999999998 41.991004593513324
-0.5999999999999996 47.66029720167553
-0.39999999999999947 53.33751196226756
-0.1999999999999993 58.55282956454402
0.0 63.03719760255221
0.20000000000000107 66.71346231236132
0.40000000000000036 69.62668345247687
0.5999999999999996 71.87030403549649
0.8000000000000007 73.54588539545041
1.0 74.75499273211946
1.200000000000001 75.59820571787316
1.4000000000000004 76.1688811002359
1.6000000000000014 76.54576547727835
1.8000000000000007 76.78967287060918
2.0 76.94453133331518
2.200000000000001 77.04070811179294
2.4000000000000004 77.09874300844672
2.6000000000000014 77.13248398579232
2.8000000000000007 77.15127928012282
3.0 77.16132798965216
3.200000000000001 77.16654014810771
3.4000000000000004 77.16920943645245
3.6000000000000014 77.17058563503673
3.8000000000000007 77.17131153810521
4.0 77.17170697772494
Result sigma optimization:  -4.8 13.851352127224278
E_max_2 =  500
Cutoff Radius =  6.0
Selected Radial Transform =  19.0
factor =  1.6
displacement =  0.0
dataset =  datasets/random-ch4-10k.extxyz
n_train =  500
n_test =  2000
Train RMSE: 7.041387304131976 [Train MAE: 5.571349721141549]
Test RMSE: 15.346869773363007 [Test MAE: 9.266835887917605]
FINISHED at Tue Jan 10 03:20:56 CET 2023
