STARTING AT Tue Jan 10 03:18:57 CET 2023
Random seed: 1000
7 18
Reading dataset
Shuffling and extracting from dataset (length: 10000)
Shuffling and extraction done
Calculating power spectrum
Expansion coefficients done
Computing training kernel
     Calculating kernels for center species 1
     Calculating kernels for center species 1
Beginning first index add...
Beginning second index add...
     Calculating kernels for center species 6
     Calculating kernels for center species 6
Beginning first index add...
Beginning second index add...
Training kernel done
Computing test kernel
     Calculating kernels for center species 1
     Calculating kernels for center species 1
Beginning first index add...
Beginning second index add...
     Calculating kernels for center species 6
     Calculating kernels for center species 6
Beginning first index add...
Beginning second index add...
Test kernel done
Calculating composition features
Composition features done
-8.0 27.51742426146517
-7.8 27.517423408732284
-7.6 27.517422056757717
-7.4 27.517419912652134
-7.2 27.51741651140652
-7.0 27.51741111287652
-6.8 27.517402536658985
-6.6 27.517388893791573
-6.4 27.517367144336095
-6.2 27.517332353336307
-6.0 27.51727640363756
-5.8 27.517185677856066
-5.6 27.517036669208178
-5.4 27.51678719098674
-5.199999999999999 27.516357765432367
-5.0 27.515590656495082
-4.8 27.51415917803192
-4.6 27.511376178523065
-4.4 27.505834835564436
-4.199999999999999 27.494862902545112
-4.0 27.473937487205717
-3.8 27.436399226954023
-3.5999999999999996 27.37382514595705
-3.3999999999999995 27.27736062524903
-3.1999999999999993 27.14027739776809
-3.0 26.96132235222108
-2.8 26.746954532995606
-2.5999999999999996 26.510394803162747
-2.3999999999999995 26.26778738630322
-2.1999999999999993 26.034275208615018
-2.0 25.822151864661638
-1.7999999999999998 25.640585804585232
-1.5999999999999996 25.496440947995698
-1.3999999999999995 25.39790427180532
-1.1999999999999993 25.361581214600875
-1.0 25.42090758996138
-0.7999999999999998 25.63386810505786
-0.5999999999999996 26.08925900328716
-0.39999999999999947 26.90796783864886
-0.1999999999999993 28.228210108723186
0.0 30.166157382735996
0.20000000000000107 32.76786932617363
0.40000000000000036 35.9807606739821
0.5999999999999996 39.6474859514955
0.8000000000000007 43.51968437568556
1.0 47.31860684817696
1.200000000000001 50.845326015600364
1.4000000000000004 54.06960398766193
1.6000000000000014 57.117168758633134
1.8000000000000007 60.15126909430973
2.0 63.23047523971429
2.200000000000001 66.25031056564151
2.4000000000000004 69.0087783848556
2.6000000000000014 71.32838623413096
2.8000000000000007 73.13419030408132
3.0 74.45343872846004
3.200000000000001 75.37181234477353
3.4000000000000004 75.98983075609634
3.6000000000000014 76.3973264330941
3.8000000000000007 76.66397356481174
4.0 76.83886241095001
Result sigma optimization:  -1.1999999999999993 25.361581214600875
E_max_2 =  600
Cutoff Radius =  6.0
Selected Radial Transform =  19.0
factor =  0.3
displacement =  0.0
dataset =  datasets/random-ch4-10k.extxyz
n_train =  500
n_test =  2000
Train RMSE: 11.398049496693048 [Train MAE: 7.475951798446581]
Test RMSE: 23.775118310089535 [Test MAE: 12.155414869869597]
FINISHED at Tue Jan 10 03:22:07 CET 2023
