STARTING AT Tue Jan 10 01:29:56 CET 2023
Random seed: 1000
8 20
Reading dataset
Shuffling and extracting from dataset (length: 133885)
Shuffling and extraction done
Calculating power spectrum
Expansion coefficients done
Computing training kernel
     Calculating kernels for center species 1
     Calculating kernels for center species 1
Beginning first index add...
Beginning second index add...
     Calculating kernels for center species 6
     Calculating kernels for center species 6
Beginning first index add...
Beginning second index add...
     Calculating kernels for center species 7
     Calculating kernels for center species 7
Beginning first index add...
Beginning second index add...
     Calculating kernels for center species 8
     Calculating kernels for center species 8
Beginning first index add...
Beginning second index add...
     Calculating kernels for center species 9
     Calculating kernels for center species 9
Beginning first index add...
Beginning second index add...
Training kernel done
Computing test kernel
     Calculating kernels for center species 1
     Calculating kernels for center species 1
Beginning first index add...
Beginning second index add...
     Calculating kernels for center species 6
     Calculating kernels for center species 6
Beginning first index add...
Beginning second index add...
     Calculating kernels for center species 7
     Calculating kernels for center species 7
Beginning first index add...
Beginning second index add...
     Calculating kernels for center species 8
     Calculating kernels for center species 8
Beginning first index add...
Beginning second index add...
     Calculating kernels for center species 9
     Calculating kernels for center species 9
Beginning first index add...
Beginning second index add...
Test kernel done
Calculating composition features
Composition features done
-8.0 5.80171687193649
-7.8 5.801716867878888
-7.6 5.801716861446003
-7.4 5.801716851249357
-7.2 5.80171683509227
-7.0 5.8017168094809435
-6.8 5.801716768892452
-6.6 5.801716704564168
-6.4 5.801716602608124
-6.2 5.801716441021547
-6.0 5.801716184923593
-5.8 5.80171577903555
-5.6 5.801715135744322
-5.4 5.801714116187636
-5.199999999999999 5.801712500290628
-5.0 5.801709939230457
-4.8 5.801705880149381
-4.6 5.801699446744297
-4.4 5.801689249990508
-4.199999999999999 5.801673087996172
-4.0 5.801647469860644
-3.8 5.801606860094327
-3.5999999999999996 5.801542478521826
-3.3999999999999995 5.8014403920278275
-3.1999999999999993 5.801278474737295
-3.0 5.801021552574782
-2.8 5.800613617751237
-2.5999999999999996 5.799965280093883
-2.3999999999999995 5.79895505804702
-2.1999999999999993 5.797548868168999
-2.0 5.795482084628588
-1.7999999999999998 5.792302741143944
-1.5999999999999996 5.788033125418678
-1.3999999999999995 5.783085397258456
-1.1999999999999993 5.779136163526027
-1.0 5.778042174289454
-0.7999999999999998 5.783303135813787
-0.5999999999999996 5.828048678411795
-0.39999999999999947 5.929892357456596
-0.1999999999999993 6.103224589055336
0.0 6.358725220693776
0.20000000000000107 6.702457190618604
0.40000000000000036 7.184759550722573
0.5999999999999996 7.80540679823637
0.8000000000000007 8.588822274380249
1.0 9.517429341740025
1.200000000000001 10.556515264274173
1.4000000000000004 11.648886912320604
1.6000000000000014 12.766476068941122
1.8000000000000007 13.870987520223492
2.0 14.951918853608067
2.200000000000001 16.020919751165977
2.4000000000000004 17.052478072060882
2.6000000000000014 18.00136285981515
2.8000000000000007 18.870451433064012
3.0 19.60092950186206
3.200000000000001 20.154130509697097
3.4000000000000004 20.55013447751915
3.6000000000000014 20.827372404897464
3.8000000000000007 21.01700561797119
4.0 21.14197348042954
Result sigma optimization:  -1.0 5.778042174289454
E_max_2 =  700
Cutoff Radius =  6.0
Selected Radial Transform =  19.0
factor =  0.6
displacement =  0.0
dataset =  datasets/qm9.xyz
n_train =  500
n_test =  2000
Train RMSE: 1.0159622281072676 [Train MAE: 0.7065592676076422]
Test RMSE: 7.070892340945956 [Test MAE: 4.825733497928406]
FINISHED at Tue Jan 10 01:32:21 CET 2023
