STARTING AT Tue Jan 10 01:31:58 CET 2023
Random seed: 1000
7 16
Reading dataset
Shuffling and extracting from dataset (length: 133885)
Shuffling and extraction done
Calculating power spectrum
Expansion coefficients done
Computing training kernel
     Calculating kernels for center species 1
     Calculating kernels for center species 1
Beginning first index add...
Beginning second index add...
     Calculating kernels for center species 6
     Calculating kernels for center species 6
Beginning first index add...
Beginning second index add...
     Calculating kernels for center species 7
     Calculating kernels for center species 7
Beginning first index add...
Beginning second index add...
     Calculating kernels for center species 8
     Calculating kernels for center species 8
Beginning first index add...
Beginning second index add...
     Calculating kernels for center species 9
     Calculating kernels for center species 9
Beginning first index add...
Beginning second index add...
Training kernel done
Computing test kernel
     Calculating kernels for center species 1
     Calculating kernels for center species 1
Beginning first index add...
Beginning second index add...
     Calculating kernels for center species 6
     Calculating kernels for center species 6
Beginning first index add...
Beginning second index add...
     Calculating kernels for center species 7
     Calculating kernels for center species 7
Beginning first index add...
Beginning second index add...
     Calculating kernels for center species 8
     Calculating kernels for center species 8
Beginning first index add...
Beginning second index add...
     Calculating kernels for center species 9
     Calculating kernels for center species 9
Beginning first index add...
Beginning second index add...
Test kernel done
Calculating composition features
Composition features done
-8.0 3.163581805746595
-7.8 3.0781659597823747
-7.6 3.00048312831606
-7.4 2.9395190749274915
-7.2 2.892451937553415
-7.0 2.85436261431867
-6.8 2.8273515642032145
-6.6 2.8035285860868755
-6.4 2.7867649959957346
-6.2 2.776953685221204
-6.0 2.7766486404997415
-5.8 2.7974533620847506
-5.6 2.8442157865164917
-5.4 2.919214395407762
-5.199999999999999 3.0179100278268454
-5.0 3.1511146176491747
-4.8 3.32564852794871
-4.6 3.557654201200756
-4.4 3.8762986595478726
-4.199999999999999 4.299011300007755
-4.0 4.778807627565169
-3.8 5.320302371668105
-3.5999999999999996 5.890001633901847
-3.3999999999999995 6.45536046080821
-3.1999999999999993 7.0121454790080024
-3.0 7.572048785788284
-2.8 8.166359189520811
-2.5999999999999996 8.846569538792501
-2.3999999999999995 9.66750212922618
-2.1999999999999993 10.613544218816969
-2.0 11.611858976370767
-1.7999999999999998 12.61070035136866
-1.5999999999999996 13.66186545009811
-1.3999999999999995 14.7887606792289
-1.1999999999999993 15.812932968339814
-1.0 16.719721467016083
-0.7999999999999998 17.495883793032508
-0.5999999999999996 18.13671425075356
-0.39999999999999947 18.714849494043815
-0.1999999999999993 19.257901357591308
0.0 19.77394664011357
0.20000000000000107 20.224489032095004
0.40000000000000036 20.59395718995648
0.5999999999999996 20.872051265863934
0.8000000000000007 21.065650557307244
1.0 21.194450373410664
1.200000000000001 21.277724520591125
1.4000000000000004 21.328590115639916
1.6000000000000014 21.357355638150963
1.8000000000000007 21.37236493546715
2.0 21.3794119194503
2.200000000000001 21.382067721918297
2.4000000000000004 21.382283559881834
2.6000000000000014 21.380964028306494
2.8000000000000007 21.378478813490467
3.0 21.374994051639923
3.200000000000001 21.370482487449127
3.4000000000000004 21.36558161909337
3.6000000000000014 21.36047003827272
3.8000000000000007 21.356442655997512
4.0 21.352965672285027
Result sigma optimization:  -6.0 2.7766486404997415
E_max_2 =  500
Cutoff Radius =  6.0
Selected Radial Transform =  19.0
factor =  2.2
displacement =  0.0
dataset =  datasets/qm9.xyz
n_train =  500
n_test =  2000
Train RMSE: 1.493652842180527 [Train MAE: 1.1370330008975964]
Test RMSE: 4.306004726699533 [Test MAE: 2.6058959218395743]
FINISHED at Tue Jan 10 01:34:14 CET 2023
