STARTING AT Tue Jan 10 02:26:00 CET 2023
Random seed: 1000
7 16
Reading dataset
Shuffling and extracting from dataset (length: 105092)
Shuffling and extraction done
Calculating power spectrum
Expansion coefficients done
Computing training kernel
     Calculating kernels for center species 79
     Calculating kernels for center species 79
Beginning first index add...
Beginning second index add...
Training kernel done
Computing test kernel
     Calculating kernels for center species 79
     Calculating kernels for center species 79
Beginning first index add...
Beginning second index add...
Test kernel done
Calculating composition features
Composition features done
-8.0 200.49285147614987
-7.8 193.49397252047876
-7.6 186.12584044385505
-7.4 178.40599780954548
-7.2 170.32550388224215
-7.0 161.95346800895572
-6.8 153.4763379640515
-6.6 145.16912763590472
-6.4 137.33758774285207
-6.2 130.24128098514825
-6.0 124.00532231062982
-5.8 118.57785476875372
-5.6 113.80200612069171
-5.4 109.57404293309492
-5.199999999999999 105.95099042782606
-5.0 103.10562382452511
-4.8 101.16899540809744
-4.6 100.09688137889783
-4.4 99.67583595052302
-4.199999999999999 99.66063042764206
-4.0 99.91642624009563
-3.8 100.45803033380395
-3.5999999999999996 101.3867274340286
-3.3999999999999995 102.78928695787238
-3.1999999999999993 104.67044358829757
-3.0 106.97030777017248
-2.8 109.65466580184541
-2.5999999999999996 112.80123972590587
-2.3999999999999995 116.61161141963262
-2.1999999999999993 121.33294338656306
-2.0 127.13592277322749
-1.7999999999999998 134.03714845772404
-1.5999999999999996 141.9207556716863
-1.3999999999999995 150.64306410352512
-1.1999999999999993 160.16915164555252
-1.0 170.64907635135202
-0.7999999999999998 182.32587973543446
-0.5999999999999996 195.30455070437876
-0.39999999999999947 209.39808292599167
-0.1999999999999993 224.24314030093706
0.0 239.61668778200382
0.20000000000000107 255.67987630185965
0.40000000000000036 272.9901857568578
0.5999999999999996 292.3841786387504
0.8000000000000007 314.81001841081155
1.0 340.9200651783132
1.200000000000001 370.3562131969766
1.4000000000000004 401.36928451416367
1.6000000000000014 431.5805663456583
1.8000000000000007 459.55945359013947
2.0 486.0004897012661
2.200000000000001 513.7238462492866
2.4000000000000004 546.3360955628771
2.6000000000000014 585.8228827807192
2.8000000000000007 630.559328618012
3.0 675.8163695419552
3.200000000000001 716.5243896225495
3.4000000000000004 749.682373070541
3.6000000000000014 774.8328784119893
3.8000000000000007 793.1963569957408
4.0 806.5912808130423
Result sigma optimization:  -4.199999999999999 99.66063042764206
E_max_2 =  500
Cutoff Radius =  6.0
Selected Radial Transform =  19.0
factor =  0.6
displacement =  0.0
dataset =  datasets/gold.xyz
n_train =  500
n_test =  2000
Train RMSE: 60.85243331089226 [Train MAE: 44.97503148209246]
Test RMSE: 96.42638850722876 [Test MAE: 65.7084077361472]
FINISHED at Tue Jan 10 02:28:38 CET 2023
