STARTING AT Tue Jan 10 03:22:59 CET 2023
Random seed: 1000
6 14
Reading dataset
Shuffling and extracting from dataset (length: 10000)
Shuffling and extraction done
Calculating power spectrum
Expansion coefficients done
Computing training kernel
     Calculating kernels for center species 1
     Calculating kernels for center species 1
Beginning first index add...
Beginning second index add...
     Calculating kernels for center species 6
     Calculating kernels for center species 6
Beginning first index add...
Beginning second index add...
Training kernel done
Computing test kernel
     Calculating kernels for center species 1
     Calculating kernels for center species 1
Beginning first index add...
Beginning second index add...
     Calculating kernels for center species 6
     Calculating kernels for center species 6
Beginning first index add...
Beginning second index add...
Test kernel done
Calculating composition features
Composition features done
-8.0 17.622643429824997
-7.8 17.53126253390194
-7.6 17.399036592547347
-7.4 17.213717478679328
-7.2 16.96358460432115
-7.0 16.640069627801612
-6.8 16.2409722563685
-6.6 15.77316286731413
-6.4 15.25287926322037
-6.2 14.703095527031245
-6.0 14.150040731569893
-5.8 13.620328813080192
-5.6 13.137695408702802
-5.4 12.719808388373277
-5.199999999999999 12.377856412321776
-5.0 12.11884259460613
-4.8 11.947203076582207
-4.6 11.86387575190619
-4.4 11.86432209285751
-4.199999999999999 11.937921822903414
-4.0 12.07025071097207
-3.8 12.248789310177647
-3.5999999999999996 12.470185365196576
-3.3999999999999995 12.74407660480073
-3.1999999999999993 13.089808148034233
-3.0 13.529115723623097
-2.8 14.082781040498645
-2.5999999999999996 14.774997890460758
-2.3999999999999995 15.640040146145338
-2.1999999999999993 16.724726049272405
-2.0 18.085736223462657
-1.7999999999999998 19.783493966664846
-1.5999999999999996 21.88392843256989
-1.3999999999999995 24.48825133435069
-1.1999999999999993 27.772292836405406
-1.0 31.951235324102367
-0.7999999999999998 37.12168672534949
-0.5999999999999996 43.09725589623168
-0.39999999999999947 49.41298542669993
-0.1999999999999993 55.50416820889697
0.0 60.911567827139436
0.20000000000000107 65.3893686766458
0.40000000000000036 68.8947174913883
0.5999999999999996 71.51512096321304
0.8000000000000007 73.39803375015607
1.0 74.70539836910868
1.200000000000001 75.5873379130975
1.4000000000000004 76.16848851257686
1.6000000000000014 76.54414593269098
1.8000000000000007 76.78297952493286
2.0 76.93257577794854
2.200000000000001 77.02509292847891
2.4000000000000004 77.08181089938267
2.6000000000000014 77.11646515746502
2.8000000000000007 77.13767504706973
3.0 77.15072060643396
3.200000000000001 77.15879258931146
3.4000000000000004 77.16381472552685
3.6000000000000014 77.16695309470221
3.8000000000000007 77.16892059328951
4.0 77.17015679975309
Result sigma optimization:  -4.6 11.86387575190619
E_max_2 =  400
Cutoff Radius =  6.0
Selected Radial Transform =  20.0
factor =  0.8
displacement =  0.0
dataset =  datasets/random-ch4-10k.extxyz
n_train =  500
n_test =  2000
Train RMSE: 3.6666000487367993 [Train MAE: 2.861619111439609]
Test RMSE: 11.179892036650342 [Test MAE: 6.773060653958166]
FINISHED at Tue Jan 10 03:23:35 CET 2023
