STARTING AT Tue Jan 10 01:37:01 CET 2023
Random seed: 1000
5 11
Reading dataset
Shuffling and extracting from dataset (length: 133885)
Shuffling and extraction done
Calculating power spectrum
Expansion coefficients done
Computing training kernel
     Calculating kernels for center species 1
     Calculating kernels for center species 1
Beginning first index add...
Beginning second index add...
     Calculating kernels for center species 6
     Calculating kernels for center species 6
Beginning first index add...
Beginning second index add...
     Calculating kernels for center species 7
     Calculating kernels for center species 7
Beginning first index add...
Beginning second index add...
     Calculating kernels for center species 8
     Calculating kernels for center species 8
Beginning first index add...
Beginning second index add...
     Calculating kernels for center species 9
     Calculating kernels for center species 9
Beginning first index add...
Beginning second index add...
Training kernel done
Computing test kernel
     Calculating kernels for center species 1
     Calculating kernels for center species 1
Beginning first index add...
Beginning second index add...
     Calculating kernels for center species 6
     Calculating kernels for center species 6
Beginning first index add...
Beginning second index add...
     Calculating kernels for center species 7
     Calculating kernels for center species 7
Beginning first index add...
Beginning second index add...
     Calculating kernels for center species 8
     Calculating kernels for center species 8
Beginning first index add...
Beginning second index add...
     Calculating kernels for center species 9
     Calculating kernels for center species 9
Beginning first index add...
Beginning second index add...
Test kernel done
Calculating composition features
Composition features done
-8.0 2.9040190532332635
-7.8 2.9610213753245187
-7.6 3.0414362664359507
-7.4 3.139718832495331
-7.2 3.271084308011399
-7.0 3.4267006655004226
-6.8 3.625075693652092
-6.6 3.872014750752656
-6.4 4.185859140475222
-6.2 4.548137745205837
-6.0 4.983824238451489
-5.8 5.477354363914521
-5.6 6.012088645156764
-5.4 6.55559911128151
-5.199999999999999 7.109149106193509
-5.0 7.711491077916056
-4.8 8.372381494767382
-4.6 9.064933470619915
-4.4 9.807381004896772
-4.199999999999999 10.635329755845044
-4.0 11.580753275256138
-3.8 12.582866676864366
-3.5999999999999996 13.66509153833428
-3.3999999999999995 14.779654647930398
-3.1999999999999993 15.820084480118352
-3.0 16.749499718939457
-2.8 17.517221294980796
-2.5999999999999996 18.116761371600006
-2.3999999999999995 18.589961193342955
-2.1999999999999993 19.003706656945273
-2.0 19.371790038536115
-1.7999999999999998 19.75373256522226
-1.5999999999999996 20.117682442529844
-1.3999999999999995 20.449890698136272
-1.1999999999999993 20.737765698207344
-1.0 20.96427424014194
-0.7999999999999998 21.129968900375392
-0.5999999999999996 21.243264588273128
-0.39999999999999947 21.318315425196886
-0.1999999999999993 21.36352625894503
0.0 21.387233187804924
0.20000000000000107 21.397225387085538
0.40000000000000036 21.399316062849977
0.5999999999999996 21.39749803594482
0.8000000000000007 21.39415116032285
1.0 21.390401773233222
1.200000000000001 21.38656146088688
1.4000000000000004 21.382516108511943
1.6000000000000014 21.378015561382316
1.8000000000000007 21.37288707168129
2.0 21.367516928402182
2.200000000000001 21.361990362664915
2.4000000000000004 21.357537814760224
2.6000000000000014 21.353801996737026
2.8000000000000007 21.350820806972195
3.0 21.34860077992144
3.200000000000001 21.347032542691924
3.4000000000000004 21.34596591805884
3.6000000000000014 21.345259118236275
3.8000000000000007 21.344798832150584
4.0 21.344502474345976
Result sigma optimization:  -8.0 2.9040190532332635
E_max_2 =  300
Cutoff Radius =  6.0
Selected Radial Transform =  20.0
factor =  2.5
displacement =  0.0
dataset =  datasets/qm9.xyz
n_train =  500
n_test =  2000
Train RMSE: 2.1483154444610757 [Train MAE: 1.6251986458221845]
Test RMSE: 4.5682620754776195 [Test MAE: 2.8104331866796843]
FINISHED at Tue Jan 10 01:41:16 CET 2023
