STARTING AT Tue Jan 10 03:24:30 CET 2023
Random seed: 1000
6 14
Reading dataset
Shuffling and extracting from dataset (length: 10000)
Shuffling and extraction done
Calculating power spectrum
Expansion coefficients done
Computing training kernel
     Calculating kernels for center species 1
     Calculating kernels for center species 1
Beginning first index add...
Beginning second index add...
     Calculating kernels for center species 6
     Calculating kernels for center species 6
Beginning first index add...
Beginning second index add...
Training kernel done
Computing test kernel
     Calculating kernels for center species 1
     Calculating kernels for center species 1
Beginning first index add...
Beginning second index add...
     Calculating kernels for center species 6
     Calculating kernels for center species 6
Beginning first index add...
Beginning second index add...
Test kernel done
Calculating composition features
Composition features done
-8.0 16.5041736960287
-7.8 14.869718232973517
-7.6 13.843017239257584
-7.4 13.357037411799146
-7.2 13.233083901503822
-7.0 13.258276063417044
-6.8 13.294270401491902
-6.6 13.310740634859387
-6.4 13.329923727463697
-6.2 13.3665077478066
-6.0 13.415853685231639
-5.8 13.469534266543535
-5.6 13.524697026405079
-5.4 13.584869409841271
-5.199999999999999 13.659644739899381
-5.0 13.760937418948798
-4.8 13.896759665142906
-4.6 14.0704611758557
-4.4 14.286691495627954
-4.199999999999999 14.558586352380871
-4.0 14.913594974007557
-3.8 15.396206994333566
-3.5999999999999996 16.061641995877697
-3.3999999999999995 16.958807360476648
-3.1999999999999993 18.114565627092137
-3.0 19.533806832481876
-2.8 21.213829614161384
-2.5999999999999996 23.164041115597403
-2.3999999999999995 25.434218076864997
-2.1999999999999993 28.14819734625505
-2.0 31.49777066780719
-1.7999999999999998 35.64839882650443
-1.5999999999999996 40.5991477563183
-1.3999999999999995 46.1075051320346
-1.1999999999999993 51.73684496456479
-1.0 57.00683673008335
-0.7999999999999998 61.56941561505864
-0.5999999999999996 65.30085348867584
-0.39999999999999947 68.26486724830585
-0.1999999999999993 70.60305868874386
0.0 72.44151291816597
0.20000000000000107 73.86256991686311
0.40000000000000036 74.92533603071784
0.5999999999999996 75.68910349070806
0.8000000000000007 76.2177081320411
1.0 76.57219996044341
1.200000000000001 76.80383786379832
1.4000000000000004 76.95168393648525
1.6000000000000014 77.04371188928408
1.8000000000000007 77.09931167769585
2.0 77.13175721375836
2.200000000000001 77.15003586613054
2.4000000000000004 77.16004796737349
2.6000000000000014 77.16545614881291
2.8000000000000007 77.16838615895021
3.0 77.17000109736914
3.200000000000001 77.17091391711261
3.4000000000000004 77.17144381187519
3.6000000000000014 77.1717587668652
3.8000000000000007 77.17194949146828
4.0 77.17206657286974
Result sigma optimization:  -7.2 13.233083901503822
E_max_2 =  400
Cutoff Radius =  6.0
Selected Radial Transform =  20.0
factor =  1.8
displacement =  0.0
dataset =  datasets/random-ch4-10k.extxyz
n_train =  500
n_test =  2000
Train RMSE: 5.089843046613858 [Train MAE: 3.878233936314464]
Test RMSE: 20.958102174383654 [Test MAE: 9.760105724246452]
FINISHED at Tue Jan 10 03:24:54 CET 2023
