STARTING AT Tue Jan 10 01:34:30 CET 2023
Random seed: 1000
8 20
Reading dataset
Shuffling and extracting from dataset (length: 133885)
Shuffling and extraction done
Calculating power spectrum
Expansion coefficients done
Computing training kernel
     Calculating kernels for center species 1
     Calculating kernels for center species 1
Beginning first index add...
Beginning second index add...
     Calculating kernels for center species 6
     Calculating kernels for center species 6
Beginning first index add...
Beginning second index add...
     Calculating kernels for center species 7
     Calculating kernels for center species 7
Beginning first index add...
Beginning second index add...
     Calculating kernels for center species 8
     Calculating kernels for center species 8
Beginning first index add...
Beginning second index add...
     Calculating kernels for center species 9
     Calculating kernels for center species 9
Beginning first index add...
Beginning second index add...
Training kernel done
Computing test kernel
     Calculating kernels for center species 1
     Calculating kernels for center species 1
Beginning first index add...
Beginning second index add...
     Calculating kernels for center species 6
     Calculating kernels for center species 6
Beginning first index add...
Beginning second index add...
     Calculating kernels for center species 7
     Calculating kernels for center species 7
Beginning first index add...
Beginning second index add...
     Calculating kernels for center species 8
     Calculating kernels for center species 8
Beginning first index add...
Beginning second index add...
     Calculating kernels for center species 9
     Calculating kernels for center species 9
Beginning first index add...
Beginning second index add...
Test kernel done
Calculating composition features
Composition features done
-8.0 5.0080427874155795
-7.8 5.008042680636878
-7.6 5.008042511408548
-7.4 5.008042243175445
-7.2 5.008041818080488
-7.0 5.008041144342711
-6.8 5.008040076535152
-6.6 5.008038384182076
-6.4 5.008035701991416
-6.2 5.008031451035539
-6.0 5.008024713792173
-5.8 5.0080140361376255
-5.6 5.007997113600359
-5.4 5.00797029423339
-5.199999999999999 5.007927790975246
-5.0 5.007860434358143
-4.8 5.0077536977215455
-4.6 5.007584572959455
-4.4 5.007320397857034
-4.199999999999999 5.006917167284733
-4.0 5.006278668093295
-3.8 5.005268213069146
-3.5999999999999996 5.003728591616447
-3.3999999999999995 5.001529224423713
-3.1999999999999993 4.9980646670467905
-3.0 4.994504246539669
-2.8 4.990945174415019
-2.5999999999999996 4.985094832323211
-2.3999999999999995 4.982438453177006
-2.1999999999999993 4.991215729119305
-2.0 5.008484681334312
-1.7999999999999998 5.049938341562165
-1.5999999999999996 5.113552903411393
-1.3999999999999995 5.212859398351408
-1.1999999999999993 5.355630063632303
-1.0 5.532294270600343
-0.7999999999999998 5.765510812175894
-0.5999999999999996 6.093533830026384
-0.39999999999999947 6.494627403559875
-0.1999999999999993 7.078937382454269
0.0 7.865439359189899
0.20000000000000107 8.86927614326886
0.40000000000000036 10.005076837340692
0.5999999999999996 11.203975342335696
0.8000000000000007 12.43152575299817
1.0 13.671964444876263
1.200000000000001 14.851945508136923
1.4000000000000004 15.965941754063628
1.6000000000000014 17.052881859306986
1.8000000000000007 18.0269678729294
2.0 18.877036324468534
2.200000000000001 19.57548908234745
2.4000000000000004 20.104503291908177
2.6000000000000014 20.497502444433515
2.8000000000000007 20.77766906935097
3.0 20.969395855825354
3.200000000000001 21.101400806587765
3.4000000000000004 21.1933683306735
3.6000000000000014 21.255514247126268
3.8000000000000007 21.296086315107512
4.0 21.32242840124788
Result sigma optimization:  -2.3999999999999995 4.982438453177006
E_max_2 =  700
Cutoff Radius =  6.0
Selected Radial Transform =  20.0
factor =  1.0
displacement =  0.0
dataset =  datasets/qm9.xyz
n_train =  500
n_test =  2000
Train RMSE: 0.5165656791169241 [Train MAE: 0.3888648528092034]
Test RMSE: 6.276703848146147 [Test MAE: 4.200346463621678]
FINISHED at Tue Jan 10 01:35:23 CET 2023
