STARTING AT Tue Jan 10 01:35:00 CET 2023
Random seed: 1000
7 16
Reading dataset
Shuffling and extracting from dataset (length: 133885)
Shuffling and extraction done
Calculating power spectrum
Expansion coefficients done
Computing training kernel
     Calculating kernels for center species 1
     Calculating kernels for center species 1
Beginning first index add...
Beginning second index add...
     Calculating kernels for center species 6
     Calculating kernels for center species 6
Beginning first index add...
Beginning second index add...
     Calculating kernels for center species 7
     Calculating kernels for center species 7
Beginning first index add...
Beginning second index add...
     Calculating kernels for center species 8
     Calculating kernels for center species 8
Beginning first index add...
Beginning second index add...
     Calculating kernels for center species 9
     Calculating kernels for center species 9
Beginning first index add...
Beginning second index add...
Training kernel done
Computing test kernel
     Calculating kernels for center species 1
     Calculating kernels for center species 1
Beginning first index add...
Beginning second index add...
     Calculating kernels for center species 6
     Calculating kernels for center species 6
Beginning first index add...
Beginning second index add...
     Calculating kernels for center species 7
     Calculating kernels for center species 7
Beginning first index add...
Beginning second index add...
     Calculating kernels for center species 8
     Calculating kernels for center species 8
Beginning first index add...
Beginning second index add...
     Calculating kernels for center species 9
     Calculating kernels for center species 9
Beginning first index add...
Beginning second index add...
Test kernel done
Calculating composition features
Composition features done
-8.0 4.4846869843327735
-7.8 4.484676938797129
-7.6 4.484661018592218
-7.4 4.484635789581385
-7.2 4.484595811112522
-7.0 4.484532466751669
-6.8 4.484432115892443
-6.6 4.484273178636169
-6.4 4.484021551799378
-6.2 4.483623430230451
-6.0 4.483002696868352
-5.8 4.48208060337459
-5.6 4.48065958848095
-5.4 4.478517704960541
-5.199999999999999 4.475446770983836
-5.0 4.47095461117223
-4.8 4.4647929394191594
-4.6 4.456205951483033
-4.4 4.445342023870573
-4.199999999999999 4.430868152795971
-4.0 4.418838173398529
-3.8 4.416684447887427
-3.5999999999999996 4.426331153637242
-3.3999999999999995 4.464090122870839
-3.1999999999999993 4.535989056534507
-3.0 4.624232973170558
-2.8 4.749155652699257
-2.5999999999999996 4.926684584576935
-2.3999999999999995 5.152480639873232
-2.1999999999999993 5.418072471256968
-2.0 5.732837082376773
-1.7999999999999998 6.0836737434742805
-1.5999999999999996 6.4597540382803835
-1.3999999999999995 6.8885661473063715
-1.1999999999999993 7.441227589313938
-1.0 8.195247449929742
-0.7999999999999998 9.127542859217643
-0.5999999999999996 10.178209818383852
-0.39999999999999947 11.294639242184601
-0.1999999999999993 12.508790816554487
0.0 13.719275785372115
0.20000000000000107 14.885569770707626
0.40000000000000036 16.009541521523627
0.5999999999999996 17.0844841729407
0.8000000000000007 18.062454822553754
1.0 18.875659869322234
1.200000000000001 19.529028225841067
1.4000000000000004 20.0460040633926
1.6000000000000014 20.44188536138573
1.8000000000000007 20.724988178421153
2.0 20.922678479684635
2.200000000000001 21.055328524066766
2.4000000000000004 21.14655344034761
2.6000000000000014 21.21647052840383
2.8000000000000007 21.2676052621282
3.0 21.303338744044485
3.200000000000001 21.32670837628673
3.4000000000000004 21.339863949938916
3.6000000000000014 21.346135275023173
3.8000000000000007 21.348544352496504
4.0 21.349223634869382
Result sigma optimization:  -3.8 4.416684447887427
E_max_2 =  500
Cutoff Radius =  6.0
Selected Radial Transform =  20.0
factor =  1.2
displacement =  0.0
dataset =  datasets/qm9.xyz
n_train =  500
n_test =  2000
Train RMSE: 0.6596476651976049 [Train MAE: 0.500727044206018]
Test RMSE: 5.725776721172463 [Test MAE: 3.802264301598416]
FINISHED at Tue Jan 10 01:37:29 CET 2023
