STARTING AT Tue Jan 10 01:36:31 CET 2023
Random seed: 1000
5 11
Reading dataset
Shuffling and extracting from dataset (length: 133885)
Shuffling and extraction done
Calculating power spectrum
Expansion coefficients done
Computing training kernel
     Calculating kernels for center species 1
     Calculating kernels for center species 1
Beginning first index add...
Beginning second index add...
     Calculating kernels for center species 6
     Calculating kernels for center species 6
Beginning first index add...
Beginning second index add...
     Calculating kernels for center species 7
     Calculating kernels for center species 7
Beginning first index add...
Beginning second index add...
     Calculating kernels for center species 8
     Calculating kernels for center species 8
Beginning first index add...
Beginning second index add...
     Calculating kernels for center species 9
     Calculating kernels for center species 9
Beginning first index add...
Beginning second index add...
Training kernel done
Computing test kernel
     Calculating kernels for center species 1
     Calculating kernels for center species 1
Beginning first index add...
Beginning second index add...
     Calculating kernels for center species 6
     Calculating kernels for center species 6
Beginning first index add...
Beginning second index add...
     Calculating kernels for center species 7
     Calculating kernels for center species 7
Beginning first index add...
Beginning second index add...
     Calculating kernels for center species 8
     Calculating kernels for center species 8
Beginning first index add...
Beginning second index add...
     Calculating kernels for center species 9
     Calculating kernels for center species 9
Beginning first index add...
Beginning second index add...
Test kernel done
Calculating composition features
Composition features done
-8.0 2.737773333021265
-7.8 2.789175417460559
-7.6 2.844129117341421
-7.4 2.908811525330122
-7.2 2.982185747251904
-7.0 3.075223560509563
-6.8 3.1969759487298433
-6.6 3.3442360315177937
-6.4 3.5415869852449395
-6.2 3.806427814568451
-6.0 4.142559079323488
-5.8 4.529655364437437
-5.6 4.983737279101799
-5.4 5.499648211073305
-5.199999999999999 6.053375267907686
-5.0 6.615385207562882
-4.8 7.178519845415722
-4.6 7.762988657348818
-4.4 8.439247792319584
-4.199999999999999 9.16179747709378
-4.0 9.945051646627194
-3.8 10.808279986216991
-3.5999999999999996 11.755708551546189
-3.3999999999999995 12.7299620996444
-3.1999999999999993 13.779509154116036
-3.0 14.853243356756273
-2.8 15.90528766303574
-2.5999999999999996 16.83385257131903
-2.3999999999999995 17.574585079618956
-2.1999999999999993 18.16905767635142
-2.0 18.67941107894761
-1.7999999999999998 19.120511908749954
-1.5999999999999996 19.56411915904229
-1.3999999999999995 19.983730725961937
-1.1999999999999993 20.35991052642882
-1.0 20.68047482587473
-0.7999999999999998 20.926993952769877
-0.5999999999999996 21.102457276318347
-0.39999999999999947 21.22091499674887
-0.1999999999999993 21.299044653393587
0.0 21.345318516743923
0.20000000000000107 21.370369741243135
0.40000000000000036 21.382262642214904
0.5999999999999996 21.38671194470725
0.8000000000000007 21.387340397827575
1.0 21.386105501274617
1.200000000000001 21.3838609145031
1.4000000000000004 21.380838214703726
1.6000000000000014 21.377002725854346
1.8000000000000007 21.3723116662087
2.0 21.367213772141717
2.200000000000001 21.361862176455187
2.4000000000000004 21.357481881493403
2.6000000000000014 21.353793555907103
2.8000000000000007 21.35083113944381
3.0 21.348615440687286
3.200000000000001 21.347045677622322
3.4000000000000004 21.34597594932627
3.6000000000000014 21.345266198197475
3.8000000000000007 21.344803613600458
4.0 21.34450562046158
Result sigma optimization:  -8.0 2.737773333021265
E_max_2 =  300
Cutoff Radius =  6.0
Selected Radial Transform =  20.0
factor =  2.3
displacement =  0.0
dataset =  datasets/qm9.xyz
n_train =  500
n_test =  2000
Train RMSE: 1.5739440839243788 [Train MAE: 1.2178979231047797]
Test RMSE: 5.626255446119442 [Test MAE: 2.8110509374886816]
FINISHED at Tue Jan 10 01:39:41 CET 2023
