STARTING AT Tue Jan 10 03:29:02 CET 2023
Random seed: 1000
5 11
Reading dataset
Shuffling and extracting from dataset (length: 10000)
Shuffling and extraction done
Calculating power spectrum
Expansion coefficients done
Computing training kernel
     Calculating kernels for center species 1
     Calculating kernels for center species 1
Beginning first index add...
Beginning second index add...
     Calculating kernels for center species 6
     Calculating kernels for center species 6
Beginning first index add...
Beginning second index add...
Training kernel done
Computing test kernel
     Calculating kernels for center species 1
     Calculating kernels for center species 1
Beginning first index add...
Beginning second index add...
     Calculating kernels for center species 6
     Calculating kernels for center species 6
Beginning first index add...
Beginning second index add...
Test kernel done
Calculating composition features
Composition features done
-8.0 18.213381845646737
-7.8 17.737429342661056
-7.6 17.396568931354636
-7.4 17.135817867905992
-7.2 16.926609964839486
-7.0 16.77225992160999
-6.8 16.686250264589958
-6.6 16.672541461297556
-6.4 16.72288941217297
-6.2 16.829427098559176
-6.0 17.003088798757318
-5.8 17.284493577680532
-5.6 17.733760885581372
-5.4 18.399377891327067
-5.199999999999999 19.287278150146662
-5.0 20.354044422399262
-4.8 21.52693977816107
-4.6 22.734148565375243
-4.4 23.927429860170268
-4.199999999999999 25.093357061396294
-4.0 26.265106775864815
-3.8 27.545558467467988
-3.5999999999999996 29.137564383016684
-3.3999999999999995 31.358285755880303
-3.1999999999999993 34.577638585151625
-3.0 39.01950858490656
-2.8 44.524369366479775
-2.5999999999999996 50.52951352291058
-2.3999999999999995 56.333629258352154
-2.1999999999999993 61.40779143748697
-2.0 65.52845965303288
-1.7999999999999998 68.72315439121616
-1.5999999999999996 71.14104641588631
-1.3999999999999995 72.94724759074494
-1.1999999999999993 74.27726116169434
-1.0 75.23581267520305
-0.7999999999999998 75.90840970951338
-0.5999999999999996 76.36773925343773
-0.39999999999999947 76.67406000954587
-0.1999999999999993 76.87442146382467
0.0 77.0033534911451
0.20000000000000107 77.08494092364572
0.40000000000000036 77.13535702713759
0.5999999999999996 77.16519468945553
0.8000000000000007 77.18135260770957
1.0 77.18845725943363
1.200000000000001 77.18983235362117
1.4000000000000004 77.18800981489869
1.6000000000000014 77.1848642423734
1.8000000000000007 77.18160157512672
2.0 77.17882328273954
2.200000000000001 77.17670487422342
2.4000000000000004 77.17519662066064
2.6000000000000014 77.17416873006783
2.8000000000000007 77.17348756901991
3.0 77.1730441918652
3.200000000000001 77.17275886594095
3.4000000000000004 77.17257657636262
3.6000000000000014 77.17246064845764
3.8000000000000007 77.1723871374868
4.0 77.1723406090319
Result sigma optimization:  -6.6 16.672541461297556
E_max_2 =  300
Cutoff Radius =  6.0
Selected Radial Transform =  21.0
factor =  2.6
displacement =  0.0
dataset =  datasets/random-ch4-10k.extxyz
n_train =  500
n_test =  2000
Train RMSE: 13.861201847446967 [Train MAE: 11.128472050516573]
Test RMSE: 21.249378381834074 [Test MAE: 13.1969936912633]
FINISHED at Tue Jan 10 03:30:53 CET 2023
