STARTING AT Tue Jan 10 02:33:03 CET 2023
Random seed: 1000
7 16
Reading dataset
Shuffling and extracting from dataset (length: 105092)
Shuffling and extraction done
Calculating power spectrum
Expansion coefficients done
Computing training kernel
     Calculating kernels for center species 79
     Calculating kernels for center species 79
Beginning first index add...
Beginning second index add...
Training kernel done
Computing test kernel
     Calculating kernels for center species 79
     Calculating kernels for center species 79
Beginning first index add...
Beginning second index add...
Test kernel done
Calculating composition features
Composition features done
-8.0 154.51203142279567
-7.8 153.23138750623133
-7.6 152.2202373270638
-7.4 151.4241958326364
-7.2 150.67944876458796
-7.0 149.78388705441623
-6.8 148.584859873365
-6.6 147.04128325022194
-6.4 145.2337696181625
-6.2 143.3190885229732
-6.0 141.44708379299144
-5.8 139.67165167174193
-5.6 137.90052119652512
-5.4 135.92907737565253
-5.199999999999999 133.55618967302783
-5.0 130.70566237908739
-4.8 127.45889793760155
-4.6 123.9801206913316
-4.4 120.40701297610454
-4.199999999999999 116.78818139655908
-4.0 113.09723753988388
-3.8 109.30774940892486
-3.5999999999999996 105.47176843228688
-3.3999999999999995 101.74035374367854
-3.1999999999999993 98.33159414575796
-3.0 95.4983542745897
-2.8 93.50506494586755
-2.5999999999999996 92.57640751962175
-2.3999999999999995 92.81712622551166
-2.1999999999999993 94.16616559828908
-2.0 96.43711514769149
-1.7999999999999998 99.42866950982922
-1.5999999999999996 103.05081686383083
-1.3999999999999995 107.39563261361289
-1.1999999999999993 112.68625961029774
-1.0 119.13335207392842
-0.7999999999999998 126.82694653187477
-0.5999999999999996 135.72793666049947
-0.39999999999999947 145.69033929142645
-0.1999999999999993 156.44813830968545
0.0 167.61048638164547
0.20000000000000107 178.75824223455314
0.40000000000000036 189.67426627312813
0.5999999999999996 200.61602782729707
0.8000000000000007 212.40566392583358
1.0 226.12145490071774
1.200000000000001 242.49459149682636
1.4000000000000004 261.5767588199708
1.6000000000000014 283.1891782457937
1.8000000000000007 307.81397928667434
2.0 336.8441051794826
2.200000000000001 371.51435246089886
2.4000000000000004 411.3472475396597
2.6000000000000014 453.93209739969876
2.8000000000000007 496.53736677466844
3.0 537.9208500607886
3.200000000000001 578.5352736537559
3.4000000000000004 618.9952182030012
3.6000000000000014 658.4396873836956
3.8000000000000007 694.5643618946367
4.0 725.1351761742579
Result sigma optimization:  -2.5999999999999996 92.57640751962175
E_max_2 =  500
Cutoff Radius =  6.0
Selected Radial Transform =  21.0
factor =  0.2
displacement =  0.0
dataset =  datasets/gold.xyz
n_train =  500
n_test =  2000
Train RMSE: 47.558947963420316 [Train MAE: 33.61926133081744]
Test RMSE: 97.6059568669933 [Test MAE: 58.51520675656469]
FINISHED at Tue Jan 10 02:35:11 CET 2023
