STARTING AT Tue Jan 10 01:41:34 CET 2023
Random seed: 1000
8 20
Reading dataset
Shuffling and extracting from dataset (length: 133885)
Shuffling and extraction done
Calculating power spectrum
Expansion coefficients done
Computing training kernel
     Calculating kernels for center species 1
     Calculating kernels for center species 1
Beginning first index add...
Beginning second index add...
     Calculating kernels for center species 6
     Calculating kernels for center species 6
Beginning first index add...
Beginning second index add...
     Calculating kernels for center species 7
     Calculating kernels for center species 7
Beginning first index add...
Beginning second index add...
     Calculating kernels for center species 8
     Calculating kernels for center species 8
Beginning first index add...
Beginning second index add...
     Calculating kernels for center species 9
     Calculating kernels for center species 9
Beginning first index add...
Beginning second index add...
Training kernel done
Computing test kernel
     Calculating kernels for center species 1
     Calculating kernels for center species 1
Beginning first index add...
Beginning second index add...
     Calculating kernels for center species 6
     Calculating kernels for center species 6
Beginning first index add...
Beginning second index add...
     Calculating kernels for center species 7
     Calculating kernels for center species 7
Beginning first index add...
Beginning second index add...
     Calculating kernels for center species 8
     Calculating kernels for center species 8
Beginning first index add...
Beginning second index add...
     Calculating kernels for center species 9
     Calculating kernels for center species 9
Beginning first index add...
Beginning second index add...
Test kernel done
Calculating composition features
Composition features done
-8.0 3.189431982432201
-7.8 3.2238648471915514
-7.6 3.3057000295871983
-7.4 3.4312419662864997
-7.2 3.572977857103746
-7.0 3.7557628667016396
-6.8 3.9780481121376505
-6.6 4.252791492649761
-6.4 4.5831012910917055
-6.2 4.955711763538944
-6.0 5.370307215033273
-5.8 5.787555390971771
-5.6 6.219550598152506
-5.4 6.613393160178966
-5.199999999999999 6.971105880381365
-5.0 7.299052991292963
-4.8 7.61102693293913
-4.6 7.9493068224304
-4.4 8.352440433789102
-4.199999999999999 8.813716637977224
-4.0 9.33207618152158
-3.8 9.90378222191526
-3.5999999999999996 10.55340257513983
-3.3999999999999995 11.394527377638674
-3.1999999999999993 12.407694037185575
-3.0 13.513627133126546
-2.8 14.655955353283264
-2.5999999999999996 15.687235789640749
-2.3999999999999995 16.5495414832306
-2.1999999999999993 17.242752209505504
-2.0 17.804380138675885
-1.7999999999999998 18.27941429434296
-1.5999999999999996 18.68734377282813
-1.3999999999999995 19.029356540528227
-1.1999999999999993 19.331872913381673
-1.0 19.615978798076743
-0.7999999999999998 19.88968379008143
-0.5999999999999996 20.15414996407657
-0.39999999999999947 20.412115335421042
-0.1999999999999993 20.66160275558515
0.0 20.890280691874743
0.20000000000000107 21.08146215264448
0.40000000000000036 21.22685458150767
0.5999999999999996 21.329213510147067
0.8000000000000007 21.39696001716296
1.0 21.437922096789368
1.200000000000001 21.459739162970934
1.4000000000000004 21.469273888369475
1.6000000000000014 21.470466432467326
1.8000000000000007 21.465702050060006
2.0 21.456729183368772
2.200000000000001 21.445159756779702
2.4000000000000004 21.432657931168155
2.6000000000000014 21.420712727276605
2.8000000000000007 21.410295189196795
3.0 21.40171288381552
3.200000000000001 21.394727462201335
3.4000000000000004 21.38880035903824
3.6000000000000014 21.383376945800652
3.8000000000000007 21.37787889489843
4.0 21.37209192809201
Result sigma optimization:  -8.0 3.189431982432201
E_max_2 =  700
Cutoff Radius =  6.0
Selected Radial Transform =  21.0
factor =  3.5
displacement =  0.0
dataset =  datasets/qm9.xyz
n_train =  500
n_test =  2000
Train RMSE: 2.3292052103958776 [Train MAE: 1.7216249799007577]
Test RMSE: 5.193884732409285 [Test MAE: 3.1135635042272076]
FINISHED at Tue Jan 10 01:46:17 CET 2023
