STARTING AT Tue Jan 10 03:27:31 CET 2023
Random seed: 1000
7 16
Reading dataset
Shuffling and extracting from dataset (length: 10000)
Shuffling and extraction done
Calculating power spectrum
Expansion coefficients done
Computing training kernel
     Calculating kernels for center species 1
     Calculating kernels for center species 1
Beginning first index add...
Beginning second index add...
     Calculating kernels for center species 6
     Calculating kernels for center species 6
Beginning first index add...
Beginning second index add...
Training kernel done
Computing test kernel
     Calculating kernels for center species 1
     Calculating kernels for center species 1
Beginning first index add...
Beginning second index add...
     Calculating kernels for center species 6
     Calculating kernels for center species 6
Beginning first index add...
Beginning second index add...
Test kernel done
Calculating composition features
Composition features done
-8.0 28.53655628167262
-7.8 25.607739615072898
-7.6 23.134082468599694
-7.4 21.062620434563797
-7.2 19.315216695518025
-7.0 17.83159447730393
-6.8 16.583471821459636
-6.6 15.560965536183986
-6.4 14.748328950641843
-6.2 14.114342559291565
-6.0 13.625541454293117
-5.8 13.263144617377899
-5.6 13.02308245589206
-5.4 12.900863868994417
-5.199999999999999 12.879181907941241
-5.0 12.930480159040487
-4.8 13.0294844076022
-4.6 13.161700009418745
-4.4 13.321195274229064
-4.199999999999999 13.504505283720537
-4.0 13.711122102108959
-3.8 13.95143209806366
-3.5999999999999996 14.253963106307657
-3.3999999999999995 14.665844981324685
-3.1999999999999993 15.245877885938672
-3.0 16.050857996784472
-2.8 17.11724079145695
-2.5999999999999996 18.444734625304402
-2.3999999999999995 19.992492400736218
-2.1999999999999993 21.6981313052288
-2.0 23.521471185436525
-1.7999999999999998 25.49759654387057
-1.5999999999999996 27.765423907174092
-1.3999999999999995 30.538279757774554
-1.1999999999999993 34.01464807986561
-1.0 38.266448208813124
-0.7999999999999998 43.16229983963192
-0.5999999999999996 48.387724757168684
-0.39999999999999947 53.566194666959724
-0.1999999999999993 58.384435131744254
0.0 62.64207234016662
0.20000000000000107 66.24491682949748
0.40000000000000036 69.1813444168488
0.5999999999999996 71.4929824876694
0.8000000000000007 73.24945726441635
1.0 74.53537489509534
1.200000000000001 75.44307155167434
1.4000000000000004 76.06336738999929
1.6000000000000014 76.47607581254552
1.8000000000000007 76.7447009530641
2.0 76.91608516769166
2.200000000000001 77.02306082308601
2.4000000000000004 77.08801314796013
2.6000000000000014 77.12608781684457
2.8000000000000007 77.1475265408348
3.0 77.15914336856211
3.200000000000001 77.165265826568
3.4000000000000004 77.1684586266091
3.6000000000000014 77.1701370474825
3.8000000000000007 77.17103971254986
4.0 77.17154027611062
Result sigma optimization:  -5.199999999999999 12.879181907941241
E_max_2 =  500
Cutoff Radius =  6.0
Selected Radial Transform =  21.0
factor =  1.4
displacement =  0.0
dataset =  datasets/random-ch4-10k.extxyz
n_train =  500
n_test =  2000
Train RMSE: 5.237819218511055 [Train MAE: 4.013432147958449]
Test RMSE: 15.090434402844792 [Test MAE: 8.431081489998085]
FINISHED at Tue Jan 10 03:29:21 CET 2023
