STARTING AT Tue Jan 10 02:33:03 CET 2023
Random seed: 1000
6 14
Reading dataset
Shuffling and extracting from dataset (length: 105092)
Shuffling and extraction done
Calculating power spectrum
Expansion coefficients done
Computing training kernel
     Calculating kernels for center species 79
     Calculating kernels for center species 79
Beginning first index add...
Beginning second index add...
Training kernel done
Computing test kernel
     Calculating kernels for center species 79
     Calculating kernels for center species 79
Beginning first index add...
Beginning second index add...
Test kernel done
Calculating composition features
Composition features done
-8.0 367.68959835948965
-7.8 355.034551267347
-7.6 341.5466616322144
-7.4 327.37586377620624
-7.2 312.716261386294
-7.0 297.5249672756461
-6.8 281.551617721389
-6.6 264.6703661307497
-6.4 247.15235762736748
-6.2 229.73149667930915
-6.0 213.43695722003588
-5.8 199.28750751251846
-5.6 187.94907738503127
-5.4 179.51381200612215
-5.199999999999999 173.57276283916963
-5.0 169.53563060908607
-4.8 166.9343151613209
-4.6 165.49840456231922
-4.4 165.0036609148692
-4.199999999999999 165.07406107025963
-4.0 165.15827365649855
-3.8 164.72328823719394
-3.5999999999999996 163.48252604093756
-3.3999999999999995 161.46999015999683
-3.1999999999999993 158.95080296152554
-3.0 156.28520125173102
-2.8 153.84167648250565
-2.5999999999999996 151.9839650043423
-2.3999999999999995 151.10674368343575
-2.1999999999999993 151.63691905283065
-2.0 153.90872513546483
-1.7999999999999998 157.962392009383
-1.5999999999999996 163.44370056674362
-1.3999999999999995 169.69766375911328
-1.1999999999999993 176.01262501755716
-1.0 181.89674387800537
-0.7999999999999998 187.2337970647608
-0.5999999999999996 192.2459988438532
-0.39999999999999947 197.3282301199661
-0.1999999999999993 202.86697299505093
0.0 209.13114919011545
0.20000000000000107 216.27915810795795
0.40000000000000036 224.44711760787212
0.5999999999999996 233.78862038678892
0.8000000000000007 244.36285448644827
1.0 255.95955061845686
1.200000000000001 268.10655541000347
1.4000000000000004 280.37683149966955
1.6000000000000014 292.78347039542774
1.8000000000000007 305.94675621988176
2.0 320.90951727389614
2.200000000000001 338.6563470128173
2.4000000000000004 359.5679272518904
2.6000000000000014 383.2625003599019
2.8000000000000007 409.0625406790267
3.0 436.55015196566285
3.200000000000001 465.4206573428666
3.4000000000000004 494.8142543531391
3.6000000000000014 523.2211571087497
3.8000000000000007 549.392265512111
4.0 573.3576298409347
Result sigma optimization:  -2.3999999999999995 151.10674368343575
E_max_2 =  400
Cutoff Radius =  6.0
Selected Radial Transform =  21.0
factor =  0.1
displacement =  0.0
dataset =  datasets/gold.xyz
n_train =  500
n_test =  2000
Train RMSE: 84.54231571518457 [Train MAE: 64.06288456424818]
Test RMSE: 151.49649251633875 [Test MAE: 96.93626561151785]
FINISHED at Tue Jan 10 02:35:14 CET 2023
