STARTING AT Tue Jan 10 03:26:31 CET 2023
Random seed: 1000
6 14
Reading dataset
Shuffling and extracting from dataset (length: 10000)
Shuffling and extraction done
Calculating power spectrum
Expansion coefficients done
Computing training kernel
     Calculating kernels for center species 1
     Calculating kernels for center species 1
Beginning first index add...
Beginning second index add...
     Calculating kernels for center species 6
     Calculating kernels for center species 6
Beginning first index add...
Beginning second index add...
Training kernel done
Computing test kernel
     Calculating kernels for center species 1
     Calculating kernels for center species 1
Beginning first index add...
Beginning second index add...
     Calculating kernels for center species 6
     Calculating kernels for center species 6
Beginning first index add...
Beginning second index add...
Test kernel done
Calculating composition features
Composition features done
-8.0 10.545513999336222
-7.8 10.54334126430021
-7.6 10.539912258965893
-7.4 10.534513798350213
-7.2 10.526047064670475
-7.0 10.512846443959454
-6.8 10.492450727312418
-6.6 10.461364876922323
-6.4 10.414923821337593
-6.2 10.347478437319834
-6.0 10.253198932286406
-5.8 10.127660517631032
-5.6 9.969896419747288
-5.4 9.78403426504412
-5.199999999999999 9.579675413801308
-5.0 9.370917350083143
-4.8 9.17438472830354
-4.6 9.00676313704006
-4.4 8.882863707156217
-4.199999999999999 8.815130029725527
-4.0 8.81393646703814
-3.8 8.887177364134875
-3.5999999999999996 9.039252611710967
-3.3999999999999995 9.27083952111963
-3.1999999999999993 9.578756990494966
-3.0 9.953986336214761
-2.8 10.38061555763913
-2.5999999999999996 10.842469287776325
-2.3999999999999995 11.338320476042892
-2.1999999999999993 11.897531927976287
-2.0 12.586720513703042
-1.7999999999999998 13.501787055478442
-1.5999999999999996 14.745146116210215
-1.3999999999999995 16.40100158297956
-1.1999999999999993 18.531724325061756
-1.0 21.199469197651027
-0.7999999999999998 24.485048969315667
-0.5999999999999996 28.476654961198633
-0.39999999999999947 33.22531091945279
-0.1999999999999993 38.67921279648485
0.0 44.628513099166796
0.20000000000000107 50.709830289330604
0.40000000000000036 56.49215003803434
0.5999999999999996 61.60635437286718
0.8000000000000007 65.84367395713167
1.0 69.16936017069285
1.200000000000001 71.66746538795283
1.4000000000000004 73.47506345466405
1.6000000000000014 74.73990253207207
1.8000000000000007 75.59893204472003
2.0 76.1677041674917
2.200000000000001 76.53662463516686
2.4000000000000004 76.77221660004263
2.6000000000000014 76.92108834316471
2.8000000000000007 77.0146142602172
3.0 77.07324465832264
3.200000000000001 77.11000438730211
3.4000000000000004 77.13307806454551
3.6000000000000014 77.14758052933121
3.8000000000000007 77.15670632563165
4.0 77.16245387089727
Result sigma optimization:  -4.0 8.81393646703814
E_max_2 =  400
Cutoff Radius =  6.0
Selected Radial Transform =  21.0
factor =  0.4
displacement =  0.0
dataset =  datasets/random-ch4-10k.extxyz
n_train =  500
n_test =  2000
Train RMSE: 2.3987120547247995 [Train MAE: 1.8559587147574248]
Test RMSE: 11.201350989142266 [Test MAE: 5.503362079349666]
FINISHED at Tue Jan 10 03:26:43 CET 2023
