STARTING AT Tue Jan 10 01:37:32 CET 2023
Random seed: 1000
7 18
Reading dataset
Shuffling and extracting from dataset (length: 133885)
Shuffling and extraction done
Calculating power spectrum
Expansion coefficients done
Computing training kernel
     Calculating kernels for center species 1
     Calculating kernels for center species 1
Beginning first index add...
Beginning second index add...
     Calculating kernels for center species 6
     Calculating kernels for center species 6
Beginning first index add...
Beginning second index add...
     Calculating kernels for center species 7
     Calculating kernels for center species 7
Beginning first index add...
Beginning second index add...
     Calculating kernels for center species 8
     Calculating kernels for center species 8
Beginning first index add...
Beginning second index add...
     Calculating kernels for center species 9
     Calculating kernels for center species 9
Beginning first index add...
Beginning second index add...
Training kernel done
Computing test kernel
     Calculating kernels for center species 1
     Calculating kernels for center species 1
Beginning first index add...
Beginning second index add...
     Calculating kernels for center species 6
     Calculating kernels for center species 6
Beginning first index add...
Beginning second index add...
     Calculating kernels for center species 7
     Calculating kernels for center species 7
Beginning first index add...
Beginning second index add...
     Calculating kernels for center species 8
     Calculating kernels for center species 8
Beginning first index add...
Beginning second index add...
     Calculating kernels for center species 9
     Calculating kernels for center species 9
Beginning first index add...
Beginning second index add...
Test kernel done
Calculating composition features
Composition features done
-8.0 7.088270969621088
-7.8 7.088270965795255
-7.6 7.088270959731565
-7.4 7.088270950121721
-7.2 7.088270934890948
-7.0 7.088270910752544
-6.8 7.0882708724954595
-6.6 7.088270811860981
-6.4 7.088270715762847
-6.2 7.088270563456619
-6.0 7.088270322067835
-5.8 7.088269939492741
-5.6 7.08826933315244
-5.4 7.088268372168118
-5.199999999999999 7.088266849111713
-5.0 7.088264435232239
-4.8 7.088260609496605
-4.6 7.0882545461304165
-4.4 7.088244936383389
-4.199999999999999 7.0882297060605595
-4.0 7.088205567877179
-3.8 7.088167312065529
-3.5999999999999996 7.088106682280512
-3.3999999999999995 7.088010594547288
-3.1999999999999993 7.087858315839649
-3.0 7.087616995828045
-2.8 7.0872345939369135
-2.5999999999999996 7.086628692138059
-2.3999999999999995 7.0856700171728
-2.1999999999999993 7.084241583962332
-2.0 7.082052823003504
-1.7999999999999998 7.078587462707925
-1.5999999999999996 7.073160933410875
-1.3999999999999995 7.064713580745538
-1.1999999999999993 7.052225971283181
-1.0 7.035216084766628
-0.7999999999999998 7.022500879944641
-0.5999999999999996 7.015746318292961
-0.39999999999999947 7.0151603962777145
-0.1999999999999993 7.054992774672116
0.0 7.139735744193719
0.20000000000000107 7.296512280156725
0.40000000000000036 7.5336287495783925
0.5999999999999996 7.889859532604221
0.8000000000000007 8.37038065039587
1.0 9.0166460671951
1.200000000000001 9.796018642516122
1.4000000000000004 10.693500243669877
1.6000000000000014 11.665758617158197
1.8000000000000007 12.69775951157714
2.0 13.72418030878924
2.200000000000001 14.721777834176534
2.4000000000000004 15.774717358521187
2.6000000000000014 16.80772305277676
2.8000000000000007 17.7475893869171
3.0 18.554711874169303
3.200000000000001 19.282018862290293
3.4000000000000004 19.90041922777266
3.6000000000000014 20.360468242781987
3.8000000000000007 20.68114781997798
4.0 20.901347285684736
Result sigma optimization:  -0.39999999999999947 7.0151603962777145
E_max_2 =  600
Cutoff Radius =  6.0
Selected Radial Transform =  21.0
factor =  0.3
displacement =  0.0
dataset =  datasets/qm9.xyz
n_train =  500
n_test =  2000
Train RMSE: 1.7077792191222168 [Train MAE: 1.0972065938052729]
Test RMSE: 8.470421772337714 [Test MAE: 6.030831385331375]
FINISHED at Tue Jan 10 01:41:04 CET 2023
