STARTING AT Tue Jan 10 02:35:34 CET 2023
Random seed: 1000
5 11
Reading dataset
Shuffling and extracting from dataset (length: 105092)
Shuffling and extraction done
Calculating power spectrum
Expansion coefficients done
Computing training kernel
     Calculating kernels for center species 79
     Calculating kernels for center species 79
Beginning first index add...
Beginning second index add...
Training kernel done
Computing test kernel
     Calculating kernels for center species 79
     Calculating kernels for center species 79
Beginning first index add...
Beginning second index add...
Test kernel done
Calculating composition features
Composition features done
-8.0 323.9807331195539
-7.8 344.041926362432
-7.6 359.9386027919228
-7.4 371.90321405973594
-7.2 380.5195682891826
-7.0 386.5012611398844
-6.8 390.53551400028147
-6.6 393.1984172207829
-6.4 394.92984468848005
-6.2 396.0451788638579
-6.0 396.76230979939885
-5.8 397.23123821792484
-5.6 397.56279047749445
-5.4 397.86060008110957
-5.199999999999999 398.26912173341464
-5.0 399.0641021906103
-4.8 400.8323421493757
-4.6 404.7994113811814
-4.4 413.2946677426839
-4.199999999999999 430.0306770293207
-4.0 459.3170981273459
-3.8 503.4878010759817
-3.5999999999999996 560.020847748843
-3.3999999999999995 621.6402044848099
-3.1999999999999993 679.9028101363209
-3.0 728.9387210315638
-2.8 766.6777559314804
-2.5999999999999996 793.8886994527873
-2.3999999999999995 812.6345476628297
-2.1999999999999993 825.156658497583
-2.0 833.3526298984885
-1.7999999999999998 838.6464186428781
-1.5999999999999996 842.0366240465611
-1.3999999999999995 844.1959108846793
-1.1999999999999993 845.5663732620245
-1.0 846.4341592490938
-0.7999999999999998 846.9827029848481
-0.5999999999999996 847.328857279477
-0.39999999999999947 847.5467222759596
-0.1999999999999993 847.6830824035039
0.0 847.7672857309424
0.20000000000000107 847.8175010107353
0.40000000000000036 847.8446320607766
0.5999999999999996 847.8547248526726
0.8000000000000007 847.8504243931447
1.0 847.8318940262146
1.200000000000001 847.797577867511
1.4000000000000004 847.7452190511278
1.6000000000000014 847.6734808868714
1.8000000000000007 847.584046978831
2.0 847.4831076590567
2.200000000000001 847.380588531408
2.4000000000000004 847.2868250875528
2.6000000000000014 847.2088721098697
2.8000000000000007 847.1490203711237
3.0 847.1058067263734
3.200000000000001 847.0759694828827
3.4000000000000004 847.0559974917134
3.6000000000000014 847.0429049016944
3.8000000000000007 847.0344389947378
4.0 847.0290132164648
Result sigma optimization:  -8.0 323.9807331195539
E_max_2 =  300
Cutoff Radius =  6.0
Selected Radial Transform =  21.0
factor =  2.3
displacement =  0.0
dataset =  datasets/gold.xyz
n_train =  500
n_test =  2000
Train RMSE: 316.3037074897247 [Train MAE: 252.37406210698782]
Test RMSE: 323.36243596477834 [Test MAE: 254.6457689469349]
FINISHED at Tue Jan 10 02:39:19 CET 2023
