STARTING AT Tue Jan 10 01:39:02 CET 2023
Random seed: 1000
7 18
Reading dataset
Shuffling and extracting from dataset (length: 133885)
Shuffling and extraction done
Calculating power spectrum
Expansion coefficients done
Computing training kernel
     Calculating kernels for center species 1
     Calculating kernels for center species 1
Beginning first index add...
Beginning second index add...
     Calculating kernels for center species 6
     Calculating kernels for center species 6
Beginning first index add...
Beginning second index add...
     Calculating kernels for center species 7
     Calculating kernels for center species 7
Beginning first index add...
Beginning second index add...
     Calculating kernels for center species 8
     Calculating kernels for center species 8
Beginning first index add...
Beginning second index add...
     Calculating kernels for center species 9
     Calculating kernels for center species 9
Beginning first index add...
Beginning second index add...
Training kernel done
Computing test kernel
     Calculating kernels for center species 1
     Calculating kernels for center species 1
Beginning first index add...
Beginning second index add...
     Calculating kernels for center species 6
     Calculating kernels for center species 6
Beginning first index add...
Beginning second index add...
     Calculating kernels for center species 7
     Calculating kernels for center species 7
Beginning first index add...
Beginning second index add...
     Calculating kernels for center species 8
     Calculating kernels for center species 8
Beginning first index add...
Beginning second index add...
     Calculating kernels for center species 9
     Calculating kernels for center species 9
Beginning first index add...
Beginning second index add...
Test kernel done
Calculating composition features
Composition features done
-8.0 5.120397236301736
-7.8 5.120396802136227
-7.6 5.120396114036346
-7.4 5.1203950234713105
-7.2 5.120393294994766
-7.0 5.120390555524742
-6.8 5.120386213649168
-6.6 5.120379332001381
-6.4 5.1203684246185075
-6.2 5.1203511360269625
-6.0 5.120323731323211
-5.8 5.120280287611944
-5.6 5.120211408461801
-5.4 5.1201021788176115
-5.199999999999999 5.119928903845168
-5.0 5.119653893632185
-4.8 5.119217088598243
-4.6 5.118522550880023
-4.4 5.1174165944507966
-4.199999999999999 5.1157362384116185
-4.0 5.113221802626751
-3.8 5.109506606375482
-3.5999999999999996 5.103594323055611
-3.3999999999999995 5.096233472613865
-3.1999999999999993 5.088230924928854
-3.0 5.0819040047530795
-2.8 5.080750788750857
-2.5999999999999996 5.099078439491839
-2.3999999999999995 5.139174948875452
-2.1999999999999993 5.196729686494102
-2.0 5.2799391679163215
-1.7999999999999998 5.3973721831658965
-1.5999999999999996 5.56481217902846
-1.3999999999999995 5.790334334672673
-1.1999999999999993 6.102005245693487
-1.0 6.49360012744707
-0.7999999999999998 7.005347235165775
-0.5999999999999996 7.703589206637764
-0.39999999999999947 8.617651625157395
-0.1999999999999993 9.674135357125742
0.0 10.802627529426232
0.20000000000000107 11.961497129996635
0.40000000000000036 13.157513096247667
0.5999999999999996 14.343572804614876
0.8000000000000007 15.485199728131073
1.0 16.587754945580638
1.200000000000001 17.62213565588121
1.4000000000000004 18.51548315202578
1.6000000000000014 19.2686648394176
1.8000000000000007 19.86227597249152
2.0 20.306288057781742
2.200000000000001 20.629478755905232
2.4000000000000004 20.858955830970864
2.6000000000000014 21.017037018733006
2.8000000000000007 21.123405664793285
3.0 21.19938931437665
3.200000000000001 21.254917605199964
3.4000000000000004 21.293435180848366
3.6000000000000014 21.318827600584505
3.8000000000000007 21.334173358812333
4.0 21.342011021899452
Result sigma optimization:  -2.8 5.080750788750857
E_max_2 =  600
Cutoff Radius =  6.0
Selected Radial Transform =  21.0
factor =  1.1
displacement =  0.0
dataset =  datasets/qm9.xyz
n_train =  500
n_test =  2000
Train RMSE: 0.8782977589754613 [Train MAE: 0.6734092996265085]
Test RMSE: 6.2844192792963485 [Test MAE: 4.222865797453247]
FINISHED at Tue Jan 10 01:40:51 CET 2023
