STARTING AT Tue Jan 10 02:34:04 CET 2023
Random seed: 1000
5 11
Reading dataset
Shuffling and extracting from dataset (length: 105092)
Shuffling and extraction done
Calculating power spectrum
Expansion coefficients done
Computing training kernel
     Calculating kernels for center species 79
     Calculating kernels for center species 79
Beginning first index add...
Beginning second index add...
Training kernel done
Computing test kernel
     Calculating kernels for center species 79
     Calculating kernels for center species 79
Beginning first index add...
Beginning second index add...
Test kernel done
Calculating composition features
Composition features done
-8.0 109.3535557839285
-7.8 109.16915945085631
-7.6 109.01899076218972
-7.4 108.94314720621682
-7.2 109.00371457636444
-7.0 109.25702643974007
-6.8 109.72553205400821
-6.6 110.39406475695706
-6.4 111.2290151298257
-6.2 112.20035284571628
-6.0 113.29552648789131
-5.8 114.533496879815
-5.6 115.98935588307432
-5.4 117.81943551507212
-5.199999999999999 120.25898034859173
-5.0 123.57254362723275
-4.8 127.95766903840878
-4.6 133.43052781185526
-4.4 139.77570922588566
-4.199999999999999 146.66436640096293
-4.0 153.93675975589238
-3.8 161.87028934386618
-3.5999999999999996 171.17693652558722
-3.3999999999999995 182.5635964892651
-3.1999999999999993 196.03740897429503
-3.0 210.5953899331241
-2.8 224.73616805472287
-2.5999999999999996 237.33945821058367
-2.3999999999999995 248.16741513327653
-2.1999999999999993 257.834272950952
-2.0 267.5232540542204
-1.7999999999999998 278.6191366344744
-1.5999999999999996 292.2620806152744
-1.3999999999999995 308.93618676691324
-1.1999999999999993 328.30070214042144
-1.0 349.2890237670395
-0.7999999999999998 370.4387391577075
-0.5999999999999996 390.5614625730376
-0.39999999999999947 409.63715088816684
-0.1999999999999993 429.4891640683577
0.0 453.8121527548057
0.20000000000000107 487.03581409044887
0.40000000000000036 531.7086863299818
0.5999999999999996 585.855379818717
0.8000000000000007 643.1764353827199
1.0 696.3953664167984
1.200000000000001 740.622750080386
1.4000000000000004 774.3525480895812
1.6000000000000014 798.5176536445794
1.8000000000000007 815.1016105029857
2.0 826.1749560373083
2.200000000000001 833.4581763254467
2.4000000000000004 838.219509809669
2.6000000000000014 841.3275033129382
2.8000000000000007 843.3534454148661
3.0 844.6693550674833
3.200000000000001 845.5194631363717
3.4000000000000004 846.0654519635472
3.6000000000000014 846.414314729223
3.8000000000000007 846.6363295639667
4.0 846.7772108180171
Result sigma optimization:  -7.4 108.94314720621682
E_max_2 =  300
Cutoff Radius =  6.0
Selected Radial Transform =  21.0
factor =  0.9
displacement =  0.0
dataset =  datasets/gold.xyz
n_train =  500
n_test =  2000
Train RMSE: 90.51915260852184 [Train MAE: 70.21553527922183]
Test RMSE: 109.97289447519162 [Test MAE: 81.20132404283054]
FINISHED at Tue Jan 10 02:36:20 CET 2023
