STARTING AT Tue Jan 10 02:34:34 CET 2023
Random seed: 1000
6 14
Reading dataset
Shuffling and extracting from dataset (length: 105092)
Shuffling and extraction done
Calculating power spectrum
Expansion coefficients done
Computing training kernel
     Calculating kernels for center species 79
     Calculating kernels for center species 79
Beginning first index add...
Beginning second index add...
Training kernel done
Computing test kernel
     Calculating kernels for center species 79
     Calculating kernels for center species 79
Beginning first index add...
Beginning second index add...
Test kernel done
Calculating composition features
Composition features done
-8.0 127.13107137709639
-7.8 128.86993435984766
-7.6 131.1099046568713
-7.4 133.95205208388808
-7.2 137.65316413268252
-7.0 142.61655718767813
-6.8 149.1620547926348
-6.6 157.15355133642896
-6.4 165.8377852099454
-6.2 174.15505992811163
-6.0 181.2628205812128
-5.8 186.82213623659277
-5.6 190.95392932811615
-5.4 194.07525924017483
-5.199999999999999 196.80732237761973
-5.0 200.00129502493544
-4.8 204.79346037442636
-4.6 212.48320736501495
-4.4 224.03780342113916
-4.199999999999999 239.40359034579853
-4.0 257.2959638117876
-3.8 275.8564534220722
-3.5999999999999996 293.603024501917
-3.3999999999999995 309.84423593881087
-3.1999999999999993 324.4475830485191
-3.0 337.4250526162967
-2.8 348.69952335298353
-2.5999999999999996 358.11772321855193
-2.3999999999999995 365.60892312175844
-2.1999999999999993 371.32231892704635
-2.0 375.6584487418533
-1.7999999999999998 379.26974429663915
-1.5999999999999996 383.1699354276236
-1.3999999999999995 389.0492920543499
-1.1999999999999993 399.7466241309584
-1.0 419.4354316363169
-0.7999999999999998 452.5282568627296
-0.5999999999999996 500.7932189169441
-0.39999999999999947 560.7191152442854
-0.1999999999999993 624.34943240603
0.0 683.2578834315644
0.20000000000000107 732.0477260922595
0.40000000000000036 769.1618049232321
0.5999999999999996 795.7040969962886
0.8000000000000007 813.8867050982434
1.0 825.9848213025484
1.200000000000001 833.8788508520481
1.4000000000000004 838.9610698725338
1.6000000000000014 842.199390352141
1.8000000000000007 844.241365802536
2.0 845.5099775697777
2.200000000000001 846.2779800874774
2.4000000000000004 846.7214855187622
2.6000000000000014 846.9567773036259
2.8000000000000007 847.0636053431892
3.0 847.0976696194224
3.200000000000001 847.0962434386596
3.4000000000000004 847.0816318923194
3.6000000000000014 847.0651103148274
3.8000000000000007 847.0511330454289
4.0 847.0406959013186
Result sigma optimization:  -8.0 127.13107137709639
E_max_2 =  400
Cutoff Radius =  6.0
Selected Radial Transform =  21.0
factor =  1.5
displacement =  0.0
dataset =  datasets/gold.xyz
n_train =  500
n_test =  2000
Train RMSE: 120.02967929569589 [Train MAE: 96.0534762058002]
Test RMSE: 128.97375301523934 [Test MAE: 102.84818932978459]
FINISHED at Tue Jan 10 02:36:25 CET 2023
