STARTING AT Tue Jan 10 02:37:05 CET 2023
Random seed: 1000
5 11
Reading dataset
Shuffling and extracting from dataset (length: 105092)
Shuffling and extraction done
Calculating power spectrum
Expansion coefficients done
Computing training kernel
     Calculating kernels for center species 79
     Calculating kernels for center species 79
Beginning first index add...
Beginning second index add...
Training kernel done
Computing test kernel
     Calculating kernels for center species 79
     Calculating kernels for center species 79
Beginning first index add...
Beginning second index add...
Test kernel done
Calculating composition features
Composition features done
-8.0 136.18426579184992
-7.8 132.5808355648848
-7.6 128.63757513027497
-7.4 124.12246521433532
-7.2 119.08647565114363
-7.0 113.89463554388513
-6.8 109.11218444210708
-6.6 105.27133061729458
-6.4 102.62017153583037
-6.2 101.00088100339467
-6.0 99.95404240748537
-5.8 98.98082930038174
-5.6 97.77624885845273
-5.4 96.30999330171183
-5.199999999999999 94.75914180055014
-5.0 93.36408770045733
-4.8 92.30654293419224
-4.6 91.68386704855011
-4.4 91.55876844149437
-4.199999999999999 92.00477183756692
-4.0 93.11000252775412
-3.8 94.95964506538229
-3.5999999999999996 97.61994586003759
-3.3999999999999995 101.12652980916586
-3.1999999999999993 105.48168139727176
-3.0 110.66387593485646
-2.8 116.63502140218203
-2.5999999999999996 123.35355971948422
-2.3999999999999995 130.8254349746707
-2.1999999999999993 139.15147486759548
-2.0 148.47783190356904
-1.7999999999999998 158.88299961687844
-1.5999999999999996 170.37394744698227
-1.3999999999999995 183.0429524895537
-1.1999999999999993 197.16760657967248
-1.0 213.04542691019745
-0.7999999999999998 230.74296076424972
-0.5999999999999996 250.1739977869978
-0.39999999999999947 271.52709173138174
-0.1999999999999993 295.5412482394008
0.0 323.2275009787749
0.20000000000000107 355.0864900840758
0.40000000000000036 390.2743060182617
0.5999999999999996 426.53445637107666
0.8000000000000007 461.34860613163556
1.0 493.55882144672404
1.200000000000001 524.2136871303863
1.4000000000000004 555.9874016096222
1.6000000000000014 591.2883255055834
1.8000000000000007 630.134757790309
2.0 669.6738041710968
2.200000000000001 705.9691705792262
2.4000000000000004 736.2800756596704
2.6000000000000014 759.9772834689741
2.8000000000000007 778.0682111967251
3.0 792.2275823828455
3.200000000000001 803.944130420149
3.4000000000000004 814.0381596928569
3.6000000000000014 822.6717975140833
3.8000000000000007 829.7207289880496
4.0 835.1377070966231
Result sigma optimization:  -4.4 91.55876844149437
E_max_2 =  300
Cutoff Radius =  6.0
Selected Radial Transform =  22.0
factor =  0.5
displacement =  0.0
dataset =  datasets/gold.xyz
n_train =  500
n_test =  2000
Train RMSE: 58.777974530103336 [Train MAE: 42.92385728868422]
Test RMSE: 91.7956889327884 [Test MAE: 61.40593699518665]
FINISHED at Tue Jan 10 02:39:18 CET 2023
