STARTING AT Tue Jan 10 03:33:04 CET 2023
Random seed: 1000
7 18
Reading dataset
Shuffling and extracting from dataset (length: 10000)
Shuffling and extraction done
Calculating power spectrum
Expansion coefficients done
Computing training kernel
     Calculating kernels for center species 1
     Calculating kernels for center species 1
Beginning first index add...
Beginning second index add...
     Calculating kernels for center species 6
     Calculating kernels for center species 6
Beginning first index add...
Beginning second index add...
Training kernel done
Computing test kernel
     Calculating kernels for center species 1
     Calculating kernels for center species 1
Beginning first index add...
Beginning second index add...
     Calculating kernels for center species 6
     Calculating kernels for center species 6
Beginning first index add...
Beginning second index add...
Test kernel done
Calculating composition features
Composition features done
-8.0 119.80256701000383
-7.8 107.38058348987892
-7.6 94.00857540504057
-7.4 80.35136534048381
-7.2 67.29686123560289
-7.0 55.580838269848584
-6.8 45.64070804243584
-6.6 37.63637759915724
-6.4 31.513659187181204
-6.2 27.056336093661802
-6.0 23.947598226698744
-5.8 21.848275971047833
-5.6 20.456337864979474
-5.4 19.53075223405827
-5.199999999999999 18.89871617733388
-5.0 18.458346804370176
-4.8 18.1692634714484
-4.6 18.023377260397645
-4.4 18.008937720412206
-4.199999999999999 18.095943236661387
-4.0 18.25034072741301
-3.8 18.454404993278274
-3.5999999999999996 18.71432133853832
-3.3999999999999995 19.05788509323014
-3.1999999999999993 19.529279107109527
-3.0 20.176954669213803
-2.8 21.030776564615746
-2.5999999999999996 22.081716739332055
-2.3999999999999995 23.28487781129633
-2.1999999999999993 24.58487500969747
-2.0 25.939986334945253
-1.7999999999999998 27.333969334262104
-1.5999999999999996 28.79453857823389
-1.3999999999999995 30.435961196336322
-1.1999999999999993 32.498225524420555
-1.0 35.310768878550576
-0.7999999999999998 39.128583739574545
-0.5999999999999996 43.918216877186055
-0.39999999999999947 49.2959658025535
-0.1999999999999993 54.70411608866715
0.0 59.66471776968418
0.20000000000000107 63.91634430024694
0.40000000000000036 67.39730171470076
0.5999999999999996 70.15585641712562
0.8000000000000007 72.27564771978908
1.0 73.84869921826102
1.200000000000001 74.97349291381028
1.4000000000000004 75.75058592713128
1.6000000000000014 76.27241227427444
1.8000000000000007 76.6151360527087
2.0 76.83625321856613
2.200000000000001 76.97652648629645
2.4000000000000004 77.0636822830097
2.6000000000000014 77.1161723848474
2.8000000000000007 77.14626916960627
3.0 77.16228017091308
3.200000000000001 77.16990551138927
3.4000000000000004 77.1729606420841
3.6000000000000014 77.1738105617662
3.8000000000000007 77.17376122683925
4.0 77.17344088897346
Result sigma optimization:  -4.4 18.008937720412206
E_max_2 =  600
Cutoff Radius =  6.0
Selected Radial Transform =  22.0
factor =  2.5
displacement =  0.0
dataset =  datasets/random-ch4-10k.extxyz
n_train =  500
n_test =  2000
Train RMSE: 11.706714110398893 [Train MAE: 9.261672009116761]
Test RMSE: 19.598533795157532 [Test MAE: 13.18631731729797]
FINISHED at Tue Jan 10 03:35:59 CET 2023
