STARTING AT Tue Jan 10 03:32:34 CET 2023
Random seed: 1000
5 11
Reading dataset
Shuffling and extracting from dataset (length: 10000)
Shuffling and extraction done
Calculating power spectrum
Expansion coefficients done
Computing training kernel
     Calculating kernels for center species 1
     Calculating kernels for center species 1
Beginning first index add...
Beginning second index add...
     Calculating kernels for center species 6
     Calculating kernels for center species 6
Beginning first index add...
Beginning second index add...
Training kernel done
Computing test kernel
     Calculating kernels for center species 1
     Calculating kernels for center species 1
Beginning first index add...
Beginning second index add...
     Calculating kernels for center species 6
     Calculating kernels for center species 6
Beginning first index add...
Beginning second index add...
Test kernel done
Calculating composition features
Composition features done
-8.0 30.212003859890686
-7.8 26.327992945877885
-7.6 23.47440859076125
-7.4 21.558447488057908
-7.2 20.275610320287086
-7.0 19.280147532423694
-6.8 18.365089449802706
-6.6 17.522572205842625
-6.4 16.866985410809615
-6.2 16.500781811285233
-6.0 16.4231666923275
-5.8 16.538827784634897
-5.6 16.73511055596933
-5.4 16.944291755889374
-5.199999999999999 17.15017372666577
-5.0 17.36372901905139
-4.8 17.607139850420644
-4.6 17.916414206490696
-4.4 18.347050436749804
-4.199999999999999 18.967437426730424
-4.0 19.836078566503403
-3.8 20.972180246301857
-3.5999999999999996 22.34151531003648
-3.3999999999999995 23.87157707778833
-3.1999999999999993 25.48765170756982
-3.0 27.15506471682514
-2.8 28.919423848389876
-2.5999999999999996 30.940085058223612
-2.3999999999999995 33.4986855044518
-2.1999999999999993 36.92499116715234
-2.0 41.398944775863086
-1.7999999999999998 46.74897968277633
-1.5999999999999996 52.466356035942574
-1.3999999999999995 57.951852309918195
-1.1999999999999993 62.76956045152027
-1.0 66.72959877072893
-0.7999999999999998 69.82576135415084
-0.5999999999999996 72.14628221065738
-0.39999999999999947 73.81909704254572
-0.1999999999999993 74.9834028500025
0.0 75.77023889847204
0.20000000000000107 76.28970422880867
0.40000000000000036 76.62635917833464
0.5999999999999996 76.84101951666716
0.8000000000000007 76.9755457894277
1.0 77.0580598069578
1.200000000000001 77.10731720361802
1.4000000000000004 77.13583664206571
1.6000000000000014 77.15189435365531
1.8000000000000007 77.16077559915765
2.0 77.16567248344468
2.200000000000001 77.16840270334028
2.4000000000000004 77.16995636059062
2.6000000000000014 77.1708615404416
2.8000000000000007 77.17140054177035
3.0 77.17172723211203
3.200000000000001 77.17192786627216
3.4000000000000004 77.17205222925477
3.6000000000000014 77.17212979909131
3.8000000000000007 77.17217838217165
4.0 77.1722088919454
Result sigma optimization:  -6.0 16.4231666923275
E_max_2 =  300
Cutoff Radius =  6.0
Selected Radial Transform =  22.0
factor =  2.3
displacement =  0.0
dataset =  datasets/random-ch4-10k.extxyz
n_train =  500
n_test =  2000
Train RMSE: 11.011030940450045 [Train MAE: 8.830344684603133]
Test RMSE: 20.575742259910566 [Test MAE: 11.952548292710825]
FINISHED at Tue Jan 10 03:33:46 CET 2023
