STARTING AT Tue Jan 10 03:32:04 CET 2023
Random seed: 1000
5 11
Reading dataset
Shuffling and extracting from dataset (length: 10000)
Shuffling and extraction done
Calculating power spectrum
Expansion coefficients done
Computing training kernel
     Calculating kernels for center species 1
     Calculating kernels for center species 1
Beginning first index add...
Beginning second index add...
     Calculating kernels for center species 6
     Calculating kernels for center species 6
Beginning first index add...
Beginning second index add...
Training kernel done
Computing test kernel
     Calculating kernels for center species 1
     Calculating kernels for center species 1
Beginning first index add...
Beginning second index add...
     Calculating kernels for center species 6
     Calculating kernels for center species 6
Beginning first index add...
Beginning second index add...
Test kernel done
Calculating composition features
Composition features done
-8.0 22.296213641501634
-7.8 20.41656838053117
-7.6 19.211961009136395
-7.4 18.414570495125194
-7.2 17.87714807637595
-7.0 17.501529961525108
-6.8 17.205856565312903
-6.6 16.925169876899673
-6.4 16.61926734039799
-6.2 16.276238914305793
-6.0 15.910296166005597
-5.8 15.550299736871699
-5.6 15.22202975904411
-5.4 14.937242095344612
-5.199999999999999 14.698346887606284
-5.0 14.513183706403405
-4.8 14.404984865585341
-4.6 14.409568445046164
-4.4 14.566600929214026
-4.199999999999999 14.91462362738146
-4.0 15.489711124536564
-3.8 16.32032853397027
-3.5999999999999996 17.415120399782094
-3.3999999999999995 18.74904073891808
-3.1999999999999993 20.255982768550425
-3.0 21.83778661087759
-2.8 23.400826030828807
-2.5999999999999996 24.917006119177895
-2.3999999999999995 26.484507340357272
-2.1999999999999993 28.35832847553343
-2.0 30.917791284359943
-1.7999999999999998 34.5316997876612
-1.5999999999999996 39.33956655729361
-1.3999999999999995 45.09642853008122
-1.1999999999999993 51.2375846079526
-1.0 57.12673097629224
-0.7999999999999998 62.29301805615627
-0.5999999999999996 66.5157596865264
-0.39999999999999947 69.77714982466657
-0.1999999999999993 72.17908973220099
0.0 73.87771421830696
0.20000000000000107 75.03930427787583
0.40000000000000036 75.81282133102546
0.5999999999999996 76.3173555315595
0.8000000000000007 76.6409226003737
1.0 76.84528989426224
1.200000000000001 76.97248006558564
1.4000000000000004 77.05057634744642
1.6000000000000014 77.09805569289912
1.8000000000000007 77.12680302423055
2.0 77.14424197935126
2.200000000000001 77.15488488208719
2.4000000000000004 77.16142938521398
2.6000000000000014 77.16548244089509
2.8000000000000007 77.16800703186499
3.0 77.16958627388499
3.200000000000001 77.17057709685722
3.4000000000000004 77.17119998569527
3.6000000000000014 77.17159208365776
3.8000000000000007 77.17183911226282
4.0 77.17199482934646
Result sigma optimization:  -4.8 14.404984865585341
E_max_2 =  300
Cutoff Radius =  6.0
Selected Radial Transform =  22.0
factor =  1.7
displacement =  0.0
dataset =  datasets/random-ch4-10k.extxyz
n_train =  500
n_test =  2000
Train RMSE: 9.442151108937173 [Train MAE: 7.566432202816115]
Test RMSE: 15.071790901496673 [Test MAE: 9.809133524413538]
FINISHED at Tue Jan 10 03:32:21 CET 2023
