STARTING AT Tue Jan 10 02:39:06 CET 2023
Random seed: 1000
7 18
Reading dataset
Shuffling and extracting from dataset (length: 105092)
Shuffling and extraction done
Calculating power spectrum
Expansion coefficients done
Computing training kernel
     Calculating kernels for center species 79
     Calculating kernels for center species 79
Beginning first index add...
Beginning second index add...
Training kernel done
Computing test kernel
     Calculating kernels for center species 79
     Calculating kernels for center species 79
Beginning first index add...
Beginning second index add...
Test kernel done
Calculating composition features
Composition features done
-8.0 146.92584584248104
-7.8 150.93032285143613
-7.6 154.526242362673
-7.4 157.5521972966123
-7.2 159.9437560040914
-7.0 161.72479276287348
-6.8 162.98533037231203
-6.6 163.85211766087778
-6.4 164.47210952430495
-6.2 165.0289401254291
-6.0 165.80931448044575
-5.8 167.32989607394427
-5.6 170.50434700625487
-5.4 176.7391745278241
-5.199999999999999 187.71338735120952
-5.0 204.6383916636557
-4.8 227.29421792729786
-4.6 253.6783289486007
-4.4 280.7224915792648
-4.199999999999999 305.5383824937925
-4.0 326.3189852787829
-3.8 342.52109097934346
-3.5999999999999996 354.51973051496947
-3.3999999999999995 363.11151562426306
-3.1999999999999993 369.1356032002437
-3.0 373.2954581526128
-2.8 376.1306487320518
-2.5999999999999996 378.05031054209496
-2.3999999999999995 379.37681612335655
-2.1999999999999993 380.3959785838963
-2.0 381.436541538543
-1.7999999999999998 383.01935174620525
-1.5999999999999996 386.1349360685875
-1.3999999999999995 392.68754102862187
-1.1999999999999993 405.94912062906366
-1.0 430.35111789083663
-0.7999999999999998 469.5880009160481
-0.5999999999999996 523.396010265846
-0.39999999999999947 586.0483524721247
-0.1999999999999993 648.8038188743037
0.0 704.1531219909562
0.20000000000000107 748.3010412492317
0.40000000000000036 780.9675801691351
0.5999999999999996 803.8799239319537
0.8000000000000007 819.371380952477
1.0 829.5916629884771
1.200000000000001 836.2266719493314
1.4000000000000004 840.489146719329
1.6000000000000014 843.2084945550915
1.8000000000000007 844.9347528395399
2.0 846.0256457679719
2.200000000000001 846.7107483205037
2.4000000000000004 847.1357953001286
2.6000000000000014 847.3921873791371
2.8000000000000007 847.5362997115718
3.0 847.6022022793164
3.200000000000001 847.6104701670367
3.4000000000000004 847.5748631610892
3.6000000000000014 847.5074798877173
3.8000000000000007 847.4216415332439
4.0 847.3314567164794
Result sigma optimization:  -8.0 146.92584584248104
E_max_2 =  600
Cutoff Radius =  6.0
Selected Radial Transform =  22.0
factor =  1.9
displacement =  0.0
dataset =  datasets/gold.xyz
n_train =  500
n_test =  2000
Train RMSE: 140.92374490141398 [Train MAE: 114.95959297766666]
Test RMSE: 152.29027673085392 [Test MAE: 124.60936194548555]
FINISHED at Tue Jan 10 02:39:33 CET 2023
