STARTING AT Tue Jan 10 02:39:36 CET 2023
Random seed: 1000
6 14
Reading dataset
Shuffling and extracting from dataset (length: 105092)
Shuffling and extraction done
Calculating power spectrum
Expansion coefficients done
Computing training kernel
     Calculating kernels for center species 79
     Calculating kernels for center species 79
Beginning first index add...
Beginning second index add...
Training kernel done
Computing test kernel
     Calculating kernels for center species 79
     Calculating kernels for center species 79
Beginning first index add...
Beginning second index add...
Test kernel done
Calculating composition features
Composition features done
-8.0 205.6132007333378
-7.8 230.2008329619899
-7.6 258.24876853613216
-7.4 287.0280508167904
-7.2 313.981761815991
-7.0 337.34932029012947
-6.8 356.3684059304561
-6.6 371.07488052163217
-6.4 381.962648196726
-6.2 389.7204909478931
-6.0 395.06914276487083
-5.8 398.66011410519593
-5.6 401.0233202898224
-5.4 402.5568881052012
-5.199999999999999 403.5436776171918
-5.0 404.17828634242824
-4.8 404.5950132175185
-4.6 404.8948975132319
-4.4 405.1767966648218
-4.199999999999999 405.5858899794008
-4.0 406.4068350999437
-3.8 408.2490685257851
-3.5999999999999996 412.380865159014
-3.3999999999999995 421.18941007178313
-3.1999999999999993 438.41497859711245
-3.0 468.264025417109
-2.8 512.7729556193727
-2.5999999999999996 569.0701625165459
-2.3999999999999995 629.7551117131106
-2.1999999999999993 686.584312636409
-2.0 734.0428816492876
-1.7999999999999998 770.3527014235307
-1.5999999999999996 796.4219425869047
-1.3999999999999995 814.3285164928644
-1.1999999999999993 826.2664225090692
-1.0 834.0698900810763
-0.7999999999999998 839.1059036265383
-0.5999999999999996 842.3292395106525
-0.39999999999999947 844.3814548844663
-0.1999999999999993 845.6835417778051
0.0 846.507703615672
0.20000000000000107 847.0282868960575
0.40000000000000036 847.3562432547683
0.5999999999999996 847.5618043035774
0.8000000000000007 847.6891370024395
1.0 847.7656920577992
1.200000000000001 847.8080951483744
1.4000000000000004 847.8258155473818
1.6000000000000014 847.8234528014779
1.8000000000000007 847.8022725664304
2.0 847.761550356051
2.200000000000001 847.7002281799532
2.4000000000000004 847.6190830528919
2.6000000000000014 847.5227772045641
2.8000000000000007 847.4202354064319
3.0 847.3222622453136
3.200000000000001 847.2376619989244
3.4000000000000004 847.1706936103867
3.6000000000000014 847.1212186402886
3.8000000000000007 847.0864945613175
4.0 847.0629895265848
Result sigma optimization:  -8.0 205.6132007333378
E_max_2 =  400
Cutoff Radius =  6.0
Selected Radial Transform =  22.0
factor =  2.3
displacement =  0.0
dataset =  datasets/gold.xyz
n_train =  500
n_test =  2000
Train RMSE: 197.62391248942905 [Train MAE: 161.9647704848402]
Test RMSE: 204.13692629718037 [Test MAE: 168.4555291587553]
FINISHED at Tue Jan 10 02:40:52 CET 2023
