STARTING AT Tue Jan 10 03:30:33 CET 2023
Random seed: 1000
8 20
Reading dataset
Shuffling and extracting from dataset (length: 10000)
Shuffling and extraction done
Calculating power spectrum
Expansion coefficients done
Computing training kernel
     Calculating kernels for center species 1
     Calculating kernels for center species 1
Beginning first index add...
Beginning second index add...
     Calculating kernels for center species 6
     Calculating kernels for center species 6
Beginning first index add...
Beginning second index add...
Training kernel done
Computing test kernel
     Calculating kernels for center species 1
     Calculating kernels for center species 1
Beginning first index add...
Beginning second index add...
     Calculating kernels for center species 6
     Calculating kernels for center species 6
Beginning first index add...
Beginning second index add...
Test kernel done
Calculating composition features
Composition features done
-8.0 18.925472105636022
-7.8 18.925410004151363
-7.6 18.92531159894372
-7.4 18.92515568539348
-7.2 18.924908699742133
-7.0 18.924517556578365
-6.8 18.92389839559102
-6.6 18.92291899284158
-6.4 18.921371496588495
-6.2 18.918930729878966
-6.0 18.91509178925573
-5.8 18.909080002145604
-5.6 18.89972890523004
-5.4 18.88533320935618
-5.199999999999999 18.863512829834452
-5.0 18.83117952920568
-4.8 18.784767514544733
-4.6 18.720901945576703
-4.4 18.637497522043308
-4.199999999999999 18.534846629274004
-4.0 18.415839005225507
-3.8 18.28455301749213
-3.5999999999999996 18.143357026347022
-3.3999999999999995 17.990046209762703
-3.1999999999999993 17.81710136736227
-3.0 17.613668037872248
-2.8 17.3689054067802
-2.5999999999999996 17.075458669464805
-2.3999999999999995 16.732920712238467
-2.1999999999999993 16.35152675594597
-2.0 15.956156457896254
-1.7999999999999998 15.589196125670043
-1.5999999999999996 15.309302411233844
-1.3999999999999995 15.185442378708688
-1.1999999999999993 15.289335685638164
-1.0 15.688693339340723
-0.7999999999999998 16.439221066622295
-0.5999999999999996 17.571565896093798
-0.39999999999999947 19.074828735564843
-0.1999999999999993 20.886466468464622
0.0 22.900091507952826
0.20000000000000107 24.999490392253183
0.40000000000000036 27.119134795292656
0.5999999999999996 29.311755088502967
0.8000000000000007 31.785454110604192
1.0 34.869500779791174
1.200000000000001 38.87776021078109
1.4000000000000004 43.90017912579509
1.6000000000000014 49.66468036129221
1.8000000000000007 55.60731237846249
2.0 61.11138984191061
2.200000000000001 65.74087808076223
2.4000000000000004 69.33330829732746
2.6000000000000014 71.95009755822456
2.8000000000000007 73.76833859334992
3.0 74.98935623069045
3.200000000000001 75.78938841928088
3.4000000000000004 76.30404067999862
3.6000000000000014 76.63038925314314
3.8000000000000007 76.8350478172915
4.0 76.96244499893974
Result sigma optimization:  -1.3999999999999995 15.185442378708688
E_max_2 =  700
Cutoff Radius =  6.0
Selected Radial Transform =  22.0
factor =  0.7
displacement =  0.0
dataset =  datasets/random-ch4-10k.extxyz
n_train =  500
n_test =  2000
Train RMSE: 7.31982694592932 [Train MAE: 5.899059131358014]
Test RMSE: 20.083682160319597 [Test MAE: 10.20576916773907]
FINISHED at Tue Jan 10 03:32:29 CET 2023
