STARTING AT Tue Jan 10 03:31:03 CET 2023
Random seed: 1000
7 18
Reading dataset
Shuffling and extracting from dataset (length: 10000)
Shuffling and extraction done
Calculating power spectrum
Expansion coefficients done
Computing training kernel
     Calculating kernels for center species 1
     Calculating kernels for center species 1
Beginning first index add...
Beginning second index add...
     Calculating kernels for center species 6
     Calculating kernels for center species 6
Beginning first index add...
Beginning second index add...
Training kernel done
Computing test kernel
     Calculating kernels for center species 1
     Calculating kernels for center species 1
Beginning first index add...
Beginning second index add...
     Calculating kernels for center species 6
     Calculating kernels for center species 6
Beginning first index add...
Beginning second index add...
Test kernel done
Calculating composition features
Composition features done
-8.0 21.95145649124847
-7.8 21.943867073702005
-7.6 21.931979989152204
-7.4 21.913483030982896
-7.2 21.884983574528082
-7.0 21.84170702610897
-6.8 21.77734170771829
-6.6 21.684289969574344
-6.4 21.554619387337848
-6.2 21.381763374023794
-6.0 21.16242314671938
-5.8 20.897728310482194
-5.6 20.593450415882717
-5.4 20.260204653509362
-5.199999999999999 19.913591183357532
-5.0 19.571799030915106
-4.8 19.24929130936945
-4.6 18.95022915845009
-4.4 18.667196594971973
-4.199999999999999 18.386177383665586
-4.0 18.093260313013285
-3.8 17.778268726670515
-3.5999999999999996 17.434896933772976
-3.3999999999999995 17.06100549702103
-3.1999999999999993 16.662224647263404
-3.0 16.257016978917306
-2.8 15.877489188447946
-2.5999999999999996 15.56393265168168
-2.3999999999999995 15.35914502721524
-2.1999999999999993 15.308662359724952
-2.0 15.463431762581418
-1.7999999999999998 15.876584801566011
-1.5999999999999996 16.59182694129447
-1.3999999999999995 17.62719177655282
-1.1999999999999993 18.95859076706463
-1.0 20.510756932391466
-0.7999999999999998 22.171245397614378
-0.5999999999999996 23.839274097941857
-0.39999999999999947 25.498934972254638
-0.1999999999999993 27.28790645998978
0.0 29.52752759920757
0.20000000000000107 32.663808657588824
0.40000000000000036 37.064150976575654
0.5999999999999996 42.733864616856465
0.8000000000000007 49.1941302305825
1.0 55.67513970382953
1.200000000000001 61.46999968192853
1.4000000000000004 66.17755756682949
1.6000000000000014 69.72505141672396
1.8000000000000007 72.25256537197211
2.0 73.98207866679537
2.200000000000001 75.13227722347004
2.4000000000000004 75.88188462907209
2.6000000000000014 76.36310371414046
2.8000000000000007 76.66824366454986
3.0 76.85965880072352
3.200000000000001 76.97866741788404
3.4000000000000004 77.05223361970225
3.6000000000000014 77.09763229328009
3.8000000000000007 77.12570028336538
4.0 77.14311965874269
Result sigma optimization:  -2.1999999999999993 15.308662359724952
E_max_2 =  600
Cutoff Radius =  6.0
Selected Radial Transform =  22.0
factor =  1.0
displacement =  0.0
dataset =  datasets/random-ch4-10k.extxyz
n_train =  500
n_test =  2000
Train RMSE: 8.6925761414286 [Train MAE: 6.921869657196773]
Test RMSE: 16.156363729810845 [Test MAE: 10.448132385892533]
FINISHED at Tue Jan 10 03:32:47 CET 2023
