STARTING AT Tue Jan 10 03:31:03 CET 2023
Random seed: 1000
6 14
Reading dataset
Shuffling and extracting from dataset (length: 10000)
Shuffling and extraction done
Calculating power spectrum
Expansion coefficients done
Computing training kernel
     Calculating kernels for center species 1
     Calculating kernels for center species 1
Beginning first index add...
Beginning second index add...
     Calculating kernels for center species 6
     Calculating kernels for center species 6
Beginning first index add...
Beginning second index add...
Training kernel done
Computing test kernel
     Calculating kernels for center species 1
     Calculating kernels for center species 1
Beginning first index add...
Beginning second index add...
     Calculating kernels for center species 6
     Calculating kernels for center species 6
Beginning first index add...
Beginning second index add...
Test kernel done
Calculating composition features
Composition features done
-8.0 32.59879639229237
-7.8 30.68716662176956
-7.6 28.796046577902615
-7.4 26.95426465118479
-7.2 25.177613012585166
-7.0 23.494571387975245
-6.8 21.954602217547517
-6.6 20.607846123972763
-6.4 19.47758499195922
-6.2 18.55372313548792
-6.0 17.808145942425977
-5.8 17.208767406700655
-5.6 16.719241477421594
-5.4 16.297523546097175
-5.199999999999999 15.90738620581536
-5.0 15.53343296359466
-4.8 15.182125510835865
-4.6 14.868482868011368
-4.4 14.603286764467844
-4.199999999999999 14.392416687317942
-4.0 14.246169818727152
-3.8 14.188626657731803
-3.5999999999999996 14.26094511270567
-3.3999999999999995 14.517001575407203
-3.1999999999999993 15.00861578629957
-3.0 15.762350765377496
-2.8 16.764193168422914
-2.5999999999999996 17.967132767359455
-2.3999999999999995 19.311644788198592
-2.1999999999999993 20.738143667066684
-2.0 22.189971579266903
-1.7999999999999998 23.62454255377844
-1.5999999999999996 25.046969462952763
-1.3999999999999995 26.56111879455471
-1.1999999999999993 28.412670004104434
-1.0 30.978168337227398
-0.7999999999999998 34.641026656945
-0.5999999999999996 39.56143317597907
-0.39999999999999947 45.496929462297565
-0.1999999999999993 51.85055529869637
0.0 57.92503450860361
0.20000000000000107 63.18880300417698
0.40000000000000036 67.39463824915397
0.5999999999999996 70.54478867833276
0.8000000000000007 72.78870705715768
1.0 74.32743491531619
1.200000000000001 75.35319687475574
1.4000000000000004 76.02278583166859
1.6000000000000014 76.45280552956686
1.8000000000000007 76.7252201758535
2.0 76.89574163967583
2.200000000000001 77.00145488537365
2.4000000000000004 77.06660072014597
2.6000000000000014 77.10668656848416
2.8000000000000007 77.13140776443619
3.0 77.14671882237003
3.200000000000001 77.1562460915853
3.4000000000000004 77.16219864514109
3.6000000000000014 77.16592948240617
3.8000000000000007 77.16827311459343
4.0 77.16974760741267
Result sigma optimization:  -3.8 14.188626657731803
E_max_2 =  400
Cutoff Radius =  6.0
Selected Radial Transform =  22.0
factor =  1.2
displacement =  0.0
dataset =  datasets/random-ch4-10k.extxyz
n_train =  500
n_test =  2000
Train RMSE: 7.217745196476441 [Train MAE: 5.808079979308012]
Test RMSE: 16.0997168901045 [Test MAE: 9.327612837604876]
FINISHED at Tue Jan 10 03:31:23 CET 2023
