STARTING AT Tue Jan 10 01:42:04 CET 2023
Random seed: 1000
7 18
Reading dataset
Shuffling and extracting from dataset (length: 133885)
Shuffling and extraction done
Calculating power spectrum
Expansion coefficients done
Computing training kernel
     Calculating kernels for center species 1
     Calculating kernels for center species 1
Beginning first index add...
Beginning second index add...
     Calculating kernels for center species 6
     Calculating kernels for center species 6
Beginning first index add...
Beginning second index add...
     Calculating kernels for center species 7
     Calculating kernels for center species 7
Beginning first index add...
Beginning second index add...
     Calculating kernels for center species 8
     Calculating kernels for center species 8
Beginning first index add...
Beginning second index add...
     Calculating kernels for center species 9
     Calculating kernels for center species 9
Beginning first index add...
Beginning second index add...
Training kernel done
Computing test kernel
     Calculating kernels for center species 1
     Calculating kernels for center species 1
Beginning first index add...
Beginning second index add...
     Calculating kernels for center species 6
     Calculating kernels for center species 6
Beginning first index add...
Beginning second index add...
     Calculating kernels for center species 7
     Calculating kernels for center species 7
Beginning first index add...
Beginning second index add...
     Calculating kernels for center species 8
     Calculating kernels for center species 8
Beginning first index add...
Beginning second index add...
     Calculating kernels for center species 9
     Calculating kernels for center species 9
Beginning first index add...
Beginning second index add...
Test kernel done
Calculating composition features
Composition features done
-8.0 5.503046714392111
-7.8 5.503046713741192
-7.6 5.503046712709722
-7.4 5.503046711075326
-7.2 5.5030467084845895
-7.0 5.503046704378776
-6.8 5.503046697871193
-6.6 5.5030466875582436
-6.4 5.503046671211783
-6.2 5.503046645305564
-6.0 5.5030466042462765
-5.8 5.503046539172211
-5.6 5.5030464360366675
-5.4 5.503046272578265
-5.199999999999999 5.503046013514341
-5.0 5.5030456029276245
-4.8 5.5030449521946725
-4.6 5.503043920861551
-4.4 5.503042286331408
-4.199999999999999 5.503039695831555
-4.0 5.5030355903089765
-3.8 5.503029083849983
-3.5999999999999996 5.503018772702481
-3.3999999999999995 5.503002432883684
-3.1999999999999993 5.502976541661019
-3.0 5.502935521009889
-2.8 5.502870543220224
-2.5999999999999996 5.502767649547979
-2.3999999999999995 5.502604797532744
-2.1999999999999993 5.502347253599993
-2.0 5.501940469705666
-1.7999999999999998 5.501299232390171
-1.5999999999999996 5.500409186213614
-1.3999999999999995 5.499089735363343
-1.1999999999999993 5.497234939281538
-1.0 5.494912875289017
-0.7999999999999998 5.495443422088122
-0.5999999999999996 5.499209779252677
-0.39999999999999947 5.508780944584179
-0.1999999999999993 5.526258343130128
0.0 5.5632837872419305
0.20000000000000107 5.64428334199293
0.40000000000000036 5.783455536765058
0.5999999999999996 5.98702997050338
0.8000000000000007 6.2636194411721124
1.0 6.63649921729516
1.200000000000001 7.088415919386041
1.4000000000000004 7.691011491873116
1.6000000000000014 8.415852162817036
1.8000000000000007 9.284808595413226
2.0 10.31049954928797
2.200000000000001 11.46139468981991
2.4000000000000004 12.679633412691024
2.6000000000000014 13.92791851821589
2.8000000000000007 15.159908019954498
3.0 16.334618853120208
3.200000000000001 17.45029542273421
3.4000000000000004 18.4445225328475
3.6000000000000014 19.274639486152918
3.8000000000000007 19.909064258921536
4.0 20.376874963119494
Result sigma optimization:  -1.0 5.494912875289017
E_max_2 =  600
Cutoff Radius =  6.0
Selected Radial Transform =  22.0
factor =  0.4
displacement =  0.0
dataset =  datasets/qm9.xyz
n_train =  500
n_test =  2000
Train RMSE: 0.21073061526165193 [Train MAE: 0.14179645192968537]
Test RMSE: 7.0327866215404695 [Test MAE: 4.953265855254075]
FINISHED at Tue Jan 10 01:45:42 CET 2023
