STARTING AT Tue Jan 10 03:32:04 CET 2023
Random seed: 1000
8 20
Reading dataset
Shuffling and extracting from dataset (length: 10000)
Shuffling and extraction done
Calculating power spectrum
Expansion coefficients done
Computing training kernel
     Calculating kernels for center species 1
     Calculating kernels for center species 1
Beginning first index add...
Beginning second index add...
     Calculating kernels for center species 6
     Calculating kernels for center species 6
Beginning first index add...
Beginning second index add...
Training kernel done
Computing test kernel
     Calculating kernels for center species 1
     Calculating kernels for center species 1
Beginning first index add...
Beginning second index add...
     Calculating kernels for center species 6
     Calculating kernels for center species 6
Beginning first index add...
Beginning second index add...
Test kernel done
Calculating composition features
Composition features done
-8.0 84.35252137344119
-7.8 73.01818954475638
-7.6 63.98677857661297
-7.4 56.913038521199134
-7.2 51.34079029905259
-7.0 46.81066107154023
-6.8 42.94233923681597
-6.6 39.45927251773856
-6.4 36.18249533306675
-6.2 33.025603542053545
-6.0 29.986103674667515
-5.8 27.115852279833465
-5.6 24.481304595704135
-5.4 22.141746956957686
-5.199999999999999 20.14964603535757
-5.0 18.548039412740447
-4.8 17.349883448969997
-4.6 16.516244578835078
-4.4 15.959752544402438
-4.199999999999999 15.578576345339247
-4.0 15.29819792455021
-3.8 15.092703541842667
-3.5999999999999996 14.978281700512571
-3.3999999999999995 14.993502865268928
-3.1999999999999993 15.183726698187296
-3.0 15.592834025957934
-2.8 16.25361675911207
-2.5999999999999996 17.173614958519742
-2.3999999999999995 18.32478700830313
-2.1999999999999993 19.64411052860352
-2.0 21.042817481638323
-1.7999999999999998 22.422271518415595
-1.5999999999999996 23.699119660091366
-1.3999999999999995 24.834337283429967
-1.1999999999999993 25.853594457558305
-1.0 26.85950416211622
-0.7999999999999998 28.04956125343242
-0.5999999999999996 29.73656220512817
-0.39999999999999947 32.320165955359684
-0.1999999999999993 36.13235339316888
0.0 41.192736071752535
0.20000000000000107 47.09685678017164
0.40000000000000036 53.182992573047216
0.5999999999999996 58.82996151171108
0.8000000000000007 63.653055326840345
1.0 67.52246926171031
1.200000000000001 70.47971510290941
1.4000000000000004 72.64951055674685
1.6000000000000014 74.18508581360722
1.8000000000000007 75.23835247690045
2.0 75.94256920148443
2.200000000000001 76.40411024769378
2.4000000000000004 76.70185854229364
2.6000000000000014 76.89121754106064
2.8000000000000007 77.00967936017011
3.0 77.08208338806196
3.200000000000001 77.12482055619596
3.4000000000000004 77.14883089453515
3.6000000000000014 77.16149534512427
3.8000000000000007 77.16770815751832
4.0 77.17052887982808
Result sigma optimization:  -3.5999999999999996 14.978281700512571
E_max_2 =  700
Cutoff Radius =  6.0
Selected Radial Transform =  22.0
factor =  1.9
displacement =  0.0
dataset =  datasets/random-ch4-10k.extxyz
n_train =  500
n_test =  2000
Train RMSE: 7.759368509089978 [Train MAE: 6.203596015142459]
Test RMSE: 17.253994042119043 [Test MAE: 10.610045636068731]
FINISHED at Tue Jan 10 03:32:23 CET 2023
