STARTING AT Tue Jan 10 02:38:06 CET 2023
Random seed: 1000
6 14
Reading dataset
Shuffling and extracting from dataset (length: 105092)
Shuffling and extraction done
Calculating power spectrum
Expansion coefficients done
Computing training kernel
     Calculating kernels for center species 79
     Calculating kernels for center species 79
Beginning first index add...
Beginning second index add...
Training kernel done
Computing test kernel
     Calculating kernels for center species 79
     Calculating kernels for center species 79
Beginning first index add...
Beginning second index add...
Test kernel done
Calculating composition features
Composition features done
-8.0 118.1848695300301
-7.8 117.35372396487796
-7.6 116.37567209424313
-7.4 115.34178205913544
-7.2 114.3697484414844
-7.0 113.55575330798466
-6.8 112.95385192485051
-6.6 112.58186979773998
-6.4 112.43336603279947
-6.2 112.48629051093609
-6.0 112.71228000783599
-5.8 113.08706798353343
-5.6 113.59774596914008
-5.4 114.2472255589675
-5.199999999999999 115.05667525260345
-5.0 116.06331193842482
-4.8 117.3130588058534
-4.6 118.85575711992226
-4.4 120.76306471352935
-4.199999999999999 123.17823000828547
-4.0 126.35764331946974
-3.8 130.65369424441877
-3.5999999999999996 136.47157817544212
-3.3999999999999995 144.27178474044672
-3.1999999999999993 154.53068800914713
-3.0 167.4325243692197
-2.8 182.39121925082085
-2.5999999999999996 198.00303788410415
-2.3999999999999995 212.7142672442546
-2.1999999999999993 225.61927051840001
-2.0 236.72107894530586
-1.7999999999999998 246.6367770124577
-1.5999999999999996 256.16541867672464
-1.3999999999999995 266.0874780976042
-1.1999999999999993 277.1999169528775
-1.0 290.2515656559484
-0.7999999999999998 305.6098058777765
-0.5999999999999996 323.00216931394726
-0.39999999999999947 341.6662380302312
-0.1999999999999993 360.72907017828413
0.0 379.6411502168447
0.20000000000000107 398.8032079608611
0.40000000000000036 420.25631971132714
0.5999999999999996 447.7621362826304
0.8000000000000007 485.39637531354015
1.0 534.6236715935955
1.200000000000001 592.0581719958112
1.4000000000000004 650.622446444585
1.6000000000000014 703.2916361834041
1.8000000000000007 745.991578915708
2.0 777.9737858218244
2.200000000000001 800.6040596750079
2.4000000000000004 816.0146392217713
2.6000000000000014 826.273179711989
2.8000000000000007 833.0483438660402
3.0 837.5526994217013
3.200000000000001 840.5976880017856
3.4000000000000004 842.6888662183305
3.6000000000000014 844.1314637486195
3.8000000000000007 845.118269109285
4.0 845.7827010135308
Result sigma optimization:  -6.4 112.43336603279947
E_max_2 =  400
Cutoff Radius =  6.0
Selected Radial Transform =  22.0
factor =  1.0
displacement =  0.0
dataset =  datasets/gold.xyz
n_train =  500
n_test =  2000
Train RMSE: 94.23018961899626 [Train MAE: 71.97340305696981]
Test RMSE: 113.46330848934859 [Test MAE: 84.61850255119903]
FINISHED at Tue Jan 10 02:39:07 CET 2023
