STARTING AT Tue Jan 10 02:41:07 CET 2023
Random seed: 1000
6 14
Reading dataset
Shuffling and extracting from dataset (length: 105092)
Shuffling and extraction done
Calculating power spectrum
Expansion coefficients done
Computing training kernel
     Calculating kernels for center species 79
     Calculating kernels for center species 79
Beginning first index add...
Beginning second index add...
Training kernel done
Computing test kernel
     Calculating kernels for center species 79
     Calculating kernels for center species 79
Beginning first index add...
Beginning second index add...
Test kernel done
Calculating composition features
Composition features done
-8.0 135.92726410221624
-7.8 136.2457837774414
-7.6 136.7327716364675
-7.4 137.20523153627562
-7.2 137.47109509337824
-7.0 137.3898741813778
-6.8 136.88070948028906
-6.6 135.89513716381873
-6.4 134.3988493468973
-6.2 132.3768510100315
-6.0 129.83729199559443
-5.8 126.79468330848526
-5.6 123.25489379318121
-5.4 119.23865733971385
-5.199999999999999 114.83592477555902
-5.0 110.23942275593961
-4.8 105.71990103238848
-4.6 101.55683728997184
-4.4 97.97473690030517
-4.199999999999999 95.12231395090204
-4.0 93.08680649782292
-3.8 91.91135588535992
-3.5999999999999996 91.59758923185822
-3.3999999999999995 92.10337418294013
-3.1999999999999993 93.36193649552541
-3.0 95.34147165286299
-2.8 98.1252079068013
-2.5999999999999996 101.94403546478743
-2.3999999999999995 107.093716089865
-2.1999999999999993 113.75123179985665
-2.0 121.82085746368685
-1.7999999999999998 130.94440445769538
-1.5999999999999996 140.660778678986
-1.3999999999999995 150.57911651833444
-1.1999999999999993 160.45796362361267
-1.0 170.19300920852757
-0.7999999999999998 179.8213186970458
-0.5999999999999996 189.62955760859288
-0.39999999999999947 200.26671552310546
-0.1999999999999993 212.65200988522832
0.0 227.6376733376164
0.20000000000000107 245.72645087127677
0.40000000000000036 267.2305075037395
0.5999999999999996 292.69022852053973
0.8000000000000007 322.7645787168116
1.0 357.286270029594
1.200000000000001 394.4727331267508
1.4000000000000004 431.58106148942375
1.6000000000000014 466.7517438888063
1.8000000000000007 500.4104306218255
2.0 535.0170886524423
2.200000000000001 573.1406779597515
2.4000000000000004 615.0488433106949
2.6000000000000014 657.9103152251529
2.8000000000000007 697.5118079328115
3.0 730.7348572024714
3.200000000000001 756.685502439784
3.4000000000000004 776.2875200402594
3.6000000000000014 791.285887320377
3.8000000000000007 803.3505308035359
4.0 813.5325620737519
Result sigma optimization:  -3.5999999999999996 91.59758923185822
E_max_2 =  400
Cutoff Radius =  6.0
Selected Radial Transform =  23.0
factor =  0.4
displacement =  0.0
dataset =  datasets/gold.xyz
n_train =  500
n_test =  2000
Train RMSE: 51.127522897393895 [Train MAE: 37.688659831278514]
Test RMSE: 94.34807360736016 [Test MAE: 60.507609438257965]
FINISHED at Tue Jan 10 02:44:31 CET 2023
