STARTING AT Tue Jan 10 03:35:35 CET 2023
Random seed: 1000
8 20
Reading dataset
Shuffling and extracting from dataset (length: 10000)
Shuffling and extraction done
Calculating power spectrum
Expansion coefficients done
Computing training kernel
     Calculating kernels for center species 1
     Calculating kernels for center species 1
Beginning first index add...
Beginning second index add...
     Calculating kernels for center species 6
     Calculating kernels for center species 6
Beginning first index add...
Beginning second index add...
Training kernel done
Computing test kernel
     Calculating kernels for center species 1
     Calculating kernels for center species 1
Beginning first index add...
Beginning second index add...
     Calculating kernels for center species 6
     Calculating kernels for center species 6
Beginning first index add...
Beginning second index add...
Test kernel done
Calculating composition features
Composition features done
-8.0 59.552936352293955
-7.8 53.16115720068974
-7.6 47.739150885732144
-7.4 43.16259213207892
-7.2 39.31267746797021
-7.0 36.03648681371252
-6.8 33.145916560166086
-6.6 30.481430399253732
-6.4 27.987067598598877
-6.2 25.72381958896992
-6.0 23.80000362678366
-5.8 22.276722898993082
-5.6 21.12730078759408
-5.4 20.266130246384304
-5.199999999999999 19.600528894804857
-5.0 19.062222287070757
-4.8 18.60963922492221
-4.6 18.21678774665874
-4.4 17.865692965239084
-4.199999999999999 17.544244795839504
-4.0 17.244989048486744
-3.8 16.967153432652797
-3.5999999999999996 16.72458974425852
-3.3999999999999995 16.553302743929176
-3.1999999999999993 16.509773454483025
-3.0 16.659566829022584
-2.8 17.061474014622036
-2.5999999999999996 17.749762525215058
-2.3999999999999995 18.716559296785483
-2.1999999999999993 19.901854090463885
-2.0 21.1997553373455
-1.7999999999999998 22.482847465663603
-1.5999999999999996 23.637032743619393
-1.3999999999999995 24.591825180191663
-1.1999999999999993 25.333025210380196
-1.0 25.897938403995028
-0.7999999999999998 26.365988248174595
-0.5999999999999996 26.860083790220546
-0.39999999999999947 27.56706792901082
-0.1999999999999993 28.767326345748966
0.0 30.83327903373545
0.20000000000000107 34.13643707782574
0.40000000000000036 38.848222485720946
0.5999999999999996 44.74806046087167
0.8000000000000007 51.22191869125562
1.0 57.49895223156404
1.200000000000001 62.95969749308078
1.4000000000000004 67.30508450300336
1.6000000000000014 70.53157925201704
1.8000000000000007 72.80728012273292
2.0 74.35426158762618
2.200000000000001 75.37897423262115
2.4000000000000004 76.04545825968646
2.6000000000000014 76.47307480067762
2.8000000000000007 76.74418806967324
3.0 76.91387389697536
3.200000000000001 77.01839819292499
3.4000000000000004 77.08156578619767
3.6000000000000014 77.11900825324146
3.8000000000000007 77.14088322286752
4.0 77.15359682405175
Result sigma optimization:  -3.1999999999999993 16.509773454483025
E_max_2 =  700
Cutoff Radius =  6.0
Selected Radial Transform =  23.0
factor =  1.6
displacement =  0.0
dataset =  datasets/random-ch4-10k.extxyz
n_train =  500
n_test =  2000
Train RMSE: 7.7010402147395105 [Train MAE: 6.094420585405724]
Test RMSE: 18.87862544950037 [Test MAE: 10.852740838224516]
FINISHED at Tue Jan 10 03:35:56 CET 2023
