STARTING AT Tue Jan 10 02:43:39 CET 2023
Random seed: 1000
6 14
Reading dataset
Shuffling and extracting from dataset (length: 105092)
Shuffling and extraction done
Calculating power spectrum
Expansion coefficients done
Computing training kernel
     Calculating kernels for center species 79
     Calculating kernels for center species 79
Beginning first index add...
Beginning second index add...
Training kernel done
Computing test kernel
     Calculating kernels for center species 79
     Calculating kernels for center species 79
Beginning first index add...
Beginning second index add...
Test kernel done
Calculating composition features
Composition features done
-8.0 458.08632624067263
-7.8 463.4546542892675
-7.6 467.03590476863457
-7.4 469.378653439629
-7.2 470.8914004307935
-7.0 471.8598197531928
-6.8 472.4762898269696
-6.6 472.86751597935177
-6.4 473.11646417193174
-6.2 473.2789552858679
-6.0 473.39752933618064
-5.8 473.51696273933493
-5.6 473.7096156762202
-5.4 474.12667909892366
-5.199999999999999 475.1055184657754
-5.0 477.378910691821
-4.8 482.41588392579473
-4.6 492.7778778504332
-4.4 511.98849374891176
-4.199999999999999 543.1078705446403
-4.0 586.1414295722955
-3.8 636.5979118407073
-3.5999999999999996 687.324876045646
-3.3999999999999995 732.0929798392842
-3.1999999999999993 767.7592029685004
-3.0 794.1033640005923
-2.8 812.5504167665808
-2.5999999999999996 825.006436836977
-2.3999999999999995 833.2165106782435
-2.1999999999999993 838.5434100258112
-2.0 841.964711572981
-1.7999999999999998 844.1478733093996
-1.5999999999999996 845.535212022769
-1.3999999999999995 846.4145073883011
-1.1999999999999993 846.9708645947097
-1.0 847.3224953938122
-0.7999999999999998 847.544549056727
-0.5999999999999996 847.6846565879038
-0.39999999999999947 847.7729409874458
-0.1999999999999993 847.8284111538181
0.0 847.8630219851675
0.20000000000000107 847.8842381576272
0.40000000000000036 847.8966398300129
0.5999999999999996 847.9029118007594
0.8000000000000007 847.9044299929199
1.0 847.901577746886
1.200000000000001 847.8938760012492
1.4000000000000004 847.8799920351582
1.6000000000000014 847.8577067199217
1.8000000000000007 847.8239821776522
2.0 847.7753761463891
2.200000000000001 847.7091098381519
2.4000000000000004 847.6248644819331
2.6000000000000014 847.5266007805396
2.8000000000000007 847.422798299273
3.0 847.3239896144047
3.200000000000001 847.238821715655
3.4000000000000004 847.1714642416902
3.6000000000000014 847.1217244480299
3.8000000000000007 847.0868228320671
4.0 847.0632006856364
Result sigma optimization:  -8.0 458.08632624067263
E_max_2 =  400
Cutoff Radius =  6.0
Selected Radial Transform =  23.0
factor =  2.8
displacement =  0.0
dataset =  datasets/gold.xyz
n_train =  500
n_test =  2000
Train RMSE: 454.6006395337684 [Train MAE: 358.2115127762052]
Test RMSE: 454.42734027257353 [Test MAE: 350.4980608742309]
FINISHED at Tue Jan 10 02:46:29 CET 2023
