STARTING AT Tue Jan 10 03:37:07 CET 2023
Random seed: 1000
7 16
Reading dataset
Shuffling and extracting from dataset (length: 10000)
Shuffling and extraction done
Calculating power spectrum
Expansion coefficients done
Computing training kernel
     Calculating kernels for center species 1
     Calculating kernels for center species 1
Beginning first index add...
Beginning second index add...
     Calculating kernels for center species 6
     Calculating kernels for center species 6
Beginning first index add...
Beginning second index add...
Training kernel done
Computing test kernel
     Calculating kernels for center species 1
     Calculating kernels for center species 1
Beginning first index add...
Beginning second index add...
     Calculating kernels for center species 6
     Calculating kernels for center species 6
Beginning first index add...
Beginning second index add...
Test kernel done
Calculating composition features
Composition features done
-8.0 137.6021259568777
-7.8 136.0493381392682
-7.6 129.99814758832665
-7.4 119.50539227399119
-7.2 105.47862227185938
-7.0 89.5804647711122
-6.8 73.82129986645839
-6.6 60.00939183777874
-6.4 49.32671590917213
-6.2 42.103650421847824
-6.0 37.84470093202681
-5.8 35.62139731693384
-5.6 34.59739708703686
-5.4 34.26371519791415
-5.199999999999999 34.36747763127634
-5.0 34.769747951931315
-4.8 35.362105875628146
-4.6 36.04332250263871
-4.4 36.72469711751297
-4.199999999999999 37.34167262371762
-4.0 37.860347779312384
-3.8 38.276024169894754
-3.5999999999999996 38.60664396547311
-3.3999999999999995 38.88655790962793
-3.1999999999999993 39.163009479887094
-3.0 39.49117567159254
-2.8 39.92296524066327
-2.5999999999999996 40.49294943680782
-2.3999999999999995 41.213780679338065
-2.1999999999999993 42.09292545759062
-2.0 43.16925934816412
-1.7999999999999998 44.55210311195185
-1.5999999999999996 46.43598924327403
-1.3999999999999995 49.05123205159957
-1.1999999999999993 52.5187050406028
-1.0 56.68138810314866
-0.7999999999999998 61.093773487432074
-0.5999999999999996 65.2260929892374
-0.39999999999999947 68.70167340887186
-0.1999999999999993 71.38594517700832
0.0 73.33128592613818
0.20000000000000107 74.67836669583423
0.40000000000000036 75.58212494359138
0.5999999999999996 76.17553343371037
0.8000000000000007 76.55952312466793
1.0 76.8054756338976
1.200000000000001 76.96172510146123
1.4000000000000004 77.06009281015523
1.6000000000000014 77.12112835957375
1.8000000000000007 77.15792328290887
2.0 77.1787727065598
2.200000000000001 77.18901695419837
2.4000000000000004 77.19229898837929
2.6000000000000014 77.19133403073747
2.8000000000000007 77.1882320804022
3.0 77.18451711747885
3.200000000000001 77.18109750394635
3.4000000000000004 77.17835638252856
3.6000000000000014 77.17633896938791
3.8000000000000007 77.17493363948111
4.0 77.17398894481863
Result sigma optimization:  -5.4 34.26371519791415
E_max_2 =  500
Cutoff Radius =  6.0
Selected Radial Transform =  23.0
factor =  4.0
displacement =  0.0
dataset =  datasets/random-ch4-10k.extxyz
n_train =  500
n_test =  2000
Train RMSE: 30.14296890493663 [Train MAE: 23.19881671534875]
Test RMSE: 35.26202612145323 [Test MAE: 26.96721147082617]
FINISHED at Tue Jan 10 03:39:29 CET 2023
