STARTING AT Tue Jan 10 03:36:36 CET 2023
Random seed: 1000
6 14
Reading dataset
Shuffling and extracting from dataset (length: 10000)
Shuffling and extraction done
Calculating power spectrum
Expansion coefficients done
Computing training kernel
     Calculating kernels for center species 1
     Calculating kernels for center species 1
Beginning first index add...
Beginning second index add...
     Calculating kernels for center species 6
     Calculating kernels for center species 6
Beginning first index add...
Beginning second index add...
Training kernel done
Computing test kernel
     Calculating kernels for center species 1
     Calculating kernels for center species 1
Beginning first index add...
Beginning second index add...
     Calculating kernels for center species 6
     Calculating kernels for center species 6
Beginning first index add...
Beginning second index add...
Test kernel done
Calculating composition features
Composition features done
-8.0 101.33584584934691
-7.8 86.79883913634008
-7.6 73.16469156828254
-7.4 60.468471468650016
-7.2 48.97696611294205
-7.0 39.13899584477839
-6.8 31.407706428672544
-6.6 25.984081210665572
-6.4 22.63305326588303
-6.2 20.773860934347233
-6.0 19.791714061429044
-5.8 19.250683434055336
-5.6 18.905414339179213
-5.4 18.64194374927804
-5.199999999999999 18.427562458472057
-5.0 18.274775601401625
-4.8 18.214631647192636
-4.6 18.280148239934633
-4.4 18.50096949504855
-4.199999999999999 18.90423918801147
-4.0 19.51374854206455
-3.8 20.3441653824758
-3.5999999999999996 21.39112146457401
-3.3999999999999995 22.621494460392267
-3.1999999999999993 23.97332676022016
-3.0 25.369585267972976
-2.8 26.737661604224662
-2.5999999999999996 28.026976347739005
-2.3999999999999995 29.22385518441512
-2.1999999999999993 30.36584425080238
-2.0 31.564879099798702
-1.7999999999999998 33.04371334760421
-1.5999999999999996 35.15090436660967
-1.3999999999999995 38.274947031645915
-1.1999999999999993 42.62001129658996
-1.0 47.987750317200245
-0.7999999999999998 53.80186537183714
-0.5999999999999996 59.38147637898091
-0.39999999999999947 64.22064747601935
-0.1999999999999993 68.09293898492437
0.0 71.00218710852678
0.20000000000000107 73.08295906615298
0.40000000000000036 74.51590075316892
0.5999999999999996 75.47512199417902
0.8000000000000007 76.10399968008082
1.0 76.50990060624338
1.200000000000001 76.76844765869521
1.4000000000000004 76.93086483620932
1.6000000000000014 77.03109880207005
1.8000000000000007 77.09150089639317
2.0 77.12685148610208
2.200000000000001 77.14693168379385
2.4000000000000004 77.15807837582406
2.6000000000000014 77.16420635107121
2.8000000000000007 77.16759390437478
3.0 77.16949949251746
3.200000000000001 77.17059666619956
3.4000000000000004 77.17124331812118
3.6000000000000014 77.17163213055127
3.8000000000000007 77.17186953495894
4.0 77.1720161017279
Result sigma optimization:  -4.8 18.214631647192636
E_max_2 =  400
Cutoff Radius =  6.0
Selected Radial Transform =  23.0
factor =  2.4
displacement =  0.0
dataset =  datasets/random-ch4-10k.extxyz
n_train =  500
n_test =  2000
Train RMSE: 13.811607553465914 [Train MAE: 11.135400857592922]
Test RMSE: 19.785525990918906 [Test MAE: 13.80864213467641]
FINISHED at Tue Jan 10 03:39:51 CET 2023
