STARTING AT Tue Jan 10 01:48:38 CET 2023
Random seed: 1000
8 20
Reading dataset
Shuffling and extracting from dataset (length: 133885)
Shuffling and extraction done
Calculating power spectrum
Expansion coefficients done
Computing training kernel
     Calculating kernels for center species 1
     Calculating kernels for center species 1
Beginning first index add...
Beginning second index add...
     Calculating kernels for center species 6
     Calculating kernels for center species 6
Beginning first index add...
Beginning second index add...
     Calculating kernels for center species 7
     Calculating kernels for center species 7
Beginning first index add...
Beginning second index add...
     Calculating kernels for center species 8
     Calculating kernels for center species 8
Beginning first index add...
Beginning second index add...
     Calculating kernels for center species 9
     Calculating kernels for center species 9
Beginning first index add...
Beginning second index add...
Training kernel done
Computing test kernel
     Calculating kernels for center species 1
     Calculating kernels for center species 1
Beginning first index add...
Beginning second index add...
     Calculating kernels for center species 6
     Calculating kernels for center species 6
Beginning first index add...
Beginning second index add...
     Calculating kernels for center species 7
     Calculating kernels for center species 7
Beginning first index add...
Beginning second index add...
     Calculating kernels for center species 8
     Calculating kernels for center species 8
Beginning first index add...
Beginning second index add...
     Calculating kernels for center species 9
     Calculating kernels for center species 9
Beginning first index add...
Beginning second index add...
Test kernel done
Calculating composition features
Composition features done
-8.0 2.8232304099709147
-7.8 2.821928534422477
-7.6 2.819883833907952
-7.4 2.8166889415480547
-7.2 2.811739630997472
-7.0 2.804419167011103
-6.8 2.7938670565698414
-6.6 2.779309311961697
-6.4 2.75944632636063
-6.2 2.7333957228445795
-6.0 2.7038199395909324
-5.8 2.6703591745733863
-5.6 2.6390558240191893
-5.4 2.612730515320378
-5.199999999999999 2.5997315717894236
-5.0 2.5939665770209976
-4.8 2.5976049007600523
-4.6 2.6283436599226553
-4.4 2.67998858487251
-4.199999999999999 2.742911691980262
-4.0 2.8162691710232175
-3.8 2.8921213688506398
-3.5999999999999996 2.990140115571383
-3.3999999999999995 3.1312455690377976
-3.1999999999999993 3.3124508222626172
-3.0 3.535717677041248
-2.8 3.830129441807949
-2.5999999999999996 4.204922342013189
-2.3999999999999995 4.643862445480889
-2.1999999999999993 5.16250608874546
-2.0 5.7302310188135746
-1.7999999999999998 6.351891326231518
-1.5999999999999996 7.028668773965699
-1.3999999999999995 7.76781393537296
-1.1999999999999993 8.593304836573857
-1.0 9.52445703137327
-0.7999999999999998 10.535636312592375
-0.5999999999999996 11.592082603446594
-0.39999999999999947 12.698164478035931
-0.1999999999999993 13.83672276932083
0.0 14.95482814181585
0.20000000000000107 15.998916088475609
0.40000000000000036 16.97026034957675
0.5999999999999996 17.877962875396378
0.8000000000000007 18.723252407748372
1.0 19.470318176382726
1.200000000000001 20.053511002472007
1.4000000000000004 20.491110916753904
1.6000000000000014 20.810670181598073
1.8000000000000007 21.028724199381163
2.0 21.17175626298097
2.200000000000001 21.261730554424815
2.4000000000000004 21.31553333931893
2.6000000000000014 21.346373476270877
2.8000000000000007 21.36331113494141
3.0 21.372100756862988
3.200000000000001 21.37610746044219
3.4000000000000004 21.37712715122551
3.6000000000000014 21.376118887691458
3.8000000000000007 21.37350723855738
4.0 21.369524887782223
Result sigma optimization:  -5.0 2.5939665770209976
E_max_2 =  700
Cutoff Radius =  6.0
Selected Radial Transform =  23.0
factor =  2.0
displacement =  0.0
dataset =  datasets/qm9.xyz
n_train =  500
n_test =  2000
Train RMSE: 0.616457738400445 [Train MAE: 0.46151546811343924]
Test RMSE: 4.251777066204381 [Test MAE: 2.6688700424456604]
FINISHED at Tue Jan 10 01:51:36 CET 2023
