STARTING AT Tue Jan 10 02:43:39 CET 2023
Random seed: 1000
8 20
Reading dataset
Shuffling and extracting from dataset (length: 105092)
Shuffling and extraction done
Calculating power spectrum
Expansion coefficients done
Computing training kernel
     Calculating kernels for center species 79
     Calculating kernels for center species 79
Beginning first index add...
Beginning second index add...
Training kernel done
Computing test kernel
     Calculating kernels for center species 79
     Calculating kernels for center species 79
Beginning first index add...
Beginning second index add...
Test kernel done
Calculating composition features
Composition features done
-8.0 157.8642114862217
-7.8 158.09925312956136
-7.6 158.6067194640984
-7.4 159.82500118910227
-7.2 162.57237852530403
-7.0 168.1369911890465
-6.8 178.1001489696999
-6.6 193.7038158228524
-6.4 214.99075021838448
-6.2 240.45118221135735
-6.0 267.57434385455724
-5.8 293.825220823302
-5.6 317.3824262083687
-5.4 337.37207739424366
-5.199999999999999 353.65683847129543
-5.0 366.468300442104
-4.8 376.1816929135741
-4.6 383.2607438331879
-4.4 388.22943019525263
-4.199999999999999 391.6086202511674
-4.0 393.8528992595945
-3.8 395.3205926893216
-3.5999999999999996 396.27645458006907
-3.3999999999999995 396.9133585173357
-3.1999999999999993 397.38448757727554
-3.0 397.84924876540566
-2.8 398.55139332965297
-2.5999999999999996 399.96847625606506
-2.3999999999999995 403.0911219569349
-2.1999999999999993 409.86036426561964
-2.0 423.57385331420704
-1.7999999999999998 448.55088890617463
-1.5999999999999996 488.10030338889015
-1.3999999999999995 541.3984559082021
-1.1999999999999993 602.3844424736222
-1.0 662.5051196723351
-0.7999999999999998 714.8199997333847
-0.5999999999999996 756.1057401396366
-0.39999999999999947 786.4141506160734
-0.1999999999999993 807.5543361928245
0.0 821.7935976919179
0.20000000000000107 831.1644084991423
0.40000000000000036 837.2384175487753
0.5999999999999996 841.1370978697527
0.8000000000000007 843.6238286152225
1.0 845.2035631720036
1.200000000000001 846.2044461313828
1.4000000000000004 846.837360928405
1.6000000000000014 847.2368586092445
1.8000000000000007 847.4883486609596
2.0 847.6457929688942
2.200000000000001 847.7430616840178
2.4000000000000004 847.8011399943745
2.6000000000000014 847.8326464215785
2.8000000000000007 847.8446234587051
3.0 847.840247847648
3.200000000000001 847.819946253773
3.4000000000000004 847.7823625231599
3.6000000000000014 847.725629552499
3.8000000000000007 847.649240709768
4.0 847.5561786682272
Result sigma optimization:  -8.0 157.8642114862217
E_max_2 =  700
Cutoff Radius =  6.0
Selected Radial Transform =  23.0
factor =  2.3
displacement =  0.0
dataset =  datasets/gold.xyz
n_train =  500
n_test =  2000
Train RMSE: 152.65090624210973 [Train MAE: 126.85269792276955]
Test RMSE: 164.63457161236568 [Test MAE: 136.81361870890973]
FINISHED at Tue Jan 10 02:49:24 CET 2023
