STARTING AT Tue Jan 10 02:42:08 CET 2023
Random seed: 1000
5 11
Reading dataset
Shuffling and extracting from dataset (length: 105092)
Shuffling and extraction done
Calculating power spectrum
Expansion coefficients done
Computing training kernel
     Calculating kernels for center species 79
     Calculating kernels for center species 79
Beginning first index add...
Beginning second index add...
Training kernel done
Computing test kernel
     Calculating kernels for center species 79
     Calculating kernels for center species 79
Beginning first index add...
Beginning second index add...
Test kernel done
Calculating composition features
Composition features done
-8.0 123.21225001197844
-7.8 124.74236053951428
-7.6 126.92790098495513
-7.4 129.99534260942272
-7.2 134.00684809253323
-7.0 138.90487525079314
-6.8 144.71173857282102
-6.6 151.64206477259685
-6.4 159.9100431199939
-6.2 169.36073742834625
-6.0 179.32487127363623
-5.8 188.87844031617612
-5.6 197.26421659327605
-5.4 204.16918785193383
-5.199999999999999 209.77698298498092
-5.0 214.68186989493336
-4.8 219.75354230306368
-4.6 225.95258814881507
-4.4 234.06158591679537
-4.199999999999999 244.39479429811314
-4.0 256.688744393748
-3.8 270.34079622909337
-3.5999999999999996 284.8308650601385
-3.3999999999999995 299.9018058577419
-3.1999999999999993 315.3526863884474
-3.0 330.7459858266361
-2.8 345.3461501288657
-2.5999999999999996 358.34852194557135
-2.3999999999999995 369.2524468168739
-2.1999999999999993 378.15265650372345
-2.0 385.875022310791
-1.7999999999999998 394.11778060293653
-1.5999999999999996 405.73706499362805
-1.3999999999999995 424.9004017959841
-1.1999999999999993 456.19967662554444
-1.0 502.02283677444524
-0.7999999999999998 559.7564000787168
-0.5999999999999996 622.0698922847803
-0.39999999999999947 680.5977058989655
-0.1999999999999993 729.6285887692953
0.0 767.2415806560092
0.20000000000000107 794.3000508220198
0.40000000000000036 812.9096132148946
0.5999999999999996 825.322257859611
0.8000000000000007 833.4314287767058
1.0 838.6518980145682
1.200000000000001 841.9724284889074
1.4000000000000004 844.0571226813341
1.6000000000000014 845.3422335044731
1.8000000000000007 846.1124476969802
2.0 846.5552504606536
2.200000000000001 846.7961030418911
2.4000000000000004 846.9188289954984
2.6000000000000014 846.9771946011859
2.8000000000000007 847.0031258182511
3.0 847.0138946700204
3.200000000000001 847.0180419523541
3.4000000000000004 847.0194761738333
3.6000000000000014 847.0198735629642
3.8000000000000007 847.0199121931114
4.0 847.0198494612088
Result sigma optimization:  -8.0 123.21225001197844
E_max_2 =  300
Cutoff Radius =  6.0
Selected Radial Transform =  23.0
factor =  1.3
displacement =  0.0
dataset =  datasets/gold.xyz
n_train =  500
n_test =  2000
Train RMSE: 116.67149300186493 [Train MAE: 95.30463292312697]
Test RMSE: 127.29882992185433 [Test MAE: 102.55505805098656]
FINISHED at Tue Jan 10 02:44:09 CET 2023
