STARTING AT Tue Jan 10 03:36:06 CET 2023
Random seed: 1000
7 18
Reading dataset
Shuffling and extracting from dataset (length: 10000)
Shuffling and extraction done
Calculating power spectrum
Expansion coefficients done
Computing training kernel
     Calculating kernels for center species 1
     Calculating kernels for center species 1
Beginning first index add...
Beginning second index add...
     Calculating kernels for center species 6
     Calculating kernels for center species 6
Beginning first index add...
Beginning second index add...
Training kernel done
Computing test kernel
     Calculating kernels for center species 1
     Calculating kernels for center species 1
Beginning first index add...
Beginning second index add...
     Calculating kernels for center species 6
     Calculating kernels for center species 6
Beginning first index add...
Beginning second index add...
Test kernel done
Calculating composition features
Composition features done
-8.0 83.3577565886279
-7.8 73.18839335759418
-7.6 63.875507017795265
-7.4 55.501760328897255
-7.2 48.19053194042935
-7.0 41.985782154549966
-6.8 36.803690575184795
-6.6 32.48212912343383
-6.4 28.868237894361837
-6.2 25.85204394066887
-6.0 23.344251192576877
-5.8 21.26861199320676
-5.6 19.582726123079134
-5.4 18.279019382420962
-5.199999999999999 17.348908657969165
-5.0 16.747299445815923
-4.8 16.392894389631472
-4.6 16.198996173014468
-4.4 16.105259958354132
-4.199999999999999 16.08818735452941
-4.0 16.1502397828613
-3.8 16.30483445070315
-3.5999999999999996 16.571978728309308
-3.3999999999999995 16.981853039326335
-3.1999999999999993 17.572877874285645
-3.0 18.37660452844713
-2.8 19.395226188466463
-2.5999999999999996 20.586374155328116
-2.3999999999999995 21.867143336620156
-2.1999999999999993 23.137790683046443
-2.0 24.31348723729834
-1.7999999999999998 25.346372208731577
-1.5999999999999996 26.22962840744274
-1.3999999999999995 26.996327774346277
-1.1999999999999993 27.731512864909426
-1.0 28.601069411474175
-0.7999999999999998 29.88578598123943
-0.5999999999999996 31.985083279165753
-0.39999999999999947 35.313540975211694
-0.1999999999999993 40.05393389433643
0.0 45.934200101312086
0.20000000000000107 52.281103073539825
0.40000000000000036 58.33251358378109
0.5999999999999996 63.53911925106358
0.8000000000000007 67.66926296426226
1.0 70.74568888974903
1.200000000000001 72.92935480586738
1.4000000000000004 74.42400329940888
1.6000000000000014 75.42003771683316
1.8000000000000007 76.07105672521358
2.0 76.49047923274586
2.200000000000001 76.75743457216325
2.4000000000000004 76.92516208290553
2.6000000000000014 77.02874938621024
2.8000000000000007 77.09118199309768
3.0 77.12761517012824
3.200000000000001 77.14811120852478
3.4000000000000004 77.15926209100381
3.6000000000000014 77.16519797161317
3.8000000000000007 77.16834287773085
4.0 77.17002965995401
Result sigma optimization:  -4.199999999999999 16.08818735452941
E_max_2 =  600
Cutoff Radius =  6.0
Selected Radial Transform =  23.0
factor =  2.0
displacement =  0.0
dataset =  datasets/random-ch4-10k.extxyz
n_train =  500
n_test =  2000
Train RMSE: 8.593711394360382 [Train MAE: 6.780001388126894]
Test RMSE: 19.06232798843761 [Test MAE: 11.42055559714672]
FINISHED at Tue Jan 10 03:36:17 CET 2023
