STARTING AT Tue Jan 10 02:41:38 CET 2023
Random seed: 1000
7 18
Reading dataset
Shuffling and extracting from dataset (length: 105092)
Shuffling and extraction done
Calculating power spectrum
Expansion coefficients done
Computing training kernel
     Calculating kernels for center species 79
     Calculating kernels for center species 79
Beginning first index add...
Beginning second index add...
Training kernel done
Computing test kernel
     Calculating kernels for center species 79
     Calculating kernels for center species 79
Beginning first index add...
Beginning second index add...
Test kernel done
Calculating composition features
Composition features done
-8.0 125.157864779132
-7.8 123.44625786428952
-7.6 122.24300813084949
-7.4 121.33880928865518
-7.2 120.62393730438325
-7.0 120.09457954543522
-6.8 119.78540229408611
-6.6 119.68804227420135
-6.4 119.71499188054078
-6.2 119.72072783302454
-6.0 119.54999195077613
-5.8 119.08802536874597
-5.6 118.30332190585435
-5.4 117.2684946510358
-5.199999999999999 116.1366692346424
-5.0 115.0769385876993
-4.8 114.21290193204219
-4.6 113.60173644664015
-4.4 113.25371405543544
-4.199999999999999 113.1710818760777
-4.0 113.37541693030893
-3.8 113.90185751725174
-3.5999999999999996 114.77515489408069
-3.3999999999999995 115.99762214076465
-3.1999999999999993 117.5603094927221
-3.0 119.47861717984664
-2.8 121.84606050558372
-2.5999999999999996 124.88018214420254
-2.3999999999999995 128.94692516208502
-2.1999999999999993 134.59184984702568
-2.0 142.55334489589566
-1.7999999999999998 153.55930816994368
-1.5999999999999996 167.77072683197363
-1.3999999999999995 184.2773059717973
-1.1999999999999993 201.31152531879903
-1.0 217.1229000377386
-0.7999999999999998 230.74753116842157
-0.5999999999999996 242.20695599570325
-0.39999999999999947 252.30864812712812
-0.1999999999999993 262.35606863072684
0.0 273.79217887302565
0.20000000000000107 287.6434239067687
0.40000000000000036 303.978811861028
0.5999999999999996 321.98492831604307
0.8000000000000007 340.72675775453695
1.0 359.77915096064805
1.200000000000001 379.1967852413928
1.4000000000000004 399.3546025294043
1.6000000000000014 421.3612117751651
1.8000000000000007 447.71668634316904
2.0 481.97275722531975
2.200000000000001 526.5672508668565
2.4000000000000004 580.0780743205493
2.6000000000000014 636.8645420215726
2.8000000000000007 689.9544169638448
3.0 734.4034179010173
3.200000000000001 768.5246732786409
3.4000000000000004 793.1141249313097
3.6000000000000014 810.1055905812109
3.8000000000000007 821.5872532457262
4.0 829.3290260184049
Result sigma optimization:  -4.199999999999999 113.1710818760777
E_max_2 =  600
Cutoff Radius =  6.0
Selected Radial Transform =  23.0
factor =  0.9
displacement =  0.0
dataset =  datasets/gold.xyz
n_train =  500
n_test =  2000
Train RMSE: 95.94394490979037 [Train MAE: 76.11970002517403]
Test RMSE: 117.54728313078125 [Test MAE: 90.5695278720812]
FINISHED at Tue Jan 10 02:43:45 CET 2023
