STARTING AT Tue Jan 10 03:36:36 CET 2023
Random seed: 1000
8 20
Reading dataset
Shuffling and extracting from dataset (length: 10000)
Shuffling and extraction done
Calculating power spectrum
Expansion coefficients done
Computing training kernel
     Calculating kernels for center species 1
     Calculating kernels for center species 1
Beginning first index add...
Beginning second index add...
     Calculating kernels for center species 6
     Calculating kernels for center species 6
Beginning first index add...
Beginning second index add...
Training kernel done
Computing test kernel
     Calculating kernels for center species 1
     Calculating kernels for center species 1
Beginning first index add...
Beginning second index add...
     Calculating kernels for center species 6
     Calculating kernels for center species 6
Beginning first index add...
Beginning second index add...
Test kernel done
Calculating composition features
Composition features done
-8.0 108.60546193263518
-7.8 88.94115464429855
-7.6 72.64120459265988
-7.4 59.94802303972991
-7.2 50.6748270847679
-7.0 44.1429975410232
-6.8 39.388824186886055
-6.6 35.56502592253104
-6.4 32.2033466706741
-6.2 29.18049726100526
-6.0 26.52930418167454
-5.8 24.291867301882654
-5.6 22.479598292434225
-5.4 21.07460977812856
-5.199999999999999 20.020471303495693
-5.0 19.23220112703329
-4.8 18.64124023411138
-4.6 18.22429980804754
-4.4 17.979836149505555
-4.199999999999999 17.88722356593963
-4.0 17.900637769730892
-3.8 17.978340549089825
-3.5999999999999996 18.110284089333646
-3.3999999999999995 18.322418584506174
-3.1999999999999993 18.663709900220375
-3.0 19.186611462721896
-2.8 19.924470421201185
-2.5999999999999996 20.87052339993362
-2.3999999999999995 21.97041212508197
-2.1999999999999993 23.13781735936149
-2.0 24.287022015995138
-1.7999999999999998 25.36166355800346
-1.5999999999999996 26.342221454731586
-1.3999999999999995 27.235884000231554
-1.1999999999999993 28.071885540224063
-1.0 28.92058123349856
-0.7999999999999998 29.93143909157003
-0.5999999999999996 31.3684596756777
-0.39999999999999947 33.604568583123374
-0.1999999999999993 37.010649925041015
0.0 41.72272996453838
0.20000000000000107 47.45014020663734
0.40000000000000036 53.546379271432166
0.5999999999999996 59.30763912519695
0.8000000000000007 64.24239902116703
1.0 68.1522672877239
1.200000000000001 71.06678104045494
1.4000000000000004 73.13856530916614
1.6000000000000014 74.55877556012697
1.8000000000000007 75.5064629223742
2.0 76.12665034374722
2.200000000000001 76.52679083658079
2.4000000000000004 76.78202243182248
2.6000000000000014 76.94292728087453
2.8000000000000007 77.04275366173444
3.0 77.1031196858557
3.200000000000001 77.13814954106981
3.4000000000000004 77.15725473584686
3.6000000000000014 77.16681055459053
3.8000000000000007 77.17105906488311
4.0 77.17264082941851
Result sigma optimization:  -4.199999999999999 17.88722356593963
E_max_2 =  700
Cutoff Radius =  6.0
Selected Radial Transform =  23.0
factor =  2.3
displacement =  0.0
dataset =  datasets/random-ch4-10k.extxyz
n_train =  500
n_test =  2000
Train RMSE: 9.77867367089655 [Train MAE: 7.694262822488018]
Test RMSE: 19.582905351272966 [Test MAE: 12.281712059238485]
FINISHED at Tue Jan 10 03:37:42 CET 2023
