STARTING AT Tue Jan 10 02:41:38 CET 2023
Random seed: 1000
7 18
Reading dataset
Shuffling and extracting from dataset (length: 105092)
Shuffling and extraction done
Calculating power spectrum
Expansion coefficients done
Computing training kernel
     Calculating kernels for center species 79
     Calculating kernels for center species 79
Beginning first index add...
Beginning second index add...
Training kernel done
Computing test kernel
     Calculating kernels for center species 79
     Calculating kernels for center species 79
Beginning first index add...
Beginning second index add...
Test kernel done
Calculating composition features
Composition features done
-8.0 127.27182792623978
-7.8 125.74417785416203
-7.6 124.02429189761575
-7.4 122.20827767167332
-7.2 120.40056618196029
-7.0 118.7104842787352
-6.8 117.24226085460492
-6.6 116.06199593752105
-6.4 115.17250313899999
-6.2 114.52768160531461
-6.0 114.07519775324612
-5.8 113.79521175363547
-5.6 113.71099619977933
-5.4 113.8674115237591
-5.199999999999999 114.29732071974185
-5.0 115.00305282233651
-4.8 115.96520343793325
-4.6 117.17588661112838
-4.4 118.68168581233768
-4.199999999999999 120.6053994700946
-4.0 123.1162737649879
-3.8 126.3715647102093
-3.5999999999999996 130.523970743729
-3.3999999999999995 135.84672197872374
-3.1999999999999993 142.84451431158848
-3.0 152.11242816277598
-2.8 163.87976777523335
-2.5999999999999996 177.56079684007466
-2.3999999999999995 191.81325465853706
-2.1999999999999993 205.18404628881387
-2.0 216.82363925846505
-1.7999999999999998 226.7547217209392
-1.5999999999999996 235.65393980332254
-1.3999999999999995 244.4149736001641
-1.1999999999999993 253.79570371007108
-1.0 264.33952063715446
-0.7999999999999998 276.4604040765218
-0.5999999999999996 290.3540784897787
-0.39999999999999947 305.7216183691572
-0.1999999999999993 321.77556218738164
0.0 337.69129997073037
0.20000000000000107 352.9862962777706
0.40000000000000036 367.50252800687855
0.5999999999999996 381.3843512452728
0.8000000000000007 395.47428910942324
1.0 411.9561452343305
1.200000000000001 434.62145250942507
1.4000000000000004 467.89240104439773
1.6000000000000014 514.1440810172564
1.8000000000000007 570.9648085303004
2.0 631.4510794120592
2.200000000000001 687.7672482086116
2.4000000000000004 734.6575755036059
2.6000000000000014 770.4691679215679
2.8000000000000007 796.1470312214791
3.0 813.7615024049712
3.200000000000001 825.4845555233978
3.4000000000000004 833.130256216786
3.6000000000000014 838.0541496045008
3.8000000000000007 841.2081452525521
4.0 843.2335263644488
Result sigma optimization:  -5.6 113.71099619977933
E_max_2 =  600
Cutoff Radius =  6.0
Selected Radial Transform =  23.0
factor =  1.1
displacement =  0.0
dataset =  datasets/gold.xyz
n_train =  500
n_test =  2000
Train RMSE: 99.30812111773012 [Train MAE: 77.06892686870553]
Test RMSE: 117.54149188632188 [Test MAE: 89.7201424783022]
FINISHED at Tue Jan 10 02:43:19 CET 2023
