STARTING AT Tue Jan 10 02:42:08 CET 2023
Random seed: 1000
7 16
Reading dataset
Shuffling and extracting from dataset (length: 105092)
Shuffling and extraction done
Calculating power spectrum
Expansion coefficients done
Computing training kernel
     Calculating kernels for center species 79
     Calculating kernels for center species 79
Beginning first index add...
Beginning second index add...
Training kernel done
Computing test kernel
     Calculating kernels for center species 79
     Calculating kernels for center species 79
Beginning first index add...
Beginning second index add...
Test kernel done
Calculating composition features
Composition features done
-8.0 114.24703709006421
-7.8 114.33758440522836
-7.6 114.41859346206427
-7.4 114.49677241453426
-7.2 114.60056634190846
-7.0 114.77622820787333
-6.8 115.07734193376983
-6.6 115.5491588369233
-6.4 116.21505036592949
-6.2 117.07344535704105
-6.0 118.10973527366336
-5.8 119.32631270801457
-5.6 120.78701464000534
-5.4 122.6472156737648
-5.199999999999999 125.12814553572878
-5.0 128.4418259002721
-4.8 132.75802964164987
-4.6 138.28971114068415
-4.4 145.38905013484674
-4.199999999999999 154.41841453154555
-4.0 165.36025941709835
-3.8 177.51840072722308
-3.5999999999999996 189.70038411201816
-3.3999999999999995 200.78045915816278
-3.1999999999999993 210.1861466932585
-3.0 218.04254335805408
-2.8 225.0323717822601
-2.5999999999999996 232.11456385062556
-2.3999999999999995 240.18117989168965
-2.1999999999999993 249.75390095775577
-2.0 260.9173331664893
-1.7999999999999998 273.55405502666235
-1.5999999999999996 287.57269653790263
-1.3999999999999995 302.7957996708044
-1.1999999999999993 318.7074318517767
-1.0 334.512104958917
-0.7999999999999998 349.4495322162445
-0.5999999999999996 362.9909469373788
-0.39999999999999947 374.9244095217504
-0.1999999999999993 385.5706597777627
0.0 396.1540128445745
0.20000000000000107 409.2012566787852
0.40000000000000036 428.6975338384286
0.5999999999999996 459.2634319436241
0.8000000000000007 503.65571887827747
1.0 559.8844646852901
1.200000000000001 621.129499732175
1.4000000000000004 679.1686289450413
1.6000000000000014 728.1471331645382
1.8000000000000007 765.926202716001
2.0 793.2082977654088
2.200000000000001 812.0179977467736
2.4000000000000004 824.580817478413
2.6000000000000014 832.7903241128164
2.8000000000000007 838.0713851645004
3.0 841.4261160918509
3.200000000000001 843.5335388053937
3.4000000000000004 844.8451117634365
3.6000000000000014 845.657325622013
3.8000000000000007 846.1612123076455
4.0 846.4761779199642
Result sigma optimization:  -8.0 114.24703709006421
E_max_2 =  500
Cutoff Radius =  6.0
Selected Radial Transform =  23.0
factor =  1.2
displacement =  0.0
dataset =  datasets/gold.xyz
n_train =  500
n_test =  2000
Train RMSE: 95.03795994810568 [Train MAE: 72.93530997473238]
Test RMSE: 116.52753031533219 [Test MAE: 87.59511296066097]
FINISHED at Tue Jan 10 02:44:23 CET 2023
