STARTING AT Tue Jan 10 03:34:35 CET 2023
Random seed: 1000
5 11
Reading dataset
Shuffling and extracting from dataset (length: 10000)
Shuffling and extraction done
Calculating power spectrum
Expansion coefficients done
Computing training kernel
     Calculating kernels for center species 1
     Calculating kernels for center species 1
Beginning first index add...
Beginning second index add...
     Calculating kernels for center species 6
     Calculating kernels for center species 6
Beginning first index add...
Beginning second index add...
Training kernel done
Computing test kernel
     Calculating kernels for center species 1
     Calculating kernels for center species 1
Beginning first index add...
Beginning second index add...
     Calculating kernels for center species 6
     Calculating kernels for center species 6
Beginning first index add...
Beginning second index add...
Test kernel done
Calculating composition features
Composition features done
-8.0 31.09087261044742
-7.8 30.10229668559394
-7.6 29.11050133062357
-7.4 28.098994067711992
-7.2 27.068960601599933
-7.0 26.051239607090498
-6.8 25.094712518987986
-6.6 24.238876750613287
-6.4 23.491244975247604
-6.2 22.82547621788688
-6.0 22.197613932260516
-5.8 21.565914983535926
-5.6 20.904727415786073
-5.4 20.212215995831585
-5.199999999999999 19.51344418463879
-5.0 18.855485123256525
-4.8 18.29073344348499
-4.6 17.85356608427801
-4.4 17.544439480599422
-4.199999999999999 17.333471111032505
-4.0 17.183436254007848
-3.8 17.08033806564527
-3.5999999999999996 17.05373858174528
-3.3999999999999995 17.17047147291335
-3.1999999999999993 17.502352140309863
-3.0 18.093221039918756
-2.8 18.95313158853263
-2.5999999999999996 20.080851145021338
-2.3999999999999995 21.489000343011554
-2.1999999999999993 23.201534781821632
-2.0 25.21603363788078
-1.7999999999999998 27.466518975774576
-1.5999999999999996 29.841911878989073
-1.3999999999999995 32.26885540678179
-1.1999999999999993 34.797310987043424
-1.0 37.61388739250083
-0.7999999999999998 40.958762227461605
-0.5999999999999996 44.98343666228488
-0.39999999999999947 49.632907443883965
-0.1999999999999993 54.63353527907108
0.0 59.58406381314653
0.20000000000000107 64.08445685306235
0.40000000000000036 67.85140242954965
0.5999999999999996 70.77830059452712
0.8000000000000007 72.9160799884423
1.0 74.40430688902815
1.200000000000001 75.40386455069849
1.4000000000000004 76.05745608697161
1.6000000000000014 76.47607349352992
1.8000000000000007 76.73988736158006
2.0 76.90421041871127
2.200000000000001 77.00589191343246
2.4000000000000004 77.06871090180361
2.6000000000000014 77.10759894372292
2.8000000000000007 77.13176298557032
3.0 77.14683765569694
3.200000000000001 77.15627390481708
3.4000000000000004 77.16219593991886
3.6000000000000014 77.16591931275141
3.8000000000000007 77.16826322370375
4.0 77.16973995632526
Result sigma optimization:  -3.5999999999999996 17.05373858174528
E_max_2 =  300
Cutoff Radius =  6.0
Selected Radial Transform =  23.0
factor =  0.9
displacement =  0.0
dataset =  datasets/random-ch4-10k.extxyz
n_train =  500
n_test =  2000
Train RMSE: 9.878663843065238 [Train MAE: 7.7190736393969805]
Test RMSE: 21.077869113010458 [Test MAE: 11.418409427754696]
FINISHED at Tue Jan 10 03:34:43 CET 2023
