STARTING AT Tue Jan 10 03:34:35 CET 2023
Random seed: 1000
6 14
Reading dataset
Shuffling and extracting from dataset (length: 10000)
Shuffling and extraction done
Calculating power spectrum
Expansion coefficients done
Computing training kernel
     Calculating kernels for center species 1
     Calculating kernels for center species 1
Beginning first index add...
Beginning second index add...
     Calculating kernels for center species 6
     Calculating kernels for center species 6
Beginning first index add...
Beginning second index add...
Training kernel done
Computing test kernel
     Calculating kernels for center species 1
     Calculating kernels for center species 1
Beginning first index add...
Beginning second index add...
     Calculating kernels for center species 6
     Calculating kernels for center species 6
Beginning first index add...
Beginning second index add...
Test kernel done
Calculating composition features
Composition features done
-8.0 23.340340441556855
-7.8 23.31787111034867
-7.6 23.28666176739683
-7.4 23.244749194215952
-7.2 23.19026730433845
-7.0 23.121670279858332
-6.8 23.038057936975235
-6.6 22.93936716504982
-6.4 22.826523473432758
-6.2 22.702160553702303
-6.0 22.57184433166529
-5.8 22.44427569852632
-5.6 22.32871244974202
-5.4 22.230036880765766
-5.199999999999999 22.14445210057898
-5.0 22.058662890327923
-4.8 21.952993328330365
-4.6 21.806349925704687
-4.4 21.60036072283386
-4.199999999999999 21.321773929826097
-4.0 20.96346412139567
-3.8 20.524382917585715
-3.5999999999999996 20.009971065891012
-3.3999999999999995 19.43652739750894
-3.1999999999999993 18.840374544757033
-3.0 18.28424159942083
-2.8 17.85122915721877
-2.5999999999999996 17.628166723597804
-2.3999999999999995 17.689606955432517
-2.1999999999999993 18.088694062852024
-2.0 18.85418956083293
-1.7999999999999998 19.993451991348724
-1.5999999999999996 21.498889086615605
-1.3999999999999995 23.34853671622977
-1.1999999999999993 25.494854796839245
-1.0 27.855464822253158
-0.7999999999999998 30.33543311443506
-0.5999999999999996 32.892245480458215
-0.39999999999999947 35.60474903537904
-0.1999999999999993 38.67670487136322
0.0 42.33634973665251
0.20000000000000107 46.6776773560525
0.40000000000000036 51.55980677891108
0.5999999999999996 56.637745093670475
0.8000000000000007 61.484721045438576
1.0 65.73110628572408
1.200000000000001 69.16528443698084
1.4000000000000004 71.756979295996
1.6000000000000014 73.60723092886397
1.8000000000000007 74.87356407419475
2.0 75.71342849271221
2.200000000000001 76.25729651586244
2.4000000000000004 76.60292806044689
2.6000000000000014 76.81940360179851
2.8000000000000007 76.95366121642233
3.0 77.03655077359561
3.200000000000001 77.08773311210471
3.4000000000000004 77.1194347730349
3.6000000000000014 77.13915244916119
3.8000000000000007 77.15146525853702
4.0 77.15917884999469
Result sigma optimization:  -2.5999999999999996 17.628166723597804
E_max_2 =  400
Cutoff Radius =  6.0
Selected Radial Transform =  23.0
factor =  0.8
displacement =  0.0
dataset =  datasets/random-ch4-10k.extxyz
n_train =  500
n_test =  2000
Train RMSE: 10.017623729900045 [Train MAE: 7.854626088173917]
Test RMSE: 26.247117744856737 [Test MAE: 12.23739955286721]
FINISHED at Tue Jan 10 03:35:56 CET 2023
