STARTING AT Tue Jan 10 02:44:39 CET 2023
Random seed: 1000
5 11
Reading dataset
Shuffling and extracting from dataset (length: 105092)
Shuffling and extraction done
Calculating power spectrum
Expansion coefficients done
Computing training kernel
     Calculating kernels for center species 79
     Calculating kernels for center species 79
Beginning first index add...
Beginning second index add...
Training kernel done
Computing test kernel
     Calculating kernels for center species 79
     Calculating kernels for center species 79
Beginning first index add...
Beginning second index add...
Test kernel done
Calculating composition features
Composition features done
-8.0 148.53752244158872
-7.8 142.35958962478372
-7.6 136.53010835330818
-7.4 131.09100025199828
-7.2 126.049880469993
-7.0 121.45816730001424
-6.8 117.45469860883236
-6.6 114.22917654688224
-6.4 111.89461179434903
-6.2 110.34512278156491
-6.0 109.22902403040473
-5.8 108.07766348326281
-5.6 106.49165343082187
-5.4 104.27423199484933
-5.199999999999999 101.48870358015928
-5.0 98.4540236396147
-4.8 95.66798241675613
-4.6 93.65806403155624
-4.4 92.81930706822148
-4.199999999999999 93.32214155098285
-4.0 95.12118829045129
-3.8 98.0330518702415
-3.5999999999999996 101.84291840259321
-3.3999999999999995 106.41026999075582
-3.1999999999999993 111.72863669905153
-3.0 117.9040130538102
-2.8 125.07639342641441
-2.5999999999999996 133.3262653108983
-2.3999999999999995 142.58260771017632
-2.1999999999999993 152.58251581611205
-2.0 162.9388054678537
-1.7999999999999998 173.27121851726795
-1.5999999999999996 183.3244760974509
-1.3999999999999995 193.08847460281046
-1.1999999999999993 202.93477256332443
-1.0 213.63290507152684
-0.7999999999999998 226.07173401512418
-0.5999999999999996 240.8074151243617
-0.39999999999999947 257.93633803379356
-0.1999999999999993 277.5570145790263
0.0 300.31113699727655
0.20000000000000107 327.27872434065307
0.40000000000000036 359.0846390709752
0.5999999999999996 394.81735542081435
0.8000000000000007 431.88725661433745
1.0 467.3923649695261
1.200000000000001 499.980708157353
1.4000000000000004 530.6906978398749
1.6000000000000014 562.1913725889942
1.8000000000000007 596.7805010726003
2.0 634.353763978304
2.200000000000001 672.1135125084644
2.4000000000000004 706.3927839411681
2.6000000000000014 734.7733190445457
2.8000000000000007 756.8447068752123
3.0 773.710151875139
3.200000000000001 787.0911543791889
3.4000000000000004 798.5292031443561
3.6000000000000014 808.866339226669
3.8000000000000007 818.1744226112739
4.0 826.1266741289069
Result sigma optimization:  -4.4 92.81930706822148
E_max_2 =  300
Cutoff Radius =  6.0
Selected Radial Transform =  24.0
factor =  0.4
displacement =  0.0
dataset =  datasets/gold.xyz
n_train =  500
n_test =  2000
Train RMSE: 54.64248600224834 [Train MAE: 40.76359287697988]
Test RMSE: 99.14806255752083 [Test MAE: 64.59110629024646]
FINISHED at Tue Jan 10 02:46:22 CET 2023
