STARTING AT Tue Jan 10 02:46:10 CET 2023
Random seed: 1000
8 20
Reading dataset
Shuffling and extracting from dataset (length: 105092)
Shuffling and extraction done
Calculating power spectrum
Expansion coefficients done
Computing training kernel
     Calculating kernels for center species 79
     Calculating kernels for center species 79
Beginning first index add...
Beginning second index add...
Training kernel done
Computing test kernel
     Calculating kernels for center species 79
     Calculating kernels for center species 79
Beginning first index add...
Beginning second index add...
Test kernel done
Calculating composition features
Composition features done
-8.0 119.5083613131209
-7.8 120.19029025597834
-7.6 120.89046727642612
-7.4 121.56904620448778
-7.2 122.20272794257039
-7.0 122.79517827621508
-6.8 123.39420011827642
-6.6 124.1123324379624
-6.4 125.13922341952592
-6.2 126.73069069314606
-6.0 129.16443996348505
-5.8 132.6708055172996
-5.6 137.37791092467475
-5.4 143.29838614248982
-5.199999999999999 150.29877397358604
-5.0 158.0014470896809
-4.8 165.75599930204473
-4.6 172.8398141615445
-4.4 178.75892238190627
-4.199999999999999 183.39452193146718
-4.0 186.9597361287552
-3.8 189.90902341169573
-3.5999999999999996 192.90629992435908
-3.3999999999999995 196.85714710520327
-3.1999999999999993 202.93118654510351
-3.0 212.40882931862993
-2.8 226.17041404151516
-2.5999999999999996 243.9896094709828
-2.3999999999999995 264.3070151996495
-2.1999999999999993 284.90055215103166
-2.0 303.89599220340125
-1.7999999999999998 320.3029306950595
-1.5999999999999996 333.9432590402824
-1.3999999999999995 345.1239637128926
-1.1999999999999993 354.3076490657138
-1.0 361.8815321506211
-0.7999999999999998 368.12013628865157
-0.5999999999999996 373.34801155601735
-0.39999999999999947 378.1971110352281
-0.1999999999999993 383.9179220719799
0.0 392.79081006752045
0.20000000000000107 408.48231151799797
0.40000000000000036 435.61163606221965
0.5999999999999996 477.56684155340184
0.8000000000000007 533.3301995886198
1.0 596.5433931397162
1.200000000000001 658.461124691003
1.4000000000000004 712.1083390079928
1.6000000000000014 754.3258311698572
1.8000000000000007 785.260966645529
2.0 806.8117850798247
2.200000000000001 821.3147846818807
2.4000000000000004 830.8514496887325
2.6000000000000014 837.0261186681585
2.8000000000000007 840.980951311346
3.0 843.491519243922
3.200000000000001 845.0690694149345
3.4000000000000004 846.0441803180249
3.6000000000000014 846.6283124744895
3.8000000000000007 846.9570974001937
4.0 847.1200000360519
Result sigma optimization:  -8.0 119.5083613131209
E_max_2 =  700
Cutoff Radius =  6.0
Selected Radial Transform =  24.0
factor =  1.5
displacement =  0.0
dataset =  datasets/gold.xyz
n_train =  500
n_test =  2000
Train RMSE: 107.89177931613976 [Train MAE: 84.68056880726013]
Test RMSE: 122.44092320170164 [Test MAE: 94.57343605013803]
FINISHED at Tue Jan 10 02:46:47 CET 2023
