STARTING AT Tue Jan 10 03:40:38 CET 2023
Random seed: 1000
7 18
Reading dataset
Shuffling and extracting from dataset (length: 10000)
Shuffling and extraction done
Calculating power spectrum
Expansion coefficients done
Computing training kernel
     Calculating kernels for center species 1
     Calculating kernels for center species 1
Beginning first index add...
Beginning second index add...
     Calculating kernels for center species 6
     Calculating kernels for center species 6
Beginning first index add...
Beginning second index add...
Training kernel done
Computing test kernel
     Calculating kernels for center species 1
     Calculating kernels for center species 1
Beginning first index add...
Beginning second index add...
     Calculating kernels for center species 6
     Calculating kernels for center species 6
Beginning first index add...
Beginning second index add...
Test kernel done
Calculating composition features
Composition features done
-8.0 59.99490659986449
-7.8 56.680456485486445
-7.6 54.247039023383785
-7.4 51.84762760361127
-7.2 49.24442114885596
-7.0 46.451648511612774
-6.8 43.5511517468177
-6.6 40.6359778957179
-6.4 37.7839539600822
-6.2 35.03618265544819
-6.0 32.41010087645786
-5.8 29.937740494336868
-5.6 27.685854197573093
-5.4 25.74219020068305
-5.199999999999999 24.18651247714379
-5.0 23.069779102349337
-4.8 22.407774792118836
-4.6 22.178586451850645
-4.4 22.32246010455609
-4.199999999999999 22.755930624546075
-4.0 23.396905870959035
-3.8 24.182371054369405
-3.5999999999999996 25.06983585313787
-3.3999999999999995 26.02733700518481
-3.1999999999999993 27.021323745666475
-3.0 28.011775166357978
-2.8 28.96004992003263
-2.5999999999999996 29.844634136081684
-2.3999999999999995 30.671455463947023
-2.1999999999999993 31.47069064235437
-2.0 32.28525130685785
-1.7999999999999998 33.16206753528471
-1.5999999999999996 34.15353587335006
-1.3999999999999995 35.33165344527075
-1.1999999999999993 36.81672205655802
-1.0 38.80847010723944
-0.7999999999999998 41.5663833078065
-0.5999999999999996 45.280926419226724
-0.39999999999999947 49.887871197815585
-0.1999999999999993 55.00188507643792
0.0 60.06424958597385
0.20000000000000107 64.58231178546903
0.40000000000000036 68.27880249169598
0.5999999999999996 71.09866223148428
0.8000000000000007 73.13512650719595
1.0 74.54593010098304
1.200000000000001 75.4939374758829
1.4000000000000004 76.11727584986701
1.6000000000000014 76.52087213949757
1.8000000000000007 76.77916718536669
2.0 76.94270068144147
2.200000000000001 77.04481915973729
2.4000000000000004 77.10715525629418
2.6000000000000014 77.14369348871024
2.8000000000000007 77.1636229510537
3.0 77.17319383942743
3.200000000000001 77.17675945536625
3.4000000000000004 77.17726384708033
3.6000000000000014 77.1765137048958
3.8000000000000007 77.17546077034407
4.0 77.17451042985691
Result sigma optimization:  -4.6 22.178586451850645
E_max_2 =  600
Cutoff Radius =  6.0
Selected Radial Transform =  24.0
factor =  3.0
displacement =  0.0
dataset =  datasets/random-ch4-10k.extxyz
n_train =  500
n_test =  2000
Train RMSE: 17.452745148146587 [Train MAE: 13.889180822788871]
Test RMSE: 24.00806466017029 [Test MAE: 17.760570449489084]
FINISHED at Tue Jan 10 03:41:13 CET 2023
