STARTING AT Tue Jan 10 02:44:39 CET 2023
Random seed: 1000
6 14
Reading dataset
Shuffling and extracting from dataset (length: 105092)
Shuffling and extraction done
Calculating power spectrum
Expansion coefficients done
Computing training kernel
     Calculating kernels for center species 79
     Calculating kernels for center species 79
Beginning first index add...
Beginning second index add...
Training kernel done
Computing test kernel
     Calculating kernels for center species 79
     Calculating kernels for center species 79
Beginning first index add...
Beginning second index add...
Test kernel done
Calculating composition features
Composition features done
-8.0 138.88640529984642
-7.8 139.52578321284756
-7.6 140.1250109086785
-7.4 140.4201689507868
-7.2 140.23239539111722
-7.0 139.50386430537083
-6.8 138.26933096100964
-6.6 136.59722934758173
-6.4 134.54414109945202
-6.2 132.14171578604677
-6.0 129.40272987189525
-5.8 126.32536731092223
-5.6 122.89729275926508
-5.4 119.12001991077524
-5.199999999999999 115.05546557688062
-5.0 110.8586254718627
-4.8 106.758151449863
-4.6 102.99392636638467
-4.4 99.76183324864608
-4.199999999999999 97.19903310496173
-4.0 95.39755196366258
-3.8 94.41740639536754
-3.5999999999999996 94.286201267845
-3.3999999999999995 94.99475761836686
-3.1999999999999993 96.51475135152968
-3.0 98.85677760048343
-2.8 102.14096397312154
-2.5999999999999996 106.60252597185955
-2.3999999999999995 112.47045904263565
-2.1999999999999993 119.77334305296196
-2.0 128.2441538812316
-1.7999999999999998 137.42879988633103
-1.5999999999999996 146.89462728157883
-1.3999999999999995 156.3641340282164
-1.1999999999999993 165.7153261134532
-1.0 174.9196166910244
-0.7999999999999998 184.04945937159044
-0.5999999999999996 193.4138493137671
-0.39999999999999947 203.68242688316028
-0.1999999999999993 215.78444602492254
0.0 230.5625599269683
0.20000000000000107 248.49431007555125
0.40000000000000036 269.86170425395323
0.5999999999999996 295.16971336523966
0.8000000000000007 325.02697808573777
1.0 359.2127432493192
1.200000000000001 395.92847182362
1.4000000000000004 432.47478985740634
1.6000000000000014 467.0654990856565
1.8000000000000007 500.1849146347655
2.0 534.3288204733997
2.200000000000001 572.1024534104371
2.4000000000000004 613.8152548430304
2.6000000000000014 656.6499599350853
2.8000000000000007 696.3547749096173
3.0 729.741180934034
3.200000000000001 755.8524439935381
3.4000000000000004 775.5777175588651
3.6000000000000014 790.6569497605255
3.8000000000000007 802.7774565797907
4.0 813.0160804135164
Result sigma optimization:  -3.5999999999999996 94.286201267845
E_max_2 =  400
Cutoff Radius =  6.0
Selected Radial Transform =  24.0
factor =  0.4
displacement =  0.0
dataset =  datasets/gold.xyz
n_train =  500
n_test =  2000
Train RMSE: 53.1730558122067 [Train MAE: 39.44041420621636]
Test RMSE: 96.59508417658395 [Test MAE: 62.19039338494271]
FINISHED at Tue Jan 10 02:46:26 CET 2023
