STARTING AT Tue Jan 10 03:38:06 CET 2023
Random seed: 1000
6 14
Reading dataset
Shuffling and extracting from dataset (length: 10000)
Shuffling and extraction done
Calculating power spectrum
Expansion coefficients done
Computing training kernel
     Calculating kernels for center species 1
     Calculating kernels for center species 1
Beginning first index add...
Beginning second index add...
     Calculating kernels for center species 6
     Calculating kernels for center species 6
Beginning first index add...
Beginning second index add...
Training kernel done
Computing test kernel
     Calculating kernels for center species 1
     Calculating kernels for center species 1
Beginning first index add...
Beginning second index add...
     Calculating kernels for center species 6
     Calculating kernels for center species 6
Beginning first index add...
Beginning second index add...
Test kernel done
Calculating composition features
Composition features done
-8.0 25.250127085893194
-7.8 25.16028297027561
-7.6 25.039730802963145
-7.4 24.885199200733542
-7.2 24.696417155969183
-7.0 24.477542173932495
-6.8 24.238580699423487
-6.6 23.995430242393592
-6.4 23.767341542398146
-6.2 23.572241343634513
-6.0 23.42165941452463
-5.8 23.317321660665126
-5.6 23.25069681731619
-5.4 23.205192808984
-5.199999999999999 23.159900109237014
-5.0 23.093968551069178
-4.8 22.990269720678214
-4.6 22.83698983103836
-4.4 22.627526095409095
-4.199999999999999 22.359550225479484
-4.0 22.033243577007326
-3.8 21.650084953754828
-3.5999999999999996 21.214977836367872
-3.3999999999999995 20.74244026033208
-3.1999999999999993 20.26386251443451
-3.0 19.830461441118985
-2.8 19.50913265573111
-2.5999999999999996 19.373961349633497
-2.3999999999999995 19.495898770944443
-2.1999999999999993 19.92966853152011
-2.0 20.702372785446645
-1.7999999999999998 21.815471270559673
-1.5999999999999996 23.26057142756418
-1.3999999999999995 25.029421321003532
-1.1999999999999993 27.100494303262145
-1.0 29.414630415468366
-0.7999999999999998 31.880175938877727
-0.5999999999999996 34.430652036183545
-0.39999999999999947 37.097829480718104
-0.1999999999999993 40.02730472926229
0.0 43.400183009007414
0.20000000000000107 47.307280206119934
0.40000000000000036 51.67321096501618
0.5999999999999996 56.27359977712912
0.8000000000000007 60.79866146895628
1.0 64.92650822182132
1.200000000000001 68.40905412207645
1.4000000000000004 71.13812386408055
1.6000000000000014 73.14591555070176
1.8000000000000007 74.55114546048439
2.0 75.4981465632821
2.200000000000001 76.11830390028665
2.4000000000000004 76.51543098948048
2.6000000000000014 76.76530380971442
2.8000000000000007 76.92055283428631
3.0 77.01634582288683
3.200000000000001 77.07536799886209
3.4000000000000004 77.11182418810331
3.6000000000000014 77.13443881874798
3.8000000000000007 77.14852987865167
4.0 77.15734315171912
Result sigma optimization:  -2.5999999999999996 19.373961349633497
E_max_2 =  400
Cutoff Radius =  6.0
Selected Radial Transform =  24.0
factor =  0.8
displacement =  0.0
dataset =  datasets/random-ch4-10k.extxyz
n_train =  500
n_test =  2000
Train RMSE: 10.80994264351393 [Train MAE: 8.20683389631692]
Test RMSE: 27.78761737071024 [Test MAE: 13.148341247436674]
FINISHED at Tue Jan 10 03:38:27 CET 2023
