STARTING AT Tue Jan 10 03:38:06 CET 2023
Random seed: 1000
7 18
Reading dataset
Shuffling and extracting from dataset (length: 10000)
Shuffling and extraction done
Calculating power spectrum
Expansion coefficients done
Computing training kernel
     Calculating kernels for center species 1
     Calculating kernels for center species 1
Beginning first index add...
Beginning second index add...
     Calculating kernels for center species 6
     Calculating kernels for center species 6
Beginning first index add...
Beginning second index add...
Training kernel done
Computing test kernel
     Calculating kernels for center species 1
     Calculating kernels for center species 1
Beginning first index add...
Beginning second index add...
     Calculating kernels for center species 6
     Calculating kernels for center species 6
Beginning first index add...
Beginning second index add...
Test kernel done
Calculating composition features
Composition features done
-8.0 31.530895045818223
-7.8 31.530834165129566
-7.6 31.530737844270057
-7.4 31.530585607719367
-7.2 31.530345386015547
-7.0 31.52996729593799
-6.8 31.529374617122453
-6.6 31.528451479592377
-6.4 31.527028062823828
-6.2 31.524867809465484
-6.0 31.521669949782044
-5.8 31.517117253207466
-5.6 31.511020957005385
-5.4 31.503619406296288
-5.199999999999999 31.49601388419834
-5.0 31.49051014907107
-4.8 31.490365280702033
-4.6 31.498507442808513
-4.4 31.515546265241777
-4.199999999999999 31.53817921844469
-4.0 31.55839306552367
-3.8 31.561979919078354
-3.5999999999999996 31.525203424157144
-3.3999999999999995 31.411917461276506
-3.1999999999999993 31.175802614754826
-3.0 30.77131410946512
-2.8 30.173106192787237
-2.5999999999999996 29.396097088313493
-2.3999999999999995 28.501701765612893
-2.1999999999999993 27.58232928648007
-2.0 26.73478928277355
-1.7999999999999998 26.04151467849353
-1.5999999999999996 25.565833539889624
-1.3999999999999995 25.353312354426755
-1.1999999999999993 25.43298613695918
-1.0 25.821828835734937
-0.7999999999999998 26.536106473323276
-0.5999999999999996 27.603360532603666
-0.39999999999999947 29.063227145321292
-0.1999999999999993 30.95039482190206
0.0 33.26154846099976
0.20000000000000107 35.92381331808625
0.40000000000000036 38.80089389426461
0.5999999999999996 41.752426597630176
0.8000000000000007 44.7042076290279
1.0 47.671991560965516
1.200000000000001 50.72808067651387
1.4000000000000004 53.94160517445015
1.6000000000000014 57.325578285633085
1.8000000000000007 60.80708482790554
2.0 64.22854362574249
2.200000000000001 67.38582331042771
2.4000000000000004 70.09547989133283
2.6000000000000014 72.25729106903123
2.8000000000000007 73.87274712071849
3.0 75.01674495456442
3.200000000000001 75.79356968483407
3.4000000000000004 76.30421736302573
3.6000000000000014 76.63148667665016
3.8000000000000007 76.83722297403989
4.0 76.96490610272768
Result sigma optimization:  -1.3999999999999995 25.353312354426755
E_max_2 =  600
Cutoff Radius =  6.0
Selected Radial Transform =  24.0
factor =  0.6
displacement =  0.0
dataset =  datasets/random-ch4-10k.extxyz
n_train =  500
n_test =  2000
Train RMSE: 11.811632851374894 [Train MAE: 8.32868945984929]
Test RMSE: 28.360159181477794 [Test MAE: 14.256966639441634]
FINISHED at Tue Jan 10 03:38:19 CET 2023
