STARTING AT Tue Jan 10 01:52:10 CET 2023
Random seed: 1000
6 14
Reading dataset
Shuffling and extracting from dataset (length: 133885)
Shuffling and extraction done
Calculating power spectrum
Expansion coefficients done
Computing training kernel
     Calculating kernels for center species 1
     Calculating kernels for center species 1
Beginning first index add...
Beginning second index add...
     Calculating kernels for center species 6
     Calculating kernels for center species 6
Beginning first index add...
Beginning second index add...
     Calculating kernels for center species 7
     Calculating kernels for center species 7
Beginning first index add...
Beginning second index add...
     Calculating kernels for center species 8
     Calculating kernels for center species 8
Beginning first index add...
Beginning second index add...
     Calculating kernels for center species 9
     Calculating kernels for center species 9
Beginning first index add...
Beginning second index add...
Training kernel done
Computing test kernel
     Calculating kernels for center species 1
     Calculating kernels for center species 1
Beginning first index add...
Beginning second index add...
     Calculating kernels for center species 6
     Calculating kernels for center species 6
Beginning first index add...
Beginning second index add...
     Calculating kernels for center species 7
     Calculating kernels for center species 7
Beginning first index add...
Beginning second index add...
     Calculating kernels for center species 8
     Calculating kernels for center species 8
Beginning first index add...
Beginning second index add...
     Calculating kernels for center species 9
     Calculating kernels for center species 9
Beginning first index add...
Beginning second index add...
Test kernel done
Calculating composition features
Composition features done
-8.0 3.3061940729353227
-7.8 3.2876333638859796
-7.6 3.2626204899052973
-7.4 3.2290514345843695
-7.2 3.187492428471276
-7.0 3.144414276672469
-6.8 3.102281810572313
-6.6 3.060786649723246
-6.4 3.0200951530732563
-6.2 2.9793064263448468
-6.0 2.9392360592998448
-5.8 2.902395702410082
-5.6 2.8801963543078744
-5.4 2.868005460969929
-5.199999999999999 2.880470053200552
-5.0 2.9225576121006744
-4.8 2.99205609188322
-4.6 3.10945743204921
-4.4 3.259067051509075
-4.199999999999999 3.450572436468865
-4.0 3.705747810299086
-3.8 4.040449599878047
-3.5999999999999996 4.456921474789924
-3.3999999999999995 4.979009672540389
-3.1999999999999993 5.571254302659494
-3.0 6.214856023817622
-2.8 6.91536950937612
-2.5999999999999996 7.669911107940112
-2.3999999999999995 8.489362166211603
-2.1999999999999993 9.414719747149276
-2.0 10.416951436377905
-1.7999999999999998 11.456900586641831
-1.5999999999999996 12.564592272635474
-1.3999999999999995 13.678393709188063
-1.1999999999999993 14.765477108319239
-1.0 15.76462524138584
-0.7999999999999998 16.70043500067166
-0.5999999999999996 17.571722888556558
-0.39999999999999947 18.366445454188092
-0.1999999999999993 19.110889592947363
0.0 19.748581328383043
0.20000000000000107 20.24765888164421
0.40000000000000036 20.620227301261767
0.5999999999999996 20.879749085382514
0.8000000000000007 21.058695056048254
1.0 21.176405303068165
1.200000000000001 21.25212665120387
1.4000000000000004 21.301366206714007
1.6000000000000014 21.33179606619753
1.8000000000000007 21.350055183886088
2.0 21.36032464188696
2.200000000000001 21.365151368879182
2.4000000000000004 21.36619813675421
2.6000000000000014 21.364661390526745
2.8000000000000007 21.361634019114476
3.0 21.357904559718346
3.200000000000001 21.354694076668963
3.4000000000000004 21.35178028354193
3.6000000000000014 21.34941785542727
3.8000000000000007 21.347651217819145
4.0 21.346403286400992
Result sigma optimization:  -5.4 2.868005460969929
E_max_2 =  400
Cutoff Radius =  6.0
Selected Radial Transform =  24.0
factor =  1.8
displacement =  0.0
dataset =  datasets/qm9.xyz
n_train =  500
n_test =  2000
Train RMSE: 1.3487967130731007 [Train MAE: 1.0255723342316443]
Test RMSE: 4.224146478771697 [Test MAE: 2.771983049254608]
FINISHED at Tue Jan 10 01:55:55 CET 2023
