STARTING AT Tue Jan 10 03:39:37 CET 2023
Random seed: 1000
6 14
Reading dataset
Shuffling and extracting from dataset (length: 10000)
Shuffling and extraction done
Calculating power spectrum
Expansion coefficients done
Computing training kernel
     Calculating kernels for center species 1
     Calculating kernels for center species 1
Beginning first index add...
Beginning second index add...
     Calculating kernels for center species 6
     Calculating kernels for center species 6
Beginning first index add...
Beginning second index add...
Training kernel done
Computing test kernel
     Calculating kernels for center species 1
     Calculating kernels for center species 1
Beginning first index add...
Beginning second index add...
     Calculating kernels for center species 6
     Calculating kernels for center species 6
Beginning first index add...
Beginning second index add...
Test kernel done
Calculating composition features
Composition features done
-8.0 31.56192870505224
-7.8 28.15490302811311
-7.6 25.444268507877155
-7.4 23.29358984024257
-7.2 21.59168644641514
-7.0 20.275375287403968
-6.8 19.303232030590955
-6.6 18.608583635959665
-6.4 18.095401461053036
-6.2 17.67948964073184
-6.0 17.326260137717085
-5.8 17.054588143875876
-5.6 16.905999182752012
-5.4 16.895289725101797
-5.199999999999999 16.976991767737346
-5.0 17.060193706280014
-4.8 17.06502622992297
-4.6 16.97645413706691
-4.4 16.857708514447143
-4.199999999999999 16.824402085778523
-4.0 17.0036598036356
-3.8 17.495828739895714
-3.5999999999999996 18.345437969574988
-3.3999999999999995 19.52654221835331
-3.1999999999999993 20.94695285650295
-3.0 22.47241063050001
-2.8 23.964109786286105
-2.5999999999999996 25.314381211850016
-2.3999999999999995 26.4675797452433
-2.1999999999999993 27.424582532086088
-2.0 28.238608055607244
-1.7999999999999998 29.01518030290151
-1.5999999999999996 29.9278372350174
-1.3999999999999995 31.24423563500392
-1.1999999999999993 33.32244807002635
-1.0 36.51694139185883
-0.7999999999999998 40.98950726261013
-0.5999999999999996 46.54083286249094
-0.39999999999999947 52.6165943538179
-0.1999999999999993 58.51632687451302
0.0 63.6665070082538
0.20000000000000107 67.77994134449658
0.40000000000000036 70.84344347773965
0.5999999999999996 73.00866868762752
0.8000000000000007 74.48228328487757
1.0 75.45872358674963
1.200000000000001 76.09343212584618
1.4000000000000004 76.49996511183245
1.6000000000000014 76.75700796322518
1.8000000000000007 76.91748908144854
2.0 77.01647448786457
2.200000000000001 77.07694770688045
2.4000000000000004 77.11372337662488
2.6000000000000014 77.13611183320346
2.8000000000000007 77.14981252303133
3.0 77.15825423600755
3.200000000000001 77.1634897722333
3.4000000000000004 77.16675417430652
3.6000000000000014 77.16879758020303
3.8000000000000007 77.1700801942705
4.0 77.17088675440468
Result sigma optimization:  -4.199999999999999 16.824402085778523
E_max_2 =  400
Cutoff Radius =  6.0
Selected Radial Transform =  24.0
factor =  2.0
displacement =  0.0
dataset =  datasets/random-ch4-10k.extxyz
n_train =  500
n_test =  2000
Train RMSE: 12.054717173134742 [Train MAE: 9.620711939189588]
Test RMSE: 18.364991992425924 [Test MAE: 12.371529623538972]
FINISHED at Tue Jan 10 03:40:39 CET 2023
