STARTING AT Tue Jan 10 03:39:07 CET 2023
Random seed: 1000
7 18
Reading dataset
Shuffling and extracting from dataset (length: 10000)
Shuffling and extraction done
Calculating power spectrum
Expansion coefficients done
Computing training kernel
     Calculating kernels for center species 1
     Calculating kernels for center species 1
Beginning first index add...
Beginning second index add...
     Calculating kernels for center species 6
     Calculating kernels for center species 6
Beginning first index add...
Beginning second index add...
Training kernel done
Computing test kernel
     Calculating kernels for center species 1
     Calculating kernels for center species 1
Beginning first index add...
Beginning second index add...
     Calculating kernels for center species 6
     Calculating kernels for center species 6
Beginning first index add...
Beginning second index add...
Test kernel done
Calculating composition features
Composition features done
-8.0 56.44278168827972
-7.8 50.25695896262483
-7.6 44.48441642728409
-7.4 39.300974801229856
-7.2 34.829463876604834
-7.0 31.090713598116803
-6.8 28.008936842215203
-6.6 25.467261100721412
-6.4 23.370601491603097
-6.2 21.671343185540362
-6.0 20.349707260535936
-5.8 19.378897639239266
-5.6 18.707849897695805
-5.4 18.26691615908947
-5.199999999999999 17.9826517672512
-5.0 17.790123743432268
-4.8 17.638760990520478
-4.6 17.493177363749368
-4.4 17.332869515408504
-4.199999999999999 17.152673872204705
-4.0 16.963323896703756
-3.8 16.792212807700675
-3.5999999999999996 16.68395219570759
-3.3999999999999995 16.696649452189455
-3.1999999999999993 16.89095804895397
-3.0 17.315097222900043
-2.8 17.990648512317033
-2.5999999999999996 18.9022314462553
-2.3999999999999995 19.99601917082509
-2.1999999999999993 21.19126474124969
-2.0 22.400186725609927
-1.7999999999999998 23.545757395001537
-1.5999999999999996 24.57206580635619
-1.3999999999999995 25.450842689638282
-1.1999999999999993 26.18978348845618
-1.0 26.842547907055913
-0.7999999999999998 27.516444591963374
-0.5999999999999996 28.3741360356502
-0.39999999999999947 29.62318416187037
-0.1999999999999993 31.48845227090528
0.0 34.172950860093856
0.20000000000000107 37.81017130289906
0.40000000000000036 42.40070021770363
0.5999999999999996 47.74963717070789
0.8000000000000007 53.45541580505788
1.0 58.99538868608428
1.200000000000001 63.892808261225404
1.4000000000000004 67.86607548182324
1.6000000000000014 70.86570171918085
1.8000000000000007 73.00701270662144
2.0 74.47399022933243
2.200000000000001 75.44993600429386
2.4000000000000004 76.08567627509832
2.6000000000000014 76.49320145231707
2.8000000000000007 76.7509186362267
3.0 76.9119436222637
3.200000000000001 77.011574299229
3.4000000000000004 77.07286688225446
3.6000000000000014 77.11054575248095
3.8000000000000007 77.13378237829659
4.0 77.14818401590283
Result sigma optimization:  -3.5999999999999996 16.68395219570759
E_max_2 =  600
Cutoff Radius =  6.0
Selected Radial Transform =  24.0
factor =  1.5
displacement =  0.0
dataset =  datasets/random-ch4-10k.extxyz
n_train =  500
n_test =  2000
Train RMSE: 7.034555058315333 [Train MAE: 5.570211117828894]
Test RMSE: 19.9424623271597 [Test MAE: 10.826058668924773]
FINISHED at Tue Jan 10 03:39:43 CET 2023
