STARTING AT Tue Jan 10 02:44:39 CET 2023
Random seed: 1000
7 18
Reading dataset
Shuffling and extracting from dataset (length: 105092)
Shuffling and extraction done
Calculating power spectrum
Expansion coefficients done
Computing training kernel
     Calculating kernels for center species 79
     Calculating kernels for center species 79
Beginning first index add...
Beginning second index add...
Training kernel done
Computing test kernel
     Calculating kernels for center species 79
     Calculating kernels for center species 79
Beginning first index add...
Beginning second index add...
Test kernel done
Calculating composition features
Composition features done
-8.0 145.86454987555598
-7.8 145.857089607715
-7.6 145.87312536727734
-7.4 145.911195520169
-7.2 145.9557308081888
-7.0 145.97034935172474
-6.8 145.89338411024968
-6.6 145.63600191827638
-6.4 145.08340099136734
-6.2 144.10562669745298
-6.0 142.5876233643254
-5.8 140.4736701631049
-5.6 137.79656415829504
-5.4 134.66432700195654
-5.199999999999999 131.21759196102977
-5.0 127.59699357152682
-4.8 123.93551543134171
-4.6 120.35329397135712
-4.4 116.93221256922605
-4.199999999999999 113.68258199700453
-4.0 110.53803755411245
-3.8 107.39916588199846
-3.5999999999999996 104.21260082748387
-3.3999999999999995 101.04745016766336
-3.1999999999999993 98.12202594194872
-3.0 95.74897834841246
-2.8 94.21412957971438
-2.5999999999999996 93.65853660748765
-2.3999999999999995 94.04981372986113
-2.1999999999999993 95.28026987949701
-2.0 97.32585677196809
-1.7999999999999998 100.32227960220995
-1.5999999999999996 104.47371437831056
-1.3999999999999995 109.88345207093846
-1.1999999999999993 116.47502470241226
-1.0 124.04259825197053
-0.7999999999999998 132.329548392429
-0.5999999999999996 141.0664143721825
-0.39999999999999947 150.00226832592404
-0.1999999999999993 158.98473819856162
0.0 168.08525395574344
0.20000000000000107 177.70956216141775
0.40000000000000036 188.5916040595003
0.5999999999999996 201.56184240480437
0.8000000000000007 217.13710936236788
1.0 235.24618487950045
1.200000000000001 255.3951037296172
1.4000000000000004 277.19599020577255
1.6000000000000014 300.8662972814659
1.8000000000000007 327.2768911805515
2.0 357.3614966948541
2.200000000000001 391.2969941723711
2.4000000000000004 428.4527609339065
2.6000000000000014 468.43563181306547
2.8000000000000007 511.86882584086413
3.0 559.4065533605788
3.200000000000001 609.7325823050023
3.4000000000000004 659.0591104784264
3.6000000000000014 702.992794252443
3.8000000000000007 738.7754481907608
4.0 766.0041995798572
Result sigma optimization:  -2.5999999999999996 93.65853660748765
E_max_2 =  600
Cutoff Radius =  6.0
Selected Radial Transform =  24.0
factor =  0.4
displacement =  0.0
dataset =  datasets/gold.xyz
n_train =  500
n_test =  2000
Train RMSE: 51.732778648690285 [Train MAE: 37.68430675923011]
Test RMSE: 91.64239360303155 [Test MAE: 61.339668407681]
FINISHED at Tue Jan 10 02:47:35 CET 2023
