STARTING AT Tue Jan 10 03:38:06 CET 2023
Random seed: 1000
5 11
Reading dataset
Shuffling and extracting from dataset (length: 10000)
Shuffling and extraction done
Calculating power spectrum
Expansion coefficients done
Computing training kernel
     Calculating kernels for center species 1
     Calculating kernels for center species 1
Beginning first index add...
Beginning second index add...
     Calculating kernels for center species 6
     Calculating kernels for center species 6
Beginning first index add...
Beginning second index add...
Training kernel done
Computing test kernel
     Calculating kernels for center species 1
     Calculating kernels for center species 1
Beginning first index add...
Beginning second index add...
     Calculating kernels for center species 6
     Calculating kernels for center species 6
Beginning first index add...
Beginning second index add...
Test kernel done
Calculating composition features
Composition features done
-8.0 30.286324258478192
-7.8 30.078816929718094
-7.6 29.803295815685846
-7.4 29.45713834571717
-7.2 29.048648486899147
-7.0 28.59764087690257
-6.8 28.13109331951862
-6.6 27.675102880740024
-6.4 27.247348769527168
-6.2 26.853971520636854
-6.0 26.490811696176294
-5.8 26.14677986439938
-5.6 25.80842754711391
-5.4 25.46523274478315
-5.199999999999999 25.11485564042709
-5.0 24.767356249224125
-4.8 24.445006266846995
-4.6 24.174306546595183
-4.4 23.974131026286795
-4.199999999999999 23.849161467311273
-4.0 23.79163959452151
-3.8 23.787876596732
-3.5999999999999996 23.827352745749973
-3.3999999999999995 23.912715962033218
-3.1999999999999993 24.06725771663012
-3.0 24.338232806825403
-2.8 24.793709687399343
-2.5999999999999996 25.507769157092152
-2.3999999999999995 26.538343227666765
-2.1999999999999993 27.915316012092273
-2.0 29.648789416347633
-1.7999999999999998 31.746879281632847
-1.5999999999999996 34.22185539206834
-1.3999999999999995 37.06835253538162
-1.1999999999999993 40.222798580703305
-1.0 43.54749520268847
-0.7999999999999998 46.87877687868782
-0.5999999999999996 50.116623877011186
-0.39999999999999947 53.27575096822666
-0.1999999999999993 56.44152496387081
0.0 59.667048325995204
0.20000000000000107 62.9045884037095
0.40000000000000036 66.01431784978168
0.5999999999999996 68.82147442562442
0.8000000000000007 71.18354425800531
1.0 73.03754978268786
1.200000000000001 74.40556007831529
1.4000000000000004 75.36517309844956
1.6000000000000014 76.012353681904
1.8000000000000007 76.4361187709909
2.0 76.70784125829853
2.200000000000001 76.87984679260168
2.4000000000000004 76.98810818343955
2.6000000000000014 77.05618714538252
2.8000000000000007 77.09904612897417
3.0 77.12606259940044
3.200000000000001 77.14310615526428
3.4000000000000004 77.15386185177636
3.6000000000000014 77.16065000275755
3.8000000000000007 77.16493403429425
4.0 77.16763755499002
Result sigma optimization:  -3.8 23.787876596732
E_max_2 =  300
Cutoff Radius =  6.0
Selected Radial Transform =  24.0
factor =  0.7
displacement =  0.0
dataset =  datasets/random-ch4-10k.extxyz
n_train =  500
n_test =  2000
Train RMSE: 9.178064758072546 [Train MAE: 6.484244785118588]
Test RMSE: 25.733617855279373 [Test MAE: 13.169586224110908]
FINISHED at Tue Jan 10 03:38:20 CET 2023
