STARTING AT Tue Jan 10 03:44:09 CET 2023
Random seed: 1000
8 20
Reading dataset
Shuffling and extracting from dataset (length: 10000)
Shuffling and extraction done
Calculating power spectrum
Expansion coefficients done
Computing training kernel
     Calculating kernels for center species 1
     Calculating kernels for center species 1
Beginning first index add...
Beginning second index add...
     Calculating kernels for center species 6
     Calculating kernels for center species 6
Beginning first index add...
Beginning second index add...
Training kernel done
Computing test kernel
     Calculating kernels for center species 1
     Calculating kernels for center species 1
Beginning first index add...
Beginning second index add...
     Calculating kernels for center species 6
     Calculating kernels for center species 6
Beginning first index add...
Beginning second index add...
Test kernel done
Calculating composition features
Composition features done
-8.0 77.19256970630181
-7.8 69.72311394801316
-7.6 63.02161208931229
-7.4 56.919105573676546
-7.2 51.31406102095353
-7.0 46.126698344997656
-6.8 41.276707534925585
-6.6 36.718503814165054
-6.4 32.50406779039951
-6.2 28.775579532206013
-6.0 25.66482327988651
-5.8 23.202096898749865
-5.6 21.316632883350778
-5.4 19.895214189082527
-5.199999999999999 18.83508692681294
-5.0 18.066114005284305
-4.8 17.542269238134175
-4.6 17.22032532241136
-4.4 17.050959617791378
-4.199999999999999 16.98755290086357
-4.0 16.99810340528844
-3.8 17.06991901889804
-3.5999999999999996 17.208144655832893
-3.3999999999999995 17.432519535657757
-3.1999999999999993 17.77560478935343
-3.0 18.280205380431873
-2.8 18.987310017824125
-2.5999999999999996 19.91255825396514
-2.3999999999999995 21.027553270144892
-2.1999999999999993 22.265708183103314
-2.0 23.551984452638553
-1.7999999999999998 24.83800154237892
-1.5999999999999996 26.12415836515785
-1.3999999999999995 27.466945957701906
-1.1999999999999993 28.992677438224156
-1.0 30.928220737505203
-0.7999999999999998 33.59796419297603
-0.5999999999999996 37.30019328793106
-0.39999999999999947 42.07787856932511
-0.1999999999999993 47.58642190516812
0.0 53.23127971442872
0.20000000000000107 58.46017048748014
0.40000000000000036 62.95760368220128
0.5999999999999996 66.64561942218491
0.8000000000000007 69.57725483957688
1.0 71.84274878588974
1.200000000000001 73.53600794432833
1.4000000000000004 74.75543554268693
1.6000000000000014 75.60310164199609
1.8000000000000007 76.17515484878227
2.0 76.55246446369408
2.200000000000001 76.79698733018539
2.4000000000000004 76.95308004069645
2.6000000000000014 77.05105628895494
2.8000000000000007 77.11103315426716
3.0 77.14620511109361
3.200000000000001 77.165324916409
3.4000000000000004 77.17439130121457
3.6000000000000014 77.17761628947022
3.8000000000000007 77.17787330563756
4.0 77.17693850249205
Result sigma optimization:  -4.199999999999999 16.98755290086357
E_max_2 =  700
Cutoff Radius =  6.0
Selected Radial Transform =  25.0
factor =  2.3
displacement =  0.0
dataset =  datasets/random-ch4-10k.extxyz
n_train =  500
n_test =  2000
Train RMSE: 10.518014691433088 [Train MAE: 8.319650647496408]
Test RMSE: 15.930799918972816 [Test MAE: 11.231614581208138]
FINISHED at Tue Jan 10 03:44:37 CET 2023
