STARTING AT Tue Jan 10 01:56:43 CET 2023
Random seed: 1000
7 18
Reading dataset
Shuffling and extracting from dataset (length: 133885)
Shuffling and extraction done
Calculating power spectrum
Expansion coefficients done
Computing training kernel
     Calculating kernels for center species 1
     Calculating kernels for center species 1
Beginning first index add...
Beginning second index add...
     Calculating kernels for center species 6
     Calculating kernels for center species 6
Beginning first index add...
Beginning second index add...
     Calculating kernels for center species 7
     Calculating kernels for center species 7
Beginning first index add...
Beginning second index add...
     Calculating kernels for center species 8
     Calculating kernels for center species 8
Beginning first index add...
Beginning second index add...
     Calculating kernels for center species 9
     Calculating kernels for center species 9
Beginning first index add...
Beginning second index add...
Training kernel done
Computing test kernel
     Calculating kernels for center species 1
     Calculating kernels for center species 1
Beginning first index add...
Beginning second index add...
     Calculating kernels for center species 6
     Calculating kernels for center species 6
Beginning first index add...
Beginning second index add...
     Calculating kernels for center species 7
     Calculating kernels for center species 7
Beginning first index add...
Beginning second index add...
     Calculating kernels for center species 8
     Calculating kernels for center species 8
Beginning first index add...
Beginning second index add...
     Calculating kernels for center species 9
     Calculating kernels for center species 9
Beginning first index add...
Beginning second index add...
Test kernel done
Calculating composition features
Composition features done
-8.0 3.3781948053413653
-7.8 3.3466631757080902
-7.6 3.3038365991681933
-7.4 3.250989597266598
-7.2 3.189779755450145
-7.0 3.1206196487455746
-6.8 3.0454731108405975
-6.6 2.9783092865925864
-6.4 2.911907988264633
-6.2 2.8627255699358067
-6.0 2.8227962272897713
-5.8 2.801148580774956
-5.6 2.7973929679305876
-5.4 2.806794316986285
-5.199999999999999 2.8217881990187452
-5.0 2.8485076305517576
-4.8 2.9019002275304517
-4.6 2.9799258417758976
-4.4 3.0920038025341348
-4.199999999999999 3.251061773952213
-4.0 3.472961096811865
-3.8 3.773841456553608
-3.5999999999999996 4.160547993555607
-3.3999999999999995 4.625722826258454
-3.1999999999999993 5.129006336683698
-3.0 5.662832623936585
-2.8 6.19737617810347
-2.5999999999999996 6.73817756371561
-2.3999999999999995 7.290428210171638
-2.1999999999999993 7.8567958076102
-2.0 8.478462354453695
-1.7999999999999998 9.20965276994303
-1.5999999999999996 10.09862998248831
-1.3999999999999995 11.089689988947054
-1.1999999999999993 12.109863539860061
-1.0 13.195694622886009
-0.7999999999999998 14.343805689129873
-0.5999999999999996 15.427274971356745
-0.39999999999999947 16.38997375024773
-0.1999999999999993 17.243028587343506
0.0 17.97735754764428
0.20000000000000107 18.64206924350947
0.40000000000000036 19.253020321216514
0.5999999999999996 19.81841001620126
0.8000000000000007 20.283259639079112
1.0 20.647304815196627
1.200000000000001 20.909014848720673
1.4000000000000004 21.088754955582058
1.6000000000000014 21.207416027411483
1.8000000000000007 21.281975077046123
2.0 21.327293164606314
2.200000000000001 21.353142197086406
2.4000000000000004 21.367212441753146
2.6000000000000014 21.37437926405115
2.8000000000000007 21.377470692732683
3.0 21.37797069811281
3.200000000000001 21.376605863590065
3.4000000000000004 21.373841623589268
3.6000000000000014 21.369768167512948
3.8000000000000007 21.36512400560126
4.0 21.360174175611114
Result sigma optimization:  -5.6 2.7973929679305876
E_max_2 =  600
Cutoff Radius =  6.0
Selected Radial Transform =  25.0
factor =  2.1
displacement =  0.0
dataset =  datasets/qm9.xyz
n_train =  500
n_test =  2000
Train RMSE: 0.9651549700306702 [Train MAE: 0.7416234176782375]
Test RMSE: 4.286629485842584 [Test MAE: 2.701003313317044]
FINISHED at Tue Jan 10 01:59:56 CET 2023
