STARTING AT Tue Jan 10 03:42:08 CET 2023
Random seed: 1000
7 18
Reading dataset
Shuffling and extracting from dataset (length: 10000)
Shuffling and extraction done
Calculating power spectrum
Expansion coefficients done
Computing training kernel
     Calculating kernels for center species 1
     Calculating kernels for center species 1
Beginning first index add...
Beginning second index add...
     Calculating kernels for center species 6
     Calculating kernels for center species 6
Beginning first index add...
Beginning second index add...
Training kernel done
Computing test kernel
     Calculating kernels for center species 1
     Calculating kernels for center species 1
Beginning first index add...
Beginning second index add...
     Calculating kernels for center species 6
     Calculating kernels for center species 6
Beginning first index add...
Beginning second index add...
Test kernel done
Calculating composition features
Composition features done
-8.0 23.735006304081622
-7.8 23.670259795472425
-7.6 23.57427244652483
-7.4 23.435743101489724
-7.2 23.24242408915235
-7.0 22.98318175523232
-6.8 22.65066798592492
-6.6 22.243831483495153
-6.4 21.769468706883213
-6.2 21.241790718057896
-6.0 20.679475057287373
-5.8 20.102056649975513
-5.6 19.52846520363212
-5.4 18.977156241522355
-5.199999999999999 18.46421142407562
-5.0 17.998583858134488
-4.8 17.578767925338003
-4.6 17.194825302835618
-4.4 16.83439505095885
-4.199999999999999 16.488050901173544
-4.0 16.151798824193875
-3.8 15.82878075144914
-3.5999999999999996 15.531742743029868
-3.3999999999999995 15.283785602539929
-3.1999999999999993 15.11495518394088
-3.0 15.05718551488061
-2.8 15.141969874521093
-2.5999999999999996 15.399413057835698
-2.3999999999999995 15.852261785533214
-2.1999999999999993 16.504414812605816
-2.0 17.334430134800947
-1.7999999999999998 18.30341777613778
-1.5999999999999996 19.371286168712842
-1.3999999999999995 20.505383909243093
-1.1999999999999993 21.675653513514252
-1.0 22.851350676642802
-0.7999999999999998 24.020658461108777
-0.5999999999999996 25.235807858460873
-0.39999999999999947 26.666831125934387
-0.1999999999999993 28.637676301077907
0.0 31.588414211247922
0.20000000000000107 35.88666411886308
0.40000000000000036 41.54057991934787
0.5999999999999996 48.06820546977094
0.8000000000000007 54.685537797982086
1.0 60.658539763767585
1.200000000000001 65.55299574030467
1.4000000000000004 69.26960875582928
1.6000000000000014 71.93492725430809
1.8000000000000007 73.76865516504306
2.0 74.99361415526823
2.200000000000001 75.79492992630054
2.4000000000000004 76.3110047666484
2.6000000000000014 76.6390832372697
2.8000000000000007 76.84504694462163
3.0 76.97268147555036
3.200000000000001 77.05081152253595
3.4000000000000004 77.09821661151277
3.6000000000000014 77.12689059903332
3.8000000000000007 77.14428263172606
4.0 77.15490116463151
Result sigma optimization:  -3.0 15.05718551488061
E_max_2 =  600
Cutoff Radius =  6.0
Selected Radial Transform =  25.0
factor =  1.0
displacement =  0.0
dataset =  datasets/random-ch4-10k.extxyz
n_train =  500
n_test =  2000
Train RMSE: 7.027244383583871 [Train MAE: 5.5705624514806305]
Test RMSE: 15.81369466677146 [Test MAE: 9.762697904149666]
FINISHED at Tue Jan 10 03:44:51 CET 2023
