STARTING AT Tue Jan 10 02:48:11 CET 2023
Random seed: 1000
6 14
Reading dataset
Shuffling and extracting from dataset (length: 105092)
Shuffling and extraction done
Calculating power spectrum
Expansion coefficients done
Computing training kernel
     Calculating kernels for center species 79
     Calculating kernels for center species 79
Beginning first index add...
Beginning second index add...
Training kernel done
Computing test kernel
     Calculating kernels for center species 79
     Calculating kernels for center species 79
Beginning first index add...
Beginning second index add...
Test kernel done
Calculating composition features
Composition features done
-8.0 147.32624129630366
-7.8 145.18255689662243
-7.6 142.5196612458803
-7.4 139.47621631450386
-7.2 136.26115392851716
-7.0 133.10098937543526
-6.8 130.18135929840042
-6.6 127.60693916432625
-6.4 125.39625074385103
-6.2 123.49611364476367
-6.0 121.792661617691
-5.8 120.14163355514813
-5.6 118.44614395065894
-5.4 116.73298850643302
-5.199999999999999 115.1403787334835
-5.0 113.8028105212713
-4.8 112.72626821681217
-4.6 111.77313900071681
-4.4 110.76531075338181
-4.199999999999999 109.58121366230957
-4.0 108.15505568606916
-3.8 106.43853518070037
-3.5999999999999996 104.43098749999636
-3.3999999999999995 102.26517419096322
-3.1999999999999993 100.24268865748488
-3.0 98.7710771520091
-2.8 98.24834906541741
-2.5999999999999996 98.95448313933859
-2.3999999999999995 100.9919181665761
-2.1999999999999993 104.3120607938447
-2.0 108.81624582411685
-1.7999999999999998 114.4419024552734
-1.5999999999999996 121.15799506489026
-1.3999999999999995 128.9048662157571
-1.1999999999999993 137.5759184716987
-1.0 147.06723092011524
-0.7999999999999998 157.30531299824995
-0.5999999999999996 168.17209292388756
-0.39999999999999947 179.39791612113325
-0.1999999999999993 190.57959919995776
0.0 201.39340425092345
0.20000000000000107 211.9218776423208
0.40000000000000036 222.90137525878583
0.5999999999999996 235.6716810938303
0.8000000000000007 251.71480511003628
1.0 272.0111841404259
1.200000000000001 296.8309631513753
1.4000000000000004 326.18845745566574
1.6000000000000014 360.107757791526
1.8000000000000007 397.9403112461202
2.0 437.6270153407763
2.200000000000001 476.35257496461355
2.4000000000000004 512.2784463174261
2.6000000000000014 545.6823346886864
2.8000000000000007 578.5072620486778
3.0 612.5893155262801
3.200000000000001 647.8481273906553
3.4000000000000004 682.0628410998369
3.6000000000000014 712.4352041140963
3.8000000000000007 737.3101852160987
4.0 756.7242676887103
Result sigma optimization:  -2.8 98.24834906541741
E_max_2 =  400
Cutoff Radius =  6.0
Selected Radial Transform =  25.0
factor =  0.2
displacement =  0.0
dataset =  datasets/gold.xyz
n_train =  500
n_test =  2000
Train RMSE: 56.628339264132464 [Train MAE: 41.058850302202536]
Test RMSE: 100.71258679288611 [Test MAE: 63.38249006009173]
FINISHED at Tue Jan 10 02:51:02 CET 2023
