STARTING AT Tue Jan 10 03:41:38 CET 2023
Random seed: 1000
7 16
Reading dataset
Shuffling and extracting from dataset (length: 10000)
Shuffling and extraction done
Calculating power spectrum
Expansion coefficients done
Computing training kernel
     Calculating kernels for center species 1
     Calculating kernels for center species 1
Beginning first index add...
Beginning second index add...
     Calculating kernels for center species 6
     Calculating kernels for center species 6
Beginning first index add...
Beginning second index add...
Training kernel done
Computing test kernel
     Calculating kernels for center species 1
     Calculating kernels for center species 1
Beginning first index add...
Beginning second index add...
     Calculating kernels for center species 6
     Calculating kernels for center species 6
Beginning first index add...
Beginning second index add...
Test kernel done
Calculating composition features
Composition features done
-8.0 50.06296132189057
-7.8 50.062874549198426
-7.6 50.062737032082836
-7.4 50.06251910441561
-7.2 50.06217376688157
-7.0 50.061626582188985
-6.8 50.06075969951327
-6.6 50.05938665786861
-6.4 50.057212740080445
-6.2 50.053772890583744
-6.0 50.04833523989069
-5.8 50.03975312213731
-5.6 50.02624315750936
-5.4 50.00506535264233
-5.199999999999999 49.97209294356072
-5.0 49.92130065346334
-4.8 49.84427717300132
-4.6 49.72994558487381
-4.4 49.5647063186246
-4.199999999999999 49.33333336374131
-4.0 49.0213708075501
-3.8 48.619770265064126
-3.5999999999999996 48.13041956248327
-3.3999999999999995 47.56790656355746
-3.1999999999999993 46.95322514149784
-3.0 46.30123561920266
-2.8 45.60989717871648
-2.5999999999999996 44.86056165601694
-2.3999999999999995 44.034800089988615
-2.1999999999999993 43.14185754873645
-2.0 42.23659466850769
-1.7999999999999998 41.409116198760884
-1.5999999999999996 40.749481510320514
-1.3999999999999995 40.31477811054855
-1.1999999999999993 40.12921525207106
-1.0 40.22037238856701
-0.7999999999999998 40.65375898985242
-0.5999999999999996 41.5190684811274
-0.39999999999999947 42.86914986908526
-0.1999999999999993 44.674526814940236
0.0 46.84868224676157
0.20000000000000107 49.30946979254421
0.40000000000000036 51.99020643667845
0.5999999999999996 54.78669917226742
0.8000000000000007 57.52594399880159
1.0 60.02361976902655
1.200000000000001 62.18409584582117
1.4000000000000004 64.04684381101539
1.6000000000000014 65.742650811909
1.8000000000000007 67.39807719578913
2.0 69.05801320975785
2.200000000000001 70.67535740246522
2.4000000000000004 72.15773489349674
2.6000000000000014 73.42323603271079
2.8000000000000007 74.43212051435219
3.0 75.19082027109371
3.200000000000001 75.7383143149734
3.4000000000000004 76.12703758593604
3.6000000000000014 76.40671512415868
3.8000000000000007 76.61455015078931
4.0 76.77287638198709
Result sigma optimization:  -1.1999999999999993 40.12921525207106
E_max_2 =  500
Cutoff Radius =  6.0
Selected Radial Transform =  25.0
factor =  0.3
displacement =  0.0
dataset =  datasets/random-ch4-10k.extxyz
n_train =  500
n_test =  2000
Train RMSE: 22.10782460753442 [Train MAE: 11.755839733647369]
Test RMSE: 35.528223833087026 [Test MAE: 16.930218088739885]
FINISHED at Tue Jan 10 03:42:13 CET 2023
