STARTING AT Tue Jan 10 03:42:08 CET 2023
Random seed: 1000
7 16
Reading dataset
Shuffling and extracting from dataset (length: 10000)
Shuffling and extraction done
Calculating power spectrum
Expansion coefficients done
Computing training kernel
     Calculating kernels for center species 1
     Calculating kernels for center species 1
Beginning first index add...
Beginning second index add...
     Calculating kernels for center species 6
     Calculating kernels for center species 6
Beginning first index add...
Beginning second index add...
Training kernel done
Computing test kernel
     Calculating kernels for center species 1
     Calculating kernels for center species 1
Beginning first index add...
Beginning second index add...
     Calculating kernels for center species 6
     Calculating kernels for center species 6
Beginning first index add...
Beginning second index add...
Test kernel done
Calculating composition features
Composition features done
-8.0 19.120661652717345
-7.8 19.115448421886814
-7.6 19.10724313050325
-7.4 19.094379442106597
-7.2 19.074335392472214
-7.0 19.04339263437075
-6.8 18.99628712597821
-6.6 18.926023223998648
-6.4 18.82419384415476
-6.2 18.682297330049202
-6.0 18.49441980124178
-5.8 18.26087066096045
-5.6 17.99085446227982
-5.4 17.701301243494175
-5.199999999999999 17.410803873540985
-5.0 17.131858669819835
-4.8 16.8666703555322
-4.6 16.608844386447885
-4.4 16.349117567352938
-4.199999999999999 16.0817464321904
-4.0 15.80818308743543
-3.8 15.536046023631238
-3.5999999999999996 15.274671490863167
-3.3999999999999995 15.03067011564695
-3.1999999999999993 14.806648636745152
-3.0 14.604860289178967
-2.8 14.434769038432654
-2.5999999999999996 14.320750899828248
-2.3999999999999995 14.305963951587136
-2.1999999999999993 14.449840735952476
-2.0 14.818899656792038
-1.7999999999999998 15.473194508972815
-1.5999999999999996 16.45044559539145
-1.3999999999999995 17.750145284097968
-1.1999999999999993 19.325094818243436
-1.0 21.087600520094863
-0.7999999999999998 22.930351672374044
-0.5999999999999996 24.760652501784243
-0.39999999999999947 26.54807467006135
-0.1999999999999993 28.37900276099312
0.0 30.496330500983653
0.20000000000000107 33.279103946460204
0.40000000000000036 37.10686532530792
0.5999999999999996 42.12491247510165
0.8000000000000007 48.0672567005245
1.0 54.31118296192073
1.200000000000001 60.1483078654179
1.4000000000000004 65.06987758873464
1.6000000000000014 68.8836998369011
1.8000000000000007 71.65409202248829
2.0 73.57393354155626
2.200000000000001 74.86080106171822
2.4000000000000004 75.70341423253005
2.6000000000000014 76.24588248451083
2.8000000000000007 76.59074011119033
3.0 76.80797745311347
3.200000000000001 76.94406406539598
3.4000000000000004 77.02914196220091
3.6000000000000014 77.0823617400561
3.8000000000000007 77.11571323280847
4.0 77.13665453434687
Result sigma optimization:  -2.3999999999999995 14.305963951587136
E_max_2 =  500
Cutoff Radius =  6.0
Selected Radial Transform =  25.0
factor =  0.7
displacement =  0.0
dataset =  datasets/random-ch4-10k.extxyz
n_train =  500
n_test =  2000
Train RMSE: 7.500996360957016 [Train MAE: 5.998379908667646]
Test RMSE: 19.04244644709514 [Test MAE: 9.566218528224296]
FINISHED at Tue Jan 10 03:43:28 CET 2023
