STARTING AT Tue Jan 10 01:57:44 CET 2023
Random seed: 1000
7 16
Reading dataset
Shuffling and extracting from dataset (length: 133885)
Shuffling and extraction done
Calculating power spectrum
Expansion coefficients done
Computing training kernel
     Calculating kernels for center species 1
     Calculating kernels for center species 1
Beginning first index add...
Beginning second index add...
     Calculating kernels for center species 6
     Calculating kernels for center species 6
Beginning first index add...
Beginning second index add...
     Calculating kernels for center species 7
     Calculating kernels for center species 7
Beginning first index add...
Beginning second index add...
     Calculating kernels for center species 8
     Calculating kernels for center species 8
Beginning first index add...
Beginning second index add...
     Calculating kernels for center species 9
     Calculating kernels for center species 9
Beginning first index add...
Beginning second index add...
Training kernel done
Computing test kernel
     Calculating kernels for center species 1
     Calculating kernels for center species 1
Beginning first index add...
Beginning second index add...
     Calculating kernels for center species 6
     Calculating kernels for center species 6
Beginning first index add...
Beginning second index add...
     Calculating kernels for center species 7
     Calculating kernels for center species 7
Beginning first index add...
Beginning second index add...
     Calculating kernels for center species 8
     Calculating kernels for center species 8
Beginning first index add...
Beginning second index add...
     Calculating kernels for center species 9
     Calculating kernels for center species 9
Beginning first index add...
Beginning second index add...
Test kernel done
Calculating composition features
Composition features done
-8.0 3.4990665709460735
-7.8 3.7095822810172687
-7.6 3.979618597353634
-7.4 4.315010756705364
-7.2 4.681892852250778
-7.0 5.074300231298722
-6.8 5.503922419976268
-6.6 5.941983861067158
-6.4 6.371734839148412
-6.2 6.762413427104883
-6.0 7.125735157893097
-5.8 7.481722583864757
-5.6 7.846226325349359
-5.4 8.248458301829698
-5.199999999999999 8.71363075166935
-5.0 9.226782813002181
-4.8 9.773625164257421
-4.6 10.380175807936059
-4.4 11.109287277904164
-4.199999999999999 12.047889564211422
-4.0 13.077917872119986
-3.8 14.14028015133011
-3.5999999999999996 15.193950694635335
-3.3999999999999995 16.09709967353096
-3.1999999999999993 16.83567782237439
-3.0 17.441915448723275
-2.8 17.940519165169565
-2.5999999999999996 18.36984844668916
-2.3999999999999995 18.74773162086117
-2.1999999999999993 19.07120462797927
-2.0 19.359064054943364
-1.7999999999999998 19.63126204730008
-1.5999999999999996 19.89387957832816
-1.3999999999999995 20.147643925006577
-1.1999999999999993 20.399212860299404
-1.0 20.64450165361931
-0.7999999999999998 20.872918476321306
-0.5999999999999996 21.065883522211216
-0.39999999999999947 21.21360672499518
-0.1999999999999993 21.31898313768089
0.0 21.388788050063273
0.20000000000000107 21.43185635145507
0.40000000000000036 21.45520770151361
0.5999999999999996 21.46569149210078
0.8000000000000007 21.46761702990272
1.0 21.46334424013383
1.200000000000001 21.454722898240394
1.4000000000000004 21.443446453024713
1.6000000000000014 21.431225853661953
1.8000000000000007 21.41955751097082
2.0 21.40939386369357
2.200000000000001 21.401019324501046
2.4000000000000004 21.39418205282734
2.6000000000000014 21.388354037292775
2.8000000000000007 21.38296381287334
3.0 21.377465079770587
3.200000000000001 21.371690573026065
3.4000000000000004 21.365924057761994
3.6000000000000014 21.360467993802953
3.8000000000000007 21.35622171032728
4.0 21.35268659796683
Result sigma optimization:  -8.0 3.4990665709460735
E_max_2 =  500
Cutoff Radius =  6.0
Selected Radial Transform =  25.0
factor =  3.5
displacement =  0.0
dataset =  datasets/qm9.xyz
n_train =  500
n_test =  2000
Train RMSE: 3.3616485719561657 [Train MAE: 2.456768506533021]
Test RMSE: 5.089113340229435 [Test MAE: 3.5365751015535016]
FINISHED at Tue Jan 10 01:59:13 CET 2023
