STARTING AT Tue Jan 10 01:58:14 CET 2023
Random seed: 1000
8 20
Reading dataset
Shuffling and extracting from dataset (length: 133885)
Shuffling and extraction done
Calculating power spectrum
Expansion coefficients done
Computing training kernel
     Calculating kernels for center species 1
     Calculating kernels for center species 1
Beginning first index add...
Beginning second index add...
     Calculating kernels for center species 6
     Calculating kernels for center species 6
Beginning first index add...
Beginning second index add...
     Calculating kernels for center species 7
     Calculating kernels for center species 7
Beginning first index add...
Beginning second index add...
     Calculating kernels for center species 8
     Calculating kernels for center species 8
Beginning first index add...
Beginning second index add...
     Calculating kernels for center species 9
     Calculating kernels for center species 9
Beginning first index add...
Beginning second index add...
Training kernel done
Computing test kernel
     Calculating kernels for center species 1
     Calculating kernels for center species 1
Beginning first index add...
Beginning second index add...
     Calculating kernels for center species 6
     Calculating kernels for center species 6
Beginning first index add...
Beginning second index add...
     Calculating kernels for center species 7
     Calculating kernels for center species 7
Beginning first index add...
Beginning second index add...
     Calculating kernels for center species 8
     Calculating kernels for center species 8
Beginning first index add...
Beginning second index add...
     Calculating kernels for center species 9
     Calculating kernels for center species 9
Beginning first index add...
Beginning second index add...
Test kernel done
Calculating composition features
Composition features done
-8.0 4.374470926415583
-7.8 4.618886300856771
-7.6 4.899285923393152
-7.4 5.223679764731846
-7.2 5.599110768057464
-7.0 6.000446263816731
-6.8 6.424618173933064
-6.6 6.823961465594184
-6.4 7.183948866090679
-6.2 7.514617114756548
-6.0 7.859328619942709
-5.8 8.199412072882813
-5.6 8.540639704663715
-5.4 8.885149144892871
-5.199999999999999 9.255847912443045
-5.0 9.659780318333244
-4.8 10.08765896056051
-4.6 10.551707973673999
-4.4 11.073810114461288
-4.199999999999999 11.707949132689683
-4.0 12.410186076103884
-3.8 13.143972359517647
-3.5999999999999996 13.946213216650358
-3.3999999999999995 14.779927620748
-3.1999999999999993 15.58787335339695
-3.0 16.29564503757359
-2.8 16.920028153010236
-2.5999999999999996 17.47497861121624
-2.3999999999999995 18.023359052723098
-2.1999999999999993 18.496509124282717
-2.0 18.897806226169813
-1.7999999999999998 19.24368269074725
-1.5999999999999996 19.539508761678803
-1.3999999999999995 19.805811101586823
-1.1999999999999993 20.049427996992918
-1.0 20.281991424922957
-0.7999999999999998 20.51604343281096
-0.5999999999999996 20.74354450676515
-0.39999999999999947 20.95458894933649
-0.1999999999999993 21.13262070851428
0.0 21.270847542159387
0.20000000000000107 21.36950860602309
0.40000000000000036 21.435306474032984
0.5999999999999996 21.474297284016387
0.8000000000000007 21.493790808089436
1.0 21.50105493389487
1.200000000000001 21.500603629392717
1.4000000000000004 21.495435324908918
1.6000000000000014 21.487076093176803
1.8000000000000007 21.476208375074002
2.0 21.46335352012592
2.200000000000001 21.44932439563612
2.4000000000000004 21.435270222975188
2.6000000000000014 21.422349329662676
2.8000000000000007 21.411320540978394
3.0 21.402355686587892
3.200000000000001 21.395130293446783
3.4000000000000004 21.38904765988846
3.6000000000000014 21.383529276877923
3.8000000000000007 21.377969943071953
4.0 21.372144102365777
Result sigma optimization:  -8.0 4.374470926415583
E_max_2 =  700
Cutoff Radius =  6.0
Selected Radial Transform =  25.0
factor =  4.0
displacement =  0.0
dataset =  datasets/qm9.xyz
n_train =  500
n_test =  2000
Train RMSE: 4.308697682312422 [Train MAE: 3.154197659487985]
Test RMSE: 6.062205226575016 [Test MAE: 4.36106660506054]
FINISHED at Tue Jan 10 01:59:42 CET 2023
