STARTING AT Tue Jan 10 03:43:09 CET 2023
Random seed: 1000
7 18
Reading dataset
Shuffling and extracting from dataset (length: 10000)
Shuffling and extraction done
Calculating power spectrum
Expansion coefficients done
Computing training kernel
     Calculating kernels for center species 1
     Calculating kernels for center species 1
Beginning first index add...
Beginning second index add...
     Calculating kernels for center species 6
     Calculating kernels for center species 6
Beginning first index add...
Beginning second index add...
Training kernel done
Computing test kernel
     Calculating kernels for center species 1
     Calculating kernels for center species 1
Beginning first index add...
Beginning second index add...
     Calculating kernels for center species 6
     Calculating kernels for center species 6
Beginning first index add...
Beginning second index add...
Test kernel done
Calculating composition features
Composition features done
-8.0 45.02515361709334
-7.8 41.83941953303086
-7.6 38.928829769519936
-7.4 36.136782616653036
-7.2 33.467519465629195
-7.0 30.98891258602481
-6.8 28.72668807001933
-6.6 26.631417242768066
-6.4 24.618057390450392
-6.2 22.630050899667104
-6.0 20.684724733803613
-5.8 18.875088903750566
-5.6 17.326370768111094
-5.4 16.134332600491934
-5.199999999999999 15.322022753174634
-5.0 14.836652969979788
-4.8 14.58286822573357
-4.6 14.466892999818317
-4.4 14.425742673690644
-4.199999999999999 14.432920954242011
-4.0 14.487752337835996
-3.8 14.60223944535934
-3.5999999999999996 14.796104498406045
-3.3999999999999995 15.09951638384789
-3.1999999999999993 15.553737397118093
-3.0 16.201404578464043
-2.8 17.0687866239226
-2.5999999999999996 18.150634189533974
-2.3999999999999995 19.404467632097873
-2.1999999999999993 20.75357024204227
-2.0 22.100036467459834
-1.7999999999999998 23.35261641825818
-1.5999999999999996 24.464687863113046
-1.3999999999999995 25.467906430909373
-1.1999999999999993 26.494760741468323
-1.0 27.79483896069601
-0.7999999999999998 29.733915295697184
-0.5999999999999996 32.719738367621694
-0.39999999999999947 37.00598507488412
-0.1999999999999993 42.47590678154871
0.0 48.61895126020395
0.20000000000000107 54.74734993434811
0.40000000000000036 60.275701623158724
0.5999999999999996 64.88014849772314
0.8000000000000007 68.49227511894136
1.0 71.20181591583639
1.200000000000001 73.1619721002218
1.4000000000000004 74.53561684142217
1.6000000000000014 75.4716560992545
1.8000000000000007 76.0946666396105
2.0 76.5014731961233
2.200000000000001 76.76282588776087
2.4000000000000004 76.92804676396598
2.6000000000000014 77.03047189708113
2.8000000000000007 77.09232063999242
3.0 77.1284179131707
3.200000000000001 77.14868883048476
3.4000000000000004 77.15967341552005
3.6000000000000014 77.16548391391285
3.8000000000000007 77.16853661944491
4.0 77.17015811585033
Result sigma optimization:  -4.4 14.425742673690644
E_max_2 =  600
Cutoff Radius =  6.0
Selected Radial Transform =  25.0
factor =  1.6
displacement =  0.0
dataset =  datasets/random-ch4-10k.extxyz
n_train =  500
n_test =  2000
Train RMSE: 6.419748052757335 [Train MAE: 5.006260243824353]
Test RMSE: 18.35596341371 [Test MAE: 10.079914033663531]
FINISHED at Tue Jan 10 03:43:37 CET 2023
