STARTING AT Tue Jan 10 02:50:12 CET 2023
Random seed: 1000
6 14
Reading dataset
Shuffling and extracting from dataset (length: 105092)
Shuffling and extraction done
Calculating power spectrum
Expansion coefficients done
Computing training kernel
     Calculating kernels for center species 79
     Calculating kernels for center species 79
Beginning first index add...
Beginning second index add...
Training kernel done
Computing test kernel
     Calculating kernels for center species 79
     Calculating kernels for center species 79
Beginning first index add...
Beginning second index add...
Test kernel done
Calculating composition features
Composition features done
-8.0 164.3111609678636
-7.8 167.52415890828274
-7.6 169.78618096418842
-7.4 171.31305277687878
-7.2 172.34234089026137
-7.0 173.12111494705093
-6.8 173.95296331741986
-6.6 175.30829803407235
-6.4 177.98763843997222
-6.2 183.25078898764602
-6.0 192.67799667268207
-5.8 207.50884918254033
-5.6 227.67193585289144
-5.4 251.3627769928133
-5.199999999999999 275.73330260347103
-5.0 298.16149103674144
-4.8 317.1347681823059
-4.6 332.3309917142813
-4.4 344.1585608804993
-4.199999999999999 353.2330912483029
-4.0 360.0897306688099
-3.8 365.1464113441627
-3.5999999999999996 368.76521187804724
-3.3999999999999995 371.2887081908273
-3.1999999999999993 373.0396471634361
-3.0 374.3252391485338
-2.8 375.48300974373166
-2.5999999999999996 377.00166077808615
-2.3999999999999995 379.7660627255827
-2.1999999999999993 385.4730950324581
-2.0 397.1244318409471
-1.7999999999999998 419.04692145529924
-1.5999999999999996 455.3911370303785
-1.3999999999999995 506.9800722538678
-1.1999999999999993 569.126674002266
-1.0 633.2964192085224
-0.7999999999999998 691.3353124627309
-0.5999999999999996 738.542134387509
-0.39999999999999947 773.9774745423883
-0.1999999999999993 799.0840013308788
0.0 816.1756379723765
0.20000000000000107 827.5027292790099
0.40000000000000036 834.8777039763727
0.5999999999999996 839.6240050482488
0.8000000000000007 842.6548004783057
1.0 844.5788449938685
1.200000000000001 845.7931656351467
1.4000000000000004 846.5527972236375
1.6000000000000014 847.0195208821061
1.8000000000000007 847.2946770901281
2.0 847.4410469761034
2.200000000000001 847.4977930565029
2.4000000000000004 847.4911398068652
2.6000000000000014 847.4418416919575
2.8000000000000007 847.3689900138104
3.0 847.2897971983982
3.200000000000001 847.2170944894904
3.4000000000000004 847.1576697842673
3.6000000000000014 847.1129776743302
3.8000000000000007 847.0812838984459
4.0 847.0596969711139
Result sigma optimization:  -8.0 164.3111609678636
E_max_2 =  400
Cutoff Radius =  6.0
Selected Radial Transform =  25.0
factor =  1.8
displacement =  0.0
dataset =  datasets/gold.xyz
n_train =  500
n_test =  2000
Train RMSE: 158.69573942209905 [Train MAE: 127.94711913983788]
Test RMSE: 169.845061716641 [Test MAE: 138.0274249933791]
FINISHED at Tue Jan 10 02:50:38 CET 2023
