STARTING AT Tue Jan 10 01:55:42 CET 2023
Random seed: 1000
7 18
Reading dataset
Shuffling and extracting from dataset (length: 133885)
Shuffling and extraction done
Calculating power spectrum
Expansion coefficients done
Computing training kernel
     Calculating kernels for center species 1
     Calculating kernels for center species 1
Beginning first index add...
Beginning second index add...
     Calculating kernels for center species 6
     Calculating kernels for center species 6
Beginning first index add...
Beginning second index add...
     Calculating kernels for center species 7
     Calculating kernels for center species 7
Beginning first index add...
Beginning second index add...
     Calculating kernels for center species 8
     Calculating kernels for center species 8
Beginning first index add...
Beginning second index add...
     Calculating kernels for center species 9
     Calculating kernels for center species 9
Beginning first index add...
Beginning second index add...
Training kernel done
Computing test kernel
     Calculating kernels for center species 1
     Calculating kernels for center species 1
Beginning first index add...
Beginning second index add...
     Calculating kernels for center species 6
     Calculating kernels for center species 6
Beginning first index add...
Beginning second index add...
     Calculating kernels for center species 7
     Calculating kernels for center species 7
Beginning first index add...
Beginning second index add...
     Calculating kernels for center species 8
     Calculating kernels for center species 8
Beginning first index add...
Beginning second index add...
     Calculating kernels for center species 9
     Calculating kernels for center species 9
Beginning first index add...
Beginning second index add...
Test kernel done
Calculating composition features
Composition features done
-8.0 4.024270621913718
-7.8 4.024255564756924
-7.6 4.024231702668592
-7.4 4.024193888483045
-7.2 4.024133968261187
-7.0 4.024039029666572
-6.8 4.023888634331233
-6.6 4.023650454005867
-6.4 4.023273415694596
-6.2 4.022676981977711
-6.0 4.021742577500467
-5.8 4.020282917794655
-5.6 4.01807400467532
-5.4 4.014839140722761
-5.199999999999999 4.0102339012429
-5.0 4.003404816995142
-4.8 3.9948569365566944
-4.6 3.9834601349819567
-4.4 3.969020329186518
-4.199999999999999 3.9520391125149037
-4.0 3.935170967924234
-3.8 3.9178233057525502
-3.5999999999999996 3.9111517613405593
-3.3999999999999995 3.9282142091272982
-3.1999999999999993 3.9776303419761536
-3.0 4.070485704084473
-2.8 4.207196579528376
-2.5999999999999996 4.3823185970837875
-2.3999999999999995 4.601694762724881
-2.1999999999999993 4.87107614914549
-2.0 5.191688152975221
-1.7999999999999998 5.564998918393773
-1.5999999999999996 5.981415176422084
-1.3999999999999995 6.461370937376727
-1.1999999999999993 7.044257246760808
-1.0 7.750673561451066
-0.7999999999999998 8.642553806255062
-0.5999999999999996 9.628062041567453
-0.39999999999999947 10.692734878609135
-0.1999999999999993 11.90563841187072
0.0 13.138354177880784
0.20000000000000107 14.300827712297481
0.40000000000000036 15.424214846721242
0.5999999999999996 16.505017418309713
0.8000000000000007 17.49554488140491
1.0 18.365798491601954
1.200000000000001 19.08558752098443
1.4000000000000004 19.688768346193612
1.6000000000000014 20.175616257812745
1.8000000000000007 20.54906875039588
2.0 20.810573859659954
2.200000000000001 20.986014454501657
2.4000000000000004 21.102783636216127
2.6000000000000014 21.18740682515969
2.8000000000000007 21.249497793082174
3.0 21.292377169327104
3.200000000000001 21.322066722316634
3.4000000000000004 21.3399083408234
3.6000000000000014 21.349346013503865
3.8000000000000007 21.35316361248899
4.0 21.353642116008547
Result sigma optimization:  -3.5999999999999996 3.9111517613405593
E_max_2 =  600
Cutoff Radius =  6.0
Selected Radial Transform =  25.0
factor =  1.4
displacement =  0.0
dataset =  datasets/qm9.xyz
n_train =  500
n_test =  2000
Train RMSE: 0.9442077642919285 [Train MAE: 0.7080126870129451]
Test RMSE: 5.167804505962059 [Test MAE: 3.432618909423254]
FINISHED at Tue Jan 10 01:59:07 CET 2023
