STARTING AT Tue Jan 10 03:42:08 CET 2023
Random seed: 1000
7 16
Reading dataset
Shuffling and extracting from dataset (length: 10000)
Shuffling and extraction done
Calculating power spectrum
Expansion coefficients done
Computing training kernel
     Calculating kernels for center species 1
     Calculating kernels for center species 1
Beginning first index add...
Beginning second index add...
     Calculating kernels for center species 6
     Calculating kernels for center species 6
Beginning first index add...
Beginning second index add...
Training kernel done
Computing test kernel
     Calculating kernels for center species 1
     Calculating kernels for center species 1
Beginning first index add...
Beginning second index add...
     Calculating kernels for center species 6
     Calculating kernels for center species 6
Beginning first index add...
Beginning second index add...
Test kernel done
Calculating composition features
Composition features done
-8.0 22.81467415680707
-7.8 22.710163387980998
-7.6 22.5526045744639
-7.4 22.322388172616062
-7.2 22.000266158507813
-7.0 21.5731335994105
-6.8 21.039941280449682
-6.6 20.414807954232373
-6.4 19.725305116666803
-6.2 19.005749017722387
-6.0 18.288269181067022
-5.8 17.59717633012672
-5.6 16.95007743422229
-5.4 16.362070261402486
-5.199999999999999 15.846545824651036
-5.0 15.411721625117318
-4.8 15.057527760808059
-4.6 14.776376011162466
-4.4 14.556748697945466
-4.199999999999999 14.386749056659339
-4.0 14.25648215404323
-3.8 14.159371685450814
-3.5999999999999996 14.092965589911977
-3.3999999999999995 14.060593099640457
-3.1999999999999993 14.074399842443176
-3.0 14.158129379817025
-2.8 14.346637723871105
-2.5999999999999996 14.679269705754606
-2.3999999999999995 15.187991658180838
-2.1999999999999993 15.887951217671896
-2.0 16.778957323855646
-1.7999999999999998 17.85496388043643
-1.5999999999999996 19.106795843644264
-1.3999999999999995 20.50898787822651
-1.1999999999999993 22.005406032528896
-1.0 23.52425423631508
-0.7999999999999998 25.0334166091452
-0.5999999999999996 26.61282826708473
-0.39999999999999947 28.509718980282937
-0.1999999999999993 31.132826229843552
0.0 34.91692704452816
0.20000000000000107 40.051154337176584
0.40000000000000036 46.256389813812035
0.5999999999999996 52.843677740582386
0.8000000000000007 59.02975667649231
1.0 64.25648808330835
1.200000000000001 68.31305040548477
1.4000000000000004 71.26520106156455
1.6000000000000014 73.31576652581009
1.8000000000000007 74.69398653119062
2.0 75.59906410224467
2.200000000000001 76.1834183732394
2.4000000000000004 76.55562720039045
2.6000000000000014 76.78991666908496
2.8000000000000007 76.93586478115665
3.0 77.02607766723406
3.200000000000001 77.08163533170693
3.4000000000000004 77.1158718098063
3.6000000000000014 77.13704459552723
3.8000000000000007 77.15019915269924
4.0 77.15840764955534
Result sigma optimization:  -3.3999999999999995 14.060593099640457
E_max_2 =  500
Cutoff Radius =  6.0
Selected Radial Transform =  25.0
factor =  0.9
displacement =  0.0
dataset =  datasets/random-ch4-10k.extxyz
n_train =  500
n_test =  2000
Train RMSE: 5.988937391456385 [Train MAE: 4.7740085711131774]
Test RMSE: 15.772302140032505 [Test MAE: 9.086353473619091]
FINISHED at Tue Jan 10 03:43:41 CET 2023
