STARTING AT Tue Jan 10 03:44:09 CET 2023
Random seed: 1000
7 16
Reading dataset
Shuffling and extracting from dataset (length: 10000)
Shuffling and extraction done
Calculating power spectrum
Expansion coefficients done
Computing training kernel
     Calculating kernels for center species 1
     Calculating kernels for center species 1
Beginning first index add...
Beginning second index add...
     Calculating kernels for center species 6
     Calculating kernels for center species 6
Beginning first index add...
Beginning second index add...
Training kernel done
Computing test kernel
     Calculating kernels for center species 1
     Calculating kernels for center species 1
Beginning first index add...
Beginning second index add...
     Calculating kernels for center species 6
     Calculating kernels for center species 6
Beginning first index add...
Beginning second index add...
Test kernel done
Calculating composition features
Composition features done
-8.0 49.58635401701829
-7.8 41.11990056812471
-7.6 34.77274218769487
-7.4 29.696282701707986
-7.2 25.620825096609554
-7.0 22.634566474736022
-6.8 20.800293232293676
-6.6 19.926234485673103
-6.4 19.634338329302004
-6.2 19.562774630222677
-6.0 19.487815261373516
-5.8 19.328680890334784
-5.6 19.093430315314297
-5.4 18.82533242882323
-5.199999999999999 18.578904049839355
-5.0 18.414949365929864
-4.8 18.3910212303668
-4.6 18.542453927216787
-4.4 18.87179069458942
-4.199999999999999 19.36242334887098
-4.0 20.003860475102513
-3.8 20.80033304387416
-3.5999999999999996 21.754952526243795
-3.3999999999999995 22.84901011198213
-3.1999999999999993 24.037092549043674
-3.0 25.261451095713603
-2.8 26.476244109342513
-2.5999999999999996 27.66826693828714
-2.3999999999999995 28.865993691174076
-2.1999999999999993 30.141615103818484
-2.0 31.619189337176532
-1.7999999999999998 33.49258309410476
-1.5999999999999996 36.026460123557904
-1.3999999999999995 39.484273103242856
-1.1999999999999993 43.95748580634111
-1.0 49.20549140492788
-0.7999999999999998 54.69624470994782
-0.5999999999999996 59.853947826660715
-0.39999999999999947 64.29456062719542
-0.1999999999999993 67.8836239061739
0.0 70.65597867913547
0.20000000000000107 72.71967217908164
0.40000000000000036 74.20353349398809
0.5999999999999996 75.23637621218474
0.8000000000000007 75.93535843444057
1.0 76.39790953724926
1.200000000000001 76.69879162793002
1.4000000000000004 76.89183641075772
1.6000000000000014 77.01404188990006
1.8000000000000007 77.09002544312195
2.0 77.1358456626119
2.200000000000001 77.16194405931469
2.4000000000000004 77.17526357710487
2.6000000000000014 77.18063520706822
2.8000000000000007 77.18152091521225
3.0 77.18030832795746
3.200000000000001 77.1784564427071
3.4000000000000004 77.17669733604558
3.6000000000000014 77.17529562252638
3.8000000000000007 77.17427685585623
4.0 77.17357519236526
Result sigma optimization:  -4.8 18.3910212303668
E_max_2 =  500
Cutoff Radius =  6.0
Selected Radial Transform =  25.0
factor =  2.6
displacement =  0.0
dataset =  datasets/random-ch4-10k.extxyz
n_train =  500
n_test =  2000
Train RMSE: 14.15730122569086 [Train MAE: 11.408307705078682]
Test RMSE: 17.51457453628479 [Test MAE: 13.292097292944204]
FINISHED at Tue Jan 10 03:45:49 CET 2023
