STARTING AT Tue Jan 10 02:49:12 CET 2023
Random seed: 1000
6 14
Reading dataset
Shuffling and extracting from dataset (length: 105092)
Shuffling and extraction done
Calculating power spectrum
Expansion coefficients done
Computing training kernel
     Calculating kernels for center species 79
     Calculating kernels for center species 79
Beginning first index add...
Beginning second index add...
Training kernel done
Computing test kernel
     Calculating kernels for center species 79
     Calculating kernels for center species 79
Beginning first index add...
Beginning second index add...
Test kernel done
Calculating composition features
Composition features done
-8.0 114.49169268360073
-7.8 114.31045271946564
-7.6 114.22634758029271
-7.4 114.10311673591744
-7.2 113.81659173449316
-7.0 113.31464010760503
-6.8 112.63818991811094
-6.6 111.89765863148584
-6.4 111.23240898204533
-6.2 110.77626353988025
-6.0 110.62463767895866
-5.8 110.80431287917853
-5.6 111.26968929031109
-5.4 111.93366776597527
-5.199999999999999 112.7121642937087
-5.0 113.56281026075602
-4.8 114.5118932979917
-4.6 115.6696704603259
-4.4 117.23282503857855
-4.199999999999999 119.4662537521465
-4.0 122.65843589873582
-3.8 127.0501141780378
-3.5999999999999996 132.75220488972323
-3.3999999999999995 139.73906250875754
-3.1999999999999993 148.0163405960038
-3.0 157.85052124289726
-2.8 169.71879109098174
-2.5999999999999996 183.80078004186785
-2.3999999999999995 199.41515169613774
-2.1999999999999993 215.09627742195747
-2.0 229.3475581014165
-1.7999999999999998 241.3606269084784
-1.5999999999999996 251.21554665574087
-1.3999999999999995 259.7052171866283
-1.1999999999999993 268.09025701562246
-1.0 277.83933749173315
-0.7999999999999998 290.2248343060638
-0.5999999999999996 305.8376594206028
-0.39999999999999947 324.40000065731965
-0.1999999999999993 345.02787114238237
0.0 366.5992335999597
0.20000000000000107 388.1019103240477
0.40000000000000036 409.2581452931223
0.5999999999999996 431.3420351625275
0.8000000000000007 457.5072944913252
1.0 491.80108464691375
1.200000000000001 536.5870477510862
1.4000000000000004 589.9430509913801
1.6000000000000014 645.850751834271
1.8000000000000007 697.4205000568766
2.0 740.0962686026255
2.200000000000001 772.5655528956056
2.4000000000000004 795.8265639241706
2.6000000000000014 811.8589776913598
2.8000000000000007 822.7107100006715
3.0 830.0759503547969
3.200000000000001 835.1758781293476
3.4000000000000004 838.7927864208123
3.6000000000000014 841.3862023337706
3.8000000000000007 843.2304173772736
4.0 844.5143895873721
Result sigma optimization:  -6.0 110.62463767895866
E_max_2 =  400
Cutoff Radius =  6.0
Selected Radial Transform =  25.0
factor =  0.9
displacement =  0.0
dataset =  datasets/gold.xyz
n_train =  500
n_test =  2000
Train RMSE: 90.88489633257117 [Train MAE: 71.23307543656666]
Test RMSE: 111.90303231673147 [Test MAE: 82.9582040872781]
FINISHED at Tue Jan 10 02:50:08 CET 2023
