STARTING AT Tue Jan 10 03:44:09 CET 2023
Random seed: 1000
7 18
Reading dataset
Shuffling and extracting from dataset (length: 10000)
Shuffling and extraction done
Calculating power spectrum
Expansion coefficients done
Computing training kernel
     Calculating kernels for center species 1
     Calculating kernels for center species 1
Beginning first index add...
Beginning second index add...
     Calculating kernels for center species 6
     Calculating kernels for center species 6
Beginning first index add...
Beginning second index add...
Training kernel done
Computing test kernel
     Calculating kernels for center species 1
     Calculating kernels for center species 1
Beginning first index add...
Beginning second index add...
     Calculating kernels for center species 6
     Calculating kernels for center species 6
Beginning first index add...
Beginning second index add...
Test kernel done
Calculating composition features
Composition features done
-8.0 69.59517297910129
-7.8 61.16513969131054
-7.6 53.66746922592686
-7.4 47.24324678787168
-7.2 41.904516767507374
-7.0 37.46446892505407
-6.8 33.63300137262293
-6.6 30.194605780768384
-6.4 27.09408580571547
-6.2 24.39304686928861
-6.0 22.1760607385082
-5.8 20.475983467133144
-5.6 19.25113660242289
-5.4 18.4115079011704
-5.199999999999999 17.857958372888973
-5.0 17.505438596636903
-4.8 17.289509969279212
-4.6 17.16551221719408
-4.4 17.10730905573762
-4.199999999999999 17.10761455616143
-4.0 17.175990228084736
-3.8 17.332579362737846
-3.5999999999999996 17.603358740924016
-3.3999999999999995 18.020270686542222
-3.1999999999999993 18.618484213687093
-3.0 19.42244984383598
-2.8 20.427547676517886
-2.5999999999999996 21.595050210524253
-2.3999999999999995 22.86717635247139
-2.1999999999999993 24.191046492558026
-2.0 25.53829523614216
-1.7999999999999998 26.919736077216513
-1.5999999999999996 28.409177268510444
-1.3999999999999995 30.18413801603851
-1.1999999999999993 32.546117376313155
-1.0 35.8382633790673
-0.7999999999999998 40.22925486622391
-0.5999999999999996 45.51393197116528
-0.39999999999999947 51.15608550815117
-0.1999999999999993 56.55808715900029
0.0 61.31104605552736
0.20000000000000107 65.26247963118753
0.40000000000000036 68.43757785281258
0.5999999999999996 70.92863896836995
0.8000000000000007 72.83170915064254
1.0 74.23731293411869
1.200000000000001 75.2379843363128
1.4000000000000004 75.9266522960551
1.6000000000000014 76.38763498548323
1.8000000000000007 76.68962210154675
2.0 76.88400211809088
2.200000000000001 77.00696667523773
2.4000000000000004 77.08302040638033
2.6000000000000014 77.12843235817056
2.8000000000000007 77.15403343565508
3.0 77.16719491050124
3.200000000000001 77.17301567830295
3.4000000000000004 77.17492822168815
3.6000000000000014 77.17505477476764
3.8000000000000007 77.17454762768867
4.0 77.17393770036121
Result sigma optimization:  -4.4 17.10730905573762
E_max_2 =  600
Cutoff Radius =  6.0
Selected Radial Transform =  25.0
factor =  2.3
displacement =  0.0
dataset =  datasets/random-ch4-10k.extxyz
n_train =  500
n_test =  2000
Train RMSE: 11.165773988746503 [Train MAE: 8.863759821364368]
Test RMSE: 15.758918268181773 [Test MAE: 11.437030352964857]
FINISHED at Tue Jan 10 03:45:36 CET 2023
