STARTING AT Tue Jan 10 03:41:08 CET 2023
Random seed: 1000
5 11
Reading dataset
Shuffling and extracting from dataset (length: 10000)
Shuffling and extraction done
Calculating power spectrum
Expansion coefficients done
Computing training kernel
     Calculating kernels for center species 1
     Calculating kernels for center species 1
Beginning first index add...
Beginning second index add...
     Calculating kernels for center species 6
     Calculating kernels for center species 6
Beginning first index add...
Beginning second index add...
Training kernel done
Computing test kernel
     Calculating kernels for center species 1
     Calculating kernels for center species 1
Beginning first index add...
Beginning second index add...
     Calculating kernels for center species 6
     Calculating kernels for center species 6
Beginning first index add...
Beginning second index add...
Test kernel done
Calculating composition features
Composition features done
-8.0 54.14915583193374
-7.8 54.01814278545333
-7.6 53.82084348191899
-7.4 53.53130246700443
-7.2 53.12157731785741
-7.0 52.569499281745884
-6.8 51.87078779477888
-6.6 51.05114463153706
-6.4 50.170122736097966
-6.2 49.31066655463105
-6.0 48.558095366781274
-5.8 47.98130338451852
-5.6 47.625555946087104
-5.4 47.51536878760329
-5.199999999999999 47.662238083622945
-5.0 48.071958457627886
-4.8 48.74258668548284
-4.6 49.64939447062235
-4.4 50.730817038519945
-4.199999999999999 51.89723035401053
-4.0 53.06615348818801
-3.8 54.19782678707439
-3.5999999999999996 55.29781461641668
-3.3999999999999995 56.3835152850598
-3.1999999999999993 57.44993031679382
-3.0 58.469502911325115
-2.8 59.420697210124615
-2.5999999999999996 60.30694155052338
-2.3999999999999995 61.13961791330988
-2.1999999999999993 61.90753148145054
-2.0 62.57712803058557
-1.7999999999999998 63.12632593584073
-1.5999999999999996 63.57289906960983
-1.3999999999999995 63.97203694909831
-1.1999999999999993 64.39274818824614
-1.0 64.89196933745332
-0.7999999999999998 65.4973167296997
-0.5999999999999996 66.20872352622305
-0.39999999999999947 67.01881567705284
-0.1999999999999993 67.92576594377395
0.0 68.91766486941532
0.20000000000000107 69.95088126379203
0.40000000000000036 70.95866447841301
0.5999999999999996 71.88631954659388
0.8000000000000007 72.71556567444632
1.0 73.4550461790694
1.200000000000001 74.1123006146853
1.4000000000000004 74.67856814289397
1.6000000000000014 75.13732721215231
1.8000000000000007 75.48139561640019
2.0 75.7209088655974
2.200000000000001 75.8790509816213
2.4000000000000004 75.98308512130691
2.6000000000000014 76.05824443999886
2.8000000000000007 76.12653137295787
3.0 76.20698739654667
3.200000000000001 76.31280525190249
3.4000000000000004 76.44556544488272
3.6000000000000014 76.59328158968832
3.8000000000000007 76.73701444785503
4.0 76.86103786313649
Result sigma optimization:  -5.4 47.51536878760329
E_max_2 =  300
Cutoff Radius =  6.0
Selected Radial Transform =  25.0
factor =  0.2
displacement =  0.0
dataset =  datasets/random-ch4-10k.extxyz
n_train =  500
n_test =  2000
Train RMSE: 6.797327409446029 [Train MAE: 4.954235836112938]
Test RMSE: 51.44854302929404 [Test MAE: 27.027867626397242]
FINISHED at Tue Jan 10 03:41:20 CET 2023
