STARTING AT Tue Jan 10 03:43:39 CET 2023
Random seed: 1000
7 18
Reading dataset
Shuffling and extracting from dataset (length: 10000)
Shuffling and extraction done
Calculating power spectrum
Expansion coefficients done
Computing training kernel
     Calculating kernels for center species 1
     Calculating kernels for center species 1
Beginning first index add...
Beginning second index add...
     Calculating kernels for center species 6
     Calculating kernels for center species 6
Beginning first index add...
Beginning second index add...
Training kernel done
Computing test kernel
     Calculating kernels for center species 1
     Calculating kernels for center species 1
Beginning first index add...
Beginning second index add...
     Calculating kernels for center species 6
     Calculating kernels for center species 6
Beginning first index add...
Beginning second index add...
Test kernel done
Calculating composition features
Composition features done
-8.0 52.098240356994175
-7.8 46.715990408776406
-7.6 43.282455383765495
-7.4 40.67178867547837
-7.2 38.160231142727994
-7.0 35.48637951025647
-6.8 32.69284510676003
-6.6 29.91179763698717
-6.4 27.239844432908487
-6.2 24.735996824468568
-6.0 22.46180039830163
-5.8 20.487827724739827
-5.6 18.871453916462094
-5.4 17.638871902767644
-5.199999999999999 16.776340544099405
-5.0 16.228594349734642
-4.8 15.914892895385023
-4.6 15.75970083577272
-4.4 15.714218996657682
-4.199999999999999 15.756197748736456
-4.0 15.878727997355089
-3.8 16.082875343665467
-3.5999999999999996 16.378254641189383
-3.3999999999999995 16.78655414075568
-3.1999999999999993 17.342036005136713
-3.0 18.083145163727583
-2.8 19.03204889768645
-2.5999999999999996 20.17316429061116
-2.3999999999999995 21.451184790553274
-2.1999999999999993 22.794299126193376
-2.0 24.146687255392248
-1.7999999999999998 25.493110889626085
-1.5999999999999996 26.87746166556215
-1.3999999999999995 28.431298277074422
-1.1999999999999993 30.40703793852253
-1.0 33.15573752334857
-0.7999999999999998 36.974225582067504
-0.5999999999999996 41.87061368421457
-0.39999999999999947 47.466434701198736
-0.1999999999999993 53.163747697130404
0.0 58.424473890721245
0.20000000000000107 62.94042112781004
0.40000000000000036 66.63348713235392
0.5999999999999996 69.56036937670217
0.8000000000000007 71.8194456110494
1.0 73.51030560676362
1.200000000000001 74.73186590799976
1.4000000000000004 75.58401508210875
1.6000000000000014 76.16076761905497
1.8000000000000007 76.54183884293896
2.0 76.78882932639907
2.200000000000001 76.94615484180612
2.4000000000000004 77.04437433167848
2.6000000000000014 77.10396702790372
2.8000000000000007 77.13858838901854
3.0 77.15746312701728
3.200000000000001 77.16689054142768
3.4000000000000004 77.17107445172337
3.6000000000000014 77.17262960089913
3.8000000000000007 77.17302072960527
4.0 77.17297583913131
Result sigma optimization:  -4.4 15.714218996657682
E_max_2 =  600
Cutoff Radius =  6.0
Selected Radial Transform =  25.0
factor =  2.1
displacement =  0.0
dataset =  datasets/random-ch4-10k.extxyz
n_train =  500
n_test =  2000
Train RMSE: 9.598281632539928 [Train MAE: 7.6333220130709645]
Test RMSE: 16.732445775358446 [Test MAE: 10.880557626627144]
FINISHED at Tue Jan 10 03:43:52 CET 2023
