STARTING AT Tue Jan 10 03:43:39 CET 2023
Random seed: 1000
7 16
Reading dataset
Shuffling and extracting from dataset (length: 10000)
Shuffling and extraction done
Calculating power spectrum
Expansion coefficients done
Computing training kernel
     Calculating kernels for center species 1
     Calculating kernels for center species 1
Beginning first index add...
Beginning second index add...
     Calculating kernels for center species 6
     Calculating kernels for center species 6
Beginning first index add...
Beginning second index add...
Training kernel done
Computing test kernel
     Calculating kernels for center species 1
     Calculating kernels for center species 1
Beginning first index add...
Beginning second index add...
     Calculating kernels for center species 6
     Calculating kernels for center species 6
Beginning first index add...
Beginning second index add...
Test kernel done
Calculating composition features
Composition features done
-8.0 50.12163446819728
-7.8 45.94015797162659
-7.6 42.990077751614905
-7.4 40.31654287872039
-7.2 37.360922123953586
-7.0 34.016886096972584
-6.8 30.482756820339326
-6.6 27.057335020997833
-6.4 23.98661950456136
-6.2 21.40951757801287
-6.0 19.372310642651165
-5.8 17.85774879077587
-5.6 16.804483739377208
-5.4 16.12096736965663
-5.199999999999999 15.704716372922926
-5.0 15.466387526308726
-4.8 15.345300326652822
-4.6 15.308450608173152
-4.4 15.341145715386325
-4.199999999999999 15.44178045802156
-4.0 15.622571873470132
-3.8 15.91037884895163
-3.5999999999999996 16.34519883919301
-3.3999999999999995 16.975387296715496
-3.1999999999999993 17.842590824224033
-3.0 18.954107599936158
-2.8 20.26206094769953
-2.5999999999999996 21.674272188406263
-2.3999999999999995 23.09298218023606
-2.1999999999999993 24.45313323360699
-2.0 25.745465120427106
-1.7999999999999998 27.038236894529366
-1.5999999999999996 28.512822851120756
-1.3999999999999995 30.49105383299298
-1.1999999999999993 33.381286235819566
-1.0 37.479596331770516
-0.7999999999999998 42.720602402380116
-0.5999999999999996 48.62383049520476
-0.39999999999999947 54.52047571584963
-0.1999999999999993 59.8570141384901
0.0 64.34802396521155
0.20000000000000107 67.94162956801736
0.40000000000000036 70.7093800277802
0.5999999999999996 72.76673545273177
0.8000000000000007 74.24238297931933
1.0 75.26588091048968
1.200000000000001 75.95585085092387
1.4000000000000004 76.4106318404413
1.6000000000000014 76.70512177546725
1.8000000000000007 76.89285390559786
2.0 77.01046375148495
2.200000000000001 77.08240073087964
2.4000000000000004 77.12487804103003
2.6000000000000014 77.14875284684153
2.8000000000000007 77.16136198954257
3.0 77.16756907234272
3.200000000000001 77.17040932841473
3.4000000000000004 77.17161577213088
3.6000000000000014 77.17208752210021
3.8000000000000007 77.17225188410103
4.0 77.17229718608449
Result sigma optimization:  -4.6 15.308450608173152
E_max_2 =  500
Cutoff Radius =  6.0
Selected Radial Transform =  25.0
factor =  2.0
displacement =  0.0
dataset =  datasets/random-ch4-10k.extxyz
n_train =  500
n_test =  2000
Train RMSE: 9.78505918288611 [Train MAE: 7.784695861006663]
Test RMSE: 15.575405111437444 [Test MAE: 10.465567636147156]
FINISHED at Tue Jan 10 03:44:21 CET 2023
