STARTING AT Tue Jan 10 03:46:41 CET 2023
Random seed: 1000
7 18
Reading dataset
Shuffling and extracting from dataset (length: 10000)
Shuffling and extraction done
Calculating power spectrum
Expansion coefficients done
Computing training kernel
     Calculating kernels for center species 1
     Calculating kernels for center species 1
Beginning first index add...
Beginning second index add...
     Calculating kernels for center species 6
     Calculating kernels for center species 6
Beginning first index add...
Beginning second index add...
Training kernel done
Computing test kernel
     Calculating kernels for center species 1
     Calculating kernels for center species 1
Beginning first index add...
Beginning second index add...
     Calculating kernels for center species 6
     Calculating kernels for center species 6
Beginning first index add...
Beginning second index add...
Test kernel done
Calculating composition features
Composition features done
-8.0 35.77349453491974
-7.8 32.5684766368834
-7.6 29.80645074641197
-7.4 27.31080019668187
-7.2 24.951069658069834
-7.0 22.716245893869587
-6.8 20.692389221937553
-6.6 18.99215245791277
-6.4 17.694525925063587
-6.2 16.80905866972762
-6.0 16.270757164763058
-5.8 15.9695366280375
-5.6 15.792661868957618
-5.4 15.652757490001536
-5.199999999999999 15.497057152378877
-5.0 15.308319352090136
-4.8 15.100847871709629
-4.6 14.906341125259116
-4.4 14.752806509125907
-4.199999999999999 14.653027367597627
-4.0 14.61054035362509
-3.8 14.630457493223158
-3.5999999999999996 14.723534920019997
-3.3999999999999995 14.908430637418078
-3.1999999999999993 15.2171132897365
-3.0 15.696489304553378
-2.8 16.399228791394822
-2.5999999999999996 17.365964270270812
-2.3999999999999995 18.606306530012336
-2.1999999999999993 20.088859089795815
-2.0 21.754331399821204
-1.7999999999999998 23.559615677543576
-1.5999999999999996 25.535258611398813
-1.3999999999999995 27.81375336735618
-1.1999999999999993 30.591977900230773
-1.0 34.03379383915559
-0.7999999999999998 38.16476108407523
-0.5999999999999996 42.82527535233177
-0.39999999999999947 47.72745112922861
-0.1999999999999993 52.58002356193558
0.0 57.16700916533689
0.20000000000000107 61.336337519319976
0.40000000000000036 64.97631432241768
0.5999999999999996 68.0293485780598
0.8000000000000007 70.50158479889109
1.0 72.44103365857207
1.200000000000001 73.91218047843675
1.4000000000000004 74.98746913561003
1.6000000000000014 75.74489237335276
1.8000000000000007 76.26124663744211
2.0 76.60391589880382
2.200000000000001 76.82628882865883
2.4000000000000004 76.96757344289003
2.6000000000000014 77.05517667764451
2.8000000000000007 77.10779262537268
3.0 77.13811764479867
3.200000000000001 77.15477347333011
3.4000000000000004 77.1634926478787
3.6000000000000014 77.16788310662835
3.8000000000000007 77.17004516145447
4.0 77.17110749854086
Result sigma optimization:  -4.0 14.61054035362509
E_max_2 =  600
Cutoff Radius =  6.0
Selected Radial Transform =  26.0
factor =  1.6
displacement =  0.0
dataset =  datasets/random-ch4-10k.extxyz
n_train =  500
n_test =  2000
Train RMSE: 7.8324825107148115 [Train MAE: 6.30238194136871]
Test RMSE: 15.147329179489091 [Test MAE: 9.426343519471109]
FINISHED at Tue Jan 10 03:48:18 CET 2023
