STARTING AT Tue Jan 10 02:51:43 CET 2023
Random seed: 1000
7 18
Reading dataset
Shuffling and extracting from dataset (length: 105092)
Shuffling and extraction done
Calculating power spectrum
Expansion coefficients done
Computing training kernel
     Calculating kernels for center species 79
     Calculating kernels for center species 79
Beginning first index add...
Beginning second index add...
Training kernel done
Computing test kernel
     Calculating kernels for center species 79
     Calculating kernels for center species 79
Beginning first index add...
Beginning second index add...
Test kernel done
Calculating composition features
Composition features done
-8.0 475.6994808933948
-7.8 459.27545380740906
-7.6 438.5830738867041
-7.4 414.7088147213694
-7.2 389.30350703302963
-7.0 364.07191247173176
-6.8 340.4318881341303
-6.6 319.3520998439076
-6.4 301.3093621585538
-6.2 286.30505556583364
-6.0 273.8804972638756
-5.8 263.23706423568996
-5.6 253.53570020572926
-5.4 244.19160352978344
-5.199999999999999 234.9406026670748
-5.0 225.6940394032279
-4.8 216.36902601927386
-4.6 206.8252234349935
-4.4 196.92011703970198
-4.199999999999999 186.62549935423036
-4.0 176.10164583679233
-3.8 165.63794830202164
-3.5999999999999996 155.4960374321445
-3.3999999999999995 145.8273393603578
-3.1999999999999993 136.76743452474634
-3.0 128.57414610082344
-2.8 121.61067051778241
-2.5999999999999996 116.16420029882188
-2.3999999999999995 112.2804471958828
-2.1999999999999993 109.77349635538633
-2.0 108.37441372885925
-1.7999999999999998 107.86901477604822
-1.5999999999999996 108.15186295567521
-1.3999999999999995 109.22610678105201
-1.1999999999999993 111.19047791559187
-1.0 114.20763911288105
-0.7999999999999998 118.42657176043264
-0.5999999999999996 123.87072823307156
-0.39999999999999947 130.36023984687472
-0.1999999999999993 137.54276378210102
0.0 145.04027603554553
0.20000000000000107 152.63508181819893
0.40000000000000036 160.38163536199477
0.5999999999999996 168.57210715079904
0.8000000000000007 177.5797174970024
1.0 187.67310773041507
1.200000000000001 198.89002675549006
1.4000000000000004 211.01014713011782
1.6000000000000014 223.671955627378
1.8000000000000007 236.68819399736591
2.0 250.43091356097182
2.200000000000001 265.9323685299426
2.4000000000000004 284.4282716703276
2.6000000000000014 306.5484977290064
2.8000000000000007 331.9408304227308
3.0 359.89023289679005
3.200000000000001 390.23639407811925
3.4000000000000004 423.27081382885956
3.6000000000000014 458.5456470208248
3.8000000000000007 494.1902727767959
4.0 527.8905284910118
Result sigma optimization:  -1.7999999999999998 107.86901477604822
E_max_2 =  600
Cutoff Radius =  6.0
Selected Radial Transform =  26.0
factor =  0.1
displacement =  0.0
dataset =  datasets/gold.xyz
n_train =  500
n_test =  2000
Train RMSE: 60.213045450717125 [Train MAE: 44.990586989790934]
Test RMSE: 127.19602858726475 [Test MAE: 78.1822155394094]
FINISHED at Tue Jan 10 02:54:00 CET 2023
