STARTING AT Tue Jan 10 01:58:14 CET 2023
Random seed: 1000
7 18
Reading dataset
Shuffling and extracting from dataset (length: 133885)
Shuffling and extraction done
Calculating power spectrum
Expansion coefficients done
Computing training kernel
     Calculating kernels for center species 1
     Calculating kernels for center species 1
Beginning first index add...
Beginning second index add...
     Calculating kernels for center species 6
     Calculating kernels for center species 6
Beginning first index add...
Beginning second index add...
     Calculating kernels for center species 7
     Calculating kernels for center species 7
Beginning first index add...
Beginning second index add...
     Calculating kernels for center species 8
     Calculating kernels for center species 8
Beginning first index add...
Beginning second index add...
     Calculating kernels for center species 9
     Calculating kernels for center species 9
Beginning first index add...
Beginning second index add...
Training kernel done
Computing test kernel
     Calculating kernels for center species 1
     Calculating kernels for center species 1
Beginning first index add...
Beginning second index add...
     Calculating kernels for center species 6
     Calculating kernels for center species 6
Beginning first index add...
Beginning second index add...
     Calculating kernels for center species 7
     Calculating kernels for center species 7
Beginning first index add...
Beginning second index add...
     Calculating kernels for center species 8
     Calculating kernels for center species 8
Beginning first index add...
Beginning second index add...
     Calculating kernels for center species 9
     Calculating kernels for center species 9
Beginning first index add...
Beginning second index add...
Test kernel done
Calculating composition features
Composition features done
-8.0 11.302176922826435
-7.8 11.302176922255082
-7.6 11.302176921293816
-7.4 11.302176919788032
-7.2 11.302176917395226
-7.0 11.302176913629355
-6.8 11.302176907660472
-6.6 11.302176898164879
-6.4 11.30217688314319
-6.2 11.302176859333636
-6.0 11.302176821599126
-5.8 11.302176761772694
-5.6 11.302176666959419
-5.4 11.302176516713983
-5.199999999999999 11.302176278569956
-5.0 11.302175901142284
-4.8 11.302175302977941
-4.6 11.302174354912395
-4.4 11.302172852352514
-4.199999999999999 11.302170470954149
-4.0 11.302166696721685
-3.8 11.302160714967933
-3.5999999999999996 11.302151234586567
-3.3999999999999995 11.302136209313957
-3.1999999999999993 11.302112396183423
-3.0 11.30207465566214
-2.8 11.302014842961983
-2.5999999999999996 11.301920051160666
-2.3999999999999995 11.301769828685792
-2.1999999999999993 11.301531773303989
-2.0 11.301154559189733
-1.7999999999999998 11.300556911671048
-1.5999999999999996 11.299610197489816
-1.3999999999999995 11.298110994183677
-1.1999999999999993 11.295738019856348
-1.0 11.291984879251443
-0.7999999999999998 11.286055976993653
-0.5999999999999996 11.27676588778409
-0.39999999999999947 11.2624297723478
-0.1999999999999993 11.239998682490015
0.0 11.205272844998152
0.20000000000000107 11.152824699953669
0.40000000000000036 11.07742925447447
0.5999999999999996 10.97013805558083
0.8000000000000007 10.826191736478313
1.0 10.672394801988268
1.200000000000001 10.493712387568744
1.4000000000000004 10.306509117275768
1.6000000000000014 10.147184703489762
1.8000000000000007 10.014158726891685
2.0 9.940280431209931
2.200000000000001 9.985366173942454
2.4000000000000004 10.107511255981535
2.6000000000000014 10.33114827239711
2.8000000000000007 10.654051427502436
3.0 11.040183172841234
3.200000000000001 11.475668877074087
3.4000000000000004 11.995732711420187
3.6000000000000014 12.614199454143511
3.8000000000000007 13.269895139294091
4.0 13.928428731621201
Result sigma optimization:  2.0 9.940280431209931
E_max_2 =  600
Cutoff Radius =  6.0
Selected Radial Transform =  26.0
factor =  0.1
displacement =  0.0
dataset =  datasets/qm9.xyz
n_train =  500
n_test =  2000
Train RMSE: 5.047925146963061 [Train MAE: 3.6869437840036583]
Test RMSE: 11.176084353643217 [Test MAE: 8.294570614136479]
FINISHED at Tue Jan 10 01:59:06 CET 2023
