STARTING AT Tue Jan 10 01:58:14 CET 2023
Random seed: 1000
7 16
Reading dataset
Shuffling and extracting from dataset (length: 133885)
Shuffling and extraction done
Calculating power spectrum
Expansion coefficients done
Computing training kernel
     Calculating kernels for center species 1
     Calculating kernels for center species 1
Beginning first index add...
Beginning second index add...
     Calculating kernels for center species 6
     Calculating kernels for center species 6
Beginning first index add...
Beginning second index add...
     Calculating kernels for center species 7
     Calculating kernels for center species 7
Beginning first index add...
Beginning second index add...
     Calculating kernels for center species 8
     Calculating kernels for center species 8
Beginning first index add...
Beginning second index add...
     Calculating kernels for center species 9
     Calculating kernels for center species 9
Beginning first index add...
Beginning second index add...
Training kernel done
Computing test kernel
     Calculating kernels for center species 1
     Calculating kernels for center species 1
Beginning first index add...
Beginning second index add...
     Calculating kernels for center species 6
     Calculating kernels for center species 6
Beginning first index add...
Beginning second index add...
     Calculating kernels for center species 7
     Calculating kernels for center species 7
Beginning first index add...
Beginning second index add...
     Calculating kernels for center species 8
     Calculating kernels for center species 8
Beginning first index add...
Beginning second index add...
     Calculating kernels for center species 9
     Calculating kernels for center species 9
Beginning first index add...
Beginning second index add...
Test kernel done
Calculating composition features
Composition features done
-8.0 12.575121988089375
-7.8 12.575121986423047
-7.6 12.575121983789607
-7.4 12.575121979606505
-7.2 12.575121973038144
-7.0 12.575121962565271
-6.8 12.57512194598664
-6.6 12.575121919655006
-6.4 12.575121878034821
-6.2 12.575121812039063
-6.0 12.57512170737498
-5.8 12.575121541561964
-5.6 12.575121278729544
-5.4 12.575120862198155
-5.199999999999999 12.575120202021857
-5.0 12.57511915569256
-4.8 12.57511749739542
-4.6 12.575114869176302
-4.4 12.575110703733465
-4.199999999999999 12.575104101983612
-4.0 12.575093638936847
-3.8 12.575077056277802
-3.5999999999999996 12.575050774871976
-3.3999999999999995 12.57500912241717
-3.1999999999999993 12.574943109807219
-3.0 12.574838492041858
-2.8 12.574672696952348
-2.5999999999999996 12.574409961912595
-2.3999999999999995 12.573993636518834
-2.1999999999999993 12.573334009900814
-2.0 12.572289085985728
-1.7999999999999998 12.570634282376652
-1.5999999999999996 12.56801482758931
-1.3999999999999995 12.563937033414794
-1.1999999999999993 12.557518199275188
-1.0 12.547394127761367
-0.7999999999999998 12.531470456674239
-0.5999999999999996 12.506845803073027
-0.39999999999999947 12.46902445966296
-0.1999999999999993 12.410895652675364
0.0 12.323311321195796
0.20000000000000107 12.202046843229422
0.40000000000000036 12.034881151827655
0.5999999999999996 11.815671478196302
0.8000000000000007 11.54675049161545
1.0 11.263942999710318
1.200000000000001 11.00338557742472
1.4000000000000004 10.767623310987146
1.6000000000000014 10.591284865851
1.8000000000000007 10.508044380459808
2.0 10.52855494629828
2.200000000000001 10.708055240012534
2.4000000000000004 10.93589344228195
2.6000000000000014 11.223964815381079
2.8000000000000007 11.59230583342749
3.0 12.026279000016613
3.200000000000001 12.524147699603123
3.4000000000000004 13.074835072015665
3.6000000000000014 13.652025669705997
3.8000000000000007 14.241339981711514
4.0 14.811939564583158
Result sigma optimization:  1.8000000000000007 10.508044380459808
E_max_2 =  500
Cutoff Radius =  6.0
Selected Radial Transform =  26.0
factor =  0.1
displacement =  0.0
dataset =  datasets/qm9.xyz
n_train =  500
n_test =  2000
Train RMSE: 5.703172835084898 [Train MAE: 4.200819605497494]
Test RMSE: 12.011224480293372 [Test MAE: 8.920956265203682]
FINISHED at Tue Jan 10 02:01:31 CET 2023
