STARTING AT Tue Jan 10 03:46:10 CET 2023
Random seed: 1000
6 14
Reading dataset
Shuffling and extracting from dataset (length: 10000)
Shuffling and extraction done
Calculating power spectrum
Expansion coefficients done
Computing training kernel
     Calculating kernels for center species 1
     Calculating kernels for center species 1
Beginning first index add...
Beginning second index add...
     Calculating kernels for center species 6
     Calculating kernels for center species 6
Beginning first index add...
Beginning second index add...
Training kernel done
Computing test kernel
     Calculating kernels for center species 1
     Calculating kernels for center species 1
Beginning first index add...
Beginning second index add...
     Calculating kernels for center species 6
     Calculating kernels for center species 6
Beginning first index add...
Beginning second index add...
Test kernel done
Calculating composition features
Composition features done
-8.0 22.349366866751353
-7.8 21.334149692896723
-7.6 20.259665681915266
-7.4 19.168921418201943
-7.2 18.099141020861527
-7.0 17.076955031890336
-6.8 16.118039894540587
-6.6 15.229962061016174
-6.4 14.415944925285098
-6.2 13.678476970301766
-6.0 13.022061035929331
-5.8 12.454151778102633
-5.6 11.984641381893882
-5.4 11.624840672060353
-5.199999999999999 11.385369163001133
-5.0 11.27245463458866
-4.8 11.284230525030837
-4.6 11.40899119995205
-4.4 11.626609928174666
-4.199999999999999 11.914034812925385
-4.0 12.25485726891863
-3.8 12.650285936016084
-3.5999999999999996 13.125902786509814
-3.3999999999999995 13.728968007276103
-3.1999999999999993 14.515282845585467
-3.0 15.531790959967354
-2.8 16.807682341256918
-2.5999999999999996 18.360973083411672
-2.3999999999999995 20.211975556666747
-2.1999999999999993 22.39346164923308
-2.0 24.961880847808715
-1.7999999999999998 28.01014319069568
-1.5999999999999996 31.647553382714587
-1.3999999999999995 35.918190190615945
-1.1999999999999993 40.7206426645955
-1.0 45.82772701731706
-0.7999999999999998 50.98004046358887
-0.5999999999999996 55.94165684439873
-0.39999999999999947 60.503101990322264
-0.1999999999999993 64.49784126752002
0.0 67.83479217027157
0.20000000000000107 70.50283017332613
0.40000000000000036 72.54855788589748
0.5999999999999996 74.0540032007518
0.8000000000000007 75.11986378399072
1.0 75.84947573622041
1.200000000000001 76.33523307504235
1.4000000000000004 76.65133430480797
1.6000000000000014 76.85292639885981
1.8000000000000007 76.97898736363403
2.0 77.05628200812566
2.200000000000001 77.10285095281338
2.4000000000000004 77.13058150328582
2.6000000000000014 77.14704118587815
2.8000000000000007 77.15685790922547
3.0 77.16277000896199
3.200000000000001 77.16637039473987
3.4000000000000004 77.16858515543304
3.6000000000000014 77.16995845592916
3.8000000000000007 77.17081495683307
4.0 77.17135129140432
Result sigma optimization:  -5.0 11.27245463458866
E_max_2 =  400
Cutoff Radius =  6.0
Selected Radial Transform =  26.0
factor =  1.0
displacement =  0.0
dataset =  datasets/random-ch4-10k.extxyz
n_train =  500
n_test =  2000
Train RMSE: 4.322128856041192 [Train MAE: 3.3629644340827696]
Test RMSE: 12.136687786438717 [Test MAE: 7.292896742044155]
FINISHED at Tue Jan 10 03:50:44 CET 2023
