STARTING AT Tue Jan 10 03:48:42 CET 2023
Random seed: 1000
7 18
Reading dataset
Shuffling and extracting from dataset (length: 10000)
Shuffling and extraction done
Calculating power spectrum
Expansion coefficients done
Computing training kernel
     Calculating kernels for center species 1
     Calculating kernels for center species 1
Beginning first index add...
Beginning second index add...
     Calculating kernels for center species 6
     Calculating kernels for center species 6
Beginning first index add...
Beginning second index add...
Training kernel done
Computing test kernel
     Calculating kernels for center species 1
     Calculating kernels for center species 1
Beginning first index add...
Beginning second index add...
     Calculating kernels for center species 6
     Calculating kernels for center species 6
Beginning first index add...
Beginning second index add...
Test kernel done
Calculating composition features
Composition features done
-8.0 38.87890515273031
-7.8 34.71621745349528
-7.6 30.995650405326927
-7.4 28.043150001280235
-7.2 25.974584555410246
-7.0 24.63435631475973
-6.8 23.81879771321251
-6.6 23.39908123252258
-6.4 23.28548305366333
-6.2 23.386033077866514
-6.0 23.608934145354066
-5.8 23.882193035758696
-5.6 24.17069645841434
-5.4 24.483253554696063
-5.199999999999999 24.86299379340907
-5.0 25.36243774461335
-4.8 26.01416107398711
-4.6 26.809405570513846
-4.4 27.696784918178974
-4.199999999999999 28.60386353597094
-4.0 29.46533432831767
-3.8 30.23900523934337
-3.5999999999999996 30.909072132536796
-3.3999999999999995 31.48837844224905
-3.1999999999999993 32.024734406315545
-3.0 32.604061057691325
-2.8 33.34242954190345
-2.5999999999999996 34.376025547093136
-2.3999999999999995 35.872067619412306
-2.1999999999999993 38.04630986118616
-2.0 41.10330265008848
-1.7999999999999998 45.0624728106484
-1.5999999999999996 49.62747812799079
-1.3999999999999995 54.28975628192422
-1.1999999999999993 58.58962688554265
-1.0 62.295935897696886
-0.7999999999999998 65.40386026891031
-0.5999999999999996 68.01796501711162
-0.39999999999999947 70.23164990591015
-0.1999999999999993 72.07991067235177
0.0 73.56581698872849
0.20000000000000107 74.70310016226814
0.40000000000000036 75.53240054362782
0.5999999999999996 76.11266198647272
0.8000000000000007 76.50578700376576
1.0 76.76585727222653
1.200000000000001 76.93496493707653
1.4000000000000004 77.04349125541854
1.6000000000000014 77.11229005427514
1.8000000000000007 77.15518558605095
2.0 77.18110616573274
2.200000000000001 77.19570428157544
2.4000000000000004 77.20253904581178
2.6000000000000014 77.20394569761979
2.8000000000000007 77.2016637213196
3.0 77.19720288926261
3.200000000000001 77.19190914928434
3.4000000000000004 77.18682212347852
3.6000000000000014 77.18254394468482
3.8000000000000007 77.1792651906664
4.0 77.17691064460193
Result sigma optimization:  -6.4 23.28548305366333
E_max_2 =  600
Cutoff Radius =  6.0
Selected Radial Transform =  26.0
factor =  3.5
displacement =  0.0
dataset =  datasets/random-ch4-10k.extxyz
n_train =  500
n_test =  2000
Train RMSE: 18.656921367735862 [Train MAE: 14.813139867341059]
Test RMSE: 47.19866046773081 [Test MAE: 20.42366031003844]
FINISHED at Tue Jan 10 03:51:55 CET 2023
