STARTING AT Tue Jan 10 03:45:40 CET 2023
Random seed: 1000
7 16
Reading dataset
Shuffling and extracting from dataset (length: 10000)
Shuffling and extraction done
Calculating power spectrum
Expansion coefficients done
Computing training kernel
     Calculating kernels for center species 1
     Calculating kernels for center species 1
Beginning first index add...
Beginning second index add...
     Calculating kernels for center species 6
     Calculating kernels for center species 6
Beginning first index add...
Beginning second index add...
Training kernel done
Computing test kernel
     Calculating kernels for center species 1
     Calculating kernels for center species 1
Beginning first index add...
Beginning second index add...
     Calculating kernels for center species 6
     Calculating kernels for center species 6
Beginning first index add...
Beginning second index add...
Test kernel done
Calculating composition features
Composition features done
-8.0 13.734113709871377
-7.8 13.72600946483101
-7.6 13.713307427931792
-7.4 13.693524121180062
-7.2 13.66300835127399
-7.0 13.616619972660764
-6.8 13.547602788656635
-6.6 13.448009537273277
-6.4 13.310132920956573
-6.2 13.12912527498946
-6.0 12.906126094777374
-5.8 12.650200507821706
-5.6 12.377394282308257
-5.4 12.10683572657879
-5.199999999999999 11.855955271978763
-5.0 11.637546298535346
-4.8 11.459578169093854
-4.6 11.326231963099056
-4.4 11.238684533467449
-4.199999999999999 11.196001302780703
-4.0 11.196495971911379
-3.8 11.238571550064066
-3.5999999999999996 11.320606322629013
-3.3999999999999995 11.44089185929168
-3.1999999999999993 11.599033651229991
-3.0 11.800099200678098
-2.8 12.060885432853503
-2.5999999999999996 12.414629309666228
-2.3999999999999995 12.91139641167855
-2.1999999999999993 13.6163788200303
-2.0 14.609537459344427
-1.7999999999999998 15.983519691432546
-1.5999999999999996 17.831914238871764
-1.3999999999999995 20.229619130781405
-1.1999999999999993 23.222833666947224
-1.0 26.839735550181747
-0.7999999999999998 31.10177966228094
-0.5999999999999996 35.99486868896067
-0.39999999999999947 41.39655004474851
-0.1999999999999993 47.033190373157645
0.0 52.53927534065141
0.20000000000000107 57.58709522574426
0.40000000000000036 61.98552416037762
0.5999999999999996 65.68399956604732
0.8000000000000007 68.71075972606754
1.0 71.11819537382945
1.200000000000001 72.96726534311186
1.4000000000000004 74.3323021102529
1.6000000000000014 75.30120727644166
1.8000000000000007 75.96548004748361
2.0 76.40805089557463
2.200000000000001 76.6960697275785
2.4000000000000004 76.87969661518632
2.6000000000000014 76.99450797397944
2.8000000000000007 77.06497639170985
3.0 77.10757358490883
3.200000000000001 77.13309685995688
3.4000000000000004 77.14837643720521
3.6000000000000014 77.15757595369361
3.8000000000000007 77.16316571194054
4.0 77.16659491114743
Result sigma optimization:  -4.199999999999999 11.196001302780703
E_max_2 =  500
Cutoff Radius =  6.0
Selected Radial Transform =  26.0
factor =  0.7
displacement =  0.0
dataset =  datasets/random-ch4-10k.extxyz
n_train =  500
n_test =  2000
Train RMSE: 2.822936261872529 [Train MAE: 2.1939606025811127]
Test RMSE: 11.116486636956944 [Test MAE: 6.768385431822873]
FINISHED at Tue Jan 10 03:47:39 CET 2023
