STARTING AT Tue Jan 10 03:46:10 CET 2023
Random seed: 1000
8 20
Reading dataset
Shuffling and extracting from dataset (length: 10000)
Shuffling and extraction done
Calculating power spectrum
Expansion coefficients done
Computing training kernel
     Calculating kernels for center species 1
     Calculating kernels for center species 1
Beginning first index add...
Beginning second index add...
     Calculating kernels for center species 6
     Calculating kernels for center species 6
Beginning first index add...
Beginning second index add...
Training kernel done
Computing test kernel
     Calculating kernels for center species 1
     Calculating kernels for center species 1
Beginning first index add...
Beginning second index add...
     Calculating kernels for center species 6
     Calculating kernels for center species 6
Beginning first index add...
Beginning second index add...
Test kernel done
Calculating composition features
Composition features done
-8.0 17.023827341889383
-7.8 17.022162242803514
-7.6 17.019530219408605
-7.4 17.015376618748036
-7.2 17.00883962949123
-7.0 16.998598455195122
-6.8 16.98267599154108
-6.6 16.95822915910605
-6.4 16.921428568105064
-6.2 16.86760566975455
-6.0 16.791799509437155
-5.8 16.68953127350348
-5.6 16.55732829667681
-5.4 16.392846249473234
-5.199999999999999 16.195195335148274
-5.0 15.965925381839314
-4.8 15.710048631242191
-4.6 15.435944277727147
-4.4 15.153303250248552
-4.199999999999999 14.869687793614753
-4.0 14.588443910360688
-3.8 14.310385915385284
-3.5999999999999996 14.038379173838713
-3.3999999999999995 13.781742346587556
-3.1999999999999993 13.558012239762077
-3.0 13.39160179278869
-2.8 13.310812876393408
-2.5999999999999996 13.34487599309142
-2.3999999999999995 13.52088380656124
-2.1999999999999993 13.860485859374723
-2.0 14.379518522130478
-1.7999999999999998 15.094326364666518
-1.5999999999999996 16.032686726771313
-1.3999999999999995 17.240945700913716
-1.1999999999999993 18.78117143273948
-1.0 20.72254875845166
-0.7999999999999998 23.137704417212124
-0.5999999999999996 26.108218431414667
-0.39999999999999947 29.72595659120352
-0.1999999999999993 34.059194671069754
0.0 39.068430381158976
0.20000000000000107 44.52925284163585
0.40000000000000036 50.06399354727135
0.5999999999999996 55.28820135278812
0.8000000000000007 59.94803188671737
1.0 63.9470195601936
1.200000000000001 67.2857907337819
1.4000000000000004 69.99779583561262
1.6000000000000014 72.12578345014126
1.8000000000000007 73.72801816351807
2.0 74.88423577640286
2.200000000000001 75.68737039047625
2.4000000000000004 76.22812053437171
2.6000000000000014 76.58334818175845
2.8000000000000007 76.81196182377508
3.0 76.9562080058243
3.200000000000001 77.04522824889594
3.4000000000000004 77.09877470303049
3.6000000000000014 77.13013222005524
3.8000000000000007 77.14809195228139
4.0 77.15825901810646
Result sigma optimization:  -2.8 13.310812876393408
E_max_2 =  700
Cutoff Radius =  6.0
Selected Radial Transform =  26.0
factor =  0.9
displacement =  0.0
dataset =  datasets/random-ch4-10k.extxyz
n_train =  500
n_test =  2000
Train RMSE: 6.124472939797799 [Train MAE: 4.860549822900929]
Test RMSE: 13.809519780607893 [Test MAE: 9.05203065797734]
FINISHED at Tue Jan 10 03:48:25 CET 2023
