STARTING AT Tue Jan 10 02:52:14 CET 2023
Random seed: 1000
7 16
Reading dataset
Shuffling and extracting from dataset (length: 105092)
Shuffling and extraction done
Calculating power spectrum
Expansion coefficients done
Computing training kernel
     Calculating kernels for center species 79
     Calculating kernels for center species 79
Beginning first index add...
Beginning second index add...
Training kernel done
Computing test kernel
     Calculating kernels for center species 79
     Calculating kernels for center species 79
Beginning first index add...
Beginning second index add...
Test kernel done
Calculating composition features
Composition features done
-8.0 137.40352097683262
-7.8 137.12919683628948
-7.6 136.74592835032595
-7.4 136.21175014423198
-7.2 135.48285163679242
-7.0 134.5228628512734
-6.8 133.30217687892923
-6.6 131.78848798991595
-6.4 129.94170329012945
-6.2 127.72623124114376
-6.0 125.14043535307805
-5.8 122.24439309094471
-5.6 119.15936039904476
-5.4 116.03241610181206
-5.199999999999999 112.99416779590483
-5.0 110.13854897128043
-4.8 107.5163341472238
-4.6 105.11957491040783
-4.4 102.86395395613143
-4.199999999999999 100.60464854998439
-4.0 98.21663439177671
-3.8 95.7166332057393
-3.5999999999999996 93.33163976767055
-3.3999999999999995 91.4307380508882
-3.1999999999999993 90.35093953297475
-3.0 90.23736289708815
-2.8 91.00151343145312
-2.5999999999999996 92.42034876856607
-2.3999999999999995 94.31305230668049
-2.1999999999999993 96.69284480291454
-2.0 99.80638276698873
-1.7999999999999998 104.02123852873827
-1.5999999999999996 109.62917843906222
-1.3999999999999995 116.72796002155921
-1.1999999999999993 125.245424016441
-1.0 134.98462686214987
-0.7999999999999998 145.59907735801877
-0.5999999999999996 156.58305959541457
-0.39999999999999947 167.39751541263863
-0.1999999999999993 177.71192911233354
0.0 187.6184140571309
0.20000000000000107 197.68940860870904
0.40000000000000036 208.83953736580324
0.5999999999999996 222.04388759250222
0.8000000000000007 238.08358304716702
1.0 257.56274026703716
1.200000000000001 281.2081867792367
1.4000000000000004 309.9586527541241
1.6000000000000014 344.27665738047506
1.8000000000000007 383.06737398713966
2.0 423.59878672785527
2.200000000000001 463.04929986772663
2.4000000000000004 500.4302038376341
2.6000000000000014 537.1661727556068
2.8000000000000007 575.7458281353362
3.0 617.2846346672623
3.200000000000001 660.01378909616
3.4000000000000004 700.216460657502
3.6000000000000014 734.5925425428862
3.8000000000000007 761.7905047478445
4.0 782.344362371217
Result sigma optimization:  -3.0 90.23736289708815
E_max_2 =  500
Cutoff Radius =  6.0
Selected Radial Transform =  26.0
factor =  0.3
displacement =  0.0
dataset =  datasets/gold.xyz
n_train =  500
n_test =  2000
Train RMSE: 43.907237348461514 [Train MAE: 31.713002934250614]
Test RMSE: 97.60926512054101 [Test MAE: 60.36572249264908]
FINISHED at Tue Jan 10 02:53:16 CET 2023
