STARTING AT Tue Jan 10 03:51:13 CET 2023
Random seed: 1000
5 11
Reading dataset
Shuffling and extracting from dataset (length: 10000)
Shuffling and extraction done
Calculating power spectrum
Expansion coefficients done
Computing training kernel
     Calculating kernels for center species 1
     Calculating kernels for center species 1
Beginning first index add...
Beginning second index add...
     Calculating kernels for center species 6
     Calculating kernels for center species 6
Beginning first index add...
Beginning second index add...
Training kernel done
Computing test kernel
     Calculating kernels for center species 1
     Calculating kernels for center species 1
Beginning first index add...
Beginning second index add...
     Calculating kernels for center species 6
     Calculating kernels for center species 6
Beginning first index add...
Beginning second index add...
Test kernel done
Calculating composition features
Composition features done
-8.0 14.126893623449623
-7.8 13.4554013640446
-7.6 13.169556932795272
-7.4 13.144810840713976
-7.2 13.25790564061744
-7.0 13.422769868529072
-6.8 13.592758297656394
-6.6 13.745916478145203
-6.4 13.874066668251048
-6.2 13.979800401113069
-6.0 14.074284129424706
-5.8 14.171294113293083
-5.6 14.281227514532128
-5.4 14.411925847394945
-5.199999999999999 14.579146757441785
-5.0 14.822684284189828
-4.8 15.217360123616679
-4.6 15.864272768685375
-4.4 16.852654170901054
-4.199999999999999 18.206119380408243
-4.0 19.85540172186648
-3.8 21.666819449019854
-3.5999999999999996 23.508047854301637
-3.3999999999999995 25.31911572159005
-3.1999999999999993 27.178096849122078
-3.0 29.348032094360093
-2.8 32.25089977624956
-2.5999999999999996 36.28909050038812
-2.3999999999999995 41.54619519247766
-2.1999999999999993 47.61919639782772
-2.0 53.78850334218261
-1.7999999999999998 59.37949495189451
-1.5999999999999996 64.01436566906051
-1.3999999999999995 67.63326571164292
-1.1999999999999993 70.3686846098891
-1.0 72.40541782187776
-0.7999999999999998 73.90285568991658
-0.5999999999999996 74.9821318653885
-0.39999999999999947 75.73965387547172
-0.1999999999999993 76.2568171682798
0.0 76.60127113957252
0.20000000000000107 76.82595627896644
0.40000000000000036 76.96975002965225
0.5999999999999996 77.05980586571262
0.8000000000000007 77.11449568816785
1.0 77.146130708702
1.200000000000001 77.1630710624474
1.4000000000000004 77.17110402704951
1.6000000000000014 77.17419001419715
1.8000000000000007 77.17486401565377
2.0 77.17457128945928
2.200000000000001 77.17402174726317
2.4000000000000004 77.17350357790968
2.6000000000000014 77.17310045538012
2.8000000000000007 77.17281351980073
3.0 77.17261889053313
3.200000000000001 77.1724905170272
3.4000000000000004 77.17240725890463
3.6000000000000014 77.17235381607506
3.8000000000000007 77.1723197306968
4.0 77.17229807817785
Result sigma optimization:  -7.4 13.144810840713976
E_max_2 =  300
Cutoff Radius =  6.0
Selected Radial Transform =  27.0
factor =  2.1
displacement =  0.0
dataset =  datasets/random-ch4-10k.extxyz
n_train =  500
n_test =  2000
Train RMSE: 8.454566801625043 [Train MAE: 6.621511779623771]
Test RMSE: 19.363220760424387 [Test MAE: 9.473479591613096]
FINISHED at Tue Jan 10 03:51:27 CET 2023
