STARTING AT Tue Jan 10 02:02:47 CET 2023
Random seed: 1000
7 16
Reading dataset
Shuffling and extracting from dataset (length: 133885)
Shuffling and extraction done
Calculating power spectrum
Expansion coefficients done
Computing training kernel
     Calculating kernels for center species 1
     Calculating kernels for center species 1
Beginning first index add...
Beginning second index add...
     Calculating kernels for center species 6
     Calculating kernels for center species 6
Beginning first index add...
Beginning second index add...
     Calculating kernels for center species 7
     Calculating kernels for center species 7
Beginning first index add...
Beginning second index add...
     Calculating kernels for center species 8
     Calculating kernels for center species 8
Beginning first index add...
Beginning second index add...
     Calculating kernels for center species 9
     Calculating kernels for center species 9
Beginning first index add...
Beginning second index add...
Training kernel done
Computing test kernel
     Calculating kernels for center species 1
     Calculating kernels for center species 1
Beginning first index add...
Beginning second index add...
     Calculating kernels for center species 6
     Calculating kernels for center species 6
Beginning first index add...
Beginning second index add...
     Calculating kernels for center species 7
     Calculating kernels for center species 7
Beginning first index add...
Beginning second index add...
     Calculating kernels for center species 8
     Calculating kernels for center species 8
Beginning first index add...
Beginning second index add...
     Calculating kernels for center species 9
     Calculating kernels for center species 9
Beginning first index add...
Beginning second index add...
Test kernel done
Calculating composition features
Composition features done
-8.0 6.4002041603874895
-7.8 6.400204103925532
-7.6 6.4002040144377235
-7.4 6.40020387260785
-7.2 6.400203647824695
-7.0 6.400203291566288
-6.8 6.400202726937564
-6.6 6.4002018320613905
-6.4 6.400200413791018
-6.2 6.4001981659993294
-6.0 6.400194603533111
-5.8 6.4001889575063045
-5.6 6.400180009444922
-5.4 6.4001658284101035
-5.199999999999999 6.400143354726928
-5.0 6.400107740713893
-4.8 6.400051307285036
-4.6 6.399961893894502
-4.4 6.3998202524222565
-4.199999999999999 6.3995959394241675
-4.0 6.3992408625607755
-3.8 6.398679193829884
-3.5999999999999996 6.397791734576873
-3.3999999999999995 6.396392003049109
-3.1999999999999993 6.394190453923434
-3.0 6.390775204454615
-2.8 6.385780382792387
-2.5999999999999996 6.378231821599203
-2.3999999999999995 6.366909030241056
-2.1999999999999993 6.351275922212729
-2.0 6.335597646952486
-1.7999999999999998 6.319652373112549
-1.5999999999999996 6.3056369575387965
-1.3999999999999995 6.304296384311081
-1.1999999999999993 6.339709877650505
-1.0 6.437690763346576
-0.7999999999999998 6.620869504069672
-0.5999999999999996 6.915638654030164
-0.39999999999999947 7.336293439023605
-0.1999999999999993 7.875618752284277
0.0 8.521756143065042
0.20000000000000107 9.300789168141083
0.40000000000000036 10.199061602720693
0.5999999999999996 11.199508950243038
0.8000000000000007 12.223610041332405
1.0 13.250217126376493
1.200000000000001 14.254055210807751
1.4000000000000004 15.24586875722872
1.6000000000000014 16.239275044751306
1.8000000000000007 17.203929069944227
2.0 18.093207456409647
2.200000000000001 18.890569920390895
2.4000000000000004 19.578407492219316
2.6000000000000014 20.133477349198877
2.8000000000000007 20.531785096104073
3.0 20.80637624061113
3.200000000000001 20.99865578815317
3.4000000000000004 21.1276227367002
3.6000000000000014 21.21271617968184
3.8000000000000007 21.266814120514578
4.0 21.301188780918412
Result sigma optimization:  -1.3999999999999995 6.304296384311081
E_max_2 =  500
Cutoff Radius =  6.0
Selected Radial Transform =  27.0
factor =  0.6
displacement =  0.0
dataset =  datasets/qm9.xyz
n_train =  500
n_test =  2000
Train RMSE: 1.817537510171638 [Train MAE: 1.2930125338653466]
Test RMSE: 7.689737855313365 [Test MAE: 5.324373354612841]
FINISHED at Tue Jan 10 02:05:48 CET 2023
