STARTING AT Tue Jan 10 03:48:42 CET 2023
Random seed: 1000
6 14
Reading dataset
Shuffling and extracting from dataset (length: 10000)
Shuffling and extraction done
Calculating power spectrum
Expansion coefficients done
Computing training kernel
     Calculating kernels for center species 1
     Calculating kernels for center species 1
Beginning first index add...
Beginning second index add...
     Calculating kernels for center species 6
     Calculating kernels for center species 6
Beginning first index add...
Beginning second index add...
Training kernel done
Computing test kernel
     Calculating kernels for center species 1
     Calculating kernels for center species 1
Beginning first index add...
Beginning second index add...
     Calculating kernels for center species 6
     Calculating kernels for center species 6
Beginning first index add...
Beginning second index add...
Test kernel done
Calculating composition features
Composition features done
-8.0 13.690921607270763
-7.8 13.688047684100638
-7.6 13.683514491610444
-7.4 13.67638362323496
-7.2 13.665214360074861
-7.0 13.647834788273707
-6.8 13.621062461601397
-6.6 13.5804347604218
-6.4 13.520101889940898
-6.2 13.433145981247714
-6.0 13.312597717247183
-5.8 13.153143677330032
-5.6 12.953002620742335
-5.4 12.715199321600009
-5.199999999999999 12.44773823161134
-5.0 12.162496872276657
-4.8 11.873229528524133
-4.6 11.594238144548223
-4.4 11.340948657213337
-4.199999999999999 11.130822880933366
-4.0 10.981461888232595
-3.8 10.905999617202879
-3.5999999999999996 10.910923484545215
-3.3999999999999995 11.00030162823683
-3.1999999999999993 11.182415440704428
-3.0 11.470960449881288
-2.8 11.8793982484371
-2.5999999999999996 12.414670719946626
-2.3999999999999995 13.075863784787735
-2.1999999999999993 13.858287800882675
-2.0 14.761305174376002
-1.7999999999999998 15.798541763116344
-1.5999999999999996 17.008586900683138
-1.3999999999999995 18.460566948708504
-1.1999999999999993 20.24309838999458
-1.0 22.43394359129178
-0.7999999999999998 25.072070375496057
-0.5999999999999996 28.15168237798123
-0.39999999999999947 31.627539762736564
-0.1999999999999993 35.417669848583934
0.0 39.40855948426791
0.20000000000000107 43.47073051425002
0.40000000000000036 47.49125994044009
0.5999999999999996 51.41867289238877
0.8000000000000007 55.274955601374316
1.0 59.08638719316895
1.200000000000001 62.78196768187426
1.4000000000000004 66.18107209543611
1.6000000000000014 69.09259962659101
1.8000000000000007 71.41570852671279
2.0 73.16083666173616
2.200000000000001 74.41154256131735
2.4000000000000004 75.27825145967948
2.6000000000000014 75.86774645133528
2.8000000000000007 76.26832682760637
3.0 76.54474243919164
3.200000000000001 76.73933952278308
3.4000000000000004 76.87758164376204
3.6000000000000014 76.97499719809807
3.8000000000000007 77.04230395988067
4.0 77.08776506675292
Result sigma optimization:  -3.8 10.905999617202879
E_max_2 =  400
Cutoff Radius =  6.0
Selected Radial Transform =  27.0
factor =  0.2
displacement =  0.0
dataset =  datasets/random-ch4-10k.extxyz
n_train =  500
n_test =  2000
Train RMSE: 2.313198542183664 [Train MAE: 1.808915902716783]
Test RMSE: 11.000735757777086 [Test MAE: 5.410690722439147]
FINISHED at Tue Jan 10 03:49:55 CET 2023
