STARTING AT Tue Jan 10 03:51:13 CET 2023
Random seed: 1000
5 11
Reading dataset
Shuffling and extracting from dataset (length: 10000)
Shuffling and extraction done
Calculating power spectrum
Expansion coefficients done
Computing training kernel
     Calculating kernels for center species 1
     Calculating kernels for center species 1
Beginning first index add...
Beginning second index add...
     Calculating kernels for center species 6
     Calculating kernels for center species 6
Beginning first index add...
Beginning second index add...
Training kernel done
Computing test kernel
     Calculating kernels for center species 1
     Calculating kernels for center species 1
Beginning first index add...
Beginning second index add...
     Calculating kernels for center species 6
     Calculating kernels for center species 6
Beginning first index add...
Beginning second index add...
Test kernel done
Calculating composition features
Composition features done
-8.0 14.920599806191717
-7.8 13.751166228722056
-7.6 12.959901116615558
-7.4 12.56630658292198
-7.2 12.493866550780492
-7.0 12.620671021519367
-6.8 12.837232745721094
-6.6 13.072906803373412
-6.4 13.29279001961579
-6.2 13.485029164395085
-6.0 13.651242515247363
-5.8 13.801139573297517
-5.6 13.947543793253795
-5.4 14.101792367280071
-5.199999999999999 14.274645138885296
-5.0 14.486398482916677
-4.8 14.782461477314051
-4.6 15.24313761700507
-4.4 15.973449746399766
-4.199999999999999 17.06545849775296
-4.0 18.547335912211874
-3.8 20.35566355958625
-3.5999999999999996 22.358535674206813
-3.3999999999999995 24.42401715386043
-3.1999999999999993 26.50759791553394
-3.0 28.728048245655437
-2.8 31.392946344936053
-2.5999999999999996 34.91151772441181
-2.3999999999999995 39.55321123155928
-2.1999999999999993 45.18139148538702
-2.0 51.234166130260554
-1.7999999999999998 57.0098169283697
-1.5999999999999996 61.99663983988689
-1.3999999999999995 66.0055521854008
-1.1999999999999993 69.09768400326182
-1.0 71.43743724570095
-0.7999999999999998 73.18575229391242
-0.5999999999999996 74.46760320486946
-0.39999999999999947 75.38214931441362
-0.1999999999999993 76.01525343556945
0.0 76.44155800007084
0.20000000000000107 76.72200704789422
0.40000000000000036 76.90282407413996
0.5999999999999996 77.01702831393969
0.8000000000000007 77.0872838136335
1.0 77.12887482991896
1.200000000000001 77.15215102680162
1.4000000000000004 77.16420260818421
1.6000000000000014 77.16983186517892
1.8000000000000007 77.17211316070627
2.0 77.17283535837247
2.200000000000001 77.1729264002066
2.4000000000000004 77.17281245823627
2.6000000000000014 77.17266439229034
2.8000000000000007 77.17253838551163
3.0 77.17244529405504
3.200000000000001 77.17238098575433
3.4000000000000004 77.17233814964636
3.6000000000000014 77.1723102112077
3.8000000000000007 77.1722922179375
4.0 77.1722807188214
Result sigma optimization:  -7.2 12.493866550780492
E_max_2 =  300
Cutoff Radius =  6.0
Selected Radial Transform =  27.0
factor =  2.0
displacement =  0.0
dataset =  datasets/random-ch4-10k.extxyz
n_train =  500
n_test =  2000
Train RMSE: 8.083726810374804 [Train MAE: 6.319485266963495]
Test RMSE: 17.869485666158393 [Test MAE: 9.107125712045754]
FINISHED at Tue Jan 10 03:53:48 CET 2023
