STARTING AT Tue Jan 10 02:03:47 CET 2023
Random seed: 1000
7 18
Reading dataset
Shuffling and extracting from dataset (length: 133885)
Shuffling and extraction done
Calculating power spectrum
Expansion coefficients done
Computing training kernel
     Calculating kernels for center species 1
     Calculating kernels for center species 1
Beginning first index add...
Beginning second index add...
     Calculating kernels for center species 6
     Calculating kernels for center species 6
Beginning first index add...
Beginning second index add...
     Calculating kernels for center species 7
     Calculating kernels for center species 7
Beginning first index add...
Beginning second index add...
     Calculating kernels for center species 8
     Calculating kernels for center species 8
Beginning first index add...
Beginning second index add...
     Calculating kernels for center species 9
     Calculating kernels for center species 9
Beginning first index add...
Beginning second index add...
Training kernel done
Computing test kernel
     Calculating kernels for center species 1
     Calculating kernels for center species 1
Beginning first index add...
Beginning second index add...
     Calculating kernels for center species 6
     Calculating kernels for center species 6
Beginning first index add...
Beginning second index add...
     Calculating kernels for center species 7
     Calculating kernels for center species 7
Beginning first index add...
Beginning second index add...
     Calculating kernels for center species 8
     Calculating kernels for center species 8
Beginning first index add...
Beginning second index add...
     Calculating kernels for center species 9
     Calculating kernels for center species 9
Beginning first index add...
Beginning second index add...
Test kernel done
Calculating composition features
Composition features done
-8.0 4.360625947672641
-7.8 4.360619816986582
-7.6 4.360610100782127
-7.4 4.36059470229951
-7.2 4.360570298922248
-7.0 4.360531626555836
-6.8 4.3604703454366245
-6.6 4.3603732479212045
-6.4 4.360219425129937
-6.2 4.359975799468579
-6.0 4.359593582452275
-5.8 4.3589896870023805
-5.6 4.3580350191981125
-5.4 4.356528095039801
-5.199999999999999 4.35418594846109
-5.0 4.350583450968378
-4.8 4.345439655090362
-4.6 4.338580917542262
-4.4 4.329805151189415
-4.199999999999999 4.317976864602213
-4.0 4.302924516743136
-3.8 4.288467287248816
-3.5999999999999996 4.281682342173808
-3.3999999999999995 4.2841904465133664
-3.1999999999999993 4.304645194714921
-3.0 4.349359157689163
-2.8 4.430236181130232
-2.5999999999999996 4.550476836027272
-2.3999999999999995 4.701263496573723
-2.1999999999999993 4.898628633319651
-2.0 5.149729059511748
-1.7999999999999998 5.439166971413805
-1.5999999999999996 5.789369116389447
-1.3999999999999995 6.186906391260047
-1.1999999999999993 6.678080610083685
-1.0 7.275178676897246
-0.7999999999999998 8.052644122100016
-0.5999999999999996 9.024338146227416
-0.39999999999999947 10.071071453838236
-0.1999999999999993 11.18512633220806
0.0 12.406279221449841
0.20000000000000107 13.627312513493505
0.40000000000000036 14.785386378959238
0.5999999999999996 15.906057642706555
0.8000000000000007 16.96574022353009
1.0 17.927759945644407
1.200000000000001 18.74020664537094
1.4000000000000004 19.40074043343135
1.6000000000000014 19.937162930291617
1.8000000000000007 20.356882337645104
2.0 20.670082595661732
2.200000000000001 20.88796475488485
2.4000000000000004 21.034252683959473
2.6000000000000014 21.133235179994667
2.8000000000000007 21.20829454517202
3.0 21.262877989472027
3.200000000000001 21.300956154085714
3.4000000000000004 21.32621949454554
3.6000000000000014 21.340778152210586
3.8000000000000007 21.347856225377438
4.0 21.350489721406817
Result sigma optimization:  -3.5999999999999996 4.281682342173808
E_max_2 =  600
Cutoff Radius =  6.0
Selected Radial Transform =  27.0
factor =  1.3
displacement =  0.0
dataset =  datasets/qm9.xyz
n_train =  500
n_test =  2000
Train RMSE: 0.64605174793963 [Train MAE: 0.49133401998049864]
Test RMSE: 5.651870966882579 [Test MAE: 3.7613514764109834]
FINISHED at Tue Jan 10 02:06:19 CET 2023
