STARTING AT Tue Jan 10 02:03:17 CET 2023
Random seed: 1000
6 14
Reading dataset
Shuffling and extracting from dataset (length: 133885)
Shuffling and extraction done
Calculating power spectrum
Expansion coefficients done
Computing training kernel
     Calculating kernels for center species 1
     Calculating kernels for center species 1
Beginning first index add...
Beginning second index add...
     Calculating kernels for center species 6
     Calculating kernels for center species 6
Beginning first index add...
Beginning second index add...
     Calculating kernels for center species 7
     Calculating kernels for center species 7
Beginning first index add...
Beginning second index add...
     Calculating kernels for center species 8
     Calculating kernels for center species 8
Beginning first index add...
Beginning second index add...
     Calculating kernels for center species 9
     Calculating kernels for center species 9
Beginning first index add...
Beginning second index add...
Training kernel done
Computing test kernel
     Calculating kernels for center species 1
     Calculating kernels for center species 1
Beginning first index add...
Beginning second index add...
     Calculating kernels for center species 6
     Calculating kernels for center species 6
Beginning first index add...
Beginning second index add...
     Calculating kernels for center species 7
     Calculating kernels for center species 7
Beginning first index add...
Beginning second index add...
     Calculating kernels for center species 8
     Calculating kernels for center species 8
Beginning first index add...
Beginning second index add...
     Calculating kernels for center species 9
     Calculating kernels for center species 9
Beginning first index add...
Beginning second index add...
Test kernel done
Calculating composition features
Composition features done
-8.0 5.078000409649743
-7.8 5.077978575535097
-7.6 5.077943974734357
-7.4 5.077889146210167
-7.2 5.0778022738987785
-7.0 5.077664653685759
-6.8 5.077446698550673
-6.6 5.077101659572145
-6.4 5.076555802997347
-6.2 5.075711743711763
-6.0 5.074391903570024
-5.8 5.072314795046484
-5.6 5.0692928936799655
-5.4 5.065070375952557
-5.199999999999999 5.058840569517605
-5.0 5.050814639445292
-4.8 5.040221746938398
-4.6 5.02622438388002
-4.4 5.009280368271633
-4.199999999999999 4.991661512549253
-4.0 4.97746809939095
-3.8 4.971636245411609
-3.5999999999999996 5.0073401403759785
-3.3999999999999995 5.061473176877015
-3.1999999999999993 5.149040297807089
-3.0 5.280257830740941
-2.8 5.458317166064242
-2.5999999999999996 5.6982473773118745
-2.3999999999999995 5.970988424772909
-2.1999999999999993 6.2934201082665995
-2.0 6.668059765677078
-1.7999999999999998 7.0987436952337575
-1.5999999999999996 7.6231190086251885
-1.3999999999999995 8.28156313091826
-1.1999999999999993 9.151299079357015
-1.0 10.15684509984009
-0.7999999999999998 11.268679282502788
-0.5999999999999996 12.446118219882758
-0.39999999999999947 13.697138492751542
-0.1999999999999993 14.910124004251049
0.0 16.06126124866644
0.20000000000000107 17.150975731847552
0.40000000000000036 18.115898495099355
0.5999999999999996 18.926730864187377
0.8000000000000007 19.565456195870976
1.0 20.063172834962927
1.200000000000001 20.437739626583497
1.4000000000000004 20.707875253256933
1.6000000000000014 20.899260811581176
1.8000000000000007 21.03376804460183
2.0 21.127967375041504
2.200000000000001 21.200579276670737
2.4000000000000004 21.255353119137805
2.6000000000000014 21.293276094251645
2.8000000000000007 21.318245686007725
3.0 21.332278426502725
3.200000000000001 21.33962750304381
3.4000000000000004 21.343691959312995
3.6000000000000014 21.34524238954334
3.8000000000000007 21.345537305123795
4.0 21.34533264370869
Result sigma optimization:  -3.8 4.971636245411609
E_max_2 =  400
Cutoff Radius =  6.0
Selected Radial Transform =  27.0
factor =  1.1
displacement =  0.0
dataset =  datasets/qm9.xyz
n_train =  500
n_test =  2000
Train RMSE: 1.0619362424061836 [Train MAE: 0.8038305005414427]
Test RMSE: 6.132323671385929 [Test MAE: 4.1437720532391396]
FINISHED at Tue Jan 10 02:04:17 CET 2023
