STARTING AT Tue Jan 10 02:09:21 CET 2023
Random seed: 1000
7 16
Reading dataset
Shuffling and extracting from dataset (length: 105092)
Shuffling and extraction done
Calculating power spectrum
Expansion coefficients done
Computing training kernel
     Calculating kernels for center species 79
     Calculating kernels for center species 79
Beginning first index add...
Beginning second index add...
Training kernel done
Computing test kernel
     Calculating kernels for center species 79
     Calculating kernels for center species 79
Beginning first index add...
Beginning second index add...
Test kernel done
Calculating composition features
Composition features done
-8.0 188.71839251233212
-7.8 208.70460943585962
-7.6 234.0875191509369
-7.4 262.57284828327516
-7.2 291.2390435783343
-7.0 317.6178450415336
-6.8 340.29706956528923
-6.6 358.84748601598267
-6.4 373.415808158116
-6.2 384.4133927069632
-6.0 392.3913909993212
-5.8 397.969673611577
-5.6 401.75261428577596
-5.4 404.2591463424796
-5.199999999999999 405.89290102002985
-5.0 406.94677845261566
-4.8 407.62458400158073
-4.6 408.0670445558879
-4.4 408.37788092530155
-4.199999999999999 408.65311181586304
-4.0 409.0249968502245
-3.8 409.74484074937186
-3.5999999999999996 411.3483811183381
-3.3999999999999995 414.9611801556936
-3.1999999999999993 422.745762980051
-3.0 438.2158995520851
-2.8 465.6055747110734
-2.5999999999999996 507.50016296483636
-2.3999999999999995 561.9111796593627
-2.1999999999999993 622.0150783934223
-2.0 679.473254413893
-1.7999999999999998 728.2412168921384
-1.5999999999999996 766.0044287848248
-1.3999999999999995 793.3493011688887
-1.1999999999999993 812.2418958220329
-1.0 824.8861575274956
-0.7999999999999998 833.1723752236846
-0.5999999999999996 838.5287458612371
-0.39999999999999947 841.9607970245727
-0.1999999999999993 844.1474682073085
0.0 845.5356302914811
0.20000000000000107 846.4147909069598
0.40000000000000036 846.9706533876076
0.5999999999999996 847.321575308675
0.8000000000000007 847.542655090353
1.0 847.6813567481414
1.200000000000001 847.7675230417136
1.4000000000000004 847.8197297754535
1.6000000000000014 847.849273742057
1.8000000000000007 847.8626343239886
2.0 847.862956517348
2.200000000000001 847.8509350333909
2.4000000000000004 847.8254162897374
2.6000000000000014 847.7840603809241
2.8000000000000007 847.7244478086687
3.0 847.6458616181005
3.200000000000001 847.5513196277784
3.4000000000000004 847.448441354863
3.6000000000000014 847.3477044649993
3.8000000000000007 847.2586511520569
4.0 847.186732079075
Result sigma optimization:  -8.0 188.71839251233212
E_max_2 =  500
Cutoff Radius =  6.0
Selected Radial Transform =  2.0
factor =  2.4
displacement =  0.0
dataset =  datasets/gold.xyz
n_train =  500
n_test =  2000
Train RMSE: 181.88173302288254 [Train MAE: 151.47418653472096]
Test RMSE: 190.03071781325468 [Test MAE: 159.05854116684276]
FINISHED at Tue Jan 10 02:10:00 CET 2023
