STARTING AT Tue Jan 10 03:00:48 CET 2023
Random seed: 1000
7 16
Reading dataset
Shuffling and extracting from dataset (length: 10000)
Shuffling and extraction done
Calculating power spectrum
Expansion coefficients done
Computing training kernel
     Calculating kernels for center species 1
     Calculating kernels for center species 1
Beginning first index add...
Beginning second index add...
     Calculating kernels for center species 6
     Calculating kernels for center species 6
Beginning first index add...
Beginning second index add...
Training kernel done
Computing test kernel
     Calculating kernels for center species 1
     Calculating kernels for center species 1
Beginning first index add...
Beginning second index add...
     Calculating kernels for center species 6
     Calculating kernels for center species 6
Beginning first index add...
Beginning second index add...
Test kernel done
Calculating composition features
Composition features done
-8.0 18.49030669058008
-7.8 18.432901091988743
-7.6 18.344278990869867
-7.4 18.211319937034332
-7.2 18.020614987359732
-7.0 17.763261145242517
-6.8 17.439875915970617
-6.6 17.061465979705073
-6.4 16.643741257611946
-6.2 16.198770530455366
-6.0 15.731711079406834
-5.8 15.24520787337234
-5.6 14.74535894626617
-5.4 14.243182836682665
-5.199999999999999 13.753004281753544
-5.0 13.2919871844292
-4.8 12.881409860575726
-4.6 12.547015430837664
-4.4 12.315686439881972
-4.199999999999999 12.208362176184094
-4.0 12.232942731604226
-3.8 12.381944728055602
-3.5999999999999996 12.636423106041606
-3.3999999999999995 12.97397421334189
-3.1999999999999993 13.377375264543902
-3.0 13.841398235849994
-2.8 14.37760420350931
-2.5999999999999996 15.017866509977
-2.3999999999999995 15.81568870774183
-2.1999999999999993 16.842853139090955
-2.0 18.181151208833555
-1.7999999999999998 19.91304789096436
-1.5999999999999996 22.115479293680952
-1.3999999999999995 24.858818981485452
-1.1999999999999993 28.209455457544237
-1.0 32.22035611483758
-0.7999999999999998 36.88244970662327
-0.5999999999999996 42.05090543964466
-0.39999999999999947 47.430258546279234
-0.1999999999999993 52.67042006780093
0.0 57.49806770442449
0.20000000000000107 61.76979251134257
0.40000000000000036 65.43654452442571
0.5999999999999996 68.4919924897734
0.8000000000000007 70.95078343805858
1.0 72.85046599612316
1.200000000000001 74.2560112398323
1.4000000000000004 75.2541191621319
1.6000000000000014 75.93834381492216
1.8000000000000007 76.39423664863122
2.0 76.69107487844944
2.200000000000001 76.8804260413604
2.4000000000000004 76.99867358947775
2.6000000000000014 77.07076252186015
2.8000000000000007 77.11358208861468
3.0 77.13842368230111
3.200000000000001 77.15261931887184
3.4000000000000004 77.16070871546293
3.6000000000000014 77.16535934437826
3.8000000000000007 77.16807637350107
4.0 77.16969281962744
Result sigma optimization:  -4.199999999999999 12.208362176184094
E_max_2 =  500
Cutoff Radius =  6.0
Selected Radial Transform =  2.0
factor =  0.9
displacement =  0.0
dataset =  datasets/random-ch4-10k.extxyz
n_train =  500
n_test =  2000
Train RMSE: 4.22167208262039 [Train MAE: 3.273587168896651]
Test RMSE: 12.520072798888895 [Test MAE: 7.551670095874268]
FINISHED at Tue Jan 10 03:01:13 CET 2023
