STARTING AT Tue Jan 10 03:02:19 CET 2023
Random seed: 1000
8 20
Reading dataset
Shuffling and extracting from dataset (length: 10000)
Shuffling and extraction done
Calculating power spectrum
Expansion coefficients done
Computing training kernel
     Calculating kernels for center species 1
     Calculating kernels for center species 1
Beginning first index add...
Beginning second index add...
     Calculating kernels for center species 6
     Calculating kernels for center species 6
Beginning first index add...
Beginning second index add...
Training kernel done
Computing test kernel
     Calculating kernels for center species 1
     Calculating kernels for center species 1
Beginning first index add...
Beginning second index add...
     Calculating kernels for center species 6
     Calculating kernels for center species 6
Beginning first index add...
Beginning second index add...
Test kernel done
Calculating composition features
Composition features done
-8.0 71.26886448793341
-7.8 62.87018565826194
-7.6 54.040218866390404
-7.4 45.125984519239445
-7.2 36.75407008778451
-7.0 29.8329579757038
-6.8 25.181522577599875
-6.6 22.86620762953761
-6.4 21.995436767067943
-6.2 21.481035841154902
-6.0 20.734116144211804
-5.8 19.68813796938266
-5.6 18.541007920799636
-5.4 17.522897813650353
-5.199999999999999 16.773084688250627
-5.0 16.32208255136191
-4.8 16.125406509489945
-4.6 16.09812862043104
-4.4 16.145768976123957
-4.199999999999999 16.19880134991385
-4.0 16.233038576294682
-3.8 16.263500656226636
-3.5999999999999996 16.326735294541507
-3.3999999999999995 16.469209499918556
-3.1999999999999993 16.743588058471797
-3.0 17.20508083260663
-2.8 17.900647129132285
-2.5999999999999996 18.85264903003121
-2.3999999999999995 20.04807139627573
-2.1999999999999993 21.442029681724215
-2.0 22.974845466791052
-1.7999999999999998 24.59798435315507
-1.5999999999999996 26.302434654734473
-1.3999999999999995 28.144582544714325
-1.1999999999999993 30.26625967686057
-1.0 32.889768336486725
-0.7999999999999998 36.257456559359056
-0.5999999999999996 40.509619895348486
-0.39999999999999947 45.54492287233388
-0.1999999999999993 50.974141755497506
0.0 56.26148126560025
0.20000000000000107 60.96776316561525
0.40000000000000036 64.8951982305968
0.5999999999999996 68.05629102612667
0.8000000000000007 70.5548315265581
1.0 72.49507961152554
1.200000000000001 73.96018723052227
1.4000000000000004 75.02698710871688
1.6000000000000014 75.77550664040804
1.8000000000000007 76.28418418867949
2.0 76.62130087127687
2.200000000000001 76.84042084098583
2.4000000000000004 76.98047956220412
2.6000000000000014 77.0683394801478
2.8000000000000007 77.12193395073498
3.0 77.1530790586219
3.200000000000001 77.16965826746447
3.4000000000000004 77.1771221379041
3.6000000000000014 77.17933680974637
3.8000000000000007 77.17895722708903
4.0 77.1776214608745
Result sigma optimization:  -4.6 16.09812862043104
E_max_2 =  700
Cutoff Radius =  6.0
Selected Radial Transform =  2.0
factor =  2.3
displacement =  0.0
dataset =  datasets/random-ch4-10k.extxyz
n_train =  500
n_test =  2000
Train RMSE: 9.940214172931029 [Train MAE: 7.997536741721217]
Test RMSE: 16.019441599221757 [Test MAE: 10.649456114378594]
FINISHED at Tue Jan 10 03:02:44 CET 2023
