STARTING AT Tue Jan 10 02:59:48 CET 2023
Random seed: 1000
8 20
Reading dataset
Shuffling and extracting from dataset (length: 10000)
Shuffling and extraction done
Calculating power spectrum
Expansion coefficients done
Computing training kernel
     Calculating kernels for center species 1
     Calculating kernels for center species 1
Beginning first index add...
Beginning second index add...
     Calculating kernels for center species 6
     Calculating kernels for center species 6
Beginning first index add...
Beginning second index add...
Training kernel done
Computing test kernel
     Calculating kernels for center species 1
     Calculating kernels for center species 1
Beginning first index add...
Beginning second index add...
     Calculating kernels for center species 6
     Calculating kernels for center species 6
Beginning first index add...
Beginning second index add...
Test kernel done
Calculating composition features
Composition features done
-8.0 9.21535346953669
-7.8 9.215330242544441
-7.6 9.215293434188553
-7.4 9.215235106705308
-7.2 9.215142688693309
-7.0 9.21499627814358
-6.8 9.21476438912937
-6.6 9.214397261373595
-6.4 9.213816384438672
-6.2 9.212898213900749
-6.0 9.211449153128033
-5.8 9.209167850857794
-5.6 9.205590192474158
-5.4 9.200013473773282
-5.199999999999999 9.191402630278143
-5.0 9.17830026048402
-4.8 9.158804857165784
-4.6 9.13075580391935
-4.4 9.092342084940716
-4.199999999999999 9.043313376351563
-4.0 8.986604339273782
-3.8 8.929475001415804
-3.5999999999999996 8.882923876012821
-3.3999999999999995 8.859128953777514
-3.1999999999999993 8.868452069684801
-3.0 8.918071936893586
-2.8 9.0130539274857
-2.5999999999999996 9.158897986455534
-2.3999999999999995 9.363499098568468
-2.1999999999999993 9.636817558238027
-2.0 9.988353503653387
-1.7999999999999998 10.424583990902434
-1.5999999999999996 10.949542484242482
-1.3999999999999995 11.570605224141937
-1.1999999999999993 12.30786412084135
-1.0 13.201671323239824
-0.7999999999999998 14.313391977551296
-0.5999999999999996 15.718837836870787
-0.39999999999999947 17.497446134061583
-0.1999999999999993 19.72166457703243
0.0 22.450987650900963
0.20000000000000107 25.73002190251182
0.40000000000000036 29.58157125556035
0.5999999999999996 33.98580768994746
0.8000000000000007 38.850232373264824
1.0 43.995769556647375
1.200000000000001 49.18406408060888
1.4000000000000004 54.173653300662934
1.6000000000000014 58.76884279544498
1.8000000000000007 62.84107884664096
2.0 66.32492166585718
2.200000000000001 69.20309957839976
2.4000000000000004 71.49394705632344
2.6000000000000014 73.24503128378412
2.8000000000000007 74.52868221461809
3.0 75.43304547855422
3.200000000000001 76.04854958390014
3.4000000000000004 76.45582733142123
3.6000000000000014 76.71951085029575
3.8000000000000007 76.88755450824515
4.0 76.9935718857895
Result sigma optimization:  -3.3999999999999995 8.859128953777514
E_max_2 =  700
Cutoff Radius =  6.0
Selected Radial Transform =  2.0
factor =  0.3
displacement =  0.0
dataset =  datasets/random-ch4-10k.extxyz
n_train =  500
n_test =  2000
Train RMSE: 0.9990748066432643 [Train MAE: 0.7414540299570223]
Test RMSE: 8.800218001163286 [Test MAE: 5.5309209211094785]
FINISHED at Tue Jan 10 03:03:01 CET 2023
