STARTING AT Tue Jan 10 01:08:47 CET 2023
Random seed: 1000
6 14
Reading dataset
Shuffling and extracting from dataset (length: 133885)
Shuffling and extraction done
Calculating power spectrum
Expansion coefficients done
Computing training kernel
     Calculating kernels for center species 1
     Calculating kernels for center species 1
Beginning first index add...
Beginning second index add...
     Calculating kernels for center species 6
     Calculating kernels for center species 6
Beginning first index add...
Beginning second index add...
     Calculating kernels for center species 7
     Calculating kernels for center species 7
Beginning first index add...
Beginning second index add...
     Calculating kernels for center species 8
     Calculating kernels for center species 8
Beginning first index add...
Beginning second index add...
     Calculating kernels for center species 9
     Calculating kernels for center species 9
Beginning first index add...
Beginning second index add...
Training kernel done
Computing test kernel
     Calculating kernels for center species 1
     Calculating kernels for center species 1
Beginning first index add...
Beginning second index add...
     Calculating kernels for center species 6
     Calculating kernels for center species 6
Beginning first index add...
Beginning second index add...
     Calculating kernels for center species 7
     Calculating kernels for center species 7
Beginning first index add...
Beginning second index add...
     Calculating kernels for center species 8
     Calculating kernels for center species 8
Beginning first index add...
Beginning second index add...
     Calculating kernels for center species 9
     Calculating kernels for center species 9
Beginning first index add...
Beginning second index add...
Test kernel done
Calculating composition features
Composition features done
-8.0 6.778073038169693
-7.8 6.778072789288168
-7.6 6.778072394838358
-7.4 6.7780717696816835
-7.2 6.778070778873342
-7.0 6.778069208552057
-6.8 6.778066719773119
-6.6 6.778062775345928
-6.4 6.778056523926301
-6.2 6.7780466162556525
-6.0 6.778030914082977
-5.8 6.778006028885637
-5.6 6.777966591181434
-5.4 6.777904093369599
-5.199999999999999 6.7778050579172895
-5.0 6.777648139753172
-4.8 6.777399547803643
-4.6 6.777005823556854
-4.4 6.776424317042974
-4.199999999999999 6.775506486870489
-4.0 6.7740874396489055
-3.8 6.771862951364335
-3.5999999999999996 6.768785465051172
-3.3999999999999995 6.764235622984061
-3.1999999999999993 6.757254411328707
-3.0 6.746734642496793
-2.8 6.731600779291386
-2.5999999999999996 6.71021713435546
-2.3999999999999995 6.6802243344550005
-2.1999999999999993 6.651446199953274
-2.0 6.640126265054117
-1.7999999999999998 6.657305701190315
-1.5999999999999996 6.749109481344521
-1.3999999999999995 6.90523974875139
-1.1999999999999993 7.121764682956841
-1.0 7.436797229821608
-0.7999999999999998 7.878869757448138
-0.5999999999999996 8.430348826215297
-0.39999999999999947 9.077375950401745
-0.1999999999999993 9.854479039889904
0.0 10.746939451031402
0.20000000000000107 11.707193341694206
0.40000000000000036 12.668303563791515
0.5999999999999996 13.613241096807519
0.8000000000000007 14.537017960678666
1.0 15.484883627233557
1.200000000000001 16.45082055676038
1.4000000000000004 17.39269592462186
1.6000000000000014 18.253558619418584
1.8000000000000007 19.01068175982477
2.0 19.658300581029945
2.200000000000001 20.177952345059406
2.4000000000000004 20.55813206199968
2.6000000000000014 20.820424672755436
2.8000000000000007 21.000797901323455
3.0 21.12163132032247
3.200000000000001 21.203301000828425
3.4000000000000004 21.257895917686934
3.6000000000000014 21.29183094995059
3.8000000000000007 21.313056999214595
4.0 21.326644184268556
Result sigma optimization:  -2.0 6.640126265054117
E_max_2 =  400
Cutoff Radius =  6.0
Selected Radial Transform =  2.0
factor =  0.6
displacement =  0.0
dataset =  datasets/qm9.xyz
n_train =  500
n_test =  2000
Train RMSE: 1.5261922835397066 [Train MAE: 1.0669626329496695]
Test RMSE: 7.898438809269885 [Test MAE: 5.5800292456847504]
FINISHED at Tue Jan 10 01:12:02 CET 2023
