STARTING AT Thu Jan 5 23:36:23 CET 2023
Random seed: 1000
6 14
Reading dataset
Shuffling and extracting from dataset (length: 10000)
Shuffling and extraction done
Calculating power spectrum
Expansion coefficients done
Computing training kernel
     Calculating kernels for center species 1
     Calculating kernels for center species 1
Beginning first index add...
Beginning second index add...
     Calculating kernels for center species 6
     Calculating kernels for center species 6
Beginning first index add...
Beginning second index add...
Training kernel done
Computing test kernel
     Calculating kernels for center species 1
     Calculating kernels for center species 1
Beginning first index add...
Beginning second index add...
     Calculating kernels for center species 6
     Calculating kernels for center species 6
Beginning first index add...
Beginning second index add...
Test kernel done
Calculating composition features
Composition features done
-8.0 22.15491809426592
-7.8 22.153058172580174
-7.6 22.15011471239939
-7.4 22.145460466537013
-7.2 22.138111007053485
-7.0 22.126530283760836
-6.8 22.1083431369029
-6.6 22.079929642939522
-6.4 22.03589779576261
-6.2 21.968503726677085
-6.0 21.867258174058872
-5.8 21.719252079554085
-5.6 21.511038047121467
-5.4 21.23274977856942
-5.199999999999999 20.883807963958407
-5.0 20.47721519111753
-4.8 20.038456564380642
-4.6 19.597948326299797
-4.4 19.180998362272785
-4.199999999999999 18.80143901140873
-4.0 18.46242521886071
-3.8 18.162358758661547
-3.5999999999999996 17.89956078824138
-3.3999999999999995 17.670593924276517
-3.1999999999999993 17.463921974651296
-3.0 17.255942481205317
-2.8 17.01447184348735
-2.5999999999999996 16.707764258563444
-2.3999999999999995 16.313141361431597
-2.1999999999999993 15.823282452158635
-2.0 15.252564799683078
-1.7999999999999998 14.640912492859133
-1.5999999999999996 14.04750508101579
-1.3999999999999995 13.53625472595328
-1.1999999999999993 13.167807769043673
-1.0 13.006212251280635
-0.7999999999999998 13.12953980346862
-0.5999999999999996 13.626317574758984
-0.39999999999999947 14.569270756776577
-0.1999999999999993 15.978306565936002
0.0 17.801127054632584
0.20000000000000107 19.93137669138006
0.40000000000000036 22.254112211042443
0.5999999999999996 24.68899545541874
0.8000000000000007 27.211424922860555
1.0 29.848667943475753
1.200000000000001 32.65204805508267
1.4000000000000004 35.65321315711687
1.6000000000000014 38.8332968624782
1.8000000000000007 42.14000478980274
2.0 45.546750734952404
2.200000000000001 49.091100570995586
2.4000000000000004 52.82890325880632
2.6000000000000014 56.7211137016039
2.8000000000000007 60.56791498448156
3.0 64.07975536057626
3.200000000000001 67.02260549020447
3.4000000000000004 69.30603057615278
3.6000000000000014 70.97167995676374
3.8000000000000007 72.13229523982416
4.0 72.91646456853807
Result sigma optimization:  -1.0 13.006212251280635
E_max_2 =  400
Cutoff Radius =  4.5
Selected Radial Transform =  2222.0
factor =  4.2
displacement =  0.0
dataset =  datasets/random-ch4-10k.extxyz
n_train =  1000
n_test =  1000
Train RMSE: 6.28175114041026 [Train MAE: 4.542869561426605]
Test RMSE: 10.578846532769655 [Test MAE: 6.145958376379483]
FINISHED at Thu Jan 5 23:37:19 CET 2023
