STARTING AT Thu Jan 5 23:39:54 CET 2023
Random seed: 1000
6 14
Reading dataset
Shuffling and extracting from dataset (length: 105092)
Shuffling and extraction done
Calculating power spectrum
Expansion coefficients done
Computing training kernel
     Calculating kernels for center species 79
     Calculating kernels for center species 79
Beginning first index add...
Beginning second index add...
Training kernel done
Computing test kernel
     Calculating kernels for center species 79
     Calculating kernels for center species 79
Beginning first index add...
Beginning second index add...
Test kernel done
Calculating composition features
Composition features done
-8.0 842.7254038325678
-7.8 777.4142186929267
-7.6 712.5979728819403
-7.4 649.1577027840782
-7.2 588.1532261183236
-7.0 530.6857706976471
-6.8 477.74163779752126
-6.6 430.0950333780559
-6.4 388.1800445354271
-6.2 351.8610128578627
-6.0 320.32577180494854
-5.8 292.3624806893353
-5.6 266.8732655017581
-5.4 243.2386860687565
-5.199999999999999 221.3616064289708
-5.0 201.48592206707156
-4.8 183.94885522911926
-4.6 168.97885277661626
-4.4 156.59168834996524
-4.199999999999999 146.5865987502029
-4.0 138.61833994449708
-3.8 132.30074199054457
-3.5999999999999996 127.28401051885314
-3.3999999999999995 123.27955022364917
-3.1999999999999993 120.06290040248058
-3.0 117.48580428410331
-2.8 115.48225727382832
-2.5999999999999996 114.04701757636778
-2.3999999999999995 113.19606303302761
-2.1999999999999993 112.93077755222498
-2.0 113.21783795885314
-1.7999999999999998 113.98951851051527
-1.5999999999999996 115.16633586601102
-1.3999999999999995 116.69423454604352
-1.1999999999999993 118.57441276750158
-1.0 120.86574270773293
-0.7999999999999998 123.66380066443043
-0.5999999999999996 127.07449338622139
-0.39999999999999947 131.1907042246858
-0.1999999999999993 136.08527011320254
0.0 141.8459057132786
0.20000000000000107 148.6409632680401
0.40000000000000036 156.75540057853567
0.5999999999999996 166.55124062386383
0.8000000000000007 178.34020880876784
1.0 192.195564458083
1.200000000000001 207.85764688228028
1.4000000000000004 224.94390966441583
1.6000000000000014 243.41510305626642
1.8000000000000007 263.86572784234966
2.0 287.2270466930009
2.200000000000001 314.07692213738125
2.4000000000000004 344.25602144954917
2.6000000000000014 377.1182317469689
2.8000000000000007 411.9931181840988
3.0 448.2685281930328
3.200000000000001 485.0649724632179
3.4000000000000004 521.2483232976646
3.6000000000000014 556.253713062321
3.8000000000000007 590.8466495444178
4.0 626.5726769030007
Result sigma optimization:  -2.1999999999999993 112.93077755222498
E_max_2 =  400
Cutoff Radius =  4.5
Selected Radial Transform =  2222.0
factor =  3.8
displacement =  0.0
dataset =  datasets/gold.xyz
n_train =  1000
n_test =  1000
Train RMSE: 90.04480337515032 [Train MAE: 66.7882767351563]
Test RMSE: 112.59185629524835 [Test MAE: 81.48574654091922]
FINISHED at Thu Jan 5 23:40:59 CET 2023
