STARTING AT Wed Nov 30 10:53:28 CET 2022
Random seed: 1000
6 14
Reading dataset
Shuffling and extracting from dataset (length: 133885)
Shuffling and extraction done
Calculating power spectrum
Expansion coefficients done
Computing training kernel
     Calculating kernels for center species 1
     Calculating kernels for center species 6
     Calculating kernels for center species 7
     Calculating kernels for center species 8
     Calculating kernels for center species 9
Training kernel done
Computing test kernel
     Calculating kernels for center species 1
     Calculating kernels for center species 6
     Calculating kernels for center species 7
     Calculating kernels for center species 8
     Calculating kernels for center species 9
Test kernel done
Calculating composition features
Composition features done
-8.0 2.8156767578125
-7.8 2.807945556640625
-7.6 2.809625244140625
-7.4 2.8341435546875
-7.2 2.8802172241210937
-7.0 2.9510345458984375
-6.8 3.06183349609375
-6.6 3.2076697387695314
-6.4 3.3776805725097656
-6.2 3.586614685058594
-6.0 3.8211510314941406
-5.8 4.09237109375
-5.6 4.433719177246093
-5.4 4.8540268249511715
-5.199999999999999 5.324212799072265
-5.0 5.835248107910156
-4.8 6.4100871276855464
-4.6 7.039380065917968
-4.4 7.746039916992188
-4.199999999999999 8.58308251953125
-4.0 9.536567199707031
-3.8 10.576500427246094
-3.5999999999999996 11.683296508789063
-3.3999999999999995 12.823517333984375
-3.1999999999999993 13.960793701171875
-3.0 15.045359741210937
-2.8 16.029788452148438
-2.5999999999999996 16.869862426757813
-2.3999999999999995 17.569957763671876
-2.1999999999999993 18.137042114257813
-2.0 18.577322875976563
-1.7999999999999998 18.91600732421875
-1.5999999999999996 19.17308557128906
-1.3999999999999995 19.358953369140625
-1.1999999999999993 19.48905822753906
-1.0 19.578771484375
-0.7999999999999998 19.640684692382813
-0.5999999999999996 19.68334228515625
-0.39999999999999947 19.712694213867188
-0.1999999999999993 19.73291027832031
0.0 19.746855346679688
0.20000000000000107 19.756611328125
0.40000000000000036 19.76342626953125
0.5999999999999996 19.767935668945313
0.8000000000000007 19.770877807617186
1.0 19.772819091796876
1.200000000000001 19.774063842773437
1.4000000000000004 19.774856567382812
1.6000000000000014 19.775360229492186
1.8000000000000007 19.77567907714844
2.0 19.775880859375
2.200000000000001 19.77600842285156
2.4000000000000004 19.776088500976563
2.6000000000000014 19.776139282226563
2.8000000000000007 19.776172241210936
3.0 19.77619189453125
3.200000000000001 19.776204467773436
3.4000000000000004 19.776212768554686
3.6000000000000014 19.77621813964844
3.8000000000000007 19.776221801757814
4.0 19.776222290039062
Result sigma optimization:  -7.8 2.807945556640625
E_max_2 =  400
Cutoff Radius =  6.0
Selected Radial Transform =  2.0
factor =  1.8
displacement =  0.0
dataset =  datasets/qm9.xyz
n_train =  1000
n_test =  1000
Train RMSE: 0.8080694079399109 [Train MAE: 0.6200731992721558]
Test RMSE: 3.9035706520080566 [Test MAE: 2.4849884510040283]
FINISHED at Wed Nov 30 12:15:01 CET 2022
