STARTING AT Sat Nov 26 11:45:52 CET 2022
Random seed: 1000
6 14
Reading dataset
Shuffling and extracting from dataset (length: 105092)
Shuffling and extraction done
Calculating power spectrum
Expansion coefficients done
Computing training kernel
     Calculating kernels for center species 79
Training kernel done
Computing test kernel
     Calculating kernels for center species 79
Test kernel done
Calculating composition features
Composition features done
-8.0 471.81197314184385
-7.8 509.24206424842794
-7.6 550.7314336407538
-7.4 596.8836737589662
-7.2 647.3430280770775
-7.0 701.3777997627242
-6.8 759.2540602459759
-6.6 822.6172743141248
-6.4 893.2707204425767
-6.2 971.764562021069
-6.0 1057.680420542992
-5.8 1151.7410056084657
-5.6 1257.7547996330604
-5.4 1381.989863928097
-5.199999999999999 1529.4785307417687
-5.0 1700.1836512565342
-4.8 1888.5605354343293
-4.6 2085.4946655410076
-4.4 2280.230788319463
-4.199999999999999 2463.9636750569193
-4.0 2636.1095212452765
-3.8 2809.423969428609
-3.5999999999999996 3008.8997271427975
-3.3999999999999995 3260.8449260889424
-3.1999999999999993 3574.114796141836
-3.0 3927.7796435136224
-2.8 4280.102966985724
-2.5999999999999996 4591.52684670361
-2.3999999999999995 4840.785972546194
-2.1999999999999993 5025.76009932826
-2.0 5155.773946945308
-1.7999999999999998 5243.804200768751
-1.5999999999999996 5301.936636362227
-1.3999999999999995 5339.701936250749
-1.1999999999999993 5363.977199056685
-1.0 5379.475614592931
-0.7999999999999998 5389.327836381824
-0.5999999999999996 5395.573723710945
-0.39999999999999947 5399.526331818375
-0.1999999999999993 5402.025006976551
0.0 5403.603372565385
0.20000000000000107 5404.600091033563
0.40000000000000036 5405.2292310317425
0.5999999999999996 5405.626390345526
0.8000000000000007 5405.876837664728
1.0 5406.035003956227
1.200000000000001 5406.134802610826
1.4000000000000004 5406.19782989857
1.6000000000000014 5406.237535291989
1.8000000000000007 5406.262632170213
2.0 5406.2784005265585
2.200000000000001 5406.288462892079
2.4000000000000004 5406.294737063454
2.6000000000000014 5406.298667295398
2.8000000000000007 5406.3012243122375
3.0 5406.302715904835
3.200000000000001 5406.303710299672
3.4000000000000004 5406.304420581586
3.6000000000000014 5406.3050361591695
3.8000000000000007 5406.305178215525
4.0 5406.305367623993
Result sigma optimization:  -8.0 471.81197314184385
E_max_2 =  400
Cutoff Radius =  4.5
Selected Radial Transform =  2.0
factor =  0.6
displacement =  0.0
dataset =  datasets/gold.xyz
n_train =  1000
n_test =  1000
Train RMSE: 444.1507263183594 [Train MAE: 318.9167785644531]
Test RMSE: 443.837890625 [Test MAE: 318.0047302246094]
FINISHED at Sat Nov 26 12:49:24 CET 2022
