STARTING AT Wed Nov 23 12:00:59 CET 2022
Random seed: 1000
4 10
Reading dataset
Shuffling and extracting from dataset (length: 10000)
Shuffling and extraction done
Calculating power spectrum
Expansion coefficients done
Computing training kernel
     Calculating kernels for center species 1
     Calculating kernels for center species 6
Training kernel done
Computing test kernel
     Calculating kernels for center species 1
     Calculating kernels for center species 6
Test kernel done
Calculating composition features
Composition features done
-8.0 15.619071695679152
-7.8 14.9440525801916
-7.6 14.188120202578371
-7.4 13.827922164825935
-7.2 13.407961939063483
-7.0 13.245308408044668
-6.8 13.010999712758071
-6.6 12.821980676812865
-6.4 12.619721901031536
-6.2 12.416389787356167
-6.0 12.255157446283713
-5.8 12.117690683056503
-5.6 11.991944022365468
-5.4 11.88470479262369
-5.199999999999999 11.82250422715813
-5.0 11.825873702114333
-4.8 11.93207953261527
-4.6 12.184053418909643
-4.4 12.624562183002624
-4.199999999999999 13.308325343088814
-4.0 14.27895748831563
-3.8 15.54715045296183
-3.5999999999999996 17.100840108657675
-3.3999999999999995 18.94229059662202
-3.1999999999999993 21.096813944142134
-3.0 23.587895838292255
-2.8 26.419663309266454
-2.5999999999999996 29.58355295546412
-2.3999999999999995 33.059494487684624
-2.1999999999999993 36.79228684240421
-2.0 40.68208119637871
-1.7999999999999998 44.62589713734056
-1.5999999999999996 48.575147806002605
-1.3999999999999995 52.532373352057874
-1.1999999999999993 56.47099739578716
-1.0 60.262386434242714
-0.7999999999999998 63.700948163076816
-0.5999999999999996 66.60672709081268
-0.39999999999999947 68.90549982584844
-0.1999999999999993 70.63145191768324
0.0 71.87940008270799
0.20000000000000107 72.7570372455476
0.40000000000000036 73.36021017895192
0.5999999999999996 73.76632933629001
0.8000000000000007 74.03495394913135
1.0 74.2101113393586
1.200000000000001 74.32311110112386
1.4000000000000004 74.39546084103519
1.6000000000000014 74.44154585982211
1.8000000000000007 74.47080300359329
2.0 74.48933543635626
2.200000000000001 74.50105682975241
2.4000000000000004 74.50846344543686
2.6000000000000014 74.51314166809772
2.8000000000000007 74.51609557672758
3.0 74.517962180269
3.200000000000001 74.51913827165475
3.4000000000000004 74.51988031726836
3.6000000000000014 74.52034998911371
3.8000000000000007 74.52064479055451
4.0 74.52083098033731
Result sigma optimization:  -5.199999999999999 11.82250422715813
E_max_2 =  250
Cutoff Radius =  6.0
Selected Radial Transform =  2.0
factor =  0.3
displacement =  0.0
dataset =  datasets/random-ch4-10k.extxyz
n_train =  1000
n_test =  1000
Train RMSE: 3.072286367416382 [MAE: 2.324805974960327]
Test RMSE: 7.863974094390869 [MAE: 4.431280136108398]
FINISHED at Wed Nov 23 12:13:50 CET 2022
