STARTING AT Wed Nov 23 12:46:27 CET 2022
Random seed: 1000
4 10
Reading dataset
Shuffling and extracting from dataset (length: 10000)
Shuffling and extraction done
Calculating power spectrum
Expansion coefficients done
Computing training kernel
     Calculating kernels for center species 1
     Calculating kernels for center species 6
Training kernel done
Computing test kernel
     Calculating kernels for center species 1
     Calculating kernels for center species 6
Test kernel done
Calculating composition features
Composition features done
-8.0 16.069838942342034
-7.8 15.66043906033608
-7.6 15.307203420693801
-7.4 14.965580513219534
-7.2 14.639967818094538
-7.0 14.319647488650647
-6.8 13.974087845133779
-6.6 13.607390516192156
-6.4 13.229685691508084
-6.2 12.858333797458945
-6.0 12.510837294309582
-5.8 12.20935352410448
-5.6 11.980377592781664
-5.4 11.870344790662937
-5.199999999999999 11.929485406768915
-5.0 12.193085178570476
-4.8 12.668252545579984
-4.6 13.346934796313018
-4.4 14.229992190242937
-4.199999999999999 15.35212506920866
-4.0 16.79233264162174
-3.8 18.656662893253444
-3.5999999999999996 21.03342104321715
-3.3999999999999995 23.95067392058102
-3.1999999999999993 27.374350948355833
-3.0 31.24267414130871
-2.8 35.492205295229965
-2.5999999999999996 40.05513534102088
-2.3999999999999995 44.84991525563343
-2.1999999999999993 49.768075391007436
-2.0 54.639168500033016
-1.7999999999999998 59.21357873199356
-1.5999999999999996 63.22428911719767
-1.3999999999999995 66.49376380533741
-1.1999999999999993 68.98991389145228
-1.0 70.79890535876949
-0.7999999999999998 72.06051384947237
-0.5999999999999996 72.91626254649918
-0.39999999999999947 73.48492575011558
-0.1999999999999993 73.8570257321536
0.0 74.09773634362928
0.20000000000000107 74.25217168541268
0.40000000000000036 74.3506893041349
0.5999999999999996 74.41329224338888
0.8000000000000007 74.45297446207236
1.0 74.47808486393834
1.200000000000001 74.49395948665905
1.4000000000000004 74.50398458304093
1.6000000000000014 74.51031702891889
1.8000000000000007 74.51431343205142
2.0 74.51683744295647
2.200000000000001 74.51842767061045
2.4000000000000004 74.51943161015119
2.6000000000000014 74.52006546058585
2.8000000000000007 74.52046635824283
3.0 74.52071796654941
3.200000000000001 74.52087815672867
3.4000000000000004 74.52097754156208
3.6000000000000014 74.52104086263154
3.8000000000000007 74.52108279708501
4.0 74.52110669971293
Result sigma optimization:  -5.4 11.870344790662937
E_max_2 =  250
Cutoff Radius =  6.0
Selected Radial Transform =  4000.0
factor =  3.0
displacement =  0.0
dataset =  datasets/random-ch4-10k.extxyz
n_train =  1000
n_test =  1000
Train RMSE: 3.3615145683288574 [MAE: 2.5957436561584473]
Test RMSE: 10.431763648986816 [MAE: 5.468799114227295]
FINISHED at Wed Nov 23 13:00:06 CET 2022
