STARTING AT Wed Nov 23 12:23:02 CET 2022
Random seed: 1000
4 10
Reading dataset
Shuffling and extracting from dataset (length: 10000)
Shuffling and extraction done
Calculating power spectrum
Expansion coefficients done
Computing training kernel
     Calculating kernels for center species 1
     Calculating kernels for center species 6
Training kernel done
Computing test kernel
     Calculating kernels for center species 1
     Calculating kernels for center species 6
Test kernel done
Calculating composition features
Composition features done
-8.0 12.497522703738879
-7.8 12.333817453591392
-7.6 12.251107610959611
-7.4 12.236935775265339
-7.2 12.277066757335097
-7.0 12.371825952242382
-6.8 12.487692055814772
-6.6 12.611710798602152
-6.4 12.745580039640213
-6.2 12.916435315888483
-6.0 13.155544638528962
-5.8 13.489228432027025
-5.6 13.93365237319459
-5.4 14.501134552865595
-5.199999999999999 15.199061941011976
-5.0 16.036436204244772
-4.8 17.031928412520372
-4.6 18.216119557105184
-4.4 19.629689900401825
-4.199999999999999 21.318351835918275
-4.0 23.331516581988943
-3.8 25.71926996740479
-3.5999999999999996 28.523349399001162
-3.3999999999999995 31.762070417205173
-3.1999999999999993 35.411179985546234
-3.0 39.39002119231786
-2.8 43.57071900585874
-2.5999999999999996 47.815809852756864
-2.3999999999999995 52.012241798205544
-2.1999999999999993 56.06103147463486
-2.0 59.83974105370945
-1.7999999999999998 63.20285656617904
-1.5999999999999996 66.0357145319864
-1.3999999999999995 68.30341510953167
-1.1999999999999993 70.0484015699145
-1.0 71.35398048637511
-0.7999999999999998 72.31121195914227
-0.5999999999999996 73.0019545971202
-0.39999999999999947 73.49297457920723
-0.1999999999999993 73.83609572052141
0.0 74.07119653583301
0.20000000000000107 74.2290980680757
0.40000000000000036 74.3332962910969
0.5999999999999996 74.40109752214681
0.8000000000000007 74.44476979613813
1.0 74.47269717822768
1.200000000000001 74.49047485249372
1.4000000000000004 74.50175081835326
1.6000000000000014 74.50889397414245
1.8000000000000007 74.51341112511224
2.0 74.51626458364643
2.200000000000001 74.51806429484061
2.4000000000000004 74.5192028523521
2.6000000000000014 74.519921413673
2.8000000000000007 74.52037640806708
3.0 74.5206609354077
3.200000000000001 74.52084230267396
3.4000000000000004 74.52095468725558
3.6000000000000014 74.52102723392908
3.8000000000000007 74.52107273281834
4.0 74.52110103856491
Result sigma optimization:  -7.4 12.236935775265339
E_max_2 =  250
Cutoff Radius =  6.0
Selected Radial Transform =  6.0
factor =  0.5
displacement =  0.0
dataset =  datasets/random-ch4-10k.extxyz
n_train =  1000
n_test =  1000
Train RMSE: 1.0492030382156372 [MAE: 0.7770799398422241]
Test RMSE: 11.642721176147461 [MAE: 5.467401027679443]
FINISHED at Wed Nov 23 12:34:04 CET 2022
