STARTING AT Wed Nov 23 12:31:03 CET 2022
Random seed: 1000
4 10
Reading dataset
Shuffling and extracting from dataset (length: 10000)
Shuffling and extraction done
Calculating power spectrum
Expansion coefficients done
Computing training kernel
     Calculating kernels for center species 1
     Calculating kernels for center species 6
Training kernel done
Computing test kernel
     Calculating kernels for center species 1
     Calculating kernels for center species 6
Test kernel done
Calculating composition features
Composition features done
-8.0 195942.24418552523
-7.8 3489.7009477890797
-7.6 3239.649990353896
-7.4 8510.848864831287
-7.2 49788.941548319744
-7.0 16803.982722914232
-6.8 6360.80208904506
-6.6 14884.41016345626
-6.4 2206.7109117417262
-6.2 1579.2153418707658
-6.0 13872.74220390475
-5.8 2248.863848702273
-5.6 3264.581798025591
-5.4 1096.7590461217997
-5.199999999999999 1452.9223775506728
-5.0 677.701112585777
-4.8 59.578192450132285
-4.6 44.79305584086109
-4.4 42.40274331484933
-4.199999999999999 43.456130626903494
-4.0 43.30944388568733
-3.8 43.86957676596619
-3.5999999999999996 44.80774277398941
-3.3999999999999995 45.48227359024063
-3.1999999999999993 46.420169545414204
-3.0 47.424515021241916
-2.8 48.47298861221577
-2.5999999999999996 49.5818314285838
-2.3999999999999995 50.617291774279074
-2.1999999999999993 51.559984105287505
-2.0 52.40427224950271
-1.7999999999999998 53.21272551044534
-1.5999999999999996 54.078366385621344
-1.3999999999999995 55.08255161289735
-1.1999999999999993 56.238904252861296
-1.0 57.507290230782914
-0.7999999999999998 58.824426792787364
-0.5999999999999996 60.13590870374372
-0.39999999999999947 61.424228983765026
-0.1999999999999993 62.70621642329411
0.0 64.02125062235196
0.20000000000000107 65.40341005540155
0.40000000000000036 66.84553965579903
0.5999999999999996 68.28387952602722
0.8000000000000007 69.62293881598937
1.0 70.77998701963712
1.200000000000001 71.71465266073594
1.4000000000000004 72.43057300788114
1.6000000000000014 72.95824212349143
1.8000000000000007 73.33547487403351
2.0 73.59664458214111
2.200000000000001 73.77173281481194
2.4000000000000004 73.88882209948945
2.6000000000000014 73.97462571720116
2.8000000000000007 74.05110988364726
3.0 74.13026646552674
3.200000000000001 74.21224608344636
3.4000000000000004 74.28999259658059
3.6000000000000014 74.35635144357205
3.8000000000000007 74.40806533904775
4.0 74.44568783683847
Result sigma optimization:  -4.4 42.40274331484933
E_max_2 =  250
Cutoff Radius =  6.0
Selected Radial Transform =  6.0
factor =  1.5
displacement =  0.0
dataset =  datasets/random-ch4-10k.extxyz
n_train =  1000
n_test =  1000
Train RMSE: 31.77699089050293 [MAE: 18.617097854614258]
Test RMSE: 45.785186767578125 [MAE: 24.82634735107422]
FINISHED at Wed Nov 23 12:42:05 CET 2022
