STARTING AT Wed Nov 23 12:24:49 CET 2022
Random seed: 1000
4 10
Reading dataset
Shuffling and extracting from dataset (length: 10000)
Shuffling and extraction done
Calculating power spectrum
Expansion coefficients done
Computing training kernel
     Calculating kernels for center species 1
     Calculating kernels for center species 6
Training kernel done
Computing test kernel
     Calculating kernels for center species 1
     Calculating kernels for center species 6
Test kernel done
Calculating composition features
Composition features done
-8.0 24.109288885134607
-7.8 22.521116588278044
-7.6 23.32320075288499
-7.4 23.235132448144395
-7.2 23.96934298891633
-7.0 23.928819289261327
-6.8 23.111559164024126
-6.6 22.37679086757639
-6.4 21.82627824149138
-6.2 20.875087715010324
-6.0 20.191909082174785
-5.8 19.674914950777108
-5.6 19.397537823982002
-5.4 19.292786206491147
-5.199999999999999 19.21531768131222
-5.0 19.272060512728004
-4.8 19.390147052933223
-4.6 19.56094713535189
-4.4 19.70219186430313
-4.199999999999999 19.7861094939417
-4.0 19.848482481941474
-3.8 20.005783758430024
-3.5999999999999996 20.430292378712732
-3.3999999999999995 21.251299179035502
-3.1999999999999993 22.518821684940022
-3.0 24.206626925480034
-2.8 26.262259265317407
-2.5999999999999996 28.642018992262486
-2.3999999999999995 31.32197754522773
-2.1999999999999993 34.31384514667512
-2.0 37.66438755434303
-1.7999999999999998 41.40342306387541
-1.5999999999999996 45.45156144182508
-1.3999999999999995 49.57862726266229
-1.1999999999999993 53.47842475300203
-1.0 56.915112365917366
-0.7999999999999998 59.818504139605494
-0.5999999999999996 62.265425172201304
-0.39999999999999947 64.38935701554256
-0.1999999999999993 66.29599394005643
0.0 68.02783368776342
0.20000000000000107 69.57283907891068
0.40000000000000036 70.89380107773881
0.5999999999999996 71.96064701453149
0.8000000000000007 72.77189597468242
1.0 73.3563170422289
1.200000000000001 73.7596794495475
1.4000000000000004 74.02958867912209
1.6000000000000014 74.20644197945352
1.8000000000000007 74.32074008142007
2.0 74.39395829803654
2.200000000000001 74.44059901189672
2.4000000000000004 74.47020796936182
2.6000000000000014 74.48896038172369
2.8000000000000007 74.50082172365617
3.0 74.50831706930441
3.200000000000001 74.51304982182651
3.4000000000000004 74.51603812267531
3.6000000000000014 74.51792422800034
3.8000000000000007 74.51911478775094
4.0 74.51986480127296
Result sigma optimization:  -5.199999999999999 19.21531768131222
E_max_2 =  250
Cutoff Radius =  6.0
Selected Radial Transform =  6.0
factor =  0.95
displacement =  0.0
dataset =  datasets/random-ch4-10k.extxyz
n_train =  1000
n_test =  1000
Train RMSE: 5.727156162261963 [MAE: 3.7896463871002197]
Test RMSE: 15.04720401763916 [MAE: 7.7061767578125]
FINISHED at Wed Nov 23 12:32:05 CET 2022
