STARTING AT Sat Nov 26 15:11:38 CET 2022
Random seed: 1000
6 14
Reading dataset
Shuffling and extracting from dataset (length: 133885)
Shuffling and extraction done
Calculating power spectrum
Expansion coefficients done
Computing training kernel
     Calculating kernels for center species 1
     Calculating kernels for center species 6
     Calculating kernels for center species 7
     Calculating kernels for center species 8
     Calculating kernels for center species 9
Training kernel done
Computing test kernel
     Calculating kernels for center species 1
     Calculating kernels for center species 6
     Calculating kernels for center species 7
     Calculating kernels for center species 8
     Calculating kernels for center species 9
Test kernel done
Calculating composition features
Composition features done
-8.0 4.072570953369141
-7.8 4.424695983886719
-7.6 4.804517547607422
-7.4 5.216399261474609
-7.2 5.678559143066407
-7.0 6.177740905761719
-6.8 6.724473449707031
-6.6 7.338222534179687
-6.4 8.036341369628905
-6.2 8.821107604980469
-6.0 9.691853698730469
-5.8 10.632236938476563
-5.6 11.658297973632813
-5.4 12.701728271484376
-5.199999999999999 13.728385375976563
-5.0 14.698718505859375
-4.8 15.580647094726562
-4.6 16.3616943359375
-4.4 17.049835571289062
-4.199999999999999 17.678845336914062
-4.0 18.24825500488281
-3.8 18.768918334960937
-3.5999999999999996 19.231776000976563
-3.3999999999999995 19.627143920898437
-3.1999999999999993 19.956032958984373
-3.0 20.210745483398437
-2.8 20.400812866210938
-2.5999999999999996 20.534388916015626
-2.3999999999999995 20.6260966796875
-2.1999999999999993 20.687431640625
-2.0 20.728673217773437
-1.7999999999999998 20.7567763671875
-1.5999999999999996 20.775892822265625
-1.3999999999999995 20.789003051757813
-1.1999999999999993 20.797997192382812
-1.0 20.804060302734374
-0.7999999999999998 20.808078125
-0.5999999999999996 20.810697143554687
-0.39999999999999947 20.81238513183594
-0.1999999999999993 20.813466918945313
0.0 20.814155029296874
0.20000000000000107 20.8145966796875
0.40000000000000036 20.814877563476564
0.5999999999999996 20.8150546875
0.8000000000000007 20.815166625976563
1.0 20.815237915039063
1.200000000000001 20.815282958984376
1.4000000000000004 20.815310913085938
1.6000000000000014 20.815328979492186
1.8000000000000007 20.815340087890625
2.0 20.815347412109375
2.200000000000001 20.81535107421875
2.4000000000000004 20.8153544921875
2.6000000000000014 20.815356811523436
2.8000000000000007 20.815357543945314
3.0 20.81535827636719
3.200000000000001 20.815359375
3.4000000000000004 20.815359375
3.6000000000000014 20.815359375
3.8000000000000007 20.815359375
4.0 20.815359375
Result sigma optimization:  -8.0 4.072570953369141
E_max_2 =  400
Cutoff Radius =  6.0
Selected Radial Transform =  2.0
factor =  2.4
displacement =  0.0
dataset =  datasets/qm9.xyz
n_train =  2000
n_test =  2000
Train RMSE: 5.343688488006592 [Train MAE: 3.559692144393921]
Test RMSE: 6.043179035186768 [Test MAE: 3.9959559440612793]
FINISHED at Sat Nov 26 18:49:23 CET 2022
