STARTING AT Sat Nov 19 02:24:49 CET 2022
Random seed: 1000
6 14
Reading dataset
Shuffling and extracting from dataset (length: 10000)
Shuffling and extraction done
Calculating power spectrum
Expansion coefficients done
Computing training kernel
     Calculating kernels for center species 1
     Calculating kernels for center species 6
Training kernel done
Computing test kernel
     Calculating kernels for center species 1
     Calculating kernels for center species 6
Test kernel done
Calculating composition features
Composition features done
-8.0 26.80344771797674
-7.8 26.82854476957565
-7.6 26.884116967406378
-7.4 26.19466517057314
-7.2 26.60148053401469
-7.0 26.799749226322064
-6.8 26.5172529516457
-6.6 26.368710761555302
-6.4 26.67103542908252
-6.2 26.29978418994156
-6.0 26.128430303353234
-5.8 25.95145022064639
-5.6 25.565219541308707
-5.4 25.85031986474007
-5.199999999999999 25.190066168903765
-5.0 24.47044223075566
-4.8 24.165490996007613
-4.6 23.140798129838508
-4.4 22.47391413186074
-4.199999999999999 21.799895456045913
-4.0 21.019501245681056
-3.8 20.493845017315564
-3.5999999999999996 20.132562365054593
-3.3999999999999995 19.948923898227335
-3.1999999999999993 19.88804531459909
-3.0 19.859705298197404
-2.8 19.792205102325006
-2.5999999999999996 19.67570848519898
-2.3999999999999995 19.51585203030475
-2.1999999999999993 19.334266512393626
-2.0 19.163671711771794
-1.7999999999999998 18.980695116601368
-1.5999999999999996 18.775244958247217
-1.3999999999999995 18.55130782378041
-1.1999999999999993 18.382878625571678
-1.0 18.40478665660105
-0.7999999999999998 18.76718894398879
-0.5999999999999996 19.57977108004266
-0.39999999999999947 20.9005698094424
-0.1999999999999993 22.755451956619098
0.0 25.13971133361519
0.20000000000000107 28.009175393966885
0.40000000000000036 31.292752006255377
0.5999999999999996 34.90352451311329
0.8000000000000007 38.714262552707886
1.0 42.53630811215872
1.200000000000001 46.17836166363527
1.4000000000000004 49.56930895851787
1.6000000000000014 52.8130792867638
1.8000000000000007 56.08038803249314
2.0 59.4215763370091
2.200000000000001 62.692640865974056
2.4000000000000004 65.65775218414807
2.6000000000000014 68.13731035563409
2.8000000000000007 70.07212935611419
3.0 71.50149364698615
3.200000000000001 72.51376507257088
3.4000000000000004 73.2076848766576
3.6000000000000014 73.67170483808556
3.8000000000000007 73.976327294615
4.0 74.17368721453721
Result sigma optimization:  -1.1999999999999993 18.382878625571678
Cutoff Radius =  4.5
Selected Radial Transform =  3.0
factor =  3.5
displacement =  0.0
dataset =  datasets/random-ch4-10k.extxyz
n_train =  1000
n_test =  1000
Train RMSE: 8.824899673461914 [MAE: 6.153785228729248]
Test RMSE: 14.656142234802246 [MAE: 8.168639183044434]
FINISHED at Sat Nov 19 02:35:57 CET 2022
