STARTING AT Sat Nov 19 02:26:39 CET 2022
Random seed: 1000
6 14
Reading dataset
Shuffling and extracting from dataset (length: 10000)
Shuffling and extraction done
Calculating power spectrum
Expansion coefficients done
Computing training kernel
     Calculating kernels for center species 1
     Calculating kernels for center species 6
Training kernel done
Computing test kernel
     Calculating kernels for center species 1
     Calculating kernels for center species 6
Test kernel done
Calculating composition features
Composition features done
-8.0 119.54514282008701
-7.8 101.18571747966706
-7.6 87.13601015438451
-7.4 76.29683848299351
-7.2 67.70195494315507
-7.0 60.74110338662774
-6.8 55.122084106553885
-6.6 50.570505392224426
-6.4 46.930617171788825
-6.2 44.062599024711425
-6.0 41.858001027282704
-5.8 40.2079329859171
-5.6 39.013927200744604
-5.4 38.19258517696858
-5.199999999999999 37.6774864391854
-5.0 37.41268699836327
-4.8 37.35033414760168
-4.6 37.45316690131156
-4.4 37.70338668060868
-4.199999999999999 38.110946180198674
-4.0 38.71062071641322
-3.8 39.545695088087655
-3.5999999999999996 40.65024273451513
-3.3999999999999995 42.04843747096912
-3.1999999999999993 43.773952014868385
-3.0 45.88702447996601
-2.8 48.457697401960814
-2.5999999999999996 51.50693324082691
-2.3999999999999995 54.94095068798865
-2.1999999999999993 58.53615442613223
-2.0 62.00063482537901
-1.7999999999999998 65.07820787809848
-1.5999999999999996 67.6259631400914
-1.3999999999999995 69.62229236207322
-1.1999999999999993 71.12339782905482
-1.0 72.21515163038848
-0.7999999999999998 72.98566447426508
-0.5999999999999996 73.51465096326038
-0.39999999999999947 73.86929821481993
-0.1999999999999993 74.10264228588613
0.0 74.25406743909723
0.20000000000000107 74.35138826881446
0.40000000000000036 74.41353287541185
0.5999999999999996 74.45304539607497
0.8000000000000007 74.47809703194625
1.0 74.49395256495657
1.200000000000001 74.50397724282912
1.4000000000000004 74.51030947962839
1.6000000000000014 74.51430777038729
1.8000000000000007 74.51683241053661
2.0 74.51842557381362
2.200000000000001 74.51943056176691
2.4000000000000004 74.52006629928613
2.6000000000000014 74.52046572922099
2.8000000000000007 74.52071838589588
3.0 74.52087794705588
3.200000000000001 74.5209787995971
3.4000000000000004 74.52104044328689
3.6000000000000014 74.52108091003511
3.8000000000000007 74.52110628036866
4.0 74.52112347348233
Result sigma optimization:  -4.8 37.35033414760168
Cutoff Radius =  4.5
Selected Radial Transform =  5.0
factor =  3.0
displacement =  0.0
dataset =  datasets/random-ch4-10k.extxyz
n_train =  1000
n_test =  1000
Train RMSE: 34.02032470703125 [MAE: 26.016630172729492]
Test RMSE: 36.09135437011719 [MAE: 28.452913284301758]
FINISHED at Sat Nov 19 02:33:52 CET 2022
