STARTING AT Tue Nov 15 10:53:14 CET 2022
Cutoff Radius =  4.5
Selected Radial Transform =  2.0
factor =  1.0
dataset =  datasets/qm9.xyz
n_train =  1000
n_test =  1000
Random seed: 1000
6 14
Reading dataset
Shuffling and extracting from dataset (length: 133885)
Shuffling and extraction done
Calculating power spectrum
Expansion coefficients done
Computing training kernel
     Calculating kernels for center species 1
     Calculating kernels for center species 6
     Calculating kernels for center species 7
     Calculating kernels for center species 8
     Calculating kernels for center species 9
Training kernel done
Computing test kernel
     Calculating kernels for center species 1
     Calculating kernels for center species 6
     Calculating kernels for center species 7
     Calculating kernels for center species 8
     Calculating kernels for center species 9
Test kernel done
Calculating composition features
Composition features done
Beginning hyperparameter optimization
Train RMSE: 0.15179643034934998 [MAE: 0.10571399331092834]
Test RMSE: 5.617172718048096 [MAE: 3.988593339920044]
FINISHED at Tue Nov 15 12:23:36 CET 2022
