STARTING AT Tue Nov 15 10:41:23 CET 2022
Cutoff Radius =  4.5
Selected Radial Transform =  2.0
factor =  0.6
dataset =  datasets/qm9.xyz
n_train =  1000
n_test =  1000
Random seed: 1000
6 14
Reading dataset
Shuffling and extracting from dataset (length: 133885)
Shuffling and extraction done
Calculating power spectrum
Expansion coefficients done
Computing training kernel
     Calculating kernels for center species 1
     Calculating kernels for center species 6
     Calculating kernels for center species 7
     Calculating kernels for center species 8
     Calculating kernels for center species 9
Training kernel done
Computing test kernel
     Calculating kernels for center species 1
     Calculating kernels for center species 6
     Calculating kernels for center species 7
     Calculating kernels for center species 8
     Calculating kernels for center species 9
Test kernel done
Calculating composition features
Composition features done
Beginning hyperparameter optimization
Train RMSE: 0.5223352313041687 [MAE: 0.3355145752429962]
Test RMSE: 7.336972236633301 [MAE: 5.313969612121582]
FINISHED at Tue Nov 15 12:09:19 CET 2022
