STARTING AT Sat Nov 26 13:15:40 CET 2022
Random seed: 1000
6 14
Reading dataset
Shuffling and extracting from dataset (length: 133885)
Shuffling and extraction done
Calculating power spectrum
Expansion coefficients done
Computing training kernel
     Calculating kernels for center species 1
     Calculating kernels for center species 6
     Calculating kernels for center species 7
     Calculating kernels for center species 8
     Calculating kernels for center species 9
Training kernel done
Computing test kernel
     Calculating kernels for center species 1
     Calculating kernels for center species 6
     Calculating kernels for center species 7
     Calculating kernels for center species 8
     Calculating kernels for center species 9
Test kernel done
Calculating composition features
Composition features done
-8.0 19.776181396484375
-7.8 19.776198486328123
-7.6 19.77620910644531
-7.4 19.776214965820312
-7.2 19.77621875
-7.0 19.776221801757814
-6.8 19.77622412109375
-6.6 19.776225219726562
-6.4 19.776226196289063
-6.2 19.77622644042969
-6.0 19.7762265625
-5.8 19.7762265625
-5.6 19.7762265625
-5.4 19.7762265625
-5.199999999999999 19.7762265625
-5.0 19.7762265625
-4.8 19.7762265625
-4.6 19.7762265625
-4.4 19.7762265625
-4.199999999999999 19.7762265625
-4.0 19.7762265625
-3.8 19.7762265625
-3.5999999999999996 19.7762265625
-3.3999999999999995 19.7762265625
-3.1999999999999993 19.7762265625
-3.0 19.7762265625
-2.8 19.7762265625
-2.5999999999999996 19.7762265625
-2.3999999999999995 19.7762265625
-2.1999999999999993 19.7762265625
-2.0 19.7762265625
-1.7999999999999998 19.7762265625
-1.5999999999999996 19.7762265625
-1.3999999999999995 19.7762265625
-1.1999999999999993 19.7762265625
-1.0 19.7762265625
-0.7999999999999998 19.7762265625
-0.5999999999999996 19.7762265625
-0.39999999999999947 19.7762265625
-0.1999999999999993 19.7762265625
0.0 19.7762265625
0.20000000000000107 19.7762265625
0.40000000000000036 19.7762265625
0.5999999999999996 19.7762265625
0.8000000000000007 19.7762265625
1.0 19.7762265625
1.200000000000001 19.7762265625
1.4000000000000004 19.7762265625
1.6000000000000014 19.7762265625
1.8000000000000007 19.7762265625
2.0 19.7762265625
2.200000000000001 19.7762265625
2.4000000000000004 19.7762265625
2.6000000000000014 19.7762265625
2.8000000000000007 19.7762265625
3.0 19.7762265625
3.200000000000001 19.7762265625
3.4000000000000004 19.7762265625
3.6000000000000014 19.7762265625
3.8000000000000007 19.7762265625
4.0 19.7762265625
Result sigma optimization:  -8.0 19.776181396484375
E_max_2 =  400
Cutoff Radius =  6.0
Selected Radial Transform =  2.0
factor =  2.4
displacement =  0.0
dataset =  datasets/qm9.xyz
n_train =  1000
n_test =  1000
Train RMSE: 24.638805389404297 [Train MAE: 19.776172637939453]
Test RMSE: 23.95871925354004 [Test MAE: 18.889772415161133]
FINISHED at Sat Nov 26 14:35:41 CET 2022
