STARTING AT Sat Nov 26 11:58:03 CET 2022
Random seed: 1000
6 14
Reading dataset
Shuffling and extracting from dataset (length: 105092)
Shuffling and extraction done
Calculating power spectrum
Expansion coefficients done
Computing training kernel
     Calculating kernels for center species 79
Training kernel done
Computing test kernel
     Calculating kernels for center species 79
Test kernel done
Calculating composition features
Composition features done
-8.0 289357.2318850179
-7.8 255716.19042393073
-7.6 466128.2516216669
-7.4 100190.00492168867
-7.2 426824.75640860386
-7.0 222810.71775442042
-6.8 32895.23460588175
-6.6 36736.013825781374
-6.4 1634.0708821835117
-6.2 1251.0427011097584
-6.0 1196.197776289523
-5.8 1160.8182286645915
-5.6 1136.1669877267161
-5.4 1120.6169907689246
-5.199999999999999 1112.646678869802
-5.0 1107.3573045769824
-4.8 1104.5613427963158
-4.6 1100.781409726745
-4.4 1098.481897893634
-4.199999999999999 1096.1661370431034
-4.0 1094.280205431863
-3.8 1093.847773686997
-3.5999999999999996 1095.146496136476
-3.3999999999999995 1098.7936257550823
-3.1999999999999993 1105.5164548752768
-3.0 1116.2982182194864
-2.8 1131.9762789034053
-2.5999999999999996 1153.0574382917791
-2.3999999999999995 1179.2933477299023
-2.1999999999999993 1209.6186473430378
-2.0 1242.5177020871774
-1.7999999999999998 1276.6945633157525
-1.5999999999999996 1311.7247241704335
-1.3999999999999995 1348.36130172888
-1.1999999999999993 1388.2832045371722
-1.0 1433.2256709953251
-0.7999999999999998 1483.8606080087172
-0.5999999999999996 1539.200821205602
-0.39999999999999947 1597.078492748556
-0.1999999999999993 1655.6493010296595
0.0 1715.2788974391308
0.20000000000000107 1779.629705303887
0.40000000000000036 1855.2249071204278
0.5999999999999996 1950.8602000143424
0.8000000000000007 2079.584481573182
1.0 2262.1977278743784
1.200000000000001 2524.0021426298354
1.4000000000000004 2878.1733318200277
1.6000000000000014 3306.755538590659
1.8000000000000007 3761.3512805905275
2.0 4186.12155771903
2.200000000000001 4542.140168687003
2.4000000000000004 4815.934218819854
2.6000000000000014 5013.445269672344
2.8000000000000007 5149.617436664592
3.0 5240.642818586285
3.200000000000001 5300.252455874154
3.4000000000000004 5338.768768920415
3.6000000000000014 5363.441617469141
3.8000000000000007 5379.159285985125
4.0 5389.136972837116
Result sigma optimization:  -3.8 1093.847773686997
E_max_2 =  400
Cutoff Radius =  4.5
Selected Radial Transform =  10.0
factor =  0.4
displacement =  0.0
dataset =  datasets/gold.xyz
n_train =  1000
n_test =  1000
Train RMSE: 979.3880004882812 [Train MAE: 744.1267700195312]
Test RMSE: 1080.8834228515625 [Test MAE: 783.6958618164062]
FINISHED at Sat Nov 26 13:02:41 CET 2022
