STARTING AT Sat Nov 26 00:35:51 CET 2022
Random seed: 1000
6 14
Reading dataset
Shuffling and extracting from dataset (length: 10000)
Shuffling and extraction done
Calculating power spectrum
Expansion coefficients done
Computing training kernel
     Calculating kernels for center species 1
     Calculating kernels for center species 6
Training kernel done
Computing test kernel
     Calculating kernels for center species 1
     Calculating kernels for center species 6
Test kernel done
Calculating composition features
Composition features done
-8.0 68.74090348911629
-7.8 68.5289100717719
-7.6 68.21244742988628
-7.4 67.70264788950281
-7.2 66.95991758134116
-7.0 65.97253228143512
-6.8 64.56283397783899
-6.6 62.75248787398791
-6.4 60.50713607191304
-6.2 57.88693424469809
-6.0 54.92973537279239
-5.8 51.76202034310485
-5.6 48.444071167171735
-5.4 45.113554512820755
-5.199999999999999 41.825338042193394
-5.0 38.66994467404563
-4.8 35.713874065708
-4.6 33.038020592757974
-4.4 30.730121623579688
-4.199999999999999 28.89533226253853
-4.0 27.590047599859265
-3.8 26.791521367542753
-3.5999999999999996 26.437942889316293
-3.3999999999999995 26.46224278039845
-3.1999999999999993 26.805477882911358
-3.0 27.410664268218675
-2.8 28.225154796409
-2.5999999999999996 29.213691273313955
-2.3999999999999995 30.370558317225584
-2.1999999999999993 31.72259865813329
-2.0 33.323707073568514
-1.7999999999999998 35.23940809395782
-1.5999999999999996 37.51814259045216
-1.3999999999999995 40.157496575981924
-1.1999999999999993 43.086958765095034
-1.0 46.18573914099459
-0.7999999999999998 49.331317702348066
-0.5999999999999996 52.45033618219239
-0.39999999999999947 55.53632355832532
-0.1999999999999993 58.61287961062824
0.0 61.659287748278444
0.20000000000000107 64.56274358618134
0.40000000000000036 67.15366427083484
0.5999999999999996 69.29465324792383
0.8000000000000007 70.94019312068441
1.0 72.13169163065567
1.200000000000001 72.95659475845895
1.4000000000000004 73.5098826264197
1.6000000000000014 73.87309832577756
1.8000000000000007 74.10818084901288
2.0 74.25893317473663
2.200000000000001 74.35503954843948
2.4000000000000004 74.41607479234577
2.6000000000000014 74.45474716228644
2.8000000000000007 74.47921060604764
3.0 74.49466885287832
3.200000000000001 74.50443464150305
3.4000000000000004 74.51060033646219
3.6000000000000014 74.51449313724143
3.8000000000000007 74.51694899484278
4.0 74.51849980038514
Result sigma optimization:  -3.5999999999999996 26.437942889316293
E_max_2 =  400
Cutoff Radius =  4.5
Selected Radial Transform =  1010.0
factor =  0.3
displacement =  0.0
dataset =  datasets/random-ch4-10k.extxyz
n_train =  1000
n_test =  1000
Train RMSE: 15.341012001037598 [Train MAE: 10.134895324707031]
Test RMSE: 23.473237991333008 [Test MAE: 17.26061248779297]
FINISHED at Sat Nov 26 00:43:55 CET 2022
