STARTING AT Sat Nov 26 00:33:40 CET 2022
Random seed: 1000
6 14
Reading dataset
Shuffling and extracting from dataset (length: 10000)
Shuffling and extraction done
Calculating power spectrum
Expansion coefficients done
Computing training kernel
     Calculating kernels for center species 1
     Calculating kernels for center species 6
Training kernel done
Computing test kernel
     Calculating kernels for center species 1
     Calculating kernels for center species 6
Test kernel done
Calculating composition features
Composition features done
-8.0 26.168618827292452
-7.8 26.00536723447681
-7.6 25.814246687270384
-7.4 25.600003852843948
-7.2 25.371777273798735
-7.0 25.135385505143688
-6.8 24.889928034812094
-6.6 24.641987755594617
-6.4 24.40033046811303
-6.2 24.171108241717267
-6.0 23.959643539808507
-5.8 23.77206807795916
-5.6 23.62434729587783
-5.4 23.554834545560915
-5.199999999999999 23.628607694117314
-5.0 23.93100323880353
-4.8 24.54427082780725
-4.6 25.521319825295084
-4.4 26.877295686833897
-4.199999999999999 28.602822331240322
-4.0 30.685943825105003
-3.8 33.12943401927507
-3.5999999999999996 35.959849246242676
-3.3999999999999995 39.218139736287846
-3.1999999999999993 42.924326217775395
-3.0 47.03453900459746
-2.8 51.41703101235037
-2.5999999999999996 55.852718152297655
-2.3999999999999995 60.06593096340054
-2.1999999999999993 63.794627884133
-2.0 66.86859583821841
-1.7999999999999998 69.24338100136359
-1.5999999999999996 70.97896431337949
-1.3999999999999995 72.1920154431915
-1.1999999999999993 73.01168421047414
-1.0 73.55237377202724
-0.7999999999999998 73.90329851400409
-0.5999999999999996 74.128678660826
-0.39999999999999947 74.27246882257248
-0.1999999999999993 74.36382689184306
0.0 74.42171894010511
0.20000000000000107 74.45834909531636
0.40000000000000036 74.48149959050234
0.5999999999999996 74.4961204946271
0.8000000000000007 74.50535425390581
1.0 74.5111820467237
1.200000000000001 74.51485883701316
1.4000000000000004 74.51718132417517
1.6000000000000014 74.51864573715763
1.8000000000000007 74.51956894836417
2.0 74.5201531047139
2.200000000000001 74.52052129279558
2.4000000000000004 74.52075256262513
2.6000000000000014 74.52089870465869
2.8000000000000007 74.52099179929102
3.0 74.52105008821333
3.200000000000001 74.52108678085686
3.4000000000000004 74.5211113124999
3.6000000000000014 74.52112515085906
3.8000000000000007 74.52113437643042
4.0 74.52113919888772
Result sigma optimization:  -5.4 23.554834545560915
E_max_2 =  400
Cutoff Radius =  4.5
Selected Radial Transform =  10.0
factor =  1.2
displacement =  0.0
dataset =  datasets/random-ch4-10k.extxyz
n_train =  1000
n_test =  1000
Train RMSE: 8.874825477600098 [Train MAE: 6.678353786468506]
Test RMSE: 17.278905868530273 [Test MAE: 11.006011009216309]
FINISHED at Sat Nov 26 00:44:18 CET 2022
