STARTING AT Sat Nov 26 00:40:51 CET 2022
Random seed: 1000
6 14
Reading dataset
Shuffling and extracting from dataset (length: 10000)
Shuffling and extraction done
Calculating power spectrum
Expansion coefficients done
Computing training kernel
     Calculating kernels for center species 1
     Calculating kernels for center species 6
Training kernel done
Computing test kernel
     Calculating kernels for center species 1
     Calculating kernels for center species 6
Test kernel done
Calculating composition features
Composition features done
-8.0 10.78175329441193
-7.8 10.781403825895367
-7.6 10.778352395941308
-7.4 10.770920277896986
-7.2 10.7593020482932
-7.0 10.740840074585066
-6.8 10.708453737366217
-6.6 10.674307212772932
-6.4 10.619789531224242
-6.2 10.537199126413409
-6.0 10.43157962705673
-5.8 10.304566408500044
-5.6 10.158244203255244
-5.4 10.012314853742303
-5.199999999999999 9.874346571537973
-5.0 9.758591842376324
-4.8 9.676006980360462
-4.6 9.628994985645893
-4.4 9.62408094739603
-4.199999999999999 9.669661550033046
-4.0 9.778001569710737
-3.8 9.958923521889488
-3.5999999999999996 10.222348121789185
-3.3999999999999995 10.578761936141795
-3.1999999999999993 11.04166759777905
-3.0 11.630225786951376
-2.8 12.368112271962726
-2.5999999999999996 13.28117126814899
-2.3999999999999995 14.396343224659082
-2.1999999999999993 15.745384182257192
-2.0 17.372291296280192
-1.7999999999999998 19.340123019216747
-1.5999999999999996 21.73051273195711
-1.3999999999999995 24.631868926187373
-1.1999999999999993 28.115007356781447
-1.0 32.19750166210493
-0.7999999999999998 36.809846996931405
-0.5999999999999996 41.7885753675571
-0.39999999999999947 46.90715880198885
-0.1999999999999993 51.92424281766177
0.0 56.61872233413608
0.20000000000000107 60.80745778171457
0.40000000000000036 64.36355626439546
0.5999999999999996 67.23462998150582
0.8000000000000007 69.44337576399927
1.0 71.06867277499981
1.200000000000001 72.21915518060288
1.4000000000000004 73.00853738604822
1.6000000000000014 73.53783231269466
1.8000000000000007 73.88702567095254
2.0 74.11472652246651
2.200000000000001 74.2618913036828
2.4000000000000004 74.35634492933336
2.6000000000000014 74.41665031261485
2.8000000000000007 74.45500172083807
3.0 74.47932494155677
3.200000000000001 74.4947242259477
3.4000000000000004 74.50446358272771
3.6000000000000014 74.51061522528182
3.8000000000000007 74.51450299270606
4.0 74.51695423693859
Result sigma optimization:  -4.4 9.62408094739603
E_max_2 =  400
Cutoff Radius =  4.5
Selected Radial Transform =  1111.0
factor =  0.6
displacement =  0.0
dataset =  datasets/random-ch4-10k.extxyz
n_train =  1000
n_test =  1000
Train RMSE: 1.3902630805969238 [Train MAE: 1.0363987684249878]
Test RMSE: 10.083996772766113 [Test MAE: 5.539658069610596]
FINISHED at Sat Nov 26 00:51:55 CET 2022
