STARTING AT Sat Nov 26 12:02:25 CET 2022
Random seed: 1000
6 14
Reading dataset
Shuffling and extracting from dataset (length: 105092)
Shuffling and extraction done
Calculating power spectrum
Expansion coefficients done
Computing training kernel
     Calculating kernels for center species 79
Training kernel done
Computing test kernel
     Calculating kernels for center species 79
Test kernel done
Calculating composition features
Composition features done
-8.0 31622777562744.812
-7.8 31626079533431.867
-7.6 31622839306410.9
-7.4 44721359569845.88
-7.2 31622779259435.688
-7.0 31622777058557.418
-6.8 31622776795457.867
-6.6 31622784787685.215
-6.4 31622778340456.645
-6.2 2898715751.1408343
-6.0 31622776624343.176
-5.8 31622776616336.477
-5.6 172216.54267615525
-5.4 154300.88793875425
-5.199999999999999 207243.21376454286
-5.0 24085.58750323521
-4.8 170746.07551753568
-4.6 14092.097294015535
-4.4 41009.06549376613
-4.199999999999999 10666.825072157131
-4.0 14145.215565978484
-3.8 765.3493594431238
-3.5999999999999996 330.7604389887037
-3.3999999999999995 322.3091916157527
-3.1999999999999993 320.9523204465112
-3.0 321.1335890248792
-2.8 322.0009534147376
-2.5999999999999996 325.74986339214325
-2.3999999999999995 330.8123274607523
-2.1999999999999993 337.1401533487223
-2.0 346.3041596631493
-1.7999999999999998 358.95411127329356
-1.5999999999999996 376.54149704913004
-1.3999999999999995 400.6205012227906
-1.1999999999999993 432.6145536155713
-1.0 473.6241695690793
-0.7999999999999998 524.0250413863826
-0.5999999999999996 583.2663919685413
-0.39999999999999947 649.8645935885413
-0.1999999999999993 721.6103491497333
0.0 796.2615424595112
0.20000000000000107 872.379561888058
0.40000000000000036 949.4533142814342
0.5999999999999996 1027.7678959765187
0.8000000000000007 1108.7802920326462
1.0 1195.7712757881416
1.200000000000001 1294.0072302734634
1.4000000000000004 1410.8456527912613
1.6000000000000014 1555.8583483080972
1.8000000000000007 1738.8213571267177
2.0 1963.6018985527592
2.200000000000001 2220.856051165856
2.4000000000000004 2487.34334742914
2.6000000000000014 2735.531959966836
2.8000000000000007 2946.2994389572827
3.0 3115.3342241242754
3.200000000000001 3252.1891310315887
3.4000000000000004 3376.6824713022693
3.6000000000000014 3514.99256556824
3.8000000000000007 3692.681315250478
4.0 3922.1638109594555
Result sigma optimization:  -3.1999999999999993 320.9523204465112
E_max_2 =  400
Cutoff Radius =  4.5
Selected Radial Transform =  1111.0
factor =  0.6
displacement =  0.0
dataset =  datasets/gold.xyz
n_train =  1000
n_test =  1000
Train RMSE: 263.3761901855469 [Train MAE: 200.86572265625]
Test RMSE: 319.72161865234375 [Test MAE: 235.2047882080078]
FINISHED at Sat Nov 26 13:26:59 CET 2022
