STARTING AT Sat Nov 26 12:53:41 CET 2022
Random seed: 1000
6 14
Reading dataset
Shuffling and extracting from dataset (length: 105092)
Shuffling and extraction done
Calculating power spectrum
Expansion coefficients done
Computing training kernel
     Calculating kernels for center species 79
Training kernel done
Computing test kernel
     Calculating kernels for center species 79
Test kernel done
Calculating composition features
Composition features done
-8.0 145208.6595059675
-7.8 221896.08194338178
-7.6 417436.1568399556
-7.4 21255.38702766901
-7.2 53377.87138685843
-7.0 10256.027463301763
-6.8 11834.787712164507
-6.6 444.67063204128965
-6.4 402.9173947597696
-6.2 395.26077214922304
-6.0 398.7898820180873
-5.8 403.7954927930722
-5.6 409.72676383170284
-5.4 415.6107048669464
-5.199999999999999 423.2619602562933
-5.0 432.61289278060127
-4.8 443.8457141845576
-4.6 458.5571763695341
-4.4 476.4727232486661
-4.199999999999999 497.17030482521784
-4.0 519.809201534563
-3.8 544.2437395138322
-3.5999999999999996 571.2553544606825
-3.3999999999999995 601.8158721735412
-3.1999999999999993 636.0490374177136
-3.0 672.8884811021809
-2.8 710.8080162744368
-2.5999999999999996 749.1450580495075
-2.3999999999999995 789.0618176036653
-2.1999999999999993 833.8804686524322
-2.0 888.3586933215659
-1.7999999999999998 956.5127620685465
-1.5999999999999996 1039.1578128465378
-1.3999999999999995 1133.928050627552
-1.1999999999999993 1238.6339507699602
-1.0 1354.8829883056324
-0.7999999999999998 1488.3536837727786
-0.5999999999999996 1645.2445799941115
-0.39999999999999947 1826.9352610314356
-0.1999999999999993 2026.1516231516337
0.0 2229.0914597656147
0.20000000000000107 2424.5493766883774
0.40000000000000036 2614.0179280180923
0.5999999999999996 2815.376862872891
0.8000000000000007 3056.1944545463725
1.0 3356.3489496773127
1.200000000000001 3709.307178436426
1.4000000000000004 4080.23371879602
1.6000000000000014 4425.216903158534
1.8000000000000007 4713.168832961535
2.0 4933.74815409137
2.200000000000001 5092.339055483247
2.4000000000000004 5201.396809319589
2.6000000000000014 5274.162809773699
2.8000000000000007 5321.754537744107
3.0 5352.479834992375
3.200000000000001 5372.151074569664
3.4000000000000004 5384.67804348598
3.6000000000000014 5392.628568703763
3.8000000000000007 5397.663541941087
4.0 5400.847838626821
Result sigma optimization:  -6.2 395.26077214922304
E_max_2 =  400
Cutoff Radius =  4.5
Selected Radial Transform =  9.0
factor =  1.0
displacement =  0.0
dataset =  datasets/gold.xyz
n_train =  1000
n_test =  1000
Train RMSE: 368.77630615234375 [Train MAE: 279.11322021484375]
Test RMSE: 412.2164306640625 [Test MAE: 300.3640441894531]
FINISHED at Sat Nov 26 13:36:37 CET 2022
