STARTING AT Sat Nov 26 13:37:41 CET 2022
Random seed: 1000
6 14
Reading dataset
Shuffling and extracting from dataset (length: 10000)
Shuffling and extraction done
Calculating power spectrum
Expansion coefficients done
Computing training kernel
     Calculating kernels for center species 1
     Calculating kernels for center species 6
Training kernel done
Computing test kernel
     Calculating kernels for center species 1
     Calculating kernels for center species 6
Test kernel done
Calculating composition features
Composition features done
-8.0 69.77356389600577
-7.8 72.53035872998285
-7.6 74.54610171732658
-7.4 75.94926164058477
-7.2 76.89339820491743
-7.0 77.51439402620652
-6.8 77.91679175569281
-6.6 78.1750367764544
-6.4 78.33974266775454
-6.2 78.44437858285322
-6.0 78.51068557846123
-5.8 78.55263681124906
-5.6 78.5791497870141
-5.4 78.5958974358713
-5.199999999999999 78.60647357247366
-5.0 78.61314795407954
-4.8 78.61736210914228
-4.6 78.62001931760129
-4.4 78.62169706893893
-4.199999999999999 78.6227559298197
-4.0 78.62342307639626
-3.8 78.62384538102928
-3.5999999999999996 78.62411088527489
-3.3999999999999995 78.62427841481282
-3.1999999999999993 78.62438294670426
-3.0 78.62445130969118
-2.8 78.62449264542188
-2.5999999999999996 78.62451828151318
-2.3999999999999995 78.62453735952919
-2.1999999999999993 78.62454709726472
-2.0 78.62455405278939
-1.7999999999999998 78.62455802737463
-1.5999999999999996 78.62456140577193
-1.3999999999999995 78.6245625981474
-1.1999999999999993 78.62456418798135
-1.0 78.62456637400298
-0.7999999999999998 78.62456637400298
-0.5999999999999996 78.62456637400298
-0.39999999999999947 78.62456637400298
-0.1999999999999993 78.62456637400298
0.0 78.62456637400298
0.20000000000000107 78.62456637400298
0.40000000000000036 78.62456637400298
0.5999999999999996 78.62456637400298
0.8000000000000007 78.62456637400298
1.0 78.62456637400298
1.200000000000001 78.62456637400298
1.4000000000000004 78.62456637400298
1.6000000000000014 78.62456637400298
1.8000000000000007 78.62456637400298
2.0 78.62456637400298
2.200000000000001 78.62456637400298
2.4000000000000004 78.62456637400298
2.6000000000000014 78.62456637400298
2.8000000000000007 78.62456637400298
3.0 78.62456637400298
3.200000000000001 78.62456637400298
3.4000000000000004 78.62456637400298
3.6000000000000014 78.62456637400298
3.8000000000000007 78.62456637400298
4.0 78.62456637400298
Result sigma optimization:  -8.0 69.77356389600577
E_max_2 =  400
Cutoff Radius =  6.0
Selected Radial Transform =  2.0
factor =  1.6
displacement =  0.0
dataset =  datasets/random-ch4-10k.extxyz
n_train =  4000
n_test =  4000
Train RMSE: 68.89237976074219 [Train MAE: 46.14116668701172]
Test RMSE: 66.01380157470703 [Test MAE: 46.60322570800781]
FINISHED at Sat Nov 26 15:31:06 CET 2022
