STARTING AT Sat Nov 26 13:38:57 CET 2022
Random seed: 1000
6 14
Reading dataset
Shuffling and extracting from dataset (length: 105092)
Shuffling and extraction done
Calculating power spectrum
Expansion coefficients done
Computing training kernel
     Calculating kernels for center species 79
Training kernel done
Computing test kernel
     Calculating kernels for center species 79
Test kernel done
Calculating composition features
Composition features done
-8.0 858.0201955665146
-7.8 858.0201955665146
-7.6 858.0201955665146
-7.4 858.0201955665146
-7.2 858.0201955665146
-7.0 858.0201955665146
-6.8 858.0201955665146
-6.6 858.0201955665146
-6.4 858.0201955665146
-6.2 858.0201955665146
-6.0 858.0201955665146
-5.8 858.0201955665146
-5.6 858.0201955665146
-5.4 858.0201955665146
-5.199999999999999 858.0201955665146
-5.0 858.0201955665146
-4.8 858.0201955665146
-4.6 858.0201955665146
-4.4 858.0201955665146
-4.199999999999999 858.0201955665146
-4.0 858.0201955665146
-3.8 858.0201955665146
-3.5999999999999996 858.0201955665146
-3.3999999999999995 858.0201955665146
-3.1999999999999993 858.0201955665146
-3.0 858.0201955665146
-2.8 858.0201955665146
-2.5999999999999996 858.0201955665146
-2.3999999999999995 858.0201955665146
-2.1999999999999993 858.0201955665146
-2.0 858.0201955665146
-1.7999999999999998 858.0201955665146
-1.5999999999999996 858.0201955665146
-1.3999999999999995 858.0201955665146
-1.1999999999999993 858.0201955665146
-1.0 858.0201955665146
-0.7999999999999998 858.0201955665146
-0.5999999999999996 858.0201955665146
-0.39999999999999947 858.0201955665146
-0.1999999999999993 858.0201955665146
0.0 858.0201955665146
0.20000000000000107 858.0201955665146
0.40000000000000036 858.0201955665146
0.5999999999999996 858.0201955665146
0.8000000000000007 858.0201955665146
1.0 858.0201955665146
1.200000000000001 858.0201955665146
1.4000000000000004 858.0201955665146
1.6000000000000014 858.0201955665146
1.8000000000000007 858.0201955665146
2.0 858.0201955665146
2.200000000000001 858.0201955665146
2.4000000000000004 858.0201955665146
2.6000000000000014 858.0201955665146
2.8000000000000007 858.0201955665146
3.0 858.0201955665146
3.200000000000001 858.0201955665146
3.4000000000000004 858.0201955665146
3.6000000000000014 858.0201955665146
3.8000000000000007 858.0201955665146
4.0 858.0201955665146
Result sigma optimization:  -8.0 858.0201955665146
E_max_2 =  400
Cutoff Radius =  6.0
Selected Radial Transform =  2.0
factor =  2.2
displacement =  0.0
dataset =  datasets/gold.xyz
n_train =  4000
n_test =  4000
Train RMSE: 858.0202026367188 [Train MAE: 725.2479858398438]
Test RMSE: 857.365966796875 [Test MAE: 723.4559936523438]
FINISHED at Sun Nov 27 00:41:54 CET 2022
