STARTING AT Sat Nov 26 13:42:15 CET 2022
Random seed: 1000
6 14
Reading dataset
Shuffling and extracting from dataset (length: 133885)
Shuffling and extraction done
Calculating power spectrum
Expansion coefficients done
Computing training kernel
     Calculating kernels for center species 1
     Calculating kernels for center species 6
     Calculating kernels for center species 7
     Calculating kernels for center species 8
     Calculating kernels for center species 9
Training kernel done
Computing test kernel
     Calculating kernels for center species 1
     Calculating kernels for center species 6
     Calculating kernels for center species 7
     Calculating kernels for center species 8
     Calculating kernels for center species 9
Test kernel done
Calculating composition features
Composition features done
-8.0 20.139505981445314
-7.8 20.140619140625
-7.6 20.141325927734375
-7.4 20.141772827148436
-7.2 20.14205651855469
-7.0 20.14223486328125
-6.8 20.142347778320314
-6.6 20.14241882324219
-6.4 20.14246423339844
-6.2 20.142492431640626
-6.0 20.14251025390625
-5.8 20.142521606445314
-5.6 20.142529052734375
-5.4 20.142533081054687
-5.199999999999999 20.14253662109375
-5.0 20.142537963867188
-4.8 20.142539916992188
-4.6 20.142540771484374
-4.4 20.142541015625
-4.199999999999999 20.142541015625
-4.0 20.142541015625
-3.8 20.142541015625
-3.5999999999999996 20.142541015625
-3.3999999999999995 20.142541015625
-3.1999999999999993 20.142541015625
-3.0 20.142541015625
-2.8 20.142541015625
-2.5999999999999996 20.142541015625
-2.3999999999999995 20.142541015625
-2.1999999999999993 20.142541015625
-2.0 20.142541015625
-1.7999999999999998 20.142541015625
-1.5999999999999996 20.142541015625
-1.3999999999999995 20.142541015625
-1.1999999999999993 20.142541015625
-1.0 20.142541015625
-0.7999999999999998 20.142541015625
-0.5999999999999996 20.142541015625
-0.39999999999999947 20.142541015625
-0.1999999999999993 20.142541015625
0.0 20.142541015625
0.20000000000000107 20.142541015625
0.40000000000000036 20.142541015625
0.5999999999999996 20.142541015625
0.8000000000000007 20.142541015625
1.0 20.142541015625
1.200000000000001 20.142541015625
1.4000000000000004 20.142541015625
1.6000000000000014 20.142541015625
1.8000000000000007 20.142541015625
2.0 20.142541015625
2.200000000000001 20.142541015625
2.4000000000000004 20.142541015625
2.6000000000000014 20.142541015625
2.8000000000000007 20.142541015625
3.0 20.142541015625
3.200000000000001 20.142541015625
3.4000000000000004 20.142541015625
3.6000000000000014 20.142541015625
3.8000000000000007 20.142541015625
4.0 20.142541015625
Result sigma optimization:  -8.0 20.139505981445314
E_max_2 =  400
Cutoff Radius =  6.0
Selected Radial Transform =  2.0
factor =  2.2
displacement =  0.0
dataset =  datasets/qm9.xyz
n_train =  4000
n_test =  4000
Train RMSE: 25.38665199279785 [Train MAE: 20.139034271240234]
Test RMSE: 25.1581974029541 [Test MAE: 19.996437072753906]
FINISHED at Sun Nov 27 04:37:36 CET 2022
