STARTING AT Fri Nov 11 00:44:56 CET 2022
Cutoff Radius =  4.5
Selected Radial Transform =  2000.0
factor =  0.1
dataset =  datasets/random-ch4-10k.extxyz
n_train =  1000
n_test =  1000
Random seed: 1000
6 14
Reading dataset
Shuffling and extracting from dataset (length: 10000)
Shuffling and extraction done
Calculating power spectrum
Expansion coefficients done
Computing training kernel
     Calculating kernels for center species 1
     Calculating kernels for center species 6
Training kernel done
Computing test kernel
     Calculating kernels for center species 1
     Calculating kernels for center species 6
Test kernel done
Calculating composition features
Composition features done
Beginning hyperparameter optimization
Train RMSE: 3.099761486053467 [MAE: 2.4045917987823486]
Test RMSE: 11.121232986450195 [MAE: 6.135899066925049]
FINISHED at Fri Nov 11 00:54:29 CET 2022
