STARTING AT Mon Nov 28 14:54:34 CET 2022
Random seed: 1000
6 14
Reading dataset
Shuffling and extracting from dataset (length: 133885)
Shuffling and extraction done
Calculating power spectrum
Expansion coefficients done
Computing training kernel
     Calculating kernels for center species 1
     Calculating kernels for center species 6
     Calculating kernels for center species 7
     Calculating kernels for center species 8
     Calculating kernels for center species 9
Training kernel done
Computing test kernel
     Calculating kernels for center species 1
     Calculating kernels for center species 6
     Calculating kernels for center species 7
     Calculating kernels for center species 8
     Calculating kernels for center species 9
Test kernel done
Calculating composition features
Composition features done
-8.0 5.455998657226562
-7.8 5.455998657226562
-7.6 5.455998657226562
-7.4 5.455998657226562
-7.2 5.456467010498047
-7.0 5.456467010498047
-6.8 5.456066253662109
-6.6 5.455786682128906
-6.4 5.456674865722656
-6.2 5.456667022705078
-6.0 5.458418914794922
-5.8 5.518089599609375
-5.6 7.02480810546875
-5.4 5.4612395935058595
-5.199999999999999 5.457032409667969
-5.0 5.4566880798339845
-4.8 5.456440063476562
-4.6 5.456190124511719
-4.4 5.456344207763672
-4.199999999999999 5.456280731201172
-4.0 5.455928619384766
-3.8 5.456311553955078
-3.5999999999999996 5.4562468872070315
-3.3999999999999995 5.456111450195312
-3.1999999999999993 5.456168701171875
-3.0 5.456059722900391
-2.8 5.4556494140625
-2.5999999999999996 5.455519317626953
-2.3999999999999995 5.455092803955078
-2.1999999999999993 5.454377655029297
-2.0 5.453123596191406
-1.7999999999999998 5.451502380371093
-1.5999999999999996 5.4489112548828125
-1.3999999999999995 5.446038665771485
-1.1999999999999993 5.44201806640625
-1.0 5.437209503173828
-0.7999999999999998 5.432618347167969
-0.5999999999999996 5.4323723449707035
-0.39999999999999947 5.442980499267578
-0.1999999999999993 5.487881286621094
0.0 5.576319244384766
0.20000000000000107 5.726795471191406
0.40000000000000036 5.962316986083985
0.5999999999999996 6.295772430419922
0.8000000000000007 6.714522155761719
1.0 7.191913513183594
1.200000000000001 7.795675048828125
1.4000000000000004 8.47385400390625
1.6000000000000014 9.208729187011718
1.8000000000000007 10.03046923828125
2.0 10.910588317871094
2.200000000000001 11.828120361328125
2.4000000000000004 12.788326538085938
2.6000000000000014 13.750415893554688
2.8000000000000007 14.684741455078125
3.0 15.57546044921875
3.200000000000001 16.40814990234375
3.4000000000000004 17.16982421875
3.6000000000000014 17.828184814453124
3.8000000000000007 18.364644897460938
4.0 18.782386596679686
Result sigma optimization:  -0.5999999999999996 5.4323723449707035
E_max_2 =  400
Cutoff Radius =  4.5
Selected Radial Transform =  3.0
factor =  1.6
displacement =  0.4
dataset =  datasets/qm9.xyz
n_train =  1000
n_test =  1000
Train RMSE: 1.043408751487732 [Train MAE: 0.6781525611877441]
Test RMSE: 7.111042022705078 [Test MAE: 5.13245964050293]
FINISHED at Mon Nov 28 16:05:42 CET 2022
