STARTING AT Mon Nov 28 16:38:12 CET 2022
Random seed: 1000
6 14
Reading dataset
Shuffling and extracting from dataset (length: 10000)
Shuffling and extraction done
Calculating power spectrum
Expansion coefficients done
Computing training kernel
     Calculating kernels for center species 1
     Calculating kernels for center species 6
Training kernel done
Computing test kernel
     Calculating kernels for center species 1
     Calculating kernels for center species 6
Test kernel done
Calculating composition features
Composition features done
-8.0 14.88356451512141
-7.8 14.881661372805247
-7.6 14.880279246345438
-7.4 14.87936090224896
-7.2 14.877993068098096
-7.0 14.881618800553923
-6.8 14.879287558286771
-6.6 14.857830443516349
-6.4 14.845164833888255
-6.2 14.829028143597062
-6.0 14.793497601617492
-5.8 14.751588748520232
-5.6 14.677977864123092
-5.4 14.588111146286424
-5.199999999999999 14.468421567546683
-5.0 14.334376379578089
-4.8 14.18702857490448
-4.6 14.022338571148047
-4.4 13.85954895254419
-4.199999999999999 13.696444120390108
-4.0 13.531119406124997
-3.8 13.365478046742988
-3.5999999999999996 13.19820573113953
-3.3999999999999995 13.026417700406691
-3.1999999999999993 12.860672170297903
-3.0 12.719178778091866
-2.8 12.631535185888678
-2.5999999999999996 12.637121308309796
-2.3999999999999995 12.776228307510202
-2.1999999999999993 13.076416461724854
-2.0 13.54783138925055
-1.7999999999999998 14.195826215250515
-1.5999999999999996 15.047649253184863
-1.3999999999999995 16.173063060224553
-1.1999999999999993 17.674310315177436
-1.0 19.63857763294767
-0.7999999999999998 22.08866198485662
-0.5999999999999996 24.982773752628027
-0.39999999999999947 28.269006154875253
-0.1999999999999993 31.940311336636185
0.0 36.02341328479993
0.20000000000000107 40.50140429664137
0.40000000000000036 45.2558962836612
0.5999999999999996 50.09201424004628
0.8000000000000007 54.79676570063237
1.0 59.16316315918208
1.200000000000001 63.00134150357435
1.4000000000000004 66.17803426175486
1.6000000000000014 68.65779680779161
1.8000000000000007 70.50005274820722
2.0 71.81743020499968
2.200000000000001 72.73242077127641
2.4000000000000004 73.35325699994513
2.6000000000000014 73.7664449885583
2.8000000000000007 74.0371901901335
3.0 74.21249726292736
3.200000000000001 74.32503573830287
3.4000000000000004 74.39685120184859
3.6000000000000014 74.44249668368197
3.8000000000000007 74.47143286186993
4.0 74.48974237269182
Result sigma optimization:  -2.8 12.631535185888678
E_max_2 =  400
Cutoff Radius =  4.5
Selected Radial Transform =  2.0
factor =  0.3
displacement =  0.0
dataset =  datasets/random-ch4-10k.extxyz
n_train =  1000
n_test =  1000
Train RMSE: 2.6934216022491455 [Train MAE: 2.1073055267333984]
Test RMSE: 10.370987892150879 [Test MAE: 5.398128032684326]
FINISHED at Mon Nov 28 16:49:12 CET 2022
