STARTING AT Mon Nov 28 16:51:15 CET 2022
Random seed: 1000
6 14
Reading dataset
Shuffling and extracting from dataset (length: 133885)
Shuffling and extraction done
Calculating power spectrum
Expansion coefficients done
Computing training kernel
     Calculating kernels for center species 1
     Calculating kernels for center species 6
     Calculating kernels for center species 7
     Calculating kernels for center species 8
     Calculating kernels for center species 9
Training kernel done
Computing test kernel
     Calculating kernels for center species 1
     Calculating kernels for center species 6
     Calculating kernels for center species 7
     Calculating kernels for center species 8
     Calculating kernels for center species 9
Test kernel done
Calculating composition features
Composition features done
-8.0 3.070374755859375
-7.8 3.0644361572265626
-7.6 3.068156982421875
-7.4 3.0599949340820314
-7.2 3.05919482421875
-7.0 3.0583189086914064
-6.8 3.063964111328125
-6.6 3.05475048828125
-6.4 3.0481739501953125
-6.2 3.03904931640625
-6.0 3.0312008666992187
-5.8 3.019838684082031
-5.6 3.0052122802734376
-5.4 2.9930257568359373
-5.199999999999999 2.98542724609375
-5.0 2.986658630371094
-4.8 3.00213525390625
-4.6 3.0432913818359375
-4.4 3.113120422363281
-4.199999999999999 3.213401123046875
-4.0 3.344787109375
-3.8 3.505300964355469
-3.5999999999999996 3.713798309326172
-3.3999999999999995 3.961612884521484
-3.1999999999999993 4.260059509277344
-3.0 4.613946319580078
-2.8 5.04240054321289
-2.5999999999999996 5.5584411010742185
-2.3999999999999995 6.18138134765625
-2.1999999999999993 6.907587829589843
-2.0 7.723485778808594
-1.7999999999999998 8.621020385742188
-1.5999999999999996 9.598949951171875
-1.3999999999999995 10.696679321289063
-1.1999999999999993 11.888901611328125
-1.0 13.10698486328125
-0.7999999999999998 14.290557861328125
-0.5999999999999996 15.387888305664063
-0.39999999999999947 16.349612426757812
-0.1999999999999993 17.160041259765624
0.0 17.820249145507812
0.20000000000000107 18.342418090820313
0.40000000000000036 18.743862548828126
0.5999999999999996 19.05054736328125
0.8000000000000007 19.27611267089844
1.0 19.436800170898437
1.200000000000001 19.550418579101564
1.4000000000000004 19.628641967773437
1.6000000000000014 19.680505249023437
1.8000000000000007 19.71434228515625
2.0 19.736369873046876
2.200000000000001 19.75076513671875
2.4000000000000004 19.75999523925781
2.6000000000000014 19.765887329101563
2.8000000000000007 19.7696513671875
3.0 19.77206787109375
3.200000000000001 19.77359912109375
3.4000000000000004 19.774567260742188
3.6000000000000014 19.775178100585936
3.8000000000000007 19.775565063476563
4.0 19.775808959960937
Result sigma optimization:  -5.199999999999999 2.98542724609375
E_max_2 =  400
Cutoff Radius =  4.5
Selected Radial Transform =  2.0
factor =  1.6
displacement =  0.1
dataset =  datasets/qm9.xyz
n_train =  1000
n_test =  1000
Train RMSE: 0.6328293681144714 [Train MAE: 0.4787774085998535]
Test RMSE: 4.137775897979736 [Test MAE: 2.6752233505249023]
FINISHED at Mon Nov 28 18:17:08 CET 2022
