STARTING AT Tue Jan 10 09:07:07 CET 2023
Random seed: 1000
6 14
Reading dataset
Shuffling and extracting from dataset (length: 133885)
Shuffling and extraction done
Calculating power spectrum
Expansion coefficients done
Computing training kernel
     Calculating kernels for center species 1
     Calculating kernels for center species 1
Beginning first index add...
Beginning second index add...
     Calculating kernels for center species 6
     Calculating kernels for center species 6
Beginning first index add...
Beginning second index add...
     Calculating kernels for center species 7
     Calculating kernels for center species 7
Beginning first index add...
Beginning second index add...
     Calculating kernels for center species 8
     Calculating kernels for center species 8
Beginning first index add...
Beginning second index add...
     Calculating kernels for center species 9
     Calculating kernels for center species 9
Beginning first index add...
Beginning second index add...
Training kernel done
Computing test kernel
     Calculating kernels for center species 1
     Calculating kernels for center species 1
Beginning first index add...
Beginning second index add...
     Calculating kernels for center species 6
     Calculating kernels for center species 6
Beginning first index add...
Beginning second index add...
     Calculating kernels for center species 7
     Calculating kernels for center species 7
Beginning first index add...
Beginning second index add...
     Calculating kernels for center species 8
     Calculating kernels for center species 8
Beginning first index add...
Beginning second index add...
     Calculating kernels for center species 9
     Calculating kernels for center species 9
Beginning first index add...
Beginning second index add...
Test kernel done
Calculating composition features
Composition features done
-8.0 5.634165331355972
-7.8 5.634165320561417
-7.6 5.63416530345624
-7.4 5.634165276345069
-7.2 5.634165233377983
-7.0 5.634165165278163
-6.8 5.634165057348765
-6.6 5.634164886290257
-6.4 5.63416461518384
-6.2 5.634164185507466
-6.0 5.634163504517485
-5.8 5.634162425226875
-5.6 5.63416071467152
-5.4 5.634158003641981
-5.199999999999999 5.6341537069951455
-5.0 5.634146897385346
-4.8 5.634136105169737
-4.6 5.6341190013907045
-4.4 5.634091895546611
-4.199999999999999 5.634048940269797
-4.0 5.633980872252297
-3.8 5.633873020611653
-3.5999999999999996 5.6337021597981
-3.3999999999999995 5.633431545533
-3.1999999999999993 5.633003106565578
-3.0 5.632325216932319
-2.8 5.631253681424314
-2.5999999999999996 5.629562495862872
-2.3999999999999995 5.626899676627588
-2.1999999999999993 5.622811806984607
-2.0 5.616532721956722
-1.7999999999999998 5.607258467175155
-1.5999999999999996 5.594613807883023
-1.3999999999999995 5.578723644553533
-1.1999999999999993 5.5579633089898275
-1.0 5.533865931432399
-0.7999999999999998 5.5117395980933805
-0.5999999999999996 5.500187127188777
-0.39999999999999947 5.5232603110665455
-0.1999999999999993 5.6019126728347794
0.0 5.732802928595727
0.20000000000000107 5.942458519256333
0.40000000000000036 6.210580442024815
0.5999999999999996 6.550921340758372
0.8000000000000007 6.9845653321922745
1.0 7.521000028836413
1.200000000000001 8.191246125964817
1.4000000000000004 8.97593906240733
1.6000000000000014 9.854075990267606
1.8000000000000007 10.820622869154702
2.0 11.843602923153249
2.200000000000001 12.886168199301796
2.4000000000000004 13.935561797405263
2.6000000000000014 14.975889742497866
2.8000000000000007 15.992601522847508
3.0 16.963896777045605
3.200000000000001 17.849057383611676
3.4000000000000004 18.616718243998786
3.6000000000000014 19.249874577102187
3.8000000000000007 19.73840473192348
4.0 20.096695158884568
Result sigma optimization:  -0.5999999999999996 5.500187127188777
E_max_2 =  400
Cutoff Radius =  6.0
Selected Radial Transform =  0.0
factor =  1.0
displacement =  0.0
dataset =  datasets/qm9.xyz
n_train =  1000
n_test =  2000
Train RMSE: 1.8116123755274276 [Train MAE: 1.2713855208198834]
Test RMSE: 7.153380601280076 [Test MAE: 5.104017464390632]
FINISHED at Tue Jan 10 09:08:28 CET 2023
