STARTING AT Tue Jan 10 03:57:16 CET 2023
Random seed: 1000
7 18
Reading dataset
Shuffling and extracting from dataset (length: 10000)
Shuffling and extraction done
Calculating power spectrum
Expansion coefficients done
Computing training kernel
     Calculating kernels for center species 1
     Calculating kernels for center species 1
Beginning first index add...
Beginning second index add...
     Calculating kernels for center species 6
     Calculating kernels for center species 6
Beginning first index add...
Beginning second index add...
Training kernel done
Computing test kernel
     Calculating kernels for center species 1
     Calculating kernels for center species 1
Beginning first index add...
Beginning second index add...
     Calculating kernels for center species 6
     Calculating kernels for center species 6
Beginning first index add...
Beginning second index add...
Test kernel done
Calculating composition features
Composition features done
-8.0 57.41790184307474
-7.8 57.417179525364716
-7.6 57.41603504576848
-7.4 57.414222331864636
-7.2 57.411352144444294
-7.0 57.40680997941807
-6.8 57.399628269078036
-6.6 57.38828891032843
-6.4 57.370423735682834
-6.2 57.34237346468163
-6.0 57.29856644109646
-5.8 57.23071569707274
-5.6 57.126947094412216
-5.4 56.97123385542201
-5.199999999999999 56.7439615224798
-5.0 56.42490492038934
-4.8 55.9996584195833
-4.6 55.468627402784584
-4.4 54.85427062315113
-4.199999999999999 54.200398695681955
-4.0 53.56012548900979
-3.8 52.975693449254386
-3.5999999999999996 52.46047488698439
-3.3999999999999995 51.996151779195245
-3.1999999999999993 51.55040083609672
-3.0 51.10518679203357
-2.8 50.67635966933393
-2.5999999999999996 50.310700069096484
-2.3999999999999995 50.06331173131228
-2.1999999999999993 49.97246142753573
-2.0 50.048616104657384
-1.7999999999999998 50.28240856779019
-1.5999999999999996 50.66289964777871
-1.3999999999999995 51.191743801210066
-1.1999999999999993 51.883939167852525
-1.0 52.7537700532218
-0.7999999999999998 53.790236899814474
-0.5999999999999996 54.93695330522218
-0.39999999999999947 56.10109645382563
-0.1999999999999993 57.19784337176991
0.0 58.1973059948136
0.20000000000000107 59.131995821174144
0.40000000000000036 60.05955019351678
0.5999999999999996 61.016062704748556
0.8000000000000007 62.00133758745557
1.0 63.003572241357126
1.200000000000001 64.02989539226222
1.4000000000000004 65.10670939702145
1.6000000000000014 66.25134751713665
1.8000000000000007 67.44793875239925
2.0 68.65227719834995
2.200000000000001 69.81736179974008
2.4000000000000004 70.91416171022752
2.6000000000000014 71.93352388406912
2.8000000000000007 72.87358402095317
3.0 73.72700375941423
3.200000000000001 74.47866167544177
3.4000000000000004 75.11240191857074
3.6000000000000014 75.61938435691027
3.8000000000000007 76.00277964564197
4.0 76.277157316397
Result sigma optimization:  -2.1999999999999993 49.97246142753573
E_max_2 =  600
Cutoff Radius =  6.0
Selected Radial Transform =  14.0
factor =  0.2
displacement =  0.0
dataset =  datasets/random-ch4-10k.extxyz
n_train =  1000
n_test =  2000
Train RMSE: 21.562322589524115 [Train MAE: 13.826393799278286]
Test RMSE: 50.78684573449982 [Test MAE: 27.334883753318405]
FINISHED at Tue Jan 10 03:59:42 CET 2023
