STARTING AT Tue Jan 10 05:13:51 CET 2023
Random seed: 1000
8 20
Reading dataset
Shuffling and extracting from dataset (length: 105092)
Shuffling and extraction done
Calculating power spectrum
Expansion coefficients done
Computing training kernel
     Calculating kernels for center species 79
     Calculating kernels for center species 79
Beginning first index add...
Beginning second index add...
Training kernel done
Computing test kernel
     Calculating kernels for center species 79
     Calculating kernels for center species 79
Beginning first index add...
Beginning second index add...
Test kernel done
Calculating composition features
Composition features done
-8.0 104.07507024093664
-7.8 104.48838641484704
-7.6 104.98552246554338
-7.4 105.60602121246501
-7.2 106.38469168077613
-7.0 107.3277844580831
-6.8 108.39973917128172
-6.6 109.53698418354521
-6.4 110.67595663931367
-6.2 111.7626522963972
-6.0 112.744306400527
-5.8 113.57139862279512
-5.6 114.2177162157066
-5.4 114.69700822870384
-5.199999999999999 115.06052958348336
-5.0 115.38252487920606
-4.8 115.74666556733021
-4.6 116.232644745539
-4.4 116.89679411602386
-4.199999999999999 117.75542929498941
-4.0 118.78784845742838
-3.8 119.96468050939784
-3.5999999999999996 121.29344125885001
-3.3999999999999995 122.86334880660885
-3.1999999999999993 124.87205977169883
-3.0 127.63977969765841
-2.8 131.63119130312322
-2.5999999999999996 137.44990948359276
-2.3999999999999995 145.67692756648103
-2.1999999999999993 156.48448731028196
-2.0 169.27043317026835
-1.7999999999999998 182.75972965536542
-1.5999999999999996 195.62690382106416
-1.3999999999999995 207.1316935307961
-1.1999999999999993 217.3201893315486
-1.0 226.81001708240993
-0.7999999999999998 236.42818584954506
-0.5999999999999996 246.93300502610788
-0.39999999999999947 258.920710794718
-0.1999999999999993 272.8400341071451
0.0 288.8752439688953
0.20000000000000107 306.6410575909132
0.40000000000000036 325.12067330365574
0.5999999999999996 343.16229894288466
0.8000000000000007 360.06896642988727
1.0 375.72733878024906
1.200000000000001 390.4962257294973
1.4000000000000004 405.41786955626304
1.6000000000000014 422.7910732708004
1.8000000000000007 446.4697510152615
2.0 480.8888132867973
2.200000000000001 528.3396819432128
2.4000000000000004 586.240177091535
2.6000000000000014 647.5362804154677
2.8000000000000007 704.354080891693
3.0 751.5013410457823
3.200000000000001 787.4214735648774
3.4000000000000004 813.1374529246398
3.6000000000000014 830.7660884027939
3.8000000000000007 842.5010262688878
4.0 850.1623971655736
Result sigma optimization:  -8.0 104.07507024093664
E_max_2 =  700
Cutoff Radius =  6.0
Selected Radial Transform =  14.0
factor =  1.1
displacement =  0.0
dataset =  datasets/gold.xyz
n_train =  1000
n_test =  2000
Train RMSE: 76.71728601199244 [Train MAE: 58.57897871994615]
Test RMSE: 110.81307399972887 [Test MAE: 79.02069124474642]
FINISHED at Tue Jan 10 05:17:23 CET 2023
