STARTING AT Tue Jan 10 05:12:21 CET 2023
Random seed: 1000
7 18
Reading dataset
Shuffling and extracting from dataset (length: 105092)
Shuffling and extraction done
Calculating power spectrum
Expansion coefficients done
Computing training kernel
     Calculating kernels for center species 79
     Calculating kernels for center species 79
Beginning first index add...
Beginning second index add...
Training kernel done
Computing test kernel
     Calculating kernels for center species 79
     Calculating kernels for center species 79
Beginning first index add...
Beginning second index add...
Test kernel done
Calculating composition features
Composition features done
-8.0 111.2853388413892
-7.8 110.27270274677599
-7.6 109.09923403857334
-7.4 107.76505742919655
-7.2 106.29112728720304
-7.0 104.71635231917271
-6.8 103.08213388517801
-6.6 101.41727801869641
-6.4 99.73853495912462
-6.2 98.06573330401235
-6.0 96.43604054855234
-5.8 94.90404111622966
-5.6 93.52579291219973
-5.4 92.33609714951247
-5.199999999999999 91.33300950035152
-5.0 90.47961603130301
-4.8 89.72239927168428
-4.6 89.01202266496749
-4.4 88.31146616884628
-4.199999999999999 87.59241261583367
-4.0 86.82872506742218
-3.8 85.99065677975364
-3.5999999999999996 85.04847601750365
-3.3999999999999995 84.00147294903665
-3.1999999999999993 82.92136021284598
-3.0 81.96193929061306
-2.8 81.30875917501285
-2.5999999999999996 81.1071124577183
-2.3999999999999995 81.42967406333133
-2.1999999999999993 82.3036257649968
-2.0 83.76282961557011
-1.7999999999999998 85.878677875353
-1.5999999999999996 88.75367418513606
-1.3999999999999995 92.48378770362679
-1.1999999999999993 97.09961515279053
-1.0 102.52172080613101
-0.7999999999999998 108.58354319772916
-0.5999999999999996 115.11981173065382
-0.39999999999999947 122.0443484835943
-0.1999999999999993 129.36209735019298
0.0 137.14596978683142
0.20000000000000107 145.5430697655016
0.40000000000000036 154.83401548472264
0.5999999999999996 165.4975403140482
0.8000000000000007 178.17010343333774
1.0 193.4067848712729
1.200000000000001 211.33382716721485
1.4000000000000004 231.53705596772508
1.6000000000000014 253.47408477385042
1.8000000000000007 277.2160156485018
2.0 303.8777101202616
2.200000000000001 335.1398530937522
2.4000000000000004 371.95353424484864
2.6000000000000014 413.6005953031113
2.8000000000000007 458.37603738049035
3.0 505.2538754406455
3.200000000000001 554.3493002655807
3.4000000000000004 605.3785752344971
3.6000000000000014 656.0449397832834
3.8000000000000007 702.5520700756542
4.0 741.6917872001189
Result sigma optimization:  -2.5999999999999996 81.1071124577183
E_max_2 =  600
Cutoff Radius =  6.0
Selected Radial Transform =  14.0
factor =  0.4
displacement =  0.0
dataset =  datasets/gold.xyz
n_train =  1000
n_test =  2000
Train RMSE: 49.54231592971265 [Train MAE: 35.29816175621818]
Test RMSE: 78.99370185345988 [Test MAE: 51.72842563487557]
FINISHED at Tue Jan 10 05:13:19 CET 2023
