STARTING AT Tue Jan 10 05:15:22 CET 2023
Random seed: 1000
7 16
Reading dataset
Shuffling and extracting from dataset (length: 105092)
Shuffling and extraction done
Calculating power spectrum
Expansion coefficients done
Computing training kernel
     Calculating kernels for center species 79
     Calculating kernels for center species 79
Beginning first index add...
Beginning second index add...
Training kernel done
Computing test kernel
     Calculating kernels for center species 79
     Calculating kernels for center species 79
Beginning first index add...
Beginning second index add...
Test kernel done
Calculating composition features
Composition features done
-8.0 124.28342570630814
-7.8 124.86347007205448
-7.6 125.88086948842718
-7.4 127.66262621239804
-7.2 130.57889245475496
-7.0 134.95357019900706
-6.8 140.92065703727295
-6.6 148.26061942272634
-6.4 156.3316177106251
-6.2 164.23668694129643
-6.0 171.17691630151836
-5.8 176.72495315497895
-5.6 180.85039428854395
-5.4 183.77880603805815
-5.199999999999999 185.8458256536995
-5.0 187.4325519408241
-4.8 188.9923487013694
-4.6 191.1478144106449
-4.4 194.8122530539921
-4.199999999999999 201.23163719517686
-4.0 211.7614233303762
-3.8 227.2378297736553
-3.5999999999999996 247.21217858328546
-3.3999999999999995 269.7980533246896
-3.1999999999999993 292.4967566182151
-3.0 313.3074067395686
-2.8 331.2278280291039
-2.5999999999999996 346.07585833388225
-2.3999999999999995 358.094239225196
-2.1999999999999993 367.6458612428581
-2.0 375.0719784353302
-1.7999999999999998 380.69605213971835
-1.5999999999999996 384.8895521511046
-1.3999999999999995 388.1318157800148
-1.1999999999999993 391.0943845752136
-1.0 394.8428674916514
-0.7999999999999998 401.2277432709691
-0.5999999999999996 413.3677819810534
-0.39999999999999947 435.6661615733678
-0.1999999999999993 472.3070321331509
0.0 524.1080637448149
0.20000000000000107 586.3524518050934
0.40000000000000036 650.4864337875639
0.5999999999999996 708.3798701989919
0.8000000000000007 755.38845585621
1.0 790.6270281071517
1.200000000000001 815.5689220388119
1.4000000000000004 832.5364912407276
1.6000000000000014 843.7761426554448
1.8000000000000007 851.092223273277
2.0 855.8002615392486
2.200000000000001 858.807225547983
2.4000000000000004 860.7176088726696
2.6000000000000014 861.9259069322744
2.8000000000000007 862.6861292969277
3.0 863.1604512514391
3.200000000000001 863.4520448664512
3.4000000000000004 863.6268237875624
3.6000000000000014 863.7275631782489
3.8000000000000007 863.7826225763239
4.0 863.8108835962511
Result sigma optimization:  -8.0 124.28342570630814
E_max_2 =  500
Cutoff Radius =  6.0
Selected Radial Transform =  14.0
factor =  1.6
displacement =  0.0
dataset =  datasets/gold.xyz
n_train =  1000
n_test =  2000
Train RMSE: 120.38731352733033 [Train MAE: 97.04854756916434]
Test RMSE: 125.86590683531058 [Test MAE: 100.36143050534467]
FINISHED at Tue Jan 10 05:16:23 CET 2023
