STARTING AT Tue Jan 10 03:57:46 CET 2023
Random seed: 1000
7 16
Reading dataset
Shuffling and extracting from dataset (length: 10000)
Shuffling and extraction done
Calculating power spectrum
Expansion coefficients done
Computing training kernel
     Calculating kernels for center species 1
     Calculating kernels for center species 1
Beginning first index add...
Beginning second index add...
     Calculating kernels for center species 6
     Calculating kernels for center species 6
Beginning first index add...
Beginning second index add...
Training kernel done
Computing test kernel
     Calculating kernels for center species 1
     Calculating kernels for center species 1
Beginning first index add...
Beginning second index add...
     Calculating kernels for center species 6
     Calculating kernels for center species 6
Beginning first index add...
Beginning second index add...
Test kernel done
Calculating composition features
Composition features done
-8.0 45.304022123233956
-7.8 45.30389687283665
-7.6 45.3036984379287
-7.4 45.30338412323266
-7.2 45.3028864293087
-7.0 45.30209879340206
-6.8 45.30085336644675
-6.6 45.29888672078545
-6.4 45.29578774613511
-6.2 45.29092059503516
-6.0 45.28331549078159
-5.8 45.271525366273
-5.6 45.253463055800104
-5.4 45.226272608573936
-5.199999999999999 45.18635642904912
-5.0 45.129767517474505
-4.8 45.05324259990117
-4.6 44.95612237901394
-4.4 44.84307956700072
-4.199999999999999 44.72652870081786
-4.0 44.626028330856784
-3.8 44.56231134639558
-3.5999999999999996 44.54811302028443
-3.3999999999999995 44.58318807419317
-3.1999999999999993 44.6592138121126
-3.0 44.770327759416716
-2.8 44.917491682036484
-2.5999999999999996 45.10214293440707
-2.3999999999999995 45.319319901788745
-2.1999999999999993 45.56125395212845
-2.0 45.828160740720335
-1.7999999999999998 46.13330018869461
-1.5999999999999996 46.49541444744203
-1.3999999999999995 46.92549897100818
-1.1999999999999993 47.42170853417858
-1.0 47.980715755113245
-0.7999999999999998 48.619541812494305
-0.5999999999999996 49.38576262774184
-0.39999999999999947 50.334835184051016
-0.1999999999999993 51.48447410903985
0.0 52.79010774943236
0.20000000000000107 54.17323922310513
0.40000000000000036 55.58039313523508
0.5999999999999996 57.02130262471997
0.8000000000000007 58.559384619135855
1.0 60.263637846582945
1.200000000000001 62.15006305043504
1.4000000000000004 64.15190392528342
1.6000000000000014 66.14614606893595
1.8000000000000007 68.01280069583494
2.0 69.67586898003042
2.200000000000001 71.10832424108943
2.4000000000000004 72.31664321284202
2.6000000000000014 73.32086041923776
2.8000000000000007 74.14135422250858
3.0 74.79787948922535
3.200000000000001 75.31373245610234
3.4000000000000004 75.7151863810227
3.6000000000000014 76.02726196839649
3.8000000000000007 76.27261340192655
4.0 76.47406522856146
Result sigma optimization:  -3.5999999999999996 44.54811302028443
E_max_2 =  500
Cutoff Radius =  6.0
Selected Radial Transform =  14.0
factor =  0.3
displacement =  0.0
dataset =  datasets/random-ch4-10k.extxyz
n_train =  1000
n_test =  2000
Train RMSE: 5.285478899477558 [Train MAE: 3.6865040565649934]
Test RMSE: 44.191357490846435 [Test MAE: 22.87010625189548]
FINISHED at Tue Jan 10 04:01:24 CET 2023
