STARTING AT Tue Jan 10 03:59:47 CET 2023
Random seed: 1000
6 14
Reading dataset
Shuffling and extracting from dataset (length: 10000)
Shuffling and extraction done
Calculating power spectrum
Expansion coefficients done
Computing training kernel
     Calculating kernels for center species 1
     Calculating kernels for center species 1
Beginning first index add...
Beginning second index add...
     Calculating kernels for center species 6
     Calculating kernels for center species 6
Beginning first index add...
Beginning second index add...
Training kernel done
Computing test kernel
     Calculating kernels for center species 1
     Calculating kernels for center species 1
Beginning first index add...
Beginning second index add...
     Calculating kernels for center species 6
     Calculating kernels for center species 6
Beginning first index add...
Beginning second index add...
Test kernel done
Calculating composition features
Composition features done
-8.0 35.04746241115222
-7.8 31.528234466591258
-7.6 28.598841811181003
-7.4 26.094036097529667
-7.2 23.968819216452477
-7.0 22.25602765605187
-6.8 20.983329088293406
-6.6 20.115349662213966
-6.4 19.558980461173533
-6.2 19.199577941421822
-6.0 18.928107301348184
-5.8 18.655195036490134
-5.6 18.31990326195409
-5.4 17.893688835814544
-5.199999999999999 17.377711715023736
-5.0 16.794703429234243
-4.8 16.179304910047286
-4.6 15.570397449937328
-4.4 15.005098747009216
-4.199999999999999 14.51361752557444
-4.0 14.120940898292213
-3.8 13.860007411204702
-3.5999999999999996 13.786300308144432
-3.3999999999999995 13.978061892779015
-3.1999999999999993 14.516620060423373
-3.0 15.452878079988988
-2.8 16.773939997164696
-2.5999999999999996 18.38800873882847
-2.3999999999999995 20.140036413880487
-2.1999999999999993 21.856417724478025
-2.0 23.401318579393735
-1.7999999999999998 24.71856667103316
-1.5999999999999996 25.843996722857423
-1.3999999999999995 26.89914526283479
-1.1999999999999993 28.092490840580204
-1.0 29.73685181350108
-0.7999999999999998 32.23931711445876
-0.5999999999999996 35.981466814614926
-0.39999999999999947 41.08355973996023
-0.1999999999999993 47.22395678645704
0.0 53.7134043620776
0.20000000000000107 59.79577208043308
0.40000000000000036 64.9415940525722
0.5999999999999996 68.95208192251759
0.8000000000000007 71.88770912636987
1.0 73.9392017777986
1.200000000000001 75.3257312911626
1.4000000000000004 76.24097247706004
1.6000000000000014 76.8351890232525
1.8000000000000007 77.21641955225097
2.0 77.45879820261872
2.200000000000001 77.61176955183869
2.4000000000000004 77.70775024985993
2.6000000000000014 77.76773686611138
2.8000000000000007 77.8051675168976
3.0 77.82853431232839
3.200000000000001 77.84314651159755
3.4000000000000004 77.85230341004979
3.6000000000000014 77.85805283143803
3.8000000000000007 77.86166833635437
4.0 77.86394448620091
Result sigma optimization:  -3.5999999999999996 13.786300308144432
E_max_2 =  400
Cutoff Radius =  6.0
Selected Radial Transform =  14.0
factor =  1.5
displacement =  0.0
dataset =  datasets/random-ch4-10k.extxyz
n_train =  1000
n_test =  2000
Train RMSE: 9.851746613827238 [Train MAE: 7.6999512934632355]
Test RMSE: 14.153206794336825 [Test MAE: 9.439914304957595]
FINISHED at Tue Jan 10 04:00:35 CET 2023
