STARTING AT Tue Jan 10 03:57:46 CET 2023
Random seed: 1000
7 18
Reading dataset
Shuffling and extracting from dataset (length: 10000)
Shuffling and extraction done
Calculating power spectrum
Expansion coefficients done
Computing training kernel
     Calculating kernels for center species 1
     Calculating kernels for center species 1
Beginning first index add...
Beginning second index add...
     Calculating kernels for center species 6
     Calculating kernels for center species 6
Beginning first index add...
Beginning second index add...
Training kernel done
Computing test kernel
     Calculating kernels for center species 1
     Calculating kernels for center species 1
Beginning first index add...
Beginning second index add...
     Calculating kernels for center species 6
     Calculating kernels for center species 6
Beginning first index add...
Beginning second index add...
Test kernel done
Calculating composition features
Composition features done
-8.0 31.608430236162004
-7.8 31.608378927873684
-7.6 31.60829762190375
-7.4 31.60816878623212
-7.2 31.607964663262393
-7.0 31.607641318929925
-6.8 31.607129276878105
-6.6 31.606318808584778
-6.4 31.605036965916057
-6.2 31.603012038675185
-6.0 31.599819335909427
-5.8 31.59480040713337
-5.6 31.586947345620636
-5.4 31.57474809235049
-5.199999999999999 31.556004844545452
-5.0 31.52767682588932
-4.8 31.48586735945619
-4.6 31.426148055840468
-4.4 31.344400146135413
-4.199999999999999 31.238145019365994
-4.0 31.107965137680573
-3.8 30.958294634327803
-3.5999999999999996 30.796832488724093
-3.3999999999999995 30.63246088466609
-3.1999999999999993 30.47279254213927
-3.0 30.32301357462637
-2.8 30.187024092286368
-2.5999999999999996 30.071355763981476
-2.3999999999999995 29.99085405206552
-2.1999999999999993 29.97115605562386
-2.0 30.04252316901647
-1.7999999999999998 30.227750012874687
-1.5999999999999996 30.534854619774546
-1.3999999999999995 30.960733505327937
-1.1999999999999993 31.499421630832924
-1.0 32.14549981324593
-0.7999999999999998 32.89265750276324
-0.5999999999999996 33.733492628778
-0.39999999999999947 34.66439984473386
-0.1999999999999993 35.6980462103702
0.0 36.88047866976028
0.20000000000000107 38.29694489645365
0.40000000000000036 40.05142843250401
0.5999999999999996 42.22610892458887
0.8000000000000007 44.842363640861386
1.0 47.83862931747854
1.200000000000001 51.06893162006957
1.4000000000000004 54.3304134318787
1.6000000000000014 57.42503780571431
1.8000000000000007 60.22870163815416
2.0 62.72443234102657
2.200000000000001 64.9778793044892
2.4000000000000004 67.07042828937593
2.6000000000000014 69.03692855010809
2.8000000000000007 70.84965131641557
3.0 72.4474389616863
3.200000000000001 73.77762837746685
3.4000000000000004 74.82266162869728
3.6000000000000014 75.60383060546621
3.8000000000000007 76.16925224035651
4.0 76.57693503977205
Result sigma optimization:  -2.1999999999999993 29.97115605562386
E_max_2 =  600
Cutoff Radius =  6.0
Selected Radial Transform =  14.0
factor =  0.4
displacement =  0.0
dataset =  datasets/random-ch4-10k.extxyz
n_train =  1000
n_test =  2000
Train RMSE: 7.764816391512711 [Train MAE: 4.921920992591647]
Test RMSE: 34.068027179426366 [Test MAE: 14.878162423650481]
FINISHED at Tue Jan 10 04:01:12 CET 2023
