STARTING AT Tue Jan 10 07:21:54 CET 2023
Random seed: 1000
7 18
Reading dataset
Shuffling and extracting from dataset (length: 133885)
Shuffling and extraction done
Calculating power spectrum
Expansion coefficients done
Computing training kernel
     Calculating kernels for center species 1
     Calculating kernels for center species 1
Beginning first index add...
Beginning second index add...
     Calculating kernels for center species 6
     Calculating kernels for center species 6
Beginning first index add...
Beginning second index add...
     Calculating kernels for center species 7
     Calculating kernels for center species 7
Beginning first index add...
Beginning second index add...
     Calculating kernels for center species 8
     Calculating kernels for center species 8
Beginning first index add...
Beginning second index add...
     Calculating kernels for center species 9
     Calculating kernels for center species 9
Beginning first index add...
Beginning second index add...
Training kernel done
Computing test kernel
     Calculating kernels for center species 1
     Calculating kernels for center species 1
Beginning first index add...
Beginning second index add...
     Calculating kernels for center species 6
     Calculating kernels for center species 6
Beginning first index add...
Beginning second index add...
     Calculating kernels for center species 7
     Calculating kernels for center species 7
Beginning first index add...
Beginning second index add...
     Calculating kernels for center species 8
     Calculating kernels for center species 8
Beginning first index add...
Beginning second index add...
     Calculating kernels for center species 9
     Calculating kernels for center species 9
Beginning first index add...
Beginning second index add...
Test kernel done
Calculating composition features
Composition features done
-8.0 2.605373858624633
-7.8 2.6726158861395377
-7.6 2.7712218126561203
-7.4 2.895083717643545
-7.2 3.0487824319711363
-7.0 3.2562066924256796
-6.8 3.519273968551628
-6.6 3.8357129117724544
-6.4 4.207750836697843
-6.2 4.613670820290019
-6.0 5.033031292310887
-5.8 5.437055467668077
-5.6 5.82568305258223
-5.4 6.1928514886847985
-5.199999999999999 6.53645736685433
-5.0 6.888558897729003
-4.8 7.300028394950292
-4.6 7.776403345822386
-4.4 8.289906950931677
-4.199999999999999 8.821066401682824
-4.0 9.350850336971314
-3.8 9.895214630371745
-3.5999999999999996 10.523915679349185
-3.3999999999999995 11.299182660036925
-3.1999999999999993 12.247619406140148
-3.0 13.318407179244911
-2.8 14.354996257887818
-2.5999999999999996 15.279962199810035
-2.3999999999999995 16.089936412993985
-2.1999999999999993 16.772481203735452
-2.0 17.353940593701633
-1.7999999999999998 17.86317701415367
-1.5999999999999996 18.31106289059534
-1.3999999999999995 18.71229652094051
-1.1999999999999993 19.049674258427505
-1.0 19.340021849673107
-0.7999999999999998 19.580935566969757
-0.5999999999999996 19.794700713663897
-0.39999999999999947 19.996015158837757
-0.1999999999999993 20.19027199894242
0.0 20.37670418162915
0.20000000000000107 20.541793874768377
0.40000000000000036 20.670604482997902
0.5999999999999996 20.765758657694548
0.8000000000000007 20.832239635755947
1.0 20.87517216848872
1.200000000000001 20.902266901714736
1.4000000000000004 20.91810467223888
1.6000000000000014 20.926240851832024
1.8000000000000007 20.9290983562179
2.0 20.928442252685063
2.200000000000001 20.925656434463807
2.4000000000000004 20.921870326346987
2.6000000000000014 20.91792188308808
2.8000000000000007 20.91429486638619
3.0 20.91113351566877
3.200000000000001 20.908337357813974
3.4000000000000004 20.90568120890723
3.6000000000000014 20.902921794360523
3.8000000000000007 20.900014792492808
4.0 20.896842940435498
Result sigma optimization:  -8.0 2.605373858624633
E_max_2 =  600
Cutoff Radius =  6.0
Selected Radial Transform =  16.0
factor =  3.5
displacement =  0.0
dataset =  datasets/qm9.xyz
n_train =  1000
n_test =  2000
Train RMSE: 2.684287903390905 [Train MAE: 1.9349998522750715]
Test RMSE: 3.7636631673020777 [Test MAE: 2.587813958534089]
FINISHED at Tue Jan 10 07:24:27 CET 2023
