STARTING AT Tue Jan 10 04:03:19 CET 2023
Random seed: 1000
7 18
Reading dataset
Shuffling and extracting from dataset (length: 10000)
Shuffling and extraction done
Calculating power spectrum
Expansion coefficients done
Computing training kernel
     Calculating kernels for center species 1
     Calculating kernels for center species 1
Beginning first index add...
Beginning second index add...
     Calculating kernels for center species 6
     Calculating kernels for center species 6
Beginning first index add...
Beginning second index add...
Training kernel done
Computing test kernel
     Calculating kernels for center species 1
     Calculating kernels for center species 1
Beginning first index add...
Beginning second index add...
     Calculating kernels for center species 6
     Calculating kernels for center species 6
Beginning first index add...
Beginning second index add...
Test kernel done
Calculating composition features
Composition features done
-8.0 15.585925906503492
-7.8 15.578491656215007
-7.6 15.566909941703427
-7.4 15.549036574972328
-7.2 15.52184036026418
-7.0 15.48129602135124
-6.8 15.422539713436047
-6.6 15.34047879547544
-6.4 15.230895951896597
-6.2 15.09176396051414
-6.0 14.924276299015332
-5.8 14.733235698070198
-5.6 14.526622287223654
-5.4 14.314247103586936
-5.199999999999999 14.10589984248772
-5.0 13.909792763669039
-4.8 13.73134107071714
-4.6 13.571842572658962
-4.4 13.427801041706015
-4.199999999999999 13.292250198794362
-4.0 13.157768818409503
-3.8 13.019122147053535
-3.5999999999999996 12.874216507787791
-3.3999999999999995 12.72375267270708
-3.1999999999999993 12.569844505220212
-3.0 12.414130810872745
-2.8 12.258288121611118
-2.5999999999999996 12.109519954034058
-2.3999999999999995 11.98819610317102
-2.1999999999999993 11.931087168113416
-2.0 11.987334816017514
-1.7999999999999998 12.211043533795726
-1.5999999999999996 12.655840920991363
-1.3999999999999995 13.371441006245742
-1.1999999999999993 14.39673213369808
-1.0 15.745831187718787
-0.7999999999999998 17.392253547914564
-0.5999999999999996 19.261273470459244
-0.39999999999999947 21.238702378834585
-0.1999999999999993 23.203442827812356
0.0 25.085120878923824
0.20000000000000107 26.931646235743063
0.40000000000000036 28.961520565604786
0.5999999999999996 31.566223989213267
0.8000000000000007 35.20035065207119
1.0 40.12733793783891
1.200000000000001 46.16698736533773
1.4000000000000004 52.69739136585069
1.6000000000000014 58.94159361208447
1.8000000000000007 64.30065882709185
2.0 68.51096100239336
2.200000000000001 71.60102778146285
2.4000000000000004 73.75874050911212
2.6000000000000014 75.21358981345888
2.8000000000000007 76.17123321052443
3.0 76.79128019323358
3.200000000000001 77.18811279046413
3.4000000000000004 77.43997024172629
3.6000000000000014 77.59888329119038
3.8000000000000007 77.698801754017
4.0 77.76154038549518
Result sigma optimization:  -2.1999999999999993 11.931087168113416
E_max_2 =  600
Cutoff Radius =  6.0
Selected Radial Transform =  16.0
factor =  0.8
displacement =  0.0
dataset =  datasets/random-ch4-10k.extxyz
n_train =  1000
n_test =  2000
Train RMSE: 7.4277273062371645 [Train MAE: 5.833983551918107]
Test RMSE: 14.474887226929267 [Test MAE: 8.91880425175303]
FINISHED at Tue Jan 10 04:05:27 CET 2023
