STARTING AT Tue Jan 10 05:19:24 CET 2023
Random seed: 1000
8 20
Reading dataset
Shuffling and extracting from dataset (length: 105092)
Shuffling and extraction done
Calculating power spectrum
Expansion coefficients done
Computing training kernel
     Calculating kernels for center species 79
     Calculating kernels for center species 79
Beginning first index add...
Beginning second index add...
Training kernel done
Computing test kernel
     Calculating kernels for center species 79
     Calculating kernels for center species 79
Beginning first index add...
Beginning second index add...
Test kernel done
Calculating composition features
Composition features done
-8.0 111.30792982562726
-7.8 110.65175026749765
-7.6 109.85038391037294
-7.4 108.9226056550777
-7.2 107.90594158317653
-7.0 106.85090334098655
-6.8 105.81074532725316
-6.6 104.83091343645567
-6.4 103.9421299273358
-6.2 103.15810871894645
-6.0 102.47711443319379
-5.8 101.88628616050042
-5.6 101.3651595952892
-5.4 100.88419053701715
-5.199999999999999 100.40049434856195
-5.0 99.8571940495884
-4.8 99.18866082235067
-4.6 98.32904054025823
-4.4 97.22156659695935
-4.199999999999999 95.82740967000423
-4.0 94.12955063270944
-3.8 92.12780211015236
-3.5999999999999996 89.83649497327843
-3.3999999999999995 87.3018079795156
-3.1999999999999993 84.62800334454325
-3.0 81.97847948252617
-2.8 79.53908057871837
-2.5999999999999996 77.46898694769034
-2.3999999999999995 75.86931952954646
-2.1999999999999993 74.77896269249023
-2.0 74.19496008262634
-1.7999999999999998 74.10546674234017
-1.5999999999999996 74.51388000236852
-1.3999999999999995 75.44450330591063
-1.1999999999999993 76.93883761211177
-1.0 79.05286828095089
-0.7999999999999998 81.85570368097916
-0.5999999999999996 85.42544538408488
-0.39999999999999947 89.8394962401595
-0.1999999999999993 95.14793763493996
0.0 101.32326798899864
0.20000000000000107 108.23573472520586
0.40000000000000036 115.7277648386057
0.5999999999999996 123.74833284074187
0.8000000000000007 132.40502667244775
1.0 141.88695269848967
1.200000000000001 152.37521211385592
1.4000000000000004 164.06248948383933
1.6000000000000014 177.24787604769782
1.8000000000000007 192.3417549128856
2.0 209.68626856860737
2.200000000000001 229.34277238147286
2.4000000000000004 251.17908662234603
2.6000000000000014 275.4370488139565
2.8000000000000007 303.36967866473515
3.0 336.98263778959694
3.200000000000001 377.4521737885368
3.4000000000000004 423.5770271369682
3.6000000000000014 472.2867426604167
3.8000000000000007 520.9030256053888
4.0 568.5953954487238
Result sigma optimization:  -1.7999999999999998 74.10546674234017
E_max_2 =  700
Cutoff Radius =  6.0
Selected Radial Transform =  16.0
factor =  0.2
displacement =  0.0
dataset =  datasets/gold.xyz
n_train =  1000
n_test =  2000
Train RMSE: 40.65718889288141 [Train MAE: 28.448762421950814]
Test RMSE: 78.44751698471396 [Test MAE: 47.576568308310826]
FINISHED at Tue Jan 10 05:22:35 CET 2023
