STARTING AT Tue Jan 10 07:13:50 CET 2023
Random seed: 1000
7 18
Reading dataset
Shuffling and extracting from dataset (length: 133885)
Shuffling and extraction done
Calculating power spectrum
Expansion coefficients done
Computing training kernel
     Calculating kernels for center species 1
     Calculating kernels for center species 1
Beginning first index add...
Beginning second index add...
     Calculating kernels for center species 6
     Calculating kernels for center species 6
Beginning first index add...
Beginning second index add...
     Calculating kernels for center species 7
     Calculating kernels for center species 7
Beginning first index add...
Beginning second index add...
     Calculating kernels for center species 8
     Calculating kernels for center species 8
Beginning first index add...
Beginning second index add...
     Calculating kernels for center species 9
     Calculating kernels for center species 9
Beginning first index add...
Beginning second index add...
Training kernel done
Computing test kernel
     Calculating kernels for center species 1
     Calculating kernels for center species 1
Beginning first index add...
Beginning second index add...
     Calculating kernels for center species 6
     Calculating kernels for center species 6
Beginning first index add...
Beginning second index add...
     Calculating kernels for center species 7
     Calculating kernels for center species 7
Beginning first index add...
Beginning second index add...
     Calculating kernels for center species 8
     Calculating kernels for center species 8
Beginning first index add...
Beginning second index add...
     Calculating kernels for center species 9
     Calculating kernels for center species 9
Beginning first index add...
Beginning second index add...
Test kernel done
Calculating composition features
Composition features done
-8.0 4.167660816485548
-7.8 4.167660815092475
-7.6 4.167660812882624
-7.4 4.167660809382647
-7.2 4.167660803834617
-7.0 4.167660795042523
-6.8 4.167660781107251
-6.6 4.167660759020272
-6.4 4.167660724016579
-6.2 4.167660668538302
-6.0 4.167660580611972
-5.8 4.1676604412569045
-5.6 4.167660220394724
-5.4 4.1676598703536465
-5.199999999999999 4.1676593155770805
-5.0 4.167658436318615
-4.8 4.167657042798425
-4.6 4.167654834243235
-4.4 4.1676513339847
-4.199999999999999 4.16764578660952
-4.0 4.167636995020415
-3.8 4.167623062312306
-3.5999999999999996 4.167600983022678
-3.3999999999999995 4.167565996150811
-3.1999999999999993 4.16751056187304
-3.0 4.16742274506294
-2.8 4.167283666637653
-2.5999999999999996 4.167063497437764
-2.3999999999999995 4.166716625004725
-2.1999999999999993 4.166168843623179
-2.0 4.165304688177195
-1.7999999999999998 4.1639713728182866
-1.5999999999999996 4.161906063917831
-1.3999999999999995 4.158910352707762
-1.1999999999999993 4.154523074967917
-1.0 4.148478177950837
-0.7999999999999998 4.141609052851799
-0.5999999999999996 4.134863896996608
-0.39999999999999947 4.131648143023813
-0.1999999999999993 4.137956339571837
0.0 4.155310340165735
0.20000000000000107 4.2034317711496465
0.40000000000000036 4.287594685112392
0.5999999999999996 4.421210596224139
0.8000000000000007 4.608501358112443
1.0 4.845544651647255
1.200000000000001 5.1430227017987
1.4000000000000004 5.495963532978526
1.6000000000000014 5.968411270667874
1.8000000000000007 6.5759030521761375
2.0 7.320741727301573
2.200000000000001 8.199040217083141
2.4000000000000004 9.23562989669064
2.6000000000000014 10.393817757643864
2.8000000000000007 11.636649494411879
3.0 12.897527072904508
3.200000000000001 14.141208266480348
3.4000000000000004 15.373909885068402
3.6000000000000014 16.560534390678303
3.8000000000000007 17.629932290896495
4.0 18.52934024359027
Result sigma optimization:  -0.39999999999999947 4.131648143023813
E_max_2 =  600
Cutoff Radius =  6.0
Selected Radial Transform =  16.0
factor =  0.3
displacement =  0.0
dataset =  datasets/qm9.xyz
n_train =  1000
n_test =  2000
Train RMSE: 0.699050396057339 [Train MAE: 0.4806412259092894]
Test RMSE: 5.134773600211676 [Test MAE: 3.549133230079213]
FINISHED at Tue Jan 10 07:17:51 CET 2023
