STARTING AT Tue Jan 10 04:02:48 CET 2023
Random seed: 1000
7 18
Reading dataset
Shuffling and extracting from dataset (length: 10000)
Shuffling and extraction done
Calculating power spectrum
Expansion coefficients done
Computing training kernel
     Calculating kernels for center species 1
     Calculating kernels for center species 1
Beginning first index add...
Beginning second index add...
     Calculating kernels for center species 6
     Calculating kernels for center species 6
Beginning first index add...
Beginning second index add...
Training kernel done
Computing test kernel
     Calculating kernels for center species 1
     Calculating kernels for center species 1
Beginning first index add...
Beginning second index add...
     Calculating kernels for center species 6
     Calculating kernels for center species 6
Beginning first index add...
Beginning second index add...
Test kernel done
Calculating composition features
Composition features done
-8.0 13.87287693250512
-7.8 13.872368055789089
-7.6 13.871564130375397
-7.4 13.870296453815868
-7.2 13.868303369754729
-7.0 13.865184159981956
-6.8 13.86033737568635
-6.6 13.852888817704937
-6.4 13.8416317186614
-6.2 13.825034912555612
-6.0 13.801416672280208
-5.8 13.769384628752071
-5.6 13.728503481917762
-5.4 13.679825921456581
-5.199999999999999 13.625682297870021
-5.0 13.568527016205966
-4.8 13.509696733619874
-4.6 13.449516611864231
-4.4 13.389054287321382
-4.199999999999999 13.331563454991047
-4.0 13.281296216241582
-3.8 13.240527319168178
-3.5999999999999996 13.20834679696473
-3.3999999999999995 13.182762846727627
-3.1999999999999993 13.163460787346633
-3.0 13.15167533217388
-2.8 13.147397965703721
-2.5999999999999996 13.147973101533534
-2.3999999999999995 13.150911689710231
-2.1999999999999993 13.159810661648022
-2.0 13.190590083598188
-1.7999999999999998 13.274758136990021
-1.5999999999999996 13.456737314052091
-1.3999999999999995 13.786084172530481
-1.1999999999999993 14.309386923505453
-1.0 15.0655736089951
-0.7999999999999998 16.084515004186585
-0.5999999999999996 17.388228518417776
-0.39999999999999947 18.99470695538693
-0.1999999999999993 20.918463978289534
0.0 23.156256882806495
0.20000000000000107 25.66137727792355
0.40000000000000036 28.3403937138918
0.5999999999999996 31.105372237456592
0.8000000000000007 33.96122361175692
1.0 37.06011345838679
1.200000000000001 40.66289940098511
1.4000000000000004 44.993917313611135
1.6000000000000014 50.04908889929165
1.8000000000000007 55.50026456092809
2.0 60.809621153691324
2.200000000000001 65.47842425031308
2.4000000000000004 69.231542894097
2.6000000000000014 72.0385689555575
2.8000000000000007 74.02673889058613
3.0 75.38060967399767
3.200000000000001 76.27729020602956
3.4000000000000004 76.85961349802578
3.6000000000000014 77.23246436844296
3.8000000000000007 77.46876375947005
4.0 77.61749890194645
Result sigma optimization:  -2.8 13.147397965703721
E_max_2 =  600
Cutoff Radius =  6.0
Selected Radial Transform =  16.0
factor =  0.6
displacement =  0.0
dataset =  datasets/random-ch4-10k.extxyz
n_train =  1000
n_test =  2000
Train RMSE: 4.1176580624433265 [Train MAE: 3.216018167942605]
Test RMSE: 15.813517685666156 [Test MAE: 7.922560012904179]
FINISHED at Tue Jan 10 04:06:21 CET 2023
