STARTING AT Tue Jan 10 05:21:55 CET 2023
Random seed: 1000
5 11
Reading dataset
Shuffling and extracting from dataset (length: 105092)
Shuffling and extraction done
Calculating power spectrum
Expansion coefficients done
Computing training kernel
     Calculating kernels for center species 79
     Calculating kernels for center species 79
Beginning first index add...
Beginning second index add...
Training kernel done
Computing test kernel
     Calculating kernels for center species 79
     Calculating kernels for center species 79
Beginning first index add...
Beginning second index add...
Test kernel done
Calculating composition features
Composition features done
-8.0 122.36347197835308
-7.8 123.5562567675738
-7.6 124.86094594805765
-7.4 126.52066740113172
-7.2 128.8232898086179
-7.0 131.98967829172506
-6.8 136.11360706852284
-6.6 141.25027314713486
-6.4 147.56218358937554
-6.2 155.27505116229506
-6.0 164.36562388830285
-5.8 174.28851495202187
-5.6 184.1043797708228
-5.4 192.9185319860867
-5.199999999999999 200.2436171127129
-5.0 206.10293032109263
-4.8 210.9596351164549
-4.6 215.6021840682993
-4.4 221.0127263654128
-4.199999999999999 228.15575846157537
-4.0 237.6752738767606
-3.8 249.65036639847006
-3.5999999999999996 263.6324769720843
-3.3999999999999995 279.00054257395163
-3.1999999999999993 295.31188831426573
-3.0 312.27982688620915
-2.8 329.4724944185623
-2.5999999999999996 346.141776080842
-2.3999999999999995 361.36787179252957
-2.1999999999999993 374.40681341017313
-2.0 385.0266448685112
-1.7999999999999998 393.6826782346345
-1.5999999999999996 401.59981454396024
-1.3999999999999995 410.9627878368406
-1.1999999999999993 425.22258743682096
-1.0 448.97255591655454
-0.7999999999999998 486.35890061024713
-0.5999999999999996 538.00330876464
-0.39999999999999947 599.0876929621444
-0.1999999999999993 661.2598057168584
0.0 716.8349794871223
0.20000000000000107 761.6182589663052
0.40000000000000036 794.9987709682775
0.5999999999999996 818.530137211546
0.8000000000000007 834.4931907829217
1.0 845.0465331364085
1.200000000000001 851.9053302375194
1.4000000000000004 856.3123137279094
1.6000000000000014 859.1210039270997
1.8000000000000007 860.8990960994056
2.0 862.0171465482522
2.200000000000001 862.7147696531969
2.4000000000000004 863.1464606557035
2.6000000000000014 863.411678067016
2.8000000000000007 863.5739813811438
3.0 863.6733401632167
3.200000000000001 863.7343988505032
3.4000000000000004 863.772127601341
3.6000000000000014 863.7955694128584
3.8000000000000007 863.8102020012947
4.0 863.8193678149479
Result sigma optimization:  -8.0 122.36347197835308
E_max_2 =  300
Cutoff Radius =  6.0
Selected Radial Transform =  16.0
factor =  1.3
displacement =  0.0
dataset =  datasets/gold.xyz
n_train =  1000
n_test =  2000
Train RMSE: 118.34568275582116 [Train MAE: 95.79881175194909]
Test RMSE: 124.62775325249402 [Test MAE: 99.32713370413282]
FINISHED at Tue Jan 10 05:27:17 CET 2023
