STARTING AT Tue Jan 10 04:03:49 CET 2023
Random seed: 1000
8 20
Reading dataset
Shuffling and extracting from dataset (length: 10000)
Shuffling and extraction done
Calculating power spectrum
Expansion coefficients done
Computing training kernel
     Calculating kernels for center species 1
     Calculating kernels for center species 1
Beginning first index add...
Beginning second index add...
     Calculating kernels for center species 6
     Calculating kernels for center species 6
Beginning first index add...
Beginning second index add...
Training kernel done
Computing test kernel
     Calculating kernels for center species 1
     Calculating kernels for center species 1
Beginning first index add...
Beginning second index add...
     Calculating kernels for center species 6
     Calculating kernels for center species 6
Beginning first index add...
Beginning second index add...
Test kernel done
Calculating composition features
Composition features done
-8.0 60.52062859398326
-7.8 53.54762508089705
-7.6 47.727038295192536
-7.4 42.88937939089431
-7.2 38.8585610286926
-7.0 35.501832937592454
-6.8 32.7301871166316
-6.6 30.463052826276098
-6.4 28.60066339498682
-6.2 27.030783403541914
-6.0 25.65768563584013
-5.8 24.423814200738846
-5.6 23.30846966017162
-5.4 22.30966040899364
-5.199999999999999 21.425062182246467
-5.0 20.64248106071278
-4.8 19.939724368674455
-4.6 19.28929696033749
-4.4 18.664490960704228
-4.199999999999999 18.045350247553383
-4.0 17.423545535349074
-3.8 16.804774976983577
-3.5999999999999996 16.208171014722144
-3.3999999999999995 15.66434510524133
-3.1999999999999993 15.21371346404835
-3.0 14.905046959900721
-2.8 14.793747252519946
-2.5999999999999996 14.938379811367295
-2.3999999999999995 15.391922429719981
-2.1999999999999993 16.185340396871098
-2.0 17.307203603831848
-1.7999999999999998 18.689775712311544
-1.5999999999999996 20.21344448628433
-1.3999999999999995 21.734598757028156
-1.1999999999999993 23.128247569084998
-1.0 24.32492071959148
-0.7999999999999998 25.32632981817631
-0.5999999999999996 26.204502830668225
-0.39999999999999947 27.10372044072484
-0.1999999999999993 28.25954137618352
0.0 30.020836245196495
0.20000000000000107 32.81187389680659
0.40000000000000036 36.958393301891746
0.5999999999999996 42.43259947250776
0.8000000000000007 48.75140212651443
1.0 55.16685298765813
1.200000000000001 60.9928618423104
1.4000000000000004 65.82240649362802
1.6000000000000014 69.5495230638625
1.8000000000000007 72.27221408411323
2.0 74.1797524779805
2.200000000000001 75.47469066947907
2.4000000000000004 76.33345668763502
2.6000000000000014 76.89339296703132
2.8000000000000007 77.25403293231903
3.0 77.48414669745542
3.200000000000001 77.62977457276017
3.4000000000000004 77.72114873686604
3.6000000000000014 77.77793127775521
3.8000000000000007 77.81286902474626
4.0 77.83419547450269
Result sigma optimization:  -2.8 14.793747252519946
E_max_2 =  700
Cutoff Radius =  6.0
Selected Radial Transform =  16.0
factor =  1.4
displacement =  0.0
dataset =  datasets/random-ch4-10k.extxyz
n_train =  1000
n_test =  2000
Train RMSE: 8.564117326892811 [Train MAE: 6.707618343296099]
Test RMSE: 14.56508954614451 [Test MAE: 9.371991204615385]
FINISHED at Tue Jan 10 04:04:45 CET 2023
