STARTING AT Tue Jan 10 04:07:20 CET 2023
Random seed: 1000
7 16
Reading dataset
Shuffling and extracting from dataset (length: 10000)
Shuffling and extraction done
Calculating power spectrum
Expansion coefficients done
Computing training kernel
     Calculating kernels for center species 1
     Calculating kernels for center species 1
Beginning first index add...
Beginning second index add...
     Calculating kernels for center species 6
     Calculating kernels for center species 6
Beginning first index add...
Beginning second index add...
Training kernel done
Computing test kernel
     Calculating kernels for center species 1
     Calculating kernels for center species 1
Beginning first index add...
Beginning second index add...
     Calculating kernels for center species 6
     Calculating kernels for center species 6
Beginning first index add...
Beginning second index add...
Test kernel done
Calculating composition features
Composition features done
-8.0 23.930979340217057
-7.8 23.930319097295236
-7.6 23.929273923520576
-7.4 23.927620542374523
-7.2 23.925007878441708
-7.0 23.92088645908801
-6.8 23.91440255879401
-6.6 23.904244950047566
-6.4 23.88843599067793
-6.2 23.86407676260585
-6.0 23.827102978576765
-5.8 23.772198191412922
-5.6 23.693123789737427
-5.4 23.583752909177065
-5.199999999999999 23.4398533671287
-5.0 23.26112145006476
-4.8 23.052483223231185
-4.6 22.823738615960302
-4.4 22.587383892060434
-4.199999999999999 22.355540102873547
-4.0 22.137354996812114
-3.8 21.93773847883597
-3.5999999999999996 21.758038759678932
-3.3999999999999995 21.599087084261523
-3.1999999999999993 21.46521302579938
-3.0 21.36564990323952
-2.8 21.311118480962
-2.5999999999999996 21.308340056209637
-2.3999999999999995 21.35804258766076
-2.1999999999999993 21.45908841939542
-2.0 21.616118913379996
-1.7999999999999998 21.845452048347035
-1.5999999999999996 22.175358961157265
-1.3999999999999995 22.640471224812718
-1.1999999999999993 23.272902052545376
-1.0 24.094847414886452
-0.7999999999999998 25.120165830320495
-0.5999999999999996 26.369802071598432
-0.39999999999999947 27.89373853777147
-0.1999999999999993 29.780319454857477
0.0 32.13331229646952
0.20000000000000107 35.01503671263067
0.40000000000000036 38.386222901748035
0.5999999999999996 42.08623812753879
0.8000000000000007 45.87424906550274
1.0 49.5180338800869
1.200000000000001 52.887737276305224
1.4000000000000004 55.99948812868103
1.6000000000000014 58.97525486443169
1.8000000000000007 61.935974782250774
2.0 64.89699441608448
2.200000000000001 67.74216433015846
2.4000000000000004 70.29276697520648
2.6000000000000014 72.40811101897005
2.8000000000000007 74.04119054401795
3.0 75.23079737776551
3.200000000000001 76.06199813605423
3.4000000000000004 76.62911050305159
3.6000000000000014 77.01412340861506
3.8000000000000007 77.27848666437335
4.0 77.46315704666561
Result sigma optimization:  -2.5999999999999996 21.308340056209637
E_max_2 =  500
Cutoff Radius =  6.0
Selected Radial Transform =  17.0
factor =  0.6
displacement =  0.0
dataset =  datasets/random-ch4-10k.extxyz
n_train =  1000
n_test =  2000
Train RMSE: 6.294128637797425 [Train MAE: 4.252266069566638]
Test RMSE: 22.03689409223155 [Test MAE: 10.58381204003874]
FINISHED at Tue Jan 10 04:08:07 CET 2023
