STARTING AT Tue Jan 10 07:23:24 CET 2023
Random seed: 1000
5 11
Reading dataset
Shuffling and extracting from dataset (length: 133885)
Shuffling and extraction done
Calculating power spectrum
Expansion coefficients done
Computing training kernel
     Calculating kernels for center species 1
     Calculating kernels for center species 1
Beginning first index add...
Beginning second index add...
     Calculating kernels for center species 6
     Calculating kernels for center species 6
Beginning first index add...
Beginning second index add...
     Calculating kernels for center species 7
     Calculating kernels for center species 7
Beginning first index add...
Beginning second index add...
     Calculating kernels for center species 8
     Calculating kernels for center species 8
Beginning first index add...
Beginning second index add...
     Calculating kernels for center species 9
     Calculating kernels for center species 9
Beginning first index add...
Beginning second index add...
Training kernel done
Computing test kernel
     Calculating kernels for center species 1
     Calculating kernels for center species 1
Beginning first index add...
Beginning second index add...
     Calculating kernels for center species 6
     Calculating kernels for center species 6
Beginning first index add...
Beginning second index add...
     Calculating kernels for center species 7
     Calculating kernels for center species 7
Beginning first index add...
Beginning second index add...
     Calculating kernels for center species 8
     Calculating kernels for center species 8
Beginning first index add...
Beginning second index add...
     Calculating kernels for center species 9
     Calculating kernels for center species 9
Beginning first index add...
Beginning second index add...
Test kernel done
Calculating composition features
Composition features done
-8.0 4.965376986639412
-7.8 4.965376901121357
-7.6 4.965376765585637
-7.4 4.965376550776377
-7.2 4.96537621032651
-7.0 4.965375670751458
-6.8 4.965374815584854
-6.6 4.965373460237028
-6.4 4.965371312165268
-6.2 4.965367907725497
-6.0 4.965362512115918
-5.8 4.965353960806715
-5.6 4.96534040828249
-5.4 4.965318929961551
-5.199999999999999 4.965284891571548
-5.0 4.965230950526924
-4.8 4.965145475235755
-4.6 4.965010044953135
-4.4 4.964795500140174
-4.199999999999999 4.96445571482769
-4.0 4.963917806843099
-3.8 4.963066823250264
-3.5999999999999996 4.961721969917133
-3.3999999999999995 4.9596001833607755
-3.1999999999999993 4.956378164975121
-3.0 4.951381452223733
-2.8 4.943964678840797
-2.5999999999999996 4.933266871673094
-2.3999999999999995 4.918147235104974
-2.1999999999999993 4.898018116324508
-2.0 4.875545274278175
-1.7999999999999998 4.857903687088991
-1.5999999999999996 4.849054503642127
-1.3999999999999995 4.861416881121828
-1.1999999999999993 4.91158050588133
-1.0 5.004081319951698
-0.7999999999999998 5.1283882019549925
-0.5999999999999996 5.286220575367477
-0.39999999999999947 5.48779218768521
-0.1999999999999993 5.739010443031137
0.0 6.030228227492457
0.20000000000000107 6.3963442720047095
0.40000000000000036 6.885105572455134
0.5999999999999996 7.528022350695235
0.8000000000000007 8.310710183207972
1.0 9.231814031407266
1.200000000000001 10.233318373630222
1.4000000000000004 11.29154891211858
1.6000000000000014 12.388762404702385
1.8000000000000007 13.543920799756945
2.0 14.72204849704798
2.200000000000001 15.906968414222177
2.4000000000000004 17.026295199392628
2.6000000000000014 18.015069644950028
2.8000000000000007 18.827487586074636
3.0 19.453104882906555
3.200000000000001 19.90625964965621
3.4000000000000004 20.22422634884147
3.6000000000000014 20.442048265780603
3.8000000000000007 20.590486174814135
4.0 20.68917597029343
Result sigma optimization:  -1.5999999999999996 4.849054503642127
E_max_2 =  300
Cutoff Radius =  6.0
Selected Radial Transform =  17.0
factor =  0.5
displacement =  0.0
dataset =  datasets/qm9.xyz
n_train =  1000
n_test =  2000
Train RMSE: 1.223802638187034 [Train MAE: 0.8382424324256078]
Test RMSE: 6.057578212672821 [Test MAE: 4.249321530239338]
FINISHED at Tue Jan 10 07:26:25 CET 2023
