STARTING AT Tue Jan 10 05:30:30 CET 2023
Random seed: 1000
7 16
Reading dataset
Shuffling and extracting from dataset (length: 105092)
Shuffling and extraction done
Calculating power spectrum
Expansion coefficients done
Computing training kernel
     Calculating kernels for center species 79
     Calculating kernels for center species 79
Beginning first index add...
Beginning second index add...
Training kernel done
Computing test kernel
     Calculating kernels for center species 79
     Calculating kernels for center species 79
Beginning first index add...
Beginning second index add...
Test kernel done
Calculating composition features
Composition features done
-8.0 106.99934978189232
-7.8 107.59773316835685
-7.6 108.34854057370912
-7.4 109.27605672880628
-7.2 110.3239571322979
-7.0 111.38392547273628
-6.8 112.3525060835374
-6.6 113.1751301322378
-6.4 113.85513229104556
-6.2 114.43664538180815
-6.0 114.9843096074932
-5.8 115.57249304702448
-5.6 116.277415672845
-5.4 117.16239377841558
-5.199999999999999 118.26085997364886
-5.0 119.57802093020787
-4.8 121.12787794114381
-4.6 122.98788469593437
-4.4 125.31964477201092
-4.199999999999999 128.32724425668977
-4.0 132.2134436145782
-3.8 137.23689143082566
-3.5999999999999996 143.8334172060495
-3.3999999999999995 152.5546733583611
-3.1999999999999993 163.64770745978564
-3.0 176.5648310995481
-2.8 189.99996591736638
-2.5999999999999996 202.549744749589
-2.3999999999999995 213.40873389467646
-2.1999999999999993 222.6044535720234
-2.0 230.79678734959975
-1.7999999999999998 238.89002149408597
-1.5999999999999996 247.67309436658633
-1.3999999999999995 257.6752378232301
-1.1999999999999993 269.300496337833
-1.0 282.9786008320489
-0.7999999999999998 298.9568082880836
-0.5999999999999996 316.8574335393426
-0.39999999999999947 335.62222853236517
-0.1999999999999993 354.01184434497327
0.0 371.09676826061286
0.20000000000000107 386.4268674315163
0.40000000000000036 400.1797559720446
0.5999999999999996 413.52039904692356
0.8000000000000007 429.030112152303
1.0 450.80079915943816
1.200000000000001 483.42350801800995
1.4000000000000004 529.3391878760876
1.6000000000000014 586.1128782081066
1.8000000000000007 646.7458477014926
2.0 703.2884143307177
2.200000000000001 750.4036708240644
2.4000000000000004 786.403025281997
2.6000000000000014 812.2267710427709
2.8000000000000007 829.954086518843
3.0 841.7684525264027
3.200000000000001 849.4929666555427
3.4000000000000004 854.4879553630484
3.6000000000000014 857.7065108886677
3.8000000000000007 859.7898854105863
4.0 861.1544261751317
Result sigma optimization:  -8.0 106.99934978189232
E_max_2 =  500
Cutoff Radius =  6.0
Selected Radial Transform =  17.0
factor =  1.6
displacement =  0.0
dataset =  datasets/gold.xyz
n_train =  1000
n_test =  2000
Train RMSE: 91.18067102867788 [Train MAE: 69.52462353397868]
Test RMSE: 108.81216331028965 [Test MAE: 79.83211081863095]
FINISHED at Tue Jan 10 05:35:12 CET 2023
