STARTING AT Tue Jan 10 05:31:00 CET 2023
Random seed: 1000
8 20
Reading dataset
Shuffling and extracting from dataset (length: 105092)
Shuffling and extraction done
Calculating power spectrum
Expansion coefficients done
Computing training kernel
     Calculating kernels for center species 79
     Calculating kernels for center species 79
Beginning first index add...
Beginning second index add...
Training kernel done
Computing test kernel
     Calculating kernels for center species 79
     Calculating kernels for center species 79
Beginning first index add...
Beginning second index add...
Test kernel done
Calculating composition features
Composition features done
-8.0 115.8460350242868
-7.8 115.85536626863772
-7.6 115.81408404506675
-7.4 115.77024804707821
-7.2 115.77143951968881
-7.0 115.86474073424243
-6.8 116.09553761553836
-6.6 116.49953197477562
-6.4 117.0864159572091
-6.2 117.82850314163437
-6.0 118.66730952470185
-5.8 119.53725254639365
-5.6 120.39515256133842
-5.4 121.24712592810798
-5.199999999999999 122.1688761849185
-5.0 123.31924569857908
-4.8 124.94677524991876
-4.6 127.38433189764547
-4.4 131.0186090936284
-4.199999999999999 136.2157095182085
-4.0 143.19775702415322
-3.8 151.8812749104756
-3.5999999999999996 161.73267919334367
-3.3999999999999995 171.81300818892817
-3.1999999999999993 181.12126025904612
-3.0 189.0171737599184
-2.8 195.41543949830404
-2.5999999999999996 200.726387136892
-2.3999999999999995 205.71403468052355
-2.1999999999999993 211.3827767412804
-2.0 218.86516672823797
-1.7999999999999998 229.18456781761284
-1.5999999999999996 242.83047824909227
-1.3999999999999995 259.4079429361428
-1.1999999999999993 277.7801126064654
-1.0 296.62403012479683
-0.7999999999999998 314.84890994773343
-0.5999999999999996 331.6813455153109
-0.39999999999999947 346.67767536549167
-0.1999999999999993 359.73869559712796
0.0 370.9997970937898
0.20000000000000107 380.70865448279505
0.40000000000000036 389.3364632861841
0.5999999999999996 397.9475844405499
0.8000000000000007 408.68382021361646
1.0 425.1349960628279
1.200000000000001 451.9702681902493
1.4000000000000004 492.90900777482955
1.6000000000000014 547.5408213381477
1.8000000000000007 610.0514058274085
2.0 671.8641491250584
2.200000000000001 725.8429862252634
2.4000000000000004 768.5737841519642
2.6000000000000014 800.0173980189674
2.8000000000000007 821.9860479682187
3.0 836.7993091947732
3.200000000000001 846.553362051832
3.4000000000000004 852.8758382161476
3.6000000000000014 856.9307571684002
3.8000000000000007 859.5114058158159
4.0 861.1430135795235
Result sigma optimization:  -7.4 115.77024804707821
E_max_2 =  700
Cutoff Radius =  6.0
Selected Radial Transform =  17.0
factor =  1.9
displacement =  0.0
dataset =  datasets/gold.xyz
n_train =  1000
n_test =  2000
Train RMSE: 102.61522142862901 [Train MAE: 79.68698358527905]
Test RMSE: 115.8205393279163 [Test MAE: 87.36597057372924]
FINISHED at Tue Jan 10 05:34:54 CET 2023
