STARTING AT Tue Jan 10 04:10:52 CET 2023
Random seed: 1000
8 20
Reading dataset
Shuffling and extracting from dataset (length: 10000)
Shuffling and extraction done
Calculating power spectrum
Expansion coefficients done
Computing training kernel
     Calculating kernels for center species 1
     Calculating kernels for center species 1
Beginning first index add...
Beginning second index add...
     Calculating kernels for center species 6
     Calculating kernels for center species 6
Beginning first index add...
Beginning second index add...
Training kernel done
Computing test kernel
     Calculating kernels for center species 1
     Calculating kernels for center species 1
Beginning first index add...
Beginning second index add...
     Calculating kernels for center species 6
     Calculating kernels for center species 6
Beginning first index add...
Beginning second index add...
Test kernel done
Calculating composition features
Composition features done
-8.0 62.70229345556745
-7.8 53.863425841214806
-7.6 46.23597212072575
-7.4 40.053813547076544
-7.2 35.314354868221024
-7.0 31.79998226944852
-6.8 29.223486726079496
-6.6 27.340802685859476
-6.4 25.960579610637012
-6.2 24.916698574722094
-6.0 24.058829566446995
-5.8 23.25856991201598
-5.6 22.419883736196166
-5.4 21.493125878410876
-5.199999999999999 20.48707767120511
-5.0 19.46375860701834
-4.8 18.50829473808139
-4.6 17.68810806791857
-4.4 17.027951899525124
-4.199999999999999 16.51344028837318
-4.0 16.111353273809446
-3.8 15.788821326335377
-3.5999999999999996 15.525561692810482
-3.3999999999999995 15.321865336773548
-3.1999999999999993 15.203598192821378
-3.0 15.222511804538483
-2.8 15.448737315337379
-2.5999999999999996 15.952109111182143
-2.3999999999999995 16.7744490546161
-2.1999999999999993 17.905526071691643
-2.0 19.27678075944625
-1.7999999999999998 20.774625515590074
-1.5999999999999996 22.268130317878782
-1.3999999999999995 23.646840732946984
-1.1999999999999993 24.85638044663079
-1.0 25.916195118102426
-0.7999999999999998 26.922382508069614
-0.5999999999999996 28.053118754208185
-0.39999999999999947 29.581571785831848
-0.1999999999999993 31.867296254740868
0.0 35.261367890002624
0.20000000000000107 39.90175814745635
0.40000000000000036 45.5407586055322
0.5999999999999996 51.60160425006864
0.8000000000000007 57.43714559008184
1.0 62.57332429564061
1.200000000000001 66.79270555218962
1.4000000000000004 70.08105207684422
1.6000000000000014 72.53570453376973
1.8000000000000007 74.29965628839956
2.0 75.52534812028472
2.200000000000001 76.3534716194067
2.4000000000000004 76.90089663292993
2.6000000000000014 77.25694306845358
2.8000000000000007 77.48573265501683
3.0 77.63130324395013
3.200000000000001 77.72302306534127
3.4000000000000004 77.78014651692772
3.6000000000000014 77.81521831712226
3.8000000000000007 77.83641623372031
4.0 77.84905784058071
Result sigma optimization:  -3.1999999999999993 15.203598192821378
E_max_2 =  700
Cutoff Radius =  6.0
Selected Radial Transform =  17.0
factor =  2.6
displacement =  0.0
dataset =  datasets/random-ch4-10k.extxyz
n_train =  1000
n_test =  2000
Train RMSE: 9.60416669626493 [Train MAE: 7.515637872627564]
Test RMSE: 15.027462325496325 [Test MAE: 9.857185285271576]
FINISHED at Tue Jan 10 04:12:09 CET 2023
