STARTING AT Tue Jan 10 04:06:50 CET 2023
Random seed: 1000
5 11
Reading dataset
Shuffling and extracting from dataset (length: 10000)
Shuffling and extraction done
Calculating power spectrum
Expansion coefficients done
Computing training kernel
     Calculating kernels for center species 1
     Calculating kernels for center species 1
Beginning first index add...
Beginning second index add...
     Calculating kernels for center species 6
     Calculating kernels for center species 6
Beginning first index add...
Beginning second index add...
Training kernel done
Computing test kernel
     Calculating kernels for center species 1
     Calculating kernels for center species 1
Beginning first index add...
Beginning second index add...
     Calculating kernels for center species 6
     Calculating kernels for center species 6
Beginning first index add...
Beginning second index add...
Test kernel done
Calculating composition features
Composition features done
-8.0 59.78222950742794
-7.8 59.91849770766079
-7.6 60.05832439545387
-7.4 60.18307941363547
-7.2 60.31174407848069
-7.0 60.46408018563574
-6.8 60.65681061584271
-6.6 60.88401004556719
-6.4 61.12599652434924
-6.2 61.365637981819695
-6.0 61.59124806079354
-5.8 61.79394562935544
-5.6 61.96512361658377
-5.4 62.101137301024075
-5.199999999999999 62.20747325746986
-5.0 62.29841458454566
-4.8 62.39371543621886
-4.6 62.51227086951924
-4.4 62.66580244428764
-4.199999999999999 62.85823710912041
-4.0 63.09193911507429
-3.8 63.3736346389715
-3.5999999999999996 63.71277518708425
-3.3999999999999995 64.11205347086418
-3.1999999999999993 64.55742559158134
-3.0 65.01771824720274
-2.8 65.45724506341404
-2.5999999999999996 65.85245730088864
-2.3999999999999995 66.19898147607232
-2.1999999999999993 66.50481246161279
-2.0 66.77818298239683
-1.7999999999999998 67.02143266642096
-1.5999999999999996 67.23464156194325
-1.3999999999999995 67.42428190444576
-1.1999999999999993 67.60952868634368
-1.0 67.8218092515582
-0.7999999999999998 68.09729782977021
-0.5999999999999996 68.46472649658587
-0.39999999999999947 68.9329239464514
-0.1999999999999993 69.48387810593107
0.0 70.07753118410255
0.20000000000000107 70.66995421499422
0.40000000000000036 71.23324052610177
0.5999999999999996 71.76026356420859
0.8000000000000007 72.25229041609413
1.0 72.70410715011911
1.200000000000001 73.10199164227821
1.4000000000000004 73.43490675878307
1.6000000000000014 73.70597708303448
1.8000000000000007 73.93461194658043
2.0 74.14967485647918
2.200000000000001 74.37787134148599
2.4000000000000004 74.63243886551504
2.6000000000000014 74.90838949608974
2.8000000000000007 75.18700328607078
3.0 75.44615007009206
3.200000000000001 75.67092612368113
3.4000000000000004 75.86002348243939
3.6000000000000014 76.02578969186465
3.8000000000000007 76.18862923829306
4.0 76.36705845338382
Result sigma optimization:  -8.0 59.78222950742794
E_max_2 =  300
Cutoff Radius =  6.0
Selected Radial Transform =  17.0
factor =  0.1
displacement =  0.0
dataset =  datasets/random-ch4-10k.extxyz
n_train =  1000
n_test =  2000
Train RMSE: 51.13004727993875 [Train MAE: 28.760184263066755]
Test RMSE: 57.4082441448747 [Test MAE: 35.24142868184018]
FINISHED at Tue Jan 10 04:10:57 CET 2023
