STARTING AT Tue Jan 10 04:10:52 CET 2023
Random seed: 1000
7 16
Reading dataset
Shuffling and extracting from dataset (length: 10000)
Shuffling and extraction done
Calculating power spectrum
Expansion coefficients done
Computing training kernel
     Calculating kernels for center species 1
     Calculating kernels for center species 1
Beginning first index add...
Beginning second index add...
     Calculating kernels for center species 6
     Calculating kernels for center species 6
Beginning first index add...
Beginning second index add...
Training kernel done
Computing test kernel
     Calculating kernels for center species 1
     Calculating kernels for center species 1
Beginning first index add...
Beginning second index add...
     Calculating kernels for center species 6
     Calculating kernels for center species 6
Beginning first index add...
Beginning second index add...
Test kernel done
Calculating composition features
Composition features done
-8.0 35.397385664872175
-7.8 30.363829878003155
-7.6 26.651854721210036
-7.4 24.32360659015519
-7.2 23.152040265380972
-7.0 22.675407384627288
-6.8 22.4252284750492
-6.6 22.107453872067378
-6.4 21.625997089224715
-6.2 21.011872901155847
-6.0 20.337432174785604
-5.8 19.657155219564125
-5.6 18.990888526541198
-5.4 18.337996646909666
-5.199999999999999 17.696020432556782
-5.0 17.071933633959464
-4.8 16.487448482638698
-4.6 15.97474582799726
-4.4 15.560933116103957
-4.199999999999999 15.253949163395985
-4.0 15.044663330235013
-3.8 14.925161563310791
-3.5999999999999996 14.909852904259923
-3.3999999999999995 15.044726872148876
-3.1999999999999993 15.398438180889404
-3.0 16.039004379529324
-2.8 17.005752907373488
-2.5999999999999996 18.286554925644502
-2.3999999999999995 19.80747193251087
-2.1999999999999993 21.442022257487128
-2.0 23.047273929053095
-1.7999999999999998 24.516950771523657
-1.5999999999999996 25.822211308215817
-1.3999999999999995 27.026014060000325
-1.1999999999999993 28.290132566209135
-1.0 29.8918367990654
-0.7999999999999998 32.21706756624284
-0.5999999999999996 35.6499903659485
-0.39999999999999947 40.343823955518296
-0.1999999999999993 46.043341758779405
0.0 52.15597582352112
0.20000000000000107 58.020706559785715
0.40000000000000036 63.15363440075716
0.5999999999999996 67.3331331680786
0.8000000000000007 70.54931072129116
1.0 72.91295233176102
1.200000000000001 74.58418089826604
1.4000000000000004 75.72862252410405
1.6000000000000014 76.4927965311199
1.8000000000000007 76.99347364700193
2.0 77.3169614726145
2.200000000000001 77.523735749628
2.4000000000000004 77.65466971185901
2.6000000000000014 77.73677794807
2.8000000000000007 77.78771635140437
3.0 77.81897630158736
3.200000000000001 77.83799880206756
3.4000000000000004 77.84953356062155
3.6000000000000014 77.85654135502338
3.8000000000000007 77.8608235384081
4.0 77.86345923309061
Result sigma optimization:  -3.5999999999999996 14.909852904259923
E_max_2 =  500
Cutoff Radius =  6.0
Selected Radial Transform =  17.0
factor =  2.5
displacement =  0.0
dataset =  datasets/random-ch4-10k.extxyz
n_train =  1000
n_test =  2000
Train RMSE: 10.493274087087803 [Train MAE: 8.16823658645766]
Test RMSE: 14.497776739131883 [Test MAE: 9.845654905221483]
FINISHED at Tue Jan 10 04:11:46 CET 2023
