STARTING AT Tue Jan 10 05:28:59 CET 2023
Random seed: 1000
7 18
Reading dataset
Shuffling and extracting from dataset (length: 105092)
Shuffling and extraction done
Calculating power spectrum
Expansion coefficients done
Computing training kernel
     Calculating kernels for center species 79
     Calculating kernels for center species 79
Beginning first index add...
Beginning second index add...
Training kernel done
Computing test kernel
     Calculating kernels for center species 79
     Calculating kernels for center species 79
Beginning first index add...
Beginning second index add...
Test kernel done
Calculating composition features
Composition features done
-8.0 116.2497476101926
-7.8 113.12541257875955
-7.6 110.09231434731551
-7.4 107.19260911966798
-7.2 104.50985124759305
-7.0 102.15216265173765
-6.8 100.22529729482895
-6.6 98.7964969676036
-6.4 97.8603423174549
-6.2 97.33746003415779
-6.0 97.11364632483127
-5.8 97.0876893883549
-5.6 97.20070475207385
-5.4 97.44141446299764
-5.199999999999999 97.82805815692623
-5.0 98.37717121372134
-4.8 99.0861242354261
-4.6 99.94151581067855
-4.4 100.93336639394913
-4.199999999999999 102.0595015405286
-4.0 103.32969006939142
-3.8 104.77680975798492
-3.5999999999999996 106.46601769078539
-3.3999999999999995 108.49194168842291
-3.1999999999999993 110.95528778335093
-3.0 113.90987263964641
-2.8 117.302962215656
-2.5999999999999996 120.97409245386854
-2.3999999999999995 124.73813589971594
-2.1999999999999993 128.48067481943178
-2.0 132.18594531562795
-1.7999999999999998 135.91883478868849
-1.5999999999999996 139.8562611987312
-1.3999999999999995 144.4112209999309
-1.1999999999999993 150.34957357205016
-1.0 158.6774218118401
-0.7999999999999998 170.12891852733807
-0.5999999999999996 184.49533523855558
-0.39999999999999947 200.48684776853108
-0.1999999999999993 216.4387294262518
0.0 231.25515528309046
0.20000000000000107 244.86401740017982
0.40000000000000036 258.1002075769613
0.5999999999999996 272.27399621529173
0.8000000000000007 288.54497166718386
1.0 307.27264618961067
1.200000000000001 327.85399985599736
1.4000000000000004 349.34592134712835
1.6000000000000014 371.2776732986348
1.8000000000000007 393.8038111064914
2.0 417.27813945098274
2.200000000000001 442.18361987544995
2.4000000000000004 469.81091154879607
2.6000000000000014 502.68899635645334
2.8000000000000007 543.4106115533067
3.0 592.0847834423686
3.200000000000001 644.9010643656429
3.4000000000000004 695.7839568315521
3.6000000000000014 739.6076480773919
3.8000000000000007 774.063603478707
4.0 799.4328280776881
Result sigma optimization:  -5.8 97.0876893883549
E_max_2 =  600
Cutoff Radius =  6.0
Selected Radial Transform =  17.0
factor =  1.1
displacement =  0.0
dataset =  datasets/gold.xyz
n_train =  1000
n_test =  2000
Train RMSE: 60.43130035472175 [Train MAE: 44.47358289915185]
Test RMSE: 99.69014830500925 [Test MAE: 66.303030697543]
FINISHED at Tue Jan 10 05:30:06 CET 2023
