STARTING AT Tue Jan 10 04:07:51 CET 2023
Random seed: 1000
5 11
Reading dataset
Shuffling and extracting from dataset (length: 10000)
Shuffling and extraction done
Calculating power spectrum
Expansion coefficients done
Computing training kernel
     Calculating kernels for center species 1
     Calculating kernels for center species 1
Beginning first index add...
Beginning second index add...
     Calculating kernels for center species 6
     Calculating kernels for center species 6
Beginning first index add...
Beginning second index add...
Training kernel done
Computing test kernel
     Calculating kernels for center species 1
     Calculating kernels for center species 1
Beginning first index add...
Beginning second index add...
     Calculating kernels for center species 6
     Calculating kernels for center species 6
Beginning first index add...
Beginning second index add...
Test kernel done
Calculating composition features
Composition features done
-8.0 24.858226224396205
-7.8 24.626424505353025
-7.6 24.34804010059865
-7.4 24.031369536515246
-7.2 23.68574964667615
-7.0 23.3175573761251
-6.8 22.930024418937688
-6.6 22.526943415490383
-6.4 22.115714148541638
-6.2 21.705650783540968
-6.0 21.30293242816367
-5.8 20.90721340095917
-5.6 20.513155041379758
-5.4 20.115789896496537
-5.199999999999999 19.71623801058782
-5.0 19.32529311001338
-4.8 18.96362481861863
-4.6 18.657491620380576
-4.4 18.430574247040653
-4.199999999999999 18.29556652072069
-4.0 18.250972731911638
-3.8 18.286368129694857
-3.5999999999999996 18.392193795212588
-3.3999999999999995 18.56571241852504
-3.1999999999999993 18.810217999004113
-3.0 19.13287433997988
-2.8 19.54606093511489
-2.5999999999999996 20.070323455389406
-2.3999999999999995 20.735731542536204
-2.1999999999999993 21.58211641495115
-2.0 22.658016359585062
-1.7999999999999998 24.016402172610693
-1.5999999999999996 25.71038776041744
-1.3999999999999995 27.793616424427317
-1.1999999999999993 30.315431142415715
-1.0 33.29479027762489
-0.7999999999999998 36.68236374505273
-0.5999999999999996 40.3486809581012
-0.39999999999999947 44.13168037791794
-0.1999999999999993 47.92754517939417
0.0 51.74484668839108
0.20000000000000107 55.64775552117018
0.40000000000000036 59.62417093882147
0.5999999999999996 63.512391556696564
0.8000000000000007 67.06186362274237
1.0 70.05991353288071
1.200000000000001 72.41409861733656
1.4000000000000004 74.15277680272195
1.6000000000000014 75.37741114523728
1.8000000000000007 76.21156706281683
2.0 76.76847028974531
2.200000000000001 77.13757673552504
2.4000000000000004 77.38290763436426
2.6000000000000014 77.54703605319375
2.8000000000000007 77.65713384182088
3.0 77.73065466242424
3.200000000000001 77.77926968159869
3.4000000000000004 77.81105151468664
3.6000000000000014 77.83161674305202
3.8000000000000007 77.84481752859483
4.0 77.8532421280554
Result sigma optimization:  -4.0 18.250972731911638
E_max_2 =  300
Cutoff Radius =  6.0
Selected Radial Transform =  17.0
factor =  0.8
displacement =  0.0
dataset =  datasets/random-ch4-10k.extxyz
n_train =  1000
n_test =  2000
Train RMSE: 6.008013030746932 [Train MAE: 4.247865049654535]
Test RMSE: 17.593360192315764 [Test MAE: 8.790076080021382]
FINISHED at Tue Jan 10 04:08:20 CET 2023
