STARTING AT Tue Jan 10 05:26:58 CET 2023
Random seed: 1000
7 16
Reading dataset
Shuffling and extracting from dataset (length: 105092)
Shuffling and extraction done
Calculating power spectrum
Expansion coefficients done
Computing training kernel
     Calculating kernels for center species 79
     Calculating kernels for center species 79
Beginning first index add...
Beginning second index add...
Training kernel done
Computing test kernel
     Calculating kernels for center species 79
     Calculating kernels for center species 79
Beginning first index add...
Beginning second index add...
Test kernel done
Calculating composition features
Composition features done
-8.0 124.56522891901999
-7.8 123.22996404501937
-7.6 121.62628665255178
-7.4 119.74087876576417
-7.2 117.61277580572153
-7.0 115.31633706594481
-6.8 112.93019444466238
-6.6 110.51183016477746
-6.4 108.08873814439268
-6.2 105.66099267893124
-6.0 103.20463862502469
-5.8 100.67659255724226
-5.6 98.03670912290711
-5.4 95.28988026430784
-5.199999999999999 92.51357086977426
-5.0 89.82880142908581
-4.8 87.32785290042975
-4.6 85.027232517016
-4.4 82.88791594283065
-4.199999999999999 80.87194852096398
-4.0 78.98112728184243
-3.8 77.25544209541043
-3.5999999999999996 75.74310807805428
-3.3999999999999995 74.47060164949862
-3.1999999999999993 73.43967271034175
-3.0 72.65706739653476
-2.8 72.17223376495521
-2.5999999999999996 72.08646612694095
-2.3999999999999995 72.52048992784628
-2.1999999999999993 73.567924716685
-2.0 75.27848930010026
-1.7999999999999998 77.67980459974747
-1.5999999999999996 80.7992421788171
-1.3999999999999995 84.65585603238235
-1.1999999999999993 89.24409594994295
-1.0 94.54850011762906
-0.7999999999999998 100.57589668138961
-0.5999999999999996 107.34200272668308
-0.39999999999999947 114.80784461575897
-0.1999999999999993 122.86346792388434
0.0 131.42571035338185
0.20000000000000107 140.56695830846417
0.40000000000000036 150.5293454088132
0.5999999999999996 161.6051195420297
0.8000000000000007 174.0415848576409
1.0 188.10700265175976
1.200000000000001 204.18840463758684
1.4000000000000004 222.65123515946797
1.6000000000000014 243.49967973657695
1.8000000000000007 266.3296582069393
2.0 290.94781039091106
2.200000000000001 318.2275526024835
2.4000000000000004 350.17556717469654
2.6000000000000014 388.60693297240755
2.8000000000000007 433.2783799145144
3.0 481.4989635556065
3.200000000000001 529.9342062743051
3.4000000000000004 576.6406305952003
3.6000000000000014 621.185132979097
3.8000000000000007 663.1663033623613
4.0 701.2202562999031
Result sigma optimization:  -2.5999999999999996 72.08646612694095
E_max_2 =  500
Cutoff Radius =  6.0
Selected Radial Transform =  17.0
factor =  0.3
displacement =  0.0
dataset =  datasets/gold.xyz
n_train =  1000
n_test =  2000
Train RMSE: 41.349836801778274 [Train MAE: 28.792680706731407]
Test RMSE: 75.08904611055651 [Test MAE: 46.38285628669101]
FINISHED at Tue Jan 10 05:28:06 CET 2023
