STARTING AT Tue Jan 10 04:08:21 CET 2023
Random seed: 1000
7 16
Reading dataset
Shuffling and extracting from dataset (length: 10000)
Shuffling and extraction done
Calculating power spectrum
Expansion coefficients done
Computing training kernel
     Calculating kernels for center species 1
     Calculating kernels for center species 1
Beginning first index add...
Beginning second index add...
     Calculating kernels for center species 6
     Calculating kernels for center species 6
Beginning first index add...
Beginning second index add...
Training kernel done
Computing test kernel
     Calculating kernels for center species 1
     Calculating kernels for center species 1
Beginning first index add...
Beginning second index add...
     Calculating kernels for center species 6
     Calculating kernels for center species 6
Beginning first index add...
Beginning second index add...
Test kernel done
Calculating composition features
Composition features done
-8.0 14.45576027775805
-7.8 14.441865784483694
-7.6 14.420626444689594
-7.4 14.388757390099565
-7.2 14.342175383147664
-7.0 14.276416558058802
-6.8 14.187446105795676
-6.6 14.072525437543462
-6.4 13.930606986712222
-6.2 13.762453012834396
-6.0 13.571710448677626
-5.8 13.367090811345767
-5.6 13.162876347367805
-5.4 12.975022623048941
-5.199999999999999 12.814619501897017
-5.0 12.683813607349046
-4.8 12.577295682486628
-4.6 12.487490103268184
-4.4 12.408984000006965
-4.199999999999999 12.339967838888883
-4.0 12.281705778858443
-3.8 12.237181371265747
-3.5999999999999996 12.208908020310155
-3.3999999999999995 12.196361359217798
-3.1999999999999993 12.194755355357925
-3.0 12.197198435740777
-2.8 12.200583445896404
-2.5999999999999996 12.21223037781831
-2.3999999999999995 12.252931734422534
-2.1999999999999993 12.35509136855451
-2.0 12.559024965554478
-1.7999999999999998 12.911564808906993
-1.5999999999999996 13.467215737077336
-1.3999999999999995 14.285509973465023
-1.1999999999999993 15.41755007597792
-1.0 16.887195174810945
-0.7999999999999998 18.68275688817177
-0.5999999999999996 20.761712680938917
-0.39999999999999947 23.0539928786763
-0.1999999999999993 25.46604926065282
0.0 27.91355551821776
0.20000000000000107 30.39062615476195
0.40000000000000036 33.03660573379766
0.5999999999999996 36.141015223767894
0.8000000000000007 40.0371785148325
1.0 44.8921627546313
1.200000000000001 50.519476751798265
1.4000000000000004 56.39101269166439
1.6000000000000014 61.871619927909904
1.8000000000000007 66.49268202990947
2.0 70.07430378750252
2.200000000000001 72.67613460885829
2.4000000000000004 74.47914178578178
2.6000000000000014 75.68788963873384
2.8000000000000007 76.47984478588236
3.0 76.99040452700497
3.200000000000001 77.31572736220431
3.4000000000000004 77.521284106789
3.6000000000000014 77.65045971622499
3.8000000000000007 77.7314189712688
4.0 77.78213598681877
Result sigma optimization:  -3.1999999999999993 12.194755355357925
E_max_2 =  500
Cutoff Radius =  6.0
Selected Radial Transform =  17.0
factor =  1.0
displacement =  0.0
dataset =  datasets/random-ch4-10k.extxyz
n_train =  1000
n_test =  2000
Train RMSE: 4.714717240466064 [Train MAE: 3.7128654948231414]
Test RMSE: 14.709402578511295 [Test MAE: 7.83982547447121]
FINISHED at Tue Jan 10 04:12:27 CET 2023
