STARTING AT Tue Jan 10 04:09:52 CET 2023
Random seed: 1000
7 18
Reading dataset
Shuffling and extracting from dataset (length: 10000)
Shuffling and extraction done
Calculating power spectrum
Expansion coefficients done
Computing training kernel
     Calculating kernels for center species 1
     Calculating kernels for center species 1
Beginning first index add...
Beginning second index add...
     Calculating kernels for center species 6
     Calculating kernels for center species 6
Beginning first index add...
Beginning second index add...
Training kernel done
Computing test kernel
     Calculating kernels for center species 1
     Calculating kernels for center species 1
Beginning first index add...
Beginning second index add...
     Calculating kernels for center species 6
     Calculating kernels for center species 6
Beginning first index add...
Beginning second index add...
Test kernel done
Calculating composition features
Composition features done
-8.0 52.41597398096639
-7.8 44.00619095266305
-7.6 37.264450330949316
-7.4 32.1841856871451
-7.2 28.58751477627762
-7.0 26.156962629473053
-6.8 24.520596303947354
-6.6 23.354891780021145
-6.4 22.448302296557166
-6.2 21.695447027589886
-6.0 21.04878647117299
-5.8 20.475061161406884
-5.6 19.940421398780114
-5.4 19.416801450890073
-5.199999999999999 18.889975378892082
-5.0 18.3593377632783
-4.8 17.83173154954983
-4.6 17.31404833005746
-4.4 16.808100007378748
-4.199999999999999 16.311455082523725
-4.0 15.825344065907746
-3.8 15.364691371951283
-3.5999999999999996 14.962135944891086
-3.3999999999999995 14.663401706643942
-3.1999999999999993 14.520930314487696
-3.0 14.59238528851553
-2.8 14.939153102668373
-2.5999999999999996 15.613737610790283
-2.3999999999999995 16.633877356230055
-2.1999999999999993 17.95769168641598
-2.0 19.480312202606676
-1.7999999999999998 21.058458124735186
-1.5999999999999996 22.55190937219243
-1.3999999999999995 23.86491211738809
-1.1999999999999993 24.972233281620465
-1.0 25.926176189908105
-0.7999999999999998 26.858855066691913
-0.5999999999999996 27.997431521006817
-0.39999999999999947 29.68513389227908
-0.1999999999999993 32.35124510749611
0.0 36.34924934753283
0.20000000000000107 41.697904960565
0.40000000000000036 47.954157422221066
0.5999999999999996 54.38242157394915
0.8000000000000007 60.282538334916424
1.0 65.22196414269645
1.200000000000001 69.07078035976315
1.4000000000000004 71.90967310857084
1.6000000000000014 73.91741602452898
1.8000000000000007 75.29201283819904
2.0 76.2100507773858
2.200000000000001 76.81188426914211
2.4000000000000004 77.20104801720683
2.6000000000000014 77.45007731022756
2.8000000000000007 77.6080271603182
3.0 77.70733275561109
3.200000000000001 77.76918015271613
3.4000000000000004 77.80733549569624
3.6000000000000014 77.8306995979791
3.8000000000000007 77.84495852503419
4.0 77.85367208865566
Result sigma optimization:  -3.1999999999999993 14.520930314487696
E_max_2 =  600
Cutoff Radius =  6.0
Selected Radial Transform =  17.0
factor =  2.1
displacement =  0.0
dataset =  datasets/random-ch4-10k.extxyz
n_train =  1000
n_test =  2000
Train RMSE: 8.752088049062715 [Train MAE: 6.872116581272428]
Test RMSE: 15.076070381207911 [Test MAE: 9.342192765445867]
FINISHED at Tue Jan 10 04:10:45 CET 2023
