STARTING AT Tue Jan 10 05:40:04 CET 2023
Random seed: 1000
7 16
Reading dataset
Shuffling and extracting from dataset (length: 105092)
Shuffling and extraction done
Calculating power spectrum
Expansion coefficients done
Computing training kernel
     Calculating kernels for center species 79
     Calculating kernels for center species 79
Beginning first index add...
Beginning second index add...
Training kernel done
Computing test kernel
     Calculating kernels for center species 79
     Calculating kernels for center species 79
Beginning first index add...
Beginning second index add...
Test kernel done
Calculating composition features
Composition features done
-8.0 205.112151578003
-7.8 229.14799051973503
-7.6 257.4318834303639
-7.4 287.4143863990791
-7.2 316.415815859342
-7.0 342.453780245934
-6.8 364.5357788280322
-6.6 382.4237120040501
-6.4 396.30316383169577
-6.2 406.6147806019443
-6.0 413.96694249969687
-5.8 419.02798711464527
-5.6 422.41776956600853
-5.4 424.64341994372177
-5.199999999999999 426.0848256473661
-5.0 427.01030825164577
-4.8 427.60288249229023
-4.6 427.98650907152563
-4.4 428.2496775959743
-4.199999999999999 428.4693440077877
-4.0 428.7440611929154
-3.8 429.2547044210449
-3.5999999999999996 430.3876595064738
-3.3999999999999995 432.9745286668045
-3.1999999999999993 438.68770572609054
-3.0 450.46740646835707
-2.8 472.40187807963747
-2.5999999999999996 508.09813858991686
-2.3999999999999995 557.6720920827553
-2.1999999999999993 616.0506809175704
-2.0 675.0275859024017
-1.7999999999999998 727.3418771468654
-1.5999999999999996 769.2166703719491
-1.3999999999999995 800.2668751552692
-1.1999999999999993 822.0730020347925
-1.0 836.8277953482841
-0.7999999999999998 846.5668136688283
-0.5999999999999996 852.8916542682367
-0.39999999999999947 856.9563812933308
-0.1999999999999993 859.551137487315
0.0 861.2004481044899
0.20000000000000107 862.2459504090796
0.40000000000000036 862.9075425904897
0.5999999999999996 863.3257172307106
0.8000000000000007 863.5898135237801
1.0 863.7564682008901
1.200000000000001 863.8615071637088
1.4000000000000004 863.9275456149356
1.6000000000000014 863.9688173325395
1.8000000000000007 863.994228201442
2.0 864.0092758858789
2.200000000000001 864.0172470133841
2.4000000000000004 864.0199576821874
2.6000000000000014 864.0182176186789
2.8000000000000007 864.0121573263988
3.0 864.0015449700112
3.200000000000001 863.9861988976312
3.4000000000000004 863.9665019873825
3.6000000000000014 863.9438064107947
3.8000000000000007 863.9203543264399
4.0 863.8985830564034
Result sigma optimization:  -8.0 205.112151578003
E_max_2 =  500
Cutoff Radius =  6.0
Selected Radial Transform =  18.0
factor =  2.5
displacement =  0.0
dataset =  datasets/gold.xyz
n_train =  1000
n_test =  2000
Train RMSE: 198.94129468325082 [Train MAE: 165.9036843285725]
Test RMSE: 202.26136512432217 [Test MAE: 167.56531675074447]
FINISHED at Tue Jan 10 05:40:50 CET 2023
