STARTING AT Tue Jan 10 04:14:54 CET 2023
Random seed: 1000
8 20
Reading dataset
Shuffling and extracting from dataset (length: 10000)
Shuffling and extraction done
Calculating power spectrum
Expansion coefficients done
Computing training kernel
     Calculating kernels for center species 1
     Calculating kernels for center species 1
Beginning first index add...
Beginning second index add...
     Calculating kernels for center species 6
     Calculating kernels for center species 6
Beginning first index add...
Beginning second index add...
Training kernel done
Computing test kernel
     Calculating kernels for center species 1
     Calculating kernels for center species 1
Beginning first index add...
Beginning second index add...
     Calculating kernels for center species 6
     Calculating kernels for center species 6
Beginning first index add...
Beginning second index add...
Test kernel done
Calculating composition features
Composition features done
-8.0 66.06887497199179
-7.8 55.25992792148929
-7.6 46.726011950182105
-7.4 40.33790452556935
-7.2 35.7370849704457
-7.0 32.40562171685333
-6.8 29.80314487755572
-6.6 27.509932403300617
-6.4 25.310603460803925
-6.2 23.185037146001477
-6.0 21.22158456941741
-5.8 19.511007568822844
-5.6 18.090927277560645
-5.4 16.958938153296973
-5.199999999999999 16.104174263665715
-5.0 15.512791181652226
-4.8 15.158856935658324
-4.6 15.00358465737705
-4.4 14.99955843068142
-4.199999999999999 15.092182494891192
-4.0 15.223101230264037
-3.8 15.341902600619479
-3.5999999999999996 15.422783014817156
-3.3999999999999995 15.476509906112234
-3.1999999999999993 15.550781796572416
-3.0 15.718541995633746
-2.8 16.058504659104887
-2.5999999999999996 16.634357293749513
-2.3999999999999995 17.479330966507305
-2.1999999999999993 18.58864553773151
-2.0 19.916457573803594
-1.7999999999999998 21.37820758282264
-1.5999999999999996 22.870537205087672
-1.3999999999999995 24.313332362658976
-1.1999999999999993 25.69416331713902
-1.0 27.09411575427534
-0.7999999999999998 28.698095854916875
-0.5999999999999996 30.791872963628517
-0.39999999999999947 33.7051275767055
-0.1999999999999993 37.655003512444466
0.0 42.563394877720526
0.20000000000000107 48.03141558023147
0.40000000000000036 53.52453676117322
0.5999999999999996 58.60086588737607
0.8000000000000007 63.017531190515314
1.0 66.70716483118241
1.200000000000001 69.69998865658626
1.4000000000000004 72.05817529878448
1.6000000000000014 73.85210808519282
1.8000000000000007 75.16362011165938
2.0 76.08627600732781
2.200000000000001 76.71462267275015
2.4000000000000004 77.13197425012903
2.6000000000000014 77.4041430724684
2.8000000000000007 77.57922530652783
3.0 77.69057461965983
3.200000000000001 77.76055871791986
3.4000000000000004 77.80390304023018
3.6000000000000014 77.83024849099344
3.8000000000000007 77.84592249263798
4.0 77.85506820638167
Result sigma optimization:  -4.4 14.99955843068142
E_max_2 =  700
Cutoff Radius =  6.0
Selected Radial Transform =  18.0
factor =  2.0
displacement =  0.0
dataset =  datasets/random-ch4-10k.extxyz
n_train =  1000
n_test =  2000
Train RMSE: 8.24040493723513 [Train MAE: 6.461543434540917]
Test RMSE: 15.163420414443832 [Test MAE: 9.40743166542481]
FINISHED at Tue Jan 10 04:17:46 CET 2023
