STARTING AT Tue Jan 10 04:13:23 CET 2023
Random seed: 1000
7 18
Reading dataset
Shuffling and extracting from dataset (length: 10000)
Shuffling and extraction done
Calculating power spectrum
Expansion coefficients done
Computing training kernel
     Calculating kernels for center species 1
     Calculating kernels for center species 1
Beginning first index add...
Beginning second index add...
     Calculating kernels for center species 6
     Calculating kernels for center species 6
Beginning first index add...
Beginning second index add...
Training kernel done
Computing test kernel
     Calculating kernels for center species 1
     Calculating kernels for center species 1
Beginning first index add...
Beginning second index add...
     Calculating kernels for center species 6
     Calculating kernels for center species 6
Beginning first index add...
Beginning second index add...
Test kernel done
Calculating composition features
Composition features done
-8.0 31.338010407821944
-7.8 29.890032864492845
-7.6 28.570205951593323
-7.4 27.36314437812585
-7.2 26.235870531121144
-7.0 25.160139889422197
-6.8 24.122828008836926
-6.6 23.122435723767595
-6.4 22.16166895407072
-6.2 21.243833752088072
-6.0 20.3740536807148
-5.8 19.561044300839026
-5.6 18.81437802316174
-5.4 18.13775372436725
-5.199999999999999 17.52477162307164
-5.0 16.96214767981671
-4.8 16.437678936072437
-4.6 15.945302939296175
-4.4 15.483534366058018
-4.199999999999999 15.05214849754016
-4.0 14.653007883712393
-3.8 14.2932324830262
-3.5999999999999996 13.985825579150799
-3.3999999999999995 13.748540038477937
-3.1999999999999993 13.60504101102762
-3.0 13.58760925922993
-2.8 13.735812757600767
-2.5999999999999996 14.088113424658692
-2.3999999999999995 14.669504201510078
-2.1999999999999993 15.481577626371907
-2.0 16.50061276027043
-1.7999999999999998 17.68401152138959
-1.5999999999999996 18.978604116171567
-1.3999999999999995 20.325790290666276
-1.1999999999999993 21.668140377142873
-1.0 22.964559038408478
-0.7999999999999998 24.214754783828177
-0.5999999999999996 25.491379771508097
-0.39999999999999947 26.977304340898087
-0.1999999999999993 28.992211646432335
0.0 31.957621859311825
0.20000000000000107 36.22801653979664
0.40000000000000036 41.82240438969156
0.5999999999999996 48.28585705286312
0.8000000000000007 54.85967183856282
1.0 60.82690304404025
1.200000000000001 65.75845065120055
1.4000000000000004 69.54504645759755
1.6000000000000014 72.29412563519548
1.8000000000000007 74.20798928038029
2.0 75.4998596389436
2.200000000000001 76.3526362252241
2.4000000000000004 76.90668247998472
2.6000000000000014 77.26253583972367
2.8000000000000007 77.48906836685133
3.0 77.63214296957824
3.200000000000001 77.72180045566546
3.4000000000000004 77.77755434546539
3.6000000000000014 77.81200975365047
3.8000000000000007 77.83323454290839
4.0 77.84631408679196
Result sigma optimization:  -3.0 13.58760925922993
E_max_2 =  600
Cutoff Radius =  6.0
Selected Radial Transform =  18.0
factor =  1.1
displacement =  0.0
dataset =  datasets/random-ch4-10k.extxyz
n_train =  1000
n_test =  2000
Train RMSE: 7.712894902315346 [Train MAE: 6.045179328675424]
Test RMSE: 14.030342325002662 [Test MAE: 8.954871226769272]
FINISHED at Tue Jan 10 04:15:32 CET 2023
