STARTING AT Tue Jan 10 04:14:54 CET 2023
Random seed: 1000
7 16
Reading dataset
Shuffling and extracting from dataset (length: 10000)
Shuffling and extraction done
Calculating power spectrum
Expansion coefficients done
Computing training kernel
     Calculating kernels for center species 1
     Calculating kernels for center species 1
Beginning first index add...
Beginning second index add...
     Calculating kernels for center species 6
     Calculating kernels for center species 6
Beginning first index add...
Beginning second index add...
Training kernel done
Computing test kernel
     Calculating kernels for center species 1
     Calculating kernels for center species 1
Beginning first index add...
Beginning second index add...
     Calculating kernels for center species 6
     Calculating kernels for center species 6
Beginning first index add...
Beginning second index add...
Test kernel done
Calculating composition features
Composition features done
-8.0 43.65350160513588
-7.8 39.16496692186481
-7.6 34.85073994361903
-7.4 30.705055142268474
-7.2 26.846939233143907
-7.0 23.480116669259264
-6.8 20.792111466699406
-6.6 18.84110272270062
-6.4 17.527648759051306
-6.2 16.670178794846812
-6.0 16.102295639345904
-5.8 15.724387241173135
-5.6 15.503905334849819
-5.4 15.43904213464421
-5.199999999999999 15.510454570405152
-5.0 15.658549347458434
-4.8 15.80342758176532
-4.6 15.884323846694144
-4.4 15.886423659783867
-4.199999999999999 15.84267699251178
-4.0 15.81590813242623
-3.8 15.875085763397458
-3.5999999999999996 16.079601938614932
-3.3999999999999995 16.47676186281833
-3.1999999999999993 17.105446551269015
-3.0 17.9922576354641
-2.8 19.13511366637319
-2.5999999999999996 20.48884143524129
-2.3999999999999995 21.972483627905252
-2.1999999999999993 23.49875820670899
-2.0 25.010127496525055
-1.7999999999999998 26.51141937803135
-1.5999999999999996 28.097140606263036
-1.3999999999999995 29.965646374715718
-1.1999999999999993 32.40049919716484
-1.0 35.69396620515505
-0.7999999999999998 40.00119258822236
-0.5999999999999996 45.18604933159815
-0.39999999999999947 50.806939346916174
-0.1999999999999993 56.304061333874095
0.0 61.23845963075881
0.20000000000000107 65.40092757660743
0.40000000000000036 68.76801055977926
0.5999999999999996 71.40436281628568
0.8000000000000007 73.40050867067231
1.0 74.85706121531727
1.200000000000001 75.88174512000288
1.4000000000000004 76.58014564366486
1.6000000000000014 77.0444896512043
1.8000000000000007 77.34758969963272
2.0 77.54275216691333
2.200000000000001 77.66701957092849
2.4000000000000004 77.7452756450679
2.6000000000000014 77.79391842732122
2.8000000000000007 77.82367926658976
3.0 77.8415815223076
3.200000000000001 77.85220094739466
3.4000000000000004 77.85845831613177
3.6000000000000014 77.86215344673857
3.8000000000000007 77.8643553639389
4.0 77.86568352631602
Result sigma optimization:  -5.4 15.43904213464421
E_max_2 =  500
Cutoff Radius =  6.0
Selected Radial Transform =  18.0
factor =  2.1
displacement =  0.0
dataset =  datasets/random-ch4-10k.extxyz
n_train =  1000
n_test =  2000
Train RMSE: 8.871824845414896 [Train MAE: 6.892944959659124]
Test RMSE: 17.807823467702473 [Test MAE: 9.742818925455284]
FINISHED at Tue Jan 10 04:15:29 CET 2023
