STARTING AT Tue Jan 10 04:12:53 CET 2023
Random seed: 1000
8 20
Reading dataset
Shuffling and extracting from dataset (length: 10000)
Shuffling and extraction done
Calculating power spectrum
Expansion coefficients done
Computing training kernel
     Calculating kernels for center species 1
     Calculating kernels for center species 1
Beginning first index add...
Beginning second index add...
     Calculating kernels for center species 6
     Calculating kernels for center species 6
Beginning first index add...
Beginning second index add...
Training kernel done
Computing test kernel
     Calculating kernels for center species 1
     Calculating kernels for center species 1
Beginning first index add...
Beginning second index add...
     Calculating kernels for center species 6
     Calculating kernels for center species 6
Beginning first index add...
Beginning second index add...
Test kernel done
Calculating composition features
Composition features done
-8.0 14.2440167351964
-7.8 14.242836729334568
-7.6 14.240972830055346
-7.4 14.238034401806443
-7.2 14.233416075693754
-7.0 14.226191831632223
-6.8 14.214973635666555
-6.6 14.197745697648038
-6.4 14.171719952484453
-6.2 14.133316670666863
-6.0 14.078427055234748
-5.8 14.003067436771056
-5.6 13.904289843818612
-5.4 13.780952895558606
-5.199999999999999 13.634224291664182
-5.0 13.468414277401855
-4.8 13.292459564171622
-4.6 13.120470749707945
-4.4 12.968834167067586
-4.199999999999999 12.850003249557952
-4.0 12.766838932040923
-3.8 12.711315928999957
-3.5999999999999996 12.667815345933978
-3.3999999999999995 12.618431797194129
-3.1999999999999993 12.547974829489885
-3.0 12.447853168569214
-2.8 12.31809547203698
-2.5999999999999996 12.16667563520342
-2.3999999999999995 12.007626944152234
-2.1999999999999993 11.861166928893109
-2.0 11.756668001866261
-1.7999999999999998 11.73596427165388
-1.5999999999999996 11.854077451600334
-1.3999999999999995 12.175820172024105
-1.1999999999999993 12.767311011937503
-1.0 13.681331377168325
-0.7999999999999998 14.937866624227254
-0.5999999999999996 16.507549520327764
-0.39999999999999947 18.309167702292907
-0.1999999999999993 20.225981891429015
0.0 22.13833137990318
0.20000000000000107 23.969669504852135
0.40000000000000036 25.740339786611816
0.5999999999999996 27.616943315745885
0.8000000000000007 29.934296917836463
1.0 33.13734133829328
1.200000000000001 37.584657633415645
1.4000000000000004 43.27885159503383
1.6000000000000014 49.752719200382835
1.8000000000000007 56.25131357337324
2.0 62.07110894525681
2.200000000000001 66.80411380820067
2.4000000000000004 70.37098496792066
2.6000000000000014 72.91042049335653
2.8000000000000007 74.64641850866633
3.0 75.80023485951945
3.200000000000001 76.55244169884838
3.4000000000000004 77.03626279586634
3.6000000000000014 77.34441527557603
3.8000000000000007 77.53923398169782
4.0 77.6617484965434
Result sigma optimization:  -1.7999999999999998 11.73596427165388
E_max_2 =  700
Cutoff Radius =  6.0
Selected Radial Transform =  18.0
factor =  0.7
displacement =  0.0
dataset =  datasets/random-ch4-10k.extxyz
n_train =  1000
n_test =  2000
Train RMSE: 7.148130679425126 [Train MAE: 5.638802479700791]
Test RMSE: 13.75219272994627 [Test MAE: 8.750917424156675]
FINISHED at Tue Jan 10 04:13:30 CET 2023
