STARTING AT Tue Jan 10 07:41:02 CET 2023
Random seed: 1000
5 11
Reading dataset
Shuffling and extracting from dataset (length: 133885)
Shuffling and extraction done
Calculating power spectrum
Expansion coefficients done
Computing training kernel
     Calculating kernels for center species 1
     Calculating kernels for center species 1
Beginning first index add...
Beginning second index add...
     Calculating kernels for center species 6
     Calculating kernels for center species 6
Beginning first index add...
Beginning second index add...
     Calculating kernels for center species 7
     Calculating kernels for center species 7
Beginning first index add...
Beginning second index add...
     Calculating kernels for center species 8
     Calculating kernels for center species 8
Beginning first index add...
Beginning second index add...
     Calculating kernels for center species 9
     Calculating kernels for center species 9
Beginning first index add...
Beginning second index add...
Training kernel done
Computing test kernel
     Calculating kernels for center species 1
     Calculating kernels for center species 1
Beginning first index add...
Beginning second index add...
     Calculating kernels for center species 6
     Calculating kernels for center species 6
Beginning first index add...
Beginning second index add...
     Calculating kernels for center species 7
     Calculating kernels for center species 7
Beginning first index add...
Beginning second index add...
     Calculating kernels for center species 8
     Calculating kernels for center species 8
Beginning first index add...
Beginning second index add...
     Calculating kernels for center species 9
     Calculating kernels for center species 9
Beginning first index add...
Beginning second index add...
Test kernel done
Calculating composition features
Composition features done
-8.0 2.65237768887126
-7.8 2.7878967972693207
-7.6 2.9368260682236578
-7.4 3.1077291511909864
-7.2 3.302870445454464
-7.0 3.543189973853965
-6.8 3.815503364240547
-6.6 4.134552319306619
-6.4 4.505102916353353
-6.2 4.907518080652022
-6.0 5.346535800846788
-5.8 5.8106045864558835
-5.6 6.292246919887635
-5.4 6.823248659022589
-5.199999999999999 7.407119649237807
-5.0 8.056151184449526
-4.8 8.754154330232966
-4.6 9.507244160343019
-4.4 10.352758898812025
-4.199999999999999 11.313278211271522
-4.0 12.369448864565754
-3.8 13.494999225428277
-3.5999999999999996 14.61795741475061
-3.3999999999999995 15.655622595271828
-3.1999999999999993 16.545336339983585
-3.0 17.279288560523625
-2.8 17.87497366134159
-2.5999999999999996 18.361431294030293
-2.3999999999999995 18.75608251423365
-2.1999999999999993 19.087497678915888
-2.0 19.374933084836226
-1.7999999999999998 19.636493935409625
-1.5999999999999996 19.87178409597502
-1.3999999999999995 20.09485215290973
-1.1999999999999993 20.304719907594485
-1.0 20.48755462673215
-0.7999999999999998 20.627210265922567
-0.5999999999999996 20.732349155488837
-0.39999999999999947 20.805099856726766
-0.1999999999999993 20.85278855455469
0.0 20.88236169365159
0.20000000000000107 20.899356262209416
0.40000000000000036 20.907921373239738
0.5999999999999996 20.91125987786599
0.8000000000000007 20.91168364363139
1.0 20.91069799625356
1.200000000000001 20.909139564113406
1.4000000000000004 20.90735462797866
1.6000000000000014 20.905387941378564
1.8000000000000007 20.903143225543573
2.0 20.90058586829596
2.200000000000001 20.897690770750717
2.4000000000000004 20.894526763079146
2.6000000000000014 20.891343371386167
2.8000000000000007 20.888466980146312
3.0 20.886166387646327
3.200000000000001 20.884389863579358
3.4000000000000004 20.883100749582375
3.6000000000000014 20.882207234692075
3.8000000000000007 20.88160750094223
4.0 20.88122344283517
Result sigma optimization:  -8.0 2.65237768887126
E_max_2 =  300
Cutoff Radius =  6.0
Selected Radial Transform =  18.0
factor =  2.8
displacement =  0.0
dataset =  datasets/qm9.xyz
n_train =  1000
n_test =  2000
Train RMSE: 2.8539221405336077 [Train MAE: 2.0941870751060896]
Test RMSE: 3.552350055733031 [Test MAE: 2.523527442588101]
FINISHED at Tue Jan 10 07:42:03 CET 2023
