STARTING AT Tue Jan 10 04:14:54 CET 2023
Random seed: 1000
5 11
Reading dataset
Shuffling and extracting from dataset (length: 10000)
Shuffling and extraction done
Calculating power spectrum
Expansion coefficients done
Computing training kernel
     Calculating kernels for center species 1
     Calculating kernels for center species 1
Beginning first index add...
Beginning second index add...
     Calculating kernels for center species 6
     Calculating kernels for center species 6
Beginning first index add...
Beginning second index add...
Training kernel done
Computing test kernel
     Calculating kernels for center species 1
     Calculating kernels for center species 1
Beginning first index add...
Beginning second index add...
     Calculating kernels for center species 6
     Calculating kernels for center species 6
Beginning first index add...
Beginning second index add...
Test kernel done
Calculating composition features
Composition features done
-8.0 18.249465958556563
-7.8 16.339790419869942
-7.6 15.15472486215027
-7.4 14.671669552062813
-7.2 14.68439255792612
-7.0 14.939079134979938
-6.8 15.24478170045532
-6.6 15.502442498733586
-6.4 15.687577790544879
-6.2 15.820720846104328
-6.0 15.93722209154889
-5.8 16.064248958731447
-5.6 16.213171270518995
-5.4 16.386418341598283
-5.199999999999999 16.590050877757896
-5.0 16.843855390288997
-4.8 17.18394071970073
-4.6 17.65701100735346
-4.4 18.309501189588538
-4.199999999999999 19.174912396505924
-4.0 20.26327442394873
-3.8 21.558101853158906
-3.5999999999999996 23.023415292106428
-3.3999999999999995 24.620936959309862
-3.1999999999999993 26.329198323639464
-3.0 28.14721244823745
-2.8 30.092895181706737
-2.5999999999999996 32.23802730617999
-2.3999999999999995 34.773848132790356
-2.1999999999999993 38.011087272293416
-2.0 42.21724657436206
-1.7999999999999998 47.358204483203515
-1.5999999999999996 53.00138595519233
-1.3999999999999995 58.52100565053076
-1.1999999999999993 63.40765195349358
-1.0 67.4181048318846
-0.7999999999999998 70.53293366066599
-0.5999999999999996 72.8507385474629
-0.39999999999999947 74.51290094183587
-0.1999999999999993 75.66653744646423
0.0 76.44552578705006
0.20000000000000107 76.96032995989785
0.40000000000000036 77.29512309725571
0.5999999999999996 77.51025166688797
0.8000000000000007 77.64713098643301
1.0 77.73336207569399
1.200000000000001 77.78702444544334
1.4000000000000004 77.81988821463824
1.6000000000000014 77.83963413999709
1.8000000000000007 77.85128145210223
2.0 77.85806654517565
2.200000000000001 77.86200841404317
2.4000000000000004 77.86431430646056
2.6000000000000014 77.86568085636166
2.8000000000000007 77.86650279218716
3.0 77.86700385761077
3.200000000000001 77.867312609499
3.4000000000000004 77.86750436173531
3.6000000000000014 77.86762410301299
3.8000000000000007 77.86769915100346
4.0 77.86774630065601
Result sigma optimization:  -7.4 14.671669552062813
E_max_2 =  300
Cutoff Radius =  6.0
Selected Radial Transform =  18.0
factor =  2.3
displacement =  0.0
dataset =  datasets/random-ch4-10k.extxyz
n_train =  1000
n_test =  2000
Train RMSE: 9.534807944471913 [Train MAE: 7.527493883871011]
Test RMSE: 17.835858470035934 [Test MAE: 9.886400675405643]
FINISHED at Tue Jan 10 04:17:33 CET 2023
