STARTING AT Tue Jan 10 04:15:24 CET 2023
Random seed: 1000
8 20
Reading dataset
Shuffling and extracting from dataset (length: 10000)
Shuffling and extraction done
Calculating power spectrum
Expansion coefficients done
Computing training kernel
     Calculating kernels for center species 1
     Calculating kernels for center species 1
Beginning first index add...
Beginning second index add...
     Calculating kernels for center species 6
     Calculating kernels for center species 6
Beginning first index add...
Beginning second index add...
Training kernel done
Computing test kernel
     Calculating kernels for center species 1
     Calculating kernels for center species 1
Beginning first index add...
Beginning second index add...
     Calculating kernels for center species 6
     Calculating kernels for center species 6
Beginning first index add...
Beginning second index add...
Test kernel done
Calculating composition features
Composition features done
-8.0 66.9913879914045
-7.8 58.5610176740778
-7.6 50.56527216685837
-7.4 43.09647541896012
-7.2 36.38898901325563
-7.0 30.77317909085358
-6.8 26.505751545181592
-6.6 23.599779214440304
-6.4 21.81070900199648
-6.2 20.76573622458342
-6.0 20.10995168091141
-5.8 19.59791119870352
-5.6 19.117460254100237
-5.4 18.653173568414697
-5.199999999999999 18.224786758580365
-5.0 17.84438667055934
-4.8 17.510396260467502
-4.6 17.223811768922104
-4.4 16.997994880510753
-4.199999999999999 16.849339946169053
-4.0 16.785726254847024
-3.8 16.809926337286367
-3.5999999999999996 16.929093878123638
-3.3999999999999995 17.15718949848156
-3.1999999999999993 17.51279575452406
-3.0 18.01766243445008
-2.8 18.694084959132766
-2.5999999999999996 19.556716785556528
-2.3999999999999995 20.599546081222034
-2.1999999999999993 21.78732387062493
-2.0 23.062094482877978
-1.7999999999999998 24.365853332288395
-1.5999999999999996 25.668852795674486
-1.3999999999999995 26.98896949326598
-1.1999999999999993 28.401002515247466
-1.0 30.050279977064697
-0.7999999999999998 32.16306586990439
-0.5999999999999996 35.007854603458796
-0.39999999999999947 38.777606413743136
-0.1999999999999993 43.44282296476082
0.0 48.69175523820118
0.20000000000000107 54.03599272788865
0.40000000000000036 59.017727367573556
0.5999999999999996 63.36110113808391
0.8000000000000007 66.98332227791529
1.0 69.91423434954669
1.200000000000001 72.21861559182796
1.4000000000000004 73.96814756956589
1.6000000000000014 75.244825826548
1.8000000000000007 76.14153147070193
2.0 76.75145285026952
2.200000000000001 77.15624723272265
2.4000000000000004 77.42015443195716
2.6000000000000014 77.58998724691557
2.8000000000000007 77.69813757562842
3.0 77.76627097868925
3.200000000000001 77.80858455185424
3.4000000000000004 77.83430737472966
3.6000000000000014 77.84947006549646
3.8000000000000007 77.85806356388181
4.0 77.86273284127945
Result sigma optimization:  -4.0 16.785726254847024
E_max_2 =  700
Cutoff Radius =  6.0
Selected Radial Transform =  18.0
factor =  2.4
displacement =  0.0
dataset =  datasets/random-ch4-10k.extxyz
n_train =  1000
n_test =  2000
Train RMSE: 11.825191745133404 [Train MAE: 9.391861223173255]
Test RMSE: 14.416061129154684 [Test MAE: 10.87564532567118]
FINISHED at Tue Jan 10 04:20:48 CET 2023
