STARTING AT Tue Jan 10 07:41:32 CET 2023
Random seed: 1000
7 16
Reading dataset
Shuffling and extracting from dataset (length: 133885)
Shuffling and extraction done
Calculating power spectrum
Expansion coefficients done
Computing training kernel
     Calculating kernels for center species 1
     Calculating kernels for center species 1
Beginning first index add...
Beginning second index add...
     Calculating kernels for center species 6
     Calculating kernels for center species 6
Beginning first index add...
Beginning second index add...
     Calculating kernels for center species 7
     Calculating kernels for center species 7
Beginning first index add...
Beginning second index add...
     Calculating kernels for center species 8
     Calculating kernels for center species 8
Beginning first index add...
Beginning second index add...
     Calculating kernels for center species 9
     Calculating kernels for center species 9
Beginning first index add...
Beginning second index add...
Training kernel done
Computing test kernel
     Calculating kernels for center species 1
     Calculating kernels for center species 1
Beginning first index add...
Beginning second index add...
     Calculating kernels for center species 6
     Calculating kernels for center species 6
Beginning first index add...
Beginning second index add...
     Calculating kernels for center species 7
     Calculating kernels for center species 7
Beginning first index add...
Beginning second index add...
     Calculating kernels for center species 8
     Calculating kernels for center species 8
Beginning first index add...
Beginning second index add...
     Calculating kernels for center species 9
     Calculating kernels for center species 9
Beginning first index add...
Beginning second index add...
Test kernel done
Calculating composition features
Composition features done
-8.0 2.7924338458641143
-7.8 2.9217888637116705
-7.6 3.108884486238385
-7.4 3.353052011630469
-7.2 3.664775037861051
-7.0 4.017321673853527
-6.8 4.411382145762589
-6.6 4.823489774048357
-6.4 5.23654235401217
-6.2 5.630069144060689
-6.0 6.008931258142548
-5.8 6.378288570507051
-5.6 6.756894198877882
-5.4 7.185510685327783
-5.199999999999999 7.673485431533278
-5.0 8.21917135000488
-4.8 8.770602446657634
-4.6 9.315846067848238
-4.4 9.86418345645399
-4.199999999999999 10.490526301757113
-4.0 11.25786169807709
-3.8 12.194992391622014
-3.5999999999999996 13.257193034254014
-3.3999999999999995 14.294114626382653
-3.1999999999999993 15.227570960924284
-3.0 16.030001600032307
-2.8 16.699626060051347
-2.5999999999999996 17.26302703800341
-2.3999999999999995 17.756048768337138
-2.1999999999999993 18.193084385609897
-2.0 18.582679192161258
-1.7999999999999998 18.9234410290328
-1.5999999999999996 19.222511779913265
-1.3999999999999995 19.47916458603734
-1.1999999999999993 19.70025573431568
-1.0 19.906836795855103
-0.7999999999999998 20.10748324453263
-0.5999999999999996 20.29894754288482
-0.39999999999999947 20.478972166872946
-0.1999999999999993 20.62370619767184
0.0 20.73329847697686
0.20000000000000107 20.81157176605707
0.40000000000000036 20.863118373765996
0.5999999999999996 20.895837718672855
0.8000000000000007 20.91561477934828
1.0 20.92654588213004
1.200000000000001 20.9314807254564
1.4000000000000004 20.93230674199504
1.6000000000000014 20.930400290631365
1.8000000000000007 20.92684267337819
2.0 20.92257438519036
2.200000000000001 20.918333833014117
2.4000000000000004 20.91454026620662
2.6000000000000014 20.91127979824566
2.8000000000000007 20.908424306606335
3.0 20.90573246923306
3.200000000000001 20.90295161799176
3.4000000000000004 20.900031576750266
3.6000000000000014 20.896852521504133
3.8000000000000007 20.893542202348435
4.0 20.890357073860372
Result sigma optimization:  -8.0 2.7924338458641143
E_max_2 =  500
Cutoff Radius =  6.0
Selected Radial Transform =  18.0
factor =  3.5
displacement =  0.0
dataset =  datasets/qm9.xyz
n_train =  1000
n_test =  2000
Train RMSE: 3.147109442148245 [Train MAE: 2.240692588738057]
Test RMSE: 4.018109490989584 [Test MAE: 2.7594126421124554]
FINISHED at Tue Jan 10 07:45:19 CET 2023
