STARTING AT Tue Jan 10 04:12:23 CET 2023
Random seed: 1000
7 18
Reading dataset
Shuffling and extracting from dataset (length: 10000)
Shuffling and extraction done
Calculating power spectrum
Expansion coefficients done
Computing training kernel
     Calculating kernels for center species 1
     Calculating kernels for center species 1
Beginning first index add...
Beginning second index add...
     Calculating kernels for center species 6
     Calculating kernels for center species 6
Beginning first index add...
Beginning second index add...
Training kernel done
Computing test kernel
     Calculating kernels for center species 1
     Calculating kernels for center species 1
Beginning first index add...
Beginning second index add...
     Calculating kernels for center species 6
     Calculating kernels for center species 6
Beginning first index add...
Beginning second index add...
Test kernel done
Calculating composition features
Composition features done
-8.0 13.297854251906166
-7.8 13.297603749245118
-7.6 13.297207234498114
-7.4 13.296580065259022
-7.2 13.295589229757134
-7.0 13.29402673730346
-6.8 13.291569885484053
-6.6 13.287724129816436
-6.4 13.281746106802165
-6.2 13.272551799434426
-6.0 13.258633422673004
-5.8 13.23804289898736
-5.6 13.208541173347166
-5.4 13.168019151251878
-5.199999999999999 13.115200733664327
-5.0 13.050441073459787
-4.8 12.976290092569833
-4.6 12.89755026522958
-4.4 12.820737286910889
-4.199999999999999 12.753094514835295
-4.0 12.701638847650248
-3.8 12.672610251705324
-3.5999999999999996 12.670845074967966
-3.3999999999999995 12.698330407494511
-3.1999999999999993 12.752455508983502
-3.0 12.825419510938373
-2.8 12.90557259757394
-2.5999999999999996 12.980866949824868
-2.3999999999999995 13.044426786235032
-2.1999999999999993 13.100385645069007
-2.0 13.165859153487947
-1.7999999999999998 13.266883210873242
-1.5999999999999996 13.432538739175103
-1.3999999999999995 13.694385525050071
-1.1999999999999993 14.091806675986428
-1.0 14.675356725601008
-0.7999999999999998 15.500610596413424
-0.5999999999999996 16.615216274539296
-0.39999999999999947 18.052152351081197
-0.1999999999999993 19.836020086362367
0.0 21.986328184933736
0.20000000000000107 24.495434780473747
0.40000000000000036 27.294553266242158
0.5999999999999996 30.262149992295996
0.8000000000000007 33.30328315074715
1.0 36.447380995608746
1.200000000000001 39.87877946628314
1.4000000000000004 43.854092177627074
1.6000000000000014 48.52039940467251
1.8000000000000007 53.735250740375044
2.0 59.05576069987301
2.200000000000001 63.94435365767477
2.4000000000000004 68.01685851498479
2.6000000000000014 71.1447520683832
2.8000000000000007 73.4021886802636
3.0 74.95939682364431
3.200000000000001 75.99989870094367
3.4000000000000004 76.67981984747287
3.6000000000000014 77.11716361836754
3.8000000000000007 77.39534228820956
4.0 77.57095486115985
Result sigma optimization:  -3.5999999999999996 12.670845074967966
E_max_2 =  600
Cutoff Radius =  6.0
Selected Radial Transform =  18.0
factor =  0.5
displacement =  0.0
dataset =  datasets/random-ch4-10k.extxyz
n_train =  1000
n_test =  2000
Train RMSE: 1.8247428191022064 [Train MAE: 1.3977272147337698]
Test RMSE: 14.79103599992337 [Test MAE: 7.0044979061371535]
FINISHED at Tue Jan 10 04:12:56 CET 2023
