STARTING AT Tue Jan 10 04:15:55 CET 2023
Random seed: 1000
7 18
Reading dataset
Shuffling and extracting from dataset (length: 10000)
Shuffling and extraction done
Calculating power spectrum
Expansion coefficients done
Computing training kernel
     Calculating kernels for center species 1
     Calculating kernels for center species 1
Beginning first index add...
Beginning second index add...
     Calculating kernels for center species 6
     Calculating kernels for center species 6
Beginning first index add...
Beginning second index add...
Training kernel done
Computing test kernel
     Calculating kernels for center species 1
     Calculating kernels for center species 1
Beginning first index add...
Beginning second index add...
     Calculating kernels for center species 6
     Calculating kernels for center species 6
Beginning first index add...
Beginning second index add...
Test kernel done
Calculating composition features
Composition features done
-8.0 45.044012548910935
-7.8 39.57269447659851
-7.6 35.170717368060544
-7.4 31.837257338685856
-7.2 29.401640467073992
-7.0 27.588233677588594
-6.8 26.124826500318854
-6.6 24.819890813370087
-6.4 23.587099960012456
-6.2 22.434915034410814
-6.0 21.435138378342476
-5.8 20.673532369213344
-5.6 20.194316803554177
-5.4 19.97621478267334
-5.199999999999999 19.955538744718833
-5.0 20.060228932767544
-4.8 20.231429753192202
-4.6 20.438839883037755
-4.4 20.686633962517856
-4.199999999999999 21.00402681019868
-4.0 21.429569166836764
-3.8 21.999484242569398
-3.5999999999999996 22.73946999419944
-3.3999999999999995 23.655764824048646
-3.1999999999999993 24.726379847929703
-3.0 25.897769455970785
-2.8 27.095135254577748
-2.5999999999999996 28.25308979615045
-2.3999999999999995 29.356664205202403
-2.1999999999999993 30.464837082739315
-2.0 31.694053556634245
-1.7999999999999998 33.1646144090451
-1.5999999999999996 34.950089412512106
-1.3999999999999995 37.091518687912625
-1.1999999999999993 39.67959919007334
-1.0 42.89715282737881
-0.7999999999999998 46.90493732824508
-0.5999999999999996 51.62346597534064
-0.39999999999999947 56.649139990433945
-0.1999999999999993 61.43855123418684
0.0 65.58230201723099
0.20000000000000107 68.92539928829403
0.40000000000000036 71.50658843918745
0.5999999999999996 73.44298867525775
0.8000000000000007 74.85854427088962
1.0 75.86450710889814
1.200000000000001 76.55911356154702
1.4000000000000004 77.02660876577359
1.6000000000000014 77.33489002314172
1.8000000000000007 77.53510049212144
2.0 77.66365377465975
2.200000000000001 77.74541856218234
2.4000000000000004 77.79689097720018
2.6000000000000014 77.82880425649543
2.8000000000000007 77.84807629752363
3.0 77.85918768084157
3.200000000000001 77.86511050343637
3.4000000000000004 77.86787862493142
3.6000000000000014 77.8688868544721
3.8000000000000007 77.86903862932664
4.0 77.86885605083967
Result sigma optimization:  -5.199999999999999 19.955538744718833
E_max_2 =  600
Cutoff Radius =  6.0
Selected Radial Transform =  18.0
factor =  3.0
displacement =  0.0
dataset =  datasets/random-ch4-10k.extxyz
n_train =  1000
n_test =  2000
Train RMSE: 15.640716782732623 [Train MAE: 12.506259709201204]
Test RMSE: 23.51008167701359 [Test MAE: 15.051740437348545]
FINISHED at Tue Jan 10 04:16:44 CET 2023
