STARTING AT Tue Jan 10 07:41:32 CET 2023
Random seed: 1000
6 14
Reading dataset
Shuffling and extracting from dataset (length: 133885)
Shuffling and extraction done
Calculating power spectrum
Expansion coefficients done
Computing training kernel
     Calculating kernels for center species 1
     Calculating kernels for center species 1
Beginning first index add...
Beginning second index add...
     Calculating kernels for center species 6
     Calculating kernels for center species 6
Beginning first index add...
Beginning second index add...
     Calculating kernels for center species 7
     Calculating kernels for center species 7
Beginning first index add...
Beginning second index add...
     Calculating kernels for center species 8
     Calculating kernels for center species 8
Beginning first index add...
Beginning second index add...
     Calculating kernels for center species 9
     Calculating kernels for center species 9
Beginning first index add...
Beginning second index add...
Training kernel done
Computing test kernel
     Calculating kernels for center species 1
     Calculating kernels for center species 1
Beginning first index add...
Beginning second index add...
     Calculating kernels for center species 6
     Calculating kernels for center species 6
Beginning first index add...
Beginning second index add...
     Calculating kernels for center species 7
     Calculating kernels for center species 7
Beginning first index add...
Beginning second index add...
     Calculating kernels for center species 8
     Calculating kernels for center species 8
Beginning first index add...
Beginning second index add...
     Calculating kernels for center species 9
     Calculating kernels for center species 9
Beginning first index add...
Beginning second index add...
Test kernel done
Calculating composition features
Composition features done
-8.0 3.5287046108219946
-7.8 3.849696315389447
-7.6 4.202135034735169
-7.4 4.580061885029165
-7.2 4.976368583212635
-7.0 5.366777010848775
-6.8 5.745959955939586
-6.6 6.1211654069098005
-6.4 6.4892747430421585
-6.2 6.88017448921423
-6.0 7.326839607827278
-5.8 7.819166435591498
-5.6 8.355839128782362
-5.4 8.89883036303721
-5.199999999999999 9.437748624822794
-5.0 9.995182558287896
-4.8 10.642156923892063
-4.6 11.432403185685544
-4.4 12.3826824673925
-4.199999999999999 13.42375827659035
-4.0 14.417383085355613
-3.8 15.30426849084787
-3.5999999999999996 16.06084580031859
-3.3999999999999995 16.693670928791907
-3.1999999999999993 17.23478370760788
-3.0 17.713480020053712
-2.8 18.141754270432145
-2.5999999999999996 18.532084091721863
-2.3999999999999995 18.885869283214003
-2.1999999999999993 19.194569979071357
-2.0 19.462904757801248
-1.7999999999999998 19.696986321456446
-1.5999999999999996 19.912964456782767
-1.3999999999999995 20.12225081387156
-1.1999999999999993 20.31941234933387
-1.0 20.50002126049061
-0.7999999999999998 20.640981703710505
-0.5999999999999996 20.74651591817353
-0.39999999999999947 20.821173362264066
-0.1999999999999993 20.869502693097193
0.0 20.90012215832849
0.20000000000000107 20.91834650827399
0.40000000000000036 20.928170125355063
0.5999999999999996 20.93225826177006
0.8000000000000007 20.93243118087865
1.0 20.9300295993384
1.200000000000001 20.92617234366697
1.4000000000000004 20.92179714887514
1.6000000000000014 20.917576895246512
1.8000000000000007 20.913852291834825
2.0 20.91065950222525
2.200000000000001 20.90783105713678
2.4000000000000004 20.905111192184513
2.6000000000000014 20.902278184894588
2.8000000000000007 20.899282291693627
3.0 20.896040610145086
3.200000000000001 20.892728223635363
3.4000000000000004 20.88961338839804
3.6000000000000014 20.88706023231199
3.8000000000000007 20.885055503277908
4.0 20.883571594629757
Result sigma optimization:  -8.0 3.5287046108219946
E_max_2 =  400
Cutoff Radius =  6.0
Selected Radial Transform =  18.0
factor =  3.5
displacement =  0.0
dataset =  datasets/qm9.xyz
n_train =  1000
n_test =  2000
Train RMSE: 4.200069955755337 [Train MAE: 2.987509441647303]
Test RMSE: 4.996931349068039 [Test MAE: 3.507647339184393]
FINISHED at Tue Jan 10 07:44:53 CET 2023
