STARTING AT Tue Jan 10 05:39:04 CET 2023
Random seed: 1000
8 20
Reading dataset
Shuffling and extracting from dataset (length: 105092)
Shuffling and extraction done
Calculating power spectrum
Expansion coefficients done
Computing training kernel
     Calculating kernels for center species 79
     Calculating kernels for center species 79
Beginning first index add...
Beginning second index add...
Training kernel done
Computing test kernel
     Calculating kernels for center species 79
     Calculating kernels for center species 79
Beginning first index add...
Beginning second index add...
Test kernel done
Calculating composition features
Composition features done
-8.0 150.7565857057338
-7.8 153.53059623502665
-7.6 155.83003663163657
-7.4 157.68772339169755
-7.2 159.1370045481695
-7.0 160.2202108368621
-6.8 160.9981856266391
-6.6 161.54866583023852
-6.4 161.96303956825582
-6.2 162.3580329497499
-6.0 162.9134140759453
-5.8 163.9452014767239
-5.6 166.01817644282193
-5.4 170.0746476199898
-5.199999999999999 177.47744384579403
-5.0 189.75028676279265
-4.8 207.8647011015335
-4.6 231.41942087716885
-4.4 258.45375170609856
-4.199999999999999 286.1134844145689
-4.0 311.65243499529646
-3.8 333.21714332720603
-3.5999999999999996 350.13108642093056
-3.3999999999999995 362.6755230095575
-3.1999999999999993 371.6289032553151
-3.0 377.86358846624984
-2.8 382.1322626070997
-2.5999999999999996 385.0155328119373
-2.3999999999999995 386.945808413659
-2.1999999999999993 388.24885724913054
-2.0 389.18895939346686
-1.7999999999999998 390.0302416368356
-1.5999999999999996 391.1430629869573
-1.3999999999999995 393.2046297314973
-1.1999999999999993 397.5549949840674
-1.0 406.6940724924057
-0.7999999999999998 424.56789040065706
-0.5999999999999996 455.7032179486355
-0.39999999999999947 502.465400929801
-0.1999999999999993 562.0848224095615
0.0 626.8746338632066
0.20000000000000107 688.0164024861338
0.40000000000000036 739.4189995336353
0.5999999999999996 778.9569833692722
0.8000000000000007 807.4570602599912
1.0 827.0883652947447
1.200000000000001 840.2010972249795
1.4000000000000004 848.7833491759733
1.6000000000000014 854.3265156656868
1.8000000000000007 857.8763453602129
2.0 860.1372110039331
2.200000000000001 861.5720167316418
2.4000000000000004 862.4803510502645
2.6000000000000014 863.0542255693977
2.8000000000000007 863.4159030412761
3.0 863.6428411290409
3.200000000000001 863.7838568486484
3.4000000000000004 863.869498669098
3.6000000000000014 863.9186928209805
3.8000000000000007 863.9430697099989
4.0 863.9499115454314
Result sigma optimization:  -8.0 150.7565857057338
E_max_2 =  700
Cutoff Radius =  6.0
Selected Radial Transform =  18.0
factor =  2.0
displacement =  0.0
dataset =  datasets/gold.xyz
n_train =  1000
n_test =  2000
Train RMSE: 147.40027550049518 [Train MAE: 121.62417200102969]
Test RMSE: 155.47415708984337 [Test MAE: 127.36048388795874]
FINISHED at Tue Jan 10 05:42:41 CET 2023
