STARTING AT Tue Jan 10 05:35:32 CET 2023
Random seed: 1000
8 20
Reading dataset
Shuffling and extracting from dataset (length: 105092)
Shuffling and extraction done
Calculating power spectrum
Expansion coefficients done
Computing training kernel
     Calculating kernels for center species 79
     Calculating kernels for center species 79
Beginning first index add...
Beginning second index add...
Training kernel done
Computing test kernel
     Calculating kernels for center species 79
     Calculating kernels for center species 79
Beginning first index add...
Beginning second index add...
Test kernel done
Calculating composition features
Composition features done
-8.0 135.4357403881173
-7.8 134.73299323721784
-7.6 133.8991823804923
-7.4 132.87923826012226
-7.2 131.6200524549379
-7.0 130.07941306107705
-6.8 128.23799979758985
-6.6 126.10522028094374
-6.4 123.71240838983354
-6.2 121.0986539966436
-6.0 118.30312286282948
-5.8 115.36913313964422
-5.6 112.35019282786817
-5.4 109.30612013595915
-5.199999999999999 106.28728320867666
-5.0 103.31946577493626
-4.8 100.41139586240678
-4.6 97.58463968581859
-4.4 94.88731432375586
-4.199999999999999 92.37111316974705
-4.0 90.06788662199907
-3.8 88.00112890099973
-3.5999999999999996 86.21280961417405
-3.3999999999999995 84.76724194056163
-3.1999999999999993 83.73093373083798
-3.0 83.15644985858583
-2.8 83.08696494228795
-2.5999999999999996 83.57156103842681
-2.3999999999999995 84.67004258989049
-2.1999999999999993 86.44511354021768
-2.0 88.95829913236025
-1.7999999999999998 92.26939782503183
-1.5999999999999996 96.42571044937071
-1.3999999999999995 101.44295016015809
-1.1999999999999993 107.29410051196766
-1.0 113.92654898126767
-0.7999999999999998 121.30055141811465
-0.5999999999999996 129.39607623783058
-0.39999999999999947 138.16943903806094
-0.1999999999999993 147.52647015678045
0.0 157.36773384208715
0.20000000000000107 167.68253406236352
0.40000000000000036 178.64532571343793
0.5999999999999996 190.66070521096896
0.8000000000000007 204.28243488920188
1.0 220.01315921093766
1.200000000000001 238.14609237439697
1.4000000000000004 258.78243733206364
1.6000000000000014 281.8914759494031
1.8000000000000007 307.2032763526969
2.0 334.10250295296294
2.200000000000001 361.8667865542987
2.4000000000000004 390.0457414687204
2.6000000000000014 418.52205829018277
2.8000000000000007 447.48559438828016
3.0 477.84479734337157
3.200000000000001 511.6566626015707
3.4000000000000004 551.3613959750895
3.6000000000000014 597.59352936994
3.8000000000000007 647.5327290822497
4.0 695.9489367588586
Result sigma optimization:  -2.8 83.08696494228795
E_max_2 =  700
Cutoff Radius =  6.0
Selected Radial Transform =  18.0
factor =  0.5
displacement =  0.0
dataset =  datasets/gold.xyz
n_train =  1000
n_test =  2000
Train RMSE: 52.98338124133617 [Train MAE: 37.98201796822637]
Test RMSE: 81.0737907510247 [Test MAE: 54.08333827888308]
FINISHED at Tue Jan 10 05:36:43 CET 2023
