STARTING AT Tue Jan 10 05:45:37 CET 2023
Random seed: 1000
5 11
Reading dataset
Shuffling and extracting from dataset (length: 105092)
Shuffling and extraction done
Calculating power spectrum
Expansion coefficients done
Computing training kernel
     Calculating kernels for center species 79
     Calculating kernels for center species 79
Beginning first index add...
Beginning second index add...
Training kernel done
Computing test kernel
     Calculating kernels for center species 79
     Calculating kernels for center species 79
Beginning first index add...
Beginning second index add...
Test kernel done
Calculating composition features
Composition features done
-8.0 135.9793701322765
-7.8 141.67759599709163
-7.6 148.91287810044963
-7.4 157.26099286825146
-7.2 165.86390273873383
-7.0 173.78913291864438
-6.8 180.4238865726862
-6.6 185.59094902805109
-6.4 189.4331511484553
-6.2 192.2658312154066
-6.0 194.5056601108769
-5.8 196.6852506571529
-5.6 199.51864006432544
-5.4 203.93973722941652
-5.199999999999999 210.9968043318106
-5.0 221.53626410801164
-4.8 235.77851912355874
-4.6 253.0599943953574
-4.4 272.0268325839942
-4.199999999999999 291.2387207202696
-4.0 309.6889944213059
-3.8 326.84483273481936
-3.5999999999999996 342.36831037961394
-3.3999999999999995 355.9138077837943
-3.1999999999999993 367.17151347740406
-3.0 376.04262717457414
-2.8 382.7477475340023
-2.5999999999999996 387.8125916158235
-2.3999999999999995 392.04827004922294
-2.1999999999999993 396.67948674077013
-2.0 403.70043466371186
-1.7999999999999998 416.3418347912429
-1.5999999999999996 439.0639724916198
-1.3999999999999995 476.0221377873736
-1.1999999999999993 527.9298388996415
-1.0 589.9812326804346
-0.7999999999999998 653.642440692048
-0.5999999999999996 710.9077043741312
-0.39999999999999947 757.2788265334935
-0.1999999999999993 791.9688206246082
0.0 816.4869808540651
0.20000000000000107 833.1497622658667
0.40000000000000036 844.1801190570326
0.5999999999999996 851.3566342769094
0.8000000000000007 855.9731847988365
1.0 858.9205934516377
1.200000000000001 860.7920508556062
1.4000000000000004 861.9744242779201
1.6000000000000014 862.7167305950625
1.8000000000000007 863.1780545582183
2.0 863.4599094491264
2.200000000000001 863.6275916255979
2.4000000000000004 863.7237898837242
2.6000000000000014 863.7767174061174
2.8000000000000007 863.8047209671959
3.0 863.8191385086939
3.200000000000001 863.8264925956767
3.4000000000000004 863.8302807119169
3.6000000000000014 863.8322815011398
3.8000000000000007 863.8333741869643
4.0 863.833991959705
Result sigma optimization:  -8.0 135.9793701322765
E_max_2 =  300
Cutoff Radius =  6.0
Selected Radial Transform =  19.0
factor =  1.5
displacement =  0.0
dataset =  datasets/gold.xyz
n_train =  1000
n_test =  2000
Train RMSE: 132.44454491497643 [Train MAE: 107.94736590825902]
Test RMSE: 138.7253774690409 [Test MAE: 110.7516122457501]
FINISHED at Tue Jan 10 05:50:04 CET 2023
