STARTING AT Tue Jan 10 04:19:26 CET 2023
Random seed: 1000
5 11
Reading dataset
Shuffling and extracting from dataset (length: 10000)
Shuffling and extraction done
Calculating power spectrum
Expansion coefficients done
Computing training kernel
     Calculating kernels for center species 1
     Calculating kernels for center species 1
Beginning first index add...
Beginning second index add...
     Calculating kernels for center species 6
     Calculating kernels for center species 6
Beginning first index add...
Beginning second index add...
Training kernel done
Computing test kernel
     Calculating kernels for center species 1
     Calculating kernels for center species 1
Beginning first index add...
Beginning second index add...
     Calculating kernels for center species 6
     Calculating kernels for center species 6
Beginning first index add...
Beginning second index add...
Test kernel done
Calculating composition features
Composition features done
-8.0 15.132561180557373
-7.8 13.95511168351972
-7.6 13.232301100503776
-7.4 13.008510502159215
-7.2 13.154961559942205
-7.0 13.459419668622159
-6.8 13.750238681910183
-6.6 13.951694318897568
-6.4 14.070845089861626
-6.2 14.156901448028869
-6.0 14.261658685684438
-5.8 14.414975691018808
-5.6 14.618963179804389
-5.4 14.85697593236713
-5.199999999999999 15.110085712003153
-5.0 15.373483609774286
-4.8 15.667342717151644
-4.6 16.039715513018166
-4.4 16.559926029087926
-4.199999999999999 17.30107450133741
-4.0 18.316984995245722
-3.8 19.62666460680561
-3.5999999999999996 21.211357789258606
-3.3999999999999995 23.017900394626412
-3.1999999999999993 24.970400526532522
-3.0 27.00216662409647
-2.8 29.11549895144687
-2.5999999999999996 31.4552824194292
-2.3999999999999995 34.33589800029235
-2.1999999999999993 38.12940268760268
-2.0 43.00086092084016
-1.7999999999999998 48.687329509472754
-1.5999999999999996 54.57452040845941
-1.3999999999999995 60.02194644009045
-1.1999999999999993 64.63557222574241
-1.0 68.3127848393949
-0.7999999999999998 71.13084760698771
-0.5999999999999996 73.22733072507299
-0.39999999999999947 74.74222347857159
-0.1999999999999993 75.80441838576961
0.0 76.52852986043193
0.20000000000000107 77.01070016996462
0.40000000000000036 77.32598610390056
0.5999999999999996 77.52932578971073
0.8000000000000007 77.65899862422837
1.0 77.74078190807701
1.200000000000001 77.79167923442081
1.4000000000000004 77.8228152253649
1.6000000000000014 77.8414776222373
1.8000000000000007 77.85244369487162
2.0 77.85879972190803
2.200000000000001 77.8624710512961
2.4000000000000004 77.86460625887706
2.6000000000000014 77.86586509632566
2.8000000000000007 77.86661905526405
3.0 77.86707722179133
3.200000000000001 77.86735890226966
3.4000000000000004 77.86753357180261
3.6000000000000014 77.86764253385627
3.8000000000000007 77.86771078029766
4.0 77.86775363833264
Result sigma optimization:  -7.4 13.008510502159215
E_max_2 =  300
Cutoff Radius =  6.0
Selected Radial Transform =  19.0
factor =  2.2
displacement =  0.0
dataset =  datasets/random-ch4-10k.extxyz
n_train =  1000
n_test =  2000
Train RMSE: 8.956911654733167 [Train MAE: 7.0557854502247155]
Test RMSE: 15.200445914326247 [Test MAE: 9.10615788225492]
FINISHED at Tue Jan 10 04:19:59 CET 2023
