STARTING AT Tue Jan 10 07:49:05 CET 2023
Random seed: 1000
6 14
Reading dataset
Shuffling and extracting from dataset (length: 133885)
Shuffling and extraction done
Calculating power spectrum
Expansion coefficients done
Computing training kernel
     Calculating kernels for center species 1
     Calculating kernels for center species 1
Beginning first index add...
Beginning second index add...
     Calculating kernels for center species 6
     Calculating kernels for center species 6
Beginning first index add...
Beginning second index add...
     Calculating kernels for center species 7
     Calculating kernels for center species 7
Beginning first index add...
Beginning second index add...
     Calculating kernels for center species 8
     Calculating kernels for center species 8
Beginning first index add...
Beginning second index add...
     Calculating kernels for center species 9
     Calculating kernels for center species 9
Beginning first index add...
Beginning second index add...
Training kernel done
Computing test kernel
     Calculating kernels for center species 1
     Calculating kernels for center species 1
Beginning first index add...
Beginning second index add...
     Calculating kernels for center species 6
     Calculating kernels for center species 6
Beginning first index add...
Beginning second index add...
     Calculating kernels for center species 7
     Calculating kernels for center species 7
Beginning first index add...
Beginning second index add...
     Calculating kernels for center species 8
     Calculating kernels for center species 8
Beginning first index add...
Beginning second index add...
     Calculating kernels for center species 9
     Calculating kernels for center species 9
Beginning first index add...
Beginning second index add...
Test kernel done
Calculating composition features
Composition features done
-8.0 2.078470187785424
-7.8 2.0911251826282533
-7.6 2.1080641154403272
-7.4 2.1303700377216157
-7.2 2.156037761553045
-7.0 2.187654876896093
-6.8 2.2190940849449543
-6.6 2.2557470067484826
-6.4 2.3047476064158547
-6.2 2.364841476446454
-6.0 2.4348163938563374
-5.8 2.524964316367899
-5.6 2.6511192181242804
-5.4 2.8213783372534964
-5.199999999999999 3.0524452568171254
-5.0 3.3563363794449543
-4.8 3.7349783025266663
-4.6 4.163273297676525
-4.4 4.660732824794686
-4.199999999999999 5.19679267405119
-4.0 5.726029461280094
-3.8 6.250507130403028
-3.5999999999999996 6.781850455936321
-3.3999999999999995 7.346029707689231
-3.1999999999999993 7.975244603983236
-3.0 8.732131525368
-2.8 9.608730231134999
-2.5999999999999996 10.57686489511951
-2.3999999999999995 11.616961957231458
-2.1999999999999993 12.726765215083772
-2.0 13.854618276785635
-1.7999999999999998 14.952623125852663
-1.5999999999999996 15.9799370603217
-1.3999999999999995 16.865235340105233
-1.1999999999999993 17.591873614606083
-1.0 18.171847042998888
-0.7999999999999998 18.661489295118496
-0.5999999999999996 19.089148552264867
-0.39999999999999947 19.480947165328363
-0.1999999999999993 19.83604833116221
0.0 20.14057968621881
0.20000000000000107 20.379778788301103
0.40000000000000036 20.557989253387543
0.5999999999999996 20.684788019177144
0.8000000000000007 20.769941438183565
1.0 20.824242846671517
1.200000000000001 20.857764058584248
1.4000000000000004 20.87795076857275
1.6000000000000014 20.889631549364243
1.8000000000000007 20.896110063843793
2.0 20.899437848249374
2.200000000000001 20.900770671438405
2.4000000000000004 20.90071081102308
2.6000000000000014 20.899571717377185
2.8000000000000007 20.89767198204156
3.0 20.89512771516951
3.200000000000001 20.89224501251571
3.4000000000000004 20.889379319340886
3.6000000000000014 20.88694713025084
3.8000000000000007 20.88500902767274
4.0 20.883555027775586
Result sigma optimization:  -8.0 2.078470187785424
E_max_2 =  400
Cutoff Radius =  6.0
Selected Radial Transform =  19.0
factor =  2.3
displacement =  0.0
dataset =  datasets/qm9.xyz
n_train =  1000
n_test =  2000
Train RMSE: 1.1025491729758126 [Train MAE: 0.834626116242755]
Test RMSE: 3.1768391231579614 [Test MAE: 1.9295708423054483]
FINISHED at Tue Jan 10 07:52:01 CET 2023
