STARTING AT Tue Jan 10 05:47:38 CET 2023
Random seed: 1000
7 18
Reading dataset
Shuffling and extracting from dataset (length: 105092)
Shuffling and extraction done
Calculating power spectrum
Expansion coefficients done
Computing training kernel
     Calculating kernels for center species 79
     Calculating kernels for center species 79
Beginning first index add...
Beginning second index add...
Training kernel done
Computing test kernel
     Calculating kernels for center species 79
     Calculating kernels for center species 79
Beginning first index add...
Beginning second index add...
Test kernel done
Calculating composition features
Composition features done
-8.0 157.1022962347415
-7.8 157.34585646088735
-7.6 157.58024432375376
-7.4 157.92749282036468
-7.2 158.62121315526684
-7.0 160.11665455606115
-6.8 163.23997984408322
-6.6 169.2882993270262
-6.4 179.87425159055203
-6.2 196.32805307135837
-6.0 218.85040410896474
-5.8 246.0483519473792
-5.6 275.27586384158013
-5.4 303.55201790529196
-5.199999999999999 328.50587408330944
-5.0 348.8905105341514
-4.8 364.5355064206932
-4.6 375.9648420341808
-4.4 383.9956544464029
-4.199999999999999 389.4689605728455
-4.0 393.1133179623159
-3.8 395.49890239585227
-3.5999999999999996 397.04284813458565
-3.3999999999999995 398.03752566717276
-3.1999999999999993 398.68500367428226
-3.0 399.13148560932643
-2.8 399.5045185220096
-2.5999999999999996 399.9654756600645
-2.3999999999999995 400.80428120033264
-2.1999999999999993 402.6245576031503
-2.0 406.6802147174201
-1.7999999999999998 415.3553860878985
-1.5999999999999996 432.4616817526164
-1.3999999999999995 462.4504668016957
-1.1999999999999993 507.78136102954056
-1.0 565.9382241205884
-0.7999999999999998 629.4794406709808
-0.5999999999999996 689.6936710200522
-0.39999999999999947 740.4697740487729
-0.1999999999999993 779.6079062370167
0.0 807.859696030692
0.20000000000000107 827.3381703278317
0.40000000000000036 840.3567421480197
0.5999999999999996 848.8807241131242
0.8000000000000007 854.3876686586138
1.0 857.9149211407731
1.200000000000001 860.1617258601077
1.4000000000000004 861.5878437943279
1.6000000000000014 862.490941876741
1.8000000000000007 863.0618782730013
2.0 863.4222614445529
2.200000000000001 863.6492355279408
2.4000000000000004 863.7915495019438
2.6000000000000014 863.8798581959242
2.8000000000000007 863.9332774695914
3.0 863.9635452708122
3.200000000000001 863.9776923212992
3.4000000000000004 863.979841623295
3.6000000000000014 863.9725577097547
3.8000000000000007 863.9579529647306
4.0 863.9384679665915
Result sigma optimization:  -8.0 157.1022962347415
E_max_2 =  600
Cutoff Radius =  6.0
Selected Radial Transform =  19.0
factor =  2.2
displacement =  0.0
dataset =  datasets/gold.xyz
n_train =  1000
n_test =  2000
Train RMSE: 154.88355131736992 [Train MAE: 129.96972592591874]
Test RMSE: 164.84954449522368 [Test MAE: 136.55500177144452]
FINISHED at Tue Jan 10 05:48:25 CET 2023
