STARTING AT Tue Jan 10 05:46:38 CET 2023
Random seed: 1000
5 11
Reading dataset
Shuffling and extracting from dataset (length: 105092)
Shuffling and extraction done
Calculating power spectrum
Expansion coefficients done
Computing training kernel
     Calculating kernels for center species 79
     Calculating kernels for center species 79
Beginning first index add...
Beginning second index add...
Training kernel done
Computing test kernel
     Calculating kernels for center species 79
     Calculating kernels for center species 79
Beginning first index add...
Beginning second index add...
Test kernel done
Calculating composition features
Composition features done
-8.0 172.44106146505695
-7.8 173.12414346773429
-7.6 173.74475530133216
-7.4 174.54527027942112
-7.2 175.93652501506062
-7.0 178.61435425588166
-6.8 183.62396859075753
-6.6 192.2305252927074
-6.4 205.49848772783665
-6.2 223.70138705105296
-6.0 245.90990682981425
-5.8 270.1136095328239
-5.6 293.91694843261325
-5.4 315.39311661569155
-5.199999999999999 333.55167455479324
-5.0 348.23796292550554
-4.8 359.7401627252136
-4.6 368.47842055009016
-4.4 374.89774558899717
-4.199999999999999 379.45732039192563
-4.0 382.6129144360546
-3.8 384.78959614337464
-3.5999999999999996 386.3827420273827
-3.3999999999999995 387.8177768212202
-3.1999999999999993 389.7004923977176
-3.0 393.1080487486014
-2.8 400.05106761833156
-2.5999999999999996 413.9331205203202
-2.3999999999999995 439.3011634259146
-2.1999999999999993 479.85002603302513
-2.0 535.1380923818139
-1.7999999999999998 599.1708274507604
-1.5999999999999996 663.0140716776948
-1.3999999999999995 719.1135458477712
-1.1999999999999993 763.7329724217633
-1.0 796.6805103235333
-0.7999999999999998 819.7569197903962
-0.5999999999999996 835.3443679288057
-0.39999999999999947 845.621667926105
-0.1999999999999993 852.291331819748
0.0 856.5755729932852
0.20000000000000107 859.3093649812583
0.40000000000000036 861.0462187772713
0.5999999999999996 862.1462663656498
0.8000000000000007 862.8410434862282
1.0 863.2782106842212
1.200000000000001 863.5513483232459
1.4000000000000004 863.719418131497
1.6000000000000014 863.8193819586525
1.8000000000000007 863.8744455780122
2.0 863.8995578347484
2.200000000000001 863.9050699714321
2.4000000000000004 863.8988742122573
2.6000000000000014 863.8871733264485
2.8000000000000007 863.8743981089999
3.0 863.8630910499935
3.200000000000001 863.8542188057627
3.4000000000000004 863.8477718335573
3.6000000000000014 863.8433163161164
3.8000000000000007 863.8403361046277
4.0 863.838384388966
Result sigma optimization:  -8.0 172.44106146505695
E_max_2 =  300
Cutoff Radius =  6.0
Selected Radial Transform =  19.0
factor =  1.8
displacement =  0.0
dataset =  datasets/gold.xyz
n_train =  1000
n_test =  2000
Train RMSE: 170.36508716470416 [Train MAE: 140.03549559951418]
Test RMSE: 177.56333009471703 [Test MAE: 145.29652858064392]
FINISHED at Tue Jan 10 05:50:13 CET 2023
