STARTING AT Tue Jan 10 05:42:36 CET 2023
Random seed: 1000
5 11
Reading dataset
Shuffling and extracting from dataset (length: 105092)
Shuffling and extraction done
Calculating power spectrum
Expansion coefficients done
Computing training kernel
     Calculating kernels for center species 79
     Calculating kernels for center species 79
Beginning first index add...
Beginning second index add...
Training kernel done
Computing test kernel
     Calculating kernels for center species 79
     Calculating kernels for center species 79
Beginning first index add...
Beginning second index add...
Test kernel done
Calculating composition features
Composition features done
-8.0 117.78003560786584
-7.8 114.02747059371357
-7.6 110.01730039207814
-7.4 105.98169208631022
-7.2 102.11615032501881
-7.0 98.50020940582993
-6.8 95.11798386514909
-6.6 91.93952941336238
-6.4 88.98059074965526
-6.2 86.31079071600416
-6.0 84.04331113217869
-5.8 82.3228492906891
-5.6 81.284155292512
-5.4 80.98293175509207
-5.199999999999999 81.35334387190062
-5.0 82.23125629979917
-4.8 83.43126597159228
-4.6 84.82820487162196
-4.4 86.38722804556386
-4.199999999999999 88.13295041329305
-4.0 90.11229545776
-3.8 92.39793056936642
-3.5999999999999996 95.1083556737787
-3.3999999999999995 98.40538628819561
-3.1999999999999993 102.47813241879197
-3.0 107.52719078125351
-2.8 113.72732643241696
-2.5999999999999996 121.168495343186
-2.3999999999999995 129.8240502520869
-2.1999999999999993 139.55331271699148
-2.0 150.09424250202713
-1.7999999999999998 161.0757547448654
-1.5999999999999996 172.1125044030943
-1.3999999999999995 182.93373797437303
-1.1999999999999993 193.47064657319567
-1.0 203.93028890791447
-0.7999999999999998 214.86041755126746
-0.5999999999999996 227.05110371519123
-0.39999999999999947 241.17967078551112
-0.1999999999999993 257.5094645425931
0.0 276.1183372412636
0.20000000000000107 297.5230534382229
0.40000000000000036 322.9199942795799
0.5999999999999996 353.51338523917974
0.8000000000000007 389.2424023155537
1.0 428.01325626716425
1.200000000000001 466.4992784575627
1.4000000000000004 502.1193498257696
1.6000000000000014 534.5743815358688
1.8000000000000007 565.856347721507
2.0 598.7543474854957
2.200000000000001 634.6407933488651
2.4000000000000004 672.117250919164
2.6000000000000014 707.8391351054955
2.8000000000000007 738.7071025115288
3.0 763.3791971802269
3.200000000000001 782.3237733992777
3.4000000000000004 797.0550111447018
3.6000000000000014 809.2659893812395
3.8000000000000007 820.1515544549037
4.0 830.099407466873
Result sigma optimization:  -5.4 80.98293175509207
E_max_2 =  300
Cutoff Radius =  6.0
Selected Radial Transform =  19.0
factor =  0.4
displacement =  0.0
dataset =  datasets/gold.xyz
n_train =  1000
n_test =  2000
Train RMSE: 43.65143809856261 [Train MAE: 30.578738145665483]
Test RMSE: 89.0359890724103 [Test MAE: 53.5029986330634]
FINISHED at Tue Jan 10 05:48:07 CET 2023
