STARTING AT Tue Jan 10 04:17:25 CET 2023
Random seed: 1000
5 11
Reading dataset
Shuffling and extracting from dataset (length: 10000)
Shuffling and extraction done
Calculating power spectrum
Expansion coefficients done
Computing training kernel
     Calculating kernels for center species 1
     Calculating kernels for center species 1
Beginning first index add...
Beginning second index add...
     Calculating kernels for center species 6
     Calculating kernels for center species 6
Beginning first index add...
Beginning second index add...
Training kernel done
Computing test kernel
     Calculating kernels for center species 1
     Calculating kernels for center species 1
Beginning first index add...
Beginning second index add...
     Calculating kernels for center species 6
     Calculating kernels for center species 6
Beginning first index add...
Beginning second index add...
Test kernel done
Calculating composition features
Composition features done
-8.0 17.58206341785312
-7.8 16.885590890437445
-7.6 16.175517782875183
-7.4 15.437509868759884
-7.2 14.676304994310737
-7.0 13.911189846155535
-6.8 13.16550799908433
-6.6 12.457649015908377
-6.4 11.79935700773202
-6.2 11.199941626188522
-6.0 10.670533675691422
-5.8 10.223630416702782
-5.6 9.86905638960275
-5.4 9.611913312552458
-5.199999999999999 9.454467727894396
-5.0 9.397989712592873
-4.8 9.441497845326662
-4.6 9.579166834969499
-4.4 9.79971685779806
-4.199999999999999 10.08874668498366
-4.0 10.432345970379874
-3.8 10.820595030067256
-3.5999999999999996 11.251331821276784
-3.3999999999999995 11.734593630194958
-3.1999999999999993 12.296439303626595
-3.0 12.979228023684604
-2.8 13.836186311972208
-2.5999999999999996 14.921004018663712
-2.3999999999999995 16.274904605840497
-2.1999999999999993 17.913803314848483
-2.0 19.820832901190748
-1.7999999999999998 21.95791128214922
-1.5999999999999996 24.31305477654764
-1.3999999999999995 26.97473810024743
-1.1999999999999993 30.17655802466736
-1.0 34.23335569049133
-0.7999999999999998 39.34404971675288
-0.5999999999999996 45.37328374930161
-0.39999999999999947 51.813537600929195
-0.1999999999999993 57.994582587825015
0.0 63.37146216965642
0.20000000000000107 67.68100889584305
0.40000000000000036 70.92038098835556
0.5999999999999996 73.23927932847138
0.8000000000000007 74.83914242585175
1.0 75.91269966667085
1.200000000000001 76.61830896319191
1.4000000000000004 77.07499724102182
1.6000000000000014 77.3672181799251
1.8000000000000007 77.5526442478224
2.0 77.66963875574453
2.200000000000001 77.743220535054
2.4000000000000004 77.7894444830103
2.6000000000000014 77.81848665070805
2.8000000000000007 77.83674753323034
3.0 77.84823962816796
3.200000000000001 77.85547752060582
3.4000000000000004 77.8600387410728
3.6000000000000014 77.8629143605721
3.8000000000000007 77.86472780720851
4.0 77.86587163151276
Result sigma optimization:  -5.0 9.397989712592873
E_max_2 =  300
Cutoff Radius =  6.0
Selected Radial Transform =  19.0
factor =  0.8
displacement =  0.0
dataset =  datasets/random-ch4-10k.extxyz
n_train =  1000
n_test =  2000
Train RMSE: 4.322554217714414 [Train MAE: 3.3761727254164136]
Test RMSE: 10.291744898773787 [Test MAE: 5.899989458722337]
FINISHED at Tue Jan 10 04:18:28 CET 2023
