STARTING AT Tue Jan 10 07:51:36 CET 2023
Random seed: 1000
7 18
Reading dataset
Shuffling and extracting from dataset (length: 133885)
Shuffling and extraction done
Calculating power spectrum
Expansion coefficients done
Computing training kernel
     Calculating kernels for center species 1
     Calculating kernels for center species 1
Beginning first index add...
Beginning second index add...
     Calculating kernels for center species 6
     Calculating kernels for center species 6
Beginning first index add...
Beginning second index add...
     Calculating kernels for center species 7
     Calculating kernels for center species 7
Beginning first index add...
Beginning second index add...
     Calculating kernels for center species 8
     Calculating kernels for center species 8
Beginning first index add...
Beginning second index add...
     Calculating kernels for center species 9
     Calculating kernels for center species 9
Beginning first index add...
Beginning second index add...
Training kernel done
Computing test kernel
     Calculating kernels for center species 1
     Calculating kernels for center species 1
Beginning first index add...
Beginning second index add...
     Calculating kernels for center species 6
     Calculating kernels for center species 6
Beginning first index add...
Beginning second index add...
     Calculating kernels for center species 7
     Calculating kernels for center species 7
Beginning first index add...
Beginning second index add...
     Calculating kernels for center species 8
     Calculating kernels for center species 8
Beginning first index add...
Beginning second index add...
     Calculating kernels for center species 9
     Calculating kernels for center species 9
Beginning first index add...
Beginning second index add...
Test kernel done
Calculating composition features
Composition features done
-8.0 3.875421750312584
-7.8 4.171500785535987
-7.6 4.509351096398401
-7.4 4.88933371393531
-7.2 5.282726482791448
-7.0 5.667456057992502
-6.8 6.043021216259775
-6.6 6.40424980175923
-6.4 6.75388929366137
-6.2 7.132462181420037
-6.0 7.55391476045482
-5.8 8.012670838759718
-5.6 8.477304101142188
-5.4 8.933174428319239
-5.199999999999999 9.374924819476059
-5.0 9.812067810851236
-4.8 10.253112699097576
-4.6 10.71590192616082
-4.4 11.263985994017595
-4.199999999999999 11.891216399439523
-4.0 12.576720931061455
-3.8 13.323361649101804
-3.5999999999999996 14.109774728855847
-3.3999999999999995 14.885723527911905
-3.1999999999999993 15.576773990438873
-3.0 16.197279600137552
-2.8 16.77189725051036
-2.5999999999999996 17.32143184537682
-2.3999999999999995 17.844790525065093
-2.1999999999999993 18.32044055726729
-2.0 18.730654501088093
-1.7999999999999998 19.070017294759786
-1.5999999999999996 19.358949007337536
-1.3999999999999995 19.59820683118749
-1.1999999999999993 19.806410792157052
-1.0 20.004606523133493
-0.7999999999999998 20.19649572572334
-0.5999999999999996 20.381887532155385
-0.39999999999999947 20.548677311638595
-0.1999999999999993 20.681077865453293
0.0 20.779496748952386
0.20000000000000107 20.848958645029185
0.40000000000000036 20.893338829106487
0.5999999999999996 20.92066742255833
0.8000000000000007 20.93606012388041
1.0 20.943793719180434
1.200000000000001 20.94674588939169
1.4000000000000004 20.946687140121472
1.6000000000000014 20.94453223168954
1.8000000000000007 20.940793979819755
2.0 20.935908508976414
2.200000000000001 20.93040837091198
2.4000000000000004 20.924877026077915
2.6000000000000014 20.919818853180377
2.8000000000000007 20.91549428193108
3.0 20.91189021371367
3.200000000000001 20.908812699184494
3.4000000000000004 20.90597690084183
3.6000000000000014 20.903101900363875
3.8000000000000007 20.900120993409896
4.0 20.89690124464414
Result sigma optimization:  -8.0 3.875421750312584
E_max_2 =  600
Cutoff Radius =  6.0
Selected Radial Transform =  19.0
factor =  4.0
displacement =  0.0
dataset =  datasets/qm9.xyz
n_train =  1000
n_test =  2000
Train RMSE: 4.640066565272905 [Train MAE: 3.291392795712251]
Test RMSE: 5.556459973744641 [Test MAE: 3.8720937129975397]
FINISHED at Tue Jan 10 07:56:09 CET 2023
