STARTING AT Tue Jan 10 04:18:56 CET 2023
Random seed: 1000
7 18
Reading dataset
Shuffling and extracting from dataset (length: 10000)
Shuffling and extraction done
Calculating power spectrum
Expansion coefficients done
Computing training kernel
     Calculating kernels for center species 1
     Calculating kernels for center species 1
Beginning first index add...
Beginning second index add...
     Calculating kernels for center species 6
     Calculating kernels for center species 6
Beginning first index add...
Beginning second index add...
Training kernel done
Computing test kernel
     Calculating kernels for center species 1
     Calculating kernels for center species 1
Beginning first index add...
Beginning second index add...
     Calculating kernels for center species 6
     Calculating kernels for center species 6
Beginning first index add...
Beginning second index add...
Test kernel done
Calculating composition features
Composition features done
-8.0 48.30179222932505
-7.8 42.69870711789003
-7.6 37.75839985859935
-7.4 33.56845220066455
-7.2 30.072450759657702
-7.0 27.08237267867211
-6.8 24.397901729863133
-6.6 21.92048491383815
-6.4 19.678180767860187
-6.2 17.76737101226823
-6.0 16.271373268328293
-5.8 15.214009948501978
-5.6 14.56149607161785
-5.4 14.24609150363628
-5.199999999999999 14.187509572315056
-5.0 14.305688902297684
-4.8 14.526095467659013
-4.6 14.781029708549296
-4.4 15.012259142126286
-4.199999999999999 15.180526345042056
-4.0 15.2789398229762
-3.8 15.337141145880583
-3.5999999999999996 15.408725151660652
-3.3999999999999995 15.550991826889016
-3.1999999999999993 15.812419451610891
-3.0 16.231938445587833
-2.8 16.84213448554244
-2.5999999999999996 17.668982745274146
-2.3999999999999995 18.725173728090088
-2.1999999999999993 19.99827081836729
-2.0 21.443754329897157
-1.7999999999999998 22.998091943543635
-1.5999999999999996 24.61877234173982
-1.3999999999999995 26.340804532244935
-1.1999999999999993 28.318137958913855
-1.0 30.808322595638415
-0.7999999999999998 34.07746452154024
-0.5999999999999996 38.25071684374903
-0.39999999999999947 43.19366472438324
-0.1999999999999993 48.52784145678291
0.0 53.78984759141665
0.20000000000000107 58.610610848807376
0.40000000000000036 62.79580077375203
0.5999999999999996 66.30521042222597
0.8000000000000007 69.1881935965048
1.0 71.51804062944035
1.200000000000001 73.35616332171885
1.4000000000000004 74.75552084610199
1.6000000000000014 75.77732396704097
1.8000000000000007 76.49441206028506
2.0 76.98142183357017
2.200000000000001 77.30403341235383
2.4000000000000004 77.51383640578688
2.6000000000000014 77.64832910845088
2.8000000000000007 77.73343064554005
3.0 77.7865295103773
3.200000000000001 77.81912906319751
3.4000000000000004 77.83880548087426
3.6000000000000014 77.85051501857444
3.8000000000000007 77.85743377665807
4.0 77.8615278898271
Result sigma optimization:  -5.199999999999999 14.187509572315056
E_max_2 =  600
Cutoff Radius =  6.0
Selected Radial Transform =  19.0
factor =  2.0
displacement =  0.0
dataset =  datasets/random-ch4-10k.extxyz
n_train =  1000
n_test =  2000
Train RMSE: 7.750211178009579 [Train MAE: 6.059145140274566]
Test RMSE: 15.306240069484753 [Test MAE: 9.159085061590412]
FINISHED at Tue Jan 10 04:21:24 CET 2023
