STARTING AT Tue Jan 10 04:22:27 CET 2023
Random seed: 1000
7 18
Reading dataset
Shuffling and extracting from dataset (length: 10000)
Shuffling and extraction done
Calculating power spectrum
Expansion coefficients done
Computing training kernel
     Calculating kernels for center species 1
     Calculating kernels for center species 1
Beginning first index add...
Beginning second index add...
     Calculating kernels for center species 6
     Calculating kernels for center species 6
Beginning first index add...
Beginning second index add...
Training kernel done
Computing test kernel
     Calculating kernels for center species 1
     Calculating kernels for center species 1
Beginning first index add...
Beginning second index add...
     Calculating kernels for center species 6
     Calculating kernels for center species 6
Beginning first index add...
Beginning second index add...
Test kernel done
Calculating composition features
Composition features done
-8.0 24.504649765679375
-7.8 23.515641812203203
-7.6 22.57945460473313
-7.4 21.703752882463775
-7.2 20.87249043139308
-7.0 20.053597679666254
-6.8 19.21823624590768
-6.6 18.359378115272506
-6.4 17.497607589894685
-6.2 16.671469420342177
-6.0 15.92069536594989
-5.8 15.273296635354773
-5.6 14.740895759606646
-5.4 14.319704143418251
-5.199999999999999 13.993731161125977
-5.0 13.739488452580497
-4.8 13.532330507620753
-4.6 13.353035985889843
-4.4 13.19175297402557
-4.199999999999999 13.047323074098184
-4.0 12.92344206346528
-3.8 12.825612568958878
-3.5999999999999996 12.761374696805566
-3.3999999999999995 12.743135920867639
-3.1999999999999993 12.791765598288679
-3.0 12.938799193582593
-2.8 13.223991152736025
-2.5999999999999996 13.686501415550746
-2.3999999999999995 14.353077519774143
-2.1999999999999993 15.230470279974215
-2.0 16.30786349058202
-1.7999999999999998 17.56683250474592
-1.5999999999999996 18.988759027773494
-1.3999999999999995 20.556105454468113
-1.1999999999999993 22.258442231644302
-1.0 24.115095040231417
-0.7999999999999998 26.210971520222074
-0.5999999999999996 28.723557340194816
-0.39999999999999947 31.900034880287734
-0.1999999999999993 35.94636028382336
0.0 40.86743495199378
0.20000000000000107 46.395465965709924
0.40000000000000036 52.08798345176182
0.5999999999999996 57.50310576857407
0.8000000000000007 62.3192426177167
1.0 66.36836282780318
1.200000000000001 69.61402295006494
1.4000000000000004 72.10772134968771
1.6000000000000014 73.9494454952354
1.8000000000000007 75.26055612879838
2.0 76.16418535409949
2.200000000000001 76.77065929736642
2.4000000000000004 77.1694250500913
2.6000000000000014 77.42757255742946
2.8000000000000007 77.59264648431301
3.0 77.69706958639199
3.200000000000001 77.76243983239478
3.4000000000000004 77.8029607922451
3.6000000000000014 77.82788593215916
3.8000000000000007 77.84316090225268
4.0 77.85252883968171
Result sigma optimization:  -3.3999999999999995 12.743135920867639
E_max_2 =  600
Cutoff Radius =  6.0
Selected Radial Transform =  20.0
factor =  1.1
displacement =  0.0
dataset =  datasets/random-ch4-10k.extxyz
n_train =  1000
n_test =  2000
Train RMSE: 6.922292235539078 [Train MAE: 5.394820984373634]
Test RMSE: 12.579729615467148 [Test MAE: 8.071278046978987]
FINISHED at Tue Jan 10 04:25:03 CET 2023
