STARTING AT Tue Jan 10 05:51:10 CET 2023
Random seed: 1000
5 11
Reading dataset
Shuffling and extracting from dataset (length: 105092)
Shuffling and extraction done
Calculating power spectrum
Expansion coefficients done
Computing training kernel
     Calculating kernels for center species 79
     Calculating kernels for center species 79
Beginning first index add...
Beginning second index add...
Training kernel done
Computing test kernel
     Calculating kernels for center species 79
     Calculating kernels for center species 79
Beginning first index add...
Beginning second index add...
Test kernel done
Calculating composition features
Composition features done
-8.0 87.14645137843314
-7.8 86.72555514078088
-7.6 86.3841916705733
-7.4 86.2120059258689
-7.2 86.27034110019599
-7.0 86.56878097710236
-6.8 87.07262241451699
-6.6 87.7328269668718
-6.4 88.51575687894655
-6.2 89.40985014589836
-6.0 90.40471297383257
-5.8 91.46917624594819
-5.6 92.55645605406107
-5.4 93.63066730489018
-5.199999999999999 94.69394553310588
-5.0 95.81097092240232
-4.8 97.13320077517041
-4.6 98.90351973369062
-4.4 101.40848190480939
-4.199999999999999 104.8764286694272
-4.0 109.3814829158065
-3.8 114.82912886631087
-3.5999999999999996 121.03154265301873
-3.3999999999999995 127.80161416475761
-3.1999999999999993 134.97791186695716
-3.0 142.36022664745187
-2.8 149.65799389409352
-2.5999999999999996 156.57609960128278
-2.3999999999999995 162.9948306499942
-2.1999999999999993 169.08258282958346
-2.0 175.277452809049
-1.7999999999999998 182.18861479683912
-1.5999999999999996 190.46778948679645
-1.3999999999999995 200.64848678476937
-1.1999999999999993 212.9455087909873
-1.0 227.15864496334325
-0.7999999999999998 242.91279392914333
-0.5999999999999996 260.11010843778894
-0.39999999999999947 279.0876077691427
-0.1999999999999993 300.2902525600824
0.0 323.91791684326495
0.20000000000000107 349.95124014415825
0.40000000000000036 378.2221452313137
0.5999999999999996 408.0915346361506
0.8000000000000007 438.19730004935565
1.0 467.0747568784268
1.200000000000001 494.41686082391726
1.4000000000000004 521.8545128953359
1.6000000000000014 552.4148230374647
1.8000000000000007 588.5800836031874
2.0 630.0370694057708
2.200000000000001 673.2277678837818
2.4000000000000004 713.4301474889652
2.6000000000000014 747.3543038477562
2.8000000000000007 774.1530810404435
3.0 794.8145119998612
3.200000000000001 810.9862975142438
3.4000000000000004 824.0329946932211
3.6000000000000014 834.6715203941903
3.8000000000000007 843.1503693855063
4.0 849.6135665110033
Result sigma optimization:  -7.4 86.2120059258689
E_max_2 =  300
Cutoff Radius =  6.0
Selected Radial Transform =  20.0
factor =  0.6
displacement =  0.0
dataset =  datasets/gold.xyz
n_train =  1000
n_test =  2000
Train RMSE: 58.03608863134426 [Train MAE: 40.97974749972996]
Test RMSE: 91.40791120124179 [Test MAE: 58.16551185549016]
FINISHED at Tue Jan 10 05:54:01 CET 2023
