STARTING AT Tue Jan 10 04:21:57 CET 2023
Random seed: 1000
8 20
Reading dataset
Shuffling and extracting from dataset (length: 10000)
Shuffling and extraction done
Calculating power spectrum
Expansion coefficients done
Computing training kernel
     Calculating kernels for center species 1
     Calculating kernels for center species 1
Beginning first index add...
Beginning second index add...
     Calculating kernels for center species 6
     Calculating kernels for center species 6
Beginning first index add...
Beginning second index add...
Training kernel done
Computing test kernel
     Calculating kernels for center species 1
     Calculating kernels for center species 1
Beginning first index add...
Beginning second index add...
     Calculating kernels for center species 6
     Calculating kernels for center species 6
Beginning first index add...
Beginning second index add...
Test kernel done
Calculating composition features
Composition features done
-8.0 15.071088850482067
-7.8 15.066891731052081
-7.6 15.060293446091254
-7.4 15.04996780400735
-7.2 15.033923090884123
-7.0 15.009256814392604
-6.8 14.971928785759678
-6.6 14.916686164367166
-6.4 14.837347037879344
-6.2 14.72763192990163
-6.0 14.582578026009507
-5.8 14.400394734749476
-5.6 14.184443298646352
-5.4 13.944503978123633
-5.199999999999999 13.695905261169786
-5.0 13.455892128690499
-4.8 13.238874843714827
-4.6 13.05304223980853
-4.4 12.899128535391682
-4.199999999999999 12.771042223243665
-4.0 12.658441109300618
-3.8 12.550634115377072
-3.5999999999999996 12.44013336444018
-3.3999999999999995 12.324805823970294
-3.1999999999999993 12.208516697290078
-3.0 12.100177671186373
-2.8 12.011700400457498
-2.5999999999999996 11.95657610365886
-2.3999999999999995 11.950220323202107
-2.1999999999999993 12.011740957244985
-2.0 12.167033021676595
-1.7999999999999998 12.452450292430303
-1.5999999999999996 12.915341521257544
-1.3999999999999995 13.60790064360772
-1.1999999999999993 14.575904228417368
-1.0 15.846985068468404
-0.7999999999999998 17.42119786875176
-0.5999999999999996 19.268641643737062
-0.39999999999999947 21.3479049456343
-0.1999999999999993 23.657173741942646
0.0 26.300814796402076
0.20000000000000107 29.51347909617615
0.40000000000000036 33.57208108858461
0.5999999999999996 38.597346418901935
0.8000000000000007 44.38853672260435
1.0 50.46290248044504
1.200000000000001 56.277950619618515
1.4000000000000004 61.43890292810233
1.6000000000000014 65.75861455683561
1.8000000000000007 69.20764753040774
2.0 71.84767558681497
2.200000000000001 73.78871790948641
2.4000000000000004 75.16333649965006
2.6000000000000014 76.10575442525526
2.8000000000000007 76.73528605903051
3.0 77.14758279456737
3.200000000000001 77.41361746543429
3.4000000000000004 77.58327631778747
3.6000000000000014 77.69040821033266
3.8000000000000007 77.75748877948462
4.0 77.79922636793894
Result sigma optimization:  -2.3999999999999995 11.950220323202107
E_max_2 =  700
Cutoff Radius =  6.0
Selected Radial Transform =  20.0
factor =  0.8
displacement =  0.0
dataset =  datasets/random-ch4-10k.extxyz
n_train =  1000
n_test =  2000
Train RMSE: 6.698693336673307 [Train MAE: 5.231395005008453]
Test RMSE: 12.036346665430122 [Test MAE: 8.113739131157264]
FINISHED at Tue Jan 10 04:23:31 CET 2023
