STARTING AT Tue Jan 10 07:53:37 CET 2023
Random seed: 1000
8 20
Reading dataset
Shuffling and extracting from dataset (length: 133885)
Shuffling and extraction done
Calculating power spectrum
Expansion coefficients done
Computing training kernel
     Calculating kernels for center species 1
     Calculating kernels for center species 1
Beginning first index add...
Beginning second index add...
     Calculating kernels for center species 6
     Calculating kernels for center species 6
Beginning first index add...
Beginning second index add...
     Calculating kernels for center species 7
     Calculating kernels for center species 7
Beginning first index add...
Beginning second index add...
     Calculating kernels for center species 8
     Calculating kernels for center species 8
Beginning first index add...
Beginning second index add...
     Calculating kernels for center species 9
     Calculating kernels for center species 9
Beginning first index add...
Beginning second index add...
Training kernel done
Computing test kernel
     Calculating kernels for center species 1
     Calculating kernels for center species 1
Beginning first index add...
Beginning second index add...
     Calculating kernels for center species 6
     Calculating kernels for center species 6
Beginning first index add...
Beginning second index add...
     Calculating kernels for center species 7
     Calculating kernels for center species 7
Beginning first index add...
Beginning second index add...
     Calculating kernels for center species 8
     Calculating kernels for center species 8
Beginning first index add...
Beginning second index add...
     Calculating kernels for center species 9
     Calculating kernels for center species 9
Beginning first index add...
Beginning second index add...
Test kernel done
Calculating composition features
Composition features done
-8.0 4.471976488828149
-7.8 4.471976482617845
-7.6 4.471976472771517
-7.4 4.471976457166972
-7.2 4.471976432436159
-7.0 4.4719763932403565
-6.8 4.4719763311187855
-6.6 4.471976232663399
-6.4 4.471976076620423
-6.2 4.4719758293114795
-6.0 4.47197543735162
-5.8 4.471974816138763
-5.6 4.471973831586323
-5.4 4.4719722711833985
-5.199999999999999 4.471969798126966
-5.0 4.471965878639197
-4.8 4.471959666778612
-4.6 4.47194982190699
-4.4 4.471934219516282
-4.199999999999999 4.471909493086709
-4.0 4.471870308598731
-3.8 4.47180821606328
-3.5999999999999996 4.471709832870744
-3.3999999999999995 4.471553973381485
-3.1999999999999993 4.471307121696714
-3.0 4.470916311527653
-2.8 4.470300817452327
-2.5999999999999996 4.469329534738209
-2.3999999999999995 4.467860601542774
-2.1999999999999993 4.465623809399384
-2.0 4.462286957151187
-1.7999999999999998 4.457668660611847
-1.5999999999999996 4.451597095416943
-1.3999999999999995 4.445146753351382
-1.1999999999999993 4.439852226242909
-1.0 4.43647895766607
-0.7999999999999998 4.445848743478851
-0.5999999999999996 4.475147547612425
-0.39999999999999947 4.540510293005393
-0.1999999999999993 4.651329647324493
0.0 4.807340407411312
0.20000000000000107 5.018484369284555
0.40000000000000036 5.310500609914731
0.5999999999999996 5.67788679589372
0.8000000000000007 6.146971411744975
1.0 6.751033601207242
1.200000000000001 7.5095315096308966
1.4000000000000004 8.390630533859484
1.6000000000000014 9.385921372667026
1.8000000000000007 10.475187510175243
2.0 11.6244713981052
2.200000000000001 12.810094660439201
2.4000000000000004 13.997293063416853
2.6000000000000014 15.17300297520978
2.8000000000000007 16.32504166676509
3.0 17.386591079995505
3.200000000000001 18.31125727321257
3.4000000000000004 19.062081726072346
3.6000000000000014 19.628427538308827
3.8000000000000007 20.03971160382602
4.0 20.328266694856634
Result sigma optimization:  -1.0 4.43647895766607
E_max_2 =  700
Cutoff Radius =  6.0
Selected Radial Transform =  20.0
factor =  0.5
displacement =  0.0
dataset =  datasets/qm9.xyz
n_train =  1000
n_test =  2000
Train RMSE: 0.8041288223889875 [Train MAE: 0.5629953081575341]
Test RMSE: 5.813398203573914 [Test MAE: 4.080715757464957]
FINISHED at Tue Jan 10 07:55:00 CET 2023
