STARTING AT Tue Jan 10 04:23:28 CET 2023
Random seed: 1000
7 18
Reading dataset
Shuffling and extracting from dataset (length: 10000)
Shuffling and extraction done
Calculating power spectrum
Expansion coefficients done
Computing training kernel
     Calculating kernels for center species 1
     Calculating kernels for center species 1
Beginning first index add...
Beginning second index add...
     Calculating kernels for center species 6
     Calculating kernels for center species 6
Beginning first index add...
Beginning second index add...
Training kernel done
Computing test kernel
     Calculating kernels for center species 1
     Calculating kernels for center species 1
Beginning first index add...
Beginning second index add...
     Calculating kernels for center species 6
     Calculating kernels for center species 6
Beginning first index add...
Beginning second index add...
Test kernel done
Calculating composition features
Composition features done
-8.0 35.969992311439626
-7.8 31.11517032624067
-7.6 27.50376806043903
-7.4 25.007020851284402
-7.2 23.31652426931939
-7.0 22.08254376634216
-6.8 21.0574622377741
-6.6 20.127078438695573
-6.4 19.261096977647977
-6.2 18.456823796065816
-6.0 17.707320475772974
-5.8 16.993627242967133
-5.6 16.295946513477823
-5.4 15.61504626354382
-5.199999999999999 14.985312775843461
-5.0 14.463003944345136
-4.8 14.094504558920358
-4.6 13.888673607313716
-4.4 13.813721911000883
-4.199999999999999 13.817312600073613
-4.0 13.852272400918924
-3.8 13.893969390069914
-3.5999999999999996 13.946932602921637
-3.3999999999999995 14.041840692623314
-3.1999999999999993 14.22515051147835
-3.0 14.54807542034927
-2.8 15.060255289290613
-2.5999999999999996 15.80545950281897
-2.3999999999999995 16.814087402161242
-2.1999999999999993 18.092474709945442
-2.0 19.612776206993743
-1.7999999999999998 21.31179317111476
-1.5999999999999996 23.116479139322244
-1.3999999999999995 25.00341998892504
-1.1999999999999993 27.06082781153261
-1.0 29.497112428627034
-0.7999999999999998 32.56195054699826
-0.5999999999999996 36.405297083387076
-0.39999999999999947 40.961496695895555
-0.1999999999999993 45.952516400078366
0.0 51.01744600049922
0.20000000000000107 55.85452189278255
0.40000000000000036 60.26730359104435
0.5999999999999996 64.14037325945677
0.8000000000000007 67.42227224352287
1.0 70.11986226369008
1.200000000000001 72.27630982595615
1.4000000000000004 73.9468222707215
1.6000000000000014 75.19330492107905
1.8000000000000007 76.08735566188734
2.0 76.70600734432949
2.200000000000001 77.12180425565846
2.4000000000000004 77.39513409166487
2.6000000000000014 77.57180611205663
2.8000000000000007 77.68442375032889
3.0 77.75527155583853
3.200000000000001 77.79924117443782
3.4000000000000004 77.82617228063755
3.6000000000000014 77.84250017281808
3.8000000000000007 77.85235464456949
4.0 77.85831250796117
Result sigma optimization:  -4.4 13.813721911000883
E_max_2 =  600
Cutoff Radius =  6.0
Selected Radial Transform =  20.0
factor =  1.7
displacement =  0.0
dataset =  datasets/random-ch4-10k.extxyz
n_train =  1000
n_test =  2000
Train RMSE: 7.830575118969756 [Train MAE: 6.123723803136406]
Test RMSE: 13.06667183499943 [Test MAE: 8.49435957287626]
FINISHED at Tue Jan 10 04:24:06 CET 2023
