STARTING AT Tue Jan 10 07:55:38 CET 2023
Random seed: 1000
5 11
Reading dataset
Shuffling and extracting from dataset (length: 133885)
Shuffling and extraction done
Calculating power spectrum
Expansion coefficients done
Computing training kernel
     Calculating kernels for center species 1
     Calculating kernels for center species 1
Beginning first index add...
Beginning second index add...
     Calculating kernels for center species 6
     Calculating kernels for center species 6
Beginning first index add...
Beginning second index add...
     Calculating kernels for center species 7
     Calculating kernels for center species 7
Beginning first index add...
Beginning second index add...
     Calculating kernels for center species 8
     Calculating kernels for center species 8
Beginning first index add...
Beginning second index add...
     Calculating kernels for center species 9
     Calculating kernels for center species 9
Beginning first index add...
Beginning second index add...
Training kernel done
Computing test kernel
     Calculating kernels for center species 1
     Calculating kernels for center species 1
Beginning first index add...
Beginning second index add...
     Calculating kernels for center species 6
     Calculating kernels for center species 6
Beginning first index add...
Beginning second index add...
     Calculating kernels for center species 7
     Calculating kernels for center species 7
Beginning first index add...
Beginning second index add...
     Calculating kernels for center species 8
     Calculating kernels for center species 8
Beginning first index add...
Beginning second index add...
     Calculating kernels for center species 9
     Calculating kernels for center species 9
Beginning first index add...
Beginning second index add...
Test kernel done
Calculating composition features
Composition features done
-8.0 2.5597797237712947
-7.8 2.5572756917315127
-7.6 2.5535466538459004
-7.4 2.548091670534079
-7.2 2.540782553298195
-7.0 2.5316644878046644
-6.8 2.5211448698742607
-6.6 2.512368417269754
-6.4 2.505833495619998
-6.2 2.5006242896315816
-6.0 2.497609291598128
-5.8 2.508941279311126
-5.6 2.535870347447664
-5.4 2.584130937351314
-5.199999999999999 2.660699979615405
-5.0 2.76894767969739
-4.8 2.9149459249548637
-4.6 3.094401258751615
-4.4 3.295274717831169
-4.199999999999999 3.5162294328542556
-4.0 3.7633465784338043
-3.8 4.0262638026542135
-3.5999999999999996 4.306245315551678
-3.3999999999999995 4.604716715754849
-3.1999999999999993 4.9253855137298315
-3.0 5.27861874591725
-2.8 5.687798785332161
-2.5999999999999996 6.196329447333492
-2.3999999999999995 6.82277461113361
-2.1999999999999993 7.605029737947597
-2.0 8.56596796335395
-1.7999999999999998 9.7014062995435
-1.5999999999999996 10.937171360828385
-1.3999999999999995 12.244351163039203
-1.1999999999999993 13.552816740784609
-1.0 14.817568459902635
-0.7999999999999998 15.93576543929648
-0.5999999999999996 16.894634739332105
-0.39999999999999947 17.71050456599592
-0.1999999999999993 18.419148055716246
0.0 19.008948796979773
0.20000000000000107 19.491339264902948
0.40000000000000036 19.87304736842978
0.5999999999999996 20.166385419183452
0.8000000000000007 20.381977743918355
1.0 20.541948398329318
1.200000000000001 20.6580589077484
1.4000000000000004 20.739674636014268
1.6000000000000014 20.794989234300512
1.8000000000000007 20.831448420212872
2.0 20.854858584091282
2.200000000000001 20.869227084924724
2.4000000000000004 20.877368163199815
2.6000000000000014 20.88141056526688
2.8000000000000007 20.882941160262266
3.0 20.883080949259
3.200000000000001 20.882740476826307
3.4000000000000004 20.882216451627784
3.6000000000000014 20.88172454878741
3.8000000000000007 20.881336944016404
4.0 20.881057598528166
Result sigma optimization:  -6.0 2.497609291598128
E_max_2 =  300
Cutoff Radius =  6.0
Selected Radial Transform =  20.0
factor =  1.3
displacement =  0.0
dataset =  datasets/qm9.xyz
n_train =  1000
n_test =  2000
Train RMSE: 0.5590818760518088 [Train MAE: 0.4228873520270976]
Test RMSE: 3.4753351108778507 [Test MAE: 2.2705812369964598]
FINISHED at Tue Jan 10 08:01:28 CET 2023
