STARTING AT Tue Jan 10 05:52:41 CET 2023
Random seed: 1000
8 20
Reading dataset
Shuffling and extracting from dataset (length: 105092)
Shuffling and extraction done
Calculating power spectrum
Expansion coefficients done
Computing training kernel
     Calculating kernels for center species 79
     Calculating kernels for center species 79
Beginning first index add...
Beginning second index add...
Training kernel done
Computing test kernel
     Calculating kernels for center species 79
     Calculating kernels for center species 79
Beginning first index add...
Beginning second index add...
Test kernel done
Calculating composition features
Composition features done
-8.0 103.92817461635623
-7.8 104.3674593474004
-7.6 104.91007324416334
-7.4 105.58826516315861
-7.2 106.42433963327802
-7.0 107.41185994970718
-6.8 108.50836069081932
-6.6 109.65197749355454
-6.4 110.78479308450878
-6.2 111.85625361406721
-6.0 112.81459713109555
-5.8 113.61297321163529
-5.6 114.23137403552336
-5.4 114.69099917258728
-5.199999999999999 115.04850333794285
-5.0 115.38007759625725
-4.8 115.76830912941796
-4.6 116.28967112264826
-4.4 116.99620689839496
-4.199999999999999 117.90068549097826
-4.0 118.98250074195973
-3.8 120.2198808947028
-3.5999999999999996 121.63723050864965
-3.3999999999999995 123.34443525989522
-3.1999999999999993 125.55079441407176
-3.0 128.56829330993364
-2.8 132.83467745496623
-2.5999999999999996 138.91811513277133
-2.3999999999999995 147.3626022383488
-2.1999999999999993 158.30310392842372
-2.0 171.10946617852818
-1.7999999999999998 184.50950483498843
-1.5999999999999996 197.2176103601763
-1.3999999999999995 208.54464282058873
-1.1999999999999993 218.56526389384965
-1.0 227.888886128052
-0.7999999999999998 237.31031852543197
-0.5999999999999996 247.56737699837183
-0.39999999999999947 259.2858509848517
-0.1999999999999993 272.99250498362295
0.0 288.93721855181946
0.20000000000000107 306.72825986376233
0.40000000000000036 325.28775029836856
0.5999999999999996 343.4110001720995
0.8000000000000007 360.38005380084047
1.0 376.0741775259473
1.200000000000001 390.84722175770963
1.4000000000000004 405.74538973725544
1.6000000000000014 423.08245069845185
1.8000000000000007 446.72926015609636
2.0 481.12922432788724
2.200000000000001 528.5695809444445
2.4000000000000004 586.4566084219251
2.6000000000000014 647.7283593112488
2.8000000000000007 704.5121528621496
3.0 751.6225658426572
3.200000000000001 787.509392959038
3.4000000000000004 813.1987704197277
3.6000000000000014 830.8078406285997
3.8000000000000007 842.5291388996941
4.0 850.1813077609204
Result sigma optimization:  -8.0 103.92817461635623
E_max_2 =  700
Cutoff Radius =  6.0
Selected Radial Transform =  20.0
factor =  1.1
displacement =  0.0
dataset =  datasets/gold.xyz
n_train =  1000
n_test =  2000
Train RMSE: 76.96743072856977 [Train MAE: 58.760541178391016]
Test RMSE: 110.5807735131133 [Test MAE: 78.94302776550545]
FINISHED at Tue Jan 10 05:53:52 CET 2023
