STARTING AT Tue Jan 10 04:24:28 CET 2023
Random seed: 1000
7 18
Reading dataset
Shuffling and extracting from dataset (length: 10000)
Shuffling and extraction done
Calculating power spectrum
Expansion coefficients done
Computing training kernel
     Calculating kernels for center species 1
     Calculating kernels for center species 1
Beginning first index add...
Beginning second index add...
     Calculating kernels for center species 6
     Calculating kernels for center species 6
Beginning first index add...
Beginning second index add...
Training kernel done
Computing test kernel
     Calculating kernels for center species 1
     Calculating kernels for center species 1
Beginning first index add...
Beginning second index add...
     Calculating kernels for center species 6
     Calculating kernels for center species 6
Beginning first index add...
Beginning second index add...
Test kernel done
Calculating composition features
Composition features done
-8.0 20.046553929933754
-7.8 17.241340155131585
-7.6 16.321656520424696
-7.4 16.346151849614696
-7.2 16.735084773873695
-7.0 17.285321031709426
-6.8 17.91611909219889
-6.6 18.506839513397004
-6.4 18.892607657814047
-6.2 18.943119153663975
-6.0 18.63398764219063
-5.8 18.05877421032938
-5.6 17.379691210402086
-5.4 16.755282783681192
-5.199999999999999 16.29250676877715
-5.0 16.037880458007685
-4.8 15.987454692609722
-4.6 16.100674205222255
-4.4 16.318718599373323
-4.199999999999999 16.585320023705325
-4.0 16.865843552728606
-3.8 17.15998427953679
-3.5999999999999996 17.502062143408388
-3.3999999999999995 17.948152878248585
-3.1999999999999993 18.556429191210597
-3.0 19.370403404244403
-2.8 20.412556329723536
-2.5999999999999996 21.684429955046642
-2.3999999999999995 23.16257794333401
-2.1999999999999993 24.796007896872677
-2.0 26.519279992184618
-1.7999999999999998 28.280461073270796
-1.5999999999999996 30.08612308048663
-1.3999999999999995 32.0666118592422
-1.1999999999999993 34.518949266555765
-1.0 37.83473282987363
-0.7999999999999998 42.26017750872308
-0.5999999999999996 47.63157491663296
-0.39999999999999947 53.37097764839406
-0.1999999999999993 58.78919786427546
0.0 63.41411298109108
0.20000000000000107 67.10262537975625
0.40000000000000036 69.94841304695329
0.5999999999999996 72.12721282982758
0.8000000000000007 73.79137657861118
1.0 75.04434930092069
1.200000000000001 75.96122038499706
1.4000000000000004 76.60944472628502
1.6000000000000014 77.05324847417413
1.8000000000000007 77.34931443616519
2.0 77.54301010612348
2.200000000000001 77.66788665958403
2.4000000000000004 77.74740240404385
2.6000000000000014 77.7973554528032
2.8000000000000007 77.82814947706757
3.0 77.84658591757116
3.200000000000001 77.85715129528434
3.4000000000000004 77.86285562235807
3.6000000000000014 77.8657182127886
3.8000000000000007 77.86704008444818
4.0 77.86759552043873
Result sigma optimization:  -4.8 15.987454692609722
E_max_2 =  600
Cutoff Radius =  6.0
Selected Radial Transform =  20.0
factor =  2.6
displacement =  0.0
dataset =  datasets/random-ch4-10k.extxyz
n_train =  1000
n_test =  2000
Train RMSE: 12.725168120072956 [Train MAE: 10.147865111908196]
Test RMSE: 16.265147334826903 [Test MAE: 11.764739223552326]
FINISHED at Tue Jan 10 04:25:16 CET 2023
