STARTING AT Tue Jan 10 07:56:38 CET 2023
Random seed: 1000
8 20
Reading dataset
Shuffling and extracting from dataset (length: 133885)
Shuffling and extraction done
Calculating power spectrum
Expansion coefficients done
Computing training kernel
     Calculating kernels for center species 1
     Calculating kernels for center species 1
Beginning first index add...
Beginning second index add...
     Calculating kernels for center species 6
     Calculating kernels for center species 6
Beginning first index add...
Beginning second index add...
     Calculating kernels for center species 7
     Calculating kernels for center species 7
Beginning first index add...
Beginning second index add...
     Calculating kernels for center species 8
     Calculating kernels for center species 8
Beginning first index add...
Beginning second index add...
     Calculating kernels for center species 9
     Calculating kernels for center species 9
Beginning first index add...
Beginning second index add...
Training kernel done
Computing test kernel
     Calculating kernels for center species 1
     Calculating kernels for center species 1
Beginning first index add...
Beginning second index add...
     Calculating kernels for center species 6
     Calculating kernels for center species 6
Beginning first index add...
Beginning second index add...
     Calculating kernels for center species 7
     Calculating kernels for center species 7
Beginning first index add...
Beginning second index add...
     Calculating kernels for center species 8
     Calculating kernels for center species 8
Beginning first index add...
Beginning second index add...
     Calculating kernels for center species 9
     Calculating kernels for center species 9
Beginning first index add...
Beginning second index add...
Test kernel done
Calculating composition features
Composition features done
-8.0 2.381587759869959
-7.8 2.381583489588491
-7.6 2.3815767208786855
-7.4 2.3815659934016584
-7.2 2.3815489899392412
-7.0 2.3815220391828045
-6.8 2.3814793198403494
-6.6 2.3814116010988653
-6.4 2.3813042432873335
-6.2 2.381138438282331
-6.0 2.3809057006430523
-5.8 2.380552893948363
-5.6 2.380019602004817
-5.4 2.3792303958318373
-5.199999999999999 2.3783255008661945
-5.0 2.377121079975885
-4.8 2.3758186294053156
-4.6 2.3747401650000537
-4.4 2.37674030638198
-4.199999999999999 2.3843565652057586
-4.0 2.4027841602222177
-3.8 2.4361878323560666
-3.5999999999999996 2.4830846298454854
-3.3999999999999995 2.5389083953881344
-3.1999999999999993 2.614281683659792
-3.0 2.709911168791936
-2.8 2.833831982663192
-2.5999999999999996 2.9890424971675964
-2.3999999999999995 3.1630647524609956
-2.1999999999999993 3.349100716079527
-2.0 3.553961892367581
-1.7999999999999998 3.784595709671317
-1.5999999999999996 4.048102597064757
-1.3999999999999995 4.325130553932653
-1.1999999999999993 4.64174313752594
-1.0 5.025939382342638
-0.7999999999999998 5.509074809866482
-0.5999999999999996 6.136214076050888
-0.39999999999999947 6.887184091230249
-0.1999999999999993 7.792714376098323
0.0 8.806196620001087
0.20000000000000107 9.916406033343872
0.40000000000000036 11.139944123592972
0.5999999999999996 12.425519204829902
0.8000000000000007 13.700908385415248
1.0 14.923481493111861
1.200000000000001 16.045350352778573
1.4000000000000004 17.02942126606567
1.6000000000000014 17.86420067022893
1.8000000000000007 18.57662770672831
2.0 19.180295489375812
2.200000000000001 19.661615430076086
2.4000000000000004 20.02669795561085
2.6000000000000014 20.294574893870067
2.8000000000000007 20.490161275475987
3.0 20.627285206783522
3.200000000000001 20.721977017991982
3.4000000000000004 20.784979423602422
3.6000000000000014 20.826160131438954
3.8000000000000007 20.852744641869155
4.0 20.86935155441608
Result sigma optimization:  -4.6 2.3747401650000537
E_max_2 =  700
Cutoff Radius =  6.0
Selected Radial Transform =  20.0
factor =  1.4
displacement =  0.0
dataset =  datasets/qm9.xyz
n_train =  1000
n_test =  2000
Train RMSE: 0.1469922060325328 [Train MAE: 0.11247755674870022]
Test RMSE: 3.387023991434523 [Test MAE: 2.2626034086407874]
FINISHED at Tue Jan 10 07:59:29 CET 2023
