STARTING AT Tue Jan 10 04:23:28 CET 2023
Random seed: 1000
5 11
Reading dataset
Shuffling and extracting from dataset (length: 10000)
Shuffling and extraction done
Calculating power spectrum
Expansion coefficients done
Computing training kernel
     Calculating kernels for center species 1
     Calculating kernels for center species 1
Beginning first index add...
Beginning second index add...
     Calculating kernels for center species 6
     Calculating kernels for center species 6
Beginning first index add...
Beginning second index add...
Training kernel done
Computing test kernel
     Calculating kernels for center species 1
     Calculating kernels for center species 1
Beginning first index add...
Beginning second index add...
     Calculating kernels for center species 6
     Calculating kernels for center species 6
Beginning first index add...
Beginning second index add...
Test kernel done
Calculating composition features
Composition features done
-8.0 13.551913308692786
-7.8 12.915359565043138
-7.6 12.31015647018208
-7.4 11.769806781436625
-7.2 11.351987803455609
-7.0 11.111572188369328
-6.8 11.068927324392812
-6.6 11.19483667966087
-6.4 11.426354550851821
-6.2 11.700133160051415
-6.0 11.977254987371927
-5.8 12.246252460081116
-5.6 12.51133668586766
-5.4 12.781224026963958
-5.199999999999999 13.065145383155588
-5.0 13.3718855377181
-4.8 13.7084935870755
-4.6 14.0823691651111
-4.4 14.51101960981655
-4.199999999999999 15.034622992341458
-4.0 15.719356843432903
-3.8 16.64454589093601
-3.5999999999999996 17.878804714483863
-3.3999999999999995 19.456483887564723
-3.1999999999999993 21.362325904967914
-3.0 23.53631140671958
-2.8 25.91906870009698
-2.5999999999999996 28.531182109835722
-2.3999999999999995 31.533019256341756
-2.1999999999999993 35.19788702127036
-2.0 39.7535320382326
-1.7999999999999998 45.14951101698233
-1.5999999999999996 50.96432780876758
-1.3999999999999995 56.593748144679104
-1.1999999999999993 61.555586711960984
-1.0 65.64767508296113
-0.7999999999999998 68.8976025799146
-0.5999999999999996 71.42689375504689
-0.39999999999999947 73.3569951340659
-0.1999999999999993 74.7888306598442
0.0 75.8150504899695
0.20000000000000107 76.52605822772195
0.40000000000000036 77.00477579113792
0.5999999999999996 77.32002778436441
0.8000000000000007 77.52416813526872
1.0 77.65457091572007
1.200000000000001 77.73682214337786
1.4000000000000004 77.78801767670248
1.6000000000000014 77.81944851162433
1.8000000000000007 77.83851553974604
2.0 77.85000050600617
2.200000000000001 77.8569148183757
2.4000000000000004 77.86109885025907
2.6000000000000014 77.86365142583114
2.8000000000000007 77.8652220717297
3.0 77.86619568591047
3.200000000000001 77.86680265175764
3.4000000000000004 77.86718258604203
3.6000000000000014 77.8674210707023
3.8000000000000007 77.86757104406819
4.0 77.8676654697683
Result sigma optimization:  -6.8 11.068927324392812
E_max_2 =  300
Cutoff Radius =  6.0
Selected Radial Transform =  20.0
factor =  1.9
displacement =  0.0
dataset =  datasets/random-ch4-10k.extxyz
n_train =  1000
n_test =  2000
Train RMSE: 7.919114292031731 [Train MAE: 6.198954847588206]
Test RMSE: 11.724641630785412 [Test MAE: 7.767356162533651]
FINISHED at Tue Jan 10 04:26:53 CET 2023
