STARTING AT Tue Jan 10 05:50:40 CET 2023
Random seed: 1000
8 20
Reading dataset
Shuffling and extracting from dataset (length: 105092)
Shuffling and extraction done
Calculating power spectrum
Expansion coefficients done
Computing training kernel
     Calculating kernels for center species 79
     Calculating kernels for center species 79
Beginning first index add...
Beginning second index add...
Training kernel done
Computing test kernel
     Calculating kernels for center species 79
     Calculating kernels for center species 79
Beginning first index add...
Beginning second index add...
Test kernel done
Calculating composition features
Composition features done
-8.0 107.20012413094553
-7.8 106.68535660184061
-7.6 106.06620363595724
-7.4 105.30961846392205
-7.2 104.40307624405054
-7.0 103.36830814838845
-6.8 102.26082917412188
-6.6 101.15330123524016
-6.4 100.11262096020272
-6.2 99.18276793643781
-6.0 98.37724755013215
-5.8 97.67813816724667
-5.6 97.04030280924339
-5.4 96.40439783334708
-5.199999999999999 95.71843194175662
-5.0 94.95409065101218
-4.8 94.10359235780008
-4.6 93.16327887843316
-4.4 92.12009258101058
-4.199999999999999 90.94556718619093
-4.0 89.60151752310868
-3.8 88.06933139914757
-3.5999999999999996 86.39262464365626
-3.3999999999999995 84.69241904681905
-3.1999999999999993 83.12921813919357
-3.0 81.83914498609627
-2.8 80.89812575969337
-2.5999999999999996 80.333789507811
-2.3999999999999995 80.1556534564494
-2.1999999999999993 80.37409834267837
-2.0 81.01082563385381
-1.7999999999999998 82.11011778362146
-1.5999999999999996 83.74207579324768
-1.3999999999999995 85.99151473547762
-1.1999999999999993 88.95188425055257
-1.0 92.73528974200336
-0.7999999999999998 97.46230364994943
-0.5999999999999996 103.19573360367838
-0.39999999999999947 109.8561743040639
-0.1999999999999993 117.20900300807365
0.0 124.9663878020104
0.20000000000000107 132.93912660807217
0.40000000000000036 141.122094680263
0.5999999999999996 149.67165693983372
0.8000000000000007 158.85117788918984
1.0 169.04963187519212
1.200000000000001 180.83974988760212
1.4000000000000004 194.8677413817577
1.6000000000000014 211.49401984397565
1.8000000000000007 230.50570827166436
2.0 251.31965903148463
2.200000000000001 273.66205374498537
2.4000000000000004 298.22006243669523
2.6000000000000014 326.61612016245675
2.8000000000000007 360.41130629492403
3.0 399.8062985901007
3.200000000000001 443.4987711966706
3.4000000000000004 490.06315357458294
3.6000000000000014 539.0551801298711
3.8000000000000007 590.188903875979
4.0 641.6163166987424
Result sigma optimization:  -2.3999999999999995 80.1556534564494
E_max_2 =  700
Cutoff Radius =  6.0
Selected Radial Transform =  20.0
factor =  0.3
displacement =  0.0
dataset =  datasets/gold.xyz
n_train =  1000
n_test =  2000
Train RMSE: 42.279348667583356 [Train MAE: 29.73912563391354]
Test RMSE: 78.08495724655272 [Test MAE: 48.111815274078324]
FINISHED at Tue Jan 10 05:53:32 CET 2023
