STARTING AT Tue Jan 10 08:06:43 CET 2023
Random seed: 1000
7 18
Reading dataset
Shuffling and extracting from dataset (length: 133885)
Shuffling and extraction done
Calculating power spectrum
Expansion coefficients done
Computing training kernel
     Calculating kernels for center species 1
     Calculating kernels for center species 1
Beginning first index add...
Beginning second index add...
     Calculating kernels for center species 6
     Calculating kernels for center species 6
Beginning first index add...
Beginning second index add...
     Calculating kernels for center species 7
     Calculating kernels for center species 7
Beginning first index add...
Beginning second index add...
     Calculating kernels for center species 8
     Calculating kernels for center species 8
Beginning first index add...
Beginning second index add...
     Calculating kernels for center species 9
     Calculating kernels for center species 9
Beginning first index add...
Beginning second index add...
Training kernel done
Computing test kernel
     Calculating kernels for center species 1
     Calculating kernels for center species 1
Beginning first index add...
Beginning second index add...
     Calculating kernels for center species 6
     Calculating kernels for center species 6
Beginning first index add...
Beginning second index add...
     Calculating kernels for center species 7
     Calculating kernels for center species 7
Beginning first index add...
Beginning second index add...
     Calculating kernels for center species 8
     Calculating kernels for center species 8
Beginning first index add...
Beginning second index add...
     Calculating kernels for center species 9
     Calculating kernels for center species 9
Beginning first index add...
Beginning second index add...
Test kernel done
Calculating composition features
Composition features done
-8.0 2.166603497907432
-7.8 2.1562290155175434
-7.6 2.1425655861586854
-7.4 2.1254429170260845
-7.2 2.1077954279881377
-7.0 2.090823062197742
-6.8 2.073168875275907
-6.6 2.0555104656575423
-6.4 2.045163301143999
-6.2 2.0403404331344936
-6.0 2.0389461543231446
-5.8 2.048988172314566
-5.6 2.0649576538874825
-5.4 2.089395408672135
-5.199999999999999 2.1242131476800714
-5.0 2.1704359778508953
-4.8 2.219611749345757
-4.6 2.270383774988382
-4.4 2.3283256151784153
-4.199999999999999 2.3875716691449926
-4.0 2.460336465231987
-3.8 2.554821821345511
-3.5999999999999996 2.674056299049902
-3.3999999999999995 2.837760998117621
-3.1999999999999993 3.070623131192304
-3.0 3.4105779235875526
-2.8 3.835160072603954
-2.5999999999999996 4.312861630854109
-2.3999999999999995 4.832562769207994
-2.1999999999999993 5.359938726131422
-2.0 5.888105342709737
-1.7999999999999998 6.415091505670203
-1.5999999999999996 6.965065510286316
-1.3999999999999995 7.588797505190188
-1.1999999999999993 8.330208356994449
-1.0 9.216597196913034
-0.7999999999999998 10.294241018070021
-0.5999999999999996 11.507165820946586
-0.39999999999999947 12.791122137907873
-0.1999999999999993 14.035491649460294
0.0 15.187910718524089
0.20000000000000107 16.220808536350294
0.40000000000000036 17.115095084135895
0.5999999999999996 17.873773081034045
0.8000000000000007 18.537078507917574
1.0 19.12743274005611
1.200000000000001 19.619052639496392
1.4000000000000004 19.996810512639364
1.6000000000000014 20.28149690380055
1.8000000000000007 20.488897042226487
2.0 20.633086608152162
2.200000000000001 20.729731805354664
2.4000000000000004 20.792406942986684
2.6000000000000014 20.8326845121569
2.8000000000000007 20.858373461446114
3.0 20.8749120299363
3.200000000000001 20.885128220217403
3.4000000000000004 20.890970528851657
3.6000000000000014 20.89375799425856
3.8000000000000007 20.8944538865746
4.0 20.89366832004062
Result sigma optimization:  -6.0 2.0389461543231446
E_max_2 =  600
Cutoff Radius =  6.0
Selected Radial Transform =  21.0
factor =  1.9
displacement =  0.0
dataset =  datasets/qm9.xyz
n_train =  1000
n_test =  2000
Train RMSE: 0.5526399858614585 [Train MAE: 0.4231697116564046]
Test RMSE: 3.221638826761708 [Test MAE: 1.961398698810949]
FINISHED at Tue Jan 10 08:10:20 CET 2023
