STARTING AT Tue Jan 10 05:59:14 CET 2023
Random seed: 1000
7 16
Reading dataset
Shuffling and extracting from dataset (length: 105092)
Shuffling and extraction done
Calculating power spectrum
Expansion coefficients done
Computing training kernel
     Calculating kernels for center species 79
     Calculating kernels for center species 79
Beginning first index add...
Beginning second index add...
Training kernel done
Computing test kernel
     Calculating kernels for center species 79
     Calculating kernels for center species 79
Beginning first index add...
Beginning second index add...
Test kernel done
Calculating composition features
Composition features done
-8.0 136.4361685052582
-7.8 132.42739956585783
-7.6 128.2161138272308
-7.4 123.76694052282413
-7.2 119.06682170506626
-7.0 114.2050677081304
-6.8 109.36869050225877
-6.6 104.76696482579428
-6.4 100.57122066641925
-6.2 96.90824743604
-6.0 93.86341786077983
-5.8 91.45030705584621
-5.6 89.574573791046
-5.4 88.05141106378264
-5.199999999999999 86.68821430661261
-5.0 85.38133736105635
-4.8 84.1581018826387
-4.6 83.13861459264864
-4.4 82.45666032428643
-4.199999999999999 82.19542567080016
-4.0 82.36338898352913
-3.8 82.91225375238264
-3.5999999999999996 83.78492259079546
-3.3999999999999995 84.96231326497423
-3.1999999999999993 86.47743058089156
-3.0 88.39413385361303
-2.8 90.78092422037201
-2.5999999999999996 93.71303413793348
-2.3999999999999995 97.29426108135429
-2.1999999999999993 101.65032687394495
-2.0 106.86992945986549
-1.7999999999999998 112.93268338797454
-1.5999999999999996 119.69193078796206
-1.3999999999999995 126.95113501097987
-1.1999999999999993 134.60467818153975
-1.0 142.74299352126172
-0.7999999999999998 151.61528627774183
-0.5999999999999996 161.46492052368166
-0.39999999999999947 172.41600669923838
-0.1999999999999993 184.53992973135203
0.0 197.95628193590326
0.20000000000000107 212.7604834269432
0.40000000000000036 228.87663520458833
0.5999999999999996 246.13749258611108
0.8000000000000007 264.66694866387843
1.0 285.2335855021628
1.200000000000001 309.100863313785
1.4000000000000004 337.2335582850721
1.6000000000000014 369.34932958193747
1.8000000000000007 403.67309711737795
2.0 437.83325964205414
2.200000000000001 470.3867330521131
2.4000000000000004 501.9393444594989
2.6000000000000014 535.0676467719859
2.8000000000000007 572.7353068880235
3.0 615.8110020022186
3.200000000000001 661.6831695793082
3.4000000000000004 705.5798286904742
3.6000000000000014 743.3496237421448
3.8000000000000007 773.1671767140654
4.0 795.4182293595671
Result sigma optimization:  -4.199999999999999 82.19542567080016
E_max_2 =  500
Cutoff Radius =  6.0
Selected Radial Transform =  21.0
factor =  0.5
displacement =  0.0
dataset =  datasets/gold.xyz
n_train =  1000
n_test =  2000
Train RMSE: 45.64821943017254 [Train MAE: 32.369702436796594]
Test RMSE: 84.47173290612358 [Test MAE: 53.426749653242865]
FINISHED at Tue Jan 10 06:02:12 CET 2023
