STARTING AT Tue Jan 10 04:26:59 CET 2023
Random seed: 1000
8 20
Reading dataset
Shuffling and extracting from dataset (length: 10000)
Shuffling and extraction done
Calculating power spectrum
Expansion coefficients done
Computing training kernel
     Calculating kernels for center species 1
     Calculating kernels for center species 1
Beginning first index add...
Beginning second index add...
     Calculating kernels for center species 6
     Calculating kernels for center species 6
Beginning first index add...
Beginning second index add...
Training kernel done
Computing test kernel
     Calculating kernels for center species 1
     Calculating kernels for center species 1
Beginning first index add...
Beginning second index add...
     Calculating kernels for center species 6
     Calculating kernels for center species 6
Beginning first index add...
Beginning second index add...
Test kernel done
Calculating composition features
Composition features done
-8.0 39.0370097318733
-7.8 37.029999504582555
-7.6 34.96860788155462
-7.4 32.885008947736935
-7.2 30.785757702477685
-7.0 28.66058512063424
-6.8 26.515381527681086
-6.6 24.39851985504361
-6.4 22.397457365620234
-6.2 20.60928767672288
-6.0 19.1045440417838
-5.8 17.903137069056466
-5.6 16.973002009466473
-5.4 16.249158060297503
-5.199999999999999 15.660181804087411
-5.0 15.149418387063935
-4.8 14.68607299319774
-4.6 14.26608798894668
-4.4 13.902628403704412
-4.199999999999999 13.609458441328142
-4.0 13.38788126258921
-3.8 13.226140612360732
-3.5999999999999996 13.108594813712452
-3.3999999999999995 13.02626014421003
-3.1999999999999993 12.984327520423458
-3.0 13.005816548563812
-2.8 13.130029379226134
-2.5999999999999996 13.404800678540216
-2.3999999999999995 13.874308610384018
-2.1999999999999993 14.56683022732423
-2.0 15.48903280739882
-1.7999999999999998 16.631836625485686
-1.5999999999999996 17.98203827382558
-1.3999999999999995 19.526772134018167
-1.1999999999999993 21.25116160549609
-1.0 23.145890777478332
-0.7999999999999998 25.233883836704017
-0.5999999999999996 27.601862059950946
-0.39999999999999947 30.408106589326994
-0.1999999999999993 33.83973416439992
0.0 38.0131420723711
0.20000000000000107 42.861019318573796
0.40000000000000036 48.104635153037044
0.5999999999999996 53.36155703179884
0.8000000000000007 58.29442887721989
1.0 62.68396271903031
1.200000000000001 66.42341217611562
1.4000000000000004 69.48754294323751
1.6000000000000014 71.90511237212482
1.8000000000000007 73.74058559298378
2.0 75.08158629132959
2.200000000000001 76.02666583518852
2.4000000000000004 76.67232147266644
2.6000000000000014 77.10256133260711
2.8000000000000007 77.38384169533623
3.0 77.56505082646369
3.200000000000001 77.68035094730278
3.4000000000000004 77.75283000236111
3.6000000000000014 77.79780462030212
3.8000000000000007 77.82534940403693
4.0 77.84204095189182
Result sigma optimization:  -3.1999999999999993 12.984327520423458
E_max_2 =  700
Cutoff Radius =  6.0
Selected Radial Transform =  21.0
factor =  1.2
displacement =  0.0
dataset =  datasets/random-ch4-10k.extxyz
n_train =  1000
n_test =  2000
Train RMSE: 7.201711868031538 [Train MAE: 5.618492881056685]
Test RMSE: 12.644202194056287 [Test MAE: 8.16188770866035]
FINISHED at Tue Jan 10 04:30:39 CET 2023
