STARTING AT Tue Jan 10 05:58:44 CET 2023
Random seed: 1000
7 16
Reading dataset
Shuffling and extracting from dataset (length: 105092)
Shuffling and extraction done
Calculating power spectrum
Expansion coefficients done
Computing training kernel
     Calculating kernels for center species 79
     Calculating kernels for center species 79
Beginning first index add...
Beginning second index add...
Training kernel done
Computing test kernel
     Calculating kernels for center species 79
     Calculating kernels for center species 79
Beginning first index add...
Beginning second index add...
Test kernel done
Calculating composition features
Composition features done
-8.0 119.18992346197093
-7.8 116.49578283525277
-7.6 113.96543220680356
-7.4 111.55073939986686
-7.2 109.16155826012135
-7.0 106.70717081002165
-6.8 104.14325780499588
-6.6 101.49973814125374
-6.4 98.8683916515416
-6.2 96.35157995702104
-6.0 94.00779714109548
-5.8 91.83429479636233
-5.6 89.79100437336713
-5.4 87.83906939391647
-5.199999999999999 85.97252086438606
-5.0 84.23484830988072
-4.8 82.70801652394007
-4.6 81.46816247691231
-4.4 80.53794786734096
-4.199999999999999 79.88069027329004
-4.0 79.43760127169115
-3.8 79.16653612995955
-3.5999999999999996 79.05945078033027
-3.3999999999999995 79.15005383297087
-3.1999999999999993 79.51968537113437
-3.0 80.29129237660945
-2.8 81.60298457754672
-2.5999999999999996 83.57338166683257
-2.3999999999999995 86.28466976700882
-2.1999999999999993 89.79756152545957
-2.0 94.17894731371882
-1.7999999999999998 99.49863220549246
-1.5999999999999996 105.78777043147878
-1.3999999999999995 113.01708950906739
-1.1999999999999993 121.12544221905202
-1.0 130.03669302639457
-0.7999999999999998 139.62535781215823
-0.5999999999999996 149.6964004902197
-0.39999999999999947 160.03770912294553
-0.1999999999999993 170.52059404016447
0.0 181.21992880387754
0.20000000000000107 192.53082416029716
0.40000000000000036 205.16580204541756
0.5999999999999996 219.90259056046648
0.8000000000000007 237.19582275837337
1.0 257.0627416863531
1.200000000000001 279.51733297232084
1.4000000000000004 305.1689860310857
1.6000000000000014 335.14906515449417
1.8000000000000007 370.01361713543196
2.0 408.5691389541061
2.200000000000001 448.1868070810534
2.4000000000000004 486.69644424230626
2.6000000000000014 524.0854048464879
2.8000000000000007 562.3769941365512
3.0 603.6123840364846
3.200000000000001 647.4915985193181
3.4000000000000004 690.9162198802807
3.6000000000000014 729.913084394957
3.8000000000000007 761.8945438469653
4.0 786.4298557492589
Result sigma optimization:  -3.5999999999999996 79.05945078033027
E_max_2 =  500
Cutoff Radius =  6.0
Selected Radial Transform =  21.0
factor =  0.4
displacement =  0.0
dataset =  datasets/gold.xyz
n_train =  1000
n_test =  2000
Train RMSE: 41.698815065284926 [Train MAE: 29.109370415305808]
Test RMSE: 78.93137722810091 [Test MAE: 48.46763103399238]
FINISHED at Tue Jan 10 05:59:58 CET 2023
