STARTING AT Tue Jan 10 04:26:59 CET 2023
Random seed: 1000
6 14
Reading dataset
Shuffling and extracting from dataset (length: 10000)
Shuffling and extraction done
Calculating power spectrum
Expansion coefficients done
Computing training kernel
     Calculating kernels for center species 1
     Calculating kernels for center species 1
Beginning first index add...
Beginning second index add...
     Calculating kernels for center species 6
     Calculating kernels for center species 6
Beginning first index add...
Beginning second index add...
Training kernel done
Computing test kernel
     Calculating kernels for center species 1
     Calculating kernels for center species 1
Beginning first index add...
Beginning second index add...
     Calculating kernels for center species 6
     Calculating kernels for center species 6
Beginning first index add...
Beginning second index add...
Test kernel done
Calculating composition features
Composition features done
-8.0 19.53592463347985
-7.8 17.498400219909893
-7.6 15.792141865811047
-7.4 14.369569292691839
-7.2 13.218043168978472
-7.0 12.328673753459773
-6.8 11.676179244209237
-6.6 11.221403148952989
-6.4 10.924852788346548
-6.2 10.75452529035876
-6.0 10.683774225217194
-5.8 10.686167481453822
-5.6 10.734609934857115
-5.4 10.805993913309036
-5.199999999999999 10.886966557081278
-5.0 10.975939058285391
-4.8 11.079877870470634
-4.6 11.207570441400227
-4.4 11.364109895713462
-4.199999999999999 11.551941713070303
-4.0 11.778264024790795
-3.8 12.062512141656294
-3.5999999999999996 12.439502985018873
-3.3999999999999995 12.959382774226487
-3.1999999999999993 13.684486124032782
-3.0 14.678847490762369
-2.8 15.989716975674945
-2.5999999999999996 17.630639368233197
-2.3999999999999995 19.580698284766722
-2.1999999999999993 21.807945309217075
-2.0 24.30936718414061
-1.7999999999999998 27.141031937001255
-1.5999999999999996 30.406768306078096
-1.3999999999999995 34.202279617526536
-1.1999999999999993 38.54493663067252
-1.0 43.326917827950254
-0.7999999999999998 48.331553277658394
-0.5999999999999996 53.308307783804956
-0.39999999999999947 58.03194935098568
-0.1999999999999993 62.31517768174524
0.0 66.0218163163191
0.20000000000000107 69.09146534439319
0.40000000000000036 71.53881349838494
0.5999999999999996 73.42447139103935
0.8000000000000007 74.82802079837963
1.0 75.83618246487165
1.200000000000001 76.536316679967
1.4000000000000004 77.00871502733536
1.6000000000000014 77.32023654211599
1.8000000000000007 77.52205709506853
2.0 77.65098856860595
2.200000000000001 77.73242905775665
2.4000000000000004 77.78342869576687
2.6000000000000014 77.81519501392884
2.8000000000000007 77.83494552540519
3.0 77.84723760767747
3.200000000000001 77.85490695542927
3.4000000000000004 77.85970558063917
3.6000000000000014 77.86271546646714
3.8000000000000007 77.86460698608992
4.0 77.86579730240405
Result sigma optimization:  -6.0 10.683774225217194
E_max_2 =  400
Cutoff Radius =  6.0
Selected Radial Transform =  21.0
factor =  1.3
displacement =  0.0
dataset =  datasets/random-ch4-10k.extxyz
n_train =  1000
n_test =  2000
Train RMSE: 4.399911719488974 [Train MAE: 3.4747338721015293]
Test RMSE: 10.517020812833568 [Test MAE: 6.143564368194435]
FINISHED at Tue Jan 10 04:36:17 CET 2023
