STARTING AT Tue Jan 10 04:27:30 CET 2023
Random seed: 1000
6 14
Reading dataset
Shuffling and extracting from dataset (length: 10000)
Shuffling and extraction done
Calculating power spectrum
Expansion coefficients done
Computing training kernel
     Calculating kernels for center species 1
     Calculating kernels for center species 1
Beginning first index add...
Beginning second index add...
     Calculating kernels for center species 6
     Calculating kernels for center species 6
Beginning first index add...
Beginning second index add...
Training kernel done
Computing test kernel
     Calculating kernels for center species 1
     Calculating kernels for center species 1
Beginning first index add...
Beginning second index add...
     Calculating kernels for center species 6
     Calculating kernels for center species 6
Beginning first index add...
Beginning second index add...
Test kernel done
Calculating composition features
Composition features done
-8.0 17.8685296191341
-7.8 16.165920277182668
-7.6 14.857227608215293
-7.4 13.891385348477073
-7.2 13.20273137800043
-7.0 12.713916273061516
-6.8 12.348731703263228
-6.6 12.046552048011346
-6.4 11.771782392887241
-6.2 11.515276573465824
-6.0 11.28861953133095
-5.8 11.114996438659757
-5.6 11.019899740743087
-5.4 11.022108498338618
-5.199999999999999 11.124922825751977
-5.0 11.31184445699018
-4.8 11.552829595591504
-4.6 11.818962735884318
-4.4 12.09446071553486
-4.199999999999999 12.379731826699986
-4.0 12.689668317656517
-3.8 13.052755181711463
-3.5999999999999996 13.512008646353996
-3.3999999999999995 14.12590985504545
-3.1999999999999993 14.964673837464975
-3.0 16.09600733844386
-2.8 17.5641113146008
-2.5999999999999996 19.379040055853785
-2.3999999999999995 21.528904074264258
-2.1999999999999993 24.007009714481757
-2.0 26.837768126901366
-1.7999999999999998 30.08807172723965
-1.5999999999999996 33.84021744088819
-1.3999999999999995 38.11986716194216
-1.1999999999999993 42.84195302054526
-1.0 47.82751965234819
-0.7999999999999998 52.84314055065629
-0.5999999999999996 57.624457943307235
-0.39999999999999947 61.92549914440194
-0.1999999999999993 65.59475622450984
0.0 68.60867007684429
0.20000000000000107 71.03111999443651
0.40000000000000036 72.9459393690159
0.5999999999999996 74.42258621817467
0.8000000000000007 75.52184159907392
1.0 76.3086274826343
1.200000000000001 76.85185243371924
1.4000000000000004 77.21611695495504
1.6000000000000014 77.45496496468587
1.8000000000000007 77.60888335921338
2.0 77.70666433107172
2.200000000000001 77.7680197412059
2.4000000000000004 77.80613182557522
2.6000000000000014 77.82965102248879
2.8000000000000007 77.84413380546701
3.0 77.85306757137815
3.200000000000001 77.85860038053002
3.4000000000000004 77.86204256130657
3.6000000000000014 77.86419280701121
3.8000000000000007 77.86554029252113
4.0 77.86638665733491
Result sigma optimization:  -5.6 11.019899740743087
E_max_2 =  400
Cutoff Radius =  6.0
Selected Radial Transform =  21.0
factor =  1.6
displacement =  0.0
dataset =  datasets/random-ch4-10k.extxyz
n_train =  1000
n_test =  2000
Train RMSE: 6.808925164747614 [Train MAE: 5.349180056365589]
Test RMSE: 11.817831008182358 [Test MAE: 7.494831239920196]
FINISHED at Tue Jan 10 04:28:15 CET 2023
