STARTING AT Tue Jan 10 05:58:44 CET 2023
Random seed: 1000
7 18
Reading dataset
Shuffling and extracting from dataset (length: 105092)
Shuffling and extraction done
Calculating power spectrum
Expansion coefficients done
Computing training kernel
     Calculating kernels for center species 79
     Calculating kernels for center species 79
Beginning first index add...
Beginning second index add...
Training kernel done
Computing test kernel
     Calculating kernels for center species 79
     Calculating kernels for center species 79
Beginning first index add...
Beginning second index add...
Test kernel done
Calculating composition features
Composition features done
-8.0 110.86305064079187
-7.8 110.16760332113716
-7.6 109.31455468352488
-7.4 108.33684238925423
-7.2 107.28568516008734
-7.0 106.21657590732082
-6.8 105.17680664241851
-6.6 104.19956097852193
-6.4 103.30285724213545
-6.2 102.48778982934019
-6.0 101.73486647634255
-5.8 101.00415238415412
-5.6 100.24518926220716
-5.4 99.41454023026792
-5.199999999999999 98.48766439854923
-5.0 97.44962232016816
-4.8 96.26711249876789
-4.6 94.87083714678403
-4.4 93.17935653822484
-4.199999999999999 91.16058412359908
-4.0 88.88675506551608
-3.8 86.53559864094629
-3.5999999999999996 84.32860127434282
-3.3999999999999995 82.4459935564158
-3.1999999999999993 80.9790728050846
-3.0 79.9495394354406
-2.8 79.36555172408322
-2.5999999999999996 79.25703300720993
-2.3999999999999995 79.66707497279842
-2.1999999999999993 80.62719590105274
-2.0 82.15447308987918
-1.7999999999999998 84.27886931689468
-1.5999999999999996 87.08017354756505
-1.3999999999999995 90.7087598719323
-1.1999999999999993 95.36635388943533
-1.0 101.22622825772615
-0.7999999999999998 108.31497741638918
-0.5999999999999996 116.44747338181018
-0.39999999999999947 125.2941319070296
-0.1999999999999993 134.54236055784898
0.0 144.0290458382463
0.20000000000000107 153.76048733750224
0.40000000000000036 163.86063375250487
0.5999999999999996 174.5743170996198
0.8000000000000007 186.35635021942886
1.0 199.88342014409704
1.200000000000001 215.8352526201874
1.4000000000000004 234.5845694427573
1.6000000000000014 256.2022321799032
1.8000000000000007 280.95533186396784
2.0 309.75886553426346
2.200000000000001 343.7285672680288
2.4000000000000004 382.89695041956026
2.6000000000000014 425.5498825144477
2.8000000000000007 469.36238437823465
3.0 513.3104470366645
3.200000000000001 558.1651479873723
3.4000000000000004 604.8342250562042
3.6000000000000014 652.2466288205794
3.8000000000000007 697.180013150684
4.0 736.1797257230298
Result sigma optimization:  -2.5999999999999996 79.25703300720993
E_max_2 =  600
Cutoff Radius =  6.0
Selected Radial Transform =  21.0
factor =  0.3
displacement =  0.0
dataset =  datasets/gold.xyz
n_train =  1000
n_test =  2000
Train RMSE: 45.523703385116505 [Train MAE: 32.13436447485931]
Test RMSE: 77.80812181483503 [Test MAE: 49.203021623104526]
FINISHED at Tue Jan 10 05:59:30 CET 2023
