STARTING AT Tue Jan 10 04:29:00 CET 2023
Random seed: 1000
8 20
Reading dataset
Shuffling and extracting from dataset (length: 10000)
Shuffling and extraction done
Calculating power spectrum
Expansion coefficients done
Computing training kernel
     Calculating kernels for center species 1
     Calculating kernels for center species 1
Beginning first index add...
Beginning second index add...
     Calculating kernels for center species 6
     Calculating kernels for center species 6
Beginning first index add...
Beginning second index add...
Training kernel done
Computing test kernel
     Calculating kernels for center species 1
     Calculating kernels for center species 1
Beginning first index add...
Beginning second index add...
     Calculating kernels for center species 6
     Calculating kernels for center species 6
Beginning first index add...
Beginning second index add...
Test kernel done
Calculating composition features
Composition features done
-8.0 37.831536221677084
-7.8 33.56312309414672
-7.6 29.026309702897432
-7.4 24.662576570665937
-7.2 20.915569476163828
-7.0 18.070152962402783
-6.8 16.201670309042004
-6.6 15.194153295909796
-6.4 14.824896180408432
-6.2 14.880532271336303
-6.0 15.203976726363678
-5.8 15.65765022446566
-5.6 16.089883123329784
-5.4 16.357975532895644
-5.199999999999999 16.38206913067279
-5.0 16.179409777778613
-4.8 15.85143243001286
-4.6 15.529829481834215
-4.4 15.313957979995362
-4.199999999999999 15.239037979164639
-4.0 15.290180601220687
-3.8 15.436599738208784
-3.5999999999999996 15.654414530996478
-3.3999999999999995 15.935396096995794
-3.1999999999999993 16.291970881115706
-3.0 16.758167416786694
-2.8 17.3808639623032
-2.5999999999999996 18.203040111689702
-2.3999999999999995 19.24746889476802
-2.1999999999999993 20.508581318169426
-2.0 21.954278014102638
-1.7999999999999998 23.537824800638855
-1.5999999999999996 25.219888413891702
-1.3999999999999995 26.988245072840336
-1.1999999999999993 28.86537226074997
-1.0 30.922066209468717
-0.7999999999999998 33.308463474099945
-0.5999999999999996 36.26467330395902
-0.39999999999999947 40.04194808031499
-0.1999999999999993 44.71309318290536
0.0 50.01017536527835
0.20000000000000107 55.396334176116035
0.40000000000000036 60.34162982527433
0.5999999999999996 64.54577751534532
0.8000000000000007 67.95690498138806
1.0 70.65708332032956
1.200000000000001 72.75285434045793
1.4000000000000004 74.33585767296422
1.6000000000000014 75.49027282182871
1.8000000000000007 76.3020508585529
2.0 76.8550498511377
2.200000000000001 77.2225450325705
2.4000000000000004 77.46235496559548
2.6000000000000014 77.61675674833575
2.8000000000000007 77.71508022375097
3.0 77.7769775966477
3.200000000000001 77.81534289883034
3.4000000000000004 77.83856990397389
3.6000000000000014 77.85215685641288
3.8000000000000007 77.85975652341548
4.0 77.86379947748753
Result sigma optimization:  -6.4 14.824896180408432
E_max_2 =  700
Cutoff Radius =  6.0
Selected Radial Transform =  21.0
factor =  2.4
displacement =  0.0
dataset =  datasets/random-ch4-10k.extxyz
n_train =  1000
n_test =  2000
Train RMSE: 7.8272775681056235 [Train MAE: 6.1039007975236705]
Test RMSE: 25.19483184714584 [Test MAE: 10.632135851567392]
FINISHED at Tue Jan 10 04:29:37 CET 2023
