STARTING AT Tue Jan 10 06:04:47 CET 2023
Random seed: 1000
7 16
Reading dataset
Shuffling and extracting from dataset (length: 105092)
Shuffling and extraction done
Calculating power spectrum
Expansion coefficients done
Computing training kernel
     Calculating kernels for center species 79
     Calculating kernels for center species 79
Beginning first index add...
Beginning second index add...
Training kernel done
Computing test kernel
     Calculating kernels for center species 79
     Calculating kernels for center species 79
Beginning first index add...
Beginning second index add...
Test kernel done
Calculating composition features
Composition features done
-8.0 489.8338340898259
-7.8 498.53907375832335
-7.6 504.4278450314644
-7.4 508.31575280273137
-7.2 510.841174228581
-7.0 512.4644310560029
-6.8 513.5005602010397
-6.6 514.1589390262708
-6.4 514.5760984849783
-6.2 514.8403862382256
-6.0 515.0094724629344
-5.8 515.1234141208134
-5.6 515.2163092148295
-5.4 515.3316734264956
-5.199999999999999 515.5506741202887
-5.0 516.0513232450869
-4.8 517.2311797238361
-4.6 519.936619455765
-4.4 525.8034869500881
-4.199999999999999 537.5204806174927
-4.0 558.4323374523534
-3.8 590.8197600514849
-3.5999999999999996 633.5118416526954
-3.3999999999999995 681.3113778745418
-3.1999999999999993 727.4570552633561
-3.0 766.8597002975711
-2.8 797.4712626560637
-2.5999999999999996 819.674570201646
-2.3999999999999995 835.0274601969118
-2.1999999999999993 845.3068433697795
-2.0 852.0446401207506
-1.7999999999999998 856.4005514790322
-1.5999999999999996 859.1917504150773
-1.3999999999999995 860.9702141197228
-1.1999999999999993 862.0993257118373
-1.0 862.8145429548882
-0.7999999999999998 863.2669312680463
-0.5999999999999996 863.5528128581695
-0.39999999999999947 863.7333658715936
-0.1999999999999993 863.8473515442862
0.0 863.9192895507751
0.20000000000000107 863.9646742076575
0.40000000000000036 863.9932884673626
0.5999999999999996 864.0113034399427
0.8000000000000007 864.0226056173314
1.0 864.0296339102491
1.200000000000001 864.0339054774647
1.4000000000000004 864.036343289929
1.6000000000000014 864.0374762016473
1.8000000000000007 864.0375554438466
2.0 864.0366146637473
2.200000000000001 864.03449116614
2.4000000000000004 864.0308234678546
2.6000000000000014 864.0250464766783
2.8000000000000007 864.0164230775516
3.0 864.0041753414379
3.200000000000001 863.9877807426374
3.4000000000000004 863.9674127700184
3.6000000000000014 863.9442963118872
3.8000000000000007 863.9205931190966
4.0 863.8986839461049
Result sigma optimization:  -8.0 489.8338340898259
E_max_2 =  500
Cutoff Radius =  6.0
Selected Radial Transform =  21.0
factor =  3.0
displacement =  0.0
dataset =  datasets/gold.xyz
n_train =  1000
n_test =  2000
Train RMSE: 486.0549299310986 [Train MAE: 375.0177706188102]
Test RMSE: 481.299234797557 [Test MAE: 371.1683825106333]
FINISHED at Tue Jan 10 06:07:57 CET 2023
