STARTING AT Tue Jan 10 04:34:03 CET 2023
Random seed: 1000
8 20
Reading dataset
Shuffling and extracting from dataset (length: 10000)
Shuffling and extraction done
Calculating power spectrum
Expansion coefficients done
Computing training kernel
     Calculating kernels for center species 1
     Calculating kernels for center species 1
Beginning first index add...
Beginning second index add...
     Calculating kernels for center species 6
     Calculating kernels for center species 6
Beginning first index add...
Beginning second index add...
Training kernel done
Computing test kernel
     Calculating kernels for center species 1
     Calculating kernels for center species 1
Beginning first index add...
Beginning second index add...
     Calculating kernels for center species 6
     Calculating kernels for center species 6
Beginning first index add...
Beginning second index add...
Test kernel done
Calculating composition features
Composition features done
-8.0 82.66091257705402
-7.8 71.44860724821422
-7.6 62.82778438396081
-7.4 56.30148630410399
-7.2 51.06234658825334
-7.0 46.423195927132745
-6.8 42.06652325631737
-6.6 37.96783813765774
-6.4 34.195659348407716
-6.2 30.790195939034604
-6.0 27.766534723519026
-5.8 25.150129844872172
-5.6 22.964855232884197
-5.4 21.201198156667026
-5.199999999999999 19.814488279767815
-5.0 18.747781251490167
-4.8 17.952954061361552
-4.6 17.396027561126544
-4.4 17.046425779537763
-4.199999999999999 16.862697108605094
-4.0 16.78903420723306
-3.8 16.766474078168795
-3.5999999999999996 16.75324508062623
-3.3999999999999995 16.74384082425826
-3.1999999999999993 16.775938920842844
-3.0 16.9199111900825
-2.8 17.254196426510397
-2.5999999999999996 17.837374448402322
-2.3999999999999995 18.690142862458398
-2.1999999999999993 19.79209654358096
-2.0 21.086827558006178
-1.7999999999999998 22.490848751229073
-1.5999999999999996 23.912613525619822
-1.3999999999999995 25.284421298591823
-1.1999999999999993 26.593096664337672
-1.0 27.894483834052618
-0.7999999999999998 29.31930266975913
-0.5999999999999996 31.086445332655902
-0.39999999999999947 33.501022281908625
-0.1999999999999993 36.867186423265856
0.0 41.2972032530319
0.20000000000000107 46.560814772112685
0.40000000000000036 52.15246951850798
0.5999999999999996 57.52990650380075
0.8000000000000007 62.312813574353825
1.0 66.32926386526479
1.200000000000001 69.55710206184051
1.4000000000000004 72.0515513050161
1.6000000000000014 73.90491379643716
1.8000000000000007 75.22977807651655
2.0 76.14478566293549
2.200000000000001 76.75938919847107
2.4000000000000004 77.16366989210843
2.6000000000000014 77.42558215582042
2.8000000000000007 77.59332162304034
3.0 77.69967464930187
3.200000000000001 77.76636114717827
3.4000000000000004 77.80757125159131
3.6000000000000014 77.8325541020109
3.8000000000000007 77.84736677476639
4.0 77.85597181933538
Result sigma optimization:  -3.3999999999999995 16.74384082425826
E_max_2 =  700
Cutoff Radius =  6.0
Selected Radial Transform =  22.0
factor =  2.3
displacement =  0.0
dataset =  datasets/random-ch4-10k.extxyz
n_train =  1000
n_test =  2000
Train RMSE: 11.48405141317709 [Train MAE: 9.099332974730693]
Test RMSE: 16.45909922535896 [Test MAE: 11.344325451074862]
FINISHED at Tue Jan 10 04:38:02 CET 2023
