STARTING AT Tue Jan 10 04:34:03 CET 2023
Random seed: 1000
7 16
Reading dataset
Shuffling and extracting from dataset (length: 10000)
Shuffling and extraction done
Calculating power spectrum
Expansion coefficients done
Computing training kernel
     Calculating kernels for center species 1
     Calculating kernels for center species 1
Beginning first index add...
Beginning second index add...
     Calculating kernels for center species 6
     Calculating kernels for center species 6
Beginning first index add...
Beginning second index add...
Training kernel done
Computing test kernel
     Calculating kernels for center species 1
     Calculating kernels for center species 1
Beginning first index add...
Beginning second index add...
     Calculating kernels for center species 6
     Calculating kernels for center species 6
Beginning first index add...
Beginning second index add...
Test kernel done
Calculating composition features
Composition features done
-8.0 59.391458987037076
-7.8 53.008957390142925
-7.6 47.29486388270791
-7.4 42.510144391283866
-7.2 38.764261105594564
-7.0 35.92287165265429
-6.8 33.685616226390934
-6.6 31.719129595010703
-6.4 29.756527805738177
-6.2 27.656060705851807
-6.0 25.422001379820074
-5.8 23.18116056172979
-5.6 21.122516682324328
-5.4 19.424665205749324
-5.199999999999999 18.19532924750404
-5.0 17.43960114438511
-4.8 17.06848514884896
-4.6 16.9426948294888
-4.4 16.927349196696873
-4.199999999999999 16.933102424360907
-4.0 16.932747726370305
-3.8 16.955447738477837
-3.5999999999999996 17.06654928613779
-3.3999999999999995 17.342223455928327
-3.1999999999999993 17.84823059048509
-3.0 18.6263534349395
-2.8 19.683591913313425
-2.5999999999999996 20.981617042189054
-2.3999999999999995 22.437421276604525
-2.1999999999999993 23.948857879092774
-2.0 25.436695756520827
-1.7999999999999998 26.876859724908737
-1.5999999999999996 28.315923662252843
-1.3999999999999995 29.887088963247873
-1.1999999999999993 31.82394351798407
-1.0 34.43046689706302
-0.7999999999999998 37.971562767237415
-0.5999999999999996 42.51427913013875
-0.39999999999999947 47.823824071520875
-0.1999999999999993 53.41770069430229
0.0 58.76334229123946
0.20000000000000107 63.472751402596685
0.40000000000000036 67.36900262095081
0.5999999999999996 70.43778001141045
0.8000000000000007 72.75369032419873
1.0 74.43305245083009
1.200000000000001 75.60755692801663
1.4000000000000004 76.40449375554003
1.6000000000000014 76.93271973008014
1.8000000000000007 77.27683865131422
2.0 77.49816587179346
2.200000000000001 77.63904198332955
2.4000000000000004 77.72779675291
2.6000000000000014 77.78304635937599
2.8000000000000007 77.81694245084478
3.0 77.83741692402248
3.200000000000001 77.84962701531734
3.4000000000000004 77.85686446478054
3.6000000000000014 77.86116324594776
3.8000000000000007 77.86373792585395
4.0 77.86529724110211
Result sigma optimization:  -4.4 16.927349196696873
E_max_2 =  500
Cutoff Radius =  6.0
Selected Radial Transform =  22.0
factor =  2.3
displacement =  0.0
dataset =  datasets/random-ch4-10k.extxyz
n_train =  1000
n_test =  2000
Train RMSE: 11.320615133170788 [Train MAE: 8.97429016505083]
Test RMSE: 15.716483333515251 [Test MAE: 11.014177451533627]
FINISHED at Tue Jan 10 04:37:01 CET 2023
