STARTING AT Tue Jan 10 06:13:21 CET 2023
Random seed: 1000
7 16
Reading dataset
Shuffling and extracting from dataset (length: 105092)
Shuffling and extraction done
Calculating power spectrum
Expansion coefficients done
Computing training kernel
     Calculating kernels for center species 79
     Calculating kernels for center species 79
Beginning first index add...
Beginning second index add...
Training kernel done
Computing test kernel
     Calculating kernels for center species 79
     Calculating kernels for center species 79
Beginning first index add...
Beginning second index add...
Test kernel done
Calculating composition features
Composition features done
-8.0 635.579392104891
-7.8 635.7128689250258
-7.6 635.7962863196533
-7.4 635.8489942378741
-7.2 635.8831804490512
-7.0 635.9091706255787
-6.8 635.9395866802429
-6.6 635.9982388828015
-6.4 636.1385794673529
-6.2 636.4849191597812
-6.0 637.3172942446681
-5.8 639.2262306036623
-5.6 643.3308336721685
-5.4 651.4199298779273
-5.199999999999999 665.6363723170307
-5.0 687.3301313984699
-4.8 715.5671181143344
-4.6 746.8559427660966
-4.4 776.7998498172813
-4.199999999999999 802.1802520117233
-4.0 821.7801881580236
-3.8 835.9314531928202
-3.5999999999999996 845.6842391260327
-3.3999999999999995 852.1991837226196
-3.1999999999999993 856.4629657163947
-3.0 859.216679967357
-2.8 860.9800676928946
-2.5999999999999996 862.1031738182804
-2.3999999999999995 862.8160224432844
-2.1999999999999993 863.2674890228719
-2.0 863.5530204625766
-1.7999999999999998 863.73344803017
-1.5999999999999996 863.8473973627562
-1.3999999999999995 863.9193369563415
-1.1999999999999993 863.964744181961
-1.0 863.9933999635425
-0.7999999999999998 864.0114816014208
-0.5999999999999996 864.0228888151854
-0.39999999999999947 864.0300825794188
-0.1999999999999993 864.0346151635005
0.0 864.0374647271314
0.20000000000000107 864.0392462738342
0.40000000000000036 864.0403443302774
0.5999999999999996 864.0409959273397
0.8000000000000007 864.0413417767443
1.0 864.0414567018312
1.200000000000001 864.041365943176
1.4000000000000004 864.04105099703
1.6000000000000014 864.0404465917703
1.8000000000000007 864.0394289930089
2.0 864.0377951369795
2.200000000000001 864.0352328134799
2.4000000000000004 864.031286013188
2.6000000000000014 864.0253298359813
2.8000000000000007 864.0165894154558
3.0 864.0042633604908
3.200000000000001 863.9878152897741
3.4000000000000004 863.9674113939255
3.6000000000000014 863.9442731645565
3.8000000000000007 863.9205601488753
4.0 863.8986501936815
Result sigma optimization:  -8.0 635.579392104891
E_max_2 =  500
Cutoff Radius =  6.0
Selected Radial Transform =  22.0
factor =  3.5
displacement =  0.0
dataset =  datasets/gold.xyz
n_train =  1000
n_test =  2000
Train RMSE: 634.0727165141917 [Train MAE: 497.9264832679902]
Test RMSE: 628.1509694964349 [Test MAE: 494.1903689044622]
FINISHED at Tue Jan 10 06:14:09 CET 2023
