STARTING AT Tue Jan 10 04:31:01 CET 2023
Random seed: 1000
6 14
Reading dataset
Shuffling and extracting from dataset (length: 10000)
Shuffling and extraction done
Calculating power spectrum
Expansion coefficients done
Computing training kernel
     Calculating kernels for center species 1
     Calculating kernels for center species 1
Beginning first index add...
Beginning second index add...
     Calculating kernels for center species 6
     Calculating kernels for center species 6
Beginning first index add...
Beginning second index add...
Training kernel done
Computing test kernel
     Calculating kernels for center species 1
     Calculating kernels for center species 1
Beginning first index add...
Beginning second index add...
     Calculating kernels for center species 6
     Calculating kernels for center species 6
Beginning first index add...
Beginning second index add...
Test kernel done
Calculating composition features
Composition features done
-8.0 26.106898891885148
-7.8 26.104685396005756
-7.6 26.101196379803593
-7.4 26.095714065081793
-7.2 26.087141676160226
-7.0 26.07383813823162
-6.8 26.053427179923016
-6.6 26.02263896184105
-6.4 25.97731625146586
-6.2 25.912790558185407
-6.0 25.824794499036464
-5.8 25.710773099500038
-5.6 25.570966523298555
-5.4 25.408513425945916
-5.199999999999999 25.22850620528638
-5.0 25.036680424686843
-4.8 24.838141246762753
-4.6 24.635799536357055
-4.4 24.428524375084802
-4.199999999999999 24.210541303232805
-4.0 23.974732111536724
-3.8 23.720735338670384
-3.5999999999999996 23.46352506195918
-3.3999999999999995 23.235031722299148
-3.1999999999999993 23.076197891073367
-3.0 23.024473039843084
-2.8 23.103245493231142
-2.5999999999999996 23.316719467808515
-2.3999999999999995 23.651794201986522
-2.1999999999999993 24.086173425553387
-2.0 24.59969384170853
-1.7999999999999998 25.18660765302673
-1.5999999999999996 25.86624575003952
-1.3999999999999995 26.688584812926422
-1.1999999999999993 27.733605529040144
-1.0 29.101658464837985
-0.7999999999999998 30.88666224005311
-0.5999999999999996 33.13701291632502
-0.39999999999999947 35.83525667541515
-0.1999999999999993 38.914798943163696
0.0 42.28603238380846
0.20000000000000107 45.839902031104245
0.40000000000000036 49.43981602245923
0.5999999999999996 52.94177813729271
0.8000000000000007 56.252647068448006
1.0 59.371161970830165
1.200000000000001 62.352634926250644
1.4000000000000004 65.22101562568983
1.6000000000000014 67.91463065388365
1.8000000000000007 70.31348340577422
2.0 72.31172512021602
2.200000000000001 73.86978115934345
2.4000000000000004 75.0186499981345
2.6000000000000014 75.8329805078673
2.8000000000000007 76.40004449105903
3.0 76.79845408326983
3.200000000000001 77.08748530804132
3.4000000000000004 77.30462510553225
3.6000000000000014 77.46988201376159
3.8000000000000007 77.59368924676754
4.0 77.68344249621299
Result sigma optimization:  -3.0 23.024473039843084
E_max_2 =  400
Cutoff Radius =  6.0
Selected Radial Transform =  22.0
factor =  0.5
displacement =  0.0
dataset =  datasets/random-ch4-10k.extxyz
n_train =  1000
n_test =  2000
Train RMSE: 7.334175435573282 [Train MAE: 4.674179498468388]
Test RMSE: 21.380017398400977 [Test MAE: 10.543216263881876]
FINISHED at Tue Jan 10 04:31:35 CET 2023
