STARTING AT Tue Jan 10 06:07:48 CET 2023
Random seed: 1000
5 11
Reading dataset
Shuffling and extracting from dataset (length: 105092)
Shuffling and extraction done
Calculating power spectrum
Expansion coefficients done
Computing training kernel
     Calculating kernels for center species 79
     Calculating kernels for center species 79
Beginning first index add...
Beginning second index add...
Training kernel done
Computing test kernel
     Calculating kernels for center species 79
     Calculating kernels for center species 79
Beginning first index add...
Beginning second index add...
Test kernel done
Calculating composition features
Composition features done
-8.0 104.76408400261401
-7.8 105.70091407948874
-7.6 106.63590608231517
-7.4 107.55283234491388
-7.2 108.45165067549277
-7.0 109.34377319902977
-6.8 110.24489875444064
-6.6 111.1649296679259
-6.4 112.10276397306971
-6.2 113.05454081191819
-6.0 114.0343930654182
-5.8 115.09436760397438
-5.6 116.3220714552809
-5.4 117.80763244811394
-5.199999999999999 119.6091178797344
-5.0 121.76454146106498
-4.8 124.35525156085541
-4.6 127.5587711348476
-4.4 131.62231275182623
-4.199999999999999 136.77773598571704
-4.0 143.22562017093153
-3.8 151.24377229481394
-3.5999999999999996 161.21122758783065
-3.3999999999999995 173.2933020234772
-3.1999999999999993 187.00923544650604
-3.0 201.2936633696812
-2.8 215.13813582006614
-2.5999999999999996 228.14403014808428
-2.3999999999999995 240.50224912829748
-2.1999999999999993 252.6282648088495
-2.0 264.9472812410557
-1.7999999999999998 277.9828483702479
-1.5999999999999996 292.4336260865048
-1.3999999999999995 308.9028039933666
-1.1999999999999993 327.4351726410335
-1.0 347.3320998678994
-0.7999999999999998 367.43380064716126
-0.5999999999999996 386.75360325715735
-0.39999999999999947 405.2952435042652
-0.1999999999999993 424.7707052364169
0.0 448.799702837534
0.20000000000000107 481.96516572442806
0.40000000000000036 527.2442167290432
0.5999999999999996 583.0937700773626
0.8000000000000007 643.2354773201539
1.0 699.9177865958308
1.200000000000001 747.6029453517277
1.4000000000000004 784.3120326364874
1.6000000000000014 810.7895072887991
1.8000000000000007 829.0370287736114
2.0 841.2354316386577
2.200000000000001 849.2353943379295
2.4000000000000004 854.4268863229856
2.6000000000000014 857.781449806515
2.8000000000000007 859.9472312660324
3.0 861.3449016381362
3.200000000000001 862.245172821749
3.4000000000000004 862.8230822402733
3.6000000000000014 863.1925770118087
3.8000000000000007 863.4279456712275
4.0 863.5774309952191
Result sigma optimization:  -8.0 104.76408400261401
E_max_2 =  300
Cutoff Radius =  6.0
Selected Radial Transform =  22.0
factor =  1.0
displacement =  0.0
dataset =  datasets/gold.xyz
n_train =  1000
n_test =  2000
Train RMSE: 94.21845501978513 [Train MAE: 72.05873616622847]
Test RMSE: 107.38508111911965 [Test MAE: 79.0372138419794]
FINISHED at Tue Jan 10 06:12:31 CET 2023
