STARTING AT Tue Jan 10 06:07:48 CET 2023
Random seed: 1000
8 20
Reading dataset
Shuffling and extracting from dataset (length: 105092)
Shuffling and extraction done
Calculating power spectrum
Expansion coefficients done
Computing training kernel
     Calculating kernels for center species 79
     Calculating kernels for center species 79
Beginning first index add...
Beginning second index add...
Training kernel done
Computing test kernel
     Calculating kernels for center species 79
     Calculating kernels for center species 79
Beginning first index add...
Beginning second index add...
Test kernel done
Calculating composition features
Composition features done
-8.0 116.28007376895496
-7.8 113.33928460308321
-7.6 110.54047783218611
-7.4 108.02040073342627
-7.2 105.93353056000997
-7.0 104.39234701683965
-6.8 103.40461714213791
-6.6 102.86508881044445
-6.4 102.61432204639922
-6.2 102.51340920067206
-6.0 102.47918122891215
-5.8 102.47794963015305
-5.6 102.51325679776554
-5.4 102.62509201492647
-5.199999999999999 102.88810769878714
-5.0 103.39250239869783
-4.8 104.20405480669213
-4.6 105.32124603003429
-4.4 106.66309383739336
-4.199999999999999 108.1063658367675
-4.0 109.54834192314274
-3.8 110.94742960384713
-3.5999999999999996 112.31863724246945
-3.3999999999999995 113.70314551983667
-3.1999999999999993 115.14198237744014
-3.0 116.66172010945148
-2.8 118.26607423269857
-2.5999999999999996 119.93533952957283
-2.3999999999999995 121.64288565227763
-2.1999999999999993 123.38819782245484
-2.0 125.23058380311312
-1.7999999999999998 127.3143933955857
-1.5999999999999996 129.90492586735436
-1.3999999999999995 133.45715896709044
-1.1999999999999993 138.6738182546428
-1.0 146.40411059392972
-0.7999999999999998 157.2353533942272
-0.5999999999999996 170.9388906878924
-0.39999999999999947 186.33127288946557
-0.1999999999999993 201.86434135862675
0.0 216.48809704103806
0.20000000000000107 230.13462805071046
0.40000000000000036 243.6570480250005
0.5999999999999996 258.3875832566872
0.8000000000000007 275.4385197110578
1.0 294.98263764745207
1.200000000000001 316.0972219211379
1.4000000000000004 337.47544745243147
1.6000000000000014 358.32869959200934
1.8000000000000007 378.6211367078619
2.0 398.78796387398745
2.200000000000001 419.78508842226057
2.4000000000000004 443.7015948753983
2.6000000000000014 474.01455314019364
2.8000000000000007 514.241146848126
3.0 565.0809498278783
3.200000000000001 622.5637475921908
3.4000000000000004 679.6435097358761
3.6000000000000014 729.9002948571862
3.8000000000000007 770.0005755140126
4.0 799.7127867903474
Result sigma optimization:  -5.8 102.47794963015305
E_max_2 =  700
Cutoff Radius =  6.0
Selected Radial Transform =  22.0
factor =  0.9
displacement =  0.0
dataset =  datasets/gold.xyz
n_train =  1000
n_test =  2000
Train RMSE: 65.9738714720668 [Train MAE: 50.34938963352478]
Test RMSE: 108.28420082752136 [Test MAE: 75.80833524508672]
FINISHED at Tue Jan 10 06:11:28 CET 2023
