STARTING AT Tue Jan 10 04:30:31 CET 2023
Random seed: 1000
7 16
Reading dataset
Shuffling and extracting from dataset (length: 10000)
Shuffling and extraction done
Calculating power spectrum
Expansion coefficients done
Computing training kernel
     Calculating kernels for center species 1
     Calculating kernels for center species 1
Beginning first index add...
Beginning second index add...
     Calculating kernels for center species 6
     Calculating kernels for center species 6
Beginning first index add...
Beginning second index add...
Training kernel done
Computing test kernel
     Calculating kernels for center species 1
     Calculating kernels for center species 1
Beginning first index add...
Beginning second index add...
     Calculating kernels for center species 6
     Calculating kernels for center species 6
Beginning first index add...
Beginning second index add...
Test kernel done
Calculating composition features
Composition features done
-8.0 45.04658827151839
-7.8 45.045971260312534
-7.6 45.04499416265672
-7.4 45.0434475317159
-7.2 45.041001226209104
-7.0 45.037136458059805
-6.8 45.03104205171518
-6.6 45.02145975500007
-6.4 45.00646240008093
-6.2 44.98315735509714
-6.0 44.94734201197901
-5.8 44.893226019426564
-5.6 44.813512680197775
-5.4 44.7003836584002
-5.199999999999999 44.54805217353325
-5.0 44.35699921384291
-4.8 44.138245482270904
-4.6 43.913837619267504
-4.4 43.710191352687204
-4.199999999999999 43.54623436872464
-4.0 43.4242929269188
-3.8 43.330440160040816
-3.5999999999999996 43.24233101353424
-3.3999999999999995 43.136985209555924
-3.1999999999999993 42.99580592824606
-3.0 42.81077857539009
-2.8 42.59368532695716
-2.5999999999999996 42.38380682654082
-2.3999999999999995 42.24725900468239
-2.1999999999999993 42.26396041373079
-2.0 42.50452944304206
-1.7999999999999998 43.00595312683174
-1.5999999999999996 43.75778589529608
-1.3999999999999995 44.707578462730595
-1.1999999999999993 45.78405913356747
-1.0 46.923577095541546
-0.7999999999999998 48.083627024690266
-0.5999999999999996 49.242871850187484
-0.39999999999999947 50.39889422210547
-0.1999999999999993 51.5653118381109
0.0 52.76043943230497
0.20000000000000107 53.99372007390444
0.40000000000000036 55.27034494816032
0.5999999999999996 56.61552045278694
0.8000000000000007 58.08488816741725
1.0 59.73026209077233
1.200000000000001 61.54491348144224
1.4000000000000004 63.451704001267814
1.6000000000000014 65.34983421716055
1.8000000000000007 67.1632964529296
2.0 68.8474957955718
2.200000000000001 70.37360215512658
2.4000000000000004 71.7211944548792
2.6000000000000014 72.87851756722125
2.8000000000000007 73.84125358061529
3.0 74.61291721303022
3.200000000000001 75.20869272316966
3.4000000000000004 75.6558217801865
3.6000000000000014 75.98731809921203
3.8000000000000007 76.23486321868539
4.0 76.42668058110876
Result sigma optimization:  -2.3999999999999995 42.24725900468239
E_max_2 =  500
Cutoff Radius =  6.0
Selected Radial Transform =  22.0
factor =  0.3
displacement =  0.0
dataset =  datasets/random-ch4-10k.extxyz
n_train =  1000
n_test =  2000
Train RMSE: 18.38828784279512 [Train MAE: 11.5199439722965]
Test RMSE: 40.62437570159619 [Test MAE: 22.11881888794248]
FINISHED at Tue Jan 10 04:33:18 CET 2023
