STARTING AT Tue Jan 10 04:30:01 CET 2023
Random seed: 1000
5 11
Reading dataset
Shuffling and extracting from dataset (length: 10000)
Shuffling and extraction done
Calculating power spectrum
Expansion coefficients done
Computing training kernel
     Calculating kernels for center species 1
     Calculating kernels for center species 1
Beginning first index add...
Beginning second index add...
     Calculating kernels for center species 6
     Calculating kernels for center species 6
Beginning first index add...
Beginning second index add...
Training kernel done
Computing test kernel
     Calculating kernels for center species 1
     Calculating kernels for center species 1
Beginning first index add...
Beginning second index add...
     Calculating kernels for center species 6
     Calculating kernels for center species 6
Beginning first index add...
Beginning second index add...
Test kernel done
Calculating composition features
Composition features done
-8.0 58.95743221556074
-7.8 59.08400038618358
-7.6 59.232098476873134
-7.4 59.41449561662448
-7.2 59.63442726918174
-7.0 59.88021243852349
-6.8 60.13142254727826
-6.6 60.376431880997934
-6.4 60.61052573039172
-6.2 60.830700509555975
-6.0 61.03094455877316
-5.8 61.20426102829146
-5.6 61.349859345979596
-5.4 61.47659291435186
-5.199999999999999 61.60290049898487
-5.0 61.75162174374738
-4.8 61.941239212095994
-4.6 62.180202727688524
-4.4 62.46884516158562
-4.199999999999999 62.804700565179715
-4.0 63.18547853311172
-3.8 63.60821872681761
-3.5999999999999996 64.06538634415693
-3.3999999999999995 64.54099768841998
-3.1999999999999993 65.01203832728035
-3.0 65.45680718932289
-2.8 65.86389092750882
-2.5999999999999996 66.23315185889032
-2.3999999999999995 66.56811023744409
-2.1999999999999993 66.86812130854747
-2.0 67.12800049251577
-1.7999999999999998 67.3448403277172
-1.5999999999999996 67.52609055777671
-1.3999999999999995 67.69352872623912
-1.1999999999999993 67.88115173985312
-1.0 68.12699088061368
-0.7999999999999998 68.4607015314687
-0.5999999999999996 68.89221464227629
-0.39999999999999947 69.40694732394951
-0.1999999999999993 69.97023578824835
0.0 70.54205686548968
0.20000000000000107 71.09526634449242
0.40000000000000036 71.62192315727343
0.5999999999999996 72.12192295257938
0.8000000000000007 72.5874714704088
1.0 73.0007560235704
1.200000000000001 73.3458330831486
1.4000000000000004 73.62087574586268
1.6000000000000014 73.84094353223323
1.8000000000000007 74.03266033161975
2.0 74.22499487094292
2.200000000000001 74.43852306172958
2.4000000000000004 74.67737395241015
2.6000000000000014 74.92935260053913
2.8000000000000007 75.17415200604265
3.0 75.3939615530808
3.200000000000001 75.5814012861977
3.4000000000000004 75.74257591558792
3.6000000000000014 75.89518233856897
3.8000000000000007 76.06198733387457
4.0 76.259834536804
Result sigma optimization:  -8.0 58.95743221556074
E_max_2 =  300
Cutoff Radius =  6.0
Selected Radial Transform =  22.0
factor =  0.1
displacement =  0.0
dataset =  datasets/random-ch4-10k.extxyz
n_train =  1000
n_test =  2000
Train RMSE: 50.93890645031035 [Train MAE: 28.594405906538327]
Test RMSE: 57.994199258525505 [Test MAE: 34.44456276982641]
FINISHED at Tue Jan 10 04:32:42 CET 2023
