STARTING AT Tue Jan 10 04:37:04 CET 2023
Random seed: 1000
7 16
Reading dataset
Shuffling and extracting from dataset (length: 10000)
Shuffling and extraction done
Calculating power spectrum
Expansion coefficients done
Computing training kernel
     Calculating kernels for center species 1
     Calculating kernels for center species 1
Beginning first index add...
Beginning second index add...
     Calculating kernels for center species 6
     Calculating kernels for center species 6
Beginning first index add...
Beginning second index add...
Training kernel done
Computing test kernel
     Calculating kernels for center species 1
     Calculating kernels for center species 1
Beginning first index add...
Beginning second index add...
     Calculating kernels for center species 6
     Calculating kernels for center species 6
Beginning first index add...
Beginning second index add...
Test kernel done
Calculating composition features
Composition features done
-8.0 33.4478673816522
-7.8 30.836045569720532
-7.6 28.56362399930522
-7.4 26.610474967973005
-7.2 24.916251229267715
-7.0 23.41106741320644
-6.8 22.056105359814865
-6.6 20.842121065237627
-6.4 19.760472843989536
-6.2 18.792428563565167
-6.0 17.92281426164697
-5.8 17.15108794441584
-5.6 16.487934635952154
-5.4 15.946017141763187
-5.199999999999999 15.53117124877648
-5.0 15.2339074539096
-4.8 15.025050149374108
-4.6 14.861400286897451
-4.4 14.699315322680727
-4.199999999999999 14.507534392734671
-4.0 14.273418654508594
-3.8 14.003767061324918
-3.5999999999999996 13.724541429551847
-3.3999999999999995 13.481023952100305
-3.1999999999999993 13.336651881379343
-3.0 13.368112461780967
-2.8 13.653698953743994
-2.5999999999999996 14.253375902720954
-2.3999999999999995 15.186796542727642
-2.1999999999999993 16.423155044067773
-2.0 17.890555692353956
-1.7999999999999998 19.496280075617936
-1.5999999999999996 21.14422803979931
-1.3999999999999995 22.746558386428546
-1.1999999999999993 24.236857093069204
-1.0 25.590293572812083
-0.7999999999999998 26.843668010888717
-0.5999999999999996 28.09949996444637
-0.39999999999999947 29.507919681172897
-0.1999999999999993 31.242780030886358
0.0 33.497016708127326
0.20000000000000107 36.486659176101284
0.40000000000000036 40.4018514133909
0.5999999999999996 45.27411283509871
0.8000000000000007 50.85072219451221
1.0 56.61743021615995
1.200000000000001 61.988766687638154
1.4000000000000004 66.5310037796223
1.6000000000000014 70.06999590091145
1.8000000000000007 72.65512320653427
2.0 74.45535145619593
2.200000000000001 75.66718171888012
2.4000000000000004 76.46394124993617
2.6000000000000014 76.97924200749037
2.8000000000000007 77.30854192957499
3.0 77.51706768450013
3.200000000000001 77.64821441037408
3.4000000000000004 77.73033355397469
3.6000000000000014 77.78165894073494
3.8000000000000007 77.81374636082693
4.0 77.83383632064876
Result sigma optimization:  -3.1999999999999993 13.336651881379343
E_max_2 =  500
Cutoff Radius =  6.0
Selected Radial Transform =  23.0
factor =  1.2
displacement =  0.0
dataset =  datasets/random-ch4-10k.extxyz
n_train =  1000
n_test =  2000
Train RMSE: 8.110042915044435 [Train MAE: 6.408566594033303]
Test RMSE: 16.053929576180586 [Test MAE: 9.264845761564802]
FINISHED at Tue Jan 10 04:37:49 CET 2023
