STARTING AT Tue Jan 10 06:18:54 CET 2023
Random seed: 1000
7 16
Reading dataset
Shuffling and extracting from dataset (length: 105092)
Shuffling and extraction done
Calculating power spectrum
Expansion coefficients done
Computing training kernel
     Calculating kernels for center species 79
     Calculating kernels for center species 79
Beginning first index add...
Beginning second index add...
Training kernel done
Computing test kernel
     Calculating kernels for center species 79
     Calculating kernels for center species 79
Beginning first index add...
Beginning second index add...
Test kernel done
Calculating composition features
Composition features done
-8.0 162.68561467299992
-7.8 163.41721184120829
-7.6 163.89203103547854
-7.4 164.21102768924763
-7.2 164.46764958900397
-7.0 164.77803721705692
-6.8 165.33687022621746
-6.6 166.51262770865705
-6.4 168.98760859535648
-6.2 173.90139656300173
-6.0 182.84321000566695
-5.8 197.4270501925814
-5.6 218.36905421720957
-5.4 244.6087881878642
-5.199999999999999 273.33848173481624
-5.0 301.1094723730606
-4.8 325.21141954986365
-4.6 344.39679440322584
-4.4 358.73284922404343
-4.199999999999999 369.00893046586964
-4.0 376.18914355615146
-3.8 381.1202166868766
-3.5999999999999996 384.456606091896
-3.3999999999999995 386.6837925190188
-3.1999999999999993 388.1595893344979
-3.0 389.1515568478287
-2.8 389.87639181365233
-2.5999999999999996 390.5557197946308
-2.3999999999999995 391.5136940405086
-2.1999999999999993 393.3624869045123
-2.0 397.3376344423312
-1.7999999999999998 405.78572866412924
-1.5999999999999996 422.5050595479389
-1.3999999999999995 452.0530553994111
-1.1999999999999993 497.17939908169893
-1.0 555.7145831109
-0.7999999999999998 620.349679288685
-0.5999999999999996 682.1774907463471
-0.39999999999999947 734.7182901143008
-0.1999999999999993 775.4581846379192
0.0 804.9937527103198
0.20000000000000107 825.4187813685181
0.40000000000000036 839.0977220128281
0.5999999999999996 848.0660503913754
0.8000000000000007 853.8650613410346
1.0 857.5813994739466
1.200000000000001 859.9494006174227
1.4000000000000004 861.4526425497788
1.6000000000000014 862.4044912773215
1.8000000000000007 863.0059504992203
2.0 863.3850768177194
2.200000000000001 863.6230309000806
2.4000000000000004 863.7709841218611
2.6000000000000014 863.8609771753252
2.8000000000000007 863.9128820024748
3.0 863.9389328509849
3.200000000000001 863.946806584297
3.4000000000000004 863.9418256535004
3.6000000000000014 863.9284398127477
3.8000000000000007 863.9108420573107
4.0 863.8927174455255
Result sigma optimization:  -8.0 162.68561467299992
E_max_2 =  500
Cutoff Radius =  6.0
Selected Radial Transform =  23.0
factor =  2.0
displacement =  0.0
dataset =  datasets/gold.xyz
n_train =  1000
n_test =  2000
Train RMSE: 160.26936499693238 [Train MAE: 133.1039289631785]
Test RMSE: 167.84419084893761 [Test MAE: 138.47577344630673]
FINISHED at Tue Jan 10 06:20:47 CET 2023
