STARTING AT Tue Jan 10 04:35:33 CET 2023
Random seed: 1000
7 16
Reading dataset
Shuffling and extracting from dataset (length: 10000)
Shuffling and extraction done
Calculating power spectrum
Expansion coefficients done
Computing training kernel
     Calculating kernels for center species 1
     Calculating kernels for center species 1
Beginning first index add...
Beginning second index add...
     Calculating kernels for center species 6
     Calculating kernels for center species 6
Beginning first index add...
Beginning second index add...
Training kernel done
Computing test kernel
     Calculating kernels for center species 1
     Calculating kernels for center species 1
Beginning first index add...
Beginning second index add...
     Calculating kernels for center species 6
     Calculating kernels for center species 6
Beginning first index add...
Beginning second index add...
Test kernel done
Calculating composition features
Composition features done
-8.0 59.615882675188736
-7.8 59.61356567902191
-7.6 59.609898347647196
-7.4 59.604098145592985
-7.2 59.59493587380441
-7.0 59.5804902240809
-6.8 59.55778276919717
-6.6 59.5222553567969
-6.4 59.46707082373386
-6.2 59.38229377305097
-6.0 59.254185140286154
-5.8 59.06517519795377
-5.6 58.79546322157709
-5.4 58.427215283833654
-5.199999999999999 57.95125790418396
-5.0 57.373787818310795
-4.8 56.71844526480414
-4.6 56.019889563242415
-4.4 55.31017301194337
-4.199999999999999 54.605806221900345
-4.0 53.90464593072245
-3.8 53.19547099883349
-3.5999999999999996 52.475659669418484
-3.3999999999999995 51.76782953373576
-3.1999999999999993 51.125199802089384
-3.0 50.619986142375765
-2.8 50.31830529893845
-2.5999999999999996 50.254682022186714
-2.3999999999999995 50.423306746399646
-2.1999999999999993 50.79325847233155
-2.0 51.33350290169518
-1.7999999999999998 52.02343492027286
-1.5999999999999996 52.84334508448622
-1.3999999999999995 53.76399275173963
-1.1999999999999993 54.74974309171484
-1.0 55.765606638257665
-0.7999999999999998 56.77614994159443
-0.5999999999999996 57.74621557833404
-0.39999999999999947 58.65650995601151
-0.1999999999999993 59.52072939132264
0.0 60.379677056809406
0.20000000000000107 61.27226983586201
0.40000000000000036 62.21231605368338
0.5999999999999996 63.19616347259134
0.8000000000000007 64.22853297936705
1.0 65.32933609143868
1.200000000000001 66.5100491998937
1.4000000000000004 67.7494049013901
1.6000000000000014 68.9974773869312
1.8000000000000007 70.20067681108316
2.0 71.32182658758693
2.200000000000001 72.3435633507318
2.4000000000000004 73.260148399618
2.6000000000000014 74.06754137738497
2.8000000000000007 74.75865954217076
3.0 75.32566013936497
3.200000000000001 75.7664290661686
3.4000000000000004 76.0895013478014
3.6000000000000014 76.31350326504437
3.8000000000000007 76.46242383006654
4.0 76.5604627461631
Result sigma optimization:  -2.5999999999999996 50.254682022186714
E_max_2 =  500
Cutoff Radius =  6.0
Selected Radial Transform =  23.0
factor =  0.2
displacement =  0.0
dataset =  datasets/random-ch4-10k.extxyz
n_train =  1000
n_test =  2000
Train RMSE: 21.39474939523547 [Train MAE: 13.38747004143967]
Test RMSE: 51.353551486513005 [Test MAE: 26.569123802613372]
FINISHED at Tue Jan 10 04:37:19 CET 2023
