STARTING AT Tue Jan 10 06:20:24 CET 2023
Random seed: 1000
8 20
Reading dataset
Shuffling and extracting from dataset (length: 105092)
Shuffling and extraction done
Calculating power spectrum
Expansion coefficients done
Computing training kernel
     Calculating kernels for center species 79
     Calculating kernels for center species 79
Beginning first index add...
Beginning second index add...
Training kernel done
Computing test kernel
     Calculating kernels for center species 79
     Calculating kernels for center species 79
Beginning first index add...
Beginning second index add...
Test kernel done
Calculating composition features
Composition features done
-8.0 161.4869507982822
-7.8 164.8472506367166
-7.6 171.09529480760108
-7.4 181.65526675024722
-7.2 197.5385560429627
-7.0 218.67231656040087
-6.8 243.7561336428918
-6.6 270.7787059846661
-6.4 297.69956318930963
-6.2 322.93392404376686
-6.0 345.56636250559825
-5.8 365.2240396758765
-5.6 381.7629783954461
-5.4 395.1208055833689
-5.199999999999999 405.39731890960326
-5.0 412.92675757114847
-4.8 418.2141561379041
-4.6 421.80538633142555
-4.4 424.1859569833279
-4.199999999999999 425.7380794577372
-4.0 426.740692150632
-3.8 427.3896875597135
-3.5999999999999996 427.8245026484458
-3.3999999999999995 428.1579324282001
-3.1999999999999993 428.5158574083459
-3.0 429.1055962151525
-2.8 430.34946865578996
-2.5999999999999996 433.13890235281303
-2.3999999999999995 439.2430064737656
-2.1999999999999993 451.7211701765374
-2.0 474.713340734505
-1.7999999999999998 511.656907409556
-1.5999999999999996 562.2521767861315
-1.3999999999999995 621.0299013666785
-1.1999999999999993 679.7048797543737
-1.0 731.2486204690015
-0.7999999999999998 772.2025322840154
-0.5999999999999996 802.4078070913001
-0.39999999999999947 823.5418738633731
-0.1999999999999993 837.8061991959959
0.0 847.2059797849062
0.20000000000000107 853.3039853279672
0.40000000000000036 857.220243648707
0.5999999999999996 859.719127732817
0.8000000000000007 861.3070563601935
1.0 862.3134705569122
1.200000000000001 862.9502564561892
1.4000000000000004 863.3527229359795
1.6000000000000014 863.6068869264504
1.8000000000000007 863.7672685643978
2.0 863.8683505835526
2.200000000000001 863.9318983599308
2.4000000000000004 863.9716096346643
2.6000000000000014 863.9960537791497
2.8000000000000007 864.0105191342565
3.0 864.0181645037969
3.200000000000001 864.0207304649967
3.4000000000000004 864.0189836707123
3.6000000000000014 864.0130279336854
3.8000000000000007 864.0026048160888
4.0 863.9874896471781
Result sigma optimization:  -8.0 161.4869507982822
E_max_2 =  700
Cutoff Radius =  6.0
Selected Radial Transform =  23.0
factor =  2.5
displacement =  0.0
dataset =  datasets/gold.xyz
n_train =  1000
n_test =  2000
Train RMSE: 158.98194701708977 [Train MAE: 134.35062124758176]
Test RMSE: 168.0843735315489 [Test MAE: 140.38324991904204]
FINISHED at Tue Jan 10 06:21:54 CET 2023
