STARTING AT Tue Jan 10 04:35:33 CET 2023
Random seed: 1000
7 16
Reading dataset
Shuffling and extracting from dataset (length: 10000)
Shuffling and extraction done
Calculating power spectrum
Expansion coefficients done
Computing training kernel
     Calculating kernels for center species 1
     Calculating kernels for center species 1
Beginning first index add...
Beginning second index add...
     Calculating kernels for center species 6
     Calculating kernels for center species 6
Beginning first index add...
Beginning second index add...
Training kernel done
Computing test kernel
     Calculating kernels for center species 1
     Calculating kernels for center species 1
Beginning first index add...
Beginning second index add...
     Calculating kernels for center species 6
     Calculating kernels for center species 6
Beginning first index add...
Beginning second index add...
Test kernel done
Calculating composition features
Composition features done
-8.0 38.71712856469533
-7.8 38.71689627254385
-7.6 38.71652860800191
-7.4 38.71594713220606
-7.2 38.715028641946404
-7.0 38.713580614498355
-6.8 38.71130468029218
-6.6 38.7077443892449
-6.4 38.70221548532638
-6.2 38.69372423318625
-6.0 38.68089658733433
-5.8 38.66197032777771
-5.6 38.634928239346706
-5.4 38.59781804366929
-5.199999999999999 38.54914240666668
-5.0 38.48798243958586
-4.8 38.41363398348349
-4.6 38.32531640505492
-4.4 38.22328951632056
-4.199999999999999 38.1119368132751
-4.0 38.00259950448109
-3.8 37.91155708355336
-3.5999999999999996 37.850285177753065
-3.3999999999999995 37.8119060451408
-3.1999999999999993 37.765006135617135
-3.0 37.66453770098592
-2.8 37.47527839269511
-2.5999999999999996 37.19028724589502
-2.3999999999999995 36.83239071613519
-2.1999999999999993 36.44394525680161
-2.0 36.0784460241916
-1.7999999999999998 35.80025294411073
-1.5999999999999996 35.684220770353804
-1.3999999999999995 35.802365814457524
-1.1999999999999993 36.1985459707503
-1.0 36.867724283434356
-0.7999999999999998 37.758065935519234
-0.5999999999999996 38.802916584046955
-0.39999999999999947 39.968592449743426
-0.1999999999999993 41.28661104821876
0.0 42.845013088412614
0.20000000000000107 44.74216354380398
0.40000000000000036 47.03350285837946
0.5999999999999996 49.69841987682691
0.8000000000000007 52.63101257389498
1.0 55.65696343447822
1.200000000000001 58.58258195584383
1.4000000000000004 61.25860243318369
1.6000000000000014 63.62513977887225
1.8000000000000007 65.71276679966248
2.0 67.59774157451791
2.200000000000001 69.34215073215991
2.4000000000000004 70.95950482877399
2.6000000000000014 72.41955247170011
2.8000000000000007 73.67684825375105
3.0 74.70034431250305
3.200000000000001 75.4894594333892
3.4000000000000004 76.07324644825933
3.6000000000000014 76.49829058572138
3.8000000000000007 76.81386014665945
4.0 77.05980047112149
Result sigma optimization:  -1.5999999999999996 35.684220770353804
E_max_2 =  500
Cutoff Radius =  6.0
Selected Radial Transform =  23.0
factor =  0.4
displacement =  0.0
dataset =  datasets/random-ch4-10k.extxyz
n_train =  1000
n_test =  2000
Train RMSE: 19.441897878717413 [Train MAE: 10.792295074890925]
Test RMSE: 37.85775119510958 [Test MAE: 17.091505272911693]
FINISHED at Tue Jan 10 04:36:30 CET 2023
