STARTING AT Tue Jan 10 04:40:05 CET 2023
Random seed: 1000
8 20
Reading dataset
Shuffling and extracting from dataset (length: 10000)
Shuffling and extraction done
Calculating power spectrum
Expansion coefficients done
Computing training kernel
     Calculating kernels for center species 1
     Calculating kernels for center species 1
Beginning first index add...
Beginning second index add...
     Calculating kernels for center species 6
     Calculating kernels for center species 6
Beginning first index add...
Beginning second index add...
Training kernel done
Computing test kernel
     Calculating kernels for center species 1
     Calculating kernels for center species 1
Beginning first index add...
Beginning second index add...
     Calculating kernels for center species 6
     Calculating kernels for center species 6
Beginning first index add...
Beginning second index add...
Test kernel done
Calculating composition features
Composition features done
-8.0 155.16940420091169
-7.8 129.27117871865855
-7.6 105.01366631568825
-7.4 83.35351854628037
-7.2 65.74125265469549
-7.0 53.277136286983946
-6.8 45.89251427376455
-6.6 42.18392855542328
-6.4 40.30683110849234
-6.2 38.98461569612116
-6.0 37.7258686230412
-5.8 36.50740516994205
-5.6 35.425758010133464
-5.4 34.539611058909166
-5.199999999999999 33.86905259738547
-5.0 33.42890748056831
-4.8 33.230781811637044
-4.6 33.262051495874964
-4.4 33.478811570080964
-4.199999999999999 33.8267487823395
-4.0 34.263994255030305
-3.8 34.76173432828613
-3.5999999999999996 35.29237124886764
-3.3999999999999995 35.82699315348837
-3.1999999999999993 36.34475958873841
-3.0 36.84106610677776
-2.8 37.32545047656531
-2.5999999999999996 37.811473978811264
-2.3999999999999995 38.30912066735085
-2.1999999999999993 38.829206574312664
-2.0 39.39404977335702
-1.7999999999999998 40.037048367713986
-1.5999999999999996 40.786925920072335
-1.3999999999999995 41.65678170942732
-1.1999999999999993 42.662494799966694
-1.0 43.87091754419237
-0.7999999999999998 45.44473454260925
-0.5999999999999996 47.62923404630068
-0.39999999999999947 50.637745329274594
-0.1999999999999993 54.47121851298929
0.0 58.8209065347617
0.20000000000000107 63.17992213561587
0.40000000000000036 67.08155109953576
0.5999999999999996 70.26366531728853
0.8000000000000007 72.67845153531822
1.0 74.41420461118511
1.200000000000001 75.6128106291634
1.4000000000000004 76.4167727007
1.6000000000000014 76.94506114860985
1.8000000000000007 77.28731735628506
2.0 77.50691361019956
2.200000000000001 77.64684741965
2.4000000000000004 77.73551852334319
2.6000000000000014 77.79135152826909
2.8000000000000007 77.82615288772686
3.0 77.8474278342763
3.200000000000001 77.85994297817027
3.4000000000000004 77.86677177643597
3.6000000000000014 77.86997691652398
3.8000000000000007 77.87101168421492
4.0 77.87090627781289
Result sigma optimization:  -4.8 33.230781811637044
E_max_2 =  700
Cutoff Radius =  6.0
Selected Radial Transform =  23.0
factor =  4.0
displacement =  0.0
dataset =  datasets/random-ch4-10k.extxyz
n_train =  1000
n_test =  2000
Train RMSE: 28.441745916140803 [Train MAE: 22.39858931536552]
Test RMSE: 34.68159720171486 [Test MAE: 25.416324688550734]
FINISHED at Tue Jan 10 04:41:44 CET 2023
