STARTING AT Tue Jan 10 04:35:33 CET 2023
Random seed: 1000
8 20
Reading dataset
Shuffling and extracting from dataset (length: 10000)
Shuffling and extraction done
Calculating power spectrum
Expansion coefficients done
Computing training kernel
     Calculating kernels for center species 1
     Calculating kernels for center species 1
Beginning first index add...
Beginning second index add...
     Calculating kernels for center species 6
     Calculating kernels for center species 6
Beginning first index add...
Beginning second index add...
Training kernel done
Computing test kernel
     Calculating kernels for center species 1
     Calculating kernels for center species 1
Beginning first index add...
Beginning second index add...
     Calculating kernels for center species 6
     Calculating kernels for center species 6
Beginning first index add...
Beginning second index add...
Test kernel done
Calculating composition features
Composition features done
-8.0 35.057219084923425
-7.8 35.05720648164271
-7.6 35.05718650684188
-7.4 35.05715485032329
-7.2 35.057104678567384
-7.0 35.05702516358867
-6.8 35.05689914789241
-6.6 35.0566994418932
-6.4 35.05638296887793
-6.2 35.0558814975834
-6.0 35.05508699295711
-5.8 35.05382851673016
-5.6 35.05183595661648
-5.4 35.048683513412506
-5.199999999999999 35.0437029606625
-5.0 35.03585387631802
-4.8 35.02353678373381
-4.6 35.00433483678824
-4.4 34.97466185364653
-4.199999999999999 34.92927725638221
-4.0 34.860684448747605
-3.8 34.75873014675158
-3.5999999999999996 34.6111171640879
-3.3999999999999995 34.40531286518668
-3.1999999999999993 34.131328955734574
-3.0 33.78429145697316
-2.8 33.36644441624591
-2.5999999999999996 32.88910658220661
-2.3999999999999995 32.374373867494555
-2.1999999999999993 31.854496949691246
-2.0 31.367263902402424
-1.7999999999999998 30.949634553680937
-1.5999999999999996 30.634230296791173
-1.3999999999999995 30.45004168944288
-1.1999999999999993 30.423738890785582
-1.0 30.577233565555527
-0.7999999999999998 30.9228722696023
-0.5999999999999996 31.463299274612535
-0.39999999999999947 32.19716781336489
-0.1999999999999993 33.12229843358444
0.0 34.23259828710536
0.20000000000000107 35.51627205620492
0.40000000000000036 36.96561005571636
0.5999999999999996 38.600736828813204
0.8000000000000007 40.48966055064008
1.0 42.73251822793486
1.200000000000001 45.39652846545988
1.4000000000000004 48.43567473381763
1.6000000000000014 51.66591783507279
1.8000000000000007 54.83628358314433
2.0 57.747407057730186
2.200000000000001 60.328378112960486
2.4000000000000004 62.63213423772641
2.6000000000000014 64.7695118491005
2.8000000000000007 66.82771250391144
3.0 68.82137350627148
3.200000000000001 70.69669520808065
3.4000000000000004 72.37013562218026
3.6000000000000014 73.77185183467985
3.8000000000000007 74.87397077413041
4.0 75.69502652377966
Result sigma optimization:  -1.1999999999999993 30.423738890785582
E_max_2 =  700
Cutoff Radius =  6.0
Selected Radial Transform =  23.0
factor =  0.4
displacement =  0.0
dataset =  datasets/random-ch4-10k.extxyz
n_train =  1000
n_test =  2000
Train RMSE: 13.872310807310742 [Train MAE: 8.182010292760932]
Test RMSE: 32.05743025137993 [Test MAE: 15.412390403772285]
FINISHED at Tue Jan 10 04:38:27 CET 2023
