STARTING AT Tue Jan 10 04:36:34 CET 2023
Random seed: 1000
7 16
Reading dataset
Shuffling and extracting from dataset (length: 10000)
Shuffling and extraction done
Calculating power spectrum
Expansion coefficients done
Computing training kernel
     Calculating kernels for center species 1
     Calculating kernels for center species 1
Beginning first index add...
Beginning second index add...
     Calculating kernels for center species 6
     Calculating kernels for center species 6
Beginning first index add...
Beginning second index add...
Training kernel done
Computing test kernel
     Calculating kernels for center species 1
     Calculating kernels for center species 1
Beginning first index add...
Beginning second index add...
     Calculating kernels for center species 6
     Calculating kernels for center species 6
Beginning first index add...
Beginning second index add...
Test kernel done
Calculating composition features
Composition features done
-8.0 25.117614514359275
-7.8 24.850654009384016
-7.6 24.574230534168212
-7.4 24.30490063499633
-7.2 24.04973261381823
-7.0 23.80821853042046
-6.8 23.58060444347694
-6.6 23.37302526649899
-6.4 23.193350577295828
-6.2 23.040344236316717
-6.0 22.894072694173218
-5.8 22.716890527983217
-5.6 22.46846176728038
-5.4 22.123951040400186
-5.199999999999999 21.67929448950294
-5.0 21.1425768611999
-4.8 20.52502632574934
-4.6 19.839652908326673
-4.4 19.102797918402707
-4.199999999999999 18.333141580341515
-4.0 17.55038768314597
-3.8 16.7776755456791
-3.5999999999999996 16.0452749663643
-3.3999999999999995 15.387999697583638
-3.1999999999999993 14.835011013995135
-3.0 14.402154444682468
-2.8 14.095601527205819
-2.5999999999999996 13.922793650162225
-2.3999999999999995 13.900830934785711
-2.1999999999999993 14.057501121470564
-2.0 14.42686153990253
-1.7999999999999998 15.04313264743691
-1.5999999999999996 15.934391238961227
-1.3999999999999995 17.11659417403924
-1.1999999999999993 18.59023737760811
-1.0 20.340481338745622
-0.7999999999999998 22.335227002346763
-0.5999999999999996 24.51506046736559
-0.39999999999999947 26.783766416701337
-0.1999999999999993 29.026879896721272
0.0 31.172812007296695
0.20000000000000107 33.2670424590582
0.40000000000000036 35.50992591207069
0.5999999999999996 38.22015609419677
0.8000000000000007 41.706787828614125
1.0 46.093269861380996
1.200000000000001 51.20660883040659
1.4000000000000004 56.61190644726309
1.6000000000000014 61.77140111675879
1.8000000000000007 66.2411062264258
2.0 69.79739658146339
2.200000000000001 72.43806600160885
2.4000000000000004 74.29868390579695
2.6000000000000014 75.56090501542296
2.8000000000000007 76.39457885045545
3.0 76.93487578686046
3.200000000000001 77.28028147200969
3.4000000000000004 77.49893549306158
3.6000000000000014 77.63645903652812
3.8000000000000007 77.72266636556051
4.0 77.77666143034239
Result sigma optimization:  -2.3999999999999995 13.900830934785711
E_max_2 =  500
Cutoff Radius =  6.0
Selected Radial Transform =  23.0
factor =  0.9
displacement =  0.0
dataset =  datasets/random-ch4-10k.extxyz
n_train =  1000
n_test =  2000
Train RMSE: 8.992767447680837 [Train MAE: 7.074795542345552]
Test RMSE: 17.764516941835925 [Test MAE: 9.832958782346292]
FINISHED at Tue Jan 10 04:43:33 CET 2023
