STARTING AT Tue Jan 10 04:43:37 CET 2023
Random seed: 1000
8 20
Reading dataset
Shuffling and extracting from dataset (length: 10000)
Shuffling and extraction done
Calculating power spectrum
Expansion coefficients done
Computing training kernel
     Calculating kernels for center species 1
     Calculating kernels for center species 1
Beginning first index add...
Beginning second index add...
     Calculating kernels for center species 6
     Calculating kernels for center species 6
Beginning first index add...
Beginning second index add...
Training kernel done
Computing test kernel
     Calculating kernels for center species 1
     Calculating kernels for center species 1
Beginning first index add...
Beginning second index add...
     Calculating kernels for center species 6
     Calculating kernels for center species 6
Beginning first index add...
Beginning second index add...
Test kernel done
Calculating composition features
Composition features done
-8.0 65.9228161565052
-7.8 59.013146487545654
-7.6 53.760507422063455
-7.4 49.48774437582215
-7.2 45.77411135350053
-7.0 42.40212125802646
-6.8 39.27621463779524
-6.6 36.36877843178699
-6.4 33.69654276089452
-6.2 31.296807058236404
-6.0 29.19616617958419
-5.8 27.3926635018632
-5.6 25.857522204665695
-5.4 24.54254419021174
-5.199999999999999 23.388928662340966
-5.0 22.342036962454145
-4.8 21.36555201610344
-4.6 20.443878286745115
-4.4 19.57331055437837
-4.199999999999999 18.752540661695864
-4.0 17.981192020092852
-3.8 17.266378953120533
-3.5999999999999996 16.629390631351075
-3.3999999999999995 16.105458438829686
-3.1999999999999993 15.739453842453862
-3.0 15.58391703222388
-2.8 15.696424263484664
-2.5999999999999996 16.12809928382022
-2.3999999999999995 16.904594647665427
-2.1999999999999993 18.00891273725562
-2.0 19.371324414740883
-1.7999999999999998 20.871108875544493
-1.5999999999999996 22.36034188894282
-1.3999999999999995 23.707624691574186
-1.1999999999999993 24.835735416130017
-1.0 25.730305618807392
-0.7999999999999998 26.425177108880227
-0.5999999999999996 26.986382154522897
-0.39999999999999947 27.51038183938589
-0.1999999999999993 28.140657290277225
0.0 29.095729712503985
0.20000000000000107 30.683918149242288
0.40000000000000036 33.26197214144454
0.5999999999999996 37.10562342370438
0.8000000000000007 42.22942831904363
1.0 48.27832293322482
1.200000000000001 54.60359457296281
1.4000000000000004 60.50568939656737
1.6000000000000014 65.48701816122124
1.8000000000000007 69.35779108579322
2.0 72.1794938718106
2.200000000000001 74.14228292305935
2.4000000000000004 75.46322383057975
2.6000000000000014 76.33224774345624
2.8000000000000007 76.89517308844916
3.0 77.2558660443613
3.200000000000001 77.48504211200547
3.4000000000000004 77.62956437161003
3.6000000000000014 77.72003113625819
3.8000000000000007 77.77627294555808
4.0 77.81106355401691
Result sigma optimization:  -3.0 15.58391703222388
E_max_2 =  700
Cutoff Radius =  6.0
Selected Radial Transform =  24.0
factor =  1.8
displacement =  0.0
dataset =  datasets/random-ch4-10k.extxyz
n_train =  1000
n_test =  2000
Train RMSE: 9.707486838160069 [Train MAE: 7.597736742600202]
Test RMSE: 16.56819672649089 [Test MAE: 10.447292826546539]
FINISHED at Tue Jan 10 04:46:29 CET 2023
