STARTING AT Tue Jan 10 06:27:28 CET 2023
Random seed: 1000
5 11
Reading dataset
Shuffling and extracting from dataset (length: 105092)
Shuffling and extraction done
Calculating power spectrum
Expansion coefficients done
Computing training kernel
     Calculating kernels for center species 79
     Calculating kernels for center species 79
Beginning first index add...
Beginning second index add...
Training kernel done
Computing test kernel
     Calculating kernels for center species 79
     Calculating kernels for center species 79
Beginning first index add...
Beginning second index add...
Test kernel done
Calculating composition features
Composition features done
-8.0 347.5780781949635
-7.8 367.0737733850256
-7.6 382.2172019050906
-7.4 393.39559634774434
-7.2 401.30403951206034
-7.0 406.7127661661733
-6.8 410.3184042960313
-6.6 412.67826023613685
-6.4 414.2034663802075
-6.2 415.18162051573535
-6.0 415.8077845341099
-5.8 416.21381596545615
-5.6 416.49419036440156
-5.4 416.732189893952
-5.199999999999999 417.0364721283342
-5.0 417.60841450651117
-4.8 418.8783078201093
-4.6 421.7674532401656
-4.4 428.10980074018073
-4.199999999999999 441.0718147786581
-4.0 464.9124784146289
-3.8 503.1091249987587
-3.5999999999999996 555.2430799825695
-3.3999999999999995 615.6163587270476
-3.1999999999999993 675.7356336570649
-3.0 728.4590675912925
-2.8 770.305361950019
-2.5999999999999996 801.1484489948509
-2.3999999999999995 822.7201119566181
-2.1999999999999993 837.2762195177844
-2.0 846.8668296956733
-1.7999999999999998 853.088052302712
-1.5999999999999996 857.0832093565576
-1.3999999999999995 859.6323420881388
-1.1999999999999993 861.2521607969427
-1.0 862.2787659778035
-0.7999999999999998 862.928312003281
-0.5999999999999996 863.3388260162234
-0.39999999999999947 863.5980476719708
-0.1999999999999993 863.7615832136897
0.0 863.8645942375545
0.20000000000000107 863.92926253384
0.40000000000000036 863.9695297012163
0.5999999999999996 863.9940907538424
0.8000000000000007 864.0082733061852
1.0 864.0152087347393
1.200000000000001 864.0165623356257
1.4000000000000004 864.0130118505472
1.6000000000000014 864.0046293171947
1.8000000000000007 863.9913001888287
2.0 863.9732438723397
2.200000000000001 863.951513962291
2.4000000000000004 863.9281345308677
2.6000000000000014 863.9056022249351
2.8000000000000007 863.8860045927022
3.0 863.8704021870958
3.200000000000001 863.858825699675
3.4000000000000004 863.8506757150101
3.6000000000000014 863.8451472669873
3.8000000000000007 863.8414908120503
4.0 863.8391127332623
Result sigma optimization:  -8.0 347.5780781949635
E_max_2 =  300
Cutoff Radius =  6.0
Selected Radial Transform =  24.0
factor =  2.4
displacement =  0.0
dataset =  datasets/gold.xyz
n_train =  1000
n_test =  2000
Train RMSE: 341.1101044410532 [Train MAE: 270.12417890256756]
Test RMSE: 339.6629156117332 [Test MAE: 266.5374184374325]
FINISHED at Tue Jan 10 06:30:35 CET 2023
