STARTING AT Tue Jan 10 06:24:26 CET 2023
Random seed: 1000
8 20
Reading dataset
Shuffling and extracting from dataset (length: 105092)
Shuffling and extraction done
Calculating power spectrum
Expansion coefficients done
Computing training kernel
     Calculating kernels for center species 79
     Calculating kernels for center species 79
Beginning first index add...
Beginning second index add...
Training kernel done
Computing test kernel
     Calculating kernels for center species 79
     Calculating kernels for center species 79
Beginning first index add...
Beginning second index add...
Test kernel done
Calculating composition features
Composition features done
-8.0 109.98125595723977
-7.8 110.91821825999465
-7.6 111.85388193422949
-7.4 112.72816077422316
-7.2 113.5003346752148
-7.0 114.14188355692801
-6.8 114.63471860190393
-6.6 114.97872210806275
-6.4 115.19763475598018
-6.2 115.33762432245787
-6.0 115.45954460167945
-5.8 115.63144804371473
-5.6 115.92181281941842
-5.4 116.38639423582751
-5.199999999999999 117.04924096387762
-5.0 117.89277581351583
-4.8 118.87007524647342
-4.6 119.93741449971814
-4.4 121.09575587146577
-4.199999999999999 122.4259663082437
-4.0 124.10442203421496
-3.8 126.40033205791835
-3.5999999999999996 129.6729292390385
-3.3999999999999995 134.36791133722824
-3.1999999999999993 140.95182239643037
-3.0 149.70337324922727
-2.8 160.4011412409531
-2.5999999999999996 172.17644606791396
-2.3999999999999995 183.80639799693992
-2.1999999999999993 194.29548080396458
-2.0 203.29139727684594
-1.7999999999999998 211.12524944150468
-1.5999999999999996 218.60463829593158
-1.3999999999999995 226.73170170986427
-1.1999999999999993 236.40877779731662
-1.0 248.16993866516353
-0.7999999999999998 262.07068541193917
-0.5999999999999996 277.8188807079229
-0.39999999999999947 294.9309535899864
-0.1999999999999993 312.69500043888576
0.0 330.18270433954365
0.20000000000000107 346.5663157128349
0.40000000000000036 361.43713860936754
0.5999999999999996 374.79663874494895
0.8000000000000007 386.963836951934
1.0 398.8029683174272
1.200000000000001 412.2630388603851
1.4000000000000004 430.8207433384148
1.6000000000000014 459.08357809293955
1.8000000000000007 500.706545123916
2.0 555.2455594436793
2.200000000000001 616.9797662224238
2.4000000000000004 677.5798964994019
2.6000000000000014 730.2183386128386
2.8000000000000007 771.7248072916414
3.0 802.1812020128417
3.200000000000001 823.4176389183463
3.4000000000000004 837.7168199475361
3.6000000000000014 847.1221071768111
3.8000000000000007 853.2125645120088
4.0 857.1148112600537
Result sigma optimization:  -8.0 109.98125595723977
E_max_2 =  700
Cutoff Radius =  6.0
Selected Radial Transform =  24.0
factor =  1.2
displacement =  0.0
dataset =  datasets/gold.xyz
n_train =  1000
n_test =  2000
Train RMSE: 87.2581443325158 [Train MAE: 67.21667312864298]
Test RMSE: 111.81909591373125 [Test MAE: 82.2150706378727]
FINISHED at Tue Jan 10 06:25:31 CET 2023
