STARTING AT Tue Jan 10 04:42:36 CET 2023
Random seed: 1000
8 20
Reading dataset
Shuffling and extracting from dataset (length: 10000)
Shuffling and extraction done
Calculating power spectrum
Expansion coefficients done
Computing training kernel
     Calculating kernels for center species 1
     Calculating kernels for center species 1
Beginning first index add...
Beginning second index add...
     Calculating kernels for center species 6
     Calculating kernels for center species 6
Beginning first index add...
Beginning second index add...
Training kernel done
Computing test kernel
     Calculating kernels for center species 1
     Calculating kernels for center species 1
Beginning first index add...
Beginning second index add...
     Calculating kernels for center species 6
     Calculating kernels for center species 6
Beginning first index add...
Beginning second index add...
Test kernel done
Calculating composition features
Composition features done
-8.0 31.31981644124327
-7.8 29.968270327620207
-7.6 28.528876567848936
-7.4 27.09888580201401
-7.2 25.767073595978065
-7.0 24.591105032826924
-6.8 23.580893958228156
-6.6 22.700193385229007
-6.4 21.890833476486275
-6.2 21.1040128573469
-6.0 20.317682454257167
-5.8 19.53446077291986
-5.6 18.770890398127293
-5.4 18.049985919442186
-5.199999999999999 17.39760028470553
-5.0 16.837608600678486
-4.8 16.38621953887585
-4.6 16.04811851405851
-4.4 15.814255381266646
-4.199999999999999 15.661643455756076
-4.0 15.557891411379309
-3.8 15.470457584047073
-3.5999999999999996 15.375295991558188
-3.3999999999999995 15.259766649944241
-3.1999999999999993 15.12132690659385
-3.0 14.96784804438052
-2.8 14.821352889935437
-2.5999999999999996 14.72027207687856
-2.3999999999999995 14.715154287626193
-2.1999999999999993 14.858804808412854
-2.0 15.195440783046275
-1.7999999999999998 15.752109185999357
-1.5999999999999996 16.534120673051618
-1.3999999999999995 17.525466751643723
-1.1999999999999993 18.694554285872982
-1.0 20.00489829538023
-0.7999999999999998 21.425648563538864
-0.5999999999999996 22.93139741673906
-0.39999999999999947 24.48951706827322
-0.1999999999999993 26.053256729320932
0.0 27.579341110109144
0.20000000000000107 29.062434264734417
0.40000000000000036 30.5633772682991
0.5999999999999996 32.21895086466087
0.8000000000000007 34.226171582989835
1.0 36.79047131478908
1.200000000000001 40.05133780689153
1.4000000000000004 44.034135465883864
1.6000000000000014 48.646055580404024
1.8000000000000007 53.67255967523591
2.0 58.76822593136337
2.200000000000001 63.515234440128985
2.4000000000000004 67.56435262270338
2.6000000000000014 70.750304307222
2.8000000000000007 73.09628826436828
3.0 74.73915130951909
3.200000000000001 75.8488468400837
3.4000000000000004 76.57966209166484
3.6000000000000014 77.0524311809403
3.8000000000000007 77.35434823704057
4.0 77.54537875861445
Result sigma optimization:  -2.3999999999999995 14.715154287626193
E_max_2 =  700
Cutoff Radius =  6.0
Selected Radial Transform =  24.0
factor =  1.1
displacement =  0.0
dataset =  datasets/random-ch4-10k.extxyz
n_train =  1000
n_test =  2000
Train RMSE: 8.121903515846782 [Train MAE: 6.364734020671298]
Test RMSE: 19.86949272054087 [Test MAE: 10.370129542316208]
FINISHED at Tue Jan 10 04:46:36 CET 2023
