STARTING AT Tue Jan 10 08:36:25 CET 2023
Random seed: 1000
5 11
Reading dataset
Shuffling and extracting from dataset (length: 133885)
Shuffling and extraction done
Calculating power spectrum
Expansion coefficients done
Computing training kernel
     Calculating kernels for center species 1
     Calculating kernels for center species 1
Beginning first index add...
Beginning second index add...
     Calculating kernels for center species 6
     Calculating kernels for center species 6
Beginning first index add...
Beginning second index add...
     Calculating kernels for center species 7
     Calculating kernels for center species 7
Beginning first index add...
Beginning second index add...
     Calculating kernels for center species 8
     Calculating kernels for center species 8
Beginning first index add...
Beginning second index add...
     Calculating kernels for center species 9
     Calculating kernels for center species 9
Beginning first index add...
Beginning second index add...
Training kernel done
Computing test kernel
     Calculating kernels for center species 1
     Calculating kernels for center species 1
Beginning first index add...
Beginning second index add...
     Calculating kernels for center species 6
     Calculating kernels for center species 6
Beginning first index add...
Beginning second index add...
     Calculating kernels for center species 7
     Calculating kernels for center species 7
Beginning first index add...
Beginning second index add...
     Calculating kernels for center species 8
     Calculating kernels for center species 8
Beginning first index add...
Beginning second index add...
     Calculating kernels for center species 9
     Calculating kernels for center species 9
Beginning first index add...
Beginning second index add...
Test kernel done
Calculating composition features
Composition features done
-8.0 2.318303355536744
-7.8 2.3287615971308844
-7.6 2.3510907216358174
-7.4 2.380968496904097
-7.2 2.4243949402719447
-7.0 2.480956053794216
-6.8 2.555012976813334
-6.6 2.6559742114804394
-6.4 2.7881896152162517
-6.2 2.964203230517538
-6.0 3.183609997910651
-5.8 3.4423439698145666
-5.6 3.7352905154195906
-5.4 4.049570507633587
-5.199999999999999 4.394773655671364
-5.0 4.766300002505945
-4.8 5.171576731917797
-4.6 5.618977177076653
-4.4 6.104476081801477
-4.199999999999999 6.659869880360813
-4.0 7.269656879495567
-3.8 7.972336993809666
-3.5999999999999996 8.786682579688103
-3.3999999999999995 9.666668022963753
-3.1999999999999993 10.575537482805412
-3.0 11.504772873428973
-2.8 12.442867516373028
-2.5999999999999996 13.418017486727578
-2.3999999999999995 14.441797394374525
-2.1999999999999993 15.450440415683897
-2.0 16.394153897703166
-1.7999999999999998 17.209556982345635
-1.5999999999999996 17.89442033950283
-1.3999999999999995 18.46342534339424
-1.1999999999999993 18.938401425499393
-1.0 19.34765887518523
-0.7999999999999998 19.695333449214427
-0.5999999999999996 20.001625985973757
-0.39999999999999947 20.261790944857296
-0.1999999999999993 20.463780756386107
0.0 20.61214955957701
0.20000000000000107 20.717837865369443
0.40000000000000036 20.788188154356906
0.5999999999999996 20.83325038151314
0.8000000000000007 20.861320912704468
1.0 20.878457216937814
1.200000000000001 20.888560978992952
1.4000000000000004 20.89424826105976
1.6000000000000014 20.897072649213793
1.8000000000000007 20.89791797364088
2.0 20.897365239311235
2.200000000000001 20.895779534590254
2.4000000000000004 20.89345928239944
2.6000000000000014 20.890796346540167
2.8000000000000007 20.888199390027047
3.0 20.88605473735471
3.200000000000001 20.88435129686862
3.4000000000000004 20.883092417846072
3.6000000000000014 20.882209419168387
3.8000000000000007 20.88161216023153
4.0 20.881225554798473
Result sigma optimization:  -8.0 2.318303355536744
E_max_2 =  300
Cutoff Radius =  6.0
Selected Radial Transform =  24.0
factor =  2.3
displacement =  0.0
dataset =  datasets/qm9.xyz
n_train =  1000
n_test =  2000
Train RMSE: 1.6290552509921183 [Train MAE: 1.218387102417072]
Test RMSE: 3.075024076772668 [Test MAE: 2.0719091096000137]
FINISHED at Tue Jan 10 08:39:58 CET 2023
