STARTING AT Tue Jan 10 08:30:23 CET 2023
Random seed: 1000
6 14
Reading dataset
Shuffling and extracting from dataset (length: 133885)
Shuffling and extraction done
Calculating power spectrum
Expansion coefficients done
Computing training kernel
     Calculating kernels for center species 1
     Calculating kernels for center species 1
Beginning first index add...
Beginning second index add...
     Calculating kernels for center species 6
     Calculating kernels for center species 6
Beginning first index add...
Beginning second index add...
     Calculating kernels for center species 7
     Calculating kernels for center species 7
Beginning first index add...
Beginning second index add...
     Calculating kernels for center species 8
     Calculating kernels for center species 8
Beginning first index add...
Beginning second index add...
     Calculating kernels for center species 9
     Calculating kernels for center species 9
Beginning first index add...
Beginning second index add...
Training kernel done
Computing test kernel
     Calculating kernels for center species 1
     Calculating kernels for center species 1
Beginning first index add...
Beginning second index add...
     Calculating kernels for center species 6
     Calculating kernels for center species 6
Beginning first index add...
Beginning second index add...
     Calculating kernels for center species 7
     Calculating kernels for center species 7
Beginning first index add...
Beginning second index add...
     Calculating kernels for center species 8
     Calculating kernels for center species 8
Beginning first index add...
Beginning second index add...
     Calculating kernels for center species 9
     Calculating kernels for center species 9
Beginning first index add...
Beginning second index add...
Test kernel done
Calculating composition features
Composition features done
-8.0 3.9044333917021765
-7.8 3.9044333655558034
-7.6 3.904433324112914
-7.4 3.904433258432379
-7.2 3.90443315433355
-7.0 3.9044329893511605
-6.8 3.9044327278716278
-6.6 3.904432313453173
-6.4 3.904431656648399
-6.2 3.9044306156855435
-6.0 3.904428965886751
-5.8 3.9044263511665265
-5.6 3.9044222071962036
-5.4 3.9044156396700234
-5.199999999999999 3.904405231379403
-5.0 3.9043887367144965
-4.8 3.90436259785445
-4.6 3.9043211791425927
-4.4 3.904255556481335
-4.199999999999999 3.9041516057065904
-4.0 3.9039869906161653
-3.8 3.903726433585695
-3.5999999999999996 3.903314330271718
-3.3999999999999995 3.9026633179364048
-3.1999999999999993 3.9016426491933442
-3.0 3.9000495908076793
-2.8 3.8975566707506144
-2.5999999999999996 3.893740897728777
-2.3999999999999995 3.888204527598506
-2.1999999999999993 3.880942049805321
-2.0 3.8712102851153576
-1.7999999999999998 3.8623904844009167
-1.5999999999999996 3.8590074274496047
-1.3999999999999995 3.865708294280056
-1.1999999999999993 3.888242622695169
-1.0 3.9440148153041377
-0.7999999999999998 4.044590651801611
-0.5999999999999996 4.188219454459921
-0.39999999999999947 4.3806550973966365
-0.1999999999999993 4.635769660352238
0.0 4.936783014310493
0.20000000000000107 5.283984767504225
0.40000000000000036 5.69949186731914
0.5999999999999996 6.2252392127523235
0.8000000000000007 6.8680576964714675
1.0 7.661377899481294
1.200000000000001 8.590244542188074
1.4000000000000004 9.623028370637867
1.6000000000000014 10.74252779044319
1.8000000000000007 11.906264023711108
2.0 13.112164723636575
2.200000000000001 14.349527813381046
2.4000000000000004 15.596179255183275
2.6000000000000014 16.767735472262974
2.8000000000000007 17.809330307655923
3.0 18.66670306684877
3.200000000000001 19.331141565864858
3.4000000000000004 19.81885828734178
3.6000000000000014 20.164966476578716
3.8000000000000007 20.403354589369446
4.0 20.566918910176792
Result sigma optimization:  -1.5999999999999996 3.8590074274496047
E_max_2 =  400
Cutoff Radius =  6.0
Selected Radial Transform =  24.0
factor =  0.4
displacement =  0.0
dataset =  datasets/qm9.xyz
n_train =  1000
n_test =  2000
Train RMSE: 0.607497054742837 [Train MAE: 0.4239332566140335]
Test RMSE: 4.880282683086723 [Test MAE: 3.4217643995265807]
FINISHED at Tue Jan 10 08:34:04 CET 2023
