STARTING AT Tue Jan 10 04:43:07 CET 2023
Random seed: 1000
6 14
Reading dataset
Shuffling and extracting from dataset (length: 10000)
Shuffling and extraction done
Calculating power spectrum
Expansion coefficients done
Computing training kernel
     Calculating kernels for center species 1
     Calculating kernels for center species 1
Beginning first index add...
Beginning second index add...
     Calculating kernels for center species 6
     Calculating kernels for center species 6
Beginning first index add...
Beginning second index add...
Training kernel done
Computing test kernel
     Calculating kernels for center species 1
     Calculating kernels for center species 1
Beginning first index add...
Beginning second index add...
     Calculating kernels for center species 6
     Calculating kernels for center species 6
Beginning first index add...
Beginning second index add...
Test kernel done
Calculating composition features
Composition features done
-8.0 41.67426506053485
-7.8 36.23884691530517
-7.6 32.1868602135282
-7.4 29.0586535935752
-7.2 26.522250750862547
-7.0 24.389071701175848
-6.8 22.580478110043995
-6.6 21.079348737336296
-6.4 19.889912344436745
-6.2 19.008194713143933
-6.0 18.401703271521274
-5.8 18.003002398935106
-5.6 17.721030041342893
-5.4 17.466886392404778
-5.199999999999999 17.17978676210936
-5.0 16.83542762104351
-4.8 16.435223206544297
-4.6 15.99208088618976
-4.4 15.524783929186984
-4.199999999999999 15.060014953615475
-4.0 14.637583076128712
-3.8 14.31631188755148
-3.5999999999999996 14.175909236933625
-3.3999999999999995 14.30728383924107
-3.1999999999999993 14.787910826312972
-3.0 15.651868296538613
-2.8 16.87301657937457
-2.5999999999999996 18.370909474658784
-2.3999999999999995 20.033291894447085
-2.1999999999999993 21.74344117500267
-2.0 23.402843027747657
-1.7999999999999998 24.943943679924523
-1.5999999999999996 26.337053689137374
-1.3999999999999995 27.600667341228323
-1.1999999999999993 28.812527076189767
-1.0 30.108371520463542
-0.7999999999999998 31.665224289833255
-0.5999999999999996 33.67943681784132
-0.39999999999999947 36.34858105639766
-0.1999999999999993 39.845373613007844
0.0 44.247788654568225
0.20000000000000107 49.42840733314616
0.40000000000000036 55.000185570915974
0.5999999999999996 60.41604753683177
0.8000000000000007 65.17996772722314
1.0 69.0147266422783
1.200000000000001 71.88664370679577
1.4000000000000004 73.92286779899237
1.6000000000000014 75.31064590157703
1.8000000000000007 76.23063284790749
2.0 76.82880623625164
2.200000000000001 77.21238247662512
2.4000000000000004 77.45587035835636
2.6000000000000014 77.60933610008195
2.8000000000000007 77.70565263008335
3.0 77.76600202358867
3.200000000000001 77.80382348785788
3.4000000000000004 77.82755411737786
3.6000000000000014 77.84246437822463
3.8000000000000007 77.85184428760388
4.0 77.85775074408187
Result sigma optimization:  -3.5999999999999996 14.175909236933625
E_max_2 =  400
Cutoff Radius =  6.0
Selected Radial Transform =  24.0
factor =  1.4
displacement =  0.0
dataset =  datasets/random-ch4-10k.extxyz
n_train =  1000
n_test =  2000
Train RMSE: 9.68594394662337 [Train MAE: 7.545271670244991]
Test RMSE: 19.48906799302874 [Test MAE: 10.152153317307603]
FINISHED at Tue Jan 10 04:44:58 CET 2023
