STARTING AT Tue Jan 10 06:26:27 CET 2023
Random seed: 1000
7 16
Reading dataset
Shuffling and extracting from dataset (length: 105092)
Shuffling and extraction done
Calculating power spectrum
Expansion coefficients done
Computing training kernel
     Calculating kernels for center species 79
     Calculating kernels for center species 79
Beginning first index add...
Beginning second index add...
Training kernel done
Computing test kernel
     Calculating kernels for center species 79
     Calculating kernels for center species 79
Beginning first index add...
Beginning second index add...
Test kernel done
Calculating composition features
Composition features done
-8.0 159.58126456672224
-7.8 162.69000754450346
-7.6 164.94554303714548
-7.4 166.50261381614445
-7.2 167.5410448574734
-7.0 168.22573844413793
-6.8 168.69962934503326
-6.6 169.10285405955435
-6.4 169.61892076763328
-6.2 170.55670726569844
-6.0 172.4765715708508
-5.8 176.33995713359843
-5.6 183.57537036784302
-5.4 195.82509377670098
-5.199999999999999 214.17332056904445
-5.0 238.15936801817546
-4.8 265.4588644240354
-4.6 292.74280427028333
-4.4 317.10276324817414
-4.199999999999999 336.98220427824765
-4.0 352.19269898917236
-3.8 363.370189335956
-3.5999999999999996 371.39971783356026
-3.3999999999999995 377.08223026925793
-3.1999999999999993 381.04325581538706
-3.0 383.7599319876424
-2.8 385.60545785936654
-2.5999999999999996 386.8839624950897
-2.3999999999999995 387.8716591372217
-2.1999999999999993 388.89172914886717
-2.0 390.46203406121094
-1.7999999999999998 393.5735109549733
-1.5999999999999996 400.13883344663026
-1.3999999999999995 413.45886695725954
-1.1999999999999993 438.03509651486115
-1.0 477.67810066751383
-0.7999999999999998 532.2289335393326
-0.5999999999999996 595.9542344623643
-0.39999999999999947 659.9665498194855
-0.1999999999999993 716.5547646418113
0.0 761.7703369702537
0.20000000000000107 795.2695858586732
0.40000000000000036 818.7869309782318
0.5999999999999996 834.6971192659481
0.8000000000000007 845.1980740348796
1.0 852.017495631801
1.200000000000001 856.3998869556137
1.4000000000000004 859.1971812585894
1.6000000000000014 860.9748513581377
1.8000000000000007 862.1011241578553
2.0 862.8128958159695
2.200000000000001 863.2613472548086
2.4000000000000004 863.5423724583655
2.6000000000000014 863.7164488391911
2.8000000000000007 863.8214787778435
3.0 863.8811072497335
3.200000000000001 863.9102209617945
3.4000000000000004 863.9186895240646
3.6000000000000014 863.9138253582996
3.8000000000000007 863.9016239979156
4.0 863.8869104137851
Result sigma optimization:  -8.0 159.58126456672224
E_max_2 =  500
Cutoff Radius =  6.0
Selected Radial Transform =  24.0
factor =  1.9
displacement =  0.0
dataset =  datasets/gold.xyz
n_train =  1000
n_test =  2000
Train RMSE: 156.40188561154773 [Train MAE: 129.1842005139272]
Test RMSE: 162.9169672901424 [Test MAE: 133.78651214755962]
FINISHED at Tue Jan 10 06:31:00 CET 2023
