STARTING AT Tue Jan 10 04:41:36 CET 2023
Random seed: 1000
5 11
Reading dataset
Shuffling and extracting from dataset (length: 10000)
Shuffling and extraction done
Calculating power spectrum
Expansion coefficients done
Computing training kernel
     Calculating kernels for center species 1
     Calculating kernels for center species 1
Beginning first index add...
Beginning second index add...
     Calculating kernels for center species 6
     Calculating kernels for center species 6
Beginning first index add...
Beginning second index add...
Training kernel done
Computing test kernel
     Calculating kernels for center species 1
     Calculating kernels for center species 1
Beginning first index add...
Beginning second index add...
     Calculating kernels for center species 6
     Calculating kernels for center species 6
Beginning first index add...
Beginning second index add...
Test kernel done
Calculating composition features
Composition features done
-8.0 62.68662959563059
-7.8 62.0136849620799
-7.6 61.17833517648957
-7.4 60.17132320771816
-7.2 58.97959861723015
-7.0 57.58554210179667
-6.8 55.97021907311118
-6.6 54.12048267984788
-6.4 52.0406078381635
-6.2 49.765188694761534
-6.0 47.36382990184492
-5.8 44.93019021327272
-5.6 42.560451810221096
-5.4 40.335884528006595
-5.199999999999999 38.31829747900229
-5.0 36.55309537081996
-4.8 35.06946265071201
-4.6 33.87388983085269
-4.4 32.941840094436024
-4.199999999999999 32.21684240847659
-4.0 31.624480100444384
-3.8 31.09921628737279
-3.5999999999999996 30.60979646855289
-3.3999999999999995 30.166525441221275
-3.1999999999999993 29.80868058701566
-3.0 29.58702947367082
-2.8 29.551988787411513
-2.5999999999999996 29.743027378077166
-2.3999999999999995 30.17787123223612
-2.1999999999999993 30.852798752888557
-2.0 31.75830930175828
-1.7999999999999998 32.89714175940998
-1.5999999999999996 34.29481901649645
-1.3999999999999995 36.00578358102143
-1.1999999999999993 38.10796566170265
-1.0 40.664025306084866
-0.7999999999999998 43.65492728119838
-0.5999999999999996 46.939113499425005
-0.39999999999999947 50.29062565575535
-0.1999999999999993 53.506037752476885
0.0 56.50254013288678
0.20000000000000107 59.32929607147484
0.40000000000000036 62.08405439049371
0.5999999999999996 64.80714527395452
0.8000000000000007 67.43897985002005
1.0 69.85656335795497
1.200000000000001 71.93922019769887
1.4000000000000004 73.6177053909993
1.6000000000000014 74.89008484842839
1.8000000000000007 75.807581993438
2.0 76.44675419816599
2.200000000000001 76.88500739274228
2.4000000000000004 77.18641155808616
2.6000000000000014 77.39684132214386
2.8000000000000007 77.5456391677251
3.0 77.65075411123188
3.200000000000001 77.7239217157474
3.4000000000000004 77.77377706458091
3.6000000000000014 77.80704128798614
3.8000000000000007 77.82885590445794
4.0 77.84298007719279
Result sigma optimization:  -2.8 29.551988787411513
E_max_2 =  300
Cutoff Radius =  6.0
Selected Radial Transform =  24.0
factor =  0.6
displacement =  0.0
dataset =  datasets/random-ch4-10k.extxyz
n_train =  1000
n_test =  2000
Train RMSE: 18.7894087286321 [Train MAE: 10.560297033638495]
Test RMSE: 32.60454710342932 [Test MAE: 14.528639475686655]
FINISHED at Tue Jan 10 04:46:02 CET 2023
