STARTING AT Tue Jan 10 06:33:01 CET 2023
Random seed: 1000
7 16
Reading dataset
Shuffling and extracting from dataset (length: 105092)
Shuffling and extraction done
Calculating power spectrum
Expansion coefficients done
Computing training kernel
     Calculating kernels for center species 79
     Calculating kernels for center species 79
Beginning first index add...
Beginning second index add...
Training kernel done
Computing test kernel
     Calculating kernels for center species 79
     Calculating kernels for center species 79
Beginning first index add...
Beginning second index add...
Test kernel done
Calculating composition features
Composition features done
-8.0 114.99112277933396
-7.8 115.30926374990368
-7.6 115.70661150005144
-7.4 116.23086762294707
-7.2 116.91424310598204
-7.0 117.76176558386197
-6.8 118.7420938470516
-6.6 119.79484532633359
-6.4 120.85976369445548
-6.2 121.9179267058229
-6.0 123.02941552576151
-5.8 124.35106482583011
-5.6 126.1183890762223
-5.4 128.59821695623617
-5.199999999999999 132.06474107954517
-5.0 136.84058914743227
-4.8 143.31553027634163
-4.6 151.76592016817483
-4.4 161.98661995292147
-4.199999999999999 173.10010105412624
-4.0 183.86694746561054
-3.8 193.27171511922742
-3.5999999999999996 200.89489461919675
-3.3999999999999995 206.92559843776314
-3.1999999999999993 212.00613006437527
-3.0 217.0838187716577
-2.8 223.27166861580417
-2.5999999999999996 231.6112476549541
-2.3999999999999995 242.70786707008693
-2.1999999999999993 256.4596215538992
-2.0 272.19489171004295
-1.7999999999999998 289.1266251320603
-1.5999999999999996 306.6089836120819
-1.3999999999999995 324.01195117477005
-1.1999999999999993 340.61698383068983
-1.0 355.76844833557885
-0.7999999999999998 369.0351873427396
-0.5999999999999996 380.24983465065264
-0.39999999999999947 389.5831136980949
-0.1999999999999993 397.7343087659644
0.0 406.210255046388
0.20000000000000107 417.6837798957038
0.40000000000000036 436.20138254756
0.5999999999999996 466.43000707819834
0.8000000000000007 511.15719289546405
1.0 568.3311597489001
1.200000000000001 630.9295036496977
1.4000000000000004 690.4497331503225
1.6000000000000014 740.7951056474052
1.8000000000000007 779.6937937828006
2.0 807.8203483647512
2.200000000000001 827.234235803156
2.4000000000000004 840.2181286073477
2.6000000000000014 848.7212752449842
2.8000000000000007 854.2131333284793
3.0 857.7270921969241
3.200000000000001 859.9608587750166
3.4000000000000004 861.3744595942806
3.6000000000000014 862.2671726804787
3.8000000000000007 862.8318196722417
4.0 863.1909774649979
Result sigma optimization:  -8.0 114.99112277933396
E_max_2 =  500
Cutoff Radius =  6.0
Selected Radial Transform =  25.0
factor =  1.3
displacement =  0.0
dataset =  datasets/gold.xyz
n_train =  1000
n_test =  2000
Train RMSE: 105.60380964944189 [Train MAE: 82.56029870584766]
Test RMSE: 115.76237367205921 [Test MAE: 87.54956846774097]
FINISHED at Tue Jan 10 06:37:11 CET 2023
