STARTING AT Tue Jan 10 08:45:59 CET 2023
Random seed: 1000
5 11
Reading dataset
Shuffling and extracting from dataset (length: 133885)
Shuffling and extraction done
Calculating power spectrum
Expansion coefficients done
Computing training kernel
     Calculating kernels for center species 1
     Calculating kernels for center species 1
Beginning first index add...
Beginning second index add...
     Calculating kernels for center species 6
     Calculating kernels for center species 6
Beginning first index add...
Beginning second index add...
     Calculating kernels for center species 7
     Calculating kernels for center species 7
Beginning first index add...
Beginning second index add...
     Calculating kernels for center species 8
     Calculating kernels for center species 8
Beginning first index add...
Beginning second index add...
     Calculating kernels for center species 9
     Calculating kernels for center species 9
Beginning first index add...
Beginning second index add...
Training kernel done
Computing test kernel
     Calculating kernels for center species 1
     Calculating kernels for center species 1
Beginning first index add...
Beginning second index add...
     Calculating kernels for center species 6
     Calculating kernels for center species 6
Beginning first index add...
Beginning second index add...
     Calculating kernels for center species 7
     Calculating kernels for center species 7
Beginning first index add...
Beginning second index add...
     Calculating kernels for center species 8
     Calculating kernels for center species 8
Beginning first index add...
Beginning second index add...
     Calculating kernels for center species 9
     Calculating kernels for center species 9
Beginning first index add...
Beginning second index add...
Test kernel done
Calculating composition features
Composition features done
-8.0 2.3462624227892084
-7.8 2.3793045965918864
-7.6 2.4223867629894813
-7.4 2.4820772729898164
-7.2 2.5562750918077364
-7.0 2.6557847146995774
-6.8 2.7827376061242832
-6.6 2.947460151656909
-6.4 3.1454644003718566
-6.2 3.3724819935058186
-6.0 3.6457370761233325
-5.8 3.9733966604137967
-5.6 4.346451514011918
-5.4 4.770113320258534
-5.199999999999999 5.236781287810038
-5.0 5.734768494861055
-4.8 6.262287264010898
-4.6 6.825614053023746
-4.4 7.433350846984802
-4.199999999999999 8.093233372955991
-4.0 8.837289962553681
-3.8 9.679068345749641
-3.5999999999999996 10.59127375039742
-3.3999999999999995 11.592442327353453
-3.1999999999999993 12.647419092763856
-3.0 13.747080781329268
-2.8 14.853298201924181
-2.5999999999999996 15.899877273914377
-2.3999999999999995 16.807512231421153
-2.1999999999999993 17.552554831070754
-2.0 18.15740064668131
-1.7999999999999998 18.63703737963257
-1.5999999999999996 19.033225645190697
-1.3999999999999995 19.382139956580243
-1.1999999999999993 19.69300885437274
-1.0 19.974812934377947
-0.7999999999999998 20.22704882293896
-0.5999999999999996 20.434905335652626
-0.39999999999999947 20.590610989077845
-0.1999999999999993 20.706465515382806
0.0 20.784755936676135
0.20000000000000107 20.835186270789055
0.40000000000000036 20.866165237317624
0.5999999999999996 20.884441477181966
0.8000000000000007 20.89455712258435
1.0 20.89979496808533
1.200000000000001 20.9022117190761
1.4000000000000004 20.90296075194148
1.6000000000000014 20.902612673760938
1.8000000000000007 20.90140855638724
2.0 20.899524010860212
2.200000000000001 20.89706603279414
2.4000000000000004 20.894181753912953
2.6000000000000014 20.891169290738727
2.8000000000000007 20.888383338358782
3.0 20.886132675892362
3.200000000000001 20.884379112029535
3.4000000000000004 20.88309920855615
3.6000000000000014 20.882208688603654
3.8000000000000007 20.88160948459013
4.0 20.881224392558664
Result sigma optimization:  -8.0 2.3462624227892084
E_max_2 =  300
Cutoff Radius =  6.0
Selected Radial Transform =  25.0
factor =  2.4
displacement =  0.0
dataset =  datasets/qm9.xyz
n_train =  1000
n_test =  2000
Train RMSE: 2.0273092908359973 [Train MAE: 1.510162685479704]
Test RMSE: 3.018959160557726 [Test MAE: 2.1076903090026304]
FINISHED at Tue Jan 10 08:49:35 CET 2023
