STARTING AT Tue Jan 10 04:51:11 CET 2023
Random seed: 1000
7 16
Reading dataset
Shuffling and extracting from dataset (length: 10000)
Shuffling and extraction done
Calculating power spectrum
Expansion coefficients done
Computing training kernel
     Calculating kernels for center species 1
     Calculating kernels for center species 1
Beginning first index add...
Beginning second index add...
     Calculating kernels for center species 6
     Calculating kernels for center species 6
Beginning first index add...
Beginning second index add...
Training kernel done
Computing test kernel
     Calculating kernels for center species 1
     Calculating kernels for center species 1
Beginning first index add...
Beginning second index add...
     Calculating kernels for center species 6
     Calculating kernels for center species 6
Beginning first index add...
Beginning second index add...
Test kernel done
Calculating composition features
Composition features done
-8.0 34.49005967996804
-7.8 33.87152086326201
-7.6 35.620762863542645
-7.4 37.48127012051738
-7.2 38.69175359528622
-7.0 39.22675713623944
-6.8 39.20641295660727
-6.6 38.71922870545858
-6.4 37.86251784187626
-6.2 36.798569361896966
-6.0 35.74482157570576
-5.8 34.91395983253624
-5.6 34.454529530254945
-5.4 34.42478113255559
-5.199999999999999 34.794605112056686
-5.0 35.461936079788515
-4.8 36.284754002464474
-4.6 37.123927745763886
-4.4 37.877685042504275
-4.199999999999999 38.49551902471941
-4.0 38.97440850309436
-3.8 39.34469590325783
-3.5999999999999996 39.653280593619485
-3.3999999999999995 39.95364859388515
-3.1999999999999993 40.30775079825854
-3.0 40.79071279450871
-2.8 41.4790227056624
-2.5999999999999996 42.41631919506913
-2.3999999999999995 43.58594855825048
-2.1999999999999993 44.92950619810668
-2.0 46.41068588475626
-1.7999999999999998 48.08428355422048
-1.5999999999999996 50.11908206845565
-1.3999999999999995 52.726709794676246
-1.1999999999999993 55.99978106601026
-1.0 59.77641469905507
-0.7999999999999998 63.67592589831282
-0.5999999999999996 67.2823119974703
-0.39999999999999947 70.31175379893374
-0.1999999999999993 72.66458645093086
0.0 74.3837129639295
0.20000000000000107 75.58371836605617
0.40000000000000036 76.3941736398632
0.5999999999999996 76.92904565732027
0.8000000000000007 77.2765285750775
1.0 77.4998936663941
1.200000000000001 77.6424374918116
1.4000000000000004 77.73290758544779
1.6000000000000014 77.79001877775985
1.8000000000000007 77.82579085040912
2.0 77.84786748364539
2.200000000000001 77.86107886952905
2.4000000000000004 77.86848660696751
2.6000000000000014 77.87208463745826
2.8000000000000007 77.87325481912518
3.0 77.87301915001302
3.200000000000001 77.87213030422915
3.4000000000000004 77.87108470355479
3.6000000000000014 77.87014669750067
3.8000000000000007 77.86941143084427
4.0 77.86887940365878
Result sigma optimization:  -7.8 33.87152086326201
E_max_2 =  500
Cutoff Radius =  6.0
Selected Radial Transform =  25.0
factor =  4.0
displacement =  0.0
dataset =  datasets/random-ch4-10k.extxyz
n_train =  1000
n_test =  2000
Train RMSE: 23.718221860067665 [Train MAE: 18.623704030008238]
Test RMSE: 61.881048382263394 [Test MAE: 25.191839297898127]
FINISHED at Tue Jan 10 04:53:55 CET 2023
