STARTING AT Tue Jan 10 06:29:29 CET 2023
Random seed: 1000
7 16
Reading dataset
Shuffling and extracting from dataset (length: 105092)
Shuffling and extraction done
Calculating power spectrum
Expansion coefficients done
Computing training kernel
     Calculating kernels for center species 79
     Calculating kernels for center species 79
Beginning first index add...
Beginning second index add...
Training kernel done
Computing test kernel
     Calculating kernels for center species 79
     Calculating kernels for center species 79
Beginning first index add...
Beginning second index add...
Test kernel done
Calculating composition features
Composition features done
-8.0 257.36022846182186
-7.8 244.1084693993017
-7.6 231.04014490899698
-7.4 218.39716138544358
-7.2 206.5881812031432
-7.0 196.09253241466484
-6.8 187.24342288129264
-6.6 180.07739759469084
-6.4 174.29015676414363
-6.2 169.38053457112017
-6.0 164.84913628756942
-5.8 160.32425871006689
-5.6 155.56956626554137
-5.4 150.46245532559672
-5.199999999999999 144.99247582510276
-5.0 139.25393058294654
-4.8 133.4210533691617
-4.6 127.73116573846423
-4.4 122.47717161227189
-4.199999999999999 117.97356605381373
-4.0 114.46519030619373
-3.8 112.02719113921823
-3.5999999999999996 110.55596954902428
-3.3999999999999995 109.85917133168626
-3.1999999999999993 109.74079595513214
-3.0 110.01694754583956
-2.8 110.50667816015647
-2.5999999999999996 111.05838197719189
-2.3999999999999995 111.59436967216027
-2.1999999999999993 112.1179927852408
-2.0 112.6896729353474
-1.7999999999999998 113.42903281128734
-1.5999999999999996 114.55742521767347
-1.3999999999999995 116.43200331213067
-1.1999999999999993 119.50532595543409
-1.0 124.1725352797679
-0.7999999999999998 130.56115631751396
-0.5999999999999996 138.41996252748362
-0.39999999999999947 147.20305693919565
-0.1999999999999993 156.2665934309017
0.0 165.0666158512596
0.20000000000000107 173.3360005694072
0.40000000000000036 181.19805908538387
0.5999999999999996 189.13557441151065
0.8000000000000007 197.80519937712103
1.0 207.77311656002587
1.200000000000001 219.3081208906664
1.4000000000000004 232.33147989568505
1.6000000000000014 246.44576704559273
1.8000000000000007 260.9748224834651
2.0 275.1854774482585
2.200000000000001 288.7539477796885
2.4000000000000004 302.14640666341
2.6000000000000014 316.56851542434356
2.8000000000000007 333.46342309392855
3.0 353.85445216446635
3.200000000000001 378.0581538865598
3.4000000000000004 405.99705834342785
3.6000000000000014 437.44373066130623
3.8000000000000007 471.51470980668205
4.0 506.1402380981603
Result sigma optimization:  -3.1999999999999993 109.74079595513214
E_max_2 =  500
Cutoff Radius =  6.0
Selected Radial Transform =  25.0
factor =  0.1
displacement =  0.0
dataset =  datasets/gold.xyz
n_train =  1000
n_test =  2000
Train RMSE: 58.208492775507764 [Train MAE: 40.11716705995145]
Test RMSE: 123.55602751767243 [Test MAE: 70.81740283250927]
FINISHED at Tue Jan 10 06:30:16 CET 2023
