STARTING AT Tue Jan 10 04:49:40 CET 2023
Random seed: 1000
5 11
Reading dataset
Shuffling and extracting from dataset (length: 10000)
Shuffling and extraction done
Calculating power spectrum
Expansion coefficients done
Computing training kernel
     Calculating kernels for center species 1
     Calculating kernels for center species 1
Beginning first index add...
Beginning second index add...
     Calculating kernels for center species 6
     Calculating kernels for center species 6
Beginning first index add...
Beginning second index add...
Training kernel done
Computing test kernel
     Calculating kernels for center species 1
     Calculating kernels for center species 1
Beginning first index add...
Beginning second index add...
     Calculating kernels for center species 6
     Calculating kernels for center species 6
Beginning first index add...
Beginning second index add...
Test kernel done
Calculating composition features
Composition features done
-8.0 18.962132512884462
-7.8 17.27045194712237
-7.6 16.124217807437812
-7.4 15.489709005691704
-7.2 15.259784669105668
-7.0 15.27853348314623
-6.8 15.409366196058224
-6.6 15.57530857304945
-6.4 15.748873206349318
-6.2 15.921269842995406
-6.0 16.081845629454275
-5.8 16.216147628074005
-5.6 16.315161506153842
-5.4 16.385137237236464
-5.199999999999999 16.45085938663919
-5.0 16.551827362551943
-4.8 16.736185217893663
-4.6 17.05607883371093
-4.4 17.56316062930614
-4.199999999999999 18.30126696433373
-4.0 19.295099111835604
-3.8 20.536271187118626
-3.5999999999999996 21.974219294967106
-3.3999999999999995 23.526482858908818
-3.1999999999999993 25.11349848376358
-3.0 26.698111802998522
-2.8 28.30805592044344
-2.5999999999999996 30.045058982234146
-2.3999999999999995 32.09362539940303
-2.1999999999999993 34.72242943192267
-2.0 38.22912134194608
-1.7999999999999998 42.77267570735106
-1.5999999999999996 48.17794506386789
-1.3999999999999995 53.93432242611912
-1.1999999999999993 59.435155207155375
-1.0 64.23395090623438
-0.7999999999999998 68.13183055896991
-0.5999999999999996 71.1243533219376
-0.39999999999999947 73.31686114913691
-0.1999999999999993 74.86111340380057
0.0 75.91439494239113
0.20000000000000107 76.61524889960738
0.40000000000000036 77.07319329660984
0.5999999999999996 77.36849110906108
0.8000000000000007 77.55698299037492
1.0 77.67620153983147
1.200000000000001 77.75084847766212
1.4000000000000004 77.79702084057175
1.6000000000000014 77.825190568634
1.8000000000000007 77.8421629592224
2.0 77.8523115037539
2.200000000000001 77.85837673851464
2.4000000000000004 77.86202274070416
2.6000000000000014 77.86423494283261
2.8000000000000007 77.86559047505888
3.0 77.86642822313435
3.200000000000001 77.86694940863214
3.4000000000000004 77.86727519757146
3.6000000000000014 77.86747951026706
3.8000000000000007 77.86760791918262
4.0 77.86768873728415
Result sigma optimization:  -7.2 15.259784669105668
E_max_2 =  300
Cutoff Radius =  6.0
Selected Radial Transform =  25.0
factor =  2.2
displacement =  0.0
dataset =  datasets/random-ch4-10k.extxyz
n_train =  1000
n_test =  2000
Train RMSE: 9.043996965714907 [Train MAE: 7.1261828609282585]
Test RMSE: 16.526472059160593 [Test MAE: 9.5413547580026]
FINISHED at Tue Jan 10 04:50:14 CET 2023
