STARTING AT Tue Jan 10 08:39:57 CET 2023
Random seed: 1000
8 20
Reading dataset
Shuffling and extracting from dataset (length: 133885)
Shuffling and extraction done
Calculating power spectrum
Expansion coefficients done
Computing training kernel
     Calculating kernels for center species 1
     Calculating kernels for center species 1
Beginning first index add...
Beginning second index add...
     Calculating kernels for center species 6
     Calculating kernels for center species 6
Beginning first index add...
Beginning second index add...
     Calculating kernels for center species 7
     Calculating kernels for center species 7
Beginning first index add...
Beginning second index add...
     Calculating kernels for center species 8
     Calculating kernels for center species 8
Beginning first index add...
Beginning second index add...
     Calculating kernels for center species 9
     Calculating kernels for center species 9
Beginning first index add...
Beginning second index add...
Training kernel done
Computing test kernel
     Calculating kernels for center species 1
     Calculating kernels for center species 1
Beginning first index add...
Beginning second index add...
     Calculating kernels for center species 6
     Calculating kernels for center species 6
Beginning first index add...
Beginning second index add...
     Calculating kernels for center species 7
     Calculating kernels for center species 7
Beginning first index add...
Beginning second index add...
     Calculating kernels for center species 8
     Calculating kernels for center species 8
Beginning first index add...
Beginning second index add...
     Calculating kernels for center species 9
     Calculating kernels for center species 9
Beginning first index add...
Beginning second index add...
Test kernel done
Calculating composition features
Composition features done
-8.0 3.8812485044654617
-7.8 3.8812485030188353
-7.6 3.881248500725934
-7.4 3.881248497092159
-7.2 3.8812484913316045
-7.0 3.881248482203406
-6.8 3.8812484677361634
-6.6 3.8812484448071665
-6.4 3.8812484084658108
-6.2 3.8812483508709534
-6.0 3.8812482595858815
-5.8 3.881248114912065
-5.6 3.881247885617663
-5.4 3.8812475222098404
-5.199999999999999 3.881246946250535
-5.0 3.881246033418842
-4.8 3.8812445866852103
-4.6 3.881242293781821
-4.4 3.881238659814134
-4.199999999999999 3.8812329004659967
-4.0 3.881223772768781
-3.8 3.8812093069770675
-3.5999999999999996 3.8811863818449948
-3.3999999999999995 3.8811500519792013
-3.1999999999999993 3.881092483135007
-3.0 3.8810012680943586
-2.8 3.880856765992432
-2.5999999999999996 3.88062790683807
-2.3999999999999995 3.8802655964387194
-2.1999999999999993 3.8796952540774035
-2.0 3.8788536784086425
-1.7999999999999998 3.877657223048901
-1.5999999999999996 3.8762402968885565
-1.3999999999999995 3.874443965967306
-1.1999999999999993 3.8726291814838354
-1.0 3.8724698032235034
-0.7999999999999998 3.8768791420388946
-0.5999999999999996 3.8876303226059243
-0.39999999999999947 3.9123449963840597
-0.1999999999999993 3.956165184297558
0.0 4.036667198355411
0.20000000000000107 4.164650286399487
0.40000000000000036 4.359791158285927
0.5999999999999996 4.62238972704253
0.8000000000000007 4.958131092441747
1.0 5.366555906206958
1.200000000000001 5.8656040137996
1.4000000000000004 6.494388848736993
1.6000000000000014 7.275005493240294
1.8000000000000007 8.187439722341162
2.0 9.238555617547052
2.200000000000001 10.403323896515186
2.4000000000000004 11.624809889799215
2.6000000000000014 12.875931662644067
2.8000000000000007 14.127734744126052
3.0 15.367852413203632
3.200000000000001 16.567643183584995
3.4000000000000004 17.648618113070615
3.6000000000000014 18.553781910064025
3.8000000000000007 19.265011017604344
4.0 19.786956869793983
Result sigma optimization:  -1.0 3.8724698032235034
E_max_2 =  700
Cutoff Radius =  6.0
Selected Radial Transform =  25.0
factor =  0.4
displacement =  0.0
dataset =  datasets/qm9.xyz
n_train =  1000
n_test =  2000
Train RMSE: 0.36768099009507516 [Train MAE: 0.2528504509920777]
Test RMSE: 5.053178468056675 [Test MAE: 3.4816553636426515]
FINISHED at Tue Jan 10 08:44:35 CET 2023
