STARTING AT Tue Jan 10 08:41:57 CET 2023
Random seed: 1000
6 14
Reading dataset
Shuffling and extracting from dataset (length: 133885)
Shuffling and extraction done
Calculating power spectrum
Expansion coefficients done
Computing training kernel
     Calculating kernels for center species 1
     Calculating kernels for center species 1
Beginning first index add...
Beginning second index add...
     Calculating kernels for center species 6
     Calculating kernels for center species 6
Beginning first index add...
Beginning second index add...
     Calculating kernels for center species 7
     Calculating kernels for center species 7
Beginning first index add...
Beginning second index add...
     Calculating kernels for center species 8
     Calculating kernels for center species 8
Beginning first index add...
Beginning second index add...
     Calculating kernels for center species 9
     Calculating kernels for center species 9
Beginning first index add...
Beginning second index add...
Training kernel done
Computing test kernel
     Calculating kernels for center species 1
     Calculating kernels for center species 1
Beginning first index add...
Beginning second index add...
     Calculating kernels for center species 6
     Calculating kernels for center species 6
Beginning first index add...
Beginning second index add...
     Calculating kernels for center species 7
     Calculating kernels for center species 7
Beginning first index add...
Beginning second index add...
     Calculating kernels for center species 8
     Calculating kernels for center species 8
Beginning first index add...
Beginning second index add...
     Calculating kernels for center species 9
     Calculating kernels for center species 9
Beginning first index add...
Beginning second index add...
Test kernel done
Calculating composition features
Composition features done
-8.0 3.2478036871090388
-7.8 3.247796109034609
-7.6 3.247784099466102
-7.4 3.2477650680024963
-7.2 3.2477349111505847
-7.0 3.247687130732853
-6.8 3.24761144151175
-6.6 3.247493812740999
-6.4 3.2473102805015515
-6.2 3.247022152137486
-6.0 3.2465771070822194
-5.8 3.245880269450934
-5.6 3.2447873541727277
-5.4 3.2431302749781645
-5.199999999999999 3.2405880127267337
-5.0 3.236887202325517
-4.8 3.2319382243075343
-4.6 3.225515651843539
-4.4 3.217741202292349
-4.199999999999999 3.211040185142592
-4.0 3.2095477121516987
-3.8 3.2148535623192767
-3.5999999999999996 3.2357741513094527
-3.3999999999999995 3.2860090627192537
-3.1999999999999993 3.3719772448274825
-3.0 3.4883445440688803
-2.8 3.6368930214844606
-2.5999999999999996 3.8281136646943312
-2.3999999999999995 4.047290800504777
-2.1999999999999993 4.296133254908766
-2.0 4.579922113172627
-1.7999999999999998 4.903591244072073
-1.5999999999999996 5.28389252323188
-1.3999999999999995 5.733662257203096
-1.1999999999999993 6.276447982960288
-1.0 6.9483540406100675
-0.7999999999999998 7.773045994837181
-0.5999999999999996 8.717526297291533
-0.39999999999999947 9.783707765231547
-0.1999999999999993 10.940512056294581
0.0 12.158388433626788
0.20000000000000107 13.383129627335347
0.40000000000000036 14.589601091250358
0.5999999999999996 15.787419105866636
0.8000000000000007 16.89298671557412
1.0 17.868114983318414
1.200000000000001 18.66464156957702
1.4000000000000004 19.276206255732887
1.6000000000000014 19.735262774976608
1.8000000000000007 20.06655649902937
2.0 20.304906476765293
2.200000000000001 20.476903636710894
2.4000000000000004 20.604231485662698
2.6000000000000014 20.695849213972004
2.8000000000000007 20.76080264244301
3.0 20.805249639149714
3.200000000000001 20.834497401714376
3.4000000000000004 20.853286943830927
3.6000000000000014 20.864885397616014
3.8000000000000007 20.871593655737883
4.0 20.875371567009996
Result sigma optimization:  -4.0 3.2095477121516987
E_max_2 =  400
Cutoff Radius =  6.0
Selected Radial Transform =  25.0
factor =  1.0
displacement =  0.0
dataset =  datasets/qm9.xyz
n_train =  1000
n_test =  2000
Train RMSE: 0.5044512704643181 [Train MAE: 0.3779027470637299]
Test RMSE: 4.273171409862494 [Test MAE: 2.869679777404575]
FINISHED at Tue Jan 10 08:45:12 CET 2023
