STARTING AT Tue Jan 10 04:47:39 CET 2023
Random seed: 1000
7 16
Reading dataset
Shuffling and extracting from dataset (length: 10000)
Shuffling and extraction done
Calculating power spectrum
Expansion coefficients done
Computing training kernel
     Calculating kernels for center species 1
     Calculating kernels for center species 1
Beginning first index add...
Beginning second index add...
     Calculating kernels for center species 6
     Calculating kernels for center species 6
Beginning first index add...
Beginning second index add...
Training kernel done
Computing test kernel
     Calculating kernels for center species 1
     Calculating kernels for center species 1
Beginning first index add...
Beginning second index add...
     Calculating kernels for center species 6
     Calculating kernels for center species 6
Beginning first index add...
Beginning second index add...
Test kernel done
Calculating composition features
Composition features done
-8.0 29.547146519327203
-7.8 27.385129558896804
-7.6 25.411944703409734
-7.4 23.669247141536122
-7.2 22.175659645969017
-7.0 20.92096025902086
-6.8 19.870038326997324
-6.6 18.9738521604489
-6.4 18.184120481054325
-6.2 17.46663806608093
-6.0 16.806821534814596
-5.8 16.20527755033077
-5.6 15.6681381822679
-5.4 15.199076700762365
-5.199999999999999 14.796456849272701
-5.0 14.454246045223645
-4.8 14.163701458273218
-4.6 13.915012562720348
-4.4 13.69915277197525
-4.199999999999999 13.508920930693229
-4.0 13.33890221575883
-3.8 13.186923340487937
-3.5999999999999996 13.059786700752317
-3.3999999999999995 12.981426475322513
-3.1999999999999993 12.996652936910278
-3.0 13.164880548300976
-2.8 13.545064030575762
-2.5999999999999996 14.17948518213261
-2.3999999999999995 15.083622402451553
-2.1999999999999993 16.242110348580685
-2.0 17.607246712042812
-1.7999999999999998 19.101108313804833
-1.5999999999999996 20.626908023276435
-1.3999999999999995 22.09252019608081
-1.1999999999999993 23.441316352139218
-1.0 24.682374335923797
-0.7999999999999998 25.91641765089016
-0.5999999999999996 27.356982561638755
-0.39999999999999947 29.338902526150175
-0.1999999999999993 32.2772275888656
0.0 36.513451947249784
0.20000000000000107 42.06906188779333
0.40000000000000036 48.50601271144991
0.5999999999999996 55.07342373909892
0.8000000000000007 61.041882299153556
1.0 65.96425956553813
1.200000000000001 69.72508221345045
1.4000000000000004 72.43807884155696
1.6000000000000014 74.31502588587435
1.8000000000000007 75.57531716687411
2.0 76.40385891278449
2.200000000000001 76.94048538235864
2.4000000000000004 77.2842785410885
2.6000000000000014 77.5026333126211
2.8000000000000007 77.64025521853605
3.0 77.7263776974725
3.200000000000001 77.77995407138035
3.4000000000000004 77.81316519638972
3.6000000000000014 77.83374022501225
3.8000000000000007 77.8465111834399
4.0 77.85446355373173
Result sigma optimization:  -3.3999999999999995 12.981426475322513
E_max_2 =  500
Cutoff Radius =  6.0
Selected Radial Transform =  25.0
factor =  1.1
displacement =  0.0
dataset =  datasets/random-ch4-10k.extxyz
n_train =  1000
n_test =  2000
Train RMSE: 7.535229392617676 [Train MAE: 5.939587126008059]
Test RMSE: 13.780515289511174 [Test MAE: 8.584428328308986]
FINISHED at Tue Jan 10 04:50:41 CET 2023
