STARTING AT Tue Jan 10 06:33:31 CET 2023
Random seed: 1000
8 20
Reading dataset
Shuffling and extracting from dataset (length: 105092)
Shuffling and extraction done
Calculating power spectrum
Expansion coefficients done
Computing training kernel
     Calculating kernels for center species 79
     Calculating kernels for center species 79
Beginning first index add...
Beginning second index add...
Training kernel done
Computing test kernel
     Calculating kernels for center species 79
     Calculating kernels for center species 79
Beginning first index add...
Beginning second index add...
Test kernel done
Calculating composition features
Composition features done
-8.0 123.02564940711576
-7.8 123.4588041973719
-7.6 124.1454462778041
-7.4 125.29443173104737
-7.2 127.16315270689962
-7.0 129.99688658562127
-6.8 133.91934560832468
-6.6 138.83726519242526
-6.4 144.4478378920283
-6.2 150.3432567601513
-6.0 156.11373235993094
-5.8 161.39569247142597
-5.6 165.909380355924
-5.4 169.5123078568378
-5.199999999999999 172.2240565855893
-5.0 174.19606426462448
-4.8 175.66309178601435
-4.6 176.92534819804956
-4.4 178.38258720265182
-4.199999999999999 180.6166762540012
-4.0 184.50073865785626
-3.8 191.26311010083668
-3.5999999999999996 202.31810589296035
-3.3999999999999995 218.65238239621664
-3.1999999999999993 239.97963234293476
-3.0 264.44043982706773
-2.8 289.28451268611144
-2.5999999999999996 312.002836332008
-2.3999999999999995 331.1071031499345
-2.1999999999999993 346.2442122518032
-2.0 357.83843296419116
-1.7999999999999998 366.61146101004005
-1.5999999999999996 373.2341671940249
-1.3999999999999995 378.20768578010905
-1.1999999999999993 381.92082293880827
-1.0 384.76238736454263
-0.7999999999999998 387.23572750242437
-0.5999999999999996 390.1291657988236
-0.39999999999999947 394.83489758043174
-0.1999999999999993 403.83052161965105
0.0 421.0159134705597
0.20000000000000107 451.0064076757659
0.40000000000000036 496.5490063924899
0.5999999999999996 555.4272165985908
0.8000000000000007 620.2924990659382
1.0 682.2387989089617
1.200000000000001 734.8185347051176
1.4000000000000004 775.5550080440873
1.6000000000000014 805.0713601278759
1.8000000000000007 825.4752866573938
2.0 839.1365592001672
2.200000000000001 848.091650171217
2.4000000000000004 853.8811762479767
2.6000000000000014 857.5906809587415
2.8000000000000007 859.9534343012006
3.0 861.4520801513156
3.200000000000001 862.3991464775381
3.4000000000000004 862.9948375387072
3.6000000000000014 863.3664399653032
3.8000000000000007 863.5944817665701
4.0 863.7299263078526
Result sigma optimization:  -8.0 123.02564940711576
E_max_2 =  700
Cutoff Radius =  6.0
Selected Radial Transform =  25.0
factor =  1.7
displacement =  0.0
dataset =  datasets/gold.xyz
n_train =  1000
n_test =  2000
Train RMSE: 118.53189347907072 [Train MAE: 94.47339618497249]
Test RMSE: 125.57068983285757 [Test MAE: 99.37898061835844]
FINISHED at Tue Jan 10 06:34:19 CET 2023
