STARTING AT Tue Jan 10 04:55:43 CET 2023
Random seed: 1000
7 18
Reading dataset
Shuffling and extracting from dataset (length: 10000)
Shuffling and extraction done
Calculating power spectrum
Expansion coefficients done
Computing training kernel
     Calculating kernels for center species 1
     Calculating kernels for center species 1
Beginning first index add...
Beginning second index add...
     Calculating kernels for center species 6
     Calculating kernels for center species 6
Beginning first index add...
Beginning second index add...
Training kernel done
Computing test kernel
     Calculating kernels for center species 1
     Calculating kernels for center species 1
Beginning first index add...
Beginning second index add...
     Calculating kernels for center species 6
     Calculating kernels for center species 6
Beginning first index add...
Beginning second index add...
Test kernel done
Calculating composition features
Composition features done
-8.0 31.48652916808851
-7.8 27.82969327929761
-7.6 24.028529969980497
-7.4 20.46374924329726
-7.2 17.492709905156197
-7.0 15.366755870222327
-6.8 14.160637354205198
-6.6 13.731335859499326
-6.4 13.806333271953841
-6.2 14.13253142729576
-6.0 14.531378282743335
-5.8 14.875291496064438
-5.6 15.074061559392954
-5.4 15.091537039064615
-5.199999999999999 14.959622685938758
-5.0 14.763068520768728
-4.8 14.597600035033409
-4.6 14.526407043328176
-4.4 14.564344724685581
-4.199999999999999 14.695191343725817
-4.0 14.897620712763224
-3.8 15.158684867459556
-3.5999999999999996 15.47738059380681
-3.3999999999999995 15.868330403125222
-3.1999999999999993 16.364014073002103
-3.0 17.008145546172962
-2.8 17.841996531503863
-2.5999999999999996 18.8944197232273
-2.3999999999999995 20.181388863476904
-2.1999999999999993 21.707011351335716
-2.0 23.45764787773473
-1.7999999999999998 25.39853293067582
-1.5999999999999996 27.489535278588168
-1.3999999999999995 29.725742537127804
-1.1999999999999993 32.19095554827321
-1.0 35.08795334715812
-0.7999999999999998 38.687848085860985
-0.5999999999999996 43.157377878312424
-0.39999999999999947 48.350345752610586
-0.1999999999999993 53.78620321462444
0.0 58.8896779400475
0.20000000000000107 63.27087667514108
0.40000000000000036 66.82188897022044
0.5999999999999996 69.63038694023972
0.8000000000000007 71.84046839767039
1.0 73.56645351653891
1.200000000000001 74.88321359845112
1.4000000000000004 75.85211227559125
1.6000000000000014 76.53789704865325
1.8000000000000007 77.007062621549
2.0 77.31962502156046
2.200000000000001 77.52379737053764
2.4000000000000004 77.65518410503292
2.6000000000000014 77.73863281884321
2.8000000000000007 77.79087658244661
3.0 77.82297575118326
3.200000000000001 77.8422145917265
3.4000000000000004 77.85341360092437
3.6000000000000014 77.85975267476479
3.8000000000000007 77.86327238913557
4.0 77.86521658353628
Result sigma optimization:  -6.6 13.731335859499326
E_max_2 =  600
Cutoff Radius =  6.0
Selected Radial Transform =  26.0
factor =  2.3
displacement =  0.0
dataset =  datasets/random-ch4-10k.extxyz
n_train =  1000
n_test =  2000
Train RMSE: 7.527735642891874 [Train MAE: 5.883803750936784]
Test RMSE: 20.456979205963044 [Test MAE: 9.674625466429243]
FINISHED at Tue Jan 10 04:56:27 CET 2023
