STARTING AT Tue Jan 10 08:52:32 CET 2023
Random seed: 1000
7 18
Reading dataset
Shuffling and extracting from dataset (length: 133885)
Shuffling and extraction done
Calculating power spectrum
Expansion coefficients done
Computing training kernel
     Calculating kernels for center species 1
     Calculating kernels for center species 1
Beginning first index add...
Beginning second index add...
     Calculating kernels for center species 6
     Calculating kernels for center species 6
Beginning first index add...
Beginning second index add...
     Calculating kernels for center species 7
     Calculating kernels for center species 7
Beginning first index add...
Beginning second index add...
     Calculating kernels for center species 8
     Calculating kernels for center species 8
Beginning first index add...
Beginning second index add...
     Calculating kernels for center species 9
     Calculating kernels for center species 9
Beginning first index add...
Beginning second index add...
Training kernel done
Computing test kernel
     Calculating kernels for center species 1
     Calculating kernels for center species 1
Beginning first index add...
Beginning second index add...
     Calculating kernels for center species 6
     Calculating kernels for center species 6
Beginning first index add...
Beginning second index add...
     Calculating kernels for center species 7
     Calculating kernels for center species 7
Beginning first index add...
Beginning second index add...
     Calculating kernels for center species 8
     Calculating kernels for center species 8
Beginning first index add...
Beginning second index add...
     Calculating kernels for center species 9
     Calculating kernels for center species 9
Beginning first index add...
Beginning second index add...
Test kernel done
Calculating composition features
Composition features done
-8.0 2.6187595558615286
-7.8 2.618754188922132
-7.6 2.6187456841416714
-7.4 2.618732208563015
-7.2 2.618710859669416
-7.0 2.618677045424076
-6.8 2.618623507425378
-6.6 2.618538790360151
-6.4 2.618404858728958
-6.2 2.6181934260690176
-6.0 2.6178716771128383
-5.8 2.6173958240550563
-5.6 2.616727887011119
-5.4 2.6158155078311394
-5.199999999999999 2.6147774589820476
-5.0 2.6137480219919524
-4.8 2.612878633907283
-4.6 2.614114725692969
-4.4 2.617718649593364
-4.199999999999999 2.6271584187098016
-4.0 2.6461454275255765
-3.8 2.677217830158268
-3.5999999999999996 2.7210177492935617
-3.3999999999999995 2.7850532866317446
-3.1999999999999993 2.868441549159223
-3.0 2.973291854128911
-2.8 3.109342252510585
-2.5999999999999996 3.2739541309780686
-2.3999999999999995 3.4576188435434196
-2.1999999999999993 3.6559755930676947
-2.0 3.8720434640769708
-1.7999999999999998 4.129072947459561
-1.5999999999999996 4.401029476084439
-1.3999999999999995 4.691950223861186
-1.1999999999999993 5.033500436757409
-1.0 5.46121088258097
-0.7999999999999998 6.022557980367532
-0.5999999999999996 6.732624281209204
-0.39999999999999947 7.614378883235282
-0.1999999999999993 8.638261604925052
0.0 9.76667779518323
0.20000000000000107 10.984010360864117
0.40000000000000036 12.267491515922957
0.5999999999999996 13.567006284268706
0.8000000000000007 14.824116788804309
1.0 15.996281827109607
1.200000000000001 17.037111775158884
1.4000000000000004 17.9252921721012
1.6000000000000014 18.654290242008845
1.8000000000000007 19.244433522511265
2.0 19.706091259597848
2.200000000000001 20.04860092316018
2.4000000000000004 20.295225986177286
2.6000000000000014 20.472863546438372
2.8000000000000007 20.604472495854893
3.0 20.698482686063343
3.200000000000001 20.765632244118805
3.4000000000000004 20.81111382315419
3.6000000000000014 20.84105364357738
3.8000000000000007 20.86030888637378
4.0 20.872028772152465
Result sigma optimization:  -4.8 2.612878633907283
E_max_2 =  600
Cutoff Radius =  6.0
Selected Radial Transform =  26.0
factor =  1.3
displacement =  0.0
dataset =  datasets/qm9.xyz
n_train =  1000
n_test =  2000
Train RMSE: 0.11150349158740643 [Train MAE: 0.0853948509470406]
Test RMSE: 3.599040285738745 [Test MAE: 2.413276678401624]
FINISHED at Tue Jan 10 08:58:54 CET 2023
