STARTING AT Tue Jan 10 04:56:13 CET 2023
Random seed: 1000
7 16
Reading dataset
Shuffling and extracting from dataset (length: 10000)
Shuffling and extraction done
Calculating power spectrum
Expansion coefficients done
Computing training kernel
     Calculating kernels for center species 1
     Calculating kernels for center species 1
Beginning first index add...
Beginning second index add...
     Calculating kernels for center species 6
     Calculating kernels for center species 6
Beginning first index add...
Beginning second index add...
Training kernel done
Computing test kernel
     Calculating kernels for center species 1
     Calculating kernels for center species 1
Beginning first index add...
Beginning second index add...
     Calculating kernels for center species 6
     Calculating kernels for center species 6
Beginning first index add...
Beginning second index add...
Test kernel done
Calculating composition features
Composition features done
-8.0 19.325579946943254
-7.8 17.198320573506056
-7.6 15.798981100901003
-7.4 14.997460397012372
-7.2 14.649088313402963
-7.0 14.636437395455124
-6.8 14.852793507328263
-6.6 15.174637600045555
-6.4 15.476094466781634
-6.2 15.672661225551977
-6.0 15.747065053846368
-5.8 15.733773786391215
-5.6 15.679192446270994
-5.4 15.612463128088407
-5.199999999999999 15.545147449003704
-5.0 15.48886845835858
-4.8 15.4663231530072
-4.6 15.5016374687478
-4.4 15.602656926861714
-4.199999999999999 15.760848565814953
-4.0 15.972827042947054
-3.8 16.26221108509859
-3.5999999999999996 16.68391640792624
-3.3999999999999995 17.310551984600977
-3.1999999999999993 18.210262384500805
-3.0 19.42613930647152
-2.8 20.96015026890284
-2.5999999999999996 22.7562591235899
-2.3999999999999995 24.693752003735472
-2.1999999999999993 26.62299921655869
-2.0 28.44764828305841
-1.7999999999999998 30.21192756027346
-1.5999999999999996 32.15086850564185
-1.3999999999999995 34.669901621850485
-1.1999999999999993 38.1966941349258
-1.0 42.89968211396991
-0.7999999999999998 48.476428396974505
-0.5999999999999996 54.26460668817995
-0.39999999999999947 59.59858243461073
-0.1999999999999993 64.09113460903438
0.0 67.67022039164397
0.20000000000000107 70.44846286217201
0.40000000000000036 72.57940796777828
0.5999999999999996 74.18820164646147
0.8000000000000007 75.37065050690136
1.0 76.21128482631228
1.200000000000001 76.78991541735718
1.4000000000000004 77.17765299361213
1.6000000000000014 77.43221795132533
1.8000000000000007 77.59682627526827
2.0 77.7019771345122
2.200000000000001 77.76834783997577
2.4000000000000004 77.80961265162047
2.6000000000000014 77.83471808570182
2.8000000000000007 77.84953662930981
3.0 77.85796299460819
3.200000000000001 77.86257515450012
3.4000000000000004 77.86502476633822
3.6000000000000014 77.86630713541717
3.8000000000000007 77.8669811711827
4.0 77.86734255248551
Result sigma optimization:  -7.0 14.636437395455124
E_max_2 =  500
Cutoff Radius =  6.0
Selected Radial Transform =  26.0
factor =  2.4
displacement =  0.0
dataset =  datasets/random-ch4-10k.extxyz
n_train =  1000
n_test =  2000
Train RMSE: 8.54938278994969 [Train MAE: 6.71935510182243]
Test RMSE: 18.0393632193331 [Test MAE: 9.625363343687095]
FINISHED at Tue Jan 10 05:00:13 CET 2023
