STARTING AT Tue Jan 10 06:38:03 CET 2023
Random seed: 1000
5 11
Reading dataset
Shuffling and extracting from dataset (length: 105092)
Shuffling and extraction done
Calculating power spectrum
Expansion coefficients done
Computing training kernel
     Calculating kernels for center species 79
     Calculating kernels for center species 79
Beginning first index add...
Beginning second index add...
Training kernel done
Computing test kernel
     Calculating kernels for center species 79
     Calculating kernels for center species 79
Beginning first index add...
Beginning second index add...
Test kernel done
Calculating composition features
Composition features done
-8.0 126.79280192920757
-7.8 124.46760977835818
-7.6 122.69628715218965
-7.4 121.42174537500094
-7.2 120.4502498210621
-7.0 119.46360258438901
-6.8 118.09869429847494
-6.6 116.04787968573496
-6.4 113.13021495893238
-6.2 109.32522015087827
-6.0 104.78302684044944
-5.8 99.80353171912328
-5.6 94.77190890094774
-5.4 90.07584151130897
-5.199999999999999 86.0485560904784
-5.0 82.94462596573209
-4.8 80.92023663644963
-4.6 80.01054999304283
-4.4 80.1367918596171
-4.199999999999999 81.16166999433963
-4.0 82.95471391251067
-3.8 85.41011451358898
-3.5999999999999996 88.41518058428065
-3.3999999999999995 91.83687314478637
-3.1999999999999993 95.57447419253423
-3.0 99.63058194969047
-2.8 104.12418971074725
-2.5999999999999996 109.24559845310961
-2.3999999999999995 115.20635779607099
-2.1999999999999993 122.20091318372539
-2.0 130.34879229481112
-1.7999999999999998 139.62172588364197
-1.5999999999999996 149.83340401101472
-1.3999999999999995 160.72734814195027
-1.1999999999999993 172.06722538662893
-1.0 183.64457385442321
-0.7999999999999998 195.28806766352963
-0.5999999999999996 207.00716278531482
-0.39999999999999947 219.21426543682497
-0.1999999999999993 232.7818637422747
0.0 248.7407212686904
0.20000000000000107 267.77231087505237
0.40000000000000036 290.07033647885004
0.5999999999999996 315.8792513386534
0.8000000000000007 345.9766028527329
1.0 381.06175929587306
1.200000000000001 420.350145128652
1.4000000000000004 461.1161154699574
1.6000000000000014 500.13263293666205
1.8000000000000007 535.723595964068
2.0 568.622831125428
2.200000000000001 601.1011467250146
2.4000000000000004 634.9773572047968
2.6000000000000014 669.9199501650675
2.8000000000000007 703.5301116815186
3.0 733.0746592050926
3.200000000000001 757.1159302486528
3.4000000000000004 775.8949589476653
3.6000000000000014 790.7685060612257
3.8000000000000007 803.3760047915789
4.0 814.9034573949862
Result sigma optimization:  -4.6 80.01054999304283
E_max_2 =  300
Cutoff Radius =  6.0
Selected Radial Transform =  26.0
factor =  0.3
displacement =  0.0
dataset =  datasets/gold.xyz
n_train =  1000
n_test =  2000
Train RMSE: 45.828111605775725 [Train MAE: 32.01554860776203]
Test RMSE: 84.88450970274529 [Test MAE: 51.988810214486904]
FINISHED at Tue Jan 10 06:41:20 CET 2023
