STARTING AT Tue Jan 10 04:53:42 CET 2023
Random seed: 1000
7 18
Reading dataset
Shuffling and extracting from dataset (length: 10000)
Shuffling and extraction done
Calculating power spectrum
Expansion coefficients done
Computing training kernel
     Calculating kernels for center species 1
     Calculating kernels for center species 1
Beginning first index add...
Beginning second index add...
     Calculating kernels for center species 6
     Calculating kernels for center species 6
Beginning first index add...
Beginning second index add...
Training kernel done
Computing test kernel
     Calculating kernels for center species 1
     Calculating kernels for center species 1
Beginning first index add...
Beginning second index add...
     Calculating kernels for center species 6
     Calculating kernels for center species 6
Beginning first index add...
Beginning second index add...
Test kernel done
Calculating composition features
Composition features done
-8.0 17.504639448304825
-7.8 17.144213275691325
-7.6 16.73893515091981
-7.4 16.298703732196106
-7.2 15.833855802214732
-7.0 15.35452234843776
-6.8 14.868523548860551
-6.6 14.380196664806034
-6.4 13.892985043163911
-6.2 13.414556338834343
-6.0 12.959611454809249
-5.8 12.546773643474374
-5.6 12.19169600202508
-5.4 11.902158113286877
-5.199999999999999 11.67793950545456
-5.0 11.513200216574017
-4.8 11.398365812462027
-4.6 11.321843987391858
-4.4 11.273452321325246
-4.199999999999999 11.248432388485977
-4.0 11.248637830340856
-3.8 11.280480316816298
-3.5999999999999996 11.353003366775706
-3.3999999999999995 11.478060194069991
-3.1999999999999993 11.670840614392366
-3.0 11.948804444231783
-2.8 12.329353141619535
-2.5999999999999996 12.827704270641132
-2.3999999999999995 13.456097863391582
-2.1999999999999993 14.224769578712268
-2.0 15.145513011797961
-1.7999999999999998 16.238819818832834
-1.5999999999999996 17.542516034864963
-1.3999999999999995 19.115004403852236
-1.1999999999999993 21.026464030398035
-1.0 23.34208947162746
-0.7999999999999998 26.113981089202472
-0.5999999999999996 29.390568255597465
-0.39999999999999947 33.222442323492906
-0.1999999999999993 37.63078156674056
0.0 42.54252293970844
0.20000000000000107 47.75344822300047
0.40000000000000036 52.972911547827145
0.5999999999999996 57.91629750874728
0.8000000000000007 62.36789999094862
1.0 66.19587423161215
1.200000000000001 69.34664502880224
1.4000000000000004 71.83185847643209
1.6000000000000014 73.71123579001042
1.8000000000000007 75.07573366838604
2.0 76.03058040518466
2.200000000000001 76.67857708533505
2.4000000000000004 77.10796843478767
2.6000000000000014 77.38744236891742
2.8000000000000007 77.56684327627715
3.0 77.68067134115988
3.200000000000001 77.752116257864
3.4000000000000004 77.7965090148223
3.6000000000000014 77.8238724642468
3.8000000000000007 77.84066800837334
4.0 77.85097869430295
Result sigma optimization:  -4.199999999999999 11.248432388485977
E_max_2 =  600
Cutoff Radius =  6.0
Selected Radial Transform =  26.0
factor =  1.0
displacement =  0.0
dataset =  datasets/random-ch4-10k.extxyz
n_train =  1000
n_test =  2000
Train RMSE: 4.128086044860961 [Train MAE: 3.266932560667316]
Test RMSE: 10.881817344433188 [Test MAE: 6.630171818489905]
FINISHED at Tue Jan 10 04:57:12 CET 2023
