STARTING AT Tue Jan 10 06:45:37 CET 2023
Random seed: 1000
8 20
Reading dataset
Shuffling and extracting from dataset (length: 105092)
Shuffling and extraction done
Calculating power spectrum
Expansion coefficients done
Computing training kernel
     Calculating kernels for center species 79
     Calculating kernels for center species 79
Beginning first index add...
Beginning second index add...
Training kernel done
Computing test kernel
     Calculating kernels for center species 79
     Calculating kernels for center species 79
Beginning first index add...
Beginning second index add...
Test kernel done
Calculating composition features
Composition features done
-8.0 300.08301897614075
-7.8 280.3244536163863
-7.6 262.75204175211314
-7.4 247.43981322688288
-7.2 234.12725702335425
-7.0 222.32722150206723
-6.8 211.55418701009114
-6.6 201.52430416592054
-6.4 192.18365582885542
-6.2 183.65403749598636
-6.0 176.14607628042918
-5.8 169.8499451062745
-5.6 164.78554927509902
-5.4 160.70085080623272
-5.199999999999999 157.1313684687634
-5.0 153.5984962960112
-4.8 149.7790292522793
-4.6 145.5376267954381
-4.4 140.86631537050852
-4.199999999999999 135.82392398347923
-4.0 130.49787007932795
-3.8 124.97093301779137
-3.5999999999999996 119.32450146111726
-3.3999999999999995 113.71280798932185
-3.1999999999999993 108.43661466435051
-3.0 103.89688135412686
-2.8 100.41897113692713
-2.5999999999999996 98.08726802689496
-2.3999999999999995 96.73981137784497
-2.1999999999999993 96.11060103045364
-2.0 95.97046932560376
-1.7999999999999998 96.1714825445111
-1.5999999999999996 96.63264394464215
-1.3999999999999995 97.33444151997263
-1.1999999999999993 98.32632146996266
-1.0 99.71462464348242
-0.7999999999999998 101.62412358091878
-0.5999999999999996 104.15682276326083
-0.39999999999999947 107.37047583094312
-0.1999999999999993 111.27994162194086
0.0 115.87780559339416
0.20000000000000107 121.1686086364043
0.40000000000000036 127.18276286516172
0.5999999999999996 133.93733473021575
0.8000000000000007 141.38717742484752
1.0 149.4495917511937
1.200000000000001 158.09762166604736
1.4000000000000004 167.42214037281863
1.6000000000000014 177.60094222144795
1.8000000000000007 188.80369833505944
2.0 201.09482024010273
2.200000000000001 214.43697959795318
2.4000000000000004 228.89177378056007
2.6000000000000014 244.88347014890908
2.8000000000000007 263.1707953472268
3.0 284.38616141892004
3.200000000000001 308.57451343923555
3.4000000000000004 335.3894567979744
3.6000000000000014 364.87512854947244
3.8000000000000007 397.7731902171867
4.0 434.56871606436505
Result sigma optimization:  -2.0 95.97046932560376
E_max_2 =  700
Cutoff Radius =  6.0
Selected Radial Transform =  27.0
factor =  0.1
displacement =  0.0
dataset =  datasets/gold.xyz
n_train =  1000
n_test =  2000
Train RMSE: 51.89413425885584 [Train MAE: 37.138072364461706]
Test RMSE: 101.40675731340303 [Test MAE: 61.98232512393792]
FINISHED at Tue Jan 10 06:46:23 CET 2023
