STARTING AT Tue Jan 10 05:02:46 CET 2023
Random seed: 1000
7 18
Reading dataset
Shuffling and extracting from dataset (length: 10000)
Shuffling and extraction done
Calculating power spectrum
Expansion coefficients done
Computing training kernel
     Calculating kernels for center species 1
     Calculating kernels for center species 1
Beginning first index add...
Beginning second index add...
     Calculating kernels for center species 6
     Calculating kernels for center species 6
Beginning first index add...
Beginning second index add...
Training kernel done
Computing test kernel
     Calculating kernels for center species 1
     Calculating kernels for center species 1
Beginning first index add...
Beginning second index add...
     Calculating kernels for center species 6
     Calculating kernels for center species 6
Beginning first index add...
Beginning second index add...
Test kernel done
Calculating composition features
Composition features done
-8.0 24.392699995927497
-7.8 24.74085934744353
-7.6 24.873230849764077
-7.4 24.719341164828425
-7.2 24.31488871320597
-7.0 23.71745074180472
-6.8 22.960299212860612
-6.6 22.06237796588416
-6.4 21.067609294625022
-6.2 20.075024612166473
-6.0 19.225924365408915
-5.8 18.641692575826802
-5.6 18.362929164707623
-5.4 18.344518021627934
-5.199999999999999 18.49416864571072
-5.0 18.71665241722844
-4.8 18.94687850516218
-4.6 19.162862485110566
-4.4 19.378463043540922
-4.199999999999999 19.62910716283794
-4.0 19.96259653522129
-3.8 20.43522874749544
-3.5999999999999996 21.106311395483022
-3.3999999999999995 22.02550688576213
-3.1999999999999993 23.21047402532602
-3.0 24.619005895168183
-2.8 26.139992947205364
-2.5999999999999996 27.632621398581993
-2.3999999999999995 28.999512758354008
-2.1999999999999993 30.24240855895349
-2.0 31.475641670062714
-1.7999999999999998 32.91725901657227
-1.5999999999999996 34.87788787691638
-1.3999999999999995 37.7132888012922
-1.1999999999999993 41.66729484683442
-1.0 46.64757643301024
-0.7999999999999998 52.16456519195664
-0.5999999999999996 57.557597985649856
-0.39999999999999947 62.30885519315176
-0.1999999999999993 66.19281044620645
0.0 69.22915162080862
0.20000000000000107 71.55699513842215
0.40000000000000036 73.33134166135598
0.5999999999999996 74.6746588471921
0.8000000000000007 75.67386426020093
1.0 76.39641573817123
1.200000000000001 76.9024271895435
1.4000000000000004 77.24652010690151
1.6000000000000014 77.47502876018548
1.8000000000000007 77.62410083203352
2.0 77.72005503552347
2.200000000000001 77.78111493978223
2.4000000000000004 77.81946757644295
2.6000000000000014 77.84307924167916
2.8000000000000007 77.85710240303467
3.0 77.86489589205931
3.200000000000001 77.86872108902135
3.4000000000000004 77.87016251764003
3.6000000000000014 77.87033131065338
3.8000000000000007 77.8699518690906
4.0 77.8694331878349
Result sigma optimization:  -5.4 18.344518021627934
E_max_2 =  600
Cutoff Radius =  6.0
Selected Radial Transform =  27.0
factor =  3.0
displacement =  0.0
dataset =  datasets/random-ch4-10k.extxyz
n_train =  1000
n_test =  2000
Train RMSE: 15.248404906652025 [Train MAE: 12.208335947852921]
Test RMSE: 21.24246579523796 [Test MAE: 14.514545071165367]
FINISHED at Tue Jan 10 05:06:57 CET 2023
