STARTING AT Tue Jan 10 05:02:46 CET 2023
Random seed: 1000
5 11
Reading dataset
Shuffling and extracting from dataset (length: 10000)
Shuffling and extraction done
Calculating power spectrum
Expansion coefficients done
Computing training kernel
     Calculating kernels for center species 1
     Calculating kernels for center species 1
Beginning first index add...
Beginning second index add...
     Calculating kernels for center species 6
     Calculating kernels for center species 6
Beginning first index add...
Beginning second index add...
Training kernel done
Computing test kernel
     Calculating kernels for center species 1
     Calculating kernels for center species 1
Beginning first index add...
Beginning second index add...
     Calculating kernels for center species 6
     Calculating kernels for center species 6
Beginning first index add...
Beginning second index add...
Test kernel done
Calculating composition features
Composition features done
-8.0 15.569324525623486
-7.8 15.645121753510727
-7.6 15.59557812370888
-7.4 15.482367898241712
-7.2 15.395962393406922
-7.0 15.40549222888203
-6.8 15.529964849586475
-6.6 15.745309689254157
-6.4 16.01078482397026
-6.2 16.290753061686743
-6.0 16.565700336076432
-5.8 16.836975142236394
-5.6 17.127680441681026
-5.4 17.478977085817114
-5.199999999999999 17.94126106359835
-5.0 18.56176581355759
-4.8 19.372197475326832
-4.6 20.380670791811546
-4.4 21.56877406724954
-4.199999999999999 22.892343851479644
-4.0 24.290289440404898
-3.8 25.71133138860356
-3.5999999999999996 27.161305038817023
-3.3999999999999995 28.756567750625138
-3.1999999999999993 30.75794947889081
-3.0 33.543046149289125
-2.8 37.45230534549051
-2.5999999999999996 42.52985770529093
-2.3999999999999995 48.37909992267654
-2.1999999999999993 54.322216017630424
-2.0 59.73067706675983
-1.7999999999999998 64.2511649876034
-1.5999999999999996 67.8222203874291
-1.3999999999999995 70.56086968228578
-1.1999999999999993 72.63598156882381
-1.0 74.19466111446849
-0.7999999999999998 75.3465141829829
-0.5999999999999996 76.17628602628402
-0.39999999999999947 76.75655414367887
-0.1999999999999993 77.15111733661519
0.0 77.41325996251875
0.20000000000000107 77.5843499068312
0.40000000000000036 77.69449406880284
0.5999999999999996 77.76456130974204
0.8000000000000007 77.80853282974537
1.0 77.83557842961223
1.200000000000001 77.85166923231951
1.4000000000000004 77.8607358464741
1.6000000000000014 77.8654307409811
1.8000000000000007 77.86756731616957
2.0 77.86834595120854
2.200000000000001 77.86849577867758
2.4000000000000004 77.86840816190013
2.6000000000000014 77.86826414881804
2.8000000000000007 77.86813283792333
3.0 77.86803238644707
3.200000000000001 77.86796158314536
3.4000000000000004 77.86791384274875
3.6000000000000014 77.86788247059054
3.8000000000000007 77.86786217093095
4.0 77.86784915967782
Result sigma optimization:  -7.2 15.395962393406922
E_max_2 =  300
Cutoff Radius =  6.0
Selected Radial Transform =  27.0
factor =  2.6
displacement =  0.0
dataset =  datasets/random-ch4-10k.extxyz
n_train =  1000
n_test =  2000
Train RMSE: 12.559249216574917 [Train MAE: 10.034634240687788]
Test RMSE: 20.618978277321077 [Test MAE: 11.49133233025164]
FINISHED at Tue Jan 10 05:07:58 CET 2023
