STARTING AT Tue Jan 10 05:02:46 CET 2023
Random seed: 1000
5 11
Reading dataset
Shuffling and extracting from dataset (length: 10000)
Shuffling and extraction done
Calculating power spectrum
Expansion coefficients done
Computing training kernel
     Calculating kernels for center species 1
     Calculating kernels for center species 1
Beginning first index add...
Beginning second index add...
     Calculating kernels for center species 6
     Calculating kernels for center species 6
Beginning first index add...
Beginning second index add...
Training kernel done
Computing test kernel
     Calculating kernels for center species 1
     Calculating kernels for center species 1
Beginning first index add...
Beginning second index add...
     Calculating kernels for center species 6
     Calculating kernels for center species 6
Beginning first index add...
Beginning second index add...
Test kernel done
Calculating composition features
Composition features done
-8.0 19.469301763565095
-7.8 19.004216011112003
-7.6 18.920906540860535
-7.4 19.103583303350447
-7.2 19.424408876761245
-7.0 19.792754194544255
-6.8 20.166033731007385
-6.6 20.5424903288455
-6.4 20.9484033297224
-6.2 21.418045126205286
-6.0 21.967551198220338
-5.8 22.58021952203282
-5.6 23.221414778576985
-5.4 23.872494995697384
-5.199999999999999 24.5493335700454
-5.0 25.286741844312903
-4.8 26.106036021288993
-4.6 26.99764749213234
-4.4 27.933552888698745
-4.199999999999999 28.90107334937337
-4.0 29.941482613297303
-3.8 31.181998605575902
-3.5999999999999996 32.855965006048244
-3.3999999999999995 35.28326024388811
-3.1999999999999993 38.745141556667384
-3.0 43.2615148213074
-2.8 48.46688365989399
-2.5999999999999996 53.757574345590115
-2.3999999999999995 58.587352328406666
-2.1999999999999993 62.66522906796846
-2.0 65.9681637689412
-1.7999999999999998 68.63257529451514
-1.5999999999999996 70.81980472228014
-1.3999999999999995 72.63114189646438
-1.1999999999999993 74.10302004553692
-1.0 75.25011874385946
-0.7999999999999998 76.1010406260415
-0.5999999999999996 76.70429393288636
-0.39999999999999947 77.1167312677522
-0.1999999999999993 77.39125652120083
0.0 77.57054932182781
0.20000000000000107 77.686070006217
0.40000000000000036 77.75970645514967
0.5999999999999996 77.80612666017099
0.8000000000000007 77.83492498882921
1.0 77.85229455682816
1.200000000000001 77.86223971893834
1.4000000000000004 77.86741329338476
1.6000000000000014 77.86964634499705
1.8000000000000007 77.87022781793745
2.0 77.87002474349686
2.200000000000001 77.8695550358428
2.4000000000000004 77.86907650034685
2.6000000000000014 77.8686858355452
2.8000000000000007 77.86839890087951
3.0 77.86820025925522
3.200000000000001 77.8680675030459
3.4000000000000004 77.8679806734027
3.6000000000000014 77.86792463776534
3.8000000000000007 77.86788877657203
4.0 77.86786594668334
Result sigma optimization:  -7.6 18.920906540860535
E_max_2 =  300
Cutoff Radius =  6.0
Selected Radial Transform =  27.0
factor =  3.0
displacement =  0.0
dataset =  datasets/random-ch4-10k.extxyz
n_train =  1000
n_test =  2000
Train RMSE: 15.818274640629019 [Train MAE: 12.70222118732323]
Test RMSE: 25.46830958104446 [Test MAE: 14.250041294057679]
FINISHED at Tue Jan 10 05:03:32 CET 2023
