STARTING AT Tue Jan 10 08:59:04 CET 2023
Random seed: 1000
6 14
Reading dataset
Shuffling and extracting from dataset (length: 133885)
Shuffling and extraction done
Calculating power spectrum
Expansion coefficients done
Computing training kernel
     Calculating kernels for center species 1
     Calculating kernels for center species 1
Beginning first index add...
Beginning second index add...
     Calculating kernels for center species 6
     Calculating kernels for center species 6
Beginning first index add...
Beginning second index add...
     Calculating kernels for center species 7
     Calculating kernels for center species 7
Beginning first index add...
Beginning second index add...
     Calculating kernels for center species 8
     Calculating kernels for center species 8
Beginning first index add...
Beginning second index add...
     Calculating kernels for center species 9
     Calculating kernels for center species 9
Beginning first index add...
Beginning second index add...
Training kernel done
Computing test kernel
     Calculating kernels for center species 1
     Calculating kernels for center species 1
Beginning first index add...
Beginning second index add...
     Calculating kernels for center species 6
     Calculating kernels for center species 6
Beginning first index add...
Beginning second index add...
     Calculating kernels for center species 7
     Calculating kernels for center species 7
Beginning first index add...
Beginning second index add...
     Calculating kernels for center species 8
     Calculating kernels for center species 8
Beginning first index add...
Beginning second index add...
     Calculating kernels for center species 9
     Calculating kernels for center species 9
Beginning first index add...
Beginning second index add...
Test kernel done
Calculating composition features
Composition features done
-8.0 4.574867517748906
-7.8 4.574867383548889
-7.6 4.574867170857284
-7.4 4.574866833764589
-7.2 4.5748662995100595
-7.0 4.574865452772031
-6.8 4.57486411079929
-6.6 4.574861983924398
-6.4 4.574858613110121
-6.2 4.574853499799685
-6.0 4.574845490325029
-5.8 4.574832796791014
-5.6 4.574812680445039
-5.4 4.574780802102882
-5.199999999999999 4.574730288149347
-5.0 4.574650253568787
-4.8 4.574523469196545
-4.6 4.5743226847932
-4.4 4.574004852363948
-4.199999999999999 4.573507308564214
-4.0 4.572724953875018
-3.8 4.571554343512812
-3.5999999999999996 4.569779727549145
-3.3999999999999995 4.5676418167511175
-3.1999999999999993 4.565662795054129
-3.0 4.563967449763264
-2.8 4.563536445742144
-2.5999999999999996 4.5660591886657516
-2.3999999999999995 4.576864680917879
-2.1999999999999993 4.609352725429917
-2.0 4.673150861820862
-1.7999999999999998 4.767146469388789
-1.5999999999999996 4.892532033608326
-1.3999999999999995 5.055899514286166
-1.1999999999999993 5.264386131711386
-1.0 5.5285957776416925
-0.7999999999999998 5.856921917312911
-0.5999999999999996 6.254604005431926
-0.39999999999999947 6.752031777122181
-0.1999999999999993 7.39011275739132
0.0 8.182038998691342
0.20000000000000107 9.079557453824144
0.40000000000000036 10.042373744971188
0.5999999999999996 11.043898230479813
0.8000000000000007 12.046279884871934
1.0 13.038117439767326
1.200000000000001 14.004014570161136
1.4000000000000004 14.990506581429585
1.6000000000000014 16.0152838657477
1.8000000000000007 17.006014690108632
2.0 17.929631437079458
2.200000000000001 18.72056932449999
2.4000000000000004 19.346646440594466
2.6000000000000014 19.825454631197164
2.8000000000000007 20.166655986113327
3.0 20.403912856039327
3.200000000000001 20.5665263828691
3.4000000000000004 20.675610473359157
3.6000000000000014 20.74861518966534
3.8000000000000007 20.796521562589678
4.0 20.827560637097992
Result sigma optimization:  -2.8 4.563536445742144
E_max_2 =  400
Cutoff Radius =  6.0
Selected Radial Transform =  27.0
factor =  0.6
displacement =  0.0
dataset =  datasets/qm9.xyz
n_train =  1000
n_test =  2000
Train RMSE: 0.4220726035148608 [Train MAE: 0.3056058075213316]
Test RMSE: 5.932944183359824 [Test MAE: 4.188662772898907]
FINISHED at Tue Jan 10 09:00:32 CET 2023
