STARTING AT Tue Jan 10 09:00:35 CET 2023
Random seed: 1000
5 11
Reading dataset
Shuffling and extracting from dataset (length: 133885)
Shuffling and extraction done
Calculating power spectrum
Expansion coefficients done
Computing training kernel
     Calculating kernels for center species 1
     Calculating kernels for center species 1
Beginning first index add...
Beginning second index add...
     Calculating kernels for center species 6
     Calculating kernels for center species 6
Beginning first index add...
Beginning second index add...
     Calculating kernels for center species 7
     Calculating kernels for center species 7
Beginning first index add...
Beginning second index add...
     Calculating kernels for center species 8
     Calculating kernels for center species 8
Beginning first index add...
Beginning second index add...
     Calculating kernels for center species 9
     Calculating kernels for center species 9
Beginning first index add...
Beginning second index add...
Training kernel done
Computing test kernel
     Calculating kernels for center species 1
     Calculating kernels for center species 1
Beginning first index add...
Beginning second index add...
     Calculating kernels for center species 6
     Calculating kernels for center species 6
Beginning first index add...
Beginning second index add...
     Calculating kernels for center species 7
     Calculating kernels for center species 7
Beginning first index add...
Beginning second index add...
     Calculating kernels for center species 8
     Calculating kernels for center species 8
Beginning first index add...
Beginning second index add...
     Calculating kernels for center species 9
     Calculating kernels for center species 9
Beginning first index add...
Beginning second index add...
Test kernel done
Calculating composition features
Composition features done
-8.0 3.369619882188672
-7.8 3.369553125261431
-7.6 3.369447402380734
-7.4 3.3692800425569147
-7.2 3.369018949110039
-7.0 3.3686075467847987
-6.8 3.3679751402133045
-6.6 3.366984690846148
-6.4 3.365460609320846
-6.2 3.3632087200783207
-6.0 3.3599941640598407
-5.8 3.3553266659955554
-5.6 3.3493980061763398
-5.4 3.342763165604647
-5.199999999999999 3.3380687336644512
-5.0 3.3369709215684304
-4.8 3.340124565105247
-4.6 3.3535565516784756
-4.4 3.3874242571152147
-4.199999999999999 3.4467862643741483
-4.0 3.5405605977963406
-3.8 3.666480410825567
-3.5999999999999996 3.8288384850612367
-3.3999999999999995 4.031936942103865
-3.1999999999999993 4.268285233959496
-3.0 4.550888507228878
-2.8 4.8671103323939775
-2.5999999999999996 5.20137605845617
-2.3999999999999995 5.541379700276335
-2.1999999999999993 5.900175063463517
-2.0 6.307343710897794
-1.7999999999999998 6.815863659908431
-1.5999999999999996 7.471605368053053
-1.3999999999999995 8.305538452585711
-1.1999999999999993 9.310165175248452
-1.0 10.470198924818519
-0.7999999999999998 11.74316928770621
-0.5999999999999996 13.091093132879042
-0.39999999999999947 14.43336601814607
-0.1999999999999993 15.687776602102854
0.0 16.793493484440162
0.20000000000000107 17.737258570462334
0.40000000000000036 18.50952708293521
0.5999999999999996 19.11533426505726
0.8000000000000007 19.58249889813715
1.0 19.930718835697615
1.200000000000001 20.188160418150453
1.4000000000000004 20.38121578538398
1.6000000000000014 20.528398163425575
1.8000000000000007 20.639862856777686
2.0 20.721327904369105
2.200000000000001 20.779073368247786
2.4000000000000004 20.817928178865643
2.6000000000000014 20.84337107924498
2.8000000000000007 20.859411629201432
3.0 20.868859302450833
3.200000000000001 20.87410196478061
3.4000000000000004 20.877065676531444
3.6000000000000014 20.878674252791157
3.8000000000000007 20.879512418332553
4.0 20.879952850705525
Result sigma optimization:  -5.0 3.3369709215684304
E_max_2 =  300
Cutoff Radius =  6.0
Selected Radial Transform =  27.0
factor =  1.0
displacement =  0.0
dataset =  datasets/qm9.xyz
n_train =  1000
n_test =  2000
Train RMSE: 0.43485287651855326 [Train MAE: 0.3216564155280986]
Test RMSE: 4.480128077842783 [Test MAE: 3.0069254403392667]
FINISHED at Tue Jan 10 09:03:55 CET 2023
