STARTING AT Tue Jan 10 04:59:15 CET 2023
Random seed: 1000
7 16
Reading dataset
Shuffling and extracting from dataset (length: 10000)
Shuffling and extraction done
Calculating power spectrum
Expansion coefficients done
Computing training kernel
     Calculating kernels for center species 1
     Calculating kernels for center species 1
Beginning first index add...
Beginning second index add...
     Calculating kernels for center species 6
     Calculating kernels for center species 6
Beginning first index add...
Beginning second index add...
Training kernel done
Computing test kernel
     Calculating kernels for center species 1
     Calculating kernels for center species 1
Beginning first index add...
Beginning second index add...
     Calculating kernels for center species 6
     Calculating kernels for center species 6
Beginning first index add...
Beginning second index add...
Test kernel done
Calculating composition features
Composition features done
-8.0 22.731970332871605
-7.8 20.92311868457177
-7.6 19.35024927415905
-7.4 18.02744032038423
-7.2 16.944583329199766
-7.0 16.0664946269481
-6.8 15.342399452133975
-6.6 14.721160674200483
-6.4 14.162009062965037
-6.2 13.63810663215812
-6.0 13.137549263243454
-5.8 12.66385830692284
-5.6 12.232624602894544
-5.4 11.86315643527257
-5.199999999999999 11.570254895129397
-5.0 11.360799289836798
-4.8 11.234264842441366
-4.6 11.184316709416699
-4.4 11.200652815314982
-4.199999999999999 11.272008666104421
-4.0 11.39063904213957
-3.8 11.556317180430693
-3.5999999999999996 11.777460527079825
-3.3999999999999995 12.070100941752456
-3.1999999999999993 12.457807792116046
-3.0 12.973165130131537
-2.8 13.656362750714383
-2.5999999999999996 14.547503162590498
-2.3999999999999995 15.678051719012121
-2.1999999999999993 17.06848604843467
-2.0 18.727746123270713
-1.7999999999999998 20.64823257071837
-1.5999999999999996 22.806252474831894
-1.3999999999999995 25.18319702794639
-1.1999999999999993 27.805798331251136
-1.0 30.776927198531983
-0.7999999999999998 34.24616580479406
-0.5999999999999996 38.30513682881065
-0.39999999999999947 42.894572570995926
-0.1999999999999993 47.81996825315013
0.0 52.832834190066336
0.20000000000000107 57.67969625502472
0.40000000000000036 62.124087612408246
0.5999999999999996 65.98652674358189
0.8000000000000007 69.17944514435744
1.0 71.70239026348845
1.200000000000001 73.61361282872969
1.4000000000000004 75.00448011418283
1.6000000000000014 75.98032995564117
1.8000000000000007 76.64419412090687
2.0 77.08498523086281
2.200000000000001 77.37233229547039
2.4000000000000004 77.55702319761488
2.6000000000000014 77.67434305488044
2.8000000000000007 77.74806623363392
3.0 77.79393209725842
3.200000000000001 77.82224006135051
3.4000000000000004 77.83963673051517
3.6000000000000014 77.85032800811724
3.8000000000000007 77.85692026760738
4.0 77.86100476688738
Result sigma optimization:  -4.6 11.184316709416699
E_max_2 =  500
Cutoff Radius =  6.0
Selected Radial Transform =  27.0
factor =  1.1
displacement =  0.0
dataset =  datasets/random-ch4-10k.extxyz
n_train =  1000
n_test =  2000
Train RMSE: 5.022407303718123 [Train MAE: 3.9566278875601064]
Test RMSE: 10.525682804776313 [Test MAE: 6.692342369770635]
FINISHED at Tue Jan 10 05:00:13 CET 2023
