STARTING AT Tue Jan 10 04:59:15 CET 2023
Random seed: 1000
8 20
Reading dataset
Shuffling and extracting from dataset (length: 10000)
Shuffling and extraction done
Calculating power spectrum
Expansion coefficients done
Computing training kernel
     Calculating kernels for center species 1
     Calculating kernels for center species 1
Beginning first index add...
Beginning second index add...
     Calculating kernels for center species 6
     Calculating kernels for center species 6
Beginning first index add...
Beginning second index add...
Training kernel done
Computing test kernel
     Calculating kernels for center species 1
     Calculating kernels for center species 1
Beginning first index add...
Beginning second index add...
     Calculating kernels for center species 6
     Calculating kernels for center species 6
Beginning first index add...
Beginning second index add...
Test kernel done
Calculating composition features
Composition features done
-8.0 14.719181259396276
-7.8 14.701178380117966
-7.6 14.67348636804121
-7.4 14.631589033363289
-7.2 14.56970153227387
-7.0 14.48120887720743
-6.8 14.359666774291886
-6.6 14.20009139857533
-6.4 14.000042840545639
-6.2 13.76042557469737
-6.0 13.486381522010147
-5.8 13.188041488153734
-5.6 12.880014469440196
-5.4 12.579060509807197
-5.199999999999999 12.300801799583844
-5.0 12.05665593127464
-4.8 11.851893879523962
-4.6 11.685953782594753
-4.4 11.555239778452565
-4.199999999999999 11.456309671415944
-4.0 11.387051736835847
-3.8 11.346072879992875
-3.5999999999999996 11.332352524088039
-3.3999999999999995 11.34598800558361
-3.1999999999999993 11.38930404979329
-3.0 11.46813064046257
-2.8 11.593020978888909
-2.5999999999999996 11.77879687427351
-2.3999999999999995 12.042413783418231
-2.1999999999999993 12.402389628049168
-2.0 12.881021301098379
-1.7999999999999998 13.505862957531399
-1.5999999999999996 14.308623261200939
-1.3999999999999995 15.325268090453038
-1.1999999999999993 16.59921600631828
-1.0 18.181495539973234
-0.7999999999999998 20.123733246386024
-0.5999999999999996 22.472459208936023
-0.39999999999999947 25.274881325736676
-0.1999999999999993 28.592186039618753
0.0 32.50017033341803
0.20000000000000107 37.04627522975155
0.40000000000000036 42.159528725777335
0.5999999999999996 47.589465488976984
0.8000000000000007 52.965404425138495
1.0 57.945719904030945
1.200000000000001 62.328531866003345
1.4000000000000004 66.05221005592712
1.6000000000000014 69.13001764463012
1.8000000000000007 71.5975684765388
2.0 73.50195948740813
2.200000000000001 74.91035242038802
2.4000000000000004 75.91000715643675
2.6000000000000014 76.59522111626218
2.8000000000000007 77.05232080620395
3.0 77.35113305428264
3.200000000000001 77.54349841575002
3.4000000000000004 77.66579518120724
3.6000000000000014 77.74268024439958
3.8000000000000007 77.79053370927761
4.0 77.82008944155389
Result sigma optimization:  -3.5999999999999996 11.332352524088039
E_max_2 =  700
Cutoff Radius =  6.0
Selected Radial Transform =  27.0
factor =  0.9
displacement =  0.0
dataset =  datasets/random-ch4-10k.extxyz
n_train =  1000
n_test =  2000
Train RMSE: 4.115446510908339 [Train MAE: 3.243330995299498]
Test RMSE: 11.228772330705686 [Test MAE: 6.993319539101467]
FINISHED at Tue Jan 10 05:00:57 CET 2023
