STARTING AT Tue Jan 10 05:00:45 CET 2023
Random seed: 1000
8 20
Reading dataset
Shuffling and extracting from dataset (length: 10000)
Shuffling and extraction done
Calculating power spectrum
Expansion coefficients done
Computing training kernel
     Calculating kernels for center species 1
     Calculating kernels for center species 1
Beginning first index add...
Beginning second index add...
     Calculating kernels for center species 6
     Calculating kernels for center species 6
Beginning first index add...
Beginning second index add...
Training kernel done
Computing test kernel
     Calculating kernels for center species 1
     Calculating kernels for center species 1
Beginning first index add...
Beginning second index add...
     Calculating kernels for center species 6
     Calculating kernels for center species 6
Beginning first index add...
Beginning second index add...
Test kernel done
Calculating composition features
Composition features done
-8.0 38.0757664955273
-7.8 33.712734084280136
-7.6 29.91363113135167
-7.4 26.633186438216963
-7.2 23.934765793956046
-7.0 21.865584136238905
-6.8 20.382384354836216
-6.6 19.33836558347786
-6.4 18.535044357613806
-6.2 17.817227399281123
-6.0 17.13394975157917
-5.8 16.515861279969528
-5.6 16.004290931293443
-5.4 15.598483869004012
-5.199999999999999 15.254442662067811
-5.0 14.920258620115359
-4.8 14.569311860421015
-4.6 14.206675613938053
-4.4 13.854216085437441
-4.199999999999999 13.534855778791865
-4.0 13.26777989563231
-3.8 13.07032186888274
-3.5999999999999996 12.957793955080518
-3.3999999999999995 12.941181397049899
-3.1999999999999993 13.028613579373243
-3.0 13.23185103951372
-2.8 13.573601784464515
-2.5999999999999996 14.091054451243886
-2.3999999999999995 14.831408570457638
-2.1999999999999993 15.837726031407856
-2.0 17.12987551871335
-1.7999999999999998 18.6894902550354
-1.5999999999999996 20.4571414929842
-1.3999999999999995 22.349567811946855
-1.1999999999999993 24.303644471329218
-1.0 26.336357295380523
-0.7999999999999998 28.57991587119298
-0.5999999999999996 31.246018649625952
-0.39999999999999947 34.5202307106443
-0.1999999999999993 38.455642157659305
0.0 42.936139847563986
0.20000000000000107 47.71608416959023
0.40000000000000036 52.51034817885894
0.5999999999999996 57.08222547401593
0.8000000000000007 61.26932262326655
1.0 64.96491995479317
1.200000000000001 68.11056547319859
1.4000000000000004 70.69704440486113
1.6000000000000014 72.75133774048197
1.8000000000000007 74.3220932535449
2.0 75.47515753912462
2.200000000000001 76.28917853728807
2.4000000000000004 76.84506192604536
2.6000000000000014 77.21495680742083
2.8000000000000007 77.45636373978185
3.0 77.6115806008082
3.200000000000001 77.71009632339373
3.4000000000000004 77.77180007422832
3.6000000000000014 77.80987997025352
3.8000000000000007 77.83302220371286
4.0 77.84690786803425
Result sigma optimization:  -3.3999999999999995 12.941181397049899
E_max_2 =  700
Cutoff Radius =  6.0
Selected Radial Transform =  27.0
factor =  1.6
displacement =  0.0
dataset =  datasets/random-ch4-10k.extxyz
n_train =  1000
n_test =  2000
Train RMSE: 8.570823598928294 [Train MAE: 6.649520819479985]
Test RMSE: 13.274084527614072 [Test MAE: 8.778885492421225]
FINISHED at Tue Jan 10 05:01:25 CET 2023
