STARTING AT Tue Jan 10 04:57:44 CET 2023
Random seed: 1000
5 11
Reading dataset
Shuffling and extracting from dataset (length: 10000)
Shuffling and extraction done
Calculating power spectrum
Expansion coefficients done
Computing training kernel
     Calculating kernels for center species 1
     Calculating kernels for center species 1
Beginning first index add...
Beginning second index add...
     Calculating kernels for center species 6
     Calculating kernels for center species 6
Beginning first index add...
Beginning second index add...
Training kernel done
Computing test kernel
     Calculating kernels for center species 1
     Calculating kernels for center species 1
Beginning first index add...
Beginning second index add...
     Calculating kernels for center species 6
     Calculating kernels for center species 6
Beginning first index add...
Beginning second index add...
Test kernel done
Calculating composition features
Composition features done
-8.0 12.233139473275044
-7.8 11.709157966156786
-7.6 11.212375360949395
-7.4 10.74422444483786
-7.2 10.308566334485645
-7.0 9.912917092437102
-6.8 9.566040672940074
-6.6 9.274988876062968
-6.4 9.044026168256268
-6.2 8.875100188191105
-6.0 8.767680562829538
-5.8 8.71807966096558
-5.6 8.720638545682235
-5.4 8.771003070881976
-5.199999999999999 8.86855687154306
-5.0 9.015417443729422
-4.8 9.212849185761208
-4.6 9.458628745282901
-4.4 9.747456567344296
-4.199999999999999 10.073035166112037
-4.0 10.430278946642824
-3.8 10.818219247573131
-3.5999999999999996 11.24338532501778
-3.3999999999999995 11.72119223582432
-3.1999999999999993 12.27350453144565
-3.0 12.923361345271536
-2.8 13.68948209279826
-2.5999999999999996 14.583083717332334
-2.3999999999999995 15.609813709888382
-2.1999999999999993 16.779192251473102
-2.0 18.118741516641048
-1.7999999999999998 19.681930077254158
-1.5999999999999996 21.53802143411209
-1.3999999999999995 23.748626862900363
-1.1999999999999993 26.356015083622076
-1.0 29.38896313050578
-0.7999999999999998 32.85249995193016
-0.5999999999999996 36.68856256651312
-0.39999999999999947 40.74990557061968
-0.1999999999999993 44.82754221168763
0.0 48.727244720556634
0.20000000000000107 52.35469912044244
0.40000000000000036 55.75009728806252
0.5999999999999996 59.03109823902974
0.8000000000000007 62.270125480256795
1.0 65.40615185846994
1.200000000000001 68.27462156197566
1.4000000000000004 70.71635994488983
1.6000000000000014 72.65792268467662
1.8000000000000007 74.11830685075533
2.0 75.17279948831188
2.200000000000001 75.91530683527505
2.4000000000000004 76.43536539888257
2.6000000000000014 76.80695778364579
2.8000000000000007 77.08330030377648
3.0 77.29632005193211
3.200000000000001 77.46171701521548
3.4000000000000004 77.58718653957277
3.6000000000000014 77.6787622822246
3.8000000000000007 77.74302239806816
4.0 77.78666549291974
Result sigma optimization:  -5.8 8.71807966096558
E_max_2 =  300
Cutoff Radius =  6.0
Selected Radial Transform =  27.0
factor =  0.2
displacement =  0.0
dataset =  datasets/random-ch4-10k.extxyz
n_train =  1000
n_test =  2000
Train RMSE: 2.2728741553594864 [Train MAE: 1.7294306229205136]
Test RMSE: 10.997101614020645 [Test MAE: 5.051405080191884]
FINISHED at Tue Jan 10 04:58:37 CET 2023
