STARTING AT Tue Jan 10 03:53:15 CET 2023
Random seed: 1000
5 11
Reading dataset
Shuffling and extracting from dataset (length: 10000)
Shuffling and extraction done
Calculating power spectrum
Expansion coefficients done
Computing training kernel
     Calculating kernels for center species 1
     Calculating kernels for center species 1
Beginning first index add...
Beginning second index add...
     Calculating kernels for center species 6
     Calculating kernels for center species 6
Beginning first index add...
Beginning second index add...
Training kernel done
Computing test kernel
     Calculating kernels for center species 1
     Calculating kernels for center species 1
Beginning first index add...
Beginning second index add...
     Calculating kernels for center species 6
     Calculating kernels for center species 6
Beginning first index add...
Beginning second index add...
Test kernel done
Calculating composition features
Composition features done
-8.0 8.009329027377804
-7.8 7.847783735657742
-7.6 7.6478293461342295
-7.4 7.417460254697843
-7.2 7.171517312205848
-7.0 6.92800459559192
-6.8 6.703326347403385
-6.6 6.509380638901542
-6.4 6.3534281391029195
-6.2 6.238839429629713
-6.0 6.164884371461335
-5.8 6.126712278531612
-5.6 6.117902141851808
-5.4 6.135181868583798
-5.199999999999999 6.181756713140291
-5.0 6.266270474555432
-4.8 6.398351531471604
-4.6 6.584267357680657
-4.4 6.824895424408524
-4.199999999999999 7.116208291768408
-4.0 7.4522035327780936
-3.8 7.830017430678472
-3.5999999999999996 8.255517972588143
-3.3999999999999995 8.746223323255231
-3.1999999999999993 9.329303241062323
-3.0 10.036288876290026
-2.8 10.899386058629524
-2.5999999999999996 11.953130772955996
-2.3999999999999995 13.241451643601573
-2.1999999999999993 14.828567008627525
-2.0 16.810913432392514
-1.7999999999999998 19.318650011746435
-1.5999999999999996 22.485381664255275
-1.3999999999999995 26.383481254280497
-1.1999999999999993 30.966787885089342
-1.0 36.06775617738909
-0.7999999999999998 41.44499100552289
-0.5999999999999996 46.84341301740688
-0.39999999999999947 52.04501004085356
-0.1999999999999993 56.89570792515696
0.0 61.28941481986918
0.20000000000000107 65.135315756103
0.40000000000000036 68.36363423412264
0.5999999999999996 70.95941266135758
0.8000000000000007 72.96943805868361
1.0 74.47596584622441
1.200000000000001 75.57030515182477
1.4000000000000004 76.34083814276906
1.6000000000000014 76.86798861197954
1.8000000000000007 77.22019257754484
2.0 77.45144427069708
2.200000000000001 77.6015024881364
2.4000000000000004 77.69812084417798
2.6000000000000014 77.75999462909918
2.8000000000000007 77.79945679072652
3.0 77.82454573840747
3.200000000000001 77.84045855872459
3.4000000000000004 77.8505339491055
3.6000000000000014 77.8569056561236
3.8000000000000007 77.86093189238314
4.0 77.8634746915569
Result sigma optimization:  -5.6 6.117902141851808
E_max_2 =  300
Cutoff Radius =  6.0
Selected Radial Transform =  2.0
factor =  0.4
displacement =  0.0
dataset =  datasets/random-ch4-10k.extxyz
n_train =  1000
n_test =  2000
Train RMSE: 1.4864951578836534 [Train MAE: 1.1172126486452074]
Test RMSE: 8.975286602656462 [Test MAE: 4.336299239201684]
FINISHED at Tue Jan 10 03:55:23 CET 2023
