STARTING AT Tue Jan 10 03:54:14 CET 2023
Random seed: 1000
7 16
Reading dataset
Shuffling and extracting from dataset (length: 10000)
Shuffling and extraction done
Calculating power spectrum
Expansion coefficients done
Computing training kernel
     Calculating kernels for center species 1
     Calculating kernels for center species 1
Beginning first index add...
Beginning second index add...
     Calculating kernels for center species 6
     Calculating kernels for center species 6
Beginning first index add...
Beginning second index add...
Training kernel done
Computing test kernel
     Calculating kernels for center species 1
     Calculating kernels for center species 1
Beginning first index add...
Beginning second index add...
     Calculating kernels for center species 6
     Calculating kernels for center species 6
Beginning first index add...
Beginning second index add...
Test kernel done
Calculating composition features
Composition features done
-8.0 25.482826148472608
-7.8 22.882862262192283
-7.6 20.438446812587465
-7.4 18.213902485761007
-7.2 16.332122523225358
-7.0 14.906260944969226
-6.8 13.974886918707261
-6.6 13.474264831084206
-6.4 13.268114615187987
-6.2 13.212140682517765
-6.0 13.200625702039968
-5.8 13.173556432988875
-5.6 13.103954944004908
-5.4 12.987788814318055
-5.199999999999999 12.839671425020901
-5.0 12.686898503222203
-4.8 12.558372006359345
-4.6 12.47313877660683
-4.4 12.436847540962187
-4.199999999999999 12.448428597240355
-4.0 12.509111175766574
-3.8 12.62642933608562
-3.5999999999999996 12.815698306391443
-3.3999999999999995 13.103949548773103
-3.1999999999999993 13.534772663204041
-3.0 14.167518114621817
-2.8 15.065222275296977
-2.5999999999999996 16.27193565213272
-2.3999999999999995 17.79046462760228
-2.1999999999999993 19.57714580517265
-2.0 21.56199320877647
-1.7999999999999998 23.688547320926507
-1.5999999999999996 25.955605716268213
-1.3999999999999995 28.436458185026126
-1.1999999999999993 31.267558103163427
-1.0 34.614232436947354
-0.7999999999999998 38.59671193394924
-0.5999999999999996 43.17849414290185
-0.39999999999999947 48.122427876235186
-0.1999999999999993 53.09367038619187
0.0 57.80270479984623
0.20000000000000107 62.05772557198529
0.40000000000000036 65.74897243477656
0.5999999999999996 68.83324812260946
0.8000000000000007 71.32141573893281
1.0 73.25878278785167
1.200000000000001 74.71088740452066
1.4000000000000004 75.75756208431405
1.6000000000000014 76.485376068719
1.8000000000000007 76.97664139524055
2.0 77.30072558255823
2.200000000000001 77.5108474331013
2.4000000000000004 77.64521384397368
2.6000000000000014 77.73008924048516
2.8000000000000007 77.7830727075754
3.0 77.81579246578735
3.200000000000001 77.83584189256428
3.4000000000000004 77.84809143323895
3.6000000000000014 77.8555899876207
3.8000000000000007 77.86020349244264
4.0 77.86305908174971
Result sigma optimization:  -4.4 12.436847540962187
E_max_2 =  500
Cutoff Radius =  6.0
Selected Radial Transform =  2.0
factor =  1.5
displacement =  0.0
dataset =  datasets/random-ch4-10k.extxyz
n_train =  1000
n_test =  2000
Train RMSE: 7.835378490838125 [Train MAE: 6.063391346087285]
Test RMSE: 12.751685307342486 [Test MAE: 8.222538061692937]
FINISHED at Tue Jan 10 03:59:01 CET 2023
