STARTING AT Tue Jan 10 03:54:14 CET 2023
Random seed: 1000
6 14
Reading dataset
Shuffling and extracting from dataset (length: 10000)
Shuffling and extraction done
Calculating power spectrum
Expansion coefficients done
Computing training kernel
     Calculating kernels for center species 1
     Calculating kernels for center species 1
Beginning first index add...
Beginning second index add...
     Calculating kernels for center species 6
     Calculating kernels for center species 6
Beginning first index add...
Beginning second index add...
Training kernel done
Computing test kernel
     Calculating kernels for center species 1
     Calculating kernels for center species 1
Beginning first index add...
Beginning second index add...
     Calculating kernels for center species 6
     Calculating kernels for center species 6
Beginning first index add...
Beginning second index add...
Test kernel done
Calculating composition features
Composition features done
-8.0 18.218980360680945
-7.8 16.2096378044121
-7.6 14.576562299794917
-7.4 13.29713327139115
-7.2 12.346849587621236
-7.0 11.695869617600732
-6.8 11.301032892760729
-6.6 11.101291808623527
-6.4 11.023456930345787
-6.2 10.998262398424801
-6.0 10.978538691328346
-5.8 10.94878553874999
-5.6 10.921169957835524
-5.4 10.922004577161733
-5.199999999999999 10.976644700367519
-5.0 11.098413680573966
-4.8 11.284281106630536
-4.6 11.51878805322792
-4.4 11.78453887319876
-4.199999999999999 12.073088719044142
-4.0 12.39121152765158
-3.8 12.762634304855444
-3.5999999999999996 13.227106021189043
-3.3999999999999995 13.838210929545852
-3.1999999999999993 14.66044354553132
-3.0 15.7619135430937
-2.8 17.197993775170065
-2.5999999999999996 18.993137026654516
-2.3999999999999995 21.138694048840602
-2.1999999999999993 23.613463593624225
-2.0 26.415012445878915
-1.7999999999999998 29.58472419818053
-1.5999999999999996 33.202795795691856
-1.3999999999999995 37.326635347265054
-1.1999999999999993 41.9064693692665
-1.0 46.77218555799538
-0.7999999999999998 51.699125819576935
-0.5999999999999996 56.45972475381387
-0.39999999999999947 60.83914765588601
-0.1999999999999993 64.66928497041988
0.0 67.87461029621275
0.20000000000000107 70.47360312720079
0.40000000000000036 72.53229451468731
0.5999999999999996 74.12154925898913
0.8000000000000007 75.30793395616642
1.0 76.16066335901223
1.200000000000001 76.75202275477888
1.4000000000000004 77.15009270073234
1.6000000000000014 77.4119215825093
1.8000000000000007 77.58108939782055
2.0 77.68882461983884
2.200000000000001 77.7566112196067
2.4000000000000004 77.7988538029253
2.6000000000000014 77.82501715781632
2.8000000000000007 77.84118890895778
3.0 77.8511993020079
3.200000000000001 77.8574169321176
3.4000000000000004 77.86129381647976
3.6000000000000014 77.86371951445994
3.8000000000000007 77.86524130505809
4.0 77.86619786162832
Result sigma optimization:  -5.6 10.921169957835524
E_max_2 =  400
Cutoff Radius =  6.0
Selected Radial Transform =  2.0
factor =  1.5
displacement =  0.0
dataset =  datasets/random-ch4-10k.extxyz
n_train =  1000
n_test =  2000
Train RMSE: 6.2702625223489905 [Train MAE: 4.938720303096533]
Test RMSE: 11.7496376415129 [Test MAE: 7.19920665596779]
FINISHED at Tue Jan 10 03:54:44 CET 2023
