STARTING AT Tue Jan 10 05:03:47 CET 2023
Random seed: 1000
8 20
Reading dataset
Shuffling and extracting from dataset (length: 105092)
Shuffling and extraction done
Calculating power spectrum
Expansion coefficients done
Computing training kernel
     Calculating kernels for center species 79
     Calculating kernels for center species 79
Beginning first index add...
Beginning second index add...
Training kernel done
Computing test kernel
     Calculating kernels for center species 79
     Calculating kernels for center species 79
Beginning first index add...
Beginning second index add...
Test kernel done
Calculating composition features
Composition features done
-8.0 113.66858570972504
-7.8 112.70167373378585
-7.6 111.6120502211341
-7.4 110.40575455874239
-7.2 109.09682510374236
-7.0 107.70502903367294
-6.8 106.24864861357308
-6.6 104.74278390490171
-6.4 103.2089376809118
-6.2 101.68764280371276
-6.0 100.2397936528439
-5.8 98.93364023594482
-5.6 97.82722557330162
-5.4 96.9521675694044
-5.199999999999999 96.29803896878634
-5.0 95.8031039535467
-4.8 95.35847092072039
-4.6 94.8246192416529
-4.4 94.05969618573512
-4.199999999999999 92.95416443484386
-4.0 91.45164886338273
-3.8 89.54762338640153
-3.5999999999999996 87.28688298087573
-3.3999999999999995 84.77543203139041
-3.1999999999999993 82.19185507180418
-3.0 79.76935891362602
-2.8 77.73609450319017
-2.5999999999999996 76.24563140990962
-2.3999999999999995 75.355940201907
-2.1999999999999993 75.07346845468805
-2.0 75.40947731459227
-1.7999999999999998 76.38620549548813
-1.5999999999999996 77.9992526900982
-1.3999999999999995 80.20380080853506
-1.1999999999999993 82.95804747144948
-1.0 86.27925372005186
-0.7999999999999998 90.26106693599424
-0.5999999999999996 95.05369508910226
-0.39999999999999947 100.82335889560026
-0.1999999999999993 107.68567073316102
0.0 115.63230104676727
0.20000000000000107 124.51290682483588
0.40000000000000036 134.09317603608477
0.5999999999999996 144.13884621712413
0.8000000000000007 154.47563140543647
1.0 165.01930296302524
1.200000000000001 175.81800440956155
1.4000000000000004 187.14183162239914
1.6000000000000014 199.5450771494181
1.8000000000000007 213.75205784125413
2.0 230.37182170794864
2.200000000000001 249.72779835330834
2.4000000000000004 272.09506273824167
2.6000000000000014 298.18665751107596
2.8000000000000007 329.2121965083139
3.0 365.9868440844748
3.200000000000001 407.7585622583769
3.4000000000000004 452.3081079141967
3.6000000000000014 497.5880910106265
3.8000000000000007 543.1150654383339
4.0 589.4390580493462
Result sigma optimization:  -2.1999999999999993 75.07346845468805
E_max_2 =  700
Cutoff Radius =  6.0
Selected Radial Transform =  2.0
factor =  0.2
displacement =  0.0
dataset =  datasets/gold.xyz
n_train =  1000
n_test =  2000
Train RMSE: 37.37413360175229 [Train MAE: 26.03698612088853]
Test RMSE: 77.63207561312018 [Test MAE: 46.59414815642619]
FINISHED at Tue Jan 10 05:05:35 CET 2023
