STARTING AT Tue Jan 10 03:53:44 CET 2023
Random seed: 1000
6 14
Reading dataset
Shuffling and extracting from dataset (length: 10000)
Shuffling and extraction done
Calculating power spectrum
Expansion coefficients done
Computing training kernel
     Calculating kernels for center species 1
     Calculating kernels for center species 1
Beginning first index add...
Beginning second index add...
     Calculating kernels for center species 6
     Calculating kernels for center species 6
Beginning first index add...
Beginning second index add...
Training kernel done
Computing test kernel
     Calculating kernels for center species 1
     Calculating kernels for center species 1
Beginning first index add...
Beginning second index add...
     Calculating kernels for center species 6
     Calculating kernels for center species 6
Beginning first index add...
Beginning second index add...
Test kernel done
Calculating composition features
Composition features done
-8.0 16.071767108191487
-7.8 14.94279314159851
-7.6 13.999918639693783
-7.4 13.211365361132367
-7.2 12.543495540305942
-7.0 11.96898759080013
-6.8 11.468503639738415
-6.6 11.028463650746811
-6.4 10.639945219488428
-6.2 10.300860069771486
-6.0 10.016936879951816
-5.8 9.796869713402486
-5.6 9.644747441446965
-5.4 9.556987017277761
-5.199999999999999 9.526391876719648
-5.0 9.548925737567146
-4.8 9.626821168370924
-4.6 9.766034200567422
-4.4 9.971100803773036
-4.199999999999999 10.241467425483837
-4.0 10.571610853301978
-3.8 10.9552344878174
-3.5999999999999996 11.392456489357883
-3.3999999999999995 11.897986783602766
-3.1999999999999993 12.506778467959538
-3.0 13.272028234424472
-2.8 14.253860953037465
-2.5999999999999996 15.506625887272028
-2.3999999999999995 17.073883589086016
-2.1999999999999993 18.987012848837736
-2.0 21.26042161872709
-1.7999999999999998 23.89502065313169
-1.5999999999999996 26.906888832238167
-1.3999999999999995 30.357253930113995
-1.1999999999999993 34.32363125347875
-1.0 38.81120311998371
-0.7999999999999998 43.69936005803068
-0.5999999999999996 48.780841266614324
-0.39999999999999947 53.82721330002542
-0.1999999999999993 58.61417895528954
0.0 62.93742250070284
0.20000000000000107 66.6518285940672
0.40000000000000036 69.69814739683886
0.5999999999999996 72.09154781893864
0.8000000000000007 73.89561463727188
1.0 75.2021103582199
1.200000000000001 76.11454311345905
1.4000000000000004 76.73274151715265
1.6000000000000014 77.141780170286
1.8000000000000007 77.40761357111363
2.0 77.57802964574653
2.200000000000001 77.686118025938
2.4000000000000004 77.75412383148725
2.6000000000000014 77.7966886447279
2.8000000000000007 77.82327099740368
3.0 77.8398758216823
3.200000000000001 77.8502648952784
3.4000000000000004 77.8567781606803
3.6000000000000014 77.86086909845048
3.8000000000000007 77.86344231697932
4.0 77.86506257683091
Result sigma optimization:  -5.199999999999999 9.526391876719648
E_max_2 =  400
Cutoff Radius =  6.0
Selected Radial Transform =  2.0
factor =  1.0
displacement =  0.0
dataset =  datasets/random-ch4-10k.extxyz
n_train =  1000
n_test =  2000
Train RMSE: 4.0413169133071465 [Train MAE: 3.1686304750274688]
Test RMSE: 8.530378819473352 [Test MAE: 5.472301941793169]
FINISHED at Tue Jan 10 03:56:24 CET 2023
