STARTING AT Tue Jan 10 06:55:41 CET 2023
Random seed: 1000
5 11
Reading dataset
Shuffling and extracting from dataset (length: 133885)
Shuffling and extraction done
Calculating power spectrum
Expansion coefficients done
Computing training kernel
     Calculating kernels for center species 1
     Calculating kernels for center species 1
Beginning first index add...
Beginning second index add...
     Calculating kernels for center species 6
     Calculating kernels for center species 6
Beginning first index add...
Beginning second index add...
     Calculating kernels for center species 7
     Calculating kernels for center species 7
Beginning first index add...
Beginning second index add...
     Calculating kernels for center species 8
     Calculating kernels for center species 8
Beginning first index add...
Beginning second index add...
     Calculating kernels for center species 9
     Calculating kernels for center species 9
Beginning first index add...
Beginning second index add...
Training kernel done
Computing test kernel
     Calculating kernels for center species 1
     Calculating kernels for center species 1
Beginning first index add...
Beginning second index add...
     Calculating kernels for center species 6
     Calculating kernels for center species 6
Beginning first index add...
Beginning second index add...
     Calculating kernels for center species 7
     Calculating kernels for center species 7
Beginning first index add...
Beginning second index add...
     Calculating kernels for center species 8
     Calculating kernels for center species 8
Beginning first index add...
Beginning second index add...
     Calculating kernels for center species 9
     Calculating kernels for center species 9
Beginning first index add...
Beginning second index add...
Test kernel done
Calculating composition features
Composition features done
-8.0 4.122299351508294
-7.8 4.122290579652985
-7.6 4.1222766780565365
-7.4 4.122254647700021
-7.2 4.122219737347821
-7.0 4.122164421801703
-6.8 4.122076786847087
-6.6 4.121937980768887
-6.4 4.121718515804479
-6.2 4.121382732145147
-6.0 4.120868247516905
-5.8 4.1200816223037
-5.6 4.11886746325019
-5.4 4.1169608836382485
-5.199999999999999 4.113988155962901
-5.0 4.109592001061138
-4.8 4.103525693074464
-4.6 4.0961482782671865
-4.4 4.088639852572294
-4.199999999999999 4.083471655887637
-4.0 4.08380666193869
-3.8 4.0970967671507
-3.5999999999999996 4.124396090625299
-3.3999999999999995 4.172032911343227
-3.1999999999999993 4.243928727945064
-3.0 4.356409855037602
-2.8 4.519942794609617
-2.5999999999999996 4.74141632148273
-2.3999999999999995 5.003039473827468
-2.1999999999999993 5.311035497764995
-2.0 5.644306213164328
-1.7999999999999998 6.0135749590356715
-1.5999999999999996 6.445976947293345
-1.3999999999999995 6.970683691032565
-1.1999999999999993 7.615306434700344
-1.0 8.368460472659352
-0.7999999999999998 9.250323303570045
-0.5999999999999996 10.243129133167898
-0.39999999999999947 11.31950090982642
-0.1999999999999993 12.422059477126684
0.0 13.568276688374231
0.20000000000000107 14.721742062645953
0.40000000000000036 15.851938468088697
0.5999999999999996 16.903114015322444
0.8000000000000007 17.84446773719405
1.0 18.626763731299253
1.200000000000001 19.240439500811018
1.4000000000000004 19.697393744900644
1.6000000000000014 20.031643729261948
1.8000000000000007 20.271447748241666
2.0 20.447663540348696
2.200000000000001 20.57621752867681
2.4000000000000004 20.670443895847544
2.6000000000000014 20.739123024398626
2.8000000000000007 20.787128164712122
3.0 20.8202450961625
3.200000000000001 20.84215902435602
3.4000000000000004 20.85624108599053
3.6000000000000014 20.86526174044992
3.8000000000000007 20.870941484005648
4.0 20.87456539726933
Result sigma optimization:  -4.199999999999999 4.083471655887637
E_max_2 =  300
Cutoff Radius =  6.0
Selected Radial Transform =  2.0
factor =  0.8
displacement =  0.0
dataset =  datasets/qm9.xyz
n_train =  1000
n_test =  2000
Train RMSE: 0.45045160363236936 [Train MAE: 0.3285199143248773]
Test RMSE: 5.369447700703302 [Test MAE: 3.7454170498955217]
FINISHED at Tue Jan 10 06:56:53 CET 2023
