STARTING AT Tue Jan 10 06:55:41 CET 2023
Random seed: 1000
8 20
Reading dataset
Shuffling and extracting from dataset (length: 133885)
Shuffling and extraction done
Calculating power spectrum
Expansion coefficients done
Computing training kernel
     Calculating kernels for center species 1
     Calculating kernels for center species 1
Beginning first index add...
Beginning second index add...
     Calculating kernels for center species 6
     Calculating kernels for center species 6
Beginning first index add...
Beginning second index add...
     Calculating kernels for center species 7
     Calculating kernels for center species 7
Beginning first index add...
Beginning second index add...
     Calculating kernels for center species 8
     Calculating kernels for center species 8
Beginning first index add...
Beginning second index add...
     Calculating kernels for center species 9
     Calculating kernels for center species 9
Beginning first index add...
Beginning second index add...
Training kernel done
Computing test kernel
     Calculating kernels for center species 1
     Calculating kernels for center species 1
Beginning first index add...
Beginning second index add...
     Calculating kernels for center species 6
     Calculating kernels for center species 6
Beginning first index add...
Beginning second index add...
     Calculating kernels for center species 7
     Calculating kernels for center species 7
Beginning first index add...
Beginning second index add...
     Calculating kernels for center species 8
     Calculating kernels for center species 8
Beginning first index add...
Beginning second index add...
     Calculating kernels for center species 9
     Calculating kernels for center species 9
Beginning first index add...
Beginning second index add...
Test kernel done
Calculating composition features
Composition features done
-8.0 4.0003999992527985
-7.8 4.000399945935262
-7.6 4.000399861442531
-7.4 4.000399727524808
-7.2 4.000399515277718
-7.0 4.000399178902396
-6.8 4.000398645775294
-6.6 4.0003978008316485
-6.4 4.0003964616900785
-6.2 4.000394339316438
-6.0 4.000390975620197
-5.8 4.000385644623891
-5.6 4.00037719584435
-5.4 4.000363806103885
-5.199999999999999 4.000343133516827
-5.0 4.000310379220339
-4.8 4.000258477333822
-4.6 4.000176243906229
-4.4 4.000045976730619
-4.199999999999999 3.9998396776713854
-4.0 3.9995131176492715
-3.8 3.9989965596798296
-3.5999999999999996 3.998180375303842
-3.3999999999999995 3.99690981533514
-3.1999999999999993 3.995059759910859
-3.0 3.9923077934753226
-2.8 3.9883669295905717
-2.5999999999999996 3.9830255008078392
-2.3999999999999995 3.9762904330709743
-2.1999999999999993 3.9697212353965448
-2.0 3.9659688313309025
-1.7999999999999998 3.9673975584558336
-1.5999999999999996 3.97881122237097
-1.3999999999999995 4.003671751157616
-1.1999999999999993 4.050513883058173
-1.0 4.136170095774447
-0.7999999999999998 4.277804233397295
-0.5999999999999996 4.4618602597185655
-0.39999999999999947 4.686568418502122
-0.1999999999999993 4.973004251803277
0.0 5.346151172489156
0.20000000000000107 5.8264391383052185
0.40000000000000036 6.428895953341857
0.5999999999999996 7.143726421480228
0.8000000000000007 8.010848917859759
1.0 9.003256941954298
1.200000000000001 10.091474254153386
1.4000000000000004 11.228866244185475
1.6000000000000014 12.380197902310298
1.8000000000000007 13.511440221068915
2.0 14.651646181714273
2.200000000000001 15.779150919552894
2.4000000000000004 16.861655407233037
2.6000000000000014 17.84733864392194
2.8000000000000007 18.663618548068165
3.0 19.31360483952481
3.200000000000001 19.80387867809637
3.4000000000000004 20.15903703457404
3.6000000000000014 20.406475700930937
3.8000000000000007 20.575045914162867
4.0 20.68798845699732
Result sigma optimization:  -2.0 3.9659688313309025
E_max_2 =  700
Cutoff Radius =  6.0
Selected Radial Transform =  2.0
factor =  0.8
displacement =  0.0
dataset =  datasets/qm9.xyz
n_train =  1000
n_test =  2000
Train RMSE: 0.534874974634443 [Train MAE: 0.3903248819307671]
Test RMSE: 5.072282563585389 [Test MAE: 3.509606272138065]
FINISHED at Tue Jan 10 06:59:43 CET 2023
