STARTING AT Tue Jan 10 03:56:15 CET 2023
Random seed: 1000
7 18
Reading dataset
Shuffling and extracting from dataset (length: 10000)
Shuffling and extraction done
Calculating power spectrum
Expansion coefficients done
Computing training kernel
     Calculating kernels for center species 1
     Calculating kernels for center species 1
Beginning first index add...
Beginning second index add...
     Calculating kernels for center species 6
     Calculating kernels for center species 6
Beginning first index add...
Beginning second index add...
Training kernel done
Computing test kernel
     Calculating kernels for center species 1
     Calculating kernels for center species 1
Beginning first index add...
Beginning second index add...
     Calculating kernels for center species 6
     Calculating kernels for center species 6
Beginning first index add...
Beginning second index add...
Test kernel done
Calculating composition features
Composition features done
-8.0 24.035037235523205
-7.8 19.266357512191547
-7.6 16.182474803729793
-7.4 14.765445502905784
-7.2 14.560066737530144
-7.0 14.981277454388795
-6.8 15.643319235999545
-6.6 16.34737021426194
-6.4 16.954215037268312
-6.2 17.339705364918398
-6.0 17.424617897665225
-5.8 17.211093783888494
-5.6 16.785275249271095
-5.4 16.282366346969326
-5.199999999999999 15.833976720187986
-5.0 15.526126794698968
-4.8 15.387125898449513
-4.6 15.401994448601732
-4.4 15.534541740986189
-4.199999999999999 15.743165090898389
-4.0 15.992022270574742
-3.8 16.26440270601371
-3.5999999999999996 16.574215896127427
-3.3999999999999995 16.965465155685447
-3.1999999999999993 17.498489002135468
-3.0 18.231918247918653
-2.8 19.21066363979508
-2.5999999999999996 20.46189098168268
-2.3999999999999995 21.98761896928667
-2.1999999999999993 23.747136877510666
-2.0 25.649886087711696
-1.7999999999999998 27.586693282007204
-1.5999999999999996 29.501235522684205
-1.3999999999999995 31.474512002923785
-1.1999999999999993 33.77475399457252
-1.0 36.806632534972344
-0.7999999999999998 40.90163234757983
-0.5999999999999996 46.03051598573043
-0.39999999999999947 51.71020708029426
-0.1999999999999993 57.246978044770614
0.0 62.09261391061622
0.20000000000000107 66.022502836951
0.40000000000000036 69.084082079444
0.5999999999999996 71.44356333917496
0.8000000000000007 73.2608014886295
1.0 74.64545333532779
1.200000000000001 75.67268568956074
1.4000000000000004 76.40832623764409
1.6000000000000014 76.91726726912995
1.8000000000000007 77.25943917817833
2.0 77.48454664927112
2.200000000000001 77.63026253782161
2.4000000000000004 77.7233596651136
2.6000000000000014 77.78206146116467
2.8000000000000007 77.81844902147962
3.0 77.84044460089846
3.200000000000001 77.85326777076337
3.4000000000000004 77.86040162812468
3.6000000000000014 77.86416825728169
3.8000000000000007 77.8660614258189
4.0 77.8669777178207
Result sigma optimization:  -7.2 14.560066737530144
E_max_2 =  600
Cutoff Radius =  6.0
Selected Radial Transform =  2.0
factor =  2.5
displacement =  0.0
dataset =  datasets/random-ch4-10k.extxyz
n_train =  1000
n_test =  2000
Train RMSE: 8.04976014558774 [Train MAE: 6.288403761769006]
Test RMSE: 27.320401721944737 [Test MAE: 10.989096869573599]
FINISHED at Tue Jan 10 03:56:56 CET 2023
