STARTING AT Tue Jan 10 03:54:44 CET 2023
Random seed: 1000
7 18
Reading dataset
Shuffling and extracting from dataset (length: 10000)
Shuffling and extraction done
Calculating power spectrum
Expansion coefficients done
Computing training kernel
     Calculating kernels for center species 1
     Calculating kernels for center species 1
Beginning first index add...
Beginning second index add...
     Calculating kernels for center species 6
     Calculating kernels for center species 6
Beginning first index add...
Beginning second index add...
Training kernel done
Computing test kernel
     Calculating kernels for center species 1
     Calculating kernels for center species 1
Beginning first index add...
Beginning second index add...
     Calculating kernels for center species 6
     Calculating kernels for center species 6
Beginning first index add...
Beginning second index add...
Test kernel done
Calculating composition features
Composition features done
-8.0 35.29266063575617
-7.8 31.945078760914317
-7.6 28.91609947110279
-7.4 26.21773100464428
-7.2 23.9271721753401
-7.0 22.069698724717636
-6.8 20.58089584500724
-6.6 19.343443151632233
-6.4 18.244012357027138
-6.2 17.210532686854798
-6.0 16.222334106951433
-5.8 15.30335638021101
-5.6 14.51042889971636
-5.4 13.911788891515204
-5.199999999999999 13.5470534980143
-5.0 13.394080103265743
-4.8 13.381606496674339
-4.6 13.435220012672435
-4.4 13.509655068969161
-4.199999999999999 13.590793169316926
-4.0 13.68243128957176
-3.8 13.7951066444824
-3.5999999999999996 13.944579352817986
-3.3999999999999995 14.155678537795637
-3.1999999999999993 14.463897138225514
-3.0 14.913497430499326
-2.8 15.553587870914892
-2.5999999999999996 16.431384478224153
-2.3999999999999995 17.5812631379089
-2.1999999999999993 19.010496242101382
-2.0 20.690735288004714
-1.7999999999999998 22.570881633970394
-1.5999999999999996 24.61292243942555
-1.3999999999999995 26.829664849240533
-1.1999999999999993 29.30369558877016
-1.0 32.17834688544057
-0.7999999999999998 35.60439465070106
-0.5999999999999996 39.64482679447568
-0.39999999999999947 44.20791086836009
-0.1999999999999993 49.06782948960525
0.0 53.93350325395909
0.20000000000000107 58.517152819565645
0.40000000000000036 62.60038482250397
0.5999999999999996 66.07959595433799
0.8000000000000007 68.95906553990196
1.0 71.29786337232655
1.200000000000001 73.15783169525841
1.4000000000000004 74.59031298685201
1.6000000000000014 75.64971518524789
1.8000000000000007 76.40176668321826
2.0 76.91718159678922
2.200000000000001 77.26089131039127
2.4000000000000004 77.48547420472899
2.6000000000000014 77.62993789914722
2.8000000000000007 77.72160740857127
3.0 77.77896891569601
3.200000000000001 77.81431025782003
3.4000000000000004 77.83574095687975
3.6000000000000014 77.84856939805582
3.8000000000000007 77.85620028035419
4.0 77.86074682824713
Result sigma optimization:  -4.8 13.381606496674339
E_max_2 =  600
Cutoff Radius =  6.0
Selected Radial Transform =  2.0
factor =  1.9
displacement =  0.0
dataset =  datasets/random-ch4-10k.extxyz
n_train =  1000
n_test =  2000
Train RMSE: 8.070399186262808 [Train MAE: 6.333192741451665]
Test RMSE: 13.049931009743839 [Test MAE: 8.56188503696658]
FINISHED at Tue Jan 10 03:59:10 CET 2023
