STARTING AT Tue Jan 10 03:56:15 CET 2023
Random seed: 1000
6 14
Reading dataset
Shuffling and extracting from dataset (length: 10000)
Shuffling and extraction done
Calculating power spectrum
Expansion coefficients done
Computing training kernel
     Calculating kernels for center species 1
     Calculating kernels for center species 1
Beginning first index add...
Beginning second index add...
     Calculating kernels for center species 6
     Calculating kernels for center species 6
Beginning first index add...
Beginning second index add...
Training kernel done
Computing test kernel
     Calculating kernels for center species 1
     Calculating kernels for center species 1
Beginning first index add...
Beginning second index add...
     Calculating kernels for center species 6
     Calculating kernels for center species 6
Beginning first index add...
Beginning second index add...
Test kernel done
Calculating composition features
Composition features done
-8.0 17.55123593260855
-7.8 17.878573405891565
-7.6 18.18858483565477
-7.4 18.346885499298182
-7.2 18.3220754064532
-7.0 18.153758204190886
-6.8 17.912572406273135
-6.6 17.66447659159696
-6.4 17.456632259878504
-6.2 17.32515264794516
-6.0 17.299284215591047
-5.8 17.388843719568637
-5.6 17.574344555313647
-5.4 17.81851785924543
-5.199999999999999 18.09120024708698
-5.0 18.388979697070777
-4.8 18.741516874999544
-4.6 19.20621865192281
-4.4 19.851245516776725
-4.199999999999999 20.72654965546025
-4.0 21.837215502518937
-3.8 23.139453000631086
-3.5999999999999996 24.557242456325866
-3.3999999999999995 26.007136252653993
-3.1999999999999993 27.434966150494894
-3.0 28.86404094131171
-2.8 30.435569290713175
-2.5999999999999996 32.42345350845503
-2.3999999999999995 35.193482235956665
-2.1999999999999993 39.04806422978489
-2.0 43.983475764555344
-1.7999999999999998 49.57795866364525
-1.5999999999999996 55.17582382350125
-1.3999999999999995 60.210274597512765
-1.1999999999999993 64.39556188951238
-1.0 67.71293708094838
-0.7999999999999998 70.29019867592835
-0.5999999999999996 72.28725647876895
-0.39999999999999947 73.83506457993019
-0.1999999999999993 75.0231496302309
0.0 75.91359267519987
0.20000000000000107 76.55902641100019
0.40000000000000036 77.01081967733445
0.5999999999999996 77.31756262421285
0.8000000000000007 77.52088527727986
1.0 77.6532398034215
1.200000000000001 77.7381727453001
1.4000000000000004 77.79193417491426
1.6000000000000014 77.8253763665913
1.8000000000000007 77.84562180821763
2.0 77.85734721764359
2.200000000000001 77.86368192830301
2.4000000000000004 77.86676382232527
2.6000000000000014 77.86803671109575
2.8000000000000007 77.86841445379781
3.0 77.86841552926711
3.200000000000001 77.86829665237204
3.4000000000000004 77.86816580942921
3.6000000000000014 77.86805854464555
3.8000000000000007 77.86798032694117
4.0 77.8679265891629
Result sigma optimization:  -6.0 17.299284215591047
E_max_2 =  400
Cutoff Radius =  6.0
Selected Radial Transform =  2.0
factor =  2.8
displacement =  0.0
dataset =  datasets/random-ch4-10k.extxyz
n_train =  1000
n_test =  2000
Train RMSE: 14.72030126615161 [Train MAE: 11.812626271561541]
Test RMSE: 17.19922043026116 [Test MAE: 13.099090573390717]
FINISHED at Tue Jan 10 04:00:00 CET 2023
