STARTING AT Wed Dec 14 12:04:46 CET 2022
CUDA is available:  False
Random seed: 1000
6 14
Reading dataset
Shuffling and extracting from dataset (length: 10000)
Shuffling and extraction done
Calculating composition features
Composition features done
Calculating composition features
Composition features done
Creating datasets and dataloaders
0
100
200
300
400
500
600
700
800
900
0
100
200
300
400
500
600
700
800
900
nfeat: 218
Epoch 00301: reducing learning rate of group 0 to 1.0000e-04.
Epoch 00052: reducing learning rate of group 0 to 1.0000e-05.
Epoch 00127: reducing learning rate of group 0 to 1.0000e-06.
Epoch 00154: reducing learning rate of group 0 to 1.0000e-07.
Epoch 00052: reducing learning rate of group 0 to 1.0000e-08.
Epoch 00052: reducing learning rate of group 0 to 1.0000e-09.
Epoch 00052: reducing learning rate of group 0 to 1.0000e-10.
Epoch 00052: reducing learning rate of group 0 to 1.0000e-11.
Epoch 00052: reducing learning rate of group 0 to 1.0000e-12.
Very small learning rate reached: 1e-12
Train error minimum for model run no. 1: 4.22205544743671 [MAE: 3.2640611066020004]
Test error minimum for model run no. 1:  10.970367113636016 [MAE: 5.9502745981750715]
Epoch 00273: reducing learning rate of group 0 to 1.0000e-04.
Epoch 00124: reducing learning rate of group 0 to 1.0000e-05.
Epoch 00053: reducing learning rate of group 0 to 1.0000e-06.
Epoch 00052: reducing learning rate of group 0 to 1.0000e-07.
Epoch 00052: reducing learning rate of group 0 to 1.0000e-08.
Epoch 00052: reducing learning rate of group 0 to 1.0000e-09.
Epoch 00052: reducing learning rate of group 0 to 1.0000e-10.
Epoch 00052: reducing learning rate of group 0 to 1.0000e-11.
Epoch 00052: reducing learning rate of group 0 to 1.0000e-12.
Very small learning rate reached: 1e-12
Train error minimum for model run no. 2: 4.380923091677199 [MAE: 3.361286378843309]
Test error minimum for model run no. 2:  11.497364117135788 [MAE: 6.119982122384539]
Epoch 00301: reducing learning rate of group 0 to 1.0000e-04.
Epoch 00058: reducing learning rate of group 0 to 1.0000e-05.
Epoch 00052: reducing learning rate of group 0 to 1.0000e-06.
Epoch 00080: reducing learning rate of group 0 to 1.0000e-07.
Epoch 00084: reducing learning rate of group 0 to 1.0000e-08.
Epoch 00052: reducing learning rate of group 0 to 1.0000e-09.
Epoch 00052: reducing learning rate of group 0 to 1.0000e-10.
Epoch 00052: reducing learning rate of group 0 to 1.0000e-11.
Epoch 00052: reducing learning rate of group 0 to 1.0000e-12.
Very small learning rate reached: 1e-12
Train error minimum for model run no. 3: 4.146017844208347 [MAE: 3.210457417196827]
Test error minimum for model run no. 3:  10.507361442392464 [MAE: 5.823378099909543]
Epoch 00331: reducing learning rate of group 0 to 1.0000e-04.
Epoch 00084: reducing learning rate of group 0 to 1.0000e-05.
Epoch 00099: reducing learning rate of group 0 to 1.0000e-06.
Epoch 00052: reducing learning rate of group 0 to 1.0000e-07.
Epoch 00066: reducing learning rate of group 0 to 1.0000e-08.
Epoch 00052: reducing learning rate of group 0 to 1.0000e-09.
Epoch 00052: reducing learning rate of group 0 to 1.0000e-10.
Epoch 00052: reducing learning rate of group 0 to 1.0000e-11.
Epoch 00052: reducing learning rate of group 0 to 1.0000e-12.
Very small learning rate reached: 1e-12
Train error minimum for model run no. 4: 3.8850492319101546 [MAE: 2.9911624276697175]
Test error minimum for model run no. 4:  10.834654445309678 [MAE: 5.902696021294468]
Epoch 00425: reducing learning rate of group 0 to 1.0000e-04.
Epoch 00108: reducing learning rate of group 0 to 1.0000e-05.
Epoch 00063: reducing learning rate of group 0 to 1.0000e-06.
Epoch 00052: reducing learning rate of group 0 to 1.0000e-07.
Epoch 00066: reducing learning rate of group 0 to 1.0000e-08.
Epoch 00052: reducing learning rate of group 0 to 1.0000e-09.
Epoch 00052: reducing learning rate of group 0 to 1.0000e-10.
Epoch 00052: reducing learning rate of group 0 to 1.0000e-11.
Epoch 00052: reducing learning rate of group 0 to 1.0000e-12.
Very small learning rate reached: 1e-12
Train error minimum for model run no. 5: 3.5658730147318525 [MAE: 2.7674089292890094]
Test error minimum for model run no. 5:  10.372410279586317 [MAE: 5.6832344090042985]
Epoch 00295: reducing learning rate of group 0 to 1.0000e-04.
Epoch 00081: reducing learning rate of group 0 to 1.0000e-05.
Epoch 00052: reducing learning rate of group 0 to 1.0000e-06.
Epoch 00053: reducing learning rate of group 0 to 1.0000e-07.
Epoch 00052: reducing learning rate of group 0 to 1.0000e-08.
Epoch 00052: reducing learning rate of group 0 to 1.0000e-09.
Epoch 00052: reducing learning rate of group 0 to 1.0000e-10.
Epoch 00052: reducing learning rate of group 0 to 1.0000e-11.
Epoch 00052: reducing learning rate of group 0 to 1.0000e-12.
Very small learning rate reached: 1e-12
Train error minimum for model run no. 6: 4.240096113591363 [MAE: 3.239667305849689]
Test error minimum for model run no. 6:  10.738452986601336 [MAE: 5.842616730697108]
Epoch 00325: reducing learning rate of group 0 to 1.0000e-04.
Epoch 00056: reducing learning rate of group 0 to 1.0000e-05.
Epoch 00077: reducing learning rate of group 0 to 1.0000e-06.
Epoch 00053: reducing learning rate of group 0 to 1.0000e-07.
Epoch 00053: reducing learning rate of group 0 to 1.0000e-08.
Epoch 00052: reducing learning rate of group 0 to 1.0000e-09.
Epoch 00052: reducing learning rate of group 0 to 1.0000e-10.
Epoch 00052: reducing learning rate of group 0 to 1.0000e-11.
Epoch 00052: reducing learning rate of group 0 to 1.0000e-12.
Very small learning rate reached: 1e-12
Train error minimum for model run no. 7: 4.158560365938843 [MAE: 3.1941204476400804]
Test error minimum for model run no. 7:  10.370698191129152 [MAE: 5.758610399529969]
Epoch 00302: reducing learning rate of group 0 to 1.0000e-04.
Epoch 00126: reducing learning rate of group 0 to 1.0000e-05.
Epoch 00052: reducing learning rate of group 0 to 1.0000e-06.
Epoch 00052: reducing learning rate of group 0 to 1.0000e-07.
Epoch 00054: reducing learning rate of group 0 to 1.0000e-08.
Epoch 00052: reducing learning rate of group 0 to 1.0000e-09.
Epoch 00052: reducing learning rate of group 0 to 1.0000e-10.
Epoch 00052: reducing learning rate of group 0 to 1.0000e-11.
Epoch 00052: reducing learning rate of group 0 to 1.0000e-12.
Very small learning rate reached: 1e-12
Train error minimum for model run no. 8: 4.216861661466731 [MAE: 3.2191664592201947]
Test error minimum for model run no. 8:  10.442881251738056 [MAE: 5.720835518716025]
Epoch 00295: reducing learning rate of group 0 to 1.0000e-04.
Epoch 00052: reducing learning rate of group 0 to 1.0000e-05.
Epoch 00321: reducing learning rate of group 0 to 1.0000e-06.
Epoch 00052: reducing learning rate of group 0 to 1.0000e-07.
Epoch 00052: reducing learning rate of group 0 to 1.0000e-08.
Epoch 00052: reducing learning rate of group 0 to 1.0000e-09.
Epoch 00052: reducing learning rate of group 0 to 1.0000e-10.
Epoch 00052: reducing learning rate of group 0 to 1.0000e-11.
Epoch 00052: reducing learning rate of group 0 to 1.0000e-12.
Very small learning rate reached: 1e-12
Train error minimum for model run no. 9: 4.225077295261421 [MAE: 3.246577661598746]
Test error minimum for model run no. 9:  10.471876201476329 [MAE: 5.756296339072632]
Epoch 00340: reducing learning rate of group 0 to 1.0000e-04.
Epoch 00099: reducing learning rate of group 0 to 1.0000e-05.
Epoch 00080: reducing learning rate of group 0 to 1.0000e-06.
Epoch 00186: reducing learning rate of group 0 to 1.0000e-07.
Epoch 00071: reducing learning rate of group 0 to 1.0000e-08.
Epoch 00052: reducing learning rate of group 0 to 1.0000e-09.
Epoch 00052: reducing learning rate of group 0 to 1.0000e-10.
Epoch 00052: reducing learning rate of group 0 to 1.0000e-11.
Epoch 00052: reducing learning rate of group 0 to 1.0000e-12.
Very small learning rate reached: 1e-12
Train error minimum for model run no. 10: 3.8696344358429613 [MAE: 2.960970913173686]
Test error minimum for model run no. 10:  10.414060474106515 [MAE: 5.767390414897544]
E_max_2 =  400
Cutoff Radius =  4.5
Selected Radial Transform =  3.0
factor =  1.4
displacement =  0.0
dataset =  datasets/random-ch4-10k.extxyz
n_train =  1000
n_test =  1000
Train error averaged over all models Train RMSE:  4.091014850206559 [Train MAE: 3.145487904708326]
Test error averaged over all models Test RMSE: 10.662012650311166 [Test MAE: 5.8325314653681195]
FINISHED at Wed Dec 14 15:49:07 CET 2022
