STARTING AT Wed Dec 14 20:50:20 CET 2022
CUDA is available:  False
Random seed: 1000
6 14
Reading dataset
Shuffling and extracting from dataset (length: 10000)
Shuffling and extraction done
Calculating composition features
Composition features done
Calculating composition features
Composition features done
Creating datasets and dataloaders
0
100
200
300
400
500
600
700
800
900
0
100
200
300
400
500
600
700
800
900
nfeat: 218
Epoch 00433: reducing learning rate of group 0 to 1.0000e-04.
Epoch 00096: reducing learning rate of group 0 to 1.0000e-05.
Epoch 00103: reducing learning rate of group 0 to 1.0000e-06.
Epoch 00072: reducing learning rate of group 0 to 1.0000e-07.
Epoch 00052: reducing learning rate of group 0 to 1.0000e-08.
Epoch 00052: reducing learning rate of group 0 to 1.0000e-09.
Epoch 00052: reducing learning rate of group 0 to 1.0000e-10.
Epoch 00052: reducing learning rate of group 0 to 1.0000e-11.
Epoch 00052: reducing learning rate of group 0 to 1.0000e-12.
Very small learning rate reached: 1e-12
Train error minimum for model run no. 1: 3.6968606570864577 [MAE: 2.8451431309968487]
Test error minimum for model run no. 1:  10.872627856417179 [MAE: 6.153029092834696]
Epoch 00375: reducing learning rate of group 0 to 1.0000e-04.
Epoch 00163: reducing learning rate of group 0 to 1.0000e-05.
Epoch 00069: reducing learning rate of group 0 to 1.0000e-06.
Epoch 00061: reducing learning rate of group 0 to 1.0000e-07.
Epoch 00083: reducing learning rate of group 0 to 1.0000e-08.
Epoch 00052: reducing learning rate of group 0 to 1.0000e-09.
Epoch 00052: reducing learning rate of group 0 to 1.0000e-10.
Epoch 00052: reducing learning rate of group 0 to 1.0000e-11.
Epoch 00052: reducing learning rate of group 0 to 1.0000e-12.
Very small learning rate reached: 1e-12
Train error minimum for model run no. 2: 4.031856907619347 [MAE: 3.092925679099798]
Test error minimum for model run no. 2:  11.737941459926084 [MAE: 6.688274974857631]
Epoch 00390: reducing learning rate of group 0 to 1.0000e-04.
Epoch 00073: reducing learning rate of group 0 to 1.0000e-05.
Epoch 00061: reducing learning rate of group 0 to 1.0000e-06.
Epoch 00061: reducing learning rate of group 0 to 1.0000e-07.
Epoch 00052: reducing learning rate of group 0 to 1.0000e-08.
Epoch 00052: reducing learning rate of group 0 to 1.0000e-09.
Epoch 00052: reducing learning rate of group 0 to 1.0000e-10.
Epoch 00052: reducing learning rate of group 0 to 1.0000e-11.
Epoch 00052: reducing learning rate of group 0 to 1.0000e-12.
Very small learning rate reached: 1e-12
Train error minimum for model run no. 3: 3.5914890966545094 [MAE: 2.799756769056561]
Test error minimum for model run no. 3:  10.523147422342255 [MAE: 5.917082894347271]
Epoch 00394: reducing learning rate of group 0 to 1.0000e-04.
Epoch 00052: reducing learning rate of group 0 to 1.0000e-05.
Epoch 00057: reducing learning rate of group 0 to 1.0000e-06.
Epoch 00065: reducing learning rate of group 0 to 1.0000e-07.
Epoch 00081: reducing learning rate of group 0 to 1.0000e-08.
Epoch 00052: reducing learning rate of group 0 to 1.0000e-09.
Epoch 00052: reducing learning rate of group 0 to 1.0000e-10.
Epoch 00052: reducing learning rate of group 0 to 1.0000e-11.
Epoch 00052: reducing learning rate of group 0 to 1.0000e-12.
Very small learning rate reached: 1e-12
Train error minimum for model run no. 4: 4.021830802179506 [MAE: 3.1116699673067156]
Test error minimum for model run no. 4:  11.618826741846064 [MAE: 6.615803585187794]
Epoch 00295: reducing learning rate of group 0 to 1.0000e-04.
Epoch 00106: reducing learning rate of group 0 to 1.0000e-05.
Epoch 00053: reducing learning rate of group 0 to 1.0000e-06.
Epoch 00066: reducing learning rate of group 0 to 1.0000e-07.
Epoch 00052: reducing learning rate of group 0 to 1.0000e-08.
Epoch 00052: reducing learning rate of group 0 to 1.0000e-09.
Epoch 00052: reducing learning rate of group 0 to 1.0000e-10.
Epoch 00052: reducing learning rate of group 0 to 1.0000e-11.
Epoch 00052: reducing learning rate of group 0 to 1.0000e-12.
Very small learning rate reached: 1e-12
Train error minimum for model run no. 5: 4.618866380071262 [MAE: 3.5571794315070058]
Test error minimum for model run no. 5:  11.669795713130634 [MAE: 6.783015408764472]
Epoch 00417: reducing learning rate of group 0 to 1.0000e-04.
Epoch 00234: reducing learning rate of group 0 to 1.0000e-05.
Epoch 00072: reducing learning rate of group 0 to 1.0000e-06.
Epoch 00094: reducing learning rate of group 0 to 1.0000e-07.
Epoch 00052: reducing learning rate of group 0 to 1.0000e-08.
Epoch 00052: reducing learning rate of group 0 to 1.0000e-09.
Epoch 00052: reducing learning rate of group 0 to 1.0000e-10.
Epoch 00052: reducing learning rate of group 0 to 1.0000e-11.
Epoch 00052: reducing learning rate of group 0 to 1.0000e-12.
Very small learning rate reached: 1e-12
Train error minimum for model run no. 6: 3.577061909153313 [MAE: 2.7595528216561758]
Test error minimum for model run no. 6:  10.636823107762616 [MAE: 6.0327487165614455]
Epoch 00354: reducing learning rate of group 0 to 1.0000e-04.
Epoch 00190: reducing learning rate of group 0 to 1.0000e-05.
Epoch 00575: reducing learning rate of group 0 to 1.0000e-06.
Epoch 00127: reducing learning rate of group 0 to 1.0000e-07.
Epoch 00088: reducing learning rate of group 0 to 1.0000e-08.
Epoch 00052: reducing learning rate of group 0 to 1.0000e-09.
Epoch 00052: reducing learning rate of group 0 to 1.0000e-10.
Epoch 00052: reducing learning rate of group 0 to 1.0000e-11.
Epoch 00052: reducing learning rate of group 0 to 1.0000e-12.
Very small learning rate reached: 1e-12
Train error minimum for model run no. 7: 3.7555128342334636 [MAE: 2.8711204054091737]
Test error minimum for model run no. 7:  11.020206849653503 [MAE: 6.137981926060402]
Epoch 00435: reducing learning rate of group 0 to 1.0000e-04.
Epoch 00155: reducing learning rate of group 0 to 1.0000e-05.
Epoch 00069: reducing learning rate of group 0 to 1.0000e-06.
Epoch 00061: reducing learning rate of group 0 to 1.0000e-07.
Epoch 00052: reducing learning rate of group 0 to 1.0000e-08.
Epoch 00052: reducing learning rate of group 0 to 1.0000e-09.
Epoch 00052: reducing learning rate of group 0 to 1.0000e-10.
Epoch 00052: reducing learning rate of group 0 to 1.0000e-11.
Epoch 00052: reducing learning rate of group 0 to 1.0000e-12.
Very small learning rate reached: 1e-12
Train error minimum for model run no. 8: 3.3485765168476473 [MAE: 2.5975523140659122]
Test error minimum for model run no. 8:  10.911539347634939 [MAE: 6.1110380452204955]
Epoch 00356: reducing learning rate of group 0 to 1.0000e-04.
Epoch 00187: reducing learning rate of group 0 to 1.0000e-05.
Epoch 00052: reducing learning rate of group 0 to 1.0000e-06.
Epoch 00134: reducing learning rate of group 0 to 1.0000e-07.
Epoch 00058: reducing learning rate of group 0 to 1.0000e-08.
Epoch 00052: reducing learning rate of group 0 to 1.0000e-09.
Epoch 00052: reducing learning rate of group 0 to 1.0000e-10.
Epoch 00052: reducing learning rate of group 0 to 1.0000e-11.
Epoch 00052: reducing learning rate of group 0 to 1.0000e-12.
Very small learning rate reached: 1e-12
Train error minimum for model run no. 9: 3.938067874311936 [MAE: 3.0633570270273522]
Test error minimum for model run no. 9:  10.810832444690899 [MAE: 6.073961035723842]
Epoch 00432: reducing learning rate of group 0 to 1.0000e-04.
Epoch 00146: reducing learning rate of group 0 to 1.0000e-05.
Epoch 00086: reducing learning rate of group 0 to 1.0000e-06.
Epoch 00089: reducing learning rate of group 0 to 1.0000e-07.
Epoch 00052: reducing learning rate of group 0 to 1.0000e-08.
Epoch 00052: reducing learning rate of group 0 to 1.0000e-09.
Epoch 00052: reducing learning rate of group 0 to 1.0000e-10.
Epoch 00052: reducing learning rate of group 0 to 1.0000e-11.
Epoch 00052: reducing learning rate of group 0 to 1.0000e-12.
Very small learning rate reached: 1e-12
Train error minimum for model run no. 10: 3.597080093900894 [MAE: 2.780290960690466]
Test error minimum for model run no. 10:  11.630918310306376 [MAE: 6.375463127029299]
E_max_2 =  400
Cutoff Radius =  4.5
Selected Radial Transform =  7.0
factor =  1.8
displacement =  0.0
dataset =  datasets/random-ch4-10k.extxyz
n_train =  1000
n_test =  1000
Train error averaged over all models Train RMSE:  3.817720307205834 [Train MAE: 2.9478548506816002]
Test error averaged over all models Test RMSE: 11.143265925371056 [Test MAE: 6.288839880658734]
FINISHED at Thu Dec 15 01:12:51 CET 2022
