STARTING AT Mon Nov 28 12:19:31 CET 2022
Random seed: 1000
6 14
Reading dataset
Shuffling and extracting from dataset (length: 10000)
Shuffling and extraction done
Calculating power spectrum
Expansion coefficients done
Computing training kernel
     Calculating kernels for center species 1
     Calculating kernels for center species 6
Training kernel done
Computing test kernel
     Calculating kernels for center species 1
     Calculating kernels for center species 6
Test kernel done
Calculating composition features
Composition features done
-8.0 11.274501747236439
-7.8 11.267936157695706
-7.6 11.258921636029358
-7.4 11.244421338177823
-7.2 11.22217437727227
-7.0 11.188890625861887
-6.8 11.14029800975242
-6.6 11.072553584024497
-6.4 10.981856085650435
-6.2 10.871650862701062
-6.0 10.746680901125938
-5.8 10.612245285518046
-5.6 10.480973484165546
-5.4 10.357911284224972
-5.199999999999999 10.245141927053464
-5.0 10.1465149978484
-4.8 10.067262969218906
-4.6 10.01727579999298
-4.4 10.00914093934889
-4.199999999999999 10.054089968647398
-4.0 10.16240046941574
-3.8 10.34570607920715
-3.5999999999999996 10.619192622470175
-3.3999999999999995 11.002136311551896
-3.1999999999999993 11.514831786622796
-3.0 12.175342714471892
-2.8 12.999983511107331
-2.5999999999999996 14.008666646434897
-2.3999999999999995 15.234624517187402
-2.1999999999999993 16.73254454274663
-2.0 18.578639290610738
-1.7999999999999998 20.860766760686193
-1.5999999999999996 23.663770105902397
-1.3999999999999995 27.055668558952206
-1.1999999999999993 31.072775966269894
-1.0 35.6960523902854
-0.7999999999999998 40.81899976956197
-0.5999999999999996 46.22847083372972
-0.39999999999999947 51.626302571339544
-0.1999999999999993 56.69338213693905
0.0 61.16428824281371
0.20000000000000107 64.8770012937944
0.40000000000000036 67.78648809866166
0.5999999999999996 69.9486843157182
0.8000000000000007 71.48429088792865
1.0 72.53657762639482
1.200000000000001 73.23897634627345
1.4000000000000004 73.6992829849789
1.6000000000000014 73.99715978502148
1.8000000000000007 74.18828053506834
2.0 74.31019887101635
2.200000000000001 74.387672869905
2.4000000000000004 74.43678001331062
2.6000000000000014 74.46785380283227
2.8000000000000007 74.48749895116629
3.0 74.49990771806365
3.200000000000001 74.50774204738727
3.4000000000000004 74.51268998465966
3.6000000000000014 74.51581124164187
3.8000000000000007 74.51778269312635
4.0 74.51902483594374
Result sigma optimization:  -4.4 10.00914093934889
E_max_2 =  400
Cutoff Radius =  4.5
Selected Radial Transform =  2.0
factor =  0.7
displacement =  0.1
dataset =  datasets/random-ch4-10k.extxyz
n_train =  1000
n_test =  1000
Train RMSE: 1.668662667274475 [Train MAE: 1.2338780164718628]
Test RMSE: 11.204134941101074 [Test MAE: 5.948516368865967]
FINISHED at Mon Nov 28 12:30:28 CET 2022
