STARTING AT Mon Nov 28 12:20:08 CET 2022
Random seed: 1000
6 14
Reading dataset
Shuffling and extracting from dataset (length: 10000)
Shuffling and extraction done
Calculating power spectrum
Expansion coefficients done
Computing training kernel
     Calculating kernels for center species 1
     Calculating kernels for center species 6
Training kernel done
Computing test kernel
     Calculating kernels for center species 1
     Calculating kernels for center species 6
Test kernel done
Calculating composition features
Composition features done
-8.0 12.040843902110849
-7.8 12.041464880355868
-7.6 12.040958724774317
-7.4 12.038985196052916
-7.2 12.041417071825734
-7.0 12.03342151669414
-6.8 12.020035702974482
-6.6 12.014779371251215
-6.4 11.995849786879418
-6.2 11.96560210725154
-6.0 11.924791828633738
-5.8 11.864483151373209
-5.6 11.785719829290498
-5.4 11.677688896727384
-5.199999999999999 11.548514155475532
-5.0 11.392434741350836
-4.8 11.220840334507038
-4.6 11.04621333768104
-4.4 10.870744205887826
-4.199999999999999 10.696630305958216
-4.0 10.519492068484402
-3.8 10.346778163243618
-3.5999999999999996 10.192261528648064
-3.3999999999999995 10.081345706303301
-3.1999999999999993 10.042388748566934
-3.0 10.105446710693014
-2.8 10.2949696406713
-2.5999999999999996 10.628693636471452
-2.3999999999999995 11.11771840791339
-2.1999999999999993 11.77068284380201
-2.0 12.600638934692954
-1.7999999999999998 13.631945155073707
-1.5999999999999996 14.908191206147798
-1.3999999999999995 16.495932204542882
-1.1999999999999993 18.47308364447954
-1.0 20.90169363652142
-0.7999999999999998 23.805213246983843
-0.5999999999999996 27.174554928220537
-0.39999999999999947 30.99456177097847
-0.1999999999999993 35.24790369431564
0.0 39.879337832234626
0.20000000000000107 44.766282041425995
0.40000000000000036 49.73325275595293
0.5999999999999996 54.57806221367702
0.8000000000000007 59.08074890033978
1.0 63.02857288563656
1.200000000000001 66.27518200653998
1.4000000000000004 68.78609802314709
1.6000000000000014 70.62969873749994
1.8000000000000007 71.93019619742462
2.0 72.82096023810728
2.200000000000001 73.41791057875456
2.4000000000000004 73.81133805181966
2.6000000000000014 74.06732347162276
2.8000000000000007 74.23227881959437
3.0 74.33783672363623
3.200000000000001 74.40505758179346
3.4000000000000004 74.44772683735884
3.6000000000000014 74.47475306269904
3.8000000000000007 74.49184833758657
4.0 74.50265137899456
Result sigma optimization:  -3.1999999999999993 10.042388748566934
E_max_2 =  400
Cutoff Radius =  4.5
Selected Radial Transform =  3.0
factor =  2.0
displacement =  0.0
dataset =  datasets/random-ch4-10k.extxyz
n_train =  1000
n_test =  1000
Train RMSE: 2.1863505840301514 [Train MAE: 1.6871774196624756]
Test RMSE: 9.963677406311035 [Test MAE: 5.2154765129089355]
FINISHED at Mon Nov 28 12:27:28 CET 2022
