STARTING AT Mon Nov 28 12:30:06 CET 2022
Random seed: 1000
6 14
Reading dataset
Shuffling and extracting from dataset (length: 10000)
Shuffling and extraction done
Calculating power spectrum
Expansion coefficients done
Computing training kernel
     Calculating kernels for center species 1
     Calculating kernels for center species 6
Training kernel done
Computing test kernel
     Calculating kernels for center species 1
     Calculating kernels for center species 6
Test kernel done
Calculating composition features
Composition features done
-8.0 50.762452405481255
-7.8 50.82058420853577
-7.6 50.600782730019354
-7.4 50.83841951160067
-7.2 50.50248545477118
-7.0 50.60789801796628
-6.8 51.066311363265704
-6.6 50.68512852806285
-6.4 50.876851298472424
-6.2 50.94013743171979
-6.0 50.77961801223745
-5.8 50.910423670219544
-5.6 50.80512919325912
-5.4 51.05027529232213
-5.199999999999999 50.66691335945974
-5.0 50.96214925069389
-4.8 50.97333109010902
-4.6 51.016074385463305
-4.4 51.11662761901087
-4.199999999999999 50.48748324925446
-4.0 49.82199325316832
-3.8 48.73874347205081
-3.5999999999999996 46.843158914716405
-3.3999999999999995 45.232719334984715
-3.1999999999999993 42.96986932632999
-3.0 40.58568508703993
-2.8 38.30649022501768
-2.5999999999999996 36.09697098723278
-2.3999999999999995 34.10146392454252
-2.1999999999999993 32.39011842343857
-2.0 30.98624521587159
-1.7999999999999998 29.955853797844128
-1.5999999999999996 29.22615875322568
-1.3999999999999995 28.76112216930174
-1.1999999999999993 28.450125185082666
-1.0 28.18735151014103
-0.7999999999999998 27.90436573285845
-0.5999999999999996 27.661583666476872
-0.39999999999999947 27.652358165432744
-0.1999999999999993 28.121241728062525
0.0 29.21291378878954
0.20000000000000107 30.926462361847175
0.40000000000000036 33.186645704635474
0.5999999999999996 35.92861683689618
0.8000000000000007 39.10013397115795
1.0 42.61416449521215
1.200000000000001 46.31410717521714
1.4000000000000004 49.979389033130445
1.6000000000000014 53.384993941415786
1.8000000000000007 56.38876481068724
2.0 58.97655466369666
2.200000000000001 61.22707402571186
2.4000000000000004 63.23994423523
2.6000000000000014 65.08906494181646
2.8000000000000007 66.81397612962425
3.0 68.42007061162681
3.200000000000001 69.87611761181356
3.4000000000000004 71.12892673694718
3.6000000000000014 72.1377111849274
3.8000000000000007 72.89882650804469
4.0 73.44295873329179
Result sigma optimization:  -0.39999999999999947 27.652358165432744
E_max_2 =  400
Cutoff Radius =  4.5
Selected Radial Transform =  4.0
factor =  5.0
displacement =  0.4
dataset =  datasets/random-ch4-10k.extxyz
n_train =  1000
n_test =  1000
Train RMSE: 18.837039947509766 [Train MAE: 11.78748893737793]
Test RMSE: 29.667829513549805 [Test MAE: 15.276812553405762]
FINISHED at Mon Nov 28 12:44:54 CET 2022
