STARTING AT Mon Nov 28 12:33:07 CET 2022
Random seed: 1000
6 14
Reading dataset
Shuffling and extracting from dataset (length: 10000)
Shuffling and extraction done
Calculating power spectrum
Expansion coefficients done
Computing training kernel
     Calculating kernels for center species 1
     Calculating kernels for center species 6
Training kernel done
Computing test kernel
     Calculating kernels for center species 1
     Calculating kernels for center species 6
Test kernel done
Calculating composition features
Composition features done
-8.0 88.11970072719267
-7.8 87.44850082691526
-7.6 86.63597071583489
-7.4 84.65070884412309
-7.2 82.34967953034183
-7.0 79.61290204404685
-6.8 76.55288511055609
-6.6 74.56236205980535
-6.4 71.06648180357249
-6.2 68.16719026133467
-6.0 65.13933371531367
-5.8 61.650405672073646
-5.6 57.94496267337438
-5.4 53.71218789908162
-5.199999999999999 49.140234040575145
-5.0 43.99318774946156
-4.8 38.83528842371491
-4.6 33.854299631149146
-4.4 29.383113041868963
-4.199999999999999 25.697874501721927
-4.0 22.89770624258847
-3.8 20.924349461587212
-3.5999999999999996 19.67415490164063
-3.3999999999999995 18.976348251672395
-3.1999999999999993 18.706887152947843
-3.0 18.755755679090885
-2.8 19.025176114083017
-2.5999999999999996 19.436198660215812
-2.3999999999999995 19.948346040853234
-2.1999999999999993 20.573366619552086
-2.0 21.363383356516824
-1.7999999999999998 22.391002308405046
-1.5999999999999996 23.733248944650413
-1.3999999999999995 25.462084557239223
-1.1999999999999993 27.632035091198947
-1.0 30.25885394702681
-0.7999999999999998 33.29918354854966
-0.5999999999999996 36.64970018209562
-0.39999999999999947 40.16827037989687
-0.1999999999999993 43.70709145836634
0.0 47.14636551474567
0.20000000000000107 50.416441855559384
0.40000000000000036 53.499534460591335
0.5999999999999996 56.422393465493826
0.8000000000000007 59.24609876396926
1.0 62.02116435641143
1.200000000000001 64.71090711773402
1.4000000000000004 67.17643280943102
1.6000000000000014 69.26335836862084
1.8000000000000007 70.89495838915487
2.0 72.08977259292749
2.200000000000001 72.92337395341771
2.4000000000000004 73.4856312485645
2.6000000000000014 73.85627004527105
2.8000000000000007 74.09688210377006
3.0 74.25151450475606
3.200000000000001 74.35023516270813
3.4000000000000004 74.4129944969291
3.6000000000000014 74.45278180665917
3.8000000000000007 74.47796234457546
4.0 74.49388083091121
Result sigma optimization:  -3.1999999999999993 18.706887152947843
E_max_2 =  400
Cutoff Radius =  4.5
Selected Radial Transform =  5.0
factor =  1.4
displacement =  0.4
dataset =  datasets/random-ch4-10k.extxyz
n_train =  1000
n_test =  1000
Train RMSE: 9.457798957824707 [Train MAE: 6.077177047729492]
Test RMSE: 17.735488891601562 [Test MAE: 11.627080917358398]
FINISHED at Mon Nov 28 12:40:20 CET 2022
