STARTING AT Mon Nov 28 12:31:37 CET 2022
Random seed: 1000
6 14
Reading dataset
Shuffling and extracting from dataset (length: 10000)
Shuffling and extraction done
Calculating power spectrum
Expansion coefficients done
Computing training kernel
     Calculating kernels for center species 1
     Calculating kernels for center species 6
Training kernel done
Computing test kernel
     Calculating kernels for center species 1
     Calculating kernels for center species 6
Test kernel done
Calculating composition features
Composition features done
-8.0 376.3298895251346
-7.8 316.40384123774476
-7.6 255.9802919660027
-7.4 211.44983979658153
-7.2 169.10988402515093
-7.0 140.12976909814702
-6.8 112.68860565181379
-6.6 93.70009338309114
-6.4 78.92099451350064
-6.2 68.07439852378425
-6.0 59.70814093362814
-5.8 53.39601533003189
-5.6 48.48034878948376
-5.4 44.75799099392756
-5.199999999999999 41.91037013675732
-5.0 39.712755350139076
-4.8 37.96379206312905
-4.6 36.557361177333355
-4.4 35.42904517747409
-4.199999999999999 34.54767946259199
-4.0 33.895630595070806
-3.8 33.46412526404209
-3.5999999999999996 33.25235071577647
-3.3999999999999995 33.262614031183716
-3.1999999999999993 33.49577387055716
-3.0 33.94852836464344
-2.8 34.61278902461488
-2.5999999999999996 35.47702832908219
-2.3999999999999995 36.53268292741446
-2.1999999999999993 37.78721354919545
-2.0 39.28003468684823
-1.7999999999999998 41.093201041960704
-1.5999999999999996 43.349964136375014
-1.3999999999999995 46.18855496088831
-1.1999999999999993 49.686934430743456
-1.0 53.7487873409717
-0.7999999999999998 58.0500561207739
-0.5999999999999996 62.143011850690016
-0.39999999999999947 65.6539683682563
-0.1999999999999993 68.41012055061736
0.0 70.42946249617414
0.20000000000000107 71.83668413491814
0.40000000000000036 72.78400043107001
0.5999999999999996 73.40716862984159
0.8000000000000007 73.81097585217255
1.0 74.07011184512955
1.200000000000001 74.23537945279192
1.4000000000000004 74.34036588556718
1.6000000000000014 74.40689463181486
1.8000000000000007 74.44898316128972
2.0 74.47558534513172
2.200000000000001 74.49238992172288
2.4000000000000004 74.50299847153804
2.6000000000000014 74.50969525840245
2.8000000000000007 74.513921727755
3.0 74.51658959587456
3.200000000000001 74.51827187844603
3.4000000000000004 74.51933411035017
3.6000000000000014 74.52000339673906
3.8000000000000007 74.52042652018304
4.0 74.52069511216331
Result sigma optimization:  -3.5999999999999996 33.25235071577647
E_max_2 =  400
Cutoff Radius =  4.5
Selected Radial Transform =  5.0
factor =  2.4
displacement =  0.3
dataset =  datasets/random-ch4-10k.extxyz
n_train =  1000
n_test =  1000
Train RMSE: 29.431875228881836 [Train MAE: 20.881546020507812]
Test RMSE: 30.449295043945312 [Test MAE: 22.95968246459961]
FINISHED at Mon Nov 28 12:46:24 CET 2022
