STARTING AT Wed Jan 11 05:12:01 CET 2023
Random seed: 1000
5 11
Reading dataset
Shuffling and extracting from dataset (length: 105092)
Shuffling and extraction done
Calculating power spectrum
Expansion coefficients done
Computing training kernel
     Calculating kernels for center species 79
     Calculating kernels for center species 79
Beginning first index add...
Beginning second index add...
Training kernel done
Computing test kernel
     Calculating kernels for center species 79
     Calculating kernels for center species 79
Beginning first index add...
Beginning second index add...
Test kernel done
Calculating composition features
Composition features done
-8.0 66.55198020486876
-7.8 66.7340237432627
-7.6 66.93191961392557
-7.4 67.1242994849273
-7.2 67.29894135788426
-7.0 67.45627372838977
-6.8 67.60600920067009
-6.6 67.7610661119429
-6.4 67.9323117050298
-6.2 68.12768187405688
-6.0 68.3578342090606
-5.8 68.6430786099434
-5.6 69.01383578000429
-5.4 69.50521807524275
-5.199999999999999 70.15276466104388
-5.0 70.99070841355916
-4.8 72.04730177717354
-4.6 73.33571922141324
-4.4 74.84606641660034
-4.199999999999999 76.5447370169473
-4.0 78.38542530432065
-3.8 80.33232622921943
-3.5999999999999996 82.38883212528954
-3.3999999999999995 84.61924907320702
-3.1999999999999993 87.14889466583483
-3.0 90.13142953140849
-2.8 93.69036044432713
-2.5999999999999996 97.8718523260557
-2.3999999999999995 102.65556617708972
-2.1999999999999993 108.02786031848431
-2.0 114.05817538248078
-1.7999999999999998 120.90206743504491
-1.5999999999999996 128.70946153707192
-1.3999999999999995 137.50725547580646
-1.1999999999999993 147.1777122739022
-1.0 157.6020173910859
-0.7999999999999998 168.87886748423367
-0.5999999999999996 181.40783683937414
-0.39999999999999947 195.70504322538778
-0.1999999999999993 212.048468636636
0.0 230.2518631815743
0.20000000000000107 249.83759393749483
0.40000000000000036 270.5348655384708
0.5999999999999996 292.6566586161581
0.8000000000000007 317.0096453648832
1.0 344.4665871313427
1.200000000000001 375.4413459908832
1.4000000000000004 409.31266871204906
1.6000000000000014 444.1791148909059
1.8000000000000007 477.61224719562597
2.0 508.16662771898996
2.200000000000001 536.4606936388711
2.4000000000000004 564.9955669306513
2.6000000000000014 596.6585787841319
2.8000000000000007 632.5629488872816
3.0 670.8301555918625
3.200000000000001 707.6472348913809
3.4000000000000004 739.6370110406936
3.6000000000000014 765.3865758430416
3.8000000000000007 785.3967748250462
4.0 801.1691177929636
Result sigma optimization:  -8.0 66.55198020486876
E_max_2 =  300
Cutoff Radius =  6.0
Selected Radial Transform =  14.0
factor =  0.5
displacement =  0.0
dataset =  datasets/gold.xyz
n_train =  5000
n_test =  2000
Train RMSE: 52.301430781485564 [Train MAE: 34.232457740402225]
Test RMSE: 68.81658187949625 [Test MAE: 41.555161532998085]
FINISHED at Wed Jan 11 05:27:17 CET 2023
