STARTING AT Wed Jan 11 05:12:01 CET 2023
Random seed: 1000
7 16
Reading dataset
Shuffling and extracting from dataset (length: 105092)
Shuffling and extraction done
Calculating power spectrum
Expansion coefficients done
Computing training kernel
     Calculating kernels for center species 79
     Calculating kernels for center species 79
Beginning first index add...
Beginning second index add...
Training kernel done
Computing test kernel
     Calculating kernels for center species 79
     Calculating kernels for center species 79
Beginning first index add...
Beginning second index add...
Test kernel done
Calculating composition features
Composition features done
-8.0 76.22808343439661
-7.8 76.67174312592115
-7.6 77.15277402908168
-7.4 77.66959056875231
-7.2 78.21414781504693
-7.0 78.77347202376968
-6.8 79.33749606403353
-6.6 79.91008585901054
-6.4 80.51722401244442
-6.2 81.20704370913332
-6.0 82.03788435645917
-5.8 83.05448447043052
-5.6 84.26227965720786
-5.4 85.61870876452161
-5.199999999999999 87.05157768728526
-5.0 88.49185290719397
-4.8 89.89827708114065
-4.6 91.2633546595748
-4.4 92.607531624145
-4.199999999999999 93.97315512340376
-4.0 95.41898543855592
-3.8 97.00791699767694
-3.5999999999999996 98.79298364372971
-3.3999999999999995 100.81583649795996
-3.1999999999999993 103.1117975604063
-3.0 105.6992612708305
-2.8 108.55369708590075
-2.5999999999999996 111.59783491490202
-2.3999999999999995 114.73207616995134
-2.1999999999999993 117.88477508084341
-2.0 121.03846678485229
-1.7999999999999998 124.22358044354769
-1.5999999999999996 127.52007194674708
-1.3999999999999995 131.10659034870162
-1.1999999999999993 135.3486486018951
-1.0 140.86844785787846
-0.7999999999999998 148.5090144470626
-0.5999999999999996 159.08347709128583
-0.39999999999999947 172.87207041900103
-0.1999999999999993 189.15747293234898
0.0 206.35686203031446
0.20000000000000107 222.8395660701851
0.40000000000000036 237.7847961114205
0.5999999999999996 251.5103223550434
0.8000000000000007 265.2746376836156
1.0 280.74575897881425
1.200000000000001 299.24075056601583
1.4000000000000004 321.05025757755607
1.6000000000000014 345.39940645079673
1.8000000000000007 371.0380025052225
2.0 396.7672316752374
2.200000000000001 421.6757121372004
2.4000000000000004 445.57635523637595
2.6000000000000014 469.7311747801848
2.8000000000000007 497.1476471507751
3.0 531.5686283552301
3.200000000000001 574.995604343964
3.4000000000000004 625.3943015132793
3.6000000000000014 677.1394659499625
3.8000000000000007 724.1183265248935
4.0 762.5449181500863
Result sigma optimization:  -8.0 76.22808343439661
E_max_2 =  500
Cutoff Radius =  6.0
Selected Radial Transform =  14.0
factor =  0.8
displacement =  0.0
dataset =  datasets/gold.xyz
n_train =  5000
n_test =  2000
Train RMSE: 65.45090016042727 [Train MAE: 45.719698770713805]
Test RMSE: 81.30846597245535 [Test MAE: 53.89048483812809]
FINISHED at Wed Jan 11 05:15:14 CET 2023
