STARTING AT Wed Jan 11 05:15:21 CET 2023
Random seed: 1000
8 20
Reading dataset
Shuffling and extracting from dataset (length: 105092)
Shuffling and extraction done
Calculating power spectrum
Expansion coefficients done
Computing training kernel
     Calculating kernels for center species 79
     Calculating kernels for center species 79
Beginning first index add...
Beginning second index add...
Training kernel done
Computing test kernel
     Calculating kernels for center species 79
     Calculating kernels for center species 79
Beginning first index add...
Beginning second index add...
Test kernel done
Calculating composition features
Composition features done
-8.0 89.75805656159025
-7.8 88.13481187036467
-7.6 86.62218340061581
-7.4 85.17225456603242
-7.2 83.76250257384226
-7.0 82.39265473202606
-6.8 81.07420571666677
-6.6 79.81661013843745
-6.4 78.61919817459807
-6.2 77.4634098459598
-6.0 76.31326371843296
-5.8 75.13029601093275
-5.6 73.8983331919889
-5.4 72.638256975905
-5.199999999999999 71.40148329742368
-5.0 70.25199925369161
-4.8 69.25183177724067
-4.6 68.4549664508184
-4.4 67.90775024172714
-4.199999999999999 67.65208546807455
-4.0 67.72550012600989
-3.8 68.15409280767054
-3.5999999999999996 68.94190717069647
-3.3999999999999995 70.06582731617267
-3.1999999999999993 71.48163741133517
-3.0 73.13918688162165
-2.8 75.00052165397656
-2.5999999999999996 77.05160736937383
-2.3999999999999995 79.29935045745106
-2.1999999999999993 81.76082875380187
-2.0 84.46112428230413
-1.7999999999999998 87.43899512587367
-1.5999999999999996 90.74452869837333
-1.3999999999999995 94.42431821331918
-1.1999999999999993 98.5081012155491
-1.0 103.01205779752449
-0.7999999999999998 107.94883333310446
-0.5999999999999996 113.31840972300681
-0.39999999999999947 119.09645921348522
-0.1999999999999993 125.27404877641145
0.0 131.94888239104174
0.20000000000000107 139.40935063662548
0.40000000000000036 148.16732064512414
0.5999999999999996 158.89161428713393
0.8000000000000007 172.1629159574512
1.0 188.09073876183302
1.200000000000001 206.10346982061182
1.4000000000000004 225.23697107567133
1.6000000000000014 244.7859623000121
1.8000000000000007 264.7561596179099
2.0 285.690853184087
2.200000000000001 308.0079632672237
2.4000000000000004 331.47338743297234
2.6000000000000014 355.36519951433627
2.8000000000000007 379.15799653893146
3.0 402.93830834137077
3.200000000000001 427.16195382178813
3.4000000000000004 452.3636860774835
3.6000000000000014 479.5411002341298
3.8000000000000007 510.7380470998644
4.0 548.4551575068812
Result sigma optimization:  -4.199999999999999 67.65208546807455
E_max_2 =  700
Cutoff Radius =  6.0
Selected Radial Transform =  16.0
factor =  0.6
displacement =  0.0
dataset =  datasets/gold.xyz
n_train =  5000
n_test =  2000
Train RMSE: 51.478128792626734 [Train MAE: 34.06068277529478]
Test RMSE: 72.81466420509734 [Test MAE: 45.1463478372097]
FINISHED at Wed Jan 11 05:18:28 CET 2023
