STARTING AT Wed Jan 11 05:14:50 CET 2023
Random seed: 1000
7 16
Reading dataset
Shuffling and extracting from dataset (length: 105092)
Shuffling and extraction done
Calculating power spectrum
Expansion coefficients done
Computing training kernel
     Calculating kernels for center species 79
     Calculating kernels for center species 79
Beginning first index add...
Beginning second index add...
Training kernel done
Computing test kernel
     Calculating kernels for center species 79
     Calculating kernels for center species 79
Beginning first index add...
Beginning second index add...
Test kernel done
Calculating composition features
Composition features done
-8.0 118.35092306255271
-7.8 115.16976021588354
-7.6 112.02162642861653
-7.4 108.97254736593374
-7.2 106.0581386149147
-7.0 103.26514582978209
-6.8 100.52378769463681
-6.6 97.72764877772973
-6.4 94.77891996974938
-6.2 91.63148026004635
-6.0 88.30934612212775
-5.8 84.89832057377231
-5.6 81.51930501227365
-5.4 78.29033397519859
-5.199999999999999 75.28963501441605
-5.0 72.54001519887137
-4.8 70.024093931407
-4.6 67.7190649017135
-4.4 65.62718279546182
-4.199999999999999 63.781825489159424
-4.0 62.22992710474531
-3.8 61.01245770747896
-3.5999999999999996 60.15966558593998
-3.3999999999999995 59.69368387404663
-3.1999999999999993 59.625142140530755
-3.0 59.949941395016616
-2.8 60.65944408467548
-2.5999999999999996 61.75793499745698
-2.3999999999999995 63.26637883602547
-2.1999999999999993 65.20354045897854
-2.0 67.56181287792396
-1.7999999999999998 70.30538106219788
-1.5999999999999996 73.39856517328202
-1.3999999999999995 76.84250745802106
-1.1999999999999993 80.690080526687
-1.0 85.03186109733801
-0.7999999999999998 89.97547395812614
-0.5999999999999996 95.64022109321981
-0.39999999999999947 102.15740210960296
-0.1999999999999993 109.65378550439709
0.0 118.22196072614027
0.20000000000000107 127.87803797063441
0.40000000000000036 138.49548622525256
0.5999999999999996 149.78645558703172
0.8000000000000007 161.43530869081252
1.0 173.3279302927388
1.200000000000001 185.70490506473647
1.4000000000000004 199.1401621662111
1.6000000000000014 214.33065295942626
1.8000000000000007 231.8123409170065
2.0 251.9376817193265
2.200000000000001 275.30927397375694
2.4000000000000004 303.19264552739514
2.6000000000000014 337.0345518599148
2.8000000000000007 376.99933737654584
3.0 420.9845621404518
3.200000000000001 465.6436120175512
3.4000000000000004 508.71277589523845
3.6000000000000014 550.3823705667724
3.8000000000000007 592.4305828879706
4.0 635.8614714891049
Result sigma optimization:  -3.1999999999999993 59.625142140530755
E_max_2 =  500
Cutoff Radius =  6.0
Selected Radial Transform =  16.0
factor =  0.3
displacement =  0.0
dataset =  datasets/gold.xyz
n_train =  5000
n_test =  2000
Train RMSE: 43.74890694946304 [Train MAE: 28.235818893511965]
Test RMSE: 62.11826406638113 [Test MAE: 36.855286160630186]
FINISHED at Wed Jan 11 05:17:54 CET 2023
