STARTING AT Wed Jan 11 05:18:51 CET 2023
Random seed: 1000
7 18
Reading dataset
Shuffling and extracting from dataset (length: 105092)
Shuffling and extraction done
Calculating power spectrum
Expansion coefficients done
Computing training kernel
     Calculating kernels for center species 79
     Calculating kernels for center species 79
Beginning first index add...
Beginning second index add...
Training kernel done
Computing test kernel
     Calculating kernels for center species 79
     Calculating kernels for center species 79
Beginning first index add...
Beginning second index add...
Test kernel done
Calculating composition features
Composition features done
-8.0 97.68676677986643
-7.8 95.68401810596605
-7.6 93.71392237481018
-7.4 91.75975034848001
-7.2 89.78551051346582
-7.0 87.77200345171212
-6.8 85.73533019200154
-6.6 83.72215656364534
-6.4 81.78449087254472
-6.2 79.95492772289697
-6.0 78.23773351899703
-5.8 76.61525654595653
-5.6 75.06055793031456
-5.4 73.54727049750653
-5.199999999999999 72.0565657192544
-5.0 70.58457694650443
-4.8 69.14879394338438
-4.6 67.78872357799237
-4.4 66.56244058750897
-4.199999999999999 65.54291255478321
-4.0 64.81032288857651
-3.8 64.43474539424983
-3.5999999999999996 64.45361540582871
-3.3999999999999995 64.85887841557755
-3.1999999999999993 65.60745848439245
-3.0 66.65163053623084
-2.8 67.96712363434366
-2.5999999999999996 69.55791934810374
-2.3999999999999995 71.43920178875715
-2.1999999999999993 73.62138991926548
-2.0 76.1137277684818
-1.7999999999999998 78.93955808177674
-1.5999999999999996 82.14314330723465
-1.3999999999999995 85.78735334635257
-1.1999999999999993 89.95872474453189
-1.0 94.77892716295507
-0.7999999999999998 100.3953685831111
-0.5999999999999996 106.9309356061134
-0.39999999999999947 114.41294748044315
-0.1999999999999993 122.73797992659324
0.0 131.71982286261616
0.20000000000000107 141.201511472948
0.40000000000000036 151.14746291097367
0.5999999999999996 161.65630169086566
0.8000000000000007 172.93951015365002
1.0 185.32608502447462
1.200000000000001 199.21736812406684
1.4000000000000004 214.90867440872753
1.6000000000000014 232.44864564023743
1.8000000000000007 251.79090743240002
2.0 273.096544689625
2.200000000000001 296.70837631211623
2.4000000000000004 322.70796083613715
2.6000000000000014 350.6443595367697
2.8000000000000007 379.8322695247053
3.0 409.7914987014425
3.200000000000001 440.4562486312127
3.4000000000000004 472.4500897498695
3.6000000000000014 507.41650807567885
3.8000000000000007 547.4816843212602
4.0 593.3603442174323
Result sigma optimization:  -3.8 64.43474539424983
E_max_2 =  600
Cutoff Radius =  6.0
Selected Radial Transform =  17.0
factor =  0.7
displacement =  0.0
dataset =  datasets/gold.xyz
n_train =  5000
n_test =  2000
Train RMSE: 46.58973683748103 [Train MAE: 30.19710960364342]
Test RMSE: 67.04703839725482 [Test MAE: 40.17085852853954]
FINISHED at Wed Jan 11 05:22:14 CET 2023
