STARTING AT Wed Jan 11 04:36:41 CET 2023
Random seed: 1000
7 16
Reading dataset
Shuffling and extracting from dataset (length: 10000)
Shuffling and extraction done
Calculating power spectrum
Expansion coefficients done
Computing training kernel
     Calculating kernels for center species 1
     Calculating kernels for center species 1
Beginning first index add...
Beginning second index add...
     Calculating kernels for center species 6
     Calculating kernels for center species 6
Beginning first index add...
Beginning second index add...
Training kernel done
Computing test kernel
     Calculating kernels for center species 1
     Calculating kernels for center species 1
Beginning first index add...
Beginning second index add...
     Calculating kernels for center species 6
     Calculating kernels for center species 6
Beginning first index add...
Beginning second index add...
Test kernel done
Calculating composition features
Composition features done
-8.0 14.964213135299318
-7.8 13.650128352942684
-7.6 12.54787138874165
-7.4 11.573571117192417
-7.2 10.691263723988182
-7.0 9.895070543856622
-6.8 9.190908988832195
-6.6 8.585455724049506
-6.4 8.081240508576194
-6.2 7.6752350558570965
-6.0 7.360042349851352
-5.8 7.125940840544368
-5.6 6.962060387142214
-5.4 6.857473794675728
-5.199999999999999 6.803090662479844
-5.0 6.793287053765905
-4.8 6.826226894951722
-4.6 6.90321160269594
-4.4 7.0276231497196715
-4.199999999999999 7.203299871830754
-4.0 7.432267418691215
-3.8 7.712760960798054
-3.5999999999999996 8.038639449084068
-3.3999999999999995 8.400272783089138
-3.1999999999999993 8.786647285378505
-3.0 9.189132942595446
-2.8 9.606939662396805
-2.5999999999999996 10.052138631027336
-2.3999999999999995 10.55095001580095
-2.1999999999999993 11.13962329326677
-2.0 11.856607865873677
-1.7999999999999998 12.735987872880028
-1.5999999999999996 13.807312841776424
-1.3999999999999995 15.101314603715785
-1.1999999999999993 16.653156438901455
-1.0 18.494981946308002
-0.7999999999999998 20.644622905545646
-0.5999999999999996 23.112796774667935
-0.39999999999999947 25.93936138643819
-0.1999999999999993 29.229243088796593
0.0 33.12681926439546
0.20000000000000107 37.70145563612109
0.40000000000000036 42.829488685140895
0.5999999999999996 48.20814498316109
0.8000000000000007 53.49387454316445
1.0 58.41668414204849
1.200000000000001 62.79922917653999
1.4000000000000004 66.53810937158806
1.6000000000000014 69.59500303548026
1.8000000000000007 71.99021644882055
2.0 73.78963050401384
2.200000000000001 75.08823373794746
2.4000000000000004 75.99245721854265
2.6000000000000014 76.60378287621445
2.8000000000000007 77.00779449072488
3.0 77.27030270318076
3.200000000000001 77.43868546768223
3.4000000000000004 77.54557226789092
3.6000000000000014 77.61281917826837
3.8000000000000007 77.65481893933918
4.0 77.68092506038883
Result sigma optimization:  -5.0 6.793287053765905
E_max_2 =  500
Cutoff Radius =  6.0
Selected Radial Transform =  21.0
factor =  1.0
displacement =  0.0
dataset =  datasets/random-ch4-10k.extxyz
n_train =  5000
n_test =  2000
Train RMSE: 3.810684878096958 [Train MAE: 2.944366158069404]
Test RMSE: 6.1409698538821775 [Test MAE: 4.1594563857549405]
FINISHED at Wed Jan 11 04:39:44 CET 2023
