STARTING AT Wed Jan 11 04:40:42 CET 2023
Random seed: 1000
7 16
Reading dataset
Shuffling and extracting from dataset (length: 10000)
Shuffling and extraction done
Calculating power spectrum
Expansion coefficients done
Computing training kernel
     Calculating kernels for center species 1
     Calculating kernels for center species 1
Beginning first index add...
Beginning second index add...
     Calculating kernels for center species 6
     Calculating kernels for center species 6
Beginning first index add...
Beginning second index add...
Training kernel done
Computing test kernel
     Calculating kernels for center species 1
     Calculating kernels for center species 1
Beginning first index add...
Beginning second index add...
     Calculating kernels for center species 6
     Calculating kernels for center species 6
Beginning first index add...
Beginning second index add...
Test kernel done
Calculating composition features
Composition features done
-8.0 19.964080438047414
-7.8 18.048131998099677
-7.6 16.258453000362127
-7.4 14.619729631151987
-7.2 13.176658223035703
-7.0 11.97268802151426
-6.8 11.0252226792765
-6.6 10.316785595377047
-6.4 9.811708706490471
-6.2 9.479480515208929
-6.0 9.305158929432196
-5.8 9.284321789631683
-5.6 9.40979813261411
-5.4 9.659020887611165
-5.199999999999999 9.990378972224311
-5.0 10.352065028156105
-4.8 10.698064042161667
-4.6 11.002192485811497
-4.4 11.263795885692279
-4.199999999999999 11.50246556692792
-4.0 11.744766023149849
-3.8 12.011408179105317
-3.5999999999999996 12.31184041671445
-3.3999999999999995 12.647305848565924
-3.1999999999999993 13.019075733655495
-3.0 13.437865918723514
-2.8 13.932926767216717
-2.5999999999999996 14.558921413250305
-2.3999999999999995 15.392332110044995
-2.1999999999999993 16.506731408218066
-2.0 17.93313661421705
-1.7999999999999998 19.63884773749574
-1.5999999999999996 21.550545744588774
-1.3999999999999995 23.602594331786175
-1.1999999999999993 25.775206375129674
-1.0 28.108835493249007
-0.7999999999999998 30.69261476853777
-0.5999999999999996 33.63102072213913
-0.39999999999999947 37.017909221166086
-0.1999999999999993 40.93351534504002
0.0 45.40603359960099
0.20000000000000107 50.30858499707813
0.40000000000000036 55.31687109705479
0.5999999999999996 60.033279352893665
0.8000000000000007 64.16725772094333
1.0 67.60706358472792
1.200000000000001 70.36958527893323
1.4000000000000004 72.52210626355232
1.6000000000000014 74.14347303834049
1.8000000000000007 75.31964114299396
2.0 76.14237777841754
2.200000000000001 76.70044755074915
2.4000000000000004 77.0701193247255
2.6000000000000014 77.3107619890849
2.8000000000000007 77.46539001336907
3.0 77.56368903047067
3.200000000000001 77.62552475578444
3.4000000000000004 77.66397048004406
3.6000000000000014 77.68757381815745
3.8000000000000007 77.70190292635229
4.0 77.71054428955365
Result sigma optimization:  -5.8 9.284321789631683
E_max_2 =  500
Cutoff Radius =  6.0
Selected Radial Transform =  21.0
factor =  2.0
displacement =  0.0
dataset =  datasets/random-ch4-10k.extxyz
n_train =  5000
n_test =  2000
Train RMSE: 7.494602695407648 [Train MAE: 5.906904333121368]
Test RMSE: 10.16468192756656 [Test MAE: 6.711672629297813]
FINISHED at Wed Jan 11 04:43:43 CET 2023
