STARTING AT Wed Jan 11 04:42:01 CET 2023
Random seed: 1000
8 20
Reading dataset
Shuffling and extracting from dataset (length: 10000)
Shuffling and extraction done
Calculating power spectrum
Expansion coefficients done
Computing training kernel
     Calculating kernels for center species 1
     Calculating kernels for center species 1
Beginning first index add...
Beginning second index add...
     Calculating kernels for center species 6
     Calculating kernels for center species 6
Beginning first index add...
Beginning second index add...
Training kernel done
Computing test kernel
     Calculating kernels for center species 1
     Calculating kernels for center species 1
Beginning first index add...
Beginning second index add...
     Calculating kernels for center species 6
     Calculating kernels for center species 6
Beginning first index add...
Beginning second index add...
Test kernel done
Calculating composition features
Composition features done
-8.0 31.26058883454774
-7.8 25.340913971637722
-7.6 20.9003544269807
-7.4 17.70441096364076
-7.2 15.516199046066658
-7.0 14.079599019216435
-6.8 13.142189573369187
-6.6 12.50043750420854
-6.4 12.029090102317218
-6.2 11.696585990333231
-6.0 11.541852779981411
-5.8 11.59110063709036
-5.6 11.790953697218237
-5.4 12.036543753045121
-5.199999999999999 12.243968448778629
-5.0 12.386067817702326
-4.8 12.481712919470871
-4.6 12.56557204959942
-4.4 12.6634670443352
-4.199999999999999 12.786320280023025
-4.0 12.939011636876034
-3.8 13.13003341913805
-3.5999999999999996 13.371740736636637
-3.3999999999999995 13.673036884329985
-3.1999999999999993 14.03312323969902
-3.0 14.44166973799991
-2.8 14.885612981120039
-2.5999999999999996 15.3611557801201
-2.3999999999999995 15.887357643588672
-2.1999999999999993 16.513422601177115
-2.0 17.309311949789702
-1.7999999999999998 18.33552241551624
-1.5999999999999996 19.608427141891863
-1.3999999999999995 21.09083799674991
-1.1999999999999993 22.715212362765545
-1.0 24.419704123739212
-0.7999999999999998 26.176397763721354
-0.5999999999999996 28.000883596825638
-0.39999999999999947 29.953936642044663
-0.1999999999999993 32.15878298654639
0.0 34.824307760401226
0.20000000000000107 38.217046548675015
0.40000000000000036 42.52196342905677
0.5999999999999996 47.63969728225506
0.8000000000000007 53.125904223893556
1.0 58.393495610938245
1.200000000000001 62.99998396167313
1.4000000000000004 66.77470868974979
1.6000000000000014 69.75378698460487
1.8000000000000007 72.05259845471568
2.0 73.7867322295065
2.200000000000001 75.05672634664347
2.4000000000000004 75.95612939830836
2.6000000000000014 76.57330500943245
2.8000000000000007 76.98599890452569
3.0 77.25663473087735
3.200000000000001 77.43161259574872
3.4000000000000004 77.54353314933553
3.6000000000000014 77.6144344539852
3.8000000000000007 77.65884630117543
4.0 77.68621996663141
Result sigma optimization:  -6.0 11.541852779981411
E_max_2 =  700
Cutoff Radius =  6.0
Selected Radial Transform =  21.0
factor =  2.4
displacement =  0.0
dataset =  datasets/random-ch4-10k.extxyz
n_train =  5000
n_test =  2000
Train RMSE: 8.499346249753708 [Train MAE: 6.708857391850314]
Test RMSE: 12.276014045707601 [Test MAE: 7.634333335941119]
FINISHED at Wed Jan 11 04:52:40 CET 2023
