STARTING AT Wed Jan 11 04:41:43 CET 2023
Random seed: 1000
7 18
Reading dataset
Shuffling and extracting from dataset (length: 10000)
Shuffling and extraction done
Calculating power spectrum
Expansion coefficients done
Computing training kernel
     Calculating kernels for center species 1
     Calculating kernels for center species 1
Beginning first index add...
Beginning second index add...
     Calculating kernels for center species 6
     Calculating kernels for center species 6
Beginning first index add...
Beginning second index add...
Training kernel done
Computing test kernel
     Calculating kernels for center species 1
     Calculating kernels for center species 1
Beginning first index add...
Beginning second index add...
     Calculating kernels for center species 6
     Calculating kernels for center species 6
Beginning first index add...
Beginning second index add...
Test kernel done
Calculating composition features
Composition features done
-8.0 29.490405010531614
-7.8 24.380350987317527
-7.6 20.295459452727737
-7.4 17.176797072137802
-7.2 14.928399736236855
-7.0 13.393566500356517
-6.8 12.374298350563576
-6.6 11.685382030019092
-6.4 11.215031307074304
-6.2 10.943251304905436
-6.0 10.888371117574646
-5.8 11.029283631376344
-5.6 11.285523235757767
-5.4 11.561983607765061
-5.199999999999999 11.797425024363037
-5.0 11.97781631501506
-4.8 12.119681530409501
-4.6 12.247441761375425
-4.4 12.381814904806816
-4.199999999999999 12.53914588779554
-4.0 12.733655221059873
-3.8 12.976954858523216
-3.5999999999999996 13.274715475729149
-3.3999999999999995 13.624547342793926
-3.1999999999999993 14.018021673442776
-3.0 14.44690928852707
-2.8 14.913264537996533
-2.5999999999999996 15.441170262258169
-2.3999999999999995 16.082816820381233
-2.1999999999999993 16.908041208517485
-2.0 17.974422401399845
-1.7999999999999998 19.298085073051706
-1.5999999999999996 20.853840764133302
-1.3999999999999995 22.6000649972606
-1.1999999999999993 24.49795133820056
-1.0 26.518895892755605
-0.7999999999999998 28.660097560081034
-0.5999999999999996 30.98029816594689
-0.39999999999999947 33.6385307158553
-0.1999999999999993 36.88881891113049
0.0 40.97186803635035
0.20000000000000107 45.90816820536654
0.40000000000000036 51.360341596809064
0.5999999999999996 56.753606232038365
0.8000000000000007 61.57071967346557
1.0 65.55533870963617
1.200000000000001 68.70669444059793
1.4000000000000004 71.15339465695074
1.6000000000000014 73.03620527010447
1.8000000000000007 74.46161900225768
2.0 75.51037733919115
2.200000000000001 76.25576144041547
2.4000000000000004 76.76839812669074
2.6000000000000014 77.11159965469632
2.8000000000000007 77.33674538967072
3.0 77.48223469890918
3.200000000000001 77.5751233931736
3.4000000000000004 77.63374023463713
3.6000000000000014 77.67021293201402
3.8000000000000007 77.69248900065185
4.0 77.7057846211397
Result sigma optimization:  -6.0 10.888371117574646
E_max_2 =  600
Cutoff Radius =  6.0
Selected Radial Transform =  21.0
factor =  2.3
displacement =  0.0
dataset =  datasets/random-ch4-10k.extxyz
n_train =  5000
n_test =  2000
Train RMSE: 8.371522805500163 [Train MAE: 6.610779974815571]
Test RMSE: 11.35525118380454 [Test MAE: 7.40644904389714]
FINISHED at Wed Jan 11 04:45:22 CET 2023
