STARTING AT Wed Jan 11 04:42:13 CET 2023
Random seed: 1000
5 11
Reading dataset
Shuffling and extracting from dataset (length: 10000)
Shuffling and extraction done
Calculating power spectrum
Expansion coefficients done
Computing training kernel
     Calculating kernels for center species 1
     Calculating kernels for center species 1
Beginning first index add...
Beginning second index add...
     Calculating kernels for center species 6
     Calculating kernels for center species 6
Beginning first index add...
Beginning second index add...
Training kernel done
Computing test kernel
     Calculating kernels for center species 1
     Calculating kernels for center species 1
Beginning first index add...
Beginning second index add...
     Calculating kernels for center species 6
     Calculating kernels for center species 6
Beginning first index add...
Beginning second index add...
Test kernel done
Calculating composition features
Composition features done
-8.0 17.497180526688197
-7.8 16.549270741150725
-7.6 15.380131460409972
-7.4 14.260486421241207
-7.2 13.4335461912774
-7.0 13.007989787873061
-6.8 12.925369400786757
-6.6 13.047850381160611
-6.4 13.266564239681683
-6.2 13.534890930325586
-6.0 13.84423920540161
-5.8 14.19440626690381
-5.6 14.580529119829013
-5.4 14.994465719640138
-5.199999999999999 15.43067717998555
-5.0 15.888423674407582
-4.8 16.37028404763778
-4.6 16.88272179545541
-4.4 17.441336493639863
-4.199999999999999 18.075917899422468
-4.0 18.827267625977772
-3.8 19.73445642731776
-3.5999999999999996 20.819648090482822
-3.3999999999999995 22.07720765089279
-3.1999999999999993 23.47328663342019
-3.0 24.965539187029787
-2.8 26.54697713841485
-2.5999999999999996 28.303982704665714
-2.3999999999999995 30.464128783502396
-2.1999999999999993 33.38474232560784
-2.0 37.40856087802249
-1.7999999999999998 42.59693404535579
-1.5999999999999996 48.56060059672508
-1.3999999999999995 54.6043524561505
-1.1999999999999993 60.072507296247124
-1.0 64.59863097142816
-0.7999999999999998 68.12812046869803
-0.5999999999999996 70.79573202275171
-0.39999999999999947 72.78931411803731
-0.1999999999999993 74.27066705895022
0.0 75.3576025229526
0.20000000000000107 76.1372914497187
0.40000000000000036 76.68118244415837
0.5999999999999996 77.05045369067169
0.8000000000000007 77.29555964752029
1.0 77.45543287757054
1.200000000000001 77.55831852367358
1.4000000000000004 77.62376456695
1.6000000000000014 77.66486465161876
1.8000000000000007 77.69021919964561
2.0 77.70544537695035
2.200000000000001 77.71424374634753
2.4000000000000004 77.7190849711235
2.6000000000000014 77.72160982142796
2.8000000000000007 77.72286284805661
3.0 77.72346174316294
3.200000000000001 77.72374222513342
3.4000000000000004 77.72387344068036
3.6000000000000014 77.7239359011805
3.8000000000000007 77.72396661606611
4.0 77.72398237064886
Result sigma optimization:  -6.8 12.925369400786757
E_max_2 =  300
Cutoff Radius =  6.0
Selected Radial Transform =  21.0
factor =  2.5
displacement =  0.0
dataset =  datasets/random-ch4-10k.extxyz
n_train =  5000
n_test =  2000
Train RMSE: 11.84929375045571 [Train MAE: 9.371309405360764]
Test RMSE: 12.152907985946428 [Test MAE: 9.541919976278736]
FINISHED at Wed Jan 11 04:53:00 CET 2023
