STARTING AT Wed Jan 11 04:34:40 CET 2023
Random seed: 1000
6 14
Reading dataset
Shuffling and extracting from dataset (length: 10000)
Shuffling and extraction done
Calculating power spectrum
Expansion coefficients done
Computing training kernel
     Calculating kernels for center species 1
     Calculating kernels for center species 1
Beginning first index add...
Beginning second index add...
     Calculating kernels for center species 6
     Calculating kernels for center species 6
Beginning first index add...
Beginning second index add...
Training kernel done
Computing test kernel
     Calculating kernels for center species 1
     Calculating kernels for center species 1
Beginning first index add...
Beginning second index add...
     Calculating kernels for center species 6
     Calculating kernels for center species 6
Beginning first index add...
Beginning second index add...
Test kernel done
Calculating composition features
Composition features done
-8.0 15.967049397205928
-7.8 14.483751734869818
-7.6 13.158964121874746
-7.4 11.979308656643504
-7.2 10.920685785055218
-7.0 9.960874784361069
-6.8 9.088049224487705
-6.6 8.303333684258948
-6.4 7.618077536008533
-6.2 7.04609264304974
-6.0 6.593022876466968
-5.8 6.2487730150595695
-5.6 5.989499223238813
-5.4 5.7892609015127965
-5.199999999999999 5.6320559746393055
-5.0 5.514374088383486
-4.8 5.438886627031306
-4.6 5.407924693670718
-4.4 5.422070764616121
-4.199999999999999 5.481554650526491
-4.0 5.586098787864577
-3.8 5.732260318694096
-3.5999999999999996 5.910635921980996
-3.3999999999999995 6.1063301030518815
-3.1999999999999993 6.304578391544369
-3.0 6.499253807320192
-2.8 6.698540020967088
-2.5999999999999996 6.923652099155183
-2.3999999999999995 7.201806812824161
-2.1999999999999993 7.558268695466545
-2.0 8.011108825861804
-1.7999999999999998 8.568479613577157
-1.5999999999999996 9.227311776272595
-1.3999999999999995 9.975391282116144
-1.1999999999999993 10.799038026531129
-1.0 11.693262578723825
-0.7999999999999998 12.668823236766942
-0.5999999999999996 13.755813679690048
-0.39999999999999947 15.007917306330027
-0.1999999999999993 16.508979296871107
0.0 18.376400229547446
0.20000000000000107 20.746803328547802
0.40000000000000036 23.73064047496572
0.5999999999999996 27.354556057679467
0.8000000000000007 31.547841303085505
1.0 36.20075140090082
1.200000000000001 41.234806604076056
1.4000000000000004 46.5920042740519
1.6000000000000014 52.13698241891753
1.8000000000000007 57.58510514551215
2.0 62.56397649016473
2.200000000000001 66.76867400373494
2.4000000000000004 70.0707507581409
2.6000000000000014 72.51324373145212
2.8000000000000007 74.2385957967982
3.0 75.41723985342009
3.200000000000001 76.20477283464216
3.4000000000000004 76.72491897946541
3.6000000000000014 77.06758953591877
3.8000000000000007 77.2939010561039
4.0 77.44363766064754
Result sigma optimization:  -4.6 5.407924693670718
E_max_2 =  400
Cutoff Radius =  6.0
Selected Radial Transform =  21.0
factor =  0.3
displacement =  0.0
dataset =  datasets/random-ch4-10k.extxyz
n_train =  5000
n_test =  2000
Train RMSE: 2.221400199609444 [Train MAE: 1.639047013717673]
Test RMSE: 4.943902905770263 [Test MAE: 2.889512688938692]
FINISHED at Wed Jan 11 04:45:40 CET 2023
