STARTING AT Wed Jan 11 05:51:57 CET 2023
Random seed: 1000
8 20
Reading dataset
Shuffling and extracting from dataset (length: 133885)
Shuffling and extraction done
Calculating power spectrum
Expansion coefficients done
Computing training kernel
     Calculating kernels for center species 1
     Calculating kernels for center species 1
Beginning first index add...
Beginning second index add...
     Calculating kernels for center species 6
     Calculating kernels for center species 6
Beginning first index add...
Beginning second index add...
     Calculating kernels for center species 7
     Calculating kernels for center species 7
Beginning first index add...
Beginning second index add...
     Calculating kernels for center species 8
     Calculating kernels for center species 8
Beginning first index add...
Beginning second index add...
     Calculating kernels for center species 9
     Calculating kernels for center species 9
Beginning first index add...
Beginning second index add...
Training kernel done
Computing test kernel
     Calculating kernels for center species 1
     Calculating kernels for center species 1
Beginning first index add...
Beginning second index add...
     Calculating kernels for center species 6
     Calculating kernels for center species 6
Beginning first index add...
Beginning second index add...
     Calculating kernels for center species 7
     Calculating kernels for center species 7
Beginning first index add...
Beginning second index add...
     Calculating kernels for center species 8
     Calculating kernels for center species 8
Beginning first index add...
Beginning second index add...
     Calculating kernels for center species 9
     Calculating kernels for center species 9
Beginning first index add...
Beginning second index add...
Test kernel done
Calculating composition features
Composition features done
-8.0 0.8372531034465792
-7.8 0.8352612266416342
-7.6 0.8326866034406383
-7.4 0.829432147570132
-7.2 0.8256243238614319
-7.0 0.8210810006765794
-6.8 0.81627055499696
-6.6 0.8116671290338417
-6.4 0.8075563268286206
-6.2 0.8037542489094572
-6.0 0.8007184332453209
-5.8 0.7985223416194989
-5.6 0.7984124961981172
-5.4 0.8007445166001882
-5.199999999999999 0.8064479072371002
-5.0 0.8170070094110764
-4.8 0.8324154427427537
-4.6 0.8529275068046729
-4.4 0.8788820576107333
-4.199999999999999 0.9107322823683702
-4.0 0.9507110079209989
-3.8 0.9981078661133331
-3.5999999999999996 1.0537071220156184
-3.3999999999999995 1.1174186914929567
-3.1999999999999993 1.191377218970927
-3.0 1.2765372408137832
-2.8 1.372608709201007
-2.5999999999999996 1.4829225100450218
-2.3999999999999995 1.6096238655524546
-2.1999999999999993 1.7508474512977017
-2.0 1.907651109919467
-1.7999999999999998 2.086194801915754
-1.5999999999999996 2.293830126083237
-1.3999999999999995 2.530184034374147
-1.1999999999999993 2.8043127251917204
-1.0 3.120680766966016
-0.7999999999999998 3.4794251550929847
-0.5999999999999996 3.887431270141612
-0.39999999999999947 4.34892061997308
-0.1999999999999993 4.8747044905055805
0.0 5.475329595997842
0.20000000000000107 6.1673817062293645
0.40000000000000036 6.976649807972932
0.5999999999999996 7.921451998814557
0.8000000000000007 9.015900411135851
1.0 10.240485794771967
1.200000000000001 11.533510889514687
1.4000000000000004 12.813589224034734
1.6000000000000014 14.031619423746987
1.8000000000000007 15.152283629948542
2.0 16.16640087998945
2.200000000000001 17.070220798610215
2.4000000000000004 17.869960923204392
2.6000000000000014 18.54402069270942
2.8000000000000007 19.081000041080912
3.0 19.48360945659798
3.200000000000001 19.7730384713966
3.4000000000000004 19.975736823975716
3.6000000000000014 20.11410931196021
3.8000000000000007 20.20666089094632
4.0 20.267830050972627
Result sigma optimization:  -5.6 0.7984124961981172
E_max_2 =  700
Cutoff Radius =  6.0
Selected Radial Transform =  22.0
factor =  1.7
displacement =  0.0
dataset =  datasets/qm9.xyz
n_train =  5000
n_test =  2000
Train RMSE: 0.2318485466666239 [Train MAE: 0.17891374769810645]
Test RMSE: 1.3492778056033838 [Test MAE: 0.7272008065266745]
FINISHED at Wed Jan 11 05:56:17 CET 2023
