STARTING AT Wed Jan 11 05:50:26 CET 2023
Random seed: 1000
6 14
Reading dataset
Shuffling and extracting from dataset (length: 133885)
Shuffling and extraction done
Calculating power spectrum
Expansion coefficients done
Computing training kernel
     Calculating kernels for center species 1
     Calculating kernels for center species 1
Beginning first index add...
Beginning second index add...
     Calculating kernels for center species 6
     Calculating kernels for center species 6
Beginning first index add...
Beginning second index add...
     Calculating kernels for center species 7
     Calculating kernels for center species 7
Beginning first index add...
Beginning second index add...
     Calculating kernels for center species 8
     Calculating kernels for center species 8
Beginning first index add...
Beginning second index add...
     Calculating kernels for center species 9
     Calculating kernels for center species 9
Beginning first index add...
Beginning second index add...
Training kernel done
Computing test kernel
     Calculating kernels for center species 1
     Calculating kernels for center species 1
Beginning first index add...
Beginning second index add...
     Calculating kernels for center species 6
     Calculating kernels for center species 6
Beginning first index add...
Beginning second index add...
     Calculating kernels for center species 7
     Calculating kernels for center species 7
Beginning first index add...
Beginning second index add...
     Calculating kernels for center species 8
     Calculating kernels for center species 8
Beginning first index add...
Beginning second index add...
     Calculating kernels for center species 9
     Calculating kernels for center species 9
Beginning first index add...
Beginning second index add...
Test kernel done
Calculating composition features
Composition features done
-8.0 0.8898300261540251
-7.8 0.8891520182348351
-7.6 0.8881400224901183
-7.4 0.8867440751892427
-7.2 0.8847932281117915
-7.0 0.8820919788479834
-6.8 0.8785967578772484
-6.6 0.8745041716682521
-6.4 0.8700523769891617
-6.2 0.8663968809999555
-6.0 0.8638703636485414
-5.8 0.8631069093026134
-5.6 0.8645237076621998
-5.4 0.870076218764289
-5.199999999999999 0.8801381145950902
-5.0 0.8944889785099455
-4.8 0.9141752644263935
-4.6 0.9402737874056184
-4.4 0.9735144313956116
-4.199999999999999 1.0163499905894655
-4.0 1.0692184158627671
-3.8 1.1337849198203622
-3.5999999999999996 1.2131766099072818
-3.3999999999999995 1.3089253883239391
-3.1999999999999993 1.4219472441682155
-3.0 1.5524879750567955
-2.8 1.7012370304815325
-2.5999999999999996 1.8719840981320783
-2.3999999999999995 2.06958575414284
-2.1999999999999993 2.2978218081300468
-2.0 2.56158259388664
-1.7999999999999998 2.864712875914367
-1.5999999999999996 3.2125437566741675
-1.3999999999999995 3.6003399452750133
-1.1999999999999993 4.030881406630371
-1.0 4.531451601490262
-0.7999999999999998 5.1140635581083504
-0.5999999999999996 5.805727722594877
-0.39999999999999947 6.637257642605146
-0.1999999999999993 7.616351149795583
0.0 8.71497462475808
0.20000000000000107 9.90242412978661
0.40000000000000036 11.156567540972013
0.5999999999999996 12.453362329920054
0.8000000000000007 13.761415002963389
1.0 15.011105596767747
1.200000000000001 16.146214216300066
1.4000000000000004 17.12938857676425
1.6000000000000014 17.947846987158652
1.8000000000000007 18.60546954683067
2.0 19.108596486356745
2.200000000000001 19.47766450740964
2.4000000000000004 19.74706872979398
2.6000000000000014 19.941068876835775
2.8000000000000007 20.07967519222058
3.0 20.17769094770702
3.200000000000001 20.24510274889443
3.4000000000000004 20.290581226613654
3.6000000000000014 20.320784438104155
3.8000000000000007 20.34031505054639
4.0 20.352769970449536
Result sigma optimization:  -5.8 0.8631069093026134
E_max_2 =  400
Cutoff Radius =  6.0
Selected Radial Transform =  22.0
factor =  1.3
displacement =  0.0
dataset =  datasets/qm9.xyz
n_train =  5000
n_test =  2000
Train RMSE: 0.17616196233905895 [Train MAE: 0.1341348025506799]
Test RMSE: 1.3780195536915416 [Test MAE: 0.7862199686007989]
FINISHED at Wed Jan 11 05:55:39 CET 2023
