STARTING AT Wed Jan 11 05:23:52 CET 2023
Random seed: 1000
8 20
Reading dataset
Shuffling and extracting from dataset (length: 105092)
Shuffling and extraction done
Calculating power spectrum
Expansion coefficients done
Computing training kernel
     Calculating kernels for center species 79
     Calculating kernels for center species 79
Beginning first index add...
Beginning second index add...
Training kernel done
Computing test kernel
     Calculating kernels for center species 79
     Calculating kernels for center species 79
Beginning first index add...
Beginning second index add...
Test kernel done
Calculating composition features
Composition features done
-8.0 108.6546291972377
-7.8 106.17243884848327
-7.6 103.78301625626757
-7.4 101.4715310536282
-7.2 99.25185536911785
-7.0 97.13791083330894
-6.8 95.11344771308859
-6.6 93.12204070108346
-6.4 91.08319524543298
-6.2 88.92710034755248
-6.0 86.627169817515
-5.8 84.21006681542603
-5.6 81.73615632861602
-5.4 79.26796935837413
-5.199999999999999 76.8526594914315
-5.0 74.52573342341198
-4.8 72.32220791427727
-4.6 70.28180673263435
-4.4 68.44812435875208
-4.199999999999999 66.86951989817653
-4.0 65.60316864099751
-3.8 64.71151811963202
-3.5999999999999996 64.24187765095083
-3.3999999999999995 64.20109803058202
-3.1999999999999993 64.55169641661813
-3.0 65.23646187021191
-2.8 66.20901149250429
-2.5999999999999996 67.44690826455827
-2.3999999999999995 68.945178655596
-2.1999999999999993 70.70488692891631
-2.0 72.7317434631734
-1.7999999999999998 75.0449725405057
-1.5999999999999996 77.68345996901793
-1.3999999999999995 80.7018450179323
-1.1999999999999993 84.16488335351633
-1.0 88.14751377155157
-0.7999999999999998 92.73235597639945
-0.5999999999999996 97.99851804973908
-0.39999999999999947 104.0126463922418
-0.1999999999999993 110.82810797265199
0.0 118.47441279548482
0.20000000000000107 126.92227721538985
0.40000000000000036 136.0635983034535
0.5999999999999996 145.77049791536703
0.8000000000000007 156.01606950940152
1.0 166.96688140705612
1.200000000000001 178.99786165165068
1.4000000000000004 192.61639446089615
1.6000000000000014 208.28184019898035
1.8000000000000007 226.22157942699405
2.0 246.44733328138128
2.200000000000001 268.94838039431215
2.4000000000000004 293.72589604408796
2.6000000000000014 320.5388231296364
2.8000000000000007 348.7725350826621
3.0 377.7209264202532
3.200000000000001 406.8989273657113
3.4000000000000004 436.13529243174025
3.6000000000000014 465.8579506079252
3.8000000000000007 497.6404110234036
4.0 534.054205525531
Result sigma optimization:  -3.3999999999999995 64.20109803058202
E_max_2 =  700
Cutoff Radius =  6.0
Selected Radial Transform =  23.0
factor =  0.5
displacement =  0.0
dataset =  datasets/gold.xyz
n_train =  5000
n_test =  2000
Train RMSE: 46.460206501331896 [Train MAE: 30.18412228532061]
Test RMSE: 66.54811626266967 [Test MAE: 40.203737820159645]
FINISHED at Wed Jan 11 05:35:49 CET 2023
