STARTING AT Wed Jan 11 05:22:22 CET 2023
Random seed: 1000
7 16
Reading dataset
Shuffling and extracting from dataset (length: 105092)
Shuffling and extraction done
Calculating power spectrum
Expansion coefficients done
Computing training kernel
     Calculating kernels for center species 79
     Calculating kernels for center species 79
Beginning first index add...
Beginning second index add...
Training kernel done
Computing test kernel
     Calculating kernels for center species 79
     Calculating kernels for center species 79
Beginning first index add...
Beginning second index add...
Test kernel done
Calculating composition features
Composition features done
-8.0 131.49030162567706
-7.8 126.39918812718267
-7.6 121.42473702672741
-7.4 116.53975368591608
-7.2 111.7534219725472
-7.0 107.10902209912841
-6.8 102.6611754331896
-6.6 98.46007028407338
-6.4 94.54001283299475
-6.2 90.9117945053362
-6.0 87.55711641176269
-5.8 84.44017109687549
-5.6 81.52462174816216
-5.4 78.77498891261432
-5.199999999999999 76.14733593840144
-5.0 73.5947811104853
-4.8 71.09320292220023
-4.6 68.66419762924393
-4.4 66.37337817538045
-4.199999999999999 64.30471055817223
-4.0 62.52763479711372
-3.8 61.076717801975036
-3.5999999999999996 59.95293755883601
-3.3999999999999995 59.13915903771761
-3.1999999999999993 58.61809345713455
-3.0 58.38643447860004
-2.8 58.46047418039124
-2.5999999999999996 58.86900550862364
-2.3999999999999995 59.635332736490106
-2.1999999999999993 60.760519806149226
-2.0 62.2249045132558
-1.7999999999999998 64.00952625582043
-1.5999999999999996 66.11399174448138
-1.3999999999999995 68.5513601304472
-1.1999999999999993 71.33517823655568
-1.0 74.48535585399058
-0.7999999999999998 78.04854871925535
-0.5999999999999996 82.10577674619235
-0.39999999999999947 86.76164005593809
-0.1999999999999993 92.13304469228429
0.0 98.33081549404216
0.20000000000000107 105.40828811551799
0.40000000000000036 113.31041852336598
0.5999999999999996 121.9126529130603
0.8000000000000007 131.15789657119504
1.0 141.1554420418466
1.200000000000001 152.1205282364829
1.4000000000000004 164.24956308277123
1.6000000000000014 177.7442482792003
1.8000000000000007 192.96947313111596
2.0 210.44482248372364
2.200000000000001 230.49508676910114
2.4000000000000004 252.88901868708248
2.6000000000000014 277.0723579964526
2.8000000000000007 303.06381984633043
3.0 332.1760912062392
3.200000000000001 366.55486625966455
3.4000000000000004 407.45195143042497
3.6000000000000014 453.6706723908776
3.8000000000000007 502.0257940362992
4.0 549.5216234996327
Result sigma optimization:  -3.0 58.38643447860004
E_max_2 =  500
Cutoff Radius =  6.0
Selected Radial Transform =  23.0
factor =  0.2
displacement =  0.0
dataset =  datasets/gold.xyz
n_train =  5000
n_test =  2000
Train RMSE: 41.16780394459685 [Train MAE: 26.40962591469913]
Test RMSE: 60.08403656937717 [Test MAE: 35.088271254967026]
FINISHED at Wed Jan 11 05:25:32 CET 2023
