STARTING AT Wed Jan 11 05:24:22 CET 2023
Random seed: 1000
5 11
Reading dataset
Shuffling and extracting from dataset (length: 105092)
Shuffling and extraction done
Calculating power spectrum
Expansion coefficients done
Computing training kernel
     Calculating kernels for center species 79
     Calculating kernels for center species 79
Beginning first index add...
Beginning second index add...
Training kernel done
Computing test kernel
     Calculating kernels for center species 79
     Calculating kernels for center species 79
Beginning first index add...
Beginning second index add...
Test kernel done
Calculating composition features
Composition features done
-8.0 78.40265327535396
-7.8 79.22287020666022
-7.6 80.00528758251684
-7.4 80.73462995431468
-7.2 81.4147291381282
-7.0 82.07022760345323
-6.8 82.73912984869455
-6.6 83.45901144796257
-6.4 84.25418648719118
-6.2 85.13153223333619
-6.0 86.08631939336159
-5.8 87.1122990799389
-5.6 88.20948346630725
-5.4 89.38734903815666
-5.199999999999999 90.66813970819098
-5.0 92.09657232056406
-4.8 93.74942987354753
-4.6 95.72732352048013
-4.4 98.12413099798864
-4.199999999999999 100.99366800817886
-4.0 104.33703150839958
-3.8 108.11338965079722
-3.5999999999999996 112.25158404193482
-3.3999999999999995 116.64550812049646
-3.1999999999999993 121.15762913277733
-3.0 125.66508488752363
-2.8 130.1373797512499
-2.5999999999999996 134.6882558860463
-2.3999999999999995 139.537836321427
-2.1999999999999993 144.88216259982846
-2.0 150.79000765347004
-1.7999999999999998 157.29214486722987
-1.5999999999999996 164.64210873925535
-1.3999999999999995 173.47297334778773
-1.1999999999999993 184.5629315397868
-1.0 198.24679635509415
-0.7999999999999998 213.9883280872704
-0.5999999999999996 230.65660903485258
-0.39999999999999947 247.33880942738668
-0.1999999999999993 263.95428470981693
0.0 281.21359401506453
0.20000000000000107 300.0960881831106
0.40000000000000036 321.3355699860831
0.5999999999999996 345.1920581163881
0.8000000000000007 371.34669648326883
1.0 398.7819864481105
1.200000000000001 426.01817778358424
1.4000000000000004 452.03923642895387
1.6000000000000014 477.420672122033
1.8000000000000007 504.7372950377839
2.0 537.6040373301402
2.200000000000001 578.3256606245283
2.4000000000000004 625.5666971880671
2.6000000000000014 674.4451257738275
2.8000000000000007 719.3034285248692
3.0 756.5037133678504
3.200000000000001 785.2076311067914
3.4000000000000004 806.5098115907542
3.6000000000000014 822.1844345810588
3.8000000000000007 833.8128682262492
4.0 842.4746852138553
Result sigma optimization:  -8.0 78.40265327535396
E_max_2 =  300
Cutoff Radius =  6.0
Selected Radial Transform =  23.0
factor =  0.7
displacement =  0.0
dataset =  datasets/gold.xyz
n_train =  5000
n_test =  2000
Train RMSE: 72.75341797435524 [Train MAE: 50.90859123792648]
Test RMSE: 82.73990398878232 [Test MAE: 55.638848490834235]
FINISHED at Wed Jan 11 05:28:14 CET 2023
