STARTING AT Wed Jan 11 05:25:22 CET 2023
Random seed: 1000
7 18
Reading dataset
Shuffling and extracting from dataset (length: 105092)
Shuffling and extraction done
Calculating power spectrum
Expansion coefficients done
Computing training kernel
     Calculating kernels for center species 79
     Calculating kernels for center species 79
Beginning first index add...
Beginning second index add...
Training kernel done
Computing test kernel
     Calculating kernels for center species 79
     Calculating kernels for center species 79
Beginning first index add...
Beginning second index add...
Test kernel done
Calculating composition features
Composition features done
-8.0 120.48897879923481
-7.8 117.83686899799979
-7.6 115.13794463934687
-7.4 112.27110209697017
-7.2 109.1774848962414
-7.0 105.85987469180141
-6.8 102.36284670396624
-6.6 98.75502014461097
-6.4 95.11841389296293
-6.2 91.53741530369115
-6.0 88.07538547164472
-5.8 84.75440823843275
-5.6 81.5620203685964
-5.4 78.48626979170217
-5.199999999999999 75.55131461761856
-5.0 72.82241979955099
-4.8 70.37351949287036
-4.6 68.24451096962514
-4.4 66.42591047506279
-4.199999999999999 64.88198143864226
-4.0 63.59014103395706
-3.8 62.56679753190199
-3.5999999999999996 61.86483454853155
-3.3999999999999995 61.547354723557355
-3.1999999999999993 61.65535537764712
-3.0 62.18920392673469
-2.8 63.114177516274985
-2.5999999999999996 64.38297962129997
-2.3999999999999995 65.95879668584503
-2.1999999999999993 67.82875380126525
-2.0 70.00523831559096
-1.7999999999999998 72.51500884080134
-1.5999999999999996 75.38184015701074
-1.3999999999999995 78.61733266949864
-1.1999999999999993 82.23367315344792
-1.0 86.27703774077669
-0.7999999999999998 90.85697868611342
-0.5999999999999996 96.13447781537045
-0.39999999999999947 102.25795967477634
-0.1999999999999993 109.2917775884505
0.0 117.19329241704736
0.20000000000000107 125.83133858952817
0.40000000000000036 135.01083490789983
0.5999999999999996 144.52514686496562
0.8000000000000007 154.26128615833107
1.0 164.3183040151063
1.200000000000001 175.08977020134128
1.4000000000000004 187.2513882940969
1.6000000000000014 201.55341425306287
1.8000000000000007 218.4521185507862
2.0 237.88940814176235
2.200000000000001 259.4975810500169
2.4000000000000004 283.0844788733627
2.6000000000000014 308.9751663974195
2.8000000000000007 337.9134932726814
3.0 370.5122776499265
3.200000000000001 406.6342617092931
3.4000000000000004 445.49371851752505
3.6000000000000014 486.6905673249109
3.8000000000000007 530.8847397241308
4.0 578.7368187294326
Result sigma optimization:  -3.3999999999999995 61.547354723557355
E_max_2 =  600
Cutoff Radius =  6.0
Selected Radial Transform =  24.0
factor =  0.4
displacement =  0.0
dataset =  datasets/gold.xyz
n_train =  5000
n_test =  2000
Train RMSE: 42.84408496769069 [Train MAE: 27.671802752020298]
Test RMSE: 63.897944159941765 [Test MAE: 37.32529009076981]
FINISHED at Wed Jan 11 05:28:35 CET 2023
