STARTING AT Wed Jan 11 04:21:36 CET 2023
Random seed: 1000
6 14
Reading dataset
Shuffling and extracting from dataset (length: 10000)
Shuffling and extraction done
Calculating power spectrum
Expansion coefficients done
Computing training kernel
     Calculating kernels for center species 1
     Calculating kernels for center species 1
Beginning first index add...
Beginning second index add...
     Calculating kernels for center species 6
     Calculating kernels for center species 6
Beginning first index add...
Beginning second index add...
Training kernel done
Computing test kernel
     Calculating kernels for center species 1
     Calculating kernels for center species 1
Beginning first index add...
Beginning second index add...
     Calculating kernels for center species 6
     Calculating kernels for center species 6
Beginning first index add...
Beginning second index add...
Test kernel done
Calculating composition features
Composition features done
-8.0 26.62555406810999
-7.8 23.254552318977467
-7.6 20.568144521999923
-7.4 18.45145464468413
-7.2 16.81558360030488
-7.0 15.590577429945341
-6.8 14.697659892379853
-6.6 14.039698838867897
-6.4 13.517242704627167
-6.2 13.0522151308085
-6.0 12.60031567481833
-5.8 12.149072660874594
-5.6 11.708066705628447
-5.4 11.295875360875252
-5.199999999999999 10.92975016727618
-5.0 10.62450656795666
-4.8 10.397381013554849
-4.6 10.269182953836228
-4.4 10.257905643258248
-4.199999999999999 10.368824790926576
-4.0 10.588866812977914
-3.8 10.89163513545486
-3.5999999999999996 11.249836755210207
-3.3999999999999995 11.644373825330687
-3.1999999999999993 12.065398739698228
-3.0 12.509571539750429
-2.8 12.978174547688571
-2.5999999999999996 13.477199321446276
-2.3999999999999995 14.01885146187205
-2.1999999999999993 14.62338550491495
-2.0 15.31981070878423
-1.7999999999999998 16.143834632098685
-1.5999999999999996 17.1322320661564
-1.3999999999999995 18.31602653563648
-1.1999999999999993 19.717981344203288
-1.0 21.356797984804583
-0.7999999999999998 23.251205901871803
-0.5999999999999996 25.41412028416867
-0.39999999999999947 27.834364091614958
-0.1999999999999993 30.453168903067215
0.0 33.15898588596285
0.20000000000000107 35.829885979995446
0.40000000000000036 38.41271851795276
0.5999999999999996 40.98037574037347
0.8000000000000007 43.71898604361354
1.0 46.84583606289556
1.200000000000001 50.49810049189176
1.4000000000000004 54.6446901655686
1.6000000000000014 59.05753461320506
1.8000000000000007 63.36733278909479
2.0 67.20188319491328
2.200000000000001 70.32646031240702
2.4000000000000004 72.69065569430731
2.6000000000000014 74.37992244767271
2.8000000000000007 75.53788067193953
3.0 76.30932800509134
3.200000000000001 76.81389543644082
3.4000000000000004 77.14038897437501
3.6000000000000014 77.35054775585284
3.8000000000000007 77.48551434806622
4.0 77.57204951177371
Result sigma optimization:  -4.4 10.257905643258248
E_max_2 =  400
Cutoff Radius =  6.0
Selected Radial Transform =  24.0
factor =  1.0
displacement =  0.0
dataset =  datasets/random-ch4-10k.extxyz
n_train =  5000
n_test =  2000
Train RMSE: 5.430327189026948 [Train MAE: 4.206231804674699]
Test RMSE: 10.898090008306495 [Test MAE: 6.102695895802837]
FINISHED at Wed Jan 11 04:34:40 CET 2023
