STARTING AT Wed Jan 11 05:56:27 CET 2023
Random seed: 1000
7 16
Reading dataset
Shuffling and extracting from dataset (length: 133885)
Shuffling and extraction done
Calculating power spectrum
Expansion coefficients done
Computing training kernel
     Calculating kernels for center species 1
     Calculating kernels for center species 1
Beginning first index add...
Beginning second index add...
     Calculating kernels for center species 6
     Calculating kernels for center species 6
Beginning first index add...
Beginning second index add...
     Calculating kernels for center species 7
     Calculating kernels for center species 7
Beginning first index add...
Beginning second index add...
     Calculating kernels for center species 8
     Calculating kernels for center species 8
Beginning first index add...
Beginning second index add...
     Calculating kernels for center species 9
     Calculating kernels for center species 9
Beginning first index add...
Beginning second index add...
Training kernel done
Computing test kernel
     Calculating kernels for center species 1
     Calculating kernels for center species 1
Beginning first index add...
Beginning second index add...
     Calculating kernels for center species 6
     Calculating kernels for center species 6
Beginning first index add...
Beginning second index add...
     Calculating kernels for center species 7
     Calculating kernels for center species 7
Beginning first index add...
Beginning second index add...
     Calculating kernels for center species 8
     Calculating kernels for center species 8
Beginning first index add...
Beginning second index add...
     Calculating kernels for center species 9
     Calculating kernels for center species 9
Beginning first index add...
Beginning second index add...
Test kernel done
Calculating composition features
Composition features done
-8.0 0.9658359499178972
-7.8 0.9658573752901605
-7.6 0.9658629963842832
-7.4 0.9658489946726156
-7.2 0.9658087622840219
-7.0 0.9657320044413005
-6.8 0.9656011213042104
-6.6 0.9653900103435066
-6.4 0.9650627972218936
-6.2 0.9645754912473756
-6.0 0.9638689148992329
-5.8 0.9628857425476279
-5.6 0.9617391586359445
-5.4 0.9604265380292345
-5.199999999999999 0.9593569494486058
-5.0 0.9589097462985868
-4.8 0.9597702237431717
-4.6 0.9626745172800293
-4.4 0.9691101364894464
-4.199999999999999 0.9802492932040048
-4.0 0.9964750744551216
-3.8 1.0192093523810268
-3.5999999999999996 1.0501325664497607
-3.3999999999999995 1.0900658223362916
-3.1999999999999993 1.143124774403539
-3.0 1.2118819523600628
-2.8 1.294960889440727
-2.5999999999999996 1.3932318716545975
-2.3999999999999995 1.5089036975211654
-2.1999999999999993 1.6445825450239193
-2.0 1.8002974979376323
-1.7999999999999998 1.9742048191652484
-1.5999999999999996 2.176204109997815
-1.3999999999999995 2.4066642565659384
-1.1999999999999993 2.6693475162304896
-1.0 2.9722276629237787
-0.7999999999999998 3.316619950695759
-0.5999999999999996 3.708216539055294
-0.39999999999999947 4.150999801359844
-0.1999999999999993 4.657316331398198
0.0 5.264519520589029
0.20000000000000107 6.010975609953876
0.40000000000000036 6.928088053794311
0.5999999999999996 7.993194588185806
0.8000000000000007 9.179160586779798
1.0 10.424725114038432
1.200000000000001 11.70609728230412
1.4000000000000004 12.997581506995578
1.6000000000000014 14.265904357120698
1.8000000000000007 15.464788919652861
2.0 16.541891923619126
2.200000000000001 17.475437917863996
2.4000000000000004 18.239735303005812
2.6000000000000014 18.840717722542774
2.8000000000000007 19.294087310336415
3.0 19.622549649605155
3.200000000000001 19.856432846110657
3.4000000000000004 20.021735079584616
3.6000000000000014 20.136812317946916
3.8000000000000007 20.216192689259053
4.0 20.27046162811995
Result sigma optimization:  -5.0 0.9589097462985868
E_max_2 =  500
Cutoff Radius =  6.0
Selected Radial Transform =  24.0
factor =  1.1
displacement =  0.0
dataset =  datasets/qm9.xyz
n_train =  5000
n_test =  2000
Train RMSE: 0.10007312196485595 [Train MAE: 0.07590654263944743]
Test RMSE: 1.4389006420522328 [Test MAE: 0.8789182248379311]
FINISHED at Wed Jan 11 06:01:42 CET 2023
