STARTING AT Wed Jan 11 06:01:58 CET 2023
Random seed: 1000
6 14
Reading dataset
Shuffling and extracting from dataset (length: 133885)
Shuffling and extraction done
Calculating power spectrum
Expansion coefficients done
Computing training kernel
     Calculating kernels for center species 1
     Calculating kernels for center species 1
Beginning first index add...
Beginning second index add...
     Calculating kernels for center species 6
     Calculating kernels for center species 6
Beginning first index add...
Beginning second index add...
     Calculating kernels for center species 7
     Calculating kernels for center species 7
Beginning first index add...
Beginning second index add...
     Calculating kernels for center species 8
     Calculating kernels for center species 8
Beginning first index add...
Beginning second index add...
     Calculating kernels for center species 9
     Calculating kernels for center species 9
Beginning first index add...
Beginning second index add...
Training kernel done
Computing test kernel
     Calculating kernels for center species 1
     Calculating kernels for center species 1
Beginning first index add...
Beginning second index add...
     Calculating kernels for center species 6
     Calculating kernels for center species 6
Beginning first index add...
Beginning second index add...
     Calculating kernels for center species 7
     Calculating kernels for center species 7
Beginning first index add...
Beginning second index add...
     Calculating kernels for center species 8
     Calculating kernels for center species 8
Beginning first index add...
Beginning second index add...
     Calculating kernels for center species 9
     Calculating kernels for center species 9
Beginning first index add...
Beginning second index add...
Test kernel done
Calculating composition features
Composition features done
-8.0 1.234828471990212
-7.8 1.2347969173309072
-7.6 1.2347289197742386
-7.4 1.2346094806832115
-7.2 1.2344157601246
-7.0 1.2341129858556
-6.8 1.2336569796849188
-6.6 1.232970719679355
-6.4 1.2319474445162428
-6.2 1.230465434023444
-6.0 1.2284299193034733
-5.8 1.2259946538269084
-5.6 1.223621473210407
-5.4 1.2220713706344744
-5.199999999999999 1.2222807658624457
-5.0 1.225859382224732
-4.8 1.234416280383314
-4.6 1.2497312900719189
-4.4 1.2740495588571896
-4.199999999999999 1.3110501360129048
-4.0 1.363851347446144
-3.8 1.4321727572198883
-3.5999999999999996 1.5183384830295357
-3.3999999999999995 1.6247115037694457
-3.1999999999999993 1.7505694733217103
-3.0 1.8964029208828825
-2.8 2.0628519861108776
-2.5999999999999996 2.2485542961347447
-2.3999999999999995 2.452645519136201
-2.1999999999999993 2.678114726886861
-2.0 2.9249687777949505
-1.7999999999999998 3.195193143938885
-1.5999999999999996 3.487592232567467
-1.3999999999999995 3.807802326770778
-1.1999999999999993 4.166216144485255
-1.0 4.582968277592238
-0.7999999999999998 5.060778374913618
-0.5999999999999996 5.604320187673934
-0.39999999999999947 6.239414978626599
-0.1999999999999993 6.992116469371597
0.0 7.878594976909653
0.20000000000000107 8.885075423545615
0.40000000000000036 9.98508737915223
0.5999999999999996 11.143964992285976
0.8000000000000007 12.35491187103835
1.0 13.574254136102237
1.200000000000001 14.78096666430913
1.4000000000000004 15.919709579405962
1.6000000000000014 16.940133626644
1.8000000000000007 17.803104637768197
2.0 18.492680128583157
2.200000000000001 19.026059808951867
2.4000000000000004 19.42161101353664
2.6000000000000014 19.706906720815965
2.8000000000000007 19.908349691544938
3.0 20.05214505798195
3.200000000000001 20.153836228285666
3.4000000000000004 20.225175739953922
3.6000000000000014 20.274765206660515
3.8000000000000007 20.30847100854762
4.0 20.33093848552936
Result sigma optimization:  -5.4 1.2220713706344744
E_max_2 =  400
Cutoff Radius =  6.0
Selected Radial Transform =  26.0
factor =  1.0
displacement =  0.0
dataset =  datasets/qm9.xyz
n_train =  5000
n_test =  2000
Train RMSE: 0.1079010602332656 [Train MAE: 0.08066007344566169]
Test RMSE: 1.8915008478739046 [Test MAE: 1.138221478826752]
FINISHED at Wed Jan 11 06:06:46 CET 2023
