STARTING AT Wed Jan 11 04:45:44 CET 2023
Random seed: 1000
8 20
Reading dataset
Shuffling and extracting from dataset (length: 10000)
Shuffling and extraction done
Calculating power spectrum
Expansion coefficients done
Computing training kernel
     Calculating kernels for center species 1
     Calculating kernels for center species 1
Beginning first index add...
Beginning second index add...
     Calculating kernels for center species 6
     Calculating kernels for center species 6
Beginning first index add...
Beginning second index add...
Training kernel done
Computing test kernel
     Calculating kernels for center species 1
     Calculating kernels for center species 1
Beginning first index add...
Beginning second index add...
     Calculating kernels for center species 6
     Calculating kernels for center species 6
Beginning first index add...
Beginning second index add...
Test kernel done
Calculating composition features
Composition features done
-8.0 8.189626733825293
-7.8 8.168391143789975
-7.6 8.136887777670065
-7.4 8.091559955325119
-7.2 8.028899149410195
-7.0 7.946386293762333
-6.8 7.8434600556678316
-6.6 7.721953744208348
-6.4 7.58568393136757
-6.2 7.439409111516841
-6.0 7.287737074715551
-5.8 7.134558778545988
-5.6 6.983162539213154
-5.4 6.836547102228323
-5.199999999999999 6.69733612837512
-5.0 6.5674188321995075
-4.8 6.448058243153524
-4.6 6.340655232484973
-4.4 6.247412579962822
-4.199999999999999 6.1712976271131454
-4.0 6.115694088500618
-3.8 6.084547577389573
-3.5999999999999996 6.08320617598288
-3.3999999999999995 6.119335625347253
-3.1999999999999993 6.203005384843963
-3.0 6.345312445043448
-2.8 6.555516808721658
-2.5999999999999996 6.837525726259107
-2.3999999999999995 7.186994536911443
-2.1999999999999993 7.590019893191823
-2.0 8.024664170640666
-1.7999999999999998 8.466707292067316
-1.5999999999999996 8.898367912355427
-1.3999999999999995 9.315762020899383
-1.1999999999999993 9.732996678666332
-1.0 10.18500844545205
-0.7999999999999998 10.729960206207783
-0.5999999999999996 11.446935500208264
-0.39999999999999947 12.424536839860298
-0.1999999999999993 13.743624101918531
0.0 15.464370923440635
0.20000000000000107 17.62514430455653
0.40000000000000036 20.253414094963716
0.5999999999999996 23.38259971366566
0.8000000000000007 27.06144152436056
1.0 31.338602546308323
1.200000000000001 36.21254402050034
1.4000000000000004 41.566527262153976
1.6000000000000014 47.14590503083466
1.8000000000000007 52.61947278551377
2.0 57.68926859435252
2.200000000000001 62.16519476108334
2.4000000000000004 65.96649569336675
2.6000000000000014 69.08477710097442
2.8000000000000007 71.55407719018862
3.0 73.43764681440142
3.200000000000001 74.82033568544239
3.4000000000000004 75.7988348216539
3.6000000000000014 76.4694288373581
3.8000000000000007 76.9172016632701
4.0 77.21025931191919
Result sigma optimization:  -3.5999999999999996 6.08320617598288
E_max_2 =  700
Cutoff Radius =  6.0
Selected Radial Transform =  26.0
factor =  0.6
displacement =  0.0
dataset =  datasets/random-ch4-10k.extxyz
n_train =  5000
n_test =  2000
Train RMSE: 2.8795369995711435 [Train MAE: 2.21449821169074]
Test RMSE: 5.968455135640492 [Test MAE: 3.832336029695816]
FINISHED at Wed Jan 11 05:07:12 CET 2023
