STARTING AT Wed Jan 11 04:50:01 CET 2023
Random seed: 1000
5 11
Reading dataset
Shuffling and extracting from dataset (length: 10000)
Shuffling and extraction done
Calculating power spectrum
Expansion coefficients done
Computing training kernel
     Calculating kernels for center species 1
     Calculating kernels for center species 1
Beginning first index add...
Beginning second index add...
     Calculating kernels for center species 6
     Calculating kernels for center species 6
Beginning first index add...
Beginning second index add...
Training kernel done
Computing test kernel
     Calculating kernels for center species 1
     Calculating kernels for center species 1
Beginning first index add...
Beginning second index add...
     Calculating kernels for center species 6
     Calculating kernels for center species 6
Beginning first index add...
Beginning second index add...
Test kernel done
Calculating composition features
Composition features done
-8.0 10.201872162267795
-7.8 9.623794689734217
-7.6 9.183104329577704
-7.4 8.889293917495143
-7.2 8.754623791625157
-7.0 8.76306698035746
-6.8 8.870584150378972
-6.6 9.031285923447895
-6.4 9.218802329807586
-6.2 9.426737487689556
-6.0 9.657202729634216
-5.8 9.912257666886752
-5.6 10.192603849264508
-5.4 10.498597499999462
-5.199999999999999 10.82988350259286
-5.0 11.18482867007969
-4.8 11.560709285812292
-4.6 11.953480403974941
-4.4 12.35739602602325
-4.199999999999999 12.766662803627709
-4.0 13.180503613856825
-3.8 13.612275195315714
-3.5999999999999996 14.102641329746616
-3.3999999999999995 14.732881603166994
-3.1999999999999993 15.62594183258623
-3.0 16.916712968875494
-2.8 18.689018796723083
-2.5999999999999996 20.91586480306349
-2.3999999999999995 23.456857428479914
-2.1999999999999993 26.133943149063516
-2.0 28.852432441360534
-1.7999999999999998 31.70111142239536
-1.5999999999999996 34.96593733956845
-1.3999999999999995 38.999843815145255
-1.1999999999999993 43.95592794837828
-1.0 49.57554474395673
-0.7999999999999998 55.27233645631819
-0.5999999999999996 60.45505409712353
-0.39999999999999947 64.78843384933947
-0.1999999999999993 68.22410034966894
0.0 70.87630901959422
0.20000000000000107 72.89218971004844
0.40000000000000036 74.39455242560668
0.5999999999999996 75.48290286901778
0.8000000000000007 76.24635042803247
1.0 76.76614701955118
1.200000000000001 77.11156546763878
1.4000000000000004 77.33689166193513
1.6000000000000014 77.4817976773161
1.8000000000000007 77.57387022831874
2.0 77.6316937874765
2.200000000000001 77.66757302037256
2.4000000000000004 77.68958332426924
2.6000000000000014 77.70297403956819
2.8000000000000007 77.71109601710008
3.0 77.71603406377646
3.200000000000001 77.71905437757479
3.4000000000000004 77.72091509812766
3.6000000000000014 77.72206911177835
3.8000000000000007 77.72278867191137
4.0 77.72323910655653
Result sigma optimization:  -7.2 8.754623791625157
E_max_2 =  300
Cutoff Radius =  6.0
Selected Radial Transform =  26.0
factor =  1.9
displacement =  0.0
dataset =  datasets/random-ch4-10k.extxyz
n_train =  5000
n_test =  2000
Train RMSE: 7.289868836758263 [Train MAE: 5.757605796575618]
Test RMSE: 10.516828905537704 [Test MAE: 6.3175448659856155]
FINISHED at Wed Jan 11 04:52:55 CET 2023
