STARTING AT Wed Jan 11 04:47:01 CET 2023
Random seed: 1000
7 18
Reading dataset
Shuffling and extracting from dataset (length: 10000)
Shuffling and extraction done
Calculating power spectrum
Expansion coefficients done
Computing training kernel
     Calculating kernels for center species 1
     Calculating kernels for center species 1
Beginning first index add...
Beginning second index add...
     Calculating kernels for center species 6
     Calculating kernels for center species 6
Beginning first index add...
Beginning second index add...
Training kernel done
Computing test kernel
     Calculating kernels for center species 1
     Calculating kernels for center species 1
Beginning first index add...
Beginning second index add...
     Calculating kernels for center species 6
     Calculating kernels for center species 6
Beginning first index add...
Beginning second index add...
Test kernel done
Calculating composition features
Composition features done
-8.0 16.80709112741962
-7.8 15.256589061011168
-7.6 13.900168041998182
-7.4 12.710967855139772
-7.2 11.672734564291291
-7.0 10.777353581264492
-6.8 10.020287194563304
-6.6 9.39445343251538
-6.4 8.885839914908226
-6.2 8.474535381485815
-6.0 8.140929027402883
-5.8 7.871705597174583
-5.6 7.660977565593823
-5.4 7.507340570193973
-5.199999999999999 7.410364959590974
-5.0 7.368284857953898
-4.8 7.377084675889724
-4.6 7.4314610482903465
-4.4 7.527485985275755
-4.199999999999999 7.664727318458264
-4.0 7.845370955849407
-3.8 8.07081398172718
-3.5999999999999996 8.338633357604964
-3.3999999999999995 8.64189939591395
-3.1999999999999993 8.971040162836223
-3.0 9.318047883635478
-2.8 9.681885082646215
-2.5999999999999996 10.072515124702486
-2.3999999999999995 10.511685626892996
-2.1999999999999993 11.030917674797221
-2.0 11.667642299253185
-1.7999999999999998 12.459527114026784
-1.5999999999999996 13.438522782621739
-1.3999999999999995 14.628371172986387
-1.1999999999999993 16.046728735961302
-1.0 17.70691198862185
-0.7999999999999998 19.614292453302316
-0.5999999999999996 21.762967001612292
-0.39999999999999947 24.145983455424965
-0.1999999999999993 26.781379348008112
0.0 29.73576037895687
0.20000000000000107 33.11965291278066
0.40000000000000036 37.03736418155425
0.5999999999999996 41.50100695407748
0.8000000000000007 46.37429762508347
1.0 51.411526958758685
1.200000000000001 56.34516116798745
1.4000000000000004 60.93526241812645
1.6000000000000014 64.98815143804973
1.8000000000000007 68.38200550412188
2.0 71.08357453852996
2.200000000000001 73.13629797216149
2.4000000000000004 74.63190478772528
2.6000000000000014 75.68224320197533
2.8000000000000007 76.39762462077513
3.0 76.87327644628427
3.200000000000001 77.18384283546315
3.4000000000000004 77.38386538634279
3.6000000000000014 77.5112909669479
3.8000000000000007 77.59169070287759
4.0 77.64197217358362
Result sigma optimization:  -5.0 7.368284857953898
E_max_2 =  600
Cutoff Radius =  6.0
Selected Radial Transform =  26.0
factor =  1.1
displacement =  0.0
dataset =  datasets/random-ch4-10k.extxyz
n_train =  5000
n_test =  2000
Train RMSE: 3.7185935942462454 [Train MAE: 2.880913358643484]
Test RMSE: 6.768609352515786 [Test MAE: 4.4389014094260855]
FINISHED at Wed Jan 11 04:49:57 CET 2023
