STARTING AT Wed Jan 11 04:43:43 CET 2023
Random seed: 1000
8 20
Reading dataset
Shuffling and extracting from dataset (length: 10000)
Shuffling and extraction done
Calculating power spectrum
Expansion coefficients done
Computing training kernel
     Calculating kernels for center species 1
     Calculating kernels for center species 1
Beginning first index add...
Beginning second index add...
     Calculating kernels for center species 6
     Calculating kernels for center species 6
Beginning first index add...
Beginning second index add...
Training kernel done
Computing test kernel
     Calculating kernels for center species 1
     Calculating kernels for center species 1
Beginning first index add...
Beginning second index add...
     Calculating kernels for center species 6
     Calculating kernels for center species 6
Beginning first index add...
Beginning second index add...
Test kernel done
Calculating composition features
Composition features done
-8.0 6.827555565682713
-7.8 6.750447986245341
-7.6 6.682486983556997
-7.4 6.629439095172372
-7.2 6.599420167102034
-7.0 6.599150107807375
-6.8 6.633633745217319
-6.6 6.7043993089291885
-6.4 6.8116988259376
-6.2 6.956018626825164
-6.0 7.1395865594234635
-5.8 7.366068937372433
-5.6 7.638998660580363
-5.4 7.95942210687067
-5.199999999999999 8.324595327558823
-5.0 8.729648178174902
-4.8 9.171672272871326
-4.6 9.651817410152889
-4.4 10.171918488615765
-4.199999999999999 10.72893096135561
-4.0 11.314654584445728
-3.8 11.922835304758431
-3.5999999999999996 12.557202949033067
-3.3999999999999995 13.23183040027235
-3.1999999999999993 13.960865349923514
-3.0 14.743927151242112
-2.8 15.559110863962875
-2.5999999999999996 16.370858205243607
-2.3999999999999995 17.148551673359833
-2.1999999999999993 17.884240484562117
-2.0 18.598581930240467
-1.7999999999999998 19.330346767393642
-1.5999999999999996 20.11340321364696
-1.3999999999999995 20.953738730889693
-1.1999999999999993 21.823405052081068
-1.0 22.679114516573257
-0.7999999999999998 23.49297090365889
-0.5999999999999996 24.273409107060765
-0.39999999999999947 25.064606870086966
-0.1999999999999993 25.925476324589944
0.0 26.89619691299308
0.20000000000000107 27.970711008129427
0.40000000000000036 29.100761443684664
0.5999999999999996 30.23589060345108
0.8000000000000007 31.36842687782293
1.0 32.54813804187341
1.200000000000001 33.857465458257565
1.4000000000000004 35.36239072985124
1.6000000000000014 37.06944647380682
1.8000000000000007 38.925607753767814
2.0 40.87219080703722
2.200000000000001 42.911132246227936
2.4000000000000004 45.1183164102435
2.6000000000000014 47.57819666810935
2.8000000000000007 50.29074521443038
3.0 53.144348248396675
3.200000000000001 55.98703877135519
3.4000000000000004 58.720742911106015
3.6000000000000014 61.330136155233234
3.8000000000000007 63.8378348822487
4.0 66.2393115485643
Result sigma optimization:  -7.0 6.599150107807375
E_max_2 =  700
Cutoff Radius =  6.0
Selected Radial Transform =  26.0
factor =  0.1
displacement =  0.0
dataset =  datasets/random-ch4-10k.extxyz
n_train =  5000
n_test =  2000
Train RMSE: 2.5125067114737085 [Train MAE: 1.7979950301687626]
Test RMSE: 7.238166067459171 [Test MAE: 3.625482795195534]
FINISHED at Wed Jan 11 04:46:41 CET 2023
