STARTING AT Wed Jan 11 04:49:45 CET 2023
Random seed: 1000
5 11
Reading dataset
Shuffling and extracting from dataset (length: 10000)
Shuffling and extraction done
Calculating power spectrum
Expansion coefficients done
Computing training kernel
     Calculating kernels for center species 1
     Calculating kernels for center species 1
Beginning first index add...
Beginning second index add...
     Calculating kernels for center species 6
     Calculating kernels for center species 6
Beginning first index add...
Beginning second index add...
Training kernel done
Computing test kernel
     Calculating kernels for center species 1
     Calculating kernels for center species 1
Beginning first index add...
Beginning second index add...
     Calculating kernels for center species 6
     Calculating kernels for center species 6
Beginning first index add...
Beginning second index add...
Test kernel done
Calculating composition features
Composition features done
-8.0 8.874715246787671
-7.8 8.612904610454123
-7.6 8.447336485670645
-7.4 8.34865694576862
-7.2 8.30710312556046
-7.0 8.324082554407495
-6.8 8.399570943296085
-6.6 8.526044594237414
-6.4 8.692768045483009
-6.2 8.892687328087597
-6.0 9.123474158452323
-5.8 9.383401002447759
-5.6 9.668719476748016
-5.4 9.975181022938758
-5.199999999999999 10.300354321377677
-5.0 10.643861946804163
-4.8 11.00600675470468
-4.6 11.386308278299332
-4.4 11.782705422700289
-4.199999999999999 12.191773502649184
-4.0 12.610993976413772
-3.8 13.04510881758575
-3.5999999999999996 13.518081935026634
-3.3999999999999995 14.088119167930653
-3.1999999999999993 14.856702856482046
-3.0 15.957093535764884
-2.8 17.512122991528507
-2.5999999999999996 19.575602978145085
-2.3999999999999995 22.096078653685105
-2.1999999999999993 24.935342401694296
-2.0 27.944439033827887
-1.7999999999999998 31.063611933376702
-1.5999999999999996 34.39259313405439
-1.3999999999999995 38.17486955916413
-1.1999999999999993 42.644847716079184
-1.0 47.78869905120193
-0.7999999999999998 53.24011373687876
-0.5999999999999996 58.45811399284099
-0.39999999999999947 63.0182333396735
-0.1999999999999993 66.75559316453872
0.0 69.7097474965931
0.20000000000000107 71.99771785746225
0.40000000000000036 73.73300147150624
0.5999999999999996 75.01124135016248
0.8000000000000007 75.92110527859815
1.0 76.54786075455617
1.200000000000001 76.96799223916913
1.4000000000000004 77.24378910209589
1.6000000000000014 77.42199891881943
1.8000000000000007 77.53570314467697
2.0 77.60743223478103
2.200000000000001 77.65219090250812
2.4000000000000004 77.67984714407598
2.6000000000000014 77.69681812874909
2.8000000000000007 77.70720656495176
3.0 77.71357777046809
3.200000000000001 77.71750364865939
3.4000000000000004 77.71993628145988
3.6000000000000014 77.72145136900646
3.8000000000000007 77.72239884161353
4.0 77.72299311579525
Result sigma optimization:  -7.2 8.30710312556046
E_max_2 =  300
Cutoff Radius =  6.0
Selected Radial Transform =  26.0
factor =  1.8
displacement =  0.0
dataset =  datasets/random-ch4-10k.extxyz
n_train =  5000
n_test =  2000
Train RMSE: 6.795457099858412 [Train MAE: 5.36745836559367]
Test RMSE: 10.279147322529212 [Test MAE: 6.058835871386709]
FINISHED at Wed Jan 11 04:52:34 CET 2023
