STARTING AT Wed Jan 11 04:58:47 CET 2023
Random seed: 1000
5 11
Reading dataset
Shuffling and extracting from dataset (length: 10000)
Shuffling and extraction done
Calculating power spectrum
Expansion coefficients done
Computing training kernel
     Calculating kernels for center species 1
     Calculating kernels for center species 1
Beginning first index add...
Beginning second index add...
     Calculating kernels for center species 6
     Calculating kernels for center species 6
Beginning first index add...
Beginning second index add...
Training kernel done
Computing test kernel
     Calculating kernels for center species 1
     Calculating kernels for center species 1
Beginning first index add...
Beginning second index add...
     Calculating kernels for center species 6
     Calculating kernels for center species 6
Beginning first index add...
Beginning second index add...
Test kernel done
Calculating composition features
Composition features done
-8.0 9.588649883489559
-7.8 8.627591645840855
-7.6 8.124464990137287
-7.4 7.887688064268518
-7.2 7.783304900311887
-7.0 7.7439083813433625
-6.8 7.742316307967042
-6.6 7.770856168389333
-6.4 7.83269470117507
-6.2 7.93791567978698
-6.0 8.099084454945643
-5.8 8.324871748900701
-5.6 8.61354663830497
-5.4 8.950707327314216
-5.199999999999999 9.314471661566154
-5.0 9.685509521716584
-4.8 10.054458569462023
-4.6 10.421826689848354
-4.4 10.792695456060473
-4.199999999999999 11.17266098518538
-4.0 11.568797697144454
-3.8 11.993461751734031
-3.5999999999999996 12.467787998662187
-3.3999999999999995 13.02656799239602
-3.1999999999999993 13.726467055816952
-3.0 14.651685717032496
-2.8 15.905463218158129
-2.5999999999999996 17.582787264441233
-2.3999999999999995 19.738517505172087
-2.1999999999999993 22.374083483370566
-2.0 25.449000694829685
-1.7999999999999998 28.902386023852547
-1.5999999999999996 32.668172147526
-1.3999999999999995 36.69298626195817
-1.1999999999999993 40.969869854558574
-1.0 45.533570258029506
-0.7999999999999998 50.35681882104555
-0.5999999999999996 55.240943947391905
-0.39999999999999947 59.861830258631514
-0.1999999999999993 63.94039448093045
0.0 67.35464800181354
0.20000000000000107 70.11641004039836
0.40000000000000036 72.29115784350533
0.5999999999999996 73.95112462864122
0.8000000000000007 75.17161370883476
1.0 76.03528484569924
1.200000000000001 76.62629440978563
1.4000000000000004 77.02014884387964
1.6000000000000014 77.27745375666896
1.8000000000000007 77.44305131475876
2.0 77.5483602570778
2.200000000000001 77.61465639538318
2.4000000000000004 77.65604959293881
2.6000000000000014 77.68175189823658
2.8000000000000007 77.6976777747332
3.0 77.70755558878876
3.200000000000001 77.7136996474985
3.4000000000000004 77.71753432537386
3.6000000000000014 77.71993509492084
3.8000000000000007 77.72144183405483
4.0 77.7223891620241
Result sigma optimization:  -6.8 7.742316307967042
E_max_2 =  300
Cutoff Radius =  6.0
Selected Radial Transform =  27.0
factor =  1.6
displacement =  0.0
dataset =  datasets/random-ch4-10k.extxyz
n_train =  5000
n_test =  2000
Train RMSE: 6.193843366299336 [Train MAE: 4.892015426531955]
Test RMSE: 8.631820249043024 [Test MAE: 5.5581665252224335]
FINISHED at Wed Jan 11 05:01:45 CET 2023
