STARTING AT Wed Jan 11 04:54:16 CET 2023
Random seed: 1000
6 14
Reading dataset
Shuffling and extracting from dataset (length: 10000)
Shuffling and extraction done
Calculating power spectrum
Expansion coefficients done
Computing training kernel
     Calculating kernels for center species 1
     Calculating kernels for center species 1
Beginning first index add...
Beginning second index add...
     Calculating kernels for center species 6
     Calculating kernels for center species 6
Beginning first index add...
Beginning second index add...
Training kernel done
Computing test kernel
     Calculating kernels for center species 1
     Calculating kernels for center species 1
Beginning first index add...
Beginning second index add...
     Calculating kernels for center species 6
     Calculating kernels for center species 6
Beginning first index add...
Beginning second index add...
Test kernel done
Calculating composition features
Composition features done
-8.0 11.171185387838511
-7.8 10.258611284844951
-7.6 9.448951460774142
-7.4 8.739987304880714
-7.2 8.124018017357768
-7.0 7.592313368681849
-6.8 7.136751084661717
-6.6 6.749575527574409
-6.4 6.423218916644418
-6.2 6.150622480066512
-6.0 5.925189680293733
-5.8 5.740248481831562
-5.6 5.589059096368891
-5.4 5.4658114478728805
-5.199999999999999 5.366728872802075
-5.0 5.290331525943641
-4.8 5.2368143601530415
-4.6 5.206971446830688
-4.4 5.201073058516485
-4.199999999999999 5.218203137177649
-4.0 5.256617607044556
-3.8 5.315126428907
-3.5999999999999996 5.394839636302954
-3.3999999999999995 5.500565215941291
-3.1999999999999993 5.64124266448786
-3.0 5.828938670037009
-2.8 6.076725449666979
-2.5999999999999996 6.396426059498696
-2.3999999999999995 6.79643201272057
-2.1999999999999993 7.279217040303975
-2.0 7.840390538835277
-1.7999999999999998 8.47332243036561
-1.5999999999999996 9.180479725953454
-1.3999999999999995 9.98728422552672
-1.1999999999999993 10.953235647232086
-1.0 12.176876095091865
-0.7999999999999998 13.789788482522344
-0.5999999999999996 15.934417172257755
-0.39999999999999947 18.73087204382172
-0.1999999999999993 22.24904813385416
0.0 26.489574992445856
0.20000000000000107 31.361117239294746
0.40000000000000036 36.6727041045652
0.5999999999999996 42.18041709491449
0.8000000000000007 47.659710189710836
1.0 52.9312863585992
1.200000000000001 57.83777792864024
1.4000000000000004 62.229678752066654
1.6000000000000014 65.99184056689008
1.8000000000000007 69.07995070816077
2.0 71.52197994904517
2.200000000000001 73.38849452018182
2.4000000000000004 74.76663396914445
2.6000000000000014 75.74902975609022
2.8000000000000007 76.42694479009315
3.0 76.88241332630659
3.200000000000001 77.18243168247186
3.4000000000000004 77.37742241328992
3.6000000000000014 77.50306364108668
3.8000000000000007 77.58356103471786
4.0 77.63492471150937
Result sigma optimization:  -4.4 5.201073058516485
E_max_2 =  400
Cutoff Radius =  6.0
Selected Radial Transform =  27.0
factor =  0.4
displacement =  0.0
dataset =  datasets/random-ch4-10k.extxyz
n_train =  5000
n_test =  2000
Train RMSE: 2.5815904048304708 [Train MAE: 1.926570985478831]
Test RMSE: 4.27515808853142 [Test MAE: 2.9078906367446873]
FINISHED at Wed Jan 11 04:56:56 CET 2023
