STARTING AT Wed Jan 11 04:53:16 CET 2023
Random seed: 1000
7 18
Reading dataset
Shuffling and extracting from dataset (length: 10000)
Shuffling and extraction done
Calculating power spectrum
Expansion coefficients done
Computing training kernel
     Calculating kernels for center species 1
     Calculating kernels for center species 1
Beginning first index add...
Beginning second index add...
     Calculating kernels for center species 6
     Calculating kernels for center species 6
Beginning first index add...
Beginning second index add...
Training kernel done
Computing test kernel
     Calculating kernels for center species 1
     Calculating kernels for center species 1
Beginning first index add...
Beginning second index add...
     Calculating kernels for center species 6
     Calculating kernels for center species 6
Beginning first index add...
Beginning second index add...
Test kernel done
Calculating composition features
Composition features done
-8.0 7.5372525052049015
-7.8 7.628122045511886
-7.6 7.7243547857554
-7.4 7.817989204438256
-7.2 7.9034081785505075
-7.0 7.979403630988002
-6.8 8.050024796917155
-6.6 8.121490588215366
-6.4 8.200229881490934
-6.2 8.290812569124435
-6.0 8.395387769135906
-5.8 8.514356113549425
-5.6 8.647790101244702
-5.4 8.796841433538306
-5.199999999999999 8.96435272004203
-5.0 9.153942372507872
-4.8 9.36838465989154
-4.6 9.609583514513405
-4.4 9.880279852932148
-4.199999999999999 10.18464934157669
-4.0 10.526071229905986
-3.8 10.903897231951147
-3.5999999999999996 11.312694387852405
-3.3999999999999995 11.74606853107573
-3.1999999999999993 12.203994348408878
-3.0 12.69952777340166
-2.8 13.259265653078883
-2.5999999999999996 13.913290928687418
-2.3999999999999995 14.677009701428684
-2.1999999999999993 15.5368250903234
-2.0 16.452780383495647
-1.7999999999999998 17.379115297637835
-1.5999999999999996 18.29035795398177
-1.3999999999999995 19.197988850985094
-1.1999999999999993 20.14761847320459
-1.0 21.193085248357345
-0.7999999999999998 22.35730507059042
-0.5999999999999996 23.60835390949808
-0.39999999999999947 24.87575674144742
-0.1999999999999993 26.09723474394174
0.0 27.26100799098134
0.20000000000000107 28.41985429761565
0.40000000000000036 29.673899666273343
0.5999999999999996 31.12580599029938
0.8000000000000007 32.82139748010989
1.0 34.71386588709972
1.200000000000001 36.692284871775186
1.4000000000000004 38.66318377087144
1.6000000000000014 40.62316918960485
1.8000000000000007 42.66941072885869
2.0 44.93626472549898
2.200000000000001 47.491895682678546
2.4000000000000004 50.27364358450448
2.6000000000000014 53.1266491252377
2.8000000000000007 55.91134691029038
3.0 58.57913277274808
3.200000000000001 61.16138666659154
3.4000000000000004 63.69775702209151
3.6000000000000014 66.16684969380093
3.8000000000000007 68.47457861340342
4.0 70.50741579865065
Result sigma optimization:  -8.0 7.5372525052049015
E_max_2 =  600
Cutoff Radius =  6.0
Selected Radial Transform =  27.0
factor =  0.1
displacement =  0.0
dataset =  datasets/random-ch4-10k.extxyz
n_train =  5000
n_test =  2000
Train RMSE: 2.9749730044259866 [Train MAE: 2.125372675433694]
Test RMSE: 7.5137915355618174 [Test MAE: 3.9696288779438693]
FINISHED at Wed Jan 11 04:56:15 CET 2023
