STARTING AT Wed Jan 11 04:56:00 CET 2023
Random seed: 1000
7 18
Reading dataset
Shuffling and extracting from dataset (length: 10000)
Shuffling and extraction done
Calculating power spectrum
Expansion coefficients done
Computing training kernel
     Calculating kernels for center species 1
     Calculating kernels for center species 1
Beginning first index add...
Beginning second index add...
     Calculating kernels for center species 6
     Calculating kernels for center species 6
Beginning first index add...
Beginning second index add...
Training kernel done
Computing test kernel
     Calculating kernels for center species 1
     Calculating kernels for center species 1
Beginning first index add...
Beginning second index add...
     Calculating kernels for center species 6
     Calculating kernels for center species 6
Beginning first index add...
Beginning second index add...
Test kernel done
Calculating composition features
Composition features done
-8.0 13.072913769765135
-7.8 12.270610298945266
-7.6 11.538062073303019
-7.4 10.865750224023664
-7.2 10.245729601537812
-7.0 9.673130003513796
-6.8 9.146118302471942
-6.6 8.664129371620279
-6.4 8.226282248592124
-6.2 7.831183473212995
-6.0 7.47761782439157
-5.8 7.165228335242581
-5.6 6.894732532886573
-5.4 6.6676664079002785
-5.199999999999999 6.485628354127241
-5.0 6.349035954555298
-4.8 6.256109733184254
-4.6 6.203093052395074
-4.4 6.185949987893596
-4.199999999999999 6.202804921679067
-4.0 6.2557757138562105
-3.8 6.351090346130139
-3.5999999999999996 6.4975491832733425
-3.3999999999999995 6.704142145203061
-3.1999999999999993 6.977111854041843
-3.0 7.316380849702914
-2.8 7.712450961180835
-2.5999999999999996 8.146516354742502
-2.3999999999999995 8.595933408826848
-2.1999999999999993 9.043620329532377
-2.0 9.486570753263194
-1.7999999999999998 9.939433114734378
-1.5999999999999996 10.433701676408392
-1.3999999999999995 11.01643352572211
-1.1999999999999993 11.750380905452518
-1.0 12.712298862274782
-0.7999999999999998 13.98473316497853
-0.5999999999999996 15.642820130652478
-0.39999999999999947 17.743630956941043
-0.1999999999999993 20.32004081147058
0.0 23.379520746868735
0.20000000000000107 26.920209754177566
0.40000000000000036 30.95960923762943
0.5999999999999996 35.5258001397459
0.8000000000000007 40.57764202730651
1.0 45.924504556556144
1.200000000000001 51.25727913574362
1.4000000000000004 56.27633030239442
1.6000000000000014 60.78960211454508
1.8000000000000007 64.71282502989561
2.0 68.01901695962171
2.200000000000001 70.70737677566377
2.4000000000000004 72.80421615462807
2.6000000000000014 74.36929180087299
2.8000000000000007 75.48973714088562
3.0 76.26361465581401
3.200000000000001 76.78311480510386
3.4000000000000004 77.12444160187644
3.6000000000000014 77.34514299100717
3.8000000000000007 77.48610258534661
4.0 77.57524403071433
Result sigma optimization:  -4.4 6.185949987893596
E_max_2 =  600
Cutoff Radius =  6.0
Selected Radial Transform =  27.0
factor =  0.8
displacement =  0.0
dataset =  datasets/random-ch4-10k.extxyz
n_train =  5000
n_test =  2000
Train RMSE: 3.000239359849399 [Train MAE: 2.308304927807646]
Test RMSE: 6.005473795588215 [Test MAE: 3.884599200348457]
FINISHED at Wed Jan 11 04:58:58 CET 2023
