STARTING AT Wed Jan 11 04:58:01 CET 2023
Random seed: 1000
8 20
Reading dataset
Shuffling and extracting from dataset (length: 10000)
Shuffling and extraction done
Calculating power spectrum
Expansion coefficients done
Computing training kernel
     Calculating kernels for center species 1
     Calculating kernels for center species 1
Beginning first index add...
Beginning second index add...
     Calculating kernels for center species 6
     Calculating kernels for center species 6
Beginning first index add...
Beginning second index add...
Training kernel done
Computing test kernel
     Calculating kernels for center species 1
     Calculating kernels for center species 1
Beginning first index add...
Beginning second index add...
     Calculating kernels for center species 6
     Calculating kernels for center species 6
Beginning first index add...
Beginning second index add...
Test kernel done
Calculating composition features
Composition features done
-8.0 24.146447500564417
-7.8 21.199964072302063
-7.6 18.723498270717624
-7.4 16.67208611450328
-7.2 14.980288639778173
-7.0 13.576976894987743
-6.8 12.401495366381551
-6.6 11.41201219636365
-6.4 10.583453376809487
-6.2 9.900752274897046
-6.0 9.35303680480769
-5.8 8.929666091935871
-5.6 8.61815405456541
-5.4 8.404779904449722
-5.199999999999999 8.276591024660828
-5.0 8.222361423557459
-4.8 8.231966929956895
-4.6 8.295653525492686
-4.4 8.404466022030142
-4.199999999999999 8.551144328020614
-4.0 8.730115443083223
-3.8 8.93661323765915
-3.5999999999999996 9.165931572597811
-3.3999999999999995 9.413332242233436
-3.1999999999999993 9.674337524554012
-3.0 9.945112635934812
-2.8 10.22348814288519
-2.5999999999999996 10.511997007010025
-2.3999999999999995 10.823631680955112
-2.1999999999999993 11.188392408086505
-2.0 11.655753825566078
-1.7999999999999998 12.288052401700035
-1.5999999999999996 13.145613000489897
-1.3999999999999995 14.272120392836348
-1.1999999999999993 15.686532983626218
-1.0 17.37742057557181
-0.7999999999999998 19.296732308608888
-0.5999999999999996 21.365348086746057
-0.39999999999999947 23.506058021887842
-0.1999999999999993 25.697066498868903
0.0 28.015288468735964
0.20000000000000107 30.639060957977996
0.40000000000000036 33.792571500277475
0.5999999999999996 37.63018628242001
0.8000000000000007 42.115359693485864
1.0 47.00880339416991
1.200000000000001 51.99072586509232
1.4000000000000004 56.785635889840876
1.6000000000000014 61.19301669025463
1.8000000000000007 65.07023528963913
2.0 68.33163396785393
2.200000000000001 70.95706015537705
2.4000000000000004 72.98445851437226
2.6000000000000014 74.48954876679252
2.8000000000000007 75.56623130932562
3.0 76.31135405625108
3.200000000000001 76.81304660023474
3.4000000000000004 77.14370170161622
3.6000000000000014 77.35814389570729
3.8000000000000007 77.4954740776386
4.0 77.58245458872928
Result sigma optimization:  -5.0 8.222361423557459
E_max_2 =  700
Cutoff Radius =  6.0
Selected Radial Transform =  27.0
factor =  1.3
displacement =  0.0
dataset =  datasets/random-ch4-10k.extxyz
n_train =  5000
n_test =  2000
Train RMSE: 4.235705456034467 [Train MAE: 3.2992551774767533]
Test RMSE: 7.946557592002684 [Test MAE: 4.985334461071077]
FINISHED at Wed Jan 11 05:06:17 CET 2023
