STARTING AT Wed Jan 11 05:02:48 CET 2023
Random seed: 1000
7 16
Reading dataset
Shuffling and extracting from dataset (length: 10000)
Shuffling and extraction done
Calculating power spectrum
Expansion coefficients done
Computing training kernel
     Calculating kernels for center species 1
     Calculating kernels for center species 1
Beginning first index add...
Beginning second index add...
     Calculating kernels for center species 6
     Calculating kernels for center species 6
Beginning first index add...
Beginning second index add...
Training kernel done
Computing test kernel
     Calculating kernels for center species 1
     Calculating kernels for center species 1
Beginning first index add...
Beginning second index add...
     Calculating kernels for center species 6
     Calculating kernels for center species 6
Beginning first index add...
Beginning second index add...
Test kernel done
Calculating composition features
Composition features done
-8.0 19.520858141256795
-7.8 17.31604500085375
-7.6 16.09944894224282
-7.4 15.76359126317822
-7.2 15.94539261580546
-7.0 16.226006178610643
-6.8 16.32137655060657
-6.6 16.122945487316514
-6.4 15.65508160612044
-6.2 15.02632475860851
-6.0 14.391832557209709
-5.8 13.904709597782318
-5.6 13.651618699846932
-5.4 13.62311021369407
-5.199999999999999 13.752804182565376
-5.0 13.978940483709719
-4.8 14.27213076415022
-4.6 14.626951890282971
-4.4 15.042230393107095
-4.199999999999999 15.507662356209512
-4.0 16.001283241063643
-3.8 16.495385849823226
-3.5999999999999996 16.96788089318085
-3.3999999999999995 17.41652653409749
-3.1999999999999993 17.87186993833447
-3.0 18.402233515289495
-2.8 19.10318420930128
-2.5999999999999996 20.067823736455505
-2.3999999999999995 21.34531951358725
-2.1999999999999993 22.9071304138544
-2.0 24.64339000478078
-1.7999999999999998 26.405156427814013
-1.5999999999999996 28.083036244177382
-1.3999999999999995 29.682131657377592
-1.1999999999999993 31.363680637943215
-1.0 33.45105057135092
-0.7999999999999998 36.36998224510019
-0.5999999999999996 40.45485087251962
-0.39999999999999947 45.67163423732928
-0.1999999999999993 51.51882469102142
0.0 57.263995146780836
0.20000000000000107 62.30840827836018
0.40000000000000036 66.3828777538831
0.5999999999999996 69.50976439723462
0.8000000000000007 71.85485486757786
1.0 73.59910794899662
1.200000000000001 74.88333263295327
1.4000000000000004 75.80991977037996
1.6000000000000014 76.46038190366214
1.8000000000000007 76.9044405977246
2.0 77.20045704867603
2.200000000000001 77.39418759718251
2.4000000000000004 77.51924047795185
2.6000000000000014 77.59907641227544
2.8000000000000007 77.64949387984196
3.0 77.68088588837644
3.200000000000001 77.70001269305702
3.4000000000000004 77.71128388064383
3.6000000000000014 77.71762020968086
3.8000000000000007 77.72097909169734
4.0 77.72264864020009
Result sigma optimization:  -5.4 13.62311021369407
E_max_2 =  500
Cutoff Radius =  6.0
Selected Radial Transform =  27.0
factor =  2.6
displacement =  0.0
dataset =  datasets/random-ch4-10k.extxyz
n_train =  5000
n_test =  2000
Train RMSE: 12.433291778298836 [Train MAE: 9.825146654674107]
Test RMSE: 13.182554664774445 [Test MAE: 10.138178503809709]
FINISHED at Wed Jan 11 05:05:50 CET 2023
