STARTING AT Wed Jan 11 05:01:18 CET 2023
Random seed: 1000
7 16
Reading dataset
Shuffling and extracting from dataset (length: 10000)
Shuffling and extraction done
Calculating power spectrum
Expansion coefficients done
Computing training kernel
     Calculating kernels for center species 1
     Calculating kernels for center species 1
Beginning first index add...
Beginning second index add...
     Calculating kernels for center species 6
     Calculating kernels for center species 6
Beginning first index add...
Beginning second index add...
Training kernel done
Computing test kernel
     Calculating kernels for center species 1
     Calculating kernels for center species 1
Beginning first index add...
Beginning second index add...
     Calculating kernels for center species 6
     Calculating kernels for center species 6
Beginning first index add...
Beginning second index add...
Test kernel done
Calculating composition features
Composition features done
-8.0 16.426203658674055
-7.8 14.79649084152416
-7.6 13.614652001911452
-7.4 12.71281762594149
-7.2 11.97166365406961
-7.0 11.336973091617544
-6.8 10.807303984089176
-6.6 10.41348177594784
-6.4 10.197110462817815
-6.2 10.184239315353622
-6.0 10.35988784741774
-5.8 10.663672767787025
-5.6 11.012355682474622
-5.4 11.330952730292385
-5.199999999999999 11.576378412934233
-5.0 11.748407504596546
-4.8 11.882560991117455
-4.6 12.025424770299445
-4.4 12.210044013804731
-4.199999999999999 12.449058832167168
-4.0 12.74206991976029
-3.8 13.083428605370646
-3.5999999999999996 13.464952734772737
-3.3999999999999995 13.8772745839475
-3.1999999999999993 14.315032440964574
-3.0 14.786990198386988
-2.8 15.327557364626491
-2.5999999999999996 16.002275932488462
-2.3999999999999995 16.896080505181228
-2.1999999999999993 18.080222393171844
-2.0 19.577739575613386
-1.7999999999999998 21.355803392181077
-1.5999999999999996 23.343101122170452
-1.3999999999999995 25.45256995401237
-1.1999999999999993 27.610347220201014
-1.0 29.800708293593168
-0.7999999999999998 32.118325843839926
-0.5999999999999996 34.798482855315356
-0.39999999999999947 38.1693556177326
-0.1999999999999993 42.46940813740395
0.0 47.60880958488972
0.20000000000000107 53.120637903355686
0.40000000000000036 58.400291721408784
0.5999999999999996 63.0064598968116
0.8000000000000007 66.77725271873646
1.0 69.75416106160785
1.200000000000001 72.0529835803546
1.4000000000000004 73.78781614897079
1.6000000000000014 75.05815799330504
1.8000000000000007 75.95738703167696
2.0 76.57408599108886
2.200000000000001 76.98621887492726
2.4000000000000004 77.25631577433461
2.6000000000000014 77.43079773989164
2.8000000000000007 77.54225143189446
3.0 77.61270650302214
3.200000000000001 77.65671732155818
3.4000000000000004 77.6838004302287
3.6000000000000014 77.70017492365527
3.8000000000000007 77.70990733851782
4.0 77.71562543151497
Result sigma optimization:  -6.2 10.184239315353622
E_max_2 =  500
Cutoff Radius =  6.0
Selected Radial Transform =  27.0
factor =  2.2
displacement =  0.0
dataset =  datasets/random-ch4-10k.extxyz
n_train =  5000
n_test =  2000
Train RMSE: 8.214068998087786 [Train MAE: 6.48764455582273]
Test RMSE: 10.820497078386808 [Test MAE: 7.195818089537912]
FINISHED at Wed Jan 11 05:04:16 CET 2023
