STARTING AT Wed Jan 11 04:56:47 CET 2023
Random seed: 1000
6 14
Reading dataset
Shuffling and extracting from dataset (length: 10000)
Shuffling and extraction done
Calculating power spectrum
Expansion coefficients done
Computing training kernel
     Calculating kernels for center species 1
     Calculating kernels for center species 1
Beginning first index add...
Beginning second index add...
     Calculating kernels for center species 6
     Calculating kernels for center species 6
Beginning first index add...
Beginning second index add...
Training kernel done
Computing test kernel
     Calculating kernels for center species 1
     Calculating kernels for center species 1
Beginning first index add...
Beginning second index add...
     Calculating kernels for center species 6
     Calculating kernels for center species 6
Beginning first index add...
Beginning second index add...
Test kernel done
Calculating composition features
Composition features done
-8.0 12.986409383726556
-7.8 11.462328322610203
-7.6 10.182256458553857
-7.4 9.166431940246815
-7.2 8.399586643808334
-7.0 7.836174366499891
-6.8 7.4196739859387275
-6.6 7.10224322709967
-6.4 6.854186600736084
-6.2 6.662127688232984
-6.0 6.521144957280219
-5.8 6.42774855856129
-5.6 6.377765237183141
-5.4 6.3679837282334395
-5.199999999999999 6.3981358768112555
-5.0 6.4714206920230355
-4.8 6.5933863521160205
-4.6 6.769581767403538
-4.4 7.003154124584089
-4.199999999999999 7.293704671020017
-4.0 7.637429729450741
-3.8 8.027523904703946
-3.5999999999999996 8.454555686176924
-3.3999999999999995 8.908132687623002
-3.1999999999999993 9.381765708604151
-3.0 9.880359236590957
-2.8 10.42594173134354
-2.5999999999999996 11.05839143569059
-2.3999999999999995 11.832173473753686
-2.1999999999999993 12.809225188608815
-2.0 14.047104365806641
-1.7999999999999998 15.588366211065084
-1.5999999999999996 17.458146762705926
-1.3999999999999995 19.665397745435378
-1.1999999999999993 22.20518674934153
-1.0 25.077492821668287
-0.7999999999999998 28.32347410840634
-0.5999999999999996 32.02838378086587
-0.39999999999999947 36.2486395511982
-0.1999999999999993 40.92659890336988
0.0 45.89561095799539
0.20000000000000107 50.952679033166824
0.40000000000000036 55.894492060306746
0.5999999999999996 60.509770268282765
0.8000000000000007 64.60171183512588
1.0 68.04238520071922
1.200000000000001 70.79758168848616
1.4000000000000004 72.90826906941994
1.6000000000000014 74.46006095078228
1.8000000000000007 75.55883817142163
2.0 76.31206466561495
2.200000000000001 76.8151737687663
2.4000000000000004 77.14463886785819
2.6000000000000014 77.35722982806938
2.8000000000000007 77.49289463838171
3.0 77.57875970019948
3.200000000000001 77.6328044482853
3.4000000000000004 77.66672253052819
3.6000000000000014 77.68799483928599
3.8000000000000007 77.70134525609981
4.0 77.70973394426937
Result sigma optimization:  -5.4 6.3679837282334395
E_max_2 =  400
Cutoff Radius =  6.0
Selected Radial Transform =  27.0
factor =  1.0
displacement =  0.0
dataset =  datasets/random-ch4-10k.extxyz
n_train =  5000
n_test =  2000
Train RMSE: 3.9811325635261725 [Train MAE: 3.074611537875906]
Test RMSE: 5.684549144166935 [Test MAE: 4.0733197249677175]
FINISHED at Wed Jan 11 05:02:01 CET 2023
