STARTING AT Wed Jan 11 05:02:48 CET 2023
Random seed: 1000
7 18
Reading dataset
Shuffling and extracting from dataset (length: 10000)
Shuffling and extraction done
Calculating power spectrum
Expansion coefficients done
Computing training kernel
     Calculating kernels for center species 1
     Calculating kernels for center species 1
Beginning first index add...
Beginning second index add...
     Calculating kernels for center species 6
     Calculating kernels for center species 6
Beginning first index add...
Beginning second index add...
Training kernel done
Computing test kernel
     Calculating kernels for center species 1
     Calculating kernels for center species 1
Beginning first index add...
Beginning second index add...
     Calculating kernels for center species 6
     Calculating kernels for center species 6
Beginning first index add...
Beginning second index add...
Test kernel done
Calculating composition features
Composition features done
-8.0 21.186030778552876
-7.8 18.55218126214685
-7.6 16.32318976011908
-7.4 14.5582177922768
-7.2 13.450444306148933
-7.0 13.155386340787322
-6.8 13.503121808729174
-6.6 14.061997789231892
-6.4 14.46627351604828
-6.2 14.581321518561621
-6.0 14.460166555902342
-5.8 14.2286990868538
-5.6 13.995742422826309
-5.4 13.823078674525776
-5.199999999999999 13.735551134614905
-5.0 13.735732949160209
-4.8 13.813079708094001
-4.6 13.955091399977054
-4.4 14.158685721996624
-4.199999999999999 14.431170786586804
-4.0 14.778843245606472
-3.8 15.194060719057282
-3.5999999999999996 15.65265800545172
-3.3999999999999995 16.123805585758344
-3.1999999999999993 16.585856234960435
-3.0 17.04061415503881
-2.8 17.521511953150295
-2.5999999999999996 18.09215788697695
-2.3999999999999995 18.830741904760632
-2.1999999999999993 19.803084246622834
-2.0 21.041055384824375
-1.7999999999999998 22.537115605329664
-1.5999999999999996 24.24200410199759
-1.3999999999999995 26.062770164385398
-1.1999999999999993 27.891309673070168
-1.0 29.677660245802166
-0.7999999999999998 31.51443268216737
-0.5999999999999996 33.6820651487064
-0.39999999999999947 36.59954474294599
-0.1999999999999993 40.622559790646974
0.0 45.75119202605018
0.20000000000000107 51.51268275844392
0.40000000000000036 57.18767737942702
0.5999999999999996 62.17809066797348
0.8000000000000007 66.21221209186977
1.0 69.31293052786597
1.200000000000001 71.64961389644003
1.4000000000000004 73.40520906970544
1.6000000000000014 74.71681514934937
1.8000000000000007 75.67850400261202
2.0 76.36351688287174
2.200000000000001 76.83661605211998
2.4000000000000004 77.15468017534396
2.6000000000000014 77.36407578028226
2.8000000000000007 77.49978986606632
3.0 77.58668182612209
3.200000000000001 77.64168433679399
3.4000000000000004 77.67601774338715
3.6000000000000014 77.69701172506609
3.8000000000000007 77.70945512929391
4.0 77.71651742044466
Result sigma optimization:  -7.0 13.155386340787322
E_max_2 =  600
Cutoff Radius =  6.0
Selected Radial Transform =  27.0
factor =  2.6
displacement =  0.0
dataset =  datasets/random-ch4-10k.extxyz
n_train =  5000
n_test =  2000
Train RMSE: 9.283401540302796 [Train MAE: 7.337625408082628]
Test RMSE: 13.767097491799792 [Test MAE: 8.460757150315734]
FINISHED at Wed Jan 11 05:06:26 CET 2023
