STARTING AT Wed Jan 11 05:01:18 CET 2023
Random seed: 1000
7 18
Reading dataset
Shuffling and extracting from dataset (length: 10000)
Shuffling and extraction done
Calculating power spectrum
Expansion coefficients done
Computing training kernel
     Calculating kernels for center species 1
     Calculating kernels for center species 1
Beginning first index add...
Beginning second index add...
     Calculating kernels for center species 6
     Calculating kernels for center species 6
Beginning first index add...
Beginning second index add...
Training kernel done
Computing test kernel
     Calculating kernels for center species 1
     Calculating kernels for center species 1
Beginning first index add...
Beginning second index add...
     Calculating kernels for center species 6
     Calculating kernels for center species 6
Beginning first index add...
Beginning second index add...
Test kernel done
Calculating composition features
Composition features done
-8.0 34.920042712717546
-7.8 29.7218163078126
-7.6 25.085984172114962
-7.4 21.127099458073417
-7.2 17.87786492877365
-7.0 15.342565864427426
-6.8 13.487148411034442
-6.6 12.216536324312717
-6.4 11.38990039675413
-6.2 10.874683512019711
-6.0 10.592272893104928
-5.8 10.512437582288204
-5.6 10.608118607654882
-5.4 10.823603184527661
-5.199999999999999 11.085937626209649
-5.0 11.337049769070848
-4.8 11.552063603188047
-4.6 11.734198421552822
-4.4 11.899068351997274
-4.199999999999999 12.063798846986952
-4.0 12.244613371802506
-3.8 12.45691755766558
-3.5999999999999996 12.712535843347558
-3.3999999999999995 13.015787260404597
-3.1999999999999993 13.364115641490246
-3.0 13.754468845104963
-2.8 14.191980449181886
-2.5999999999999996 14.699071713617695
-2.3999999999999995 15.322562145338285
-2.1999999999999993 16.12963201532791
-2.0 17.182766719177685
-1.7999999999999998 18.504159682423065
-1.5999999999999996 20.063991225415652
-1.3999999999999995 21.80745236290006
-1.1999999999999993 23.69059633880198
-1.0 25.697804799723297
-0.7999999999999998 27.848908819799348
-0.5999999999999996 30.211122390809816
-0.39999999999999947 32.91099348900618
-0.1999999999999993 36.12578220011195
0.0 40.03019821412629
0.20000000000000107 44.67807515232126
0.40000000000000036 49.86938068858487
0.5999999999999996 55.15689378112545
0.8000000000000007 60.04766609582831
1.0 64.2245143183529
1.200000000000001 67.61008941012633
1.4000000000000004 70.28407233871651
1.6000000000000014 72.36857350745964
1.8000000000000007 73.96579162199711
2.0 75.15506912201118
2.200000000000001 76.00958063171444
2.4000000000000004 76.60253713354852
2.6000000000000014 77.00219343965995
2.8000000000000007 77.26565114499272
3.0 77.43650172141281
3.200000000000001 77.54589853661022
3.4000000000000004 77.61514269957672
3.6000000000000014 77.6584086551482
3.8000000000000007 77.68500815918901
4.0 77.7010482236723
Result sigma optimization:  -5.8 10.512437582288204
E_max_2 =  600
Cutoff Radius =  6.0
Selected Radial Transform =  27.0
factor =  2.2
displacement =  0.0
dataset =  datasets/random-ch4-10k.extxyz
n_train =  5000
n_test =  2000
Train RMSE: 7.991835154746505 [Train MAE: 6.310597385584563]
Test RMSE: 11.14358333902397 [Test MAE: 7.14932320848963]
FINISHED at Wed Jan 11 05:22:31 CET 2023
