STARTING AT Wed Jan 11 04:31:39 CET 2023
Random seed: 1000
6 14
Reading dataset
Shuffling and extracting from dataset (length: 10000)
Shuffling and extraction done
Calculating power spectrum
Expansion coefficients done
Computing training kernel
     Calculating kernels for center species 1
     Calculating kernels for center species 1
Beginning first index add...
Beginning second index add...
     Calculating kernels for center species 6
     Calculating kernels for center species 6
Beginning first index add...
Beginning second index add...
Training kernel done
Computing test kernel
     Calculating kernels for center species 1
     Calculating kernels for center species 1
Beginning first index add...
Beginning second index add...
     Calculating kernels for center species 6
     Calculating kernels for center species 6
Beginning first index add...
Beginning second index add...
Test kernel done
Calculating composition features
Composition features done
-8.0 15.181296247397983
-7.8 13.757177947724733
-7.6 12.548198149792762
-7.4 11.639503335252181
-7.2 11.08923338546494
-7.0 10.889920803425271
-6.8 10.942185165435019
-6.6 11.10311473010129
-6.4 11.263667820616021
-6.2 11.380839244368337
-6.0 11.46411175231291
-5.8 11.549674378403843
-5.6 11.676211646730934
-5.4 11.864451342024461
-5.199999999999999 12.111388536620558
-5.0 12.403703018160487
-4.8 12.73401333373436
-4.6 13.10307053654689
-4.4 13.509783115804263
-4.199999999999999 13.942928618926997
-4.0 14.383768228302351
-3.8 14.817579846202722
-3.5999999999999996 15.247314557154182
-3.3999999999999995 15.705151435913555
-3.1999999999999993 16.259112554843878
-3.0 17.007550742013645
-2.8 18.052632993143934
-2.5999999999999996 19.45633258479282
-2.3999999999999995 21.201175894231913
-2.1999999999999993 23.183375545259526
-2.0 25.2580428713223
-1.7999999999999998 27.333687665021657
-1.5999999999999996 29.4763691215945
-1.3999999999999995 31.963636936276608
-1.1999999999999993 35.221679419869844
-1.0 39.594104570849254
-0.7999999999999998 45.03915983706571
-0.5999999999999996 51.04080492877626
-0.39999999999999947 56.86624079642874
-0.1999999999999993 61.93400709386296
0.0 66.00021658354507
0.20000000000000107 69.11245768703358
0.40000000000000036 71.45771114361747
0.5999999999999996 73.22915977172256
0.8000000000000007 74.56622515532918
1.0 75.55896446457245
1.200000000000001 76.27463950224528
1.4000000000000004 76.77379254023367
1.6000000000000014 77.11179725910605
1.8000000000000007 77.33538528472229
2.0 77.4806815154504
2.200000000000001 77.57377055403718
2.4000000000000004 77.63262490207632
2.6000000000000014 77.66927894150163
2.8000000000000007 77.69168771640723
3.0 77.70509970673243
3.200000000000001 77.71296828473655
3.4000000000000004 77.7175243772744
3.6000000000000014 77.72015573194261
3.8000000000000007 77.72168712764937
4.0 77.72259097096631
Result sigma optimization:  -7.0 10.889920803425271
E_max_2 =  400
Cutoff Radius =  6.0
Selected Radial Transform =  2.0
factor =  2.3
displacement =  0.0
dataset =  datasets/random-ch4-10k.extxyz
n_train =  5000
n_test =  2000
Train RMSE: 8.704526325595868 [Train MAE: 6.880277215733849]
Test RMSE: 10.899655208044122 [Test MAE: 7.427717669639769]
FINISHED at Wed Jan 11 04:35:17 CET 2023
