STARTING AT Wed Jan 11 04:23:06 CET 2023
Random seed: 1000
5 11
Reading dataset
Shuffling and extracting from dataset (length: 10000)
Shuffling and extraction done
Calculating power spectrum
Expansion coefficients done
Computing training kernel
     Calculating kernels for center species 1
     Calculating kernels for center species 1
Beginning first index add...
Beginning second index add...
     Calculating kernels for center species 6
     Calculating kernels for center species 6
Beginning first index add...
Beginning second index add...
Training kernel done
Computing test kernel
     Calculating kernels for center species 1
     Calculating kernels for center species 1
Beginning first index add...
Beginning second index add...
     Calculating kernels for center species 6
     Calculating kernels for center species 6
Beginning first index add...
Beginning second index add...
Test kernel done
Calculating composition features
Composition features done
-8.0 8.339680440480155
-7.8 7.6827727846246
-7.6 7.175660593956104
-7.4 6.7795424715338255
-7.2 6.456195585379976
-7.0 6.177574669904413
-6.8 5.930934105226804
-6.6 5.715393135624505
-6.4 5.534351672899188
-6.2 5.390062279498269
-6.0 5.281972350229802
-5.8 5.207154757288287
-5.6 5.1614507023875005
-5.4 5.140704411138261
-5.199999999999999 5.141820612607562
-5.0 5.163653564238284
-4.8 5.207580982591043
-4.6 5.277410693779111
-4.4 5.378599861341486
-4.199999999999999 5.517418888479521
-4.0 5.700684311676004
-3.8 5.935696751478372
-3.5999999999999996 6.229562465877307
-3.3999999999999995 6.5879061162026105
-3.1999999999999993 7.013862669753388
-3.0 7.508652575406577
-2.8 8.075108595892992
-2.5999999999999996 8.724756478689926
-2.3999999999999995 9.486609998373815
-2.1999999999999993 10.41216603746076
-2.0 11.571215606855855
-1.7999999999999998 13.040059962157365
-1.5999999999999996 14.891261342142755
-1.3999999999999995 17.19502941534714
-1.1999999999999993 20.03107270763919
-1.0 23.486593159794104
-0.7999999999999998 27.61031548582537
-0.5999999999999996 32.339583820468974
-0.39999999999999947 37.47847326962591
-0.1999999999999993 42.77131460722286
0.0 48.003768233577716
0.20000000000000107 53.037540793605764
0.40000000000000036 57.769805521285505
0.5999999999999996 62.08278116494205
0.8000000000000007 65.84912335901603
1.0 68.98406987207694
1.200000000000001 71.47740399065528
1.4000000000000004 73.38027750315077
1.6000000000000014 74.77733273814778
1.8000000000000007 75.76641252566742
2.0 76.44459682657613
2.200000000000001 76.89771943420415
2.4000000000000004 77.1946662556435
2.6000000000000014 77.38666812467888
2.8000000000000007 77.50973697333225
3.0 77.58819704765202
3.200000000000001 77.6380502064859
3.4000000000000004 77.66965701557824
3.6000000000000014 77.68966514932013
3.8000000000000007 77.70231734745374
4.0 77.71031202028018
Result sigma optimization:  -5.4 5.140704411138261
E_max_2 =  300
Cutoff Radius =  6.0
Selected Radial Transform =  2.0
factor =  0.5
displacement =  0.0
dataset =  datasets/random-ch4-10k.extxyz
n_train =  5000
n_test =  2000
Train RMSE: 2.561452945437203 [Train MAE: 1.9269964625207998]
Test RMSE: 4.308592833023026 [Test MAE: 2.9089211361658234]
FINISHED at Wed Jan 11 04:25:41 CET 2023
