STARTING AT Wed Jan 11 05:11:21 CET 2023
Random seed: 1000
8 20
Reading dataset
Shuffling and extracting from dataset (length: 105092)
Shuffling and extraction done
Calculating power spectrum
Expansion coefficients done
Computing training kernel
     Calculating kernels for center species 79
     Calculating kernels for center species 79
Beginning first index add...
Beginning second index add...
Training kernel done
Computing test kernel
     Calculating kernels for center species 79
     Calculating kernels for center species 79
Beginning first index add...
Beginning second index add...
Test kernel done
Calculating composition features
Composition features done
-8.0 133.42308321496378
-7.8 129.50224239908337
-7.6 125.81390494657616
-7.4 122.29280615596278
-7.2 118.85776070605908
-7.0 115.43952194639249
-6.8 111.99946512442057
-6.6 108.52686417221472
-6.4 105.03069744205521
-6.2 101.5361359625545
-6.0 98.07914507092752
-5.8 94.68806260886821
-5.6 91.36445553877381
-5.4 88.08842634557308
-5.199999999999999 84.8508071529374
-5.0 81.68020154657958
-4.8 78.63471636132768
-4.6 75.76963373838394
-4.4 73.11690105706204
-4.199999999999999 70.69156570990519
-4.0 68.51039687337057
-3.8 66.60412360126307
-3.5999999999999996 65.01772057503315
-3.3999999999999995 63.801273127975584
-3.1999999999999993 62.99728505193395
-3.0 62.63224749552023
-2.8 62.71529802806604
-2.5999999999999996 63.240635735444016
-2.3999999999999995 64.1905621771966
-2.1999999999999993 65.53773777994591
-2.0 67.24895053594352
-1.7999999999999998 69.2934568746186
-1.5999999999999996 71.64844869860494
-1.3999999999999995 74.29530514333788
-1.1999999999999993 77.22116672451956
-1.0 80.43976745315221
-0.7999999999999998 84.01893645748173
-0.5999999999999996 88.09195545909651
-0.39999999999999947 92.83754709568741
-0.1999999999999993 98.42406792175828
0.0 104.93477638488483
0.20000000000000107 112.31321262174016
0.40000000000000036 120.37059708017304
0.5999999999999996 128.86588745916362
0.8000000000000007 137.6121926919147
1.0 146.54811099480534
1.200000000000001 155.77400625010736
1.4000000000000004 165.5951021867139
1.6000000000000014 176.54600641425148
1.8000000000000007 189.29122090506638
2.0 204.3719865140162
2.200000000000001 221.97333843014795
2.4000000000000004 241.9618661958879
2.6000000000000014 264.2188411411404
2.8000000000000007 288.97995685229535
3.0 316.86318634101525
3.200000000000001 348.4806976799613
3.4000000000000004 383.81835418720095
3.6000000000000014 422.0464533936288
3.8000000000000007 462.37588146537536
4.0 505.191504208638
Result sigma optimization:  -3.0 62.63224749552023
E_max_2 =  700
Cutoff Radius =  6.0
Selected Radial Transform =  2.0
factor =  0.4
displacement =  0.0
dataset =  datasets/gold.xyz
n_train =  5000
n_test =  2000
Train RMSE: 43.05828494096172 [Train MAE: 27.946510132153005]
Test RMSE: 64.61915285811995 [Test MAE: 38.27381581025674]
FINISHED at Wed Jan 11 05:21:56 CET 2023
