STARTING AT Wed Jan 11 04:31:09 CET 2023
Random seed: 1000
6 14
Reading dataset
Shuffling and extracting from dataset (length: 10000)
Shuffling and extraction done
Calculating power spectrum
Expansion coefficients done
Computing training kernel
     Calculating kernels for center species 1
     Calculating kernels for center species 1
Beginning first index add...
Beginning second index add...
     Calculating kernels for center species 6
     Calculating kernels for center species 6
Beginning first index add...
Beginning second index add...
Training kernel done
Computing test kernel
     Calculating kernels for center species 1
     Calculating kernels for center species 1
Beginning first index add...
Beginning second index add...
     Calculating kernels for center species 6
     Calculating kernels for center species 6
Beginning first index add...
Beginning second index add...
Test kernel done
Calculating composition features
Composition features done
-8.0 12.792218412990845
-7.8 12.018280425365507
-7.6 11.305305447185663
-7.4 10.70067232636493
-7.2 10.251945137422194
-7.0 9.993719973712377
-6.8 9.932948141452526
-6.6 10.03455413106326
-6.4 10.23268176238687
-6.2 10.463375277951556
-6.0 10.687352064042184
-5.8 10.89209665597813
-5.6 11.085162712739184
-5.4 11.285772088769376
-5.199999999999999 11.513134154408315
-5.0 11.776365992235107
-4.8 12.075237794005206
-4.6 12.408402875610664
-4.4 12.776534340537909
-4.199999999999999 13.176950964866386
-4.0 13.59866553449757
-3.8 14.026477503228486
-3.5999999999999996 14.45345278992298
-3.3999999999999995 14.895394526927117
-3.1999999999999993 15.401861278488587
-3.0 16.058174426774677
-2.8 16.969846905562793
-2.5999999999999996 18.22717081413613
-2.3999999999999995 19.864549164135145
-2.1999999999999993 21.834611653938087
-2.0 24.01463046858819
-1.7999999999999998 26.266960123431343
-1.5999999999999996 28.547265683575866
-1.3999999999999995 31.001500338694225
-1.1999999999999993 33.97532713685637
-1.0 37.868853961040564
-0.7999999999999998 42.846704745980766
-0.5999999999999996 48.61483685932336
-0.39999999999999947 54.51856726562488
-0.1999999999999993 59.893375880089216
0.0 64.35269431618897
0.20000000000000107 67.8364706694366
0.40000000000000036 70.48749520269888
0.5999999999999996 72.49930392556672
0.8000000000000007 74.02623995148593
1.0 75.16970983981874
1.200000000000001 76.00242678738601
1.4000000000000004 76.58875944760335
1.6000000000000014 76.98888443178105
1.8000000000000007 77.25511376700678
2.0 77.42887528769799
2.200000000000001 77.54060004326846
2.4000000000000004 77.61149658010842
2.6000000000000014 77.65586595264594
2.8000000000000007 77.68319080657066
3.0 77.69972434680206
3.200000000000001 77.70957066761258
3.4000000000000004 77.71537807665794
3.6000000000000014 77.71880042712175
3.8000000000000007 77.72083153438304
4.0 77.72205093991164
Result sigma optimization:  -6.8 9.932948141452526
E_max_2 =  400
Cutoff Radius =  6.0
Selected Radial Transform =  2.0
factor =  2.2
displacement =  0.0
dataset =  datasets/random-ch4-10k.extxyz
n_train =  5000
n_test =  2000
Train RMSE: 8.287110874988405 [Train MAE: 6.549687118009817]
Test RMSE: 10.495891404387507 [Test MAE: 7.060896989426052]
FINISHED at Wed Jan 11 04:42:03 CET 2023
