STARTING AT Wed Jan 11 04:23:06 CET 2023
Random seed: 1000
8 20
Reading dataset
Shuffling and extracting from dataset (length: 10000)
Shuffling and extraction done
Calculating power spectrum
Expansion coefficients done
Computing training kernel
     Calculating kernels for center species 1
     Calculating kernels for center species 1
Beginning first index add...
Beginning second index add...
     Calculating kernels for center species 6
     Calculating kernels for center species 6
Beginning first index add...
Beginning second index add...
Training kernel done
Computing test kernel
     Calculating kernels for center species 1
     Calculating kernels for center species 1
Beginning first index add...
Beginning second index add...
     Calculating kernels for center species 6
     Calculating kernels for center species 6
Beginning first index add...
Beginning second index add...
Test kernel done
Calculating composition features
Composition features done
-8.0 7.836737594717469
-7.8 7.8326133447980295
-7.6 7.826175622496625
-7.4 7.816211138968894
-7.2 7.800982938250923
-7.0 7.778142300929842
-6.8 7.744781441920822
-6.6 7.697768186535545
-6.4 7.634444804123299
-6.2 7.553537023324196
-6.0 7.4558087346235435
-5.8 7.343952247138691
-5.6 7.221631548970814
-5.4 7.0921880425094646
-5.199999999999999 6.957766251667827
-5.0 6.819332116158486
-4.8 6.6774599763865785
-4.6 6.533275699720812
-4.4 6.388904991284187
-4.199999999999999 6.2472761718556695
-4.0 6.111786097107195
-3.8 5.986290814991048
-3.5999999999999996 5.8751251038425325
-3.3999999999999995 5.782831326510928
-3.1999999999999993 5.714144284957039
-3.0 5.6747855716067495
-2.8 5.672578356513935
-2.5999999999999996 5.717925994586693
-2.3999999999999995 5.823275172834757
-2.1999999999999993 6.001740532120561
-2.0 6.264975563321969
-1.7999999999999998 6.619925472416536
-1.5999999999999996 7.064352133044259
-1.3999999999999995 7.583584246942344
-1.1999999999999993 8.153384151972709
-1.0 8.750033396295818
-0.7999999999999998 9.361916687146733
-0.5999999999999996 9.997790170328443
-0.39999999999999947 10.692898021949526
-0.1999999999999993 11.514256748391613
0.0 12.562375948071505
0.20000000000000107 13.964778636605232
0.40000000000000036 15.856174440345486
0.5999999999999996 18.342514700025987
0.8000000000000007 21.462133932255462
1.0 25.176121208168
1.200000000000001 29.402072959440748
1.4000000000000004 34.05811379293237
1.6000000000000014 39.0678936461692
1.8000000000000007 44.31926895575984
2.0 49.6292549727063
2.200000000000001 54.764235930762865
2.4000000000000004 59.499914553643414
2.6000000000000014 63.67357353408267
2.8000000000000007 67.20269577335354
3.0 70.07404730968881
3.200000000000001 72.32221153306801
3.4000000000000004 74.01354645279146
3.6000000000000014 75.23615454227095
3.8000000000000007 76.08826427111059
4.0 76.66439738542246
Result sigma optimization:  -2.8 5.672578356513935
E_max_2 =  700
Cutoff Radius =  6.0
Selected Radial Transform =  2.0
factor =  0.4
displacement =  0.0
dataset =  datasets/random-ch4-10k.extxyz
n_train =  5000
n_test =  2000
Train RMSE: 3.273150508607482 [Train MAE: 2.4990421898720934]
Test RMSE: 5.380216590095285 [Test MAE: 3.6316583902499695]
FINISHED at Wed Jan 11 04:26:05 CET 2023
